[run] family=vlm_adapter
[run] variant=BAYESADAPTER
[run] protocol=id
[run] dataset=ucf101
[run] model=clip-base
[run] shots_per_class=16
[run] seed=2
[run] device=cuda
[run] run_dir=/root/autodl-tmp/BayesVLM/output/vlm_adapter/id/ucf101/BAYESADAPTER/BAYESADAPTER/logit_scale_frozen/prior_text_only__seed_2__last/shot_16/seed_2
[run] optimizer=sgd
[run] lr_scheduler=cosine
[run] model_selection=last
[note] pseudo_data_count=None retained only for explicit config parity.
[note] bayesadapter_covariance_mode=paper_scalar
[note] bayesadapter_text_only_run_dir=./output/text_only_bayes_coop_bayes/id/ucf101/logit_scale_frozen/shot_16/seed_2
[note] bayesadapter_text_only_ckpt=last
===== train =====
num_classes: 101
  0 | Apply_Eye_Makeup          | 16
  1 | Apply_Lipstick            | 16
  2 | Archery                   | 16
  3 | Baby_Crawling             | 16
  4 | Balance_Beam              | 16
  5 | Band_Marching             | 16
  6 | Baseball_Pitch            | 16
  7 | Basketball                | 16
  8 | Basketball_Dunk           | 16
  9 | Bench_Press               | 16
 10 | Biking                    | 16
 11 | Billiards                 | 16
 12 | Blow_Dry_Hair             | 16
 13 | Blowing_Candles           | 16
 14 | Body_Weight_Squats        | 16
 15 | Bowling                   | 16
 16 | Boxing_Punching_Bag       | 16
 17 | Boxing_Speed_Bag          | 16
 18 | Breast_Stroke             | 16
 19 | Brushing_Teeth            | 16
 20 | Clean_And_Jerk            | 16
 21 | Cliff_Diving              | 16
 22 | Cricket_Bowling           | 16
 23 | Cricket_Shot              | 16
 24 | Cutting_In_Kitchen        | 16
 25 | Diving                    | 16
 26 | Drumming                  | 16
 27 | Fencing                   | 16
 28 | Field_Hockey_Penalty      | 16
 29 | Floor_Gymnastics          | 16
 30 | Frisbee_Catch             | 16
 31 | Front_Crawl               | 16
 32 | Golf_Swing                | 16
 33 | Haircut                   | 16
 34 | Hammering                 | 16
 35 | Hammer_Throw              | 16
 36 | Handstand_Pushups         | 16
 37 | Handstand_Walking         | 16
 38 | Head_Massage              | 16
 39 | High_Jump                 | 16
 40 | Horse_Race                | 16
 41 | Horse_Riding              | 16
 42 | Hula_Hoop                 | 16
 43 | Ice_Dancing               | 16
 44 | Javelin_Throw             | 16
 45 | Juggling_Balls            | 16
 46 | Jumping_Jack              | 16
 47 | Jump_Rope                 | 16
 48 | Kayaking                  | 16
 49 | Knitting                  | 16
 50 | Long_Jump                 | 16
 51 | Lunges                    | 16
 52 | Military_Parade           | 16
 53 | Mixing                    | 16
 54 | Mopping_Floor             | 16
 55 | Nunchucks                 | 16
 56 | Parallel_Bars             | 16
 57 | Pizza_Tossing             | 16
 58 | Playing_Cello             | 16
 59 | Playing_Daf               | 16
 60 | Playing_Dhol              | 16
 61 | Playing_Flute             | 16
 62 | Playing_Guitar            | 16
 63 | Playing_Piano             | 16
 64 | Playing_Sitar             | 16
 65 | Playing_Tabla             | 16
 66 | Playing_Violin            | 16
 67 | Pole_Vault                | 16
 68 | Pommel_Horse              | 16
 69 | Pull_Ups                  | 16
 70 | Punch                     | 16
 71 | Push_Ups                  | 16
 72 | Rafting                   | 16
 73 | Rock_Climbing_Indoor      | 16
 74 | Rope_Climbing             | 16
 75 | Rowing                    | 16
 76 | Salsa_Spin                | 16
 77 | Shaving_Beard             | 16
 78 | Shotput                   | 16
 79 | Skate_Boarding            | 16
 80 | Skiing                    | 16
 81 | Skijet                    | 16
 82 | Sky_Diving                | 16
 83 | Soccer_Juggling           | 16
 84 | Soccer_Penalty            | 16
 85 | Still_Rings               | 16
 86 | Sumo_Wrestling            | 16
 87 | Surfing                   | 16
 88 | Swing                     | 16
 89 | Table_Tennis_Shot         | 16
 90 | Tai_Chi                   | 16
 91 | Tennis_Swing              | 16
 92 | Throw_Discus              | 16
 93 | Trampoline_Jumping        | 16
 94 | Typing                    | 16
 95 | Uneven_Bars               | 16
 96 | Volleyball_Spiking        | 16
 97 | Walking_With_Dog          | 16
 98 | Wall_Pushups              | 16
 99 | Writing_On_Board          | 16
100 | Yo_Yo                     | 16
===== test =====
num_classes: 101
  0 | Apply_Eye_Makeup          | 44
  1 | Apply_Lipstick            | 32
  2 | Archery                   | 41
  3 | Baby_Crawling             | 35
  4 | Balance_Beam              | 31
  5 | Band_Marching             | 43
  6 | Baseball_Pitch            | 43
  7 | Basketball                | 35
  8 | Basketball_Dunk           | 37
  9 | Bench_Press               | 48
 10 | Biking                    | 38
 11 | Billiards                 | 40
 12 | Blow_Dry_Hair             | 38
 13 | Blowing_Candles           | 33
 14 | Body_Weight_Squats        | 30
 15 | Bowling                   | 43
 16 | Boxing_Punching_Bag       | 49
 17 | Boxing_Speed_Bag          | 37
 18 | Breast_Stroke             | 28
 19 | Brushing_Teeth            | 36
 20 | Clean_And_Jerk            | 33
 21 | Cliff_Diving              | 39
 22 | Cricket_Bowling           | 36
 23 | Cricket_Shot              | 49
 24 | Cutting_In_Kitchen        | 33
 25 | Diving                    | 45
 26 | Drumming                  | 45
 27 | Fencing                   | 34
 28 | Field_Hockey_Penalty      | 40
 29 | Floor_Gymnastics          | 36
 30 | Frisbee_Catch             | 37
 31 | Front_Crawl               | 37
 32 | Golf_Swing                | 39
 33 | Haircut                   | 33
 34 | Hammering                 | 33
 35 | Hammer_Throw              | 45
 36 | Handstand_Pushups         | 28
 37 | Handstand_Walking         | 34
 38 | Head_Massage              | 41
 39 | High_Jump                 | 37
 40 | Horse_Race                | 35
 41 | Horse_Riding              | 49
 42 | Hula_Hoop                 | 34
 43 | Ice_Dancing               | 46
 44 | Javelin_Throw             | 31
 45 | Juggling_Balls            | 40
 46 | Jumping_Jack              | 37
 47 | Jump_Rope                 | 38
 48 | Kayaking                  | 36
 49 | Knitting                  | 34
 50 | Long_Jump                 | 39
 51 | Lunges                    | 37
 52 | Military_Parade           | 33
 53 | Mixing                    | 45
 54 | Mopping_Floor             | 34
 55 | Nunchucks                 | 35
 56 | Parallel_Bars             | 37
 57 | Pizza_Tossing             | 33
 58 | Playing_Cello             | 44
 59 | Playing_Daf               | 41
 60 | Playing_Dhol              | 49
 61 | Playing_Flute             | 48
 62 | Playing_Guitar            | 43
 63 | Playing_Piano             | 28
 64 | Playing_Sitar             | 44
 65 | Playing_Tabla             | 31
 66 | Playing_Violin            | 28
 67 | Pole_Vault                | 40
 68 | Pommel_Horse              | 35
 69 | Pull_Ups                  | 28
 70 | Punch                     | 39
 71 | Push_Ups                  | 30
 72 | Rafting                   | 28
 73 | Rock_Climbing_Indoor      | 41
 74 | Rope_Climbing             | 34
 75 | Rowing                    | 36
 76 | Salsa_Spin                | 43
 77 | Shaving_Beard             | 43
 78 | Shotput                   | 46
 79 | Skate_Boarding            | 32
 80 | Skiing                    | 40
 81 | Skijet                    | 28
 82 | Sky_Diving                | 31
 83 | Soccer_Juggling           | 39
 84 | Soccer_Penalty            | 41
 85 | Still_Rings               | 32
 86 | Sumo_Wrestling            | 34
 87 | Surfing                   | 33
 88 | Swing                     | 42
 89 | Table_Tennis_Shot         | 39
 90 | Tai_Chi                   | 28
 91 | Tennis_Swing              | 49
 92 | Throw_Discus              | 38
 93 | Trampoline_Jumping        | 32
 94 | Typing                    | 43
 95 | Uneven_Bars               | 28
 96 | Volleyball_Spiking        | 35
 97 | Walking_With_Dog          | 36
 98 | Wall_Pushups              | 35
 99 | Writing_On_Board          | 45
100 | Yo_Yo                     | 36
[load_model] 使用本地模型目录：/root/autodl-tmp/BayesVLM/models/clip-vit-b32
[cache] dataset=ucf101 split=id_train cache_dir=/root/autodl-tmp/BayesVLM/cache/image_features/ucf101/model_clip-base/weights__root_autodl-tmp_BayesVLM_models_clip-vit-b32/imgsz_224/tfm_cf4d0ebdf93a/id_train
[cache] manifest 不匹配，准备重建。
[cache] manifest_diff_keys=['sample_keys_sha256']
[cache]   sample_keys_sha256: current=6bc1b346baf1dd605538d33c1552f32ad718c0323d3273d9bff8644ca3949021 | expected=04fc3c94f803c62751dcb329d7db316682214ff1e6d55fe2a366d780230acd81
  0%|          | 0/7 [00:00<?, ?it/s] 14%|#4        | 1/7 [00:01<00:07,  1.22s/it] 43%|####2     | 3/7 [00:01<00:01,  2.65it/s] 71%|#######1  | 5/7 [00:01<00:00,  4.43it/s]100%|##########| 7/7 [00:01<00:00,  6.53it/s]100%|##########| 7/7 [00:01<00:00,  4.22it/s]
[cache] 已完成重建并写入 manifest。
[cache] dataset=ucf101 split=id_train_eval cache_dir=/root/autodl-tmp/BayesVLM/cache/image_features/ucf101/model_clip-base/weights__root_autodl-tmp_BayesVLM_models_clip-vit-b32/imgsz_224/tfm_cf4d0ebdf93a/id_train_eval
[cache] manifest 不匹配，准备重建。
[cache] manifest_diff_keys=['sample_keys_sha256']
[cache]   sample_keys_sha256: current=6bc1b346baf1dd605538d33c1552f32ad718c0323d3273d9bff8644ca3949021 | expected=04fc3c94f803c62751dcb329d7db316682214ff1e6d55fe2a366d780230acd81
  0%|          | 0/7 [00:00<?, ?it/s] 14%|#4        | 1/7 [00:01<00:07,  1.22s/it] 43%|####2     | 3/7 [00:01<00:01,  2.64it/s] 71%|#######1  | 5/7 [00:01<00:00,  4.43it/s]100%|##########| 7/7 [00:01<00:00,  6.52it/s]100%|##########| 7/7 [00:01<00:00,  4.21it/s]
[cache] 已完成重建并写入 manifest。
[cache] dataset=ucf101 split=id_val cache_dir=/root/autodl-tmp/BayesVLM/cache/image_features/ucf101/model_clip-base/weights__root_autodl-tmp_BayesVLM_models_clip-vit-b32/imgsz_224/tfm_cf4d0ebdf93a/id_val
[cache] 命中缓存，直接加载。
[cache] dataset=ucf101 split=id_test cache_dir=/root/autodl-tmp/BayesVLM/cache/image_features/ucf101/model_clip-base/weights__root_autodl-tmp_BayesVLM_models_clip-vit-b32/imgsz_224/tfm_cf4d0ebdf93a/id_test
[cache] 命中缓存，直接加载。
[train] starting training loop ...
[eval] adapter_cls=BayesPaperAdapter
[eval] raw_logits_shape=(10, 256, 101)
[eval] reduced_logits_shape=(256, 101)
[Epoch 001] lr=0.099997 train_loss=1.3215 loss_reg=0.0000 val_acc=0.7002 val_nlpd=1.0683 val_ece=0.0501 kl_weight=0.000000 loss_kl_raw=58455.7461
[eval] adapter_cls=BayesPaperAdapter
[eval] raw_logits_shape=(10, 256, 101)
[eval] reduced_logits_shape=(256, 101)
[Epoch 002] lr=0.099989 train_loss=1.0320 loss_reg=0.0000 val_acc=0.7350 val_nlpd=0.9438 val_ece=0.0253 kl_weight=0.000000 loss_kl_raw=95599.6953
[eval] adapter_cls=BayesPaperAdapter
[eval] raw_logits_shape=(10, 256, 101)
[eval] reduced_logits_shape=(256, 101)
[Epoch 003] lr=0.099975 train_loss=0.8232 loss_reg=0.0000 val_acc=0.7508 val_nlpd=0.8349 val_ece=0.0235 kl_weight=0.000000 loss_kl_raw=142459.0781
[eval] adapter_cls=BayesPaperAdapter
[eval] raw_logits_shape=(10, 256, 101)
[eval] reduced_logits_shape=(256, 101)
[Epoch 004] lr=0.099956 train_loss=0.6735 loss_reg=0.0000 val_acc=0.7840 val_nlpd=0.7540 val_ece=0.0088 kl_weight=0.000000 loss_kl_raw=197824.0000
[eval] adapter_cls=BayesPaperAdapter
[eval] raw_logits_shape=(10, 256, 101)
[eval] reduced_logits_shape=(256, 101)
[Epoch 005] lr=0.099931 train_loss=0.5613 loss_reg=0.0001 val_acc=0.7982 val_nlpd=0.7062 val_ece=0.0203 kl_weight=0.000000 loss_kl_raw=259223.6250
[eval] adapter_cls=BayesPaperAdapter
[eval] raw_logits_shape=(10, 256, 101)
[eval] reduced_logits_shape=(256, 101)
[Epoch 006] lr=0.099901 train_loss=0.4823 loss_reg=0.0001 val_acc=0.8019 val_nlpd=0.6762 val_ece=0.0097 kl_weight=0.000000 loss_kl_raw=319953.4375
[eval] adapter_cls=BayesPaperAdapter
[eval] raw_logits_shape=(10, 256, 101)
[eval] reduced_logits_shape=(256, 101)
[Epoch 007] lr=0.099866 train_loss=0.4165 loss_reg=0.0001 val_acc=0.8145 val_nlpd=0.6457 val_ece=0.0166 kl_weight=0.000000 loss_kl_raw=381115.0312
[eval] adapter_cls=BayesPaperAdapter
[eval] raw_logits_shape=(10, 256, 101)
[eval] reduced_logits_shape=(256, 101)
[Epoch 008] lr=0.099825 train_loss=0.3640 loss_reg=0.0002 val_acc=0.8166 val_nlpd=0.6182 val_ece=0.0173 kl_weight=0.000000 loss_kl_raw=442442.2812
[eval] adapter_cls=BayesPaperAdapter
[eval] raw_logits_shape=(10, 256, 101)
[eval] reduced_logits_shape=(256, 101)
[Epoch 009] lr=0.099778 train_loss=0.3268 loss_reg=0.0002 val_acc=0.8198 val_nlpd=0.6064 val_ece=0.0209 kl_weight=0.000000 loss_kl_raw=502070.5625
[eval] adapter_cls=BayesPaperAdapter
[eval] raw_logits_shape=(10, 256, 101)
[eval] reduced_logits_shape=(256, 101)
[Epoch 010] lr=0.099726 train_loss=0.2934 loss_reg=0.0003 val_acc=0.8267 val_nlpd=0.5954 val_ece=0.0158 kl_weight=0.000000 loss_kl_raw=560720.5625
[eval] adapter_cls=BayesPaperAdapter
[eval] raw_logits_shape=(10, 256, 101)
[eval] reduced_logits_shape=(256, 101)
[Epoch 011] lr=0.099669 train_loss=0.2667 loss_reg=0.0004 val_acc=0.8303 val_nlpd=0.5868 val_ece=0.0196 kl_weight=0.000000 loss_kl_raw=616655.1875
[eval] adapter_cls=BayesPaperAdapter
[eval] raw_logits_shape=(10, 256, 101)
[eval] reduced_logits_shape=(256, 101)
[Epoch 012] lr=0.099606 train_loss=0.2463 loss_reg=0.0005 val_acc=0.8303 val_nlpd=0.5773 val_ece=0.0170 kl_weight=0.000000 loss_kl_raw=671673.3125
[eval] adapter_cls=BayesPaperAdapter
[eval] raw_logits_shape=(10, 256, 101)
[eval] reduced_logits_shape=(256, 101)
[Epoch 013] lr=0.099537 train_loss=0.2262 loss_reg=0.0005 val_acc=0.8325 val_nlpd=0.5617 val_ece=0.0141 kl_weight=0.000000 loss_kl_raw=723363.3125
[eval] adapter_cls=BayesPaperAdapter
[eval] raw_logits_shape=(10, 256, 101)
[eval] reduced_logits_shape=(256, 101)
[Epoch 014] lr=0.099464 train_loss=0.2052 loss_reg=0.0006 val_acc=0.8330 val_nlpd=0.5559 val_ece=0.0140 kl_weight=0.000000 loss_kl_raw=776366.0625
[eval] adapter_cls=BayesPaperAdapter
[eval] raw_logits_shape=(10, 256, 101)
[eval] reduced_logits_shape=(256, 101)
[Epoch 015] lr=0.099384 train_loss=0.1898 loss_reg=0.0007 val_acc=0.8335 val_nlpd=0.5498 val_ece=0.0151 kl_weight=0.000000 loss_kl_raw=827133.0000
[eval] adapter_cls=BayesPaperAdapter
[eval] raw_logits_shape=(10, 256, 101)
[eval] reduced_logits_shape=(256, 101)
[Epoch 016] lr=0.099300 train_loss=0.1762 loss_reg=0.0008 val_acc=0.8367 val_nlpd=0.5464 val_ece=0.0125 kl_weight=0.000000 loss_kl_raw=876017.2500
[eval] adapter_cls=BayesPaperAdapter
[eval] raw_logits_shape=(10, 256, 101)
[eval] reduced_logits_shape=(256, 101)
[Epoch 017] lr=0.099210 train_loss=0.1625 loss_reg=0.0009 val_acc=0.8398 val_nlpd=0.5368 val_ece=0.0147 kl_weight=0.000000 loss_kl_raw=921753.6875
[eval] adapter_cls=BayesPaperAdapter
[eval] raw_logits_shape=(10, 256, 101)
[eval] reduced_logits_shape=(256, 101)
[Epoch 018] lr=0.099114 train_loss=0.1522 loss_reg=0.0010 val_acc=0.8419 val_nlpd=0.5294 val_ece=0.0126 kl_weight=0.000000 loss_kl_raw=966771.3125
[eval] adapter_cls=BayesPaperAdapter
[eval] raw_logits_shape=(10, 256, 101)
[eval] reduced_logits_shape=(256, 101)
[Epoch 019] lr=0.099014 train_loss=0.1435 loss_reg=0.0011 val_acc=0.8388 val_nlpd=0.5238 val_ece=0.0145 kl_weight=0.000000 loss_kl_raw=1007952.1250
[eval] adapter_cls=BayesPaperAdapter
[eval] raw_logits_shape=(10, 256, 101)
[eval] reduced_logits_shape=(256, 101)
[Epoch 020] lr=0.098907 train_loss=0.1327 loss_reg=0.0013 val_acc=0.8430 val_nlpd=0.5215 val_ece=0.0113 kl_weight=0.000000 loss_kl_raw=1047275.8125
[eval] adapter_cls=BayesPaperAdapter
[eval] raw_logits_shape=(10, 256, 101)
[eval] reduced_logits_shape=(256, 101)
[Epoch 021] lr=0.098796 train_loss=0.1278 loss_reg=0.0014 val_acc=0.8488 val_nlpd=0.5181 val_ece=0.0158 kl_weight=0.000000 loss_kl_raw=1089304.2500
[eval] adapter_cls=BayesPaperAdapter
[eval] raw_logits_shape=(10, 256, 101)
[eval] reduced_logits_shape=(256, 101)
[Epoch 022] lr=0.098679 train_loss=0.1202 loss_reg=0.0015 val_acc=0.8493 val_nlpd=0.5139 val_ece=0.0103 kl_weight=0.000000 loss_kl_raw=1128869.1250
[eval] adapter_cls=BayesPaperAdapter
[eval] raw_logits_shape=(10, 256, 101)
[eval] reduced_logits_shape=(256, 101)
[Epoch 023] lr=0.098557 train_loss=0.1146 loss_reg=0.0016 val_acc=0.8483 val_nlpd=0.5092 val_ece=0.0153 kl_weight=0.000000 loss_kl_raw=1165518.1250
[eval] adapter_cls=BayesPaperAdapter
[eval] raw_logits_shape=(10, 256, 101)
[eval] reduced_logits_shape=(256, 101)
[Epoch 024] lr=0.098429 train_loss=0.1081 loss_reg=0.0018 val_acc=0.8488 val_nlpd=0.5070 val_ece=0.0117 kl_weight=0.000000 loss_kl_raw=1200555.0000
[eval] adapter_cls=BayesPaperAdapter
[eval] raw_logits_shape=(10, 256, 101)
[eval] reduced_logits_shape=(256, 101)
[Epoch 025] lr=0.098296 train_loss=0.1040 loss_reg=0.0019 val_acc=0.8493 val_nlpd=0.5060 val_ece=0.0141 kl_weight=0.000000 loss_kl_raw=1234062.1250
[eval] adapter_cls=BayesPaperAdapter
[eval] raw_logits_shape=(10, 256, 101)
[eval] reduced_logits_shape=(256, 101)
[Epoch 026] lr=0.098158 train_loss=0.1003 loss_reg=0.0020 val_acc=0.8477 val_nlpd=0.5043 val_ece=0.0118 kl_weight=0.000000 loss_kl_raw=1268175.3750
[eval] adapter_cls=BayesPaperAdapter
[eval] raw_logits_shape=(10, 256, 101)
[eval] reduced_logits_shape=(256, 101)
[Epoch 027] lr=0.098015 train_loss=0.0956 loss_reg=0.0022 val_acc=0.8488 val_nlpd=0.5029 val_ece=0.0157 kl_weight=0.000000 loss_kl_raw=1301126.2500
[eval] adapter_cls=BayesPaperAdapter
[eval] raw_logits_shape=(10, 256, 101)
[eval] reduced_logits_shape=(256, 101)
[Epoch 028] lr=0.097866 train_loss=0.0925 loss_reg=0.0023 val_acc=0.8504 val_nlpd=0.4979 val_ece=0.0160 kl_weight=0.000000 loss_kl_raw=1332685.8750
[eval] adapter_cls=BayesPaperAdapter
[eval] raw_logits_shape=(10, 256, 101)
[eval] reduced_logits_shape=(256, 101)
[Epoch 029] lr=0.097712 train_loss=0.0882 loss_reg=0.0024 val_acc=0.8530 val_nlpd=0.4948 val_ece=0.0144 kl_weight=0.000000 loss_kl_raw=1362653.1250
[eval] adapter_cls=BayesPaperAdapter
[eval] raw_logits_shape=(10, 256, 101)
[eval] reduced_logits_shape=(256, 101)
[Epoch 030] lr=0.097553 train_loss=0.0851 loss_reg=0.0026 val_acc=0.8509 val_nlpd=0.4938 val_ece=0.0153 kl_weight=0.000000 loss_kl_raw=1390981.7500
[eval] adapter_cls=BayesPaperAdapter
[eval] raw_logits_shape=(10, 256, 101)
[eval] reduced_logits_shape=(256, 101)
[Epoch 031] lr=0.097388 train_loss=0.0826 loss_reg=0.0027 val_acc=0.8551 val_nlpd=0.4923 val_ece=0.0130 kl_weight=0.000000 loss_kl_raw=1418958.0000
[eval] adapter_cls=BayesPaperAdapter
[eval] raw_logits_shape=(10, 256, 101)
[eval] reduced_logits_shape=(256, 101)
[Epoch 032] lr=0.097219 train_loss=0.0797 loss_reg=0.0029 val_acc=0.8535 val_nlpd=0.4898 val_ece=0.0144 kl_weight=0.000000 loss_kl_raw=1447422.1250
[eval] adapter_cls=BayesPaperAdapter
[eval] raw_logits_shape=(10, 256, 101)
[eval] reduced_logits_shape=(256, 101)
[Epoch 033] lr=0.097044 train_loss=0.0776 loss_reg=0.0030 val_acc=0.8551 val_nlpd=0.4867 val_ece=0.0118 kl_weight=0.000000 loss_kl_raw=1474893.8750
[eval] adapter_cls=BayesPaperAdapter
[eval] raw_logits_shape=(10, 256, 101)
[eval] reduced_logits_shape=(256, 101)
[Epoch 034] lr=0.096864 train_loss=0.0751 loss_reg=0.0032 val_acc=0.8562 val_nlpd=0.4854 val_ece=0.0134 kl_weight=0.000000 loss_kl_raw=1500856.6250
[eval] adapter_cls=BayesPaperAdapter
[eval] raw_logits_shape=(10, 256, 101)
[eval] reduced_logits_shape=(256, 101)
[Epoch 035] lr=0.096679 train_loss=0.0736 loss_reg=0.0033 val_acc=0.8577 val_nlpd=0.4860 val_ece=0.0144 kl_weight=0.000000 loss_kl_raw=1526450.6250
[eval] adapter_cls=BayesPaperAdapter
[eval] raw_logits_shape=(10, 256, 101)
[eval] reduced_logits_shape=(256, 101)
[Epoch 036] lr=0.096489 train_loss=0.0714 loss_reg=0.0035 val_acc=0.8562 val_nlpd=0.4849 val_ece=0.0135 kl_weight=0.000000 loss_kl_raw=1550790.5000
[eval] adapter_cls=BayesPaperAdapter
[eval] raw_logits_shape=(10, 256, 101)
[eval] reduced_logits_shape=(256, 101)
[Epoch 037] lr=0.096294 train_loss=0.0695 loss_reg=0.0036 val_acc=0.8567 val_nlpd=0.4818 val_ece=0.0148 kl_weight=0.000000 loss_kl_raw=1575219.3750
[eval] adapter_cls=BayesPaperAdapter
[eval] raw_logits_shape=(10, 256, 101)
[eval] reduced_logits_shape=(256, 101)
[Epoch 038] lr=0.096093 train_loss=0.0675 loss_reg=0.0038 val_acc=0.8562 val_nlpd=0.4783 val_ece=0.0125 kl_weight=0.000000 loss_kl_raw=1597759.7500
[eval] adapter_cls=BayesPaperAdapter
[eval] raw_logits_shape=(10, 256, 101)
[eval] reduced_logits_shape=(256, 101)
[Epoch 039] lr=0.095888 train_loss=0.0665 loss_reg=0.0039 val_acc=0.8556 val_nlpd=0.4793 val_ece=0.0171 kl_weight=0.000000 loss_kl_raw=1619542.3750
[eval] adapter_cls=BayesPaperAdapter
[eval] raw_logits_shape=(10, 256, 101)
[eval] reduced_logits_shape=(256, 101)
[Epoch 040] lr=0.095677 train_loss=0.0646 loss_reg=0.0041 val_acc=0.8567 val_nlpd=0.4793 val_ece=0.0150 kl_weight=0.000000 loss_kl_raw=1641007.2500
[eval] adapter_cls=BayesPaperAdapter
[eval] raw_logits_shape=(10, 256, 101)
[eval] reduced_logits_shape=(256, 101)
[Epoch 041] lr=0.095462 train_loss=0.0638 loss_reg=0.0043 val_acc=0.8572 val_nlpd=0.4769 val_ece=0.0148 kl_weight=0.000000 loss_kl_raw=1662473.0000
[eval] adapter_cls=BayesPaperAdapter
[eval] raw_logits_shape=(10, 256, 101)
[eval] reduced_logits_shape=(256, 101)
[Epoch 042] lr=0.095241 train_loss=0.0625 loss_reg=0.0044 val_acc=0.8609 val_nlpd=0.4736 val_ece=0.0109 kl_weight=0.000000 loss_kl_raw=1683016.8750
[eval] adapter_cls=BayesPaperAdapter
[eval] raw_logits_shape=(10, 256, 101)
[eval] reduced_logits_shape=(256, 101)
[Epoch 043] lr=0.095016 train_loss=0.0612 loss_reg=0.0046 val_acc=0.8599 val_nlpd=0.4742 val_ece=0.0163 kl_weight=0.000000 loss_kl_raw=1703588.5000
[eval] adapter_cls=BayesPaperAdapter
[eval] raw_logits_shape=(10, 256, 101)
[eval] reduced_logits_shape=(256, 101)
[Epoch 044] lr=0.094786 train_loss=0.0601 loss_reg=0.0048 val_acc=0.8609 val_nlpd=0.4745 val_ece=0.0131 kl_weight=0.000000 loss_kl_raw=1723760.7500
[eval] adapter_cls=BayesPaperAdapter
[eval] raw_logits_shape=(10, 256, 101)
[eval] reduced_logits_shape=(256, 101)
[Epoch 045] lr=0.094550 train_loss=0.0590 loss_reg=0.0049 val_acc=0.8609 val_nlpd=0.4732 val_ece=0.0152 kl_weight=0.000000 loss_kl_raw=1743363.0000
[eval] adapter_cls=BayesPaperAdapter
[eval] raw_logits_shape=(10, 256, 101)
[eval] reduced_logits_shape=(256, 101)
[Epoch 046] lr=0.094310 train_loss=0.0583 loss_reg=0.0051 val_acc=0.8593 val_nlpd=0.4730 val_ece=0.0130 kl_weight=0.000000 loss_kl_raw=1762248.8750
[eval] adapter_cls=BayesPaperAdapter
[eval] raw_logits_shape=(10, 256, 101)
[eval] reduced_logits_shape=(256, 101)
[Epoch 047] lr=0.094065 train_loss=0.0574 loss_reg=0.0053 val_acc=0.8609 val_nlpd=0.4709 val_ece=0.0129 kl_weight=0.000000 loss_kl_raw=1781022.3750
[eval] adapter_cls=BayesPaperAdapter
[eval] raw_logits_shape=(10, 256, 101)
[eval] reduced_logits_shape=(256, 101)
[Epoch 048] lr=0.093815 train_loss=0.0562 loss_reg=0.0054 val_acc=0.8630 val_nlpd=0.4696 val_ece=0.0152 kl_weight=0.000000 loss_kl_raw=1799465.1250
[eval] adapter_cls=BayesPaperAdapter
[eval] raw_logits_shape=(10, 256, 101)
[eval] reduced_logits_shape=(256, 101)
[Epoch 049] lr=0.093561 train_loss=0.0555 loss_reg=0.0056 val_acc=0.8604 val_nlpd=0.4689 val_ece=0.0150 kl_weight=0.000000 loss_kl_raw=1817526.8750
[eval] adapter_cls=BayesPaperAdapter
[eval] raw_logits_shape=(10, 256, 101)
[eval] reduced_logits_shape=(256, 101)
[Epoch 050] lr=0.093301 train_loss=0.0547 loss_reg=0.0058 val_acc=0.8614 val_nlpd=0.4669 val_ece=0.0152 kl_weight=0.000000 loss_kl_raw=1835096.8750
[eval] adapter_cls=BayesPaperAdapter
[eval] raw_logits_shape=(10, 256, 101)
[eval] reduced_logits_shape=(256, 101)
[Epoch 051] lr=0.093037 train_loss=0.0540 loss_reg=0.0059 val_acc=0.8620 val_nlpd=0.4668 val_ece=0.0142 kl_weight=0.000000 loss_kl_raw=1852222.8750
[eval] adapter_cls=BayesPaperAdapter
[eval] raw_logits_shape=(10, 256, 101)
[eval] reduced_logits_shape=(256, 101)
[Epoch 052] lr=0.092768 train_loss=0.0535 loss_reg=0.0061 val_acc=0.8620 val_nlpd=0.4671 val_ece=0.0154 kl_weight=0.000000 loss_kl_raw=1869137.6250
[eval] adapter_cls=BayesPaperAdapter
[eval] raw_logits_shape=(10, 256, 101)
[eval] reduced_logits_shape=(256, 101)
[Epoch 053] lr=0.092495 train_loss=0.0530 loss_reg=0.0063 val_acc=0.8625 val_nlpd=0.4657 val_ece=0.0153 kl_weight=0.000000 loss_kl_raw=1885634.5000
[eval] adapter_cls=BayesPaperAdapter
[eval] raw_logits_shape=(10, 256, 101)
[eval] reduced_logits_shape=(256, 101)
[Epoch 054] lr=0.092216 train_loss=0.0522 loss_reg=0.0065 val_acc=0.8641 val_nlpd=0.4654 val_ece=0.0148 kl_weight=0.000000 loss_kl_raw=1901573.5000
[eval] adapter_cls=BayesPaperAdapter
[eval] raw_logits_shape=(10, 256, 101)
[eval] reduced_logits_shape=(256, 101)
[Epoch 055] lr=0.091934 train_loss=0.0515 loss_reg=0.0066 val_acc=0.8641 val_nlpd=0.4657 val_ece=0.0121 kl_weight=0.000000 loss_kl_raw=1917494.7500
[eval] adapter_cls=BayesPaperAdapter
[eval] raw_logits_shape=(10, 256, 101)
[eval] reduced_logits_shape=(256, 101)
[Epoch 056] lr=0.091646 train_loss=0.0511 loss_reg=0.0068 val_acc=0.8641 val_nlpd=0.4642 val_ece=0.0121 kl_weight=0.000000 loss_kl_raw=1932804.3750
[eval] adapter_cls=BayesPaperAdapter
[eval] raw_logits_shape=(10, 256, 101)
[eval] reduced_logits_shape=(256, 101)
[Epoch 057] lr=0.091354 train_loss=0.0506 loss_reg=0.0070 val_acc=0.8651 val_nlpd=0.4634 val_ece=0.0069 kl_weight=0.000000 loss_kl_raw=1948374.1250
[eval] adapter_cls=BayesPaperAdapter
[eval] raw_logits_shape=(10, 256, 101)
[eval] reduced_logits_shape=(256, 101)
[Epoch 058] lr=0.091057 train_loss=0.0499 loss_reg=0.0072 val_acc=0.8656 val_nlpd=0.4626 val_ece=0.0117 kl_weight=0.000000 loss_kl_raw=1962804.6250
[eval] adapter_cls=BayesPaperAdapter
[eval] raw_logits_shape=(10, 256, 101)
[eval] reduced_logits_shape=(256, 101)
[Epoch 059] lr=0.090756 train_loss=0.0497 loss_reg=0.0074 val_acc=0.8641 val_nlpd=0.4618 val_ece=0.0142 kl_weight=0.000000 loss_kl_raw=1977119.0000
[eval] adapter_cls=BayesPaperAdapter
[eval] raw_logits_shape=(10, 256, 101)
[eval] reduced_logits_shape=(256, 101)
[Epoch 060] lr=0.090451 train_loss=0.0493 loss_reg=0.0075 val_acc=0.8646 val_nlpd=0.4603 val_ece=0.0149 kl_weight=0.000000 loss_kl_raw=1991307.1250
[eval] adapter_cls=BayesPaperAdapter
[eval] raw_logits_shape=(10, 256, 101)
[eval] reduced_logits_shape=(256, 101)
[Epoch 061] lr=0.090141 train_loss=0.0486 loss_reg=0.0077 val_acc=0.8651 val_nlpd=0.4613 val_ece=0.0150 kl_weight=0.000000 loss_kl_raw=2005478.1250
[eval] adapter_cls=BayesPaperAdapter
[eval] raw_logits_shape=(10, 256, 101)
[eval] reduced_logits_shape=(256, 101)
[Epoch 062] lr=0.089826 train_loss=0.0484 loss_reg=0.0079 val_acc=0.8656 val_nlpd=0.4617 val_ece=0.0147 kl_weight=0.000000 loss_kl_raw=2018927.7500
[eval] adapter_cls=BayesPaperAdapter
[eval] raw_logits_shape=(10, 256, 101)
[eval] reduced_logits_shape=(256, 101)
[Epoch 063] lr=0.089508 train_loss=0.0480 loss_reg=0.0081 val_acc=0.8662 val_nlpd=0.4598 val_ece=0.0122 kl_weight=0.000000 loss_kl_raw=2032119.5000
[eval] adapter_cls=BayesPaperAdapter
[eval] raw_logits_shape=(10, 256, 101)
[eval] reduced_logits_shape=(256, 101)
[Epoch 064] lr=0.089185 train_loss=0.0475 loss_reg=0.0083 val_acc=0.8656 val_nlpd=0.4587 val_ece=0.0127 kl_weight=0.000000 loss_kl_raw=2045155.6250
[eval] adapter_cls=BayesPaperAdapter
[eval] raw_logits_shape=(10, 256, 101)
[eval] reduced_logits_shape=(256, 101)
[Epoch 065] lr=0.088857 train_loss=0.0473 loss_reg=0.0085 val_acc=0.8683 val_nlpd=0.4591 val_ece=0.0172 kl_weight=0.000000 loss_kl_raw=2058203.5000
[eval] adapter_cls=BayesPaperAdapter
[eval] raw_logits_shape=(10, 256, 101)
[eval] reduced_logits_shape=(256, 101)
[Epoch 066] lr=0.088526 train_loss=0.0469 loss_reg=0.0087 val_acc=0.8678 val_nlpd=0.4589 val_ece=0.0101 kl_weight=0.000000 loss_kl_raw=2070742.0000
[eval] adapter_cls=BayesPaperAdapter
[eval] raw_logits_shape=(10, 256, 101)
[eval] reduced_logits_shape=(256, 101)
[Epoch 067] lr=0.088190 train_loss=0.0468 loss_reg=0.0088 val_acc=0.8667 val_nlpd=0.4575 val_ece=0.0123 kl_weight=0.000000 loss_kl_raw=2083321.8750
[eval] adapter_cls=BayesPaperAdapter
[eval] raw_logits_shape=(10, 256, 101)
[eval] reduced_logits_shape=(256, 101)
[Epoch 068] lr=0.087850 train_loss=0.0465 loss_reg=0.0090 val_acc=0.8683 val_nlpd=0.4579 val_ece=0.0097 kl_weight=0.000000 loss_kl_raw=2095433.6250
[eval] adapter_cls=BayesPaperAdapter
[eval] raw_logits_shape=(10, 256, 101)
[eval] reduced_logits_shape=(256, 101)
[Epoch 069] lr=0.087506 train_loss=0.0461 loss_reg=0.0092 val_acc=0.8688 val_nlpd=0.4554 val_ece=0.0114 kl_weight=0.000000 loss_kl_raw=2107041.7500
[eval] adapter_cls=BayesPaperAdapter
[eval] raw_logits_shape=(10, 256, 101)
[eval] reduced_logits_shape=(256, 101)
[Epoch 070] lr=0.087157 train_loss=0.0458 loss_reg=0.0094 val_acc=0.8667 val_nlpd=0.4557 val_ece=0.0126 kl_weight=0.000000 loss_kl_raw=2119019.0000
[eval] adapter_cls=BayesPaperAdapter
[eval] raw_logits_shape=(10, 256, 101)
[eval] reduced_logits_shape=(256, 101)
[Epoch 071] lr=0.086805 train_loss=0.0458 loss_reg=0.0096 val_acc=0.8678 val_nlpd=0.4555 val_ece=0.0134 kl_weight=0.000000 loss_kl_raw=2130728.5000
[eval] adapter_cls=BayesPaperAdapter
[eval] raw_logits_shape=(10, 256, 101)
[eval] reduced_logits_shape=(256, 101)
[Epoch 072] lr=0.086448 train_loss=0.0454 loss_reg=0.0098 val_acc=0.8699 val_nlpd=0.4561 val_ece=0.0142 kl_weight=0.000000 loss_kl_raw=2141970.5000
[eval] adapter_cls=BayesPaperAdapter
[eval] raw_logits_shape=(10, 256, 101)
[eval] reduced_logits_shape=(256, 101)
[Epoch 073] lr=0.086088 train_loss=0.0451 loss_reg=0.0100 val_acc=0.8693 val_nlpd=0.4555 val_ece=0.0172 kl_weight=0.000000 loss_kl_raw=2152755.2500
[eval] adapter_cls=BayesPaperAdapter
[eval] raw_logits_shape=(10, 256, 101)
[eval] reduced_logits_shape=(256, 101)
[Epoch 074] lr=0.085724 train_loss=0.0450 loss_reg=0.0102 val_acc=0.8699 val_nlpd=0.4564 val_ece=0.0143 kl_weight=0.000000 loss_kl_raw=2163428.0000
[eval] adapter_cls=BayesPaperAdapter
[eval] raw_logits_shape=(10, 256, 101)
[eval] reduced_logits_shape=(256, 101)
[Epoch 075] lr=0.085355 train_loss=0.0450 loss_reg=0.0103 val_acc=0.8688 val_nlpd=0.4555 val_ece=0.0163 kl_weight=0.000000 loss_kl_raw=2174298.5000
[eval] adapter_cls=BayesPaperAdapter
[eval] raw_logits_shape=(10, 256, 101)
[eval] reduced_logits_shape=(256, 101)
[Epoch 076] lr=0.084983 train_loss=0.0444 loss_reg=0.0105 val_acc=0.8699 val_nlpd=0.4565 val_ece=0.0089 kl_weight=0.000000 loss_kl_raw=2184890.0000
[eval] adapter_cls=BayesPaperAdapter
[eval] raw_logits_shape=(10, 256, 101)
[eval] reduced_logits_shape=(256, 101)
[Epoch 077] lr=0.084607 train_loss=0.0444 loss_reg=0.0107 val_acc=0.8699 val_nlpd=0.4552 val_ece=0.0114 kl_weight=0.000000 loss_kl_raw=2195204.7500
[eval] adapter_cls=BayesPaperAdapter
[eval] raw_logits_shape=(10, 256, 101)
[eval] reduced_logits_shape=(256, 101)
[Epoch 078] lr=0.084227 train_loss=0.0446 loss_reg=0.0109 val_acc=0.8688 val_nlpd=0.4544 val_ece=0.0108 kl_weight=0.000000 loss_kl_raw=2205334.2500
[eval] adapter_cls=BayesPaperAdapter
[eval] raw_logits_shape=(10, 256, 101)
[eval] reduced_logits_shape=(256, 101)
[Epoch 079] lr=0.083844 train_loss=0.0442 loss_reg=0.0111 val_acc=0.8704 val_nlpd=0.4535 val_ece=0.0148 kl_weight=0.000000 loss_kl_raw=2215295.7500
[eval] adapter_cls=BayesPaperAdapter
[eval] raw_logits_shape=(10, 256, 101)
[eval] reduced_logits_shape=(256, 101)
[Epoch 080] lr=0.083457 train_loss=0.0443 loss_reg=0.0113 val_acc=0.8693 val_nlpd=0.4526 val_ece=0.0157 kl_weight=0.000000 loss_kl_raw=2225539.0000
[eval] adapter_cls=BayesPaperAdapter
[eval] raw_logits_shape=(10, 256, 101)
[eval] reduced_logits_shape=(256, 101)
[Epoch 081] lr=0.083066 train_loss=0.0442 loss_reg=0.0115 val_acc=0.8672 val_nlpd=0.4530 val_ece=0.0136 kl_weight=0.000000 loss_kl_raw=2235476.5000
[eval] adapter_cls=BayesPaperAdapter
[eval] raw_logits_shape=(10, 256, 101)
[eval] reduced_logits_shape=(256, 101)
[Epoch 082] lr=0.082671 train_loss=0.0439 loss_reg=0.0117 val_acc=0.8704 val_nlpd=0.4537 val_ece=0.0111 kl_weight=0.000000 loss_kl_raw=2244950.2500
[eval] adapter_cls=BayesPaperAdapter
[eval] raw_logits_shape=(10, 256, 101)
[eval] reduced_logits_shape=(256, 101)
[Epoch 083] lr=0.082273 train_loss=0.0438 loss_reg=0.0119 val_acc=0.8704 val_nlpd=0.4521 val_ece=0.0153 kl_weight=0.000000 loss_kl_raw=2254237.5000
[eval] adapter_cls=BayesPaperAdapter
[eval] raw_logits_shape=(10, 256, 101)
[eval] reduced_logits_shape=(256, 101)
[Epoch 084] lr=0.081871 train_loss=0.0438 loss_reg=0.0121 val_acc=0.8730 val_nlpd=0.4519 val_ece=0.0130 kl_weight=0.000000 loss_kl_raw=2263286.5000
[eval] adapter_cls=BayesPaperAdapter
[eval] raw_logits_shape=(10, 256, 101)
[eval] reduced_logits_shape=(256, 101)
[Epoch 085] lr=0.081466 train_loss=0.0438 loss_reg=0.0123 val_acc=0.8704 val_nlpd=0.4522 val_ece=0.0143 kl_weight=0.000000 loss_kl_raw=2272249.0000
[eval] adapter_cls=BayesPaperAdapter
[eval] raw_logits_shape=(10, 256, 101)
[eval] reduced_logits_shape=(256, 101)
[Epoch 086] lr=0.081057 train_loss=0.0438 loss_reg=0.0125 val_acc=0.8720 val_nlpd=0.4507 val_ece=0.0136 kl_weight=0.000000 loss_kl_raw=2281303.5000
[eval] adapter_cls=BayesPaperAdapter
[eval] raw_logits_shape=(10, 256, 101)
[eval] reduced_logits_shape=(256, 101)
[Epoch 087] lr=0.080645 train_loss=0.0437 loss_reg=0.0127 val_acc=0.8725 val_nlpd=0.4508 val_ece=0.0111 kl_weight=0.000000 loss_kl_raw=2289971.7500
[eval] adapter_cls=BayesPaperAdapter
[eval] raw_logits_shape=(10, 256, 101)
[eval] reduced_logits_shape=(256, 101)
[Epoch 088] lr=0.080230 train_loss=0.0436 loss_reg=0.0129 val_acc=0.8720 val_nlpd=0.4510 val_ece=0.0138 kl_weight=0.000000 loss_kl_raw=2298290.7500
[eval] adapter_cls=BayesPaperAdapter
[eval] raw_logits_shape=(10, 256, 101)
[eval] reduced_logits_shape=(256, 101)
[Epoch 089] lr=0.079811 train_loss=0.0434 loss_reg=0.0131 val_acc=0.8730 val_nlpd=0.4497 val_ece=0.0110 kl_weight=0.000000 loss_kl_raw=2306503.2500
[eval] adapter_cls=BayesPaperAdapter
[eval] raw_logits_shape=(10, 256, 101)
[eval] reduced_logits_shape=(256, 101)
[Epoch 090] lr=0.079389 train_loss=0.0433 loss_reg=0.0133 val_acc=0.8720 val_nlpd=0.4507 val_ece=0.0135 kl_weight=0.000000 loss_kl_raw=2314573.0000
[eval] adapter_cls=BayesPaperAdapter
[eval] raw_logits_shape=(10, 256, 101)
[eval] reduced_logits_shape=(256, 101)
[Epoch 091] lr=0.078964 train_loss=0.0435 loss_reg=0.0135 val_acc=0.8714 val_nlpd=0.4483 val_ece=0.0152 kl_weight=0.000000 loss_kl_raw=2322609.0000
[eval] adapter_cls=BayesPaperAdapter
[eval] raw_logits_shape=(10, 256, 101)
[eval] reduced_logits_shape=(256, 101)
[Epoch 092] lr=0.078536 train_loss=0.0435 loss_reg=0.0136 val_acc=0.8714 val_nlpd=0.4496 val_ece=0.0151 kl_weight=0.000000 loss_kl_raw=2330560.0000
[eval] adapter_cls=BayesPaperAdapter
[eval] raw_logits_shape=(10, 256, 101)
[eval] reduced_logits_shape=(256, 101)
[Epoch 093] lr=0.078104 train_loss=0.0433 loss_reg=0.0138 val_acc=0.8730 val_nlpd=0.4487 val_ece=0.0100 kl_weight=0.000000 loss_kl_raw=2338639.0000
[eval] adapter_cls=BayesPaperAdapter
[eval] raw_logits_shape=(10, 256, 101)
[eval] reduced_logits_shape=(256, 101)
[Epoch 094] lr=0.077670 train_loss=0.0433 loss_reg=0.0140 val_acc=0.8741 val_nlpd=0.4475 val_ece=0.0124 kl_weight=0.000000 loss_kl_raw=2346389.5000
[eval] adapter_cls=BayesPaperAdapter
[eval] raw_logits_shape=(10, 256, 101)
[eval] reduced_logits_shape=(256, 101)
[Epoch 095] lr=0.077232 train_loss=0.0433 loss_reg=0.0142 val_acc=0.8730 val_nlpd=0.4480 val_ece=0.0149 kl_weight=0.000000 loss_kl_raw=2353836.5000
[eval] adapter_cls=BayesPaperAdapter
[eval] raw_logits_shape=(10, 256, 101)
[eval] reduced_logits_shape=(256, 101)
[Epoch 096] lr=0.076791 train_loss=0.0433 loss_reg=0.0144 val_acc=0.8741 val_nlpd=0.4479 val_ece=0.0137 kl_weight=0.000000 loss_kl_raw=2361108.5000
[eval] adapter_cls=BayesPaperAdapter
[eval] raw_logits_shape=(10, 256, 101)
[eval] reduced_logits_shape=(256, 101)
[Epoch 097] lr=0.076348 train_loss=0.0433 loss_reg=0.0146 val_acc=0.8741 val_nlpd=0.4481 val_ece=0.0137 kl_weight=0.000000 loss_kl_raw=2368301.7500
[eval] adapter_cls=BayesPaperAdapter
[eval] raw_logits_shape=(10, 256, 101)
[eval] reduced_logits_shape=(256, 101)
[Epoch 098] lr=0.075901 train_loss=0.0433 loss_reg=0.0148 val_acc=0.8730 val_nlpd=0.4478 val_ece=0.0170 kl_weight=0.000000 loss_kl_raw=2375245.2500
[eval] adapter_cls=BayesPaperAdapter
[eval] raw_logits_shape=(10, 256, 101)
[eval] reduced_logits_shape=(256, 101)
[Epoch 099] lr=0.075452 train_loss=0.0433 loss_reg=0.0150 val_acc=0.8746 val_nlpd=0.4476 val_ece=0.0123 kl_weight=0.000000 loss_kl_raw=2381908.5000
[eval] adapter_cls=BayesPaperAdapter
[eval] raw_logits_shape=(10, 256, 101)
[eval] reduced_logits_shape=(256, 101)
[Epoch 100] lr=0.075000 train_loss=0.0434 loss_reg=0.0152 val_acc=0.8741 val_nlpd=0.4484 val_ece=0.0148 kl_weight=0.000000 loss_kl_raw=2388695.0000
[eval] adapter_cls=BayesPaperAdapter
[eval] raw_logits_shape=(10, 256, 101)
[eval] reduced_logits_shape=(256, 101)
[Epoch 101] lr=0.074545 train_loss=0.0435 loss_reg=0.0154 val_acc=0.8736 val_nlpd=0.4491 val_ece=0.0155 kl_weight=0.000000 loss_kl_raw=2395183.5000
[eval] adapter_cls=BayesPaperAdapter
[eval] raw_logits_shape=(10, 256, 101)
[eval] reduced_logits_shape=(256, 101)
[Epoch 102] lr=0.074088 train_loss=0.0434 loss_reg=0.0156 val_acc=0.8746 val_nlpd=0.4495 val_ece=0.0134 kl_weight=0.000000 loss_kl_raw=2401519.0000
[eval] adapter_cls=BayesPaperAdapter
[eval] raw_logits_shape=(10, 256, 101)
[eval] reduced_logits_shape=(256, 101)
[Epoch 103] lr=0.073628 train_loss=0.0435 loss_reg=0.0158 val_acc=0.8741 val_nlpd=0.4479 val_ece=0.0113 kl_weight=0.000000 loss_kl_raw=2407818.2500
[eval] adapter_cls=BayesPaperAdapter
[eval] raw_logits_shape=(10, 256, 101)
[eval] reduced_logits_shape=(256, 101)
[Epoch 104] lr=0.073165 train_loss=0.0437 loss_reg=0.0160 val_acc=0.8741 val_nlpd=0.4483 val_ece=0.0124 kl_weight=0.000000 loss_kl_raw=2414044.0000
[eval] adapter_cls=BayesPaperAdapter
[eval] raw_logits_shape=(10, 256, 101)
[eval] reduced_logits_shape=(256, 101)
[Epoch 105] lr=0.072700 train_loss=0.0436 loss_reg=0.0162 val_acc=0.8746 val_nlpd=0.4474 val_ece=0.0091 kl_weight=0.000000 loss_kl_raw=2420172.2500
[eval] adapter_cls=BayesPaperAdapter
[eval] raw_logits_shape=(10, 256, 101)
[eval] reduced_logits_shape=(256, 101)
[Epoch 106] lr=0.072232 train_loss=0.0435 loss_reg=0.0164 val_acc=0.8751 val_nlpd=0.4460 val_ece=0.0133 kl_weight=0.000000 loss_kl_raw=2426045.7500
[eval] adapter_cls=BayesPaperAdapter
[eval] raw_logits_shape=(10, 256, 101)
[eval] reduced_logits_shape=(256, 101)
[Epoch 107] lr=0.071762 train_loss=0.0438 loss_reg=0.0166 val_acc=0.8736 val_nlpd=0.4461 val_ece=0.0152 kl_weight=0.000000 loss_kl_raw=2432001.0000
[eval] adapter_cls=BayesPaperAdapter
[eval] raw_logits_shape=(10, 256, 101)
[eval] reduced_logits_shape=(256, 101)
[Epoch 108] lr=0.071289 train_loss=0.0438 loss_reg=0.0168 val_acc=0.8741 val_nlpd=0.4467 val_ece=0.0171 kl_weight=0.000000 loss_kl_raw=2437967.2500
[eval] adapter_cls=BayesPaperAdapter
[eval] raw_logits_shape=(10, 256, 101)
[eval] reduced_logits_shape=(256, 101)
[Epoch 109] lr=0.070814 train_loss=0.0437 loss_reg=0.0170 val_acc=0.8730 val_nlpd=0.4464 val_ece=0.0122 kl_weight=0.000000 loss_kl_raw=2443742.0000
[eval] adapter_cls=BayesPaperAdapter
[eval] raw_logits_shape=(10, 256, 101)
[eval] reduced_logits_shape=(256, 101)
[Epoch 110] lr=0.070337 train_loss=0.0436 loss_reg=0.0172 val_acc=0.8741 val_nlpd=0.4470 val_ece=0.0123 kl_weight=0.000000 loss_kl_raw=2449243.0000
[eval] adapter_cls=BayesPaperAdapter
[eval] raw_logits_shape=(10, 256, 101)
[eval] reduced_logits_shape=(256, 101)
[Epoch 111] lr=0.069857 train_loss=0.0439 loss_reg=0.0174 val_acc=0.8741 val_nlpd=0.4467 val_ece=0.0102 kl_weight=0.000000 loss_kl_raw=2455217.0000
[eval] adapter_cls=BayesPaperAdapter
[eval] raw_logits_shape=(10, 256, 101)
[eval] reduced_logits_shape=(256, 101)
[Epoch 112] lr=0.069376 train_loss=0.0439 loss_reg=0.0176 val_acc=0.8757 val_nlpd=0.4462 val_ece=0.0136 kl_weight=0.000000 loss_kl_raw=2460796.7500
[eval] adapter_cls=BayesPaperAdapter
[eval] raw_logits_shape=(10, 256, 101)
[eval] reduced_logits_shape=(256, 101)
[Epoch 113] lr=0.068892 train_loss=0.0439 loss_reg=0.0178 val_acc=0.8751 val_nlpd=0.4468 val_ece=0.0119 kl_weight=0.000000 loss_kl_raw=2465908.0000
[eval] adapter_cls=BayesPaperAdapter
[eval] raw_logits_shape=(10, 256, 101)
[eval] reduced_logits_shape=(256, 101)
[Epoch 114] lr=0.068406 train_loss=0.0439 loss_reg=0.0180 val_acc=0.8772 val_nlpd=0.4460 val_ece=0.0110 kl_weight=0.000000 loss_kl_raw=2471294.5000
[eval] adapter_cls=BayesPaperAdapter
[eval] raw_logits_shape=(10, 256, 101)
[eval] reduced_logits_shape=(256, 101)
[Epoch 115] lr=0.067918 train_loss=0.0443 loss_reg=0.0182 val_acc=0.8757 val_nlpd=0.4450 val_ece=0.0110 kl_weight=0.000000 loss_kl_raw=2476387.5000
[eval] adapter_cls=BayesPaperAdapter
[eval] raw_logits_shape=(10, 256, 101)
[eval] reduced_logits_shape=(256, 101)
[Epoch 116] lr=0.067429 train_loss=0.0443 loss_reg=0.0184 val_acc=0.8746 val_nlpd=0.4470 val_ece=0.0107 kl_weight=0.000000 loss_kl_raw=2481271.7500
[eval] adapter_cls=BayesPaperAdapter
[eval] raw_logits_shape=(10, 256, 101)
[eval] reduced_logits_shape=(256, 101)
[Epoch 117] lr=0.066937 train_loss=0.0442 loss_reg=0.0186 val_acc=0.8741 val_nlpd=0.4453 val_ece=0.0150 kl_weight=0.000000 loss_kl_raw=2486307.7500
[eval] adapter_cls=BayesPaperAdapter
[eval] raw_logits_shape=(10, 256, 101)
[eval] reduced_logits_shape=(256, 101)
[Epoch 118] lr=0.066443 train_loss=0.0443 loss_reg=0.0188 val_acc=0.8730 val_nlpd=0.4460 val_ece=0.0139 kl_weight=0.000000 loss_kl_raw=2491180.5000
[eval] adapter_cls=BayesPaperAdapter
[eval] raw_logits_shape=(10, 256, 101)
[eval] reduced_logits_shape=(256, 101)
[Epoch 119] lr=0.065948 train_loss=0.0445 loss_reg=0.0190 val_acc=0.8741 val_nlpd=0.4460 val_ece=0.0151 kl_weight=0.000000 loss_kl_raw=2495717.2500
[eval] adapter_cls=BayesPaperAdapter
[eval] raw_logits_shape=(10, 256, 101)
[eval] reduced_logits_shape=(256, 101)
[Epoch 120] lr=0.065451 train_loss=0.0446 loss_reg=0.0192 val_acc=0.8751 val_nlpd=0.4454 val_ece=0.0121 kl_weight=0.000000 loss_kl_raw=2500210.0000
[eval] adapter_cls=BayesPaperAdapter
[eval] raw_logits_shape=(10, 256, 101)
[eval] reduced_logits_shape=(256, 101)
[Epoch 121] lr=0.064952 train_loss=0.0446 loss_reg=0.0194 val_acc=0.8746 val_nlpd=0.4452 val_ece=0.0116 kl_weight=0.000000 loss_kl_raw=2504834.0000
[eval] adapter_cls=BayesPaperAdapter
[eval] raw_logits_shape=(10, 256, 101)
[eval] reduced_logits_shape=(256, 101)
[Epoch 122] lr=0.064452 train_loss=0.0447 loss_reg=0.0196 val_acc=0.8741 val_nlpd=0.4443 val_ece=0.0161 kl_weight=0.000000 loss_kl_raw=2509349.7500
[eval] adapter_cls=BayesPaperAdapter
[eval] raw_logits_shape=(10, 256, 101)
[eval] reduced_logits_shape=(256, 101)
[Epoch 123] lr=0.063950 train_loss=0.0448 loss_reg=0.0198 val_acc=0.8757 val_nlpd=0.4449 val_ece=0.0110 kl_weight=0.000000 loss_kl_raw=2513661.0000
[eval] adapter_cls=BayesPaperAdapter
[eval] raw_logits_shape=(10, 256, 101)
[eval] reduced_logits_shape=(256, 101)
[Epoch 124] lr=0.063446 train_loss=0.0448 loss_reg=0.0199 val_acc=0.8746 val_nlpd=0.4431 val_ece=0.0127 kl_weight=0.000000 loss_kl_raw=2517851.7500
[eval] adapter_cls=BayesPaperAdapter
[eval] raw_logits_shape=(10, 256, 101)
[eval] reduced_logits_shape=(256, 101)
[Epoch 125] lr=0.062941 train_loss=0.0449 loss_reg=0.0201 val_acc=0.8746 val_nlpd=0.4445 val_ece=0.0118 kl_weight=0.000000 loss_kl_raw=2521951.7500
[eval] adapter_cls=BayesPaperAdapter
[eval] raw_logits_shape=(10, 256, 101)
[eval] reduced_logits_shape=(256, 101)
[Epoch 126] lr=0.062434 train_loss=0.0450 loss_reg=0.0203 val_acc=0.8746 val_nlpd=0.4436 val_ece=0.0113 kl_weight=0.000000 loss_kl_raw=2526029.5000
[eval] adapter_cls=BayesPaperAdapter
[eval] raw_logits_shape=(10, 256, 101)
[eval] reduced_logits_shape=(256, 101)
[Epoch 127] lr=0.061927 train_loss=0.0453 loss_reg=0.0205 val_acc=0.8746 val_nlpd=0.4437 val_ece=0.0136 kl_weight=0.000000 loss_kl_raw=2529827.2500
[eval] adapter_cls=BayesPaperAdapter
[eval] raw_logits_shape=(10, 256, 101)
[eval] reduced_logits_shape=(256, 101)
[Epoch 128] lr=0.061418 train_loss=0.0453 loss_reg=0.0207 val_acc=0.8767 val_nlpd=0.4433 val_ece=0.0119 kl_weight=0.000000 loss_kl_raw=2533797.2500
[eval] adapter_cls=BayesPaperAdapter
[eval] raw_logits_shape=(10, 256, 101)
[eval] reduced_logits_shape=(256, 101)
[Epoch 129] lr=0.060907 train_loss=0.0454 loss_reg=0.0209 val_acc=0.8767 val_nlpd=0.4430 val_ece=0.0137 kl_weight=0.000000 loss_kl_raw=2537574.7500
[eval] adapter_cls=BayesPaperAdapter
[eval] raw_logits_shape=(10, 256, 101)
[eval] reduced_logits_shape=(256, 101)
[Epoch 130] lr=0.060396 train_loss=0.0454 loss_reg=0.0211 val_acc=0.8757 val_nlpd=0.4433 val_ece=0.0138 kl_weight=0.000000 loss_kl_raw=2541119.0000
[eval] adapter_cls=BayesPaperAdapter
[eval] raw_logits_shape=(10, 256, 101)
[eval] reduced_logits_shape=(256, 101)
[Epoch 131] lr=0.059883 train_loss=0.0456 loss_reg=0.0213 val_acc=0.8746 val_nlpd=0.4440 val_ece=0.0141 kl_weight=0.000000 loss_kl_raw=2544650.5000
[eval] adapter_cls=BayesPaperAdapter
[eval] raw_logits_shape=(10, 256, 101)
[eval] reduced_logits_shape=(256, 101)
[Epoch 132] lr=0.059369 train_loss=0.0457 loss_reg=0.0215 val_acc=0.8757 val_nlpd=0.4431 val_ece=0.0129 kl_weight=0.000000 loss_kl_raw=2548085.7500
[eval] adapter_cls=BayesPaperAdapter
[eval] raw_logits_shape=(10, 256, 101)
[eval] reduced_logits_shape=(256, 101)
[Epoch 133] lr=0.058854 train_loss=0.0459 loss_reg=0.0217 val_acc=0.8757 val_nlpd=0.4430 val_ece=0.0137 kl_weight=0.000000 loss_kl_raw=2551613.2500
[eval] adapter_cls=BayesPaperAdapter
[eval] raw_logits_shape=(10, 256, 101)
[eval] reduced_logits_shape=(256, 101)
[Epoch 134] lr=0.058338 train_loss=0.0460 loss_reg=0.0219 val_acc=0.8746 val_nlpd=0.4434 val_ece=0.0109 kl_weight=0.000000 loss_kl_raw=2554899.7500
[eval] adapter_cls=BayesPaperAdapter
[eval] raw_logits_shape=(10, 256, 101)
[eval] reduced_logits_shape=(256, 101)
[Epoch 135] lr=0.057822 train_loss=0.0462 loss_reg=0.0221 val_acc=0.8751 val_nlpd=0.4435 val_ece=0.0135 kl_weight=0.000000 loss_kl_raw=2558133.2500
[eval] adapter_cls=BayesPaperAdapter
[eval] raw_logits_shape=(10, 256, 101)
[eval] reduced_logits_shape=(256, 101)
[Epoch 136] lr=0.057304 train_loss=0.0461 loss_reg=0.0223 val_acc=0.8762 val_nlpd=0.4433 val_ece=0.0135 kl_weight=0.000000 loss_kl_raw=2561373.0000
[eval] adapter_cls=BayesPaperAdapter
[eval] raw_logits_shape=(10, 256, 101)
[eval] reduced_logits_shape=(256, 101)
[Epoch 137] lr=0.056786 train_loss=0.0463 loss_reg=0.0225 val_acc=0.8762 val_nlpd=0.4434 val_ece=0.0175 kl_weight=0.000000 loss_kl_raw=2564547.2500
[eval] adapter_cls=BayesPaperAdapter
[eval] raw_logits_shape=(10, 256, 101)
[eval] reduced_logits_shape=(256, 101)
[Epoch 138] lr=0.056267 train_loss=0.0463 loss_reg=0.0227 val_acc=0.8772 val_nlpd=0.4427 val_ece=0.0118 kl_weight=0.000000 loss_kl_raw=2567433.5000
[eval] adapter_cls=BayesPaperAdapter
[eval] raw_logits_shape=(10, 256, 101)
[eval] reduced_logits_shape=(256, 101)
[Epoch 139] lr=0.055747 train_loss=0.0466 loss_reg=0.0229 val_acc=0.8762 val_nlpd=0.4437 val_ece=0.0117 kl_weight=0.000000 loss_kl_raw=2570511.7500
[eval] adapter_cls=BayesPaperAdapter
[eval] raw_logits_shape=(10, 256, 101)
[eval] reduced_logits_shape=(256, 101)
[Epoch 140] lr=0.055226 train_loss=0.0466 loss_reg=0.0230 val_acc=0.8767 val_nlpd=0.4435 val_ece=0.0167 kl_weight=0.000000 loss_kl_raw=2573178.0000
[eval] adapter_cls=BayesPaperAdapter
[eval] raw_logits_shape=(10, 256, 101)
[eval] reduced_logits_shape=(256, 101)
[Epoch 141] lr=0.054705 train_loss=0.0468 loss_reg=0.0232 val_acc=0.8746 val_nlpd=0.4435 val_ece=0.0145 kl_weight=0.000000 loss_kl_raw=2575984.5000
[eval] adapter_cls=BayesPaperAdapter
[eval] raw_logits_shape=(10, 256, 101)
[eval] reduced_logits_shape=(256, 101)
[Epoch 142] lr=0.054184 train_loss=0.0470 loss_reg=0.0234 val_acc=0.8757 val_nlpd=0.4419 val_ece=0.0123 kl_weight=0.000000 loss_kl_raw=2578782.5000
[eval] adapter_cls=BayesPaperAdapter
[eval] raw_logits_shape=(10, 256, 101)
[eval] reduced_logits_shape=(256, 101)
[Epoch 143] lr=0.053662 train_loss=0.0471 loss_reg=0.0236 val_acc=0.8757 val_nlpd=0.4421 val_ece=0.0125 kl_weight=0.000000 loss_kl_raw=2581625.2500
[eval] adapter_cls=BayesPaperAdapter
[eval] raw_logits_shape=(10, 256, 101)
[eval] reduced_logits_shape=(256, 101)
[Epoch 144] lr=0.053140 train_loss=0.0471 loss_reg=0.0238 val_acc=0.8757 val_nlpd=0.4429 val_ece=0.0100 kl_weight=0.000000 loss_kl_raw=2584335.2500
[eval] adapter_cls=BayesPaperAdapter
[eval] raw_logits_shape=(10, 256, 101)
[eval] reduced_logits_shape=(256, 101)
[Epoch 145] lr=0.052617 train_loss=0.0472 loss_reg=0.0240 val_acc=0.8762 val_nlpd=0.4407 val_ece=0.0115 kl_weight=0.000000 loss_kl_raw=2587056.5000
[eval] adapter_cls=BayesPaperAdapter
[eval] raw_logits_shape=(10, 256, 101)
[eval] reduced_logits_shape=(256, 101)
[Epoch 146] lr=0.052094 train_loss=0.0476 loss_reg=0.0242 val_acc=0.8767 val_nlpd=0.4416 val_ece=0.0135 kl_weight=0.000000 loss_kl_raw=2589602.5000
[eval] adapter_cls=BayesPaperAdapter
[eval] raw_logits_shape=(10, 256, 101)
[eval] reduced_logits_shape=(256, 101)
[Epoch 147] lr=0.051571 train_loss=0.0476 loss_reg=0.0244 val_acc=0.8767 val_nlpd=0.4437 val_ece=0.0145 kl_weight=0.000000 loss_kl_raw=2592036.5000
[eval] adapter_cls=BayesPaperAdapter
[eval] raw_logits_shape=(10, 256, 101)
[eval] reduced_logits_shape=(256, 101)
[Epoch 148] lr=0.051047 train_loss=0.0478 loss_reg=0.0246 val_acc=0.8767 val_nlpd=0.4417 val_ece=0.0112 kl_weight=0.000000 loss_kl_raw=2594287.0000
[eval] adapter_cls=BayesPaperAdapter
[eval] raw_logits_shape=(10, 256, 101)
[eval] reduced_logits_shape=(256, 101)
[Epoch 149] lr=0.050524 train_loss=0.0479 loss_reg=0.0248 val_acc=0.8767 val_nlpd=0.4414 val_ece=0.0101 kl_weight=0.000000 loss_kl_raw=2596469.7500
[eval] adapter_cls=BayesPaperAdapter
[eval] raw_logits_shape=(10, 256, 101)
[eval] reduced_logits_shape=(256, 101)
[Epoch 150] lr=0.050000 train_loss=0.0480 loss_reg=0.0249 val_acc=0.8772 val_nlpd=0.4424 val_ece=0.0130 kl_weight=0.000000 loss_kl_raw=2598795.5000
[eval] adapter_cls=BayesPaperAdapter
[eval] raw_logits_shape=(10, 256, 101)
[eval] reduced_logits_shape=(256, 101)
[Epoch 151] lr=0.049476 train_loss=0.0482 loss_reg=0.0251 val_acc=0.8772 val_nlpd=0.4425 val_ece=0.0109 kl_weight=0.000000 loss_kl_raw=2600997.5000
[eval] adapter_cls=BayesPaperAdapter
[eval] raw_logits_shape=(10, 256, 101)
[eval] reduced_logits_shape=(256, 101)
[Epoch 152] lr=0.048953 train_loss=0.0484 loss_reg=0.0253 val_acc=0.8762 val_nlpd=0.4426 val_ece=0.0120 kl_weight=0.000000 loss_kl_raw=2603120.7500
[eval] adapter_cls=BayesPaperAdapter
[eval] raw_logits_shape=(10, 256, 101)
[eval] reduced_logits_shape=(256, 101)
[Epoch 153] lr=0.048429 train_loss=0.0483 loss_reg=0.0255 val_acc=0.8772 val_nlpd=0.4443 val_ece=0.0119 kl_weight=0.000000 loss_kl_raw=2605159.2500
[eval] adapter_cls=BayesPaperAdapter
[eval] raw_logits_shape=(10, 256, 101)
[eval] reduced_logits_shape=(256, 101)
[Epoch 154] lr=0.047906 train_loss=0.0484 loss_reg=0.0257 val_acc=0.8762 val_nlpd=0.4431 val_ece=0.0109 kl_weight=0.000000 loss_kl_raw=2607126.0000
[eval] adapter_cls=BayesPaperAdapter
[eval] raw_logits_shape=(10, 256, 101)
[eval] reduced_logits_shape=(256, 101)
[Epoch 155] lr=0.047383 train_loss=0.0487 loss_reg=0.0259 val_acc=0.8772 val_nlpd=0.4430 val_ece=0.0126 kl_weight=0.000000 loss_kl_raw=2609093.2500
[eval] adapter_cls=BayesPaperAdapter
[eval] raw_logits_shape=(10, 256, 101)
[eval] reduced_logits_shape=(256, 101)
[Epoch 156] lr=0.046860 train_loss=0.0488 loss_reg=0.0261 val_acc=0.8772 val_nlpd=0.4428 val_ece=0.0111 kl_weight=0.000000 loss_kl_raw=2611146.7500
[eval] adapter_cls=BayesPaperAdapter
[eval] raw_logits_shape=(10, 256, 101)
[eval] reduced_logits_shape=(256, 101)
[Epoch 157] lr=0.046338 train_loss=0.0490 loss_reg=0.0263 val_acc=0.8762 val_nlpd=0.4419 val_ece=0.0145 kl_weight=0.000000 loss_kl_raw=2612994.2500
[eval] adapter_cls=BayesPaperAdapter
[eval] raw_logits_shape=(10, 256, 101)
[eval] reduced_logits_shape=(256, 101)
[Epoch 158] lr=0.045816 train_loss=0.0491 loss_reg=0.0265 val_acc=0.8751 val_nlpd=0.4422 val_ece=0.0145 kl_weight=0.000000 loss_kl_raw=2614732.0000
[eval] adapter_cls=BayesPaperAdapter
[eval] raw_logits_shape=(10, 256, 101)
[eval] reduced_logits_shape=(256, 101)
[Epoch 159] lr=0.045295 train_loss=0.0492 loss_reg=0.0266 val_acc=0.8772 val_nlpd=0.4400 val_ece=0.0122 kl_weight=0.000000 loss_kl_raw=2616416.2500
[eval] adapter_cls=BayesPaperAdapter
[eval] raw_logits_shape=(10, 256, 101)
[eval] reduced_logits_shape=(256, 101)
[Epoch 160] lr=0.044774 train_loss=0.0494 loss_reg=0.0268 val_acc=0.8767 val_nlpd=0.4406 val_ece=0.0116 kl_weight=0.000000 loss_kl_raw=2618205.5000
[eval] adapter_cls=BayesPaperAdapter
[eval] raw_logits_shape=(10, 256, 101)
[eval] reduced_logits_shape=(256, 101)
[Epoch 161] lr=0.044253 train_loss=0.0495 loss_reg=0.0270 val_acc=0.8778 val_nlpd=0.4409 val_ece=0.0116 kl_weight=0.000000 loss_kl_raw=2620030.0000
[eval] adapter_cls=BayesPaperAdapter
[eval] raw_logits_shape=(10, 256, 101)
[eval] reduced_logits_shape=(256, 101)
[Epoch 162] lr=0.043733 train_loss=0.0497 loss_reg=0.0272 val_acc=0.8783 val_nlpd=0.4418 val_ece=0.0120 kl_weight=0.000000 loss_kl_raw=2621793.2500
[eval] adapter_cls=BayesPaperAdapter
[eval] raw_logits_shape=(10, 256, 101)
[eval] reduced_logits_shape=(256, 101)
[Epoch 163] lr=0.043214 train_loss=0.0496 loss_reg=0.0274 val_acc=0.8767 val_nlpd=0.4422 val_ece=0.0143 kl_weight=0.000000 loss_kl_raw=2623342.2500
[eval] adapter_cls=BayesPaperAdapter
[eval] raw_logits_shape=(10, 256, 101)
[eval] reduced_logits_shape=(256, 101)
[Epoch 164] lr=0.042696 train_loss=0.0500 loss_reg=0.0276 val_acc=0.8772 val_nlpd=0.4414 val_ece=0.0138 kl_weight=0.000000 loss_kl_raw=2625035.0000
[eval] adapter_cls=BayesPaperAdapter
[eval] raw_logits_shape=(10, 256, 101)
[eval] reduced_logits_shape=(256, 101)
[Epoch 165] lr=0.042178 train_loss=0.0502 loss_reg=0.0278 val_acc=0.8772 val_nlpd=0.4420 val_ece=0.0104 kl_weight=0.000000 loss_kl_raw=2626821.0000
[eval] adapter_cls=BayesPaperAdapter
[eval] raw_logits_shape=(10, 256, 101)
[eval] reduced_logits_shape=(256, 101)
[Epoch 166] lr=0.041662 train_loss=0.0502 loss_reg=0.0279 val_acc=0.8762 val_nlpd=0.4416 val_ece=0.0153 kl_weight=0.000000 loss_kl_raw=2628370.0000
[eval] adapter_cls=BayesPaperAdapter
[eval] raw_logits_shape=(10, 256, 101)
[eval] reduced_logits_shape=(256, 101)
[Epoch 167] lr=0.041146 train_loss=0.0504 loss_reg=0.0281 val_acc=0.8757 val_nlpd=0.4416 val_ece=0.0128 kl_weight=0.000000 loss_kl_raw=2629814.0000
[eval] adapter_cls=BayesPaperAdapter
[eval] raw_logits_shape=(10, 256, 101)
[eval] reduced_logits_shape=(256, 101)
[Epoch 168] lr=0.040631 train_loss=0.0506 loss_reg=0.0283 val_acc=0.8751 val_nlpd=0.4406 val_ece=0.0116 kl_weight=0.000000 loss_kl_raw=2631184.7500
[eval] adapter_cls=BayesPaperAdapter
[eval] raw_logits_shape=(10, 256, 101)
[eval] reduced_logits_shape=(256, 101)
[Epoch 169] lr=0.040117 train_loss=0.0507 loss_reg=0.0285 val_acc=0.8772 val_nlpd=0.4398 val_ece=0.0124 kl_weight=0.000000 loss_kl_raw=2632595.7500
[eval] adapter_cls=BayesPaperAdapter
[eval] raw_logits_shape=(10, 256, 101)
[eval] reduced_logits_shape=(256, 101)
[Epoch 170] lr=0.039604 train_loss=0.0509 loss_reg=0.0287 val_acc=0.8762 val_nlpd=0.4423 val_ece=0.0112 kl_weight=0.000000 loss_kl_raw=2633927.5000
[eval] adapter_cls=BayesPaperAdapter
[eval] raw_logits_shape=(10, 256, 101)
[eval] reduced_logits_shape=(256, 101)
[Epoch 171] lr=0.039093 train_loss=0.0511 loss_reg=0.0289 val_acc=0.8778 val_nlpd=0.4400 val_ece=0.0151 kl_weight=0.000000 loss_kl_raw=2635222.7500
[eval] adapter_cls=BayesPaperAdapter
[eval] raw_logits_shape=(10, 256, 101)
[eval] reduced_logits_shape=(256, 101)
[Epoch 172] lr=0.038582 train_loss=0.0512 loss_reg=0.0291 val_acc=0.8772 val_nlpd=0.4407 val_ece=0.0110 kl_weight=0.000000 loss_kl_raw=2636355.0000
[eval] adapter_cls=BayesPaperAdapter
[eval] raw_logits_shape=(10, 256, 101)
[eval] reduced_logits_shape=(256, 101)
[Epoch 173] lr=0.038073 train_loss=0.0514 loss_reg=0.0292 val_acc=0.8751 val_nlpd=0.4411 val_ece=0.0133 kl_weight=0.000000 loss_kl_raw=2637637.0000
[eval] adapter_cls=BayesPaperAdapter
[eval] raw_logits_shape=(10, 256, 101)
[eval] reduced_logits_shape=(256, 101)
[Epoch 174] lr=0.037566 train_loss=0.0515 loss_reg=0.0294 val_acc=0.8767 val_nlpd=0.4411 val_ece=0.0133 kl_weight=0.000000 loss_kl_raw=2638901.0000
[eval] adapter_cls=BayesPaperAdapter
[eval] raw_logits_shape=(10, 256, 101)
[eval] reduced_logits_shape=(256, 101)
[Epoch 175] lr=0.037059 train_loss=0.0517 loss_reg=0.0296 val_acc=0.8751 val_nlpd=0.4405 val_ece=0.0124 kl_weight=0.000000 loss_kl_raw=2640033.7500
[eval] adapter_cls=BayesPaperAdapter
[eval] raw_logits_shape=(10, 256, 101)
[eval] reduced_logits_shape=(256, 101)
[Epoch 176] lr=0.036554 train_loss=0.0518 loss_reg=0.0298 val_acc=0.8757 val_nlpd=0.4414 val_ece=0.0120 kl_weight=0.000000 loss_kl_raw=2641111.2500
[eval] adapter_cls=BayesPaperAdapter
[eval] raw_logits_shape=(10, 256, 101)
[eval] reduced_logits_shape=(256, 101)
[Epoch 177] lr=0.036050 train_loss=0.0520 loss_reg=0.0300 val_acc=0.8751 val_nlpd=0.4400 val_ece=0.0138 kl_weight=0.000000 loss_kl_raw=2642142.0000
[eval] adapter_cls=BayesPaperAdapter
[eval] raw_logits_shape=(10, 256, 101)
[eval] reduced_logits_shape=(256, 101)
[Epoch 178] lr=0.035548 train_loss=0.0521 loss_reg=0.0302 val_acc=0.8778 val_nlpd=0.4410 val_ece=0.0103 kl_weight=0.000000 loss_kl_raw=2643036.2500
[eval] adapter_cls=BayesPaperAdapter
[eval] raw_logits_shape=(10, 256, 101)
[eval] reduced_logits_shape=(256, 101)
[Epoch 179] lr=0.035048 train_loss=0.0524 loss_reg=0.0303 val_acc=0.8762 val_nlpd=0.4404 val_ece=0.0107 kl_weight=0.000000 loss_kl_raw=2643985.2500
[eval] adapter_cls=BayesPaperAdapter
[eval] raw_logits_shape=(10, 256, 101)
[eval] reduced_logits_shape=(256, 101)
[Epoch 180] lr=0.034549 train_loss=0.0524 loss_reg=0.0305 val_acc=0.8778 val_nlpd=0.4390 val_ece=0.0108 kl_weight=0.000000 loss_kl_raw=2644992.0000
[eval] adapter_cls=BayesPaperAdapter
[eval] raw_logits_shape=(10, 256, 101)
[eval] reduced_logits_shape=(256, 101)
[Epoch 181] lr=0.034052 train_loss=0.0527 loss_reg=0.0307 val_acc=0.8762 val_nlpd=0.4409 val_ece=0.0117 kl_weight=0.000000 loss_kl_raw=2645878.0000
[eval] adapter_cls=BayesPaperAdapter
[eval] raw_logits_shape=(10, 256, 101)
[eval] reduced_logits_shape=(256, 101)
[Epoch 182] lr=0.033557 train_loss=0.0527 loss_reg=0.0309 val_acc=0.8778 val_nlpd=0.4402 val_ece=0.0114 kl_weight=0.000000 loss_kl_raw=2646671.7500
[eval] adapter_cls=BayesPaperAdapter
[eval] raw_logits_shape=(10, 256, 101)
[eval] reduced_logits_shape=(256, 101)
[Epoch 183] lr=0.033063 train_loss=0.0531 loss_reg=0.0311 val_acc=0.8762 val_nlpd=0.4398 val_ece=0.0127 kl_weight=0.000000 loss_kl_raw=2647617.0000
[eval] adapter_cls=BayesPaperAdapter
[eval] raw_logits_shape=(10, 256, 101)
[eval] reduced_logits_shape=(256, 101)
[Epoch 184] lr=0.032571 train_loss=0.0532 loss_reg=0.0312 val_acc=0.8767 val_nlpd=0.4402 val_ece=0.0152 kl_weight=0.000000 loss_kl_raw=2648459.5000
[eval] adapter_cls=BayesPaperAdapter
[eval] raw_logits_shape=(10, 256, 101)
[eval] reduced_logits_shape=(256, 101)
[Epoch 185] lr=0.032082 train_loss=0.0534 loss_reg=0.0314 val_acc=0.8757 val_nlpd=0.4415 val_ece=0.0122 kl_weight=0.000000 loss_kl_raw=2649226.5000
[eval] adapter_cls=BayesPaperAdapter
[eval] raw_logits_shape=(10, 256, 101)
[eval] reduced_logits_shape=(256, 101)
[Epoch 186] lr=0.031594 train_loss=0.0534 loss_reg=0.0316 val_acc=0.8767 val_nlpd=0.4400 val_ece=0.0118 kl_weight=0.000000 loss_kl_raw=2649964.5000
[eval] adapter_cls=BayesPaperAdapter
[eval] raw_logits_shape=(10, 256, 101)
[eval] reduced_logits_shape=(256, 101)
[Epoch 187] lr=0.031108 train_loss=0.0535 loss_reg=0.0318 val_acc=0.8757 val_nlpd=0.4393 val_ece=0.0130 kl_weight=0.000000 loss_kl_raw=2650727.2500
[eval] adapter_cls=BayesPaperAdapter
[eval] raw_logits_shape=(10, 256, 101)
[eval] reduced_logits_shape=(256, 101)
[Epoch 188] lr=0.030624 train_loss=0.0538 loss_reg=0.0320 val_acc=0.8772 val_nlpd=0.4407 val_ece=0.0120 kl_weight=0.000000 loss_kl_raw=2651538.7500
[eval] adapter_cls=BayesPaperAdapter
[eval] raw_logits_shape=(10, 256, 101)
[eval] reduced_logits_shape=(256, 101)
[Epoch 189] lr=0.030143 train_loss=0.0538 loss_reg=0.0321 val_acc=0.8762 val_nlpd=0.4407 val_ece=0.0127 kl_weight=0.000000 loss_kl_raw=2652307.2500
[eval] adapter_cls=BayesPaperAdapter
[eval] raw_logits_shape=(10, 256, 101)
[eval] reduced_logits_shape=(256, 101)
[Epoch 190] lr=0.029663 train_loss=0.0540 loss_reg=0.0323 val_acc=0.8778 val_nlpd=0.4404 val_ece=0.0125 kl_weight=0.000000 loss_kl_raw=2652961.5000
[eval] adapter_cls=BayesPaperAdapter
[eval] raw_logits_shape=(10, 256, 101)
[eval] reduced_logits_shape=(256, 101)
[Epoch 191] lr=0.029186 train_loss=0.0543 loss_reg=0.0325 val_acc=0.8762 val_nlpd=0.4401 val_ece=0.0119 kl_weight=0.000000 loss_kl_raw=2653540.0000
[eval] adapter_cls=BayesPaperAdapter
[eval] raw_logits_shape=(10, 256, 101)
[eval] reduced_logits_shape=(256, 101)
[Epoch 192] lr=0.028711 train_loss=0.0543 loss_reg=0.0327 val_acc=0.8757 val_nlpd=0.4395 val_ece=0.0143 kl_weight=0.000000 loss_kl_raw=2654113.7500
[eval] adapter_cls=BayesPaperAdapter
[eval] raw_logits_shape=(10, 256, 101)
[eval] reduced_logits_shape=(256, 101)
[Epoch 193] lr=0.028238 train_loss=0.0545 loss_reg=0.0329 val_acc=0.8767 val_nlpd=0.4400 val_ece=0.0133 kl_weight=0.000000 loss_kl_raw=2654674.0000
[eval] adapter_cls=BayesPaperAdapter
[eval] raw_logits_shape=(10, 256, 101)
[eval] reduced_logits_shape=(256, 101)
[Epoch 194] lr=0.027768 train_loss=0.0547 loss_reg=0.0330 val_acc=0.8767 val_nlpd=0.4398 val_ece=0.0156 kl_weight=0.000000 loss_kl_raw=2655171.2500
[eval] adapter_cls=BayesPaperAdapter
[eval] raw_logits_shape=(10, 256, 101)
[eval] reduced_logits_shape=(256, 101)
[Epoch 195] lr=0.027300 train_loss=0.0549 loss_reg=0.0332 val_acc=0.8757 val_nlpd=0.4408 val_ece=0.0132 kl_weight=0.000000 loss_kl_raw=2655721.0000
[eval] adapter_cls=BayesPaperAdapter
[eval] raw_logits_shape=(10, 256, 101)
[eval] reduced_logits_shape=(256, 101)
[Epoch 196] lr=0.026835 train_loss=0.0550 loss_reg=0.0334 val_acc=0.8751 val_nlpd=0.4400 val_ece=0.0147 kl_weight=0.000000 loss_kl_raw=2656259.0000
[eval] adapter_cls=BayesPaperAdapter
[eval] raw_logits_shape=(10, 256, 101)
[eval] reduced_logits_shape=(256, 101)
[Epoch 197] lr=0.026372 train_loss=0.0552 loss_reg=0.0336 val_acc=0.8762 val_nlpd=0.4389 val_ece=0.0121 kl_weight=0.000000 loss_kl_raw=2656742.2500
[eval] adapter_cls=BayesPaperAdapter
[eval] raw_logits_shape=(10, 256, 101)
[eval] reduced_logits_shape=(256, 101)
[Epoch 198] lr=0.025912 train_loss=0.0553 loss_reg=0.0337 val_acc=0.8757 val_nlpd=0.4408 val_ece=0.0133 kl_weight=0.000000 loss_kl_raw=2657269.7500
[eval] adapter_cls=BayesPaperAdapter
[eval] raw_logits_shape=(10, 256, 101)
[eval] reduced_logits_shape=(256, 101)
[Epoch 199] lr=0.025455 train_loss=0.0556 loss_reg=0.0339 val_acc=0.8767 val_nlpd=0.4410 val_ece=0.0151 kl_weight=0.000000 loss_kl_raw=2657750.2500
[eval] adapter_cls=BayesPaperAdapter
[eval] raw_logits_shape=(10, 256, 101)
[eval] reduced_logits_shape=(256, 101)
[Epoch 200] lr=0.025000 train_loss=0.0556 loss_reg=0.0341 val_acc=0.8751 val_nlpd=0.4399 val_ece=0.0130 kl_weight=0.000000 loss_kl_raw=2658169.2500
[eval] adapter_cls=BayesPaperAdapter
[eval] raw_logits_shape=(10, 256, 101)
[eval] reduced_logits_shape=(256, 101)
[Epoch 201] lr=0.024548 train_loss=0.0560 loss_reg=0.0343 val_acc=0.8762 val_nlpd=0.4391 val_ece=0.0140 kl_weight=0.000000 loss_kl_raw=2658548.2500
[eval] adapter_cls=BayesPaperAdapter
[eval] raw_logits_shape=(10, 256, 101)
[eval] reduced_logits_shape=(256, 101)
[Epoch 202] lr=0.024099 train_loss=0.0560 loss_reg=0.0344 val_acc=0.8762 val_nlpd=0.4406 val_ece=0.0134 kl_weight=0.000000 loss_kl_raw=2658948.2500
[eval] adapter_cls=BayesPaperAdapter
[eval] raw_logits_shape=(10, 256, 101)
[eval] reduced_logits_shape=(256, 101)
[Epoch 203] lr=0.023652 train_loss=0.0563 loss_reg=0.0346 val_acc=0.8757 val_nlpd=0.4397 val_ece=0.0140 kl_weight=0.000000 loss_kl_raw=2659344.7500
[eval] adapter_cls=BayesPaperAdapter
[eval] raw_logits_shape=(10, 256, 101)
[eval] reduced_logits_shape=(256, 101)
[Epoch 204] lr=0.023209 train_loss=0.0564 loss_reg=0.0348 val_acc=0.8762 val_nlpd=0.4409 val_ece=0.0145 kl_weight=0.000000 loss_kl_raw=2659743.0000
[eval] adapter_cls=BayesPaperAdapter
[eval] raw_logits_shape=(10, 256, 101)
[eval] reduced_logits_shape=(256, 101)
[Epoch 205] lr=0.022768 train_loss=0.0565 loss_reg=0.0350 val_acc=0.8762 val_nlpd=0.4388 val_ece=0.0153 kl_weight=0.000000 loss_kl_raw=2660139.7500
[eval] adapter_cls=BayesPaperAdapter
[eval] raw_logits_shape=(10, 256, 101)
[eval] reduced_logits_shape=(256, 101)
[Epoch 206] lr=0.022330 train_loss=0.0566 loss_reg=0.0352 val_acc=0.8746 val_nlpd=0.4405 val_ece=0.0139 kl_weight=0.000000 loss_kl_raw=2660551.5000
[eval] adapter_cls=BayesPaperAdapter
[eval] raw_logits_shape=(10, 256, 101)
[eval] reduced_logits_shape=(256, 101)
[Epoch 207] lr=0.021896 train_loss=0.0569 loss_reg=0.0353 val_acc=0.8757 val_nlpd=0.4407 val_ece=0.0154 kl_weight=0.000000 loss_kl_raw=2660882.5000
[eval] adapter_cls=BayesPaperAdapter
[eval] raw_logits_shape=(10, 256, 101)
[eval] reduced_logits_shape=(256, 101)
[Epoch 208] lr=0.021464 train_loss=0.0570 loss_reg=0.0355 val_acc=0.8762 val_nlpd=0.4406 val_ece=0.0126 kl_weight=0.000000 loss_kl_raw=2661216.5000
[eval] adapter_cls=BayesPaperAdapter
[eval] raw_logits_shape=(10, 256, 101)
[eval] reduced_logits_shape=(256, 101)
[Epoch 209] lr=0.021036 train_loss=0.0573 loss_reg=0.0357 val_acc=0.8741 val_nlpd=0.4387 val_ece=0.0133 kl_weight=0.000000 loss_kl_raw=2661476.0000
[eval] adapter_cls=BayesPaperAdapter
[eval] raw_logits_shape=(10, 256, 101)
[eval] reduced_logits_shape=(256, 101)
[Epoch 210] lr=0.020611 train_loss=0.0574 loss_reg=0.0359 val_acc=0.8767 val_nlpd=0.4400 val_ece=0.0137 kl_weight=0.000000 loss_kl_raw=2661707.2500
[eval] adapter_cls=BayesPaperAdapter
[eval] raw_logits_shape=(10, 256, 101)
[eval] reduced_logits_shape=(256, 101)
[Epoch 211] lr=0.020189 train_loss=0.0575 loss_reg=0.0360 val_acc=0.8757 val_nlpd=0.4402 val_ece=0.0127 kl_weight=0.000000 loss_kl_raw=2661906.0000
[eval] adapter_cls=BayesPaperAdapter
[eval] raw_logits_shape=(10, 256, 101)
[eval] reduced_logits_shape=(256, 101)
[Epoch 212] lr=0.019770 train_loss=0.0577 loss_reg=0.0362 val_acc=0.8783 val_nlpd=0.4399 val_ece=0.0143 kl_weight=0.000000 loss_kl_raw=2662128.7500
[eval] adapter_cls=BayesPaperAdapter
[eval] raw_logits_shape=(10, 256, 101)
[eval] reduced_logits_shape=(256, 101)
[Epoch 213] lr=0.019355 train_loss=0.0580 loss_reg=0.0364 val_acc=0.8762 val_nlpd=0.4389 val_ece=0.0139 kl_weight=0.000000 loss_kl_raw=2662400.7500
[eval] adapter_cls=BayesPaperAdapter
[eval] raw_logits_shape=(10, 256, 101)
[eval] reduced_logits_shape=(256, 101)
[Epoch 214] lr=0.018943 train_loss=0.0580 loss_reg=0.0366 val_acc=0.8767 val_nlpd=0.4404 val_ece=0.0142 kl_weight=0.000000 loss_kl_raw=2662624.5000
[eval] adapter_cls=BayesPaperAdapter
[eval] raw_logits_shape=(10, 256, 101)
[eval] reduced_logits_shape=(256, 101)
[Epoch 215] lr=0.018534 train_loss=0.0581 loss_reg=0.0367 val_acc=0.8762 val_nlpd=0.4393 val_ece=0.0154 kl_weight=0.000000 loss_kl_raw=2662832.2500
[eval] adapter_cls=BayesPaperAdapter
[eval] raw_logits_shape=(10, 256, 101)
[eval] reduced_logits_shape=(256, 101)
[Epoch 216] lr=0.018129 train_loss=0.0583 loss_reg=0.0369 val_acc=0.8767 val_nlpd=0.4393 val_ece=0.0131 kl_weight=0.000000 loss_kl_raw=2663013.2500
[eval] adapter_cls=BayesPaperAdapter
[eval] raw_logits_shape=(10, 256, 101)
[eval] reduced_logits_shape=(256, 101)
[Epoch 217] lr=0.017727 train_loss=0.0585 loss_reg=0.0371 val_acc=0.8767 val_nlpd=0.4386 val_ece=0.0106 kl_weight=0.000000 loss_kl_raw=2663175.2500
[eval] adapter_cls=BayesPaperAdapter
[eval] raw_logits_shape=(10, 256, 101)
[eval] reduced_logits_shape=(256, 101)
[Epoch 218] lr=0.017329 train_loss=0.0586 loss_reg=0.0373 val_acc=0.8762 val_nlpd=0.4398 val_ece=0.0131 kl_weight=0.000000 loss_kl_raw=2663311.2500
[eval] adapter_cls=BayesPaperAdapter
[eval] raw_logits_shape=(10, 256, 101)
[eval] reduced_logits_shape=(256, 101)
[Epoch 219] lr=0.016934 train_loss=0.0588 loss_reg=0.0374 val_acc=0.8767 val_nlpd=0.4408 val_ece=0.0136 kl_weight=0.000000 loss_kl_raw=2663424.0000
[eval] adapter_cls=BayesPaperAdapter
[eval] raw_logits_shape=(10, 256, 101)
[eval] reduced_logits_shape=(256, 101)
[Epoch 220] lr=0.016543 train_loss=0.0591 loss_reg=0.0376 val_acc=0.8772 val_nlpd=0.4388 val_ece=0.0146 kl_weight=0.000000 loss_kl_raw=2663545.0000
[eval] adapter_cls=BayesPaperAdapter
[eval] raw_logits_shape=(10, 256, 101)
[eval] reduced_logits_shape=(256, 101)
[Epoch 221] lr=0.016156 train_loss=0.0591 loss_reg=0.0378 val_acc=0.8762 val_nlpd=0.4387 val_ece=0.0125 kl_weight=0.000000 loss_kl_raw=2663635.2500
[eval] adapter_cls=BayesPaperAdapter
[eval] raw_logits_shape=(10, 256, 101)
[eval] reduced_logits_shape=(256, 101)
[Epoch 222] lr=0.015773 train_loss=0.0594 loss_reg=0.0379 val_acc=0.8751 val_nlpd=0.4399 val_ece=0.0123 kl_weight=0.000000 loss_kl_raw=2663731.5000
[eval] adapter_cls=BayesPaperAdapter
[eval] raw_logits_shape=(10, 256, 101)
[eval] reduced_logits_shape=(256, 101)
[Epoch 223] lr=0.015393 train_loss=0.0596 loss_reg=0.0381 val_acc=0.8757 val_nlpd=0.4404 val_ece=0.0141 kl_weight=0.000000 loss_kl_raw=2663848.0000
[eval] adapter_cls=BayesPaperAdapter
[eval] raw_logits_shape=(10, 256, 101)
[eval] reduced_logits_shape=(256, 101)
[Epoch 224] lr=0.015017 train_loss=0.0597 loss_reg=0.0383 val_acc=0.8762 val_nlpd=0.4399 val_ece=0.0112 kl_weight=0.000000 loss_kl_raw=2663924.2500
[eval] adapter_cls=BayesPaperAdapter
[eval] raw_logits_shape=(10, 256, 101)
[eval] reduced_logits_shape=(256, 101)
[Epoch 225] lr=0.014645 train_loss=0.0598 loss_reg=0.0385 val_acc=0.8751 val_nlpd=0.4399 val_ece=0.0124 kl_weight=0.000000 loss_kl_raw=2664012.5000
[eval] adapter_cls=BayesPaperAdapter
[eval] raw_logits_shape=(10, 256, 101)
[eval] reduced_logits_shape=(256, 101)
[Epoch 226] lr=0.014276 train_loss=0.0601 loss_reg=0.0386 val_acc=0.8762 val_nlpd=0.4399 val_ece=0.0150 kl_weight=0.000000 loss_kl_raw=2664082.0000
[eval] adapter_cls=BayesPaperAdapter
[eval] raw_logits_shape=(10, 256, 101)
[eval] reduced_logits_shape=(256, 101)
[Epoch 227] lr=0.013912 train_loss=0.0603 loss_reg=0.0388 val_acc=0.8751 val_nlpd=0.4416 val_ece=0.0161 kl_weight=0.000000 loss_kl_raw=2664105.7500
[eval] adapter_cls=BayesPaperAdapter
[eval] raw_logits_shape=(10, 256, 101)
[eval] reduced_logits_shape=(256, 101)
[Epoch 228] lr=0.013552 train_loss=0.0603 loss_reg=0.0390 val_acc=0.8762 val_nlpd=0.4394 val_ece=0.0136 kl_weight=0.000000 loss_kl_raw=2664127.2500
[eval] adapter_cls=BayesPaperAdapter
[eval] raw_logits_shape=(10, 256, 101)
[eval] reduced_logits_shape=(256, 101)
[Epoch 229] lr=0.013195 train_loss=0.0604 loss_reg=0.0392 val_acc=0.8762 val_nlpd=0.4402 val_ece=0.0126 kl_weight=0.000000 loss_kl_raw=2664180.0000
[eval] adapter_cls=BayesPaperAdapter
[eval] raw_logits_shape=(10, 256, 101)
[eval] reduced_logits_shape=(256, 101)
[Epoch 230] lr=0.012843 train_loss=0.0607 loss_reg=0.0393 val_acc=0.8751 val_nlpd=0.4389 val_ece=0.0127 kl_weight=0.000000 loss_kl_raw=2664219.7500
[eval] adapter_cls=BayesPaperAdapter
[eval] raw_logits_shape=(10, 256, 101)
[eval] reduced_logits_shape=(256, 101)
[Epoch 231] lr=0.012494 train_loss=0.0608 loss_reg=0.0395 val_acc=0.8746 val_nlpd=0.4410 val_ece=0.0133 kl_weight=0.000000 loss_kl_raw=2664211.2500
[eval] adapter_cls=BayesPaperAdapter
[eval] raw_logits_shape=(10, 256, 101)
[eval] reduced_logits_shape=(256, 101)
[Epoch 232] lr=0.012150 train_loss=0.0611 loss_reg=0.0397 val_acc=0.8772 val_nlpd=0.4394 val_ece=0.0125 kl_weight=0.000000 loss_kl_raw=2664225.7500
[eval] adapter_cls=BayesPaperAdapter
[eval] raw_logits_shape=(10, 256, 101)
[eval] reduced_logits_shape=(256, 101)
[Epoch 233] lr=0.011810 train_loss=0.0612 loss_reg=0.0398 val_acc=0.8757 val_nlpd=0.4396 val_ece=0.0118 kl_weight=0.000000 loss_kl_raw=2664248.7500
[eval] adapter_cls=BayesPaperAdapter
[eval] raw_logits_shape=(10, 256, 101)
[eval] reduced_logits_shape=(256, 101)
[Epoch 234] lr=0.011474 train_loss=0.0613 loss_reg=0.0400 val_acc=0.8757 val_nlpd=0.4408 val_ece=0.0148 kl_weight=0.000000 loss_kl_raw=2664228.2500
[eval] adapter_cls=BayesPaperAdapter
[eval] raw_logits_shape=(10, 256, 101)
[eval] reduced_logits_shape=(256, 101)
[Epoch 235] lr=0.011143 train_loss=0.0616 loss_reg=0.0402 val_acc=0.8772 val_nlpd=0.4399 val_ece=0.0122 kl_weight=0.000000 loss_kl_raw=2664192.5000
[eval] adapter_cls=BayesPaperAdapter
[eval] raw_logits_shape=(10, 256, 101)
[eval] reduced_logits_shape=(256, 101)
[Epoch 236] lr=0.010815 train_loss=0.0618 loss_reg=0.0404 val_acc=0.8762 val_nlpd=0.4403 val_ece=0.0119 kl_weight=0.000000 loss_kl_raw=2664179.0000
[eval] adapter_cls=BayesPaperAdapter
[eval] raw_logits_shape=(10, 256, 101)
[eval] reduced_logits_shape=(256, 101)
[Epoch 237] lr=0.010492 train_loss=0.0619 loss_reg=0.0405 val_acc=0.8762 val_nlpd=0.4386 val_ece=0.0122 kl_weight=0.000000 loss_kl_raw=2664179.0000
[eval] adapter_cls=BayesPaperAdapter
[eval] raw_logits_shape=(10, 256, 101)
[eval] reduced_logits_shape=(256, 101)
[Epoch 238] lr=0.010174 train_loss=0.0620 loss_reg=0.0407 val_acc=0.8757 val_nlpd=0.4399 val_ece=0.0138 kl_weight=0.000000 loss_kl_raw=2664156.7500
[eval] adapter_cls=BayesPaperAdapter
[eval] raw_logits_shape=(10, 256, 101)
[eval] reduced_logits_shape=(256, 101)
[Epoch 239] lr=0.009859 train_loss=0.0621 loss_reg=0.0409 val_acc=0.8762 val_nlpd=0.4400 val_ece=0.0142 kl_weight=0.000000 loss_kl_raw=2664146.5000
[eval] adapter_cls=BayesPaperAdapter
[eval] raw_logits_shape=(10, 256, 101)
[eval] reduced_logits_shape=(256, 101)
[Epoch 240] lr=0.009549 train_loss=0.0624 loss_reg=0.0410 val_acc=0.8767 val_nlpd=0.4390 val_ece=0.0124 kl_weight=0.000000 loss_kl_raw=2664152.2500
[eval] adapter_cls=BayesPaperAdapter
[eval] raw_logits_shape=(10, 256, 101)
[eval] reduced_logits_shape=(256, 101)
[Epoch 241] lr=0.009244 train_loss=0.0626 loss_reg=0.0412 val_acc=0.8751 val_nlpd=0.4399 val_ece=0.0124 kl_weight=0.000000 loss_kl_raw=2664131.5000
[eval] adapter_cls=BayesPaperAdapter
[eval] raw_logits_shape=(10, 256, 101)
[eval] reduced_logits_shape=(256, 101)
[Epoch 242] lr=0.008943 train_loss=0.0627 loss_reg=0.0414 val_acc=0.8757 val_nlpd=0.4392 val_ece=0.0180 kl_weight=0.000000 loss_kl_raw=2664101.2500
[eval] adapter_cls=BayesPaperAdapter
[eval] raw_logits_shape=(10, 256, 101)
[eval] reduced_logits_shape=(256, 101)
[Epoch 243] lr=0.008646 train_loss=0.0630 loss_reg=0.0416 val_acc=0.8762 val_nlpd=0.4391 val_ece=0.0114 kl_weight=0.000000 loss_kl_raw=2664068.2500
[eval] adapter_cls=BayesPaperAdapter
[eval] raw_logits_shape=(10, 256, 101)
[eval] reduced_logits_shape=(256, 101)
[Epoch 244] lr=0.008354 train_loss=0.0631 loss_reg=0.0417 val_acc=0.8762 val_nlpd=0.4398 val_ece=0.0111 kl_weight=0.000000 loss_kl_raw=2664048.5000
[eval] adapter_cls=BayesPaperAdapter
[eval] raw_logits_shape=(10, 256, 101)
[eval] reduced_logits_shape=(256, 101)
[Epoch 245] lr=0.008066 train_loss=0.0632 loss_reg=0.0419 val_acc=0.8762 val_nlpd=0.4400 val_ece=0.0160 kl_weight=0.000000 loss_kl_raw=2664029.2500
[eval] adapter_cls=BayesPaperAdapter
[eval] raw_logits_shape=(10, 256, 101)
[eval] reduced_logits_shape=(256, 101)
[Epoch 246] lr=0.007784 train_loss=0.0633 loss_reg=0.0421 val_acc=0.8767 val_nlpd=0.4393 val_ece=0.0167 kl_weight=0.000000 loss_kl_raw=2663989.0000
[eval] adapter_cls=BayesPaperAdapter
[eval] raw_logits_shape=(10, 256, 101)
[eval] reduced_logits_shape=(256, 101)
[Epoch 247] lr=0.007505 train_loss=0.0635 loss_reg=0.0422 val_acc=0.8757 val_nlpd=0.4390 val_ece=0.0133 kl_weight=0.000000 loss_kl_raw=2663939.7500
[eval] adapter_cls=BayesPaperAdapter
[eval] raw_logits_shape=(10, 256, 101)
[eval] reduced_logits_shape=(256, 101)
[Epoch 248] lr=0.007232 train_loss=0.0637 loss_reg=0.0424 val_acc=0.8767 val_nlpd=0.4383 val_ece=0.0117 kl_weight=0.000000 loss_kl_raw=2663872.7500
[eval] adapter_cls=BayesPaperAdapter
[eval] raw_logits_shape=(10, 256, 101)
[eval] reduced_logits_shape=(256, 101)
[Epoch 249] lr=0.006963 train_loss=0.0640 loss_reg=0.0426 val_acc=0.8778 val_nlpd=0.4384 val_ece=0.0132 kl_weight=0.000000 loss_kl_raw=2663820.7500
[eval] adapter_cls=BayesPaperAdapter
[eval] raw_logits_shape=(10, 256, 101)
[eval] reduced_logits_shape=(256, 101)
[Epoch 250] lr=0.006699 train_loss=0.0639 loss_reg=0.0428 val_acc=0.8757 val_nlpd=0.4407 val_ece=0.0146 kl_weight=0.000000 loss_kl_raw=2663779.5000
[eval] adapter_cls=BayesPaperAdapter
[eval] raw_logits_shape=(10, 256, 101)
[eval] reduced_logits_shape=(256, 101)
[Epoch 251] lr=0.006439 train_loss=0.0643 loss_reg=0.0429 val_acc=0.8767 val_nlpd=0.4401 val_ece=0.0122 kl_weight=0.000000 loss_kl_raw=2663718.0000
[eval] adapter_cls=BayesPaperAdapter
[eval] raw_logits_shape=(10, 256, 101)
[eval] reduced_logits_shape=(256, 101)
[Epoch 252] lr=0.006185 train_loss=0.0643 loss_reg=0.0431 val_acc=0.8772 val_nlpd=0.4383 val_ece=0.0133 kl_weight=0.000000 loss_kl_raw=2663667.2500
[eval] adapter_cls=BayesPaperAdapter
[eval] raw_logits_shape=(10, 256, 101)
[eval] reduced_logits_shape=(256, 101)
[Epoch 253] lr=0.005935 train_loss=0.0646 loss_reg=0.0433 val_acc=0.8757 val_nlpd=0.4396 val_ece=0.0127 kl_weight=0.000000 loss_kl_raw=2663616.5000
[eval] adapter_cls=BayesPaperAdapter
[eval] raw_logits_shape=(10, 256, 101)
[eval] reduced_logits_shape=(256, 101)
[Epoch 254] lr=0.005690 train_loss=0.0648 loss_reg=0.0434 val_acc=0.8762 val_nlpd=0.4392 val_ece=0.0142 kl_weight=0.000000 loss_kl_raw=2663557.0000
[eval] adapter_cls=BayesPaperAdapter
[eval] raw_logits_shape=(10, 256, 101)
[eval] reduced_logits_shape=(256, 101)
[Epoch 255] lr=0.005450 train_loss=0.0649 loss_reg=0.0436 val_acc=0.8772 val_nlpd=0.4397 val_ece=0.0156 kl_weight=0.000000 loss_kl_raw=2663504.2500
[eval] adapter_cls=BayesPaperAdapter
[eval] raw_logits_shape=(10, 256, 101)
[eval] reduced_logits_shape=(256, 101)
[Epoch 256] lr=0.005214 train_loss=0.0651 loss_reg=0.0438 val_acc=0.8767 val_nlpd=0.4386 val_ece=0.0121 kl_weight=0.000000 loss_kl_raw=2663447.2500
[eval] adapter_cls=BayesPaperAdapter
[eval] raw_logits_shape=(10, 256, 101)
[eval] reduced_logits_shape=(256, 101)
[Epoch 257] lr=0.004984 train_loss=0.0652 loss_reg=0.0440 val_acc=0.8783 val_nlpd=0.4391 val_ece=0.0117 kl_weight=0.000000 loss_kl_raw=2663393.7500
[eval] adapter_cls=BayesPaperAdapter
[eval] raw_logits_shape=(10, 256, 101)
[eval] reduced_logits_shape=(256, 101)
[Epoch 258] lr=0.004759 train_loss=0.0655 loss_reg=0.0441 val_acc=0.8783 val_nlpd=0.4395 val_ece=0.0126 kl_weight=0.000000 loss_kl_raw=2663331.0000
[eval] adapter_cls=BayesPaperAdapter
[eval] raw_logits_shape=(10, 256, 101)
[eval] reduced_logits_shape=(256, 101)
[Epoch 259] lr=0.004538 train_loss=0.0656 loss_reg=0.0443 val_acc=0.8778 val_nlpd=0.4387 val_ece=0.0137 kl_weight=0.000000 loss_kl_raw=2663279.7500
[eval] adapter_cls=BayesPaperAdapter
[eval] raw_logits_shape=(10, 256, 101)
[eval] reduced_logits_shape=(256, 101)
[Epoch 260] lr=0.004323 train_loss=0.0658 loss_reg=0.0445 val_acc=0.8762 val_nlpd=0.4400 val_ece=0.0147 kl_weight=0.000000 loss_kl_raw=2663221.5000
[eval] adapter_cls=BayesPaperAdapter
[eval] raw_logits_shape=(10, 256, 101)
[eval] reduced_logits_shape=(256, 101)
[Epoch 261] lr=0.004112 train_loss=0.0660 loss_reg=0.0446 val_acc=0.8757 val_nlpd=0.4390 val_ece=0.0131 kl_weight=0.000000 loss_kl_raw=2663183.2500
[eval] adapter_cls=BayesPaperAdapter
[eval] raw_logits_shape=(10, 256, 101)
[eval] reduced_logits_shape=(256, 101)
[Epoch 262] lr=0.003907 train_loss=0.0661 loss_reg=0.0448 val_acc=0.8767 val_nlpd=0.4397 val_ece=0.0156 kl_weight=0.000000 loss_kl_raw=2663139.0000
[eval] adapter_cls=BayesPaperAdapter
[eval] raw_logits_shape=(10, 256, 101)
[eval] reduced_logits_shape=(256, 101)
[Epoch 263] lr=0.003706 train_loss=0.0663 loss_reg=0.0450 val_acc=0.8772 val_nlpd=0.4387 val_ece=0.0140 kl_weight=0.000000 loss_kl_raw=2663088.0000
[eval] adapter_cls=BayesPaperAdapter
[eval] raw_logits_shape=(10, 256, 101)
[eval] reduced_logits_shape=(256, 101)
[Epoch 264] lr=0.003511 train_loss=0.0665 loss_reg=0.0451 val_acc=0.8767 val_nlpd=0.4383 val_ece=0.0132 kl_weight=0.000000 loss_kl_raw=2663041.2500
[eval] adapter_cls=BayesPaperAdapter
[eval] raw_logits_shape=(10, 256, 101)
[eval] reduced_logits_shape=(256, 101)
[Epoch 265] lr=0.003321 train_loss=0.0666 loss_reg=0.0453 val_acc=0.8772 val_nlpd=0.4391 val_ece=0.0136 kl_weight=0.000000 loss_kl_raw=2662988.5000
[eval] adapter_cls=BayesPaperAdapter
[eval] raw_logits_shape=(10, 256, 101)
[eval] reduced_logits_shape=(256, 101)
[Epoch 266] lr=0.003136 train_loss=0.0669 loss_reg=0.0455 val_acc=0.8778 val_nlpd=0.4384 val_ece=0.0113 kl_weight=0.000000 loss_kl_raw=2662949.7500
[eval] adapter_cls=BayesPaperAdapter
[eval] raw_logits_shape=(10, 256, 101)
[eval] reduced_logits_shape=(256, 101)
[Epoch 267] lr=0.002956 train_loss=0.0670 loss_reg=0.0457 val_acc=0.8778 val_nlpd=0.4374 val_ece=0.0134 kl_weight=0.000000 loss_kl_raw=2662904.0000
[eval] adapter_cls=BayesPaperAdapter
[eval] raw_logits_shape=(10, 256, 101)
[eval] reduced_logits_shape=(256, 101)
[Epoch 268] lr=0.002781 train_loss=0.0672 loss_reg=0.0458 val_acc=0.8772 val_nlpd=0.4393 val_ece=0.0133 kl_weight=0.000000 loss_kl_raw=2662858.2500
[eval] adapter_cls=BayesPaperAdapter
[eval] raw_logits_shape=(10, 256, 101)
[eval] reduced_logits_shape=(256, 101)
[Epoch 269] lr=0.002612 train_loss=0.0674 loss_reg=0.0460 val_acc=0.8757 val_nlpd=0.4392 val_ece=0.0151 kl_weight=0.000000 loss_kl_raw=2662817.7500
[eval] adapter_cls=BayesPaperAdapter
[eval] raw_logits_shape=(10, 256, 101)
[eval] reduced_logits_shape=(256, 101)
[Epoch 270] lr=0.002447 train_loss=0.0675 loss_reg=0.0462 val_acc=0.8757 val_nlpd=0.4399 val_ece=0.0131 kl_weight=0.000000 loss_kl_raw=2662774.0000
[eval] adapter_cls=BayesPaperAdapter
[eval] raw_logits_shape=(10, 256, 101)
[eval] reduced_logits_shape=(256, 101)
[Epoch 271] lr=0.002288 train_loss=0.0676 loss_reg=0.0463 val_acc=0.8767 val_nlpd=0.4406 val_ece=0.0152 kl_weight=0.000000 loss_kl_raw=2662737.2500
[eval] adapter_cls=BayesPaperAdapter
[eval] raw_logits_shape=(10, 256, 101)
[eval] reduced_logits_shape=(256, 101)
[Epoch 272] lr=0.002134 train_loss=0.0678 loss_reg=0.0465 val_acc=0.8762 val_nlpd=0.4388 val_ece=0.0119 kl_weight=0.000000 loss_kl_raw=2662699.0000
[eval] adapter_cls=BayesPaperAdapter
[eval] raw_logits_shape=(10, 256, 101)
[eval] reduced_logits_shape=(256, 101)
[Epoch 273] lr=0.001985 train_loss=0.0680 loss_reg=0.0467 val_acc=0.8762 val_nlpd=0.4400 val_ece=0.0150 kl_weight=0.000000 loss_kl_raw=2662665.2500
[eval] adapter_cls=BayesPaperAdapter
[eval] raw_logits_shape=(10, 256, 101)
[eval] reduced_logits_shape=(256, 101)
[Epoch 274] lr=0.001842 train_loss=0.0682 loss_reg=0.0469 val_acc=0.8757 val_nlpd=0.4390 val_ece=0.0128 kl_weight=0.000000 loss_kl_raw=2662631.2500
[eval] adapter_cls=BayesPaperAdapter
[eval] raw_logits_shape=(10, 256, 101)
[eval] reduced_logits_shape=(256, 101)
[Epoch 275] lr=0.001704 train_loss=0.0684 loss_reg=0.0470 val_acc=0.8757 val_nlpd=0.4390 val_ece=0.0127 kl_weight=0.000000 loss_kl_raw=2662598.0000
[eval] adapter_cls=BayesPaperAdapter
[eval] raw_logits_shape=(10, 256, 101)
[eval] reduced_logits_shape=(256, 101)
[Epoch 276] lr=0.001571 train_loss=0.0686 loss_reg=0.0472 val_acc=0.8772 val_nlpd=0.4390 val_ece=0.0138 kl_weight=0.000000 loss_kl_raw=2662570.7500
[eval] adapter_cls=BayesPaperAdapter
[eval] raw_logits_shape=(10, 256, 101)
[eval] reduced_logits_shape=(256, 101)
[Epoch 277] lr=0.001443 train_loss=0.0686 loss_reg=0.0474 val_acc=0.8772 val_nlpd=0.4385 val_ece=0.0123 kl_weight=0.000000 loss_kl_raw=2662540.0000
[eval] adapter_cls=BayesPaperAdapter
[eval] raw_logits_shape=(10, 256, 101)
[eval] reduced_logits_shape=(256, 101)
[Epoch 278] lr=0.001321 train_loss=0.0689 loss_reg=0.0475 val_acc=0.8778 val_nlpd=0.4383 val_ece=0.0108 kl_weight=0.000000 loss_kl_raw=2662511.0000
[eval] adapter_cls=BayesPaperAdapter
[eval] raw_logits_shape=(10, 256, 101)
[eval] reduced_logits_shape=(256, 101)
[Epoch 279] lr=0.001204 train_loss=0.0690 loss_reg=0.0477 val_acc=0.8751 val_nlpd=0.4396 val_ece=0.0139 kl_weight=0.000000 loss_kl_raw=2662485.7500
[eval] adapter_cls=BayesPaperAdapter
[eval] raw_logits_shape=(10, 256, 101)
[eval] reduced_logits_shape=(256, 101)
[Epoch 280] lr=0.001093 train_loss=0.0692 loss_reg=0.0479 val_acc=0.8778 val_nlpd=0.4399 val_ece=0.0117 kl_weight=0.000000 loss_kl_raw=2662460.0000
[eval] adapter_cls=BayesPaperAdapter
[eval] raw_logits_shape=(10, 256, 101)
[eval] reduced_logits_shape=(256, 101)
[Epoch 281] lr=0.000986 train_loss=0.0694 loss_reg=0.0481 val_acc=0.8762 val_nlpd=0.4384 val_ece=0.0139 kl_weight=0.000000 loss_kl_raw=2662437.7500
[eval] adapter_cls=BayesPaperAdapter
[eval] raw_logits_shape=(10, 256, 101)
[eval] reduced_logits_shape=(256, 101)
[Epoch 282] lr=0.000886 train_loss=0.0696 loss_reg=0.0482 val_acc=0.8757 val_nlpd=0.4392 val_ece=0.0116 kl_weight=0.000000 loss_kl_raw=2662417.2500
[eval] adapter_cls=BayesPaperAdapter
[eval] raw_logits_shape=(10, 256, 101)
[eval] reduced_logits_shape=(256, 101)
[Epoch 283] lr=0.000790 train_loss=0.0698 loss_reg=0.0484 val_acc=0.8772 val_nlpd=0.4397 val_ece=0.0148 kl_weight=0.000000 loss_kl_raw=2662398.5000
[eval] adapter_cls=BayesPaperAdapter
[eval] raw_logits_shape=(10, 256, 101)
[eval] reduced_logits_shape=(256, 101)
[Epoch 284] lr=0.000700 train_loss=0.0700 loss_reg=0.0486 val_acc=0.8767 val_nlpd=0.4401 val_ece=0.0117 kl_weight=0.000000 loss_kl_raw=2662380.2500
[eval] adapter_cls=BayesPaperAdapter
[eval] raw_logits_shape=(10, 256, 101)
[eval] reduced_logits_shape=(256, 101)
[Epoch 285] lr=0.000616 train_loss=0.0701 loss_reg=0.0487 val_acc=0.8778 val_nlpd=0.4385 val_ece=0.0108 kl_weight=0.000000 loss_kl_raw=2662365.7500
[eval] adapter_cls=BayesPaperAdapter
[eval] raw_logits_shape=(10, 256, 101)
[eval] reduced_logits_shape=(256, 101)
[Epoch 286] lr=0.000536 train_loss=0.0702 loss_reg=0.0489 val_acc=0.8772 val_nlpd=0.4384 val_ece=0.0128 kl_weight=0.000000 loss_kl_raw=2662351.2500
[eval] adapter_cls=BayesPaperAdapter
[eval] raw_logits_shape=(10, 256, 101)
[eval] reduced_logits_shape=(256, 101)
[Epoch 287] lr=0.000463 train_loss=0.0705 loss_reg=0.0491 val_acc=0.8762 val_nlpd=0.4405 val_ece=0.0125 kl_weight=0.000000 loss_kl_raw=2662337.7500
[eval] adapter_cls=BayesPaperAdapter
[eval] raw_logits_shape=(10, 256, 101)
[eval] reduced_logits_shape=(256, 101)
[Epoch 288] lr=0.000394 train_loss=0.0706 loss_reg=0.0493 val_acc=0.8762 val_nlpd=0.4394 val_ece=0.0134 kl_weight=0.000000 loss_kl_raw=2662326.2500
[eval] adapter_cls=BayesPaperAdapter
[eval] raw_logits_shape=(10, 256, 101)
[eval] reduced_logits_shape=(256, 101)
[Epoch 289] lr=0.000331 train_loss=0.0708 loss_reg=0.0494 val_acc=0.8751 val_nlpd=0.4402 val_ece=0.0145 kl_weight=0.000000 loss_kl_raw=2662315.5000
[eval] adapter_cls=BayesPaperAdapter
[eval] raw_logits_shape=(10, 256, 101)
[eval] reduced_logits_shape=(256, 101)
[Epoch 290] lr=0.000274 train_loss=0.0709 loss_reg=0.0496 val_acc=0.8757 val_nlpd=0.4381 val_ece=0.0137 kl_weight=0.000000 loss_kl_raw=2662306.7500
[eval] adapter_cls=BayesPaperAdapter
[eval] raw_logits_shape=(10, 256, 101)
[eval] reduced_logits_shape=(256, 101)
[Epoch 291] lr=0.000222 train_loss=0.0711 loss_reg=0.0498 val_acc=0.8772 val_nlpd=0.4401 val_ece=0.0138 kl_weight=0.000000 loss_kl_raw=2662299.0000
[eval] adapter_cls=BayesPaperAdapter
[eval] raw_logits_shape=(10, 256, 101)
[eval] reduced_logits_shape=(256, 101)
[Epoch 292] lr=0.000175 train_loss=0.0713 loss_reg=0.0499 val_acc=0.8778 val_nlpd=0.4394 val_ece=0.0109 kl_weight=0.000000 loss_kl_raw=2662292.7500
[eval] adapter_cls=BayesPaperAdapter
[eval] raw_logits_shape=(10, 256, 101)
[eval] reduced_logits_shape=(256, 101)
[Epoch 293] lr=0.000134 train_loss=0.0714 loss_reg=0.0501 val_acc=0.8751 val_nlpd=0.4388 val_ece=0.0137 kl_weight=0.000000 loss_kl_raw=2662287.7500
[eval] adapter_cls=BayesPaperAdapter
[eval] raw_logits_shape=(10, 256, 101)
[eval] reduced_logits_shape=(256, 101)
[Epoch 294] lr=0.000099 train_loss=0.0716 loss_reg=0.0503 val_acc=0.8751 val_nlpd=0.4403 val_ece=0.0141 kl_weight=0.000000 loss_kl_raw=2662283.7500
[eval] adapter_cls=BayesPaperAdapter
[eval] raw_logits_shape=(10, 256, 101)
[eval] reduced_logits_shape=(256, 101)
[Epoch 295] lr=0.000069 train_loss=0.0717 loss_reg=0.0505 val_acc=0.8757 val_nlpd=0.4395 val_ece=0.0149 kl_weight=0.000000 loss_kl_raw=2662280.7500
[eval] adapter_cls=BayesPaperAdapter
[eval] raw_logits_shape=(10, 256, 101)
[eval] reduced_logits_shape=(256, 101)
[Epoch 296] lr=0.000044 train_loss=0.0721 loss_reg=0.0506 val_acc=0.8767 val_nlpd=0.4391 val_ece=0.0138 kl_weight=0.000000 loss_kl_raw=2662278.7500
[eval] adapter_cls=BayesPaperAdapter
[eval] raw_logits_shape=(10, 256, 101)
[eval] reduced_logits_shape=(256, 101)
[Epoch 297] lr=0.000025 train_loss=0.0722 loss_reg=0.0508 val_acc=0.8757 val_nlpd=0.4396 val_ece=0.0135 kl_weight=0.000000 loss_kl_raw=2662277.7500
[eval] adapter_cls=BayesPaperAdapter
[eval] raw_logits_shape=(10, 256, 101)
[eval] reduced_logits_shape=(256, 101)
[Epoch 298] lr=0.000011 train_loss=0.0723 loss_reg=0.0510 val_acc=0.8757 val_nlpd=0.4382 val_ece=0.0141 kl_weight=0.000000 loss_kl_raw=2662277.2500
[eval] adapter_cls=BayesPaperAdapter
[eval] raw_logits_shape=(10, 256, 101)
[eval] reduced_logits_shape=(256, 101)
[Epoch 299] lr=0.000003 train_loss=0.0725 loss_reg=0.0511 val_acc=0.8751 val_nlpd=0.4397 val_ece=0.0129 kl_weight=0.000000 loss_kl_raw=2662277.0000
[eval] adapter_cls=BayesPaperAdapter
[eval] raw_logits_shape=(10, 256, 101)
[eval] reduced_logits_shape=(256, 101)
[Epoch 300] lr=0.000000 train_loss=0.0726 loss_reg=0.0513 val_acc=0.8757 val_nlpd=0.4392 val_ece=0.0144 kl_weight=0.000000 loss_kl_raw=2662277.0000
[done] training complete:
{
  "family": "vlm_adapter",
  "variant": "BAYESADAPTER",
  "protocol": "id",
  "dataset": "ucf101",
  "seed": 2,
  "model_selection": "last",
  "selection_metric": "acc",
  "selection_mode": "max",
  "best_epoch": 162,
  "best_val_metrics_saved": {
    "loss": 0.4428869420534944,
    "acc": 0.8782929182052612,
    "nlpd": 0.4418428838253021,
    "ece": 0.011954124085605145,
    "aece": 0.008659948162082877,
    "raw_cov_99": 0.4420442581176758,
    "sel_acc_99": 0.9940405488014221,
    "reliable_99": 1.0,
    "cov_99": 0.4420442581176758,
    "class_cov_99": 0.9207920792079208,
    "raw_cov_95": 0.6296101212501526,
    "sel_acc_95": 0.985774040222168,
    "reliable_95": 1.0,
    "cov_95": 0.6296101212501526,
    "class_cov_95": 0.9900990099009901,
    "raw_cov_90": 0.7007375955581665,
    "sel_acc_90": 0.9796992540359497,
    "reliable_90": 1.0,
    "cov_90": 0.7007375955581665,
    "class_cov_90": 1.0,
    "raw_cov_85": 0.751844048500061,
    "sel_acc_85": 0.9726699590682983,
    "reliable_85": 1.0,
    "cov_85": 0.751844048500061,
    "class_cov_85": 1.0,
    "raw_cov_80": 0.7839831113815308,
    "sel_acc_80": 0.9663978219032288,
    "reliable_80": 1.0,
    "cov_80": 0.7839831113815308,
    "class_cov_80": 1.0
  },
  "last_epoch": 300,
  "last_val_metrics_saved": {
    "loss": 0.4401585214130494,
    "acc": 0.8756585717201233,
    "nlpd": 0.43915778398513794,
    "ece": 0.014363512396812439,
    "aece": 0.01187836301088082,
    "raw_cov_99": 0.44731295108795166,
    "sel_acc_99": 0.9941107034683228,
    "reliable_99": 1.0,
    "cov_99": 0.44731295108795166,
    "class_cov_99": 0.9207920792079208,
    "raw_cov_95": 0.6317176222801208,
    "sel_acc_95": 0.9866555333137512,
    "reliable_95": 1.0,
    "cov_95": 0.6317176222801208,
    "class_cov_95": 0.9900990099009901,
    "raw_cov_90": 0.7033719420433044,
    "sel_acc_90": 0.9782771468162537,
    "reliable_90": 1.0,
    "cov_90": 0.7033719420433044,
    "class_cov_90": 1.0,
    "raw_cov_85": 0.7523708939552307,
    "sel_acc_85": 0.9733893275260925,
    "reliable_85": 1.0,
    "cov_85": 0.7523708939552307,
    "class_cov_85": 1.0,
    "raw_cov_80": 0.782402515411377,
    "sel_acc_80": 0.967003345489502,
    "reliable_80": 1.0,
    "cov_80": 0.782402515411377,
    "class_cov_80": 1.0
  },
  "run_dir": "/root/autodl-tmp/BayesVLM/output/vlm_adapter/id/ucf101/BAYESADAPTER/BAYESADAPTER/logit_scale_frozen/prior_text_only__seed_2__last/shot_16/seed_2",
  "elapsed_seconds": 38.49,
  "artifacts": {
    "log_file": "train/train.log",
    "config_file": "config/config.json",
    "class_names_file": "config/class_names.json",
    "metrics_csv_file": "train/metrics_history.csv",
    "best_ckpt_file": "checkpoints/best_adapter.pt",
    "last_ckpt_file": "checkpoints/last_adapter.pt"
  }
}
