[run] family=vlm_adapter
[run] variant=BAYESADAPTER
[run] protocol=id
[run] dataset=ucf101
[run] model=clip-base
[run] shots_per_class=16
[run] seed=1
[run] device=cuda
[run] run_dir=/root/autodl-tmp/BayesVLM/output/vlm_adapter/id/ucf101/BAYESADAPTER/BAYESADAPTER/logit_scale_frozen/prior_text_only__seed_1__last/shot_16/seed_1
[run] optimizer=sgd
[run] lr_scheduler=cosine
[run] model_selection=last
[note] pseudo_data_count=None retained only for explicit config parity.
[note] bayesadapter_covariance_mode=paper_scalar
[note] bayesadapter_text_only_run_dir=./output/text_only_bayes_coop_bayes/id/ucf101/logit_scale_frozen/shot_16/seed_1
[note] bayesadapter_text_only_ckpt=last
===== train =====
num_classes: 101
  0 | Apply_Eye_Makeup          | 16
  1 | Apply_Lipstick            | 16
  2 | Archery                   | 16
  3 | Baby_Crawling             | 16
  4 | Balance_Beam              | 16
  5 | Band_Marching             | 16
  6 | Baseball_Pitch            | 16
  7 | Basketball                | 16
  8 | Basketball_Dunk           | 16
  9 | Bench_Press               | 16
 10 | Biking                    | 16
 11 | Billiards                 | 16
 12 | Blow_Dry_Hair             | 16
 13 | Blowing_Candles           | 16
 14 | Body_Weight_Squats        | 16
 15 | Bowling                   | 16
 16 | Boxing_Punching_Bag       | 16
 17 | Boxing_Speed_Bag          | 16
 18 | Breast_Stroke             | 16
 19 | Brushing_Teeth            | 16
 20 | Clean_And_Jerk            | 16
 21 | Cliff_Diving              | 16
 22 | Cricket_Bowling           | 16
 23 | Cricket_Shot              | 16
 24 | Cutting_In_Kitchen        | 16
 25 | Diving                    | 16
 26 | Drumming                  | 16
 27 | Fencing                   | 16
 28 | Field_Hockey_Penalty      | 16
 29 | Floor_Gymnastics          | 16
 30 | Frisbee_Catch             | 16
 31 | Front_Crawl               | 16
 32 | Golf_Swing                | 16
 33 | Haircut                   | 16
 34 | Hammering                 | 16
 35 | Hammer_Throw              | 16
 36 | Handstand_Pushups         | 16
 37 | Handstand_Walking         | 16
 38 | Head_Massage              | 16
 39 | High_Jump                 | 16
 40 | Horse_Race                | 16
 41 | Horse_Riding              | 16
 42 | Hula_Hoop                 | 16
 43 | Ice_Dancing               | 16
 44 | Javelin_Throw             | 16
 45 | Juggling_Balls            | 16
 46 | Jumping_Jack              | 16
 47 | Jump_Rope                 | 16
 48 | Kayaking                  | 16
 49 | Knitting                  | 16
 50 | Long_Jump                 | 16
 51 | Lunges                    | 16
 52 | Military_Parade           | 16
 53 | Mixing                    | 16
 54 | Mopping_Floor             | 16
 55 | Nunchucks                 | 16
 56 | Parallel_Bars             | 16
 57 | Pizza_Tossing             | 16
 58 | Playing_Cello             | 16
 59 | Playing_Daf               | 16
 60 | Playing_Dhol              | 16
 61 | Playing_Flute             | 16
 62 | Playing_Guitar            | 16
 63 | Playing_Piano             | 16
 64 | Playing_Sitar             | 16
 65 | Playing_Tabla             | 16
 66 | Playing_Violin            | 16
 67 | Pole_Vault                | 16
 68 | Pommel_Horse              | 16
 69 | Pull_Ups                  | 16
 70 | Punch                     | 16
 71 | Push_Ups                  | 16
 72 | Rafting                   | 16
 73 | Rock_Climbing_Indoor      | 16
 74 | Rope_Climbing             | 16
 75 | Rowing                    | 16
 76 | Salsa_Spin                | 16
 77 | Shaving_Beard             | 16
 78 | Shotput                   | 16
 79 | Skate_Boarding            | 16
 80 | Skiing                    | 16
 81 | Skijet                    | 16
 82 | Sky_Diving                | 16
 83 | Soccer_Juggling           | 16
 84 | Soccer_Penalty            | 16
 85 | Still_Rings               | 16
 86 | Sumo_Wrestling            | 16
 87 | Surfing                   | 16
 88 | Swing                     | 16
 89 | Table_Tennis_Shot         | 16
 90 | Tai_Chi                   | 16
 91 | Tennis_Swing              | 16
 92 | Throw_Discus              | 16
 93 | Trampoline_Jumping        | 16
 94 | Typing                    | 16
 95 | Uneven_Bars               | 16
 96 | Volleyball_Spiking        | 16
 97 | Walking_With_Dog          | 16
 98 | Wall_Pushups              | 16
 99 | Writing_On_Board          | 16
100 | Yo_Yo                     | 16
===== test =====
num_classes: 101
  0 | Apply_Eye_Makeup          | 44
  1 | Apply_Lipstick            | 32
  2 | Archery                   | 41
  3 | Baby_Crawling             | 35
  4 | Balance_Beam              | 31
  5 | Band_Marching             | 43
  6 | Baseball_Pitch            | 43
  7 | Basketball                | 35
  8 | Basketball_Dunk           | 37
  9 | Bench_Press               | 48
 10 | Biking                    | 38
 11 | Billiards                 | 40
 12 | Blow_Dry_Hair             | 38
 13 | Blowing_Candles           | 33
 14 | Body_Weight_Squats        | 30
 15 | Bowling                   | 43
 16 | Boxing_Punching_Bag       | 49
 17 | Boxing_Speed_Bag          | 37
 18 | Breast_Stroke             | 28
 19 | Brushing_Teeth            | 36
 20 | Clean_And_Jerk            | 33
 21 | Cliff_Diving              | 39
 22 | Cricket_Bowling           | 36
 23 | Cricket_Shot              | 49
 24 | Cutting_In_Kitchen        | 33
 25 | Diving                    | 45
 26 | Drumming                  | 45
 27 | Fencing                   | 34
 28 | Field_Hockey_Penalty      | 40
 29 | Floor_Gymnastics          | 36
 30 | Frisbee_Catch             | 37
 31 | Front_Crawl               | 37
 32 | Golf_Swing                | 39
 33 | Haircut                   | 33
 34 | Hammering                 | 33
 35 | Hammer_Throw              | 45
 36 | Handstand_Pushups         | 28
 37 | Handstand_Walking         | 34
 38 | Head_Massage              | 41
 39 | High_Jump                 | 37
 40 | Horse_Race                | 35
 41 | Horse_Riding              | 49
 42 | Hula_Hoop                 | 34
 43 | Ice_Dancing               | 46
 44 | Javelin_Throw             | 31
 45 | Juggling_Balls            | 40
 46 | Jumping_Jack              | 37
 47 | Jump_Rope                 | 38
 48 | Kayaking                  | 36
 49 | Knitting                  | 34
 50 | Long_Jump                 | 39
 51 | Lunges                    | 37
 52 | Military_Parade           | 33
 53 | Mixing                    | 45
 54 | Mopping_Floor             | 34
 55 | Nunchucks                 | 35
 56 | Parallel_Bars             | 37
 57 | Pizza_Tossing             | 33
 58 | Playing_Cello             | 44
 59 | Playing_Daf               | 41
 60 | Playing_Dhol              | 49
 61 | Playing_Flute             | 48
 62 | Playing_Guitar            | 43
 63 | Playing_Piano             | 28
 64 | Playing_Sitar             | 44
 65 | Playing_Tabla             | 31
 66 | Playing_Violin            | 28
 67 | Pole_Vault                | 40
 68 | Pommel_Horse              | 35
 69 | Pull_Ups                  | 28
 70 | Punch                     | 39
 71 | Push_Ups                  | 30
 72 | Rafting                   | 28
 73 | Rock_Climbing_Indoor      | 41
 74 | Rope_Climbing             | 34
 75 | Rowing                    | 36
 76 | Salsa_Spin                | 43
 77 | Shaving_Beard             | 43
 78 | Shotput                   | 46
 79 | Skate_Boarding            | 32
 80 | Skiing                    | 40
 81 | Skijet                    | 28
 82 | Sky_Diving                | 31
 83 | Soccer_Juggling           | 39
 84 | Soccer_Penalty            | 41
 85 | Still_Rings               | 32
 86 | Sumo_Wrestling            | 34
 87 | Surfing                   | 33
 88 | Swing                     | 42
 89 | Table_Tennis_Shot         | 39
 90 | Tai_Chi                   | 28
 91 | Tennis_Swing              | 49
 92 | Throw_Discus              | 38
 93 | Trampoline_Jumping        | 32
 94 | Typing                    | 43
 95 | Uneven_Bars               | 28
 96 | Volleyball_Spiking        | 35
 97 | Walking_With_Dog          | 36
 98 | Wall_Pushups              | 35
 99 | Writing_On_Board          | 45
100 | Yo_Yo                     | 36
[load_model] 使用本地模型目录：/root/autodl-tmp/BayesVLM/models/clip-vit-b32
[cache] dataset=ucf101 split=id_train cache_dir=/root/autodl-tmp/BayesVLM/cache/image_features/ucf101/model_clip-base/weights__root_autodl-tmp_BayesVLM_models_clip-vit-b32/imgsz_224/tfm_cf4d0ebdf93a/id_train
[cache] manifest 不匹配，准备重建。
[cache] manifest_diff_keys=['num_samples', 'sample_keys_sha256']
[cache]   num_samples: current=808 | expected=1616
[cache]   sample_keys_sha256: current=d0cc341eb8fbe22037e67cbf94da659b0f23b9429b5d0d99b24f3eeab350c70d | expected=6bc1b346baf1dd605538d33c1552f32ad718c0323d3273d9bff8644ca3949021
  0%|          | 0/7 [00:00<?, ?it/s] 14%|#4        | 1/7 [00:01<00:09,  1.54s/it] 43%|####2     | 3/7 [00:01<00:01,  2.17it/s] 71%|#######1  | 5/7 [00:01<00:00,  3.76it/s]100%|##########| 7/7 [00:01<00:00,  5.66it/s]100%|##########| 7/7 [00:01<00:00,  3.54it/s]
[cache] 已完成重建并写入 manifest。
[cache] dataset=ucf101 split=id_train_eval cache_dir=/root/autodl-tmp/BayesVLM/cache/image_features/ucf101/model_clip-base/weights__root_autodl-tmp_BayesVLM_models_clip-vit-b32/imgsz_224/tfm_cf4d0ebdf93a/id_train_eval
[cache] manifest 不匹配，准备重建。
[cache] manifest_diff_keys=['num_samples', 'sample_keys_sha256']
[cache]   num_samples: current=808 | expected=1616
[cache]   sample_keys_sha256: current=d0cc341eb8fbe22037e67cbf94da659b0f23b9429b5d0d99b24f3eeab350c70d | expected=6bc1b346baf1dd605538d33c1552f32ad718c0323d3273d9bff8644ca3949021
  0%|          | 0/7 [00:00<?, ?it/s] 14%|#4        | 1/7 [00:01<00:06,  1.02s/it] 29%|##8       | 2/7 [00:01<00:02,  1.87it/s] 57%|#####7    | 4/7 [00:01<00:00,  3.99it/s] 86%|########5 | 6/7 [00:01<00:00,  5.85it/s]100%|##########| 7/7 [00:01<00:00,  4.46it/s]
[cache] 已完成重建并写入 manifest。
[cache] dataset=ucf101 split=id_val cache_dir=/root/autodl-tmp/BayesVLM/cache/image_features/ucf101/model_clip-base/weights__root_autodl-tmp_BayesVLM_models_clip-vit-b32/imgsz_224/tfm_cf4d0ebdf93a/id_val
[cache] 命中缓存，直接加载。
[cache] dataset=ucf101 split=id_test cache_dir=/root/autodl-tmp/BayesVLM/cache/image_features/ucf101/model_clip-base/weights__root_autodl-tmp_BayesVLM_models_clip-vit-b32/imgsz_224/tfm_cf4d0ebdf93a/id_test
[cache] 命中缓存，直接加载。
[train] starting training loop ...
[eval] adapter_cls=BayesPaperAdapter
[eval] raw_logits_shape=(10, 256, 101)
[eval] reduced_logits_shape=(256, 101)
[Epoch 001] lr=0.099997 train_loss=1.3068 loss_reg=0.0000 val_acc=0.6960 val_nlpd=1.0660 val_ece=0.0505 kl_weight=0.000000 loss_kl_raw=58777.5859
[eval] adapter_cls=BayesPaperAdapter
[eval] raw_logits_shape=(10, 256, 101)
[eval] reduced_logits_shape=(256, 101)
[Epoch 002] lr=0.099989 train_loss=0.9841 loss_reg=0.0000 val_acc=0.7276 val_nlpd=0.9434 val_ece=0.0279 kl_weight=0.000000 loss_kl_raw=94341.0312
[eval] adapter_cls=BayesPaperAdapter
[eval] raw_logits_shape=(10, 256, 101)
[eval] reduced_logits_shape=(256, 101)
[Epoch 003] lr=0.099975 train_loss=0.7987 loss_reg=0.0000 val_acc=0.7582 val_nlpd=0.8331 val_ece=0.0227 kl_weight=0.000000 loss_kl_raw=143042.9531
[eval] adapter_cls=BayesPaperAdapter
[eval] raw_logits_shape=(10, 256, 101)
[eval] reduced_logits_shape=(256, 101)
[Epoch 004] lr=0.099956 train_loss=0.6618 loss_reg=0.0000 val_acc=0.7766 val_nlpd=0.7514 val_ece=0.0202 kl_weight=0.000000 loss_kl_raw=194423.3594
[eval] adapter_cls=BayesPaperAdapter
[eval] raw_logits_shape=(10, 256, 101)
[eval] reduced_logits_shape=(256, 101)
[Epoch 005] lr=0.099931 train_loss=0.5557 loss_reg=0.0001 val_acc=0.7877 val_nlpd=0.6984 val_ece=0.0253 kl_weight=0.000000 loss_kl_raw=249005.6094
[eval] adapter_cls=BayesPaperAdapter
[eval] raw_logits_shape=(10, 256, 101)
[eval] reduced_logits_shape=(256, 101)
[Epoch 006] lr=0.099901 train_loss=0.4746 loss_reg=0.0001 val_acc=0.8030 val_nlpd=0.6630 val_ece=0.0144 kl_weight=0.000000 loss_kl_raw=309976.5938
[eval] adapter_cls=BayesPaperAdapter
[eval] raw_logits_shape=(10, 256, 101)
[eval] reduced_logits_shape=(256, 101)
[Epoch 007] lr=0.099866 train_loss=0.4124 loss_reg=0.0001 val_acc=0.8203 val_nlpd=0.6270 val_ece=0.0203 kl_weight=0.000000 loss_kl_raw=371810.4375
[eval] adapter_cls=BayesPaperAdapter
[eval] raw_logits_shape=(10, 256, 101)
[eval] reduced_logits_shape=(256, 101)
[Epoch 008] lr=0.099825 train_loss=0.3619 loss_reg=0.0002 val_acc=0.8109 val_nlpd=0.6145 val_ece=0.0200 kl_weight=0.000000 loss_kl_raw=432061.9062
[eval] adapter_cls=BayesPaperAdapter
[eval] raw_logits_shape=(10, 256, 101)
[eval] reduced_logits_shape=(256, 101)
[Epoch 009] lr=0.099778 train_loss=0.3279 loss_reg=0.0002 val_acc=0.8198 val_nlpd=0.5828 val_ece=0.0165 kl_weight=0.000000 loss_kl_raw=489821.5938
[eval] adapter_cls=BayesPaperAdapter
[eval] raw_logits_shape=(10, 256, 101)
[eval] reduced_logits_shape=(256, 101)
[Epoch 010] lr=0.099726 train_loss=0.2930 loss_reg=0.0003 val_acc=0.8330 val_nlpd=0.5584 val_ece=0.0206 kl_weight=0.000000 loss_kl_raw=545419.8125
[eval] adapter_cls=BayesPaperAdapter
[eval] raw_logits_shape=(10, 256, 101)
[eval] reduced_logits_shape=(256, 101)
[Epoch 011] lr=0.099669 train_loss=0.2642 loss_reg=0.0004 val_acc=0.8340 val_nlpd=0.5510 val_ece=0.0187 kl_weight=0.000000 loss_kl_raw=601856.5625
[eval] adapter_cls=BayesPaperAdapter
[eval] raw_logits_shape=(10, 256, 101)
[eval] reduced_logits_shape=(256, 101)
[Epoch 012] lr=0.099606 train_loss=0.2420 loss_reg=0.0004 val_acc=0.8361 val_nlpd=0.5446 val_ece=0.0243 kl_weight=0.000000 loss_kl_raw=653597.5000
[eval] adapter_cls=BayesPaperAdapter
[eval] raw_logits_shape=(10, 256, 101)
[eval] reduced_logits_shape=(256, 101)
[Epoch 013] lr=0.099537 train_loss=0.2209 loss_reg=0.0005 val_acc=0.8398 val_nlpd=0.5317 val_ece=0.0162 kl_weight=0.000000 loss_kl_raw=704375.3125
[eval] adapter_cls=BayesPaperAdapter
[eval] raw_logits_shape=(10, 256, 101)
[eval] reduced_logits_shape=(256, 101)
[Epoch 014] lr=0.099464 train_loss=0.2034 loss_reg=0.0006 val_acc=0.8377 val_nlpd=0.5230 val_ece=0.0183 kl_weight=0.000000 loss_kl_raw=755928.2500
[eval] adapter_cls=BayesPaperAdapter
[eval] raw_logits_shape=(10, 256, 101)
[eval] reduced_logits_shape=(256, 101)
[Epoch 015] lr=0.099384 train_loss=0.1874 loss_reg=0.0007 val_acc=0.8451 val_nlpd=0.5157 val_ece=0.0152 kl_weight=0.000000 loss_kl_raw=804329.5000
[eval] adapter_cls=BayesPaperAdapter
[eval] raw_logits_shape=(10, 256, 101)
[eval] reduced_logits_shape=(256, 101)
[Epoch 016] lr=0.099300 train_loss=0.1755 loss_reg=0.0008 val_acc=0.8483 val_nlpd=0.5081 val_ece=0.0226 kl_weight=0.000000 loss_kl_raw=850612.5000
[eval] adapter_cls=BayesPaperAdapter
[eval] raw_logits_shape=(10, 256, 101)
[eval] reduced_logits_shape=(256, 101)
[Epoch 017] lr=0.099210 train_loss=0.1621 loss_reg=0.0009 val_acc=0.8519 val_nlpd=0.5039 val_ece=0.0180 kl_weight=0.000000 loss_kl_raw=895224.8750
[eval] adapter_cls=BayesPaperAdapter
[eval] raw_logits_shape=(10, 256, 101)
[eval] reduced_logits_shape=(256, 101)
[Epoch 018] lr=0.099114 train_loss=0.1530 loss_reg=0.0010 val_acc=0.8551 val_nlpd=0.4966 val_ece=0.0185 kl_weight=0.000000 loss_kl_raw=937575.7500
[eval] adapter_cls=BayesPaperAdapter
[eval] raw_logits_shape=(10, 256, 101)
[eval] reduced_logits_shape=(256, 101)
[Epoch 019] lr=0.099014 train_loss=0.1419 loss_reg=0.0011 val_acc=0.8556 val_nlpd=0.4873 val_ece=0.0183 kl_weight=0.000000 loss_kl_raw=979211.3125
[eval] adapter_cls=BayesPaperAdapter
[eval] raw_logits_shape=(10, 256, 101)
[eval] reduced_logits_shape=(256, 101)
[Epoch 020] lr=0.098907 train_loss=0.1343 loss_reg=0.0012 val_acc=0.8556 val_nlpd=0.4828 val_ece=0.0152 kl_weight=0.000000 loss_kl_raw=1019110.0625
[eval] adapter_cls=BayesPaperAdapter
[eval] raw_logits_shape=(10, 256, 101)
[eval] reduced_logits_shape=(256, 101)
[Epoch 021] lr=0.098796 train_loss=0.1266 loss_reg=0.0013 val_acc=0.8572 val_nlpd=0.4799 val_ece=0.0176 kl_weight=0.000000 loss_kl_raw=1057470.0000
[eval] adapter_cls=BayesPaperAdapter
[eval] raw_logits_shape=(10, 256, 101)
[eval] reduced_logits_shape=(256, 101)
[Epoch 022] lr=0.098679 train_loss=0.1201 loss_reg=0.0015 val_acc=0.8614 val_nlpd=0.4773 val_ece=0.0181 kl_weight=0.000000 loss_kl_raw=1094083.6250
[eval] adapter_cls=BayesPaperAdapter
[eval] raw_logits_shape=(10, 256, 101)
[eval] reduced_logits_shape=(256, 101)
[Epoch 023] lr=0.098557 train_loss=0.1148 loss_reg=0.0016 val_acc=0.8556 val_nlpd=0.4763 val_ece=0.0227 kl_weight=0.000000 loss_kl_raw=1129845.1250
[eval] adapter_cls=BayesPaperAdapter
[eval] raw_logits_shape=(10, 256, 101)
[eval] reduced_logits_shape=(256, 101)
[Epoch 024] lr=0.098429 train_loss=0.1090 loss_reg=0.0017 val_acc=0.8620 val_nlpd=0.4713 val_ece=0.0219 kl_weight=0.000000 loss_kl_raw=1165416.5000
[eval] adapter_cls=BayesPaperAdapter
[eval] raw_logits_shape=(10, 256, 101)
[eval] reduced_logits_shape=(256, 101)
[Epoch 025] lr=0.098296 train_loss=0.1045 loss_reg=0.0018 val_acc=0.8604 val_nlpd=0.4688 val_ece=0.0179 kl_weight=0.000000 loss_kl_raw=1198928.8750
[eval] adapter_cls=BayesPaperAdapter
[eval] raw_logits_shape=(10, 256, 101)
[eval] reduced_logits_shape=(256, 101)
[Epoch 026] lr=0.098158 train_loss=0.0998 loss_reg=0.0020 val_acc=0.8630 val_nlpd=0.4630 val_ece=0.0200 kl_weight=0.000000 loss_kl_raw=1230781.8750
[eval] adapter_cls=BayesPaperAdapter
[eval] raw_logits_shape=(10, 256, 101)
[eval] reduced_logits_shape=(256, 101)
[Epoch 027] lr=0.098015 train_loss=0.0952 loss_reg=0.0021 val_acc=0.8641 val_nlpd=0.4580 val_ece=0.0188 kl_weight=0.000000 loss_kl_raw=1262654.5000
[eval] adapter_cls=BayesPaperAdapter
[eval] raw_logits_shape=(10, 256, 101)
[eval] reduced_logits_shape=(256, 101)
[Epoch 028] lr=0.097866 train_loss=0.0918 loss_reg=0.0022 val_acc=0.8683 val_nlpd=0.4578 val_ece=0.0234 kl_weight=0.000000 loss_kl_raw=1292837.5000
[eval] adapter_cls=BayesPaperAdapter
[eval] raw_logits_shape=(10, 256, 101)
[eval] reduced_logits_shape=(256, 101)
[Epoch 029] lr=0.097712 train_loss=0.0885 loss_reg=0.0024 val_acc=0.8688 val_nlpd=0.4546 val_ece=0.0201 kl_weight=0.000000 loss_kl_raw=1322314.2500
[eval] adapter_cls=BayesPaperAdapter
[eval] raw_logits_shape=(10, 256, 101)
[eval] reduced_logits_shape=(256, 101)
[Epoch 030] lr=0.097553 train_loss=0.0850 loss_reg=0.0025 val_acc=0.8672 val_nlpd=0.4528 val_ece=0.0226 kl_weight=0.000000 loss_kl_raw=1350166.7500
[eval] adapter_cls=BayesPaperAdapter
[eval] raw_logits_shape=(10, 256, 101)
[eval] reduced_logits_shape=(256, 101)
[Epoch 031] lr=0.097388 train_loss=0.0828 loss_reg=0.0026 val_acc=0.8672 val_nlpd=0.4482 val_ece=0.0203 kl_weight=0.000000 loss_kl_raw=1377576.1250
[eval] adapter_cls=BayesPaperAdapter
[eval] raw_logits_shape=(10, 256, 101)
[eval] reduced_logits_shape=(256, 101)
[Epoch 032] lr=0.097219 train_loss=0.0801 loss_reg=0.0028 val_acc=0.8699 val_nlpd=0.4458 val_ece=0.0216 kl_weight=0.000000 loss_kl_raw=1404909.6250
[eval] adapter_cls=BayesPaperAdapter
[eval] raw_logits_shape=(10, 256, 101)
[eval] reduced_logits_shape=(256, 101)
[Epoch 033] lr=0.097044 train_loss=0.0780 loss_reg=0.0029 val_acc=0.8693 val_nlpd=0.4453 val_ece=0.0216 kl_weight=0.000000 loss_kl_raw=1431795.7500
[eval] adapter_cls=BayesPaperAdapter
[eval] raw_logits_shape=(10, 256, 101)
[eval] reduced_logits_shape=(256, 101)
[Epoch 034] lr=0.096864 train_loss=0.0753 loss_reg=0.0031 val_acc=0.8704 val_nlpd=0.4441 val_ece=0.0149 kl_weight=0.000000 loss_kl_raw=1457625.0000
[eval] adapter_cls=BayesPaperAdapter
[eval] raw_logits_shape=(10, 256, 101)
[eval] reduced_logits_shape=(256, 101)
[Epoch 035] lr=0.096679 train_loss=0.0742 loss_reg=0.0032 val_acc=0.8709 val_nlpd=0.4425 val_ece=0.0237 kl_weight=0.000000 loss_kl_raw=1482420.7500
[eval] adapter_cls=BayesPaperAdapter
[eval] raw_logits_shape=(10, 256, 101)
[eval] reduced_logits_shape=(256, 101)
[Epoch 036] lr=0.096489 train_loss=0.0721 loss_reg=0.0034 val_acc=0.8704 val_nlpd=0.4408 val_ece=0.0243 kl_weight=0.000000 loss_kl_raw=1506373.2500
[eval] adapter_cls=BayesPaperAdapter
[eval] raw_logits_shape=(10, 256, 101)
[eval] reduced_logits_shape=(256, 101)
[Epoch 037] lr=0.096294 train_loss=0.0705 loss_reg=0.0035 val_acc=0.8704 val_nlpd=0.4411 val_ece=0.0185 kl_weight=0.000000 loss_kl_raw=1529877.6250
[eval] adapter_cls=BayesPaperAdapter
[eval] raw_logits_shape=(10, 256, 101)
[eval] reduced_logits_shape=(256, 101)
[Epoch 038] lr=0.096093 train_loss=0.0683 loss_reg=0.0037 val_acc=0.8714 val_nlpd=0.4401 val_ece=0.0186 kl_weight=0.000000 loss_kl_raw=1552860.6250
[eval] adapter_cls=BayesPaperAdapter
[eval] raw_logits_shape=(10, 256, 101)
[eval] reduced_logits_shape=(256, 101)
[Epoch 039] lr=0.095888 train_loss=0.0665 loss_reg=0.0038 val_acc=0.8725 val_nlpd=0.4367 val_ece=0.0228 kl_weight=0.000000 loss_kl_raw=1575472.3750
[eval] adapter_cls=BayesPaperAdapter
[eval] raw_logits_shape=(10, 256, 101)
[eval] reduced_logits_shape=(256, 101)
[Epoch 040] lr=0.095677 train_loss=0.0650 loss_reg=0.0040 val_acc=0.8736 val_nlpd=0.4350 val_ece=0.0193 kl_weight=0.000000 loss_kl_raw=1597192.2500
[eval] adapter_cls=BayesPaperAdapter
[eval] raw_logits_shape=(10, 256, 101)
[eval] reduced_logits_shape=(256, 101)
[Epoch 041] lr=0.095462 train_loss=0.0641 loss_reg=0.0041 val_acc=0.8709 val_nlpd=0.4322 val_ece=0.0172 kl_weight=0.000000 loss_kl_raw=1618472.7500
[eval] adapter_cls=BayesPaperAdapter
[eval] raw_logits_shape=(10, 256, 101)
[eval] reduced_logits_shape=(256, 101)
[Epoch 042] lr=0.095241 train_loss=0.0626 loss_reg=0.0043 val_acc=0.8714 val_nlpd=0.4337 val_ece=0.0182 kl_weight=0.000000 loss_kl_raw=1639371.2500
[eval] adapter_cls=BayesPaperAdapter
[eval] raw_logits_shape=(10, 256, 101)
[eval] reduced_logits_shape=(256, 101)
[Epoch 043] lr=0.095016 train_loss=0.0615 loss_reg=0.0045 val_acc=0.8751 val_nlpd=0.4304 val_ece=0.0211 kl_weight=0.000000 loss_kl_raw=1659843.8750
[eval] adapter_cls=BayesPaperAdapter
[eval] raw_logits_shape=(10, 256, 101)
[eval] reduced_logits_shape=(256, 101)
[Epoch 044] lr=0.094786 train_loss=0.0608 loss_reg=0.0046 val_acc=0.8757 val_nlpd=0.4293 val_ece=0.0241 kl_weight=0.000000 loss_kl_raw=1680576.3750
[eval] adapter_cls=BayesPaperAdapter
[eval] raw_logits_shape=(10, 256, 101)
[eval] reduced_logits_shape=(256, 101)
[Epoch 045] lr=0.094550 train_loss=0.0593 loss_reg=0.0048 val_acc=0.8741 val_nlpd=0.4268 val_ece=0.0213 kl_weight=0.000000 loss_kl_raw=1700854.8750
[eval] adapter_cls=BayesPaperAdapter
[eval] raw_logits_shape=(10, 256, 101)
[eval] reduced_logits_shape=(256, 101)
[Epoch 046] lr=0.094310 train_loss=0.0582 loss_reg=0.0050 val_acc=0.8751 val_nlpd=0.4273 val_ece=0.0192 kl_weight=0.000000 loss_kl_raw=1720206.0000
[eval] adapter_cls=BayesPaperAdapter
[eval] raw_logits_shape=(10, 256, 101)
[eval] reduced_logits_shape=(256, 101)
[Epoch 047] lr=0.094065 train_loss=0.0572 loss_reg=0.0051 val_acc=0.8730 val_nlpd=0.4283 val_ece=0.0220 kl_weight=0.000000 loss_kl_raw=1739113.2500
[eval] adapter_cls=BayesPaperAdapter
[eval] raw_logits_shape=(10, 256, 101)
[eval] reduced_logits_shape=(256, 101)
[Epoch 048] lr=0.093815 train_loss=0.0566 loss_reg=0.0053 val_acc=0.8751 val_nlpd=0.4257 val_ece=0.0176 kl_weight=0.000000 loss_kl_raw=1756621.5000
[eval] adapter_cls=BayesPaperAdapter
[eval] raw_logits_shape=(10, 256, 101)
[eval] reduced_logits_shape=(256, 101)
[Epoch 049] lr=0.093561 train_loss=0.0557 loss_reg=0.0055 val_acc=0.8720 val_nlpd=0.4260 val_ece=0.0194 kl_weight=0.000000 loss_kl_raw=1774668.1250
[eval] adapter_cls=BayesPaperAdapter
[eval] raw_logits_shape=(10, 256, 101)
[eval] reduced_logits_shape=(256, 101)
[Epoch 050] lr=0.093301 train_loss=0.0548 loss_reg=0.0056 val_acc=0.8751 val_nlpd=0.4238 val_ece=0.0184 kl_weight=0.000000 loss_kl_raw=1791831.3750
[eval] adapter_cls=BayesPaperAdapter
[eval] raw_logits_shape=(10, 256, 101)
[eval] reduced_logits_shape=(256, 101)
[Epoch 051] lr=0.093037 train_loss=0.0541 loss_reg=0.0058 val_acc=0.8762 val_nlpd=0.4226 val_ece=0.0173 kl_weight=0.000000 loss_kl_raw=1808279.7500
[eval] adapter_cls=BayesPaperAdapter
[eval] raw_logits_shape=(10, 256, 101)
[eval] reduced_logits_shape=(256, 101)
[Epoch 052] lr=0.092768 train_loss=0.0532 loss_reg=0.0060 val_acc=0.8751 val_nlpd=0.4209 val_ece=0.0168 kl_weight=0.000000 loss_kl_raw=1825005.8750
[eval] adapter_cls=BayesPaperAdapter
[eval] raw_logits_shape=(10, 256, 101)
[eval] reduced_logits_shape=(256, 101)
[Epoch 053] lr=0.092495 train_loss=0.0525 loss_reg=0.0061 val_acc=0.8751 val_nlpd=0.4219 val_ece=0.0213 kl_weight=0.000000 loss_kl_raw=1841245.2500
[eval] adapter_cls=BayesPaperAdapter
[eval] raw_logits_shape=(10, 256, 101)
[eval] reduced_logits_shape=(256, 101)
[Epoch 054] lr=0.092216 train_loss=0.0519 loss_reg=0.0063 val_acc=0.8746 val_nlpd=0.4204 val_ece=0.0186 kl_weight=0.000000 loss_kl_raw=1857037.3750
[eval] adapter_cls=BayesPaperAdapter
[eval] raw_logits_shape=(10, 256, 101)
[eval] reduced_logits_shape=(256, 101)
[Epoch 055] lr=0.091934 train_loss=0.0514 loss_reg=0.0065 val_acc=0.8751 val_nlpd=0.4195 val_ece=0.0158 kl_weight=0.000000 loss_kl_raw=1872777.0000
[eval] adapter_cls=BayesPaperAdapter
[eval] raw_logits_shape=(10, 256, 101)
[eval] reduced_logits_shape=(256, 101)
[Epoch 056] lr=0.091646 train_loss=0.0513 loss_reg=0.0067 val_acc=0.8762 val_nlpd=0.4200 val_ece=0.0145 kl_weight=0.000000 loss_kl_raw=1887898.0000
[eval] adapter_cls=BayesPaperAdapter
[eval] raw_logits_shape=(10, 256, 101)
[eval] reduced_logits_shape=(256, 101)
[Epoch 057] lr=0.091354 train_loss=0.0505 loss_reg=0.0068 val_acc=0.8762 val_nlpd=0.4175 val_ece=0.0154 kl_weight=0.000000 loss_kl_raw=1902725.8750
[eval] adapter_cls=BayesPaperAdapter
[eval] raw_logits_shape=(10, 256, 101)
[eval] reduced_logits_shape=(256, 101)
[Epoch 058] lr=0.091057 train_loss=0.0500 loss_reg=0.0070 val_acc=0.8778 val_nlpd=0.4163 val_ece=0.0161 kl_weight=0.000000 loss_kl_raw=1917268.6250
[eval] adapter_cls=BayesPaperAdapter
[eval] raw_logits_shape=(10, 256, 101)
[eval] reduced_logits_shape=(256, 101)
[Epoch 059] lr=0.090756 train_loss=0.0494 loss_reg=0.0072 val_acc=0.8762 val_nlpd=0.4179 val_ece=0.0209 kl_weight=0.000000 loss_kl_raw=1931826.8750
[eval] adapter_cls=BayesPaperAdapter
[eval] raw_logits_shape=(10, 256, 101)
[eval] reduced_logits_shape=(256, 101)
[Epoch 060] lr=0.090451 train_loss=0.0493 loss_reg=0.0074 val_acc=0.8767 val_nlpd=0.4156 val_ece=0.0219 kl_weight=0.000000 loss_kl_raw=1946216.1250
[eval] adapter_cls=BayesPaperAdapter
[eval] raw_logits_shape=(10, 256, 101)
[eval] reduced_logits_shape=(256, 101)
[Epoch 061] lr=0.090141 train_loss=0.0487 loss_reg=0.0076 val_acc=0.8767 val_nlpd=0.4157 val_ece=0.0195 kl_weight=0.000000 loss_kl_raw=1960339.7500
[eval] adapter_cls=BayesPaperAdapter
[eval] raw_logits_shape=(10, 256, 101)
[eval] reduced_logits_shape=(256, 101)
[Epoch 062] lr=0.089826 train_loss=0.0484 loss_reg=0.0077 val_acc=0.8783 val_nlpd=0.4146 val_ece=0.0202 kl_weight=0.000000 loss_kl_raw=1974012.0000
[eval] adapter_cls=BayesPaperAdapter
[eval] raw_logits_shape=(10, 256, 101)
[eval] reduced_logits_shape=(256, 101)
[Epoch 063] lr=0.089508 train_loss=0.0481 loss_reg=0.0079 val_acc=0.8767 val_nlpd=0.4150 val_ece=0.0195 kl_weight=0.000000 loss_kl_raw=1987418.2500
[eval] adapter_cls=BayesPaperAdapter
[eval] raw_logits_shape=(10, 256, 101)
[eval] reduced_logits_shape=(256, 101)
[Epoch 064] lr=0.089185 train_loss=0.0477 loss_reg=0.0081 val_acc=0.8778 val_nlpd=0.4129 val_ece=0.0187 kl_weight=0.000000 loss_kl_raw=2000696.2500
[eval] adapter_cls=BayesPaperAdapter
[eval] raw_logits_shape=(10, 256, 101)
[eval] reduced_logits_shape=(256, 101)
[Epoch 065] lr=0.088857 train_loss=0.0472 loss_reg=0.0083 val_acc=0.8778 val_nlpd=0.4134 val_ece=0.0267 kl_weight=0.000000 loss_kl_raw=2013618.5000
[eval] adapter_cls=BayesPaperAdapter
[eval] raw_logits_shape=(10, 256, 101)
[eval] reduced_logits_shape=(256, 101)
[Epoch 066] lr=0.088526 train_loss=0.0471 loss_reg=0.0085 val_acc=0.8778 val_nlpd=0.4137 val_ece=0.0188 kl_weight=0.000000 loss_kl_raw=2026580.2500
[eval] adapter_cls=BayesPaperAdapter
[eval] raw_logits_shape=(10, 256, 101)
[eval] reduced_logits_shape=(256, 101)
[Epoch 067] lr=0.088190 train_loss=0.0467 loss_reg=0.0087 val_acc=0.8778 val_nlpd=0.4127 val_ece=0.0194 kl_weight=0.000000 loss_kl_raw=2039366.6250
[eval] adapter_cls=BayesPaperAdapter
[eval] raw_logits_shape=(10, 256, 101)
[eval] reduced_logits_shape=(256, 101)
[Epoch 068] lr=0.087850 train_loss=0.0465 loss_reg=0.0088 val_acc=0.8788 val_nlpd=0.4115 val_ece=0.0215 kl_weight=0.000000 loss_kl_raw=2051379.1250
[eval] adapter_cls=BayesPaperAdapter
[eval] raw_logits_shape=(10, 256, 101)
[eval] reduced_logits_shape=(256, 101)
[Epoch 069] lr=0.087506 train_loss=0.0461 loss_reg=0.0090 val_acc=0.8778 val_nlpd=0.4104 val_ece=0.0118 kl_weight=0.000000 loss_kl_raw=2063349.5000
[eval] adapter_cls=BayesPaperAdapter
[eval] raw_logits_shape=(10, 256, 101)
[eval] reduced_logits_shape=(256, 101)
[Epoch 070] lr=0.087157 train_loss=0.0460 loss_reg=0.0092 val_acc=0.8793 val_nlpd=0.4099 val_ece=0.0187 kl_weight=0.000000 loss_kl_raw=2075247.0000
[eval] adapter_cls=BayesPaperAdapter
[eval] raw_logits_shape=(10, 256, 101)
[eval] reduced_logits_shape=(256, 101)
[Epoch 071] lr=0.086805 train_loss=0.0459 loss_reg=0.0094 val_acc=0.8793 val_nlpd=0.4114 val_ece=0.0179 kl_weight=0.000000 loss_kl_raw=2087021.3750
[eval] adapter_cls=BayesPaperAdapter
[eval] raw_logits_shape=(10, 256, 101)
[eval] reduced_logits_shape=(256, 101)
[Epoch 072] lr=0.086448 train_loss=0.0454 loss_reg=0.0096 val_acc=0.8815 val_nlpd=0.4108 val_ece=0.0246 kl_weight=0.000000 loss_kl_raw=2098100.2500
[eval] adapter_cls=BayesPaperAdapter
[eval] raw_logits_shape=(10, 256, 101)
[eval] reduced_logits_shape=(256, 101)
[Epoch 073] lr=0.086088 train_loss=0.0453 loss_reg=0.0098 val_acc=0.8809 val_nlpd=0.4111 val_ece=0.0235 kl_weight=0.000000 loss_kl_raw=2108874.7500
[eval] adapter_cls=BayesPaperAdapter
[eval] raw_logits_shape=(10, 256, 101)
[eval] reduced_logits_shape=(256, 101)
[Epoch 074] lr=0.085724 train_loss=0.0447 loss_reg=0.0100 val_acc=0.8783 val_nlpd=0.4110 val_ece=0.0201 kl_weight=0.000000 loss_kl_raw=2119674.5000
[eval] adapter_cls=BayesPaperAdapter
[eval] raw_logits_shape=(10, 256, 101)
[eval] reduced_logits_shape=(256, 101)
[Epoch 075] lr=0.085355 train_loss=0.0448 loss_reg=0.0101 val_acc=0.8804 val_nlpd=0.4089 val_ece=0.0161 kl_weight=0.000000 loss_kl_raw=2130094.7500
[eval] adapter_cls=BayesPaperAdapter
[eval] raw_logits_shape=(10, 256, 101)
[eval] reduced_logits_shape=(256, 101)
[Epoch 076] lr=0.084983 train_loss=0.0447 loss_reg=0.0103 val_acc=0.8799 val_nlpd=0.4093 val_ece=0.0202 kl_weight=0.000000 loss_kl_raw=2140628.2500
[eval] adapter_cls=BayesPaperAdapter
[eval] raw_logits_shape=(10, 256, 101)
[eval] reduced_logits_shape=(256, 101)
[Epoch 077] lr=0.084607 train_loss=0.0447 loss_reg=0.0105 val_acc=0.8809 val_nlpd=0.4092 val_ece=0.0169 kl_weight=0.000000 loss_kl_raw=2151181.0000
[eval] adapter_cls=BayesPaperAdapter
[eval] raw_logits_shape=(10, 256, 101)
[eval] reduced_logits_shape=(256, 101)
[Epoch 078] lr=0.084227 train_loss=0.0443 loss_reg=0.0107 val_acc=0.8804 val_nlpd=0.4095 val_ece=0.0175 kl_weight=0.000000 loss_kl_raw=2161557.0000
[eval] adapter_cls=BayesPaperAdapter
[eval] raw_logits_shape=(10, 256, 101)
[eval] reduced_logits_shape=(256, 101)
[Epoch 079] lr=0.083844 train_loss=0.0442 loss_reg=0.0109 val_acc=0.8815 val_nlpd=0.4071 val_ece=0.0167 kl_weight=0.000000 loss_kl_raw=2171295.7500
[eval] adapter_cls=BayesPaperAdapter
[eval] raw_logits_shape=(10, 256, 101)
[eval] reduced_logits_shape=(256, 101)
[Epoch 080] lr=0.083457 train_loss=0.0440 loss_reg=0.0111 val_acc=0.8825 val_nlpd=0.4068 val_ece=0.0167 kl_weight=0.000000 loss_kl_raw=2181014.0000
[eval] adapter_cls=BayesPaperAdapter
[eval] raw_logits_shape=(10, 256, 101)
[eval] reduced_logits_shape=(256, 101)
[Epoch 081] lr=0.083066 train_loss=0.0439 loss_reg=0.0113 val_acc=0.8825 val_nlpd=0.4070 val_ece=0.0205 kl_weight=0.000000 loss_kl_raw=2190628.5000
[eval] adapter_cls=BayesPaperAdapter
[eval] raw_logits_shape=(10, 256, 101)
[eval] reduced_logits_shape=(256, 101)
[Epoch 082] lr=0.082671 train_loss=0.0441 loss_reg=0.0115 val_acc=0.8815 val_nlpd=0.4076 val_ece=0.0169 kl_weight=0.000000 loss_kl_raw=2200030.5000
[eval] adapter_cls=BayesPaperAdapter
[eval] raw_logits_shape=(10, 256, 101)
[eval] reduced_logits_shape=(256, 101)
[Epoch 083] lr=0.082273 train_loss=0.0438 loss_reg=0.0117 val_acc=0.8799 val_nlpd=0.4077 val_ece=0.0183 kl_weight=0.000000 loss_kl_raw=2209418.0000
[eval] adapter_cls=BayesPaperAdapter
[eval] raw_logits_shape=(10, 256, 101)
[eval] reduced_logits_shape=(256, 101)
[Epoch 084] lr=0.081871 train_loss=0.0436 loss_reg=0.0118 val_acc=0.8809 val_nlpd=0.4069 val_ece=0.0197 kl_weight=0.000000 loss_kl_raw=2218521.5000
[eval] adapter_cls=BayesPaperAdapter
[eval] raw_logits_shape=(10, 256, 101)
[eval] reduced_logits_shape=(256, 101)
[Epoch 085] lr=0.081466 train_loss=0.0437 loss_reg=0.0120 val_acc=0.8809 val_nlpd=0.4061 val_ece=0.0172 kl_weight=0.000000 loss_kl_raw=2227377.5000
[eval] adapter_cls=BayesPaperAdapter
[eval] raw_logits_shape=(10, 256, 101)
[eval] reduced_logits_shape=(256, 101)
[Epoch 086] lr=0.081057 train_loss=0.0436 loss_reg=0.0122 val_acc=0.8793 val_nlpd=0.4060 val_ece=0.0198 kl_weight=0.000000 loss_kl_raw=2236101.0000
[eval] adapter_cls=BayesPaperAdapter
[eval] raw_logits_shape=(10, 256, 101)
[eval] reduced_logits_shape=(256, 101)
[Epoch 087] lr=0.080645 train_loss=0.0434 loss_reg=0.0124 val_acc=0.8799 val_nlpd=0.4040 val_ece=0.0162 kl_weight=0.000000 loss_kl_raw=2245070.2500
[eval] adapter_cls=BayesPaperAdapter
[eval] raw_logits_shape=(10, 256, 101)
[eval] reduced_logits_shape=(256, 101)
[Epoch 088] lr=0.080230 train_loss=0.0432 loss_reg=0.0126 val_acc=0.8809 val_nlpd=0.4048 val_ece=0.0185 kl_weight=0.000000 loss_kl_raw=2253669.5000
[eval] adapter_cls=BayesPaperAdapter
[eval] raw_logits_shape=(10, 256, 101)
[eval] reduced_logits_shape=(256, 101)
[Epoch 089] lr=0.079811 train_loss=0.0434 loss_reg=0.0128 val_acc=0.8836 val_nlpd=0.4042 val_ece=0.0185 kl_weight=0.000000 loss_kl_raw=2262020.2500
[eval] adapter_cls=BayesPaperAdapter
[eval] raw_logits_shape=(10, 256, 101)
[eval] reduced_logits_shape=(256, 101)
[Epoch 090] lr=0.079389 train_loss=0.0434 loss_reg=0.0130 val_acc=0.8830 val_nlpd=0.4038 val_ece=0.0148 kl_weight=0.000000 loss_kl_raw=2270108.7500
[eval] adapter_cls=BayesPaperAdapter
[eval] raw_logits_shape=(10, 256, 101)
[eval] reduced_logits_shape=(256, 101)
[Epoch 091] lr=0.078964 train_loss=0.0433 loss_reg=0.0132 val_acc=0.8820 val_nlpd=0.4028 val_ece=0.0136 kl_weight=0.000000 loss_kl_raw=2278004.2500
[eval] adapter_cls=BayesPaperAdapter
[eval] raw_logits_shape=(10, 256, 101)
[eval] reduced_logits_shape=(256, 101)
[Epoch 092] lr=0.078536 train_loss=0.0434 loss_reg=0.0134 val_acc=0.8836 val_nlpd=0.4034 val_ece=0.0143 kl_weight=0.000000 loss_kl_raw=2285770.7500
[eval] adapter_cls=BayesPaperAdapter
[eval] raw_logits_shape=(10, 256, 101)
[eval] reduced_logits_shape=(256, 101)
[Epoch 093] lr=0.078104 train_loss=0.0433 loss_reg=0.0136 val_acc=0.8825 val_nlpd=0.4036 val_ece=0.0184 kl_weight=0.000000 loss_kl_raw=2293287.5000
[eval] adapter_cls=BayesPaperAdapter
[eval] raw_logits_shape=(10, 256, 101)
[eval] reduced_logits_shape=(256, 101)
[Epoch 094] lr=0.077670 train_loss=0.0431 loss_reg=0.0138 val_acc=0.8836 val_nlpd=0.4031 val_ece=0.0185 kl_weight=0.000000 loss_kl_raw=2300630.5000
[eval] adapter_cls=BayesPaperAdapter
[eval] raw_logits_shape=(10, 256, 101)
[eval] reduced_logits_shape=(256, 101)
[Epoch 095] lr=0.077232 train_loss=0.0433 loss_reg=0.0140 val_acc=0.8830 val_nlpd=0.4032 val_ece=0.0175 kl_weight=0.000000 loss_kl_raw=2308282.7500
[eval] adapter_cls=BayesPaperAdapter
[eval] raw_logits_shape=(10, 256, 101)
[eval] reduced_logits_shape=(256, 101)
[Epoch 096] lr=0.076791 train_loss=0.0431 loss_reg=0.0142 val_acc=0.8830 val_nlpd=0.4030 val_ece=0.0208 kl_weight=0.000000 loss_kl_raw=2316048.7500
[eval] adapter_cls=BayesPaperAdapter
[eval] raw_logits_shape=(10, 256, 101)
[eval] reduced_logits_shape=(256, 101)
[Epoch 097] lr=0.076348 train_loss=0.0431 loss_reg=0.0144 val_acc=0.8825 val_nlpd=0.4036 val_ece=0.0160 kl_weight=0.000000 loss_kl_raw=2323591.2500
[eval] adapter_cls=BayesPaperAdapter
[eval] raw_logits_shape=(10, 256, 101)
[eval] reduced_logits_shape=(256, 101)
[Epoch 098] lr=0.075901 train_loss=0.0431 loss_reg=0.0146 val_acc=0.8841 val_nlpd=0.4039 val_ece=0.0155 kl_weight=0.000000 loss_kl_raw=2330648.2500
[eval] adapter_cls=BayesPaperAdapter
[eval] raw_logits_shape=(10, 256, 101)
[eval] reduced_logits_shape=(256, 101)
[Epoch 099] lr=0.075452 train_loss=0.0432 loss_reg=0.0147 val_acc=0.8841 val_nlpd=0.4019 val_ece=0.0166 kl_weight=0.000000 loss_kl_raw=2337646.0000
[eval] adapter_cls=BayesPaperAdapter
[eval] raw_logits_shape=(10, 256, 101)
[eval] reduced_logits_shape=(256, 101)
[Epoch 100] lr=0.075000 train_loss=0.0432 loss_reg=0.0149 val_acc=0.8857 val_nlpd=0.4021 val_ece=0.0139 kl_weight=0.000000 loss_kl_raw=2344252.2500
[eval] adapter_cls=BayesPaperAdapter
[eval] raw_logits_shape=(10, 256, 101)
[eval] reduced_logits_shape=(256, 101)
[Epoch 101] lr=0.074545 train_loss=0.0431 loss_reg=0.0151 val_acc=0.8857 val_nlpd=0.4021 val_ece=0.0190 kl_weight=0.000000 loss_kl_raw=2350678.5000
[eval] adapter_cls=BayesPaperAdapter
[eval] raw_logits_shape=(10, 256, 101)
[eval] reduced_logits_shape=(256, 101)
[Epoch 102] lr=0.074088 train_loss=0.0431 loss_reg=0.0153 val_acc=0.8846 val_nlpd=0.4018 val_ece=0.0153 kl_weight=0.000000 loss_kl_raw=2357399.5000
[eval] adapter_cls=BayesPaperAdapter
[eval] raw_logits_shape=(10, 256, 101)
[eval] reduced_logits_shape=(256, 101)
[Epoch 103] lr=0.073628 train_loss=0.0432 loss_reg=0.0155 val_acc=0.8851 val_nlpd=0.4013 val_ece=0.0207 kl_weight=0.000000 loss_kl_raw=2363790.7500
[eval] adapter_cls=BayesPaperAdapter
[eval] raw_logits_shape=(10, 256, 101)
[eval] reduced_logits_shape=(256, 101)
[Epoch 104] lr=0.073165 train_loss=0.0432 loss_reg=0.0157 val_acc=0.8846 val_nlpd=0.4015 val_ece=0.0165 kl_weight=0.000000 loss_kl_raw=2370082.2500
[eval] adapter_cls=BayesPaperAdapter
[eval] raw_logits_shape=(10, 256, 101)
[eval] reduced_logits_shape=(256, 101)
[Epoch 105] lr=0.072700 train_loss=0.0434 loss_reg=0.0159 val_acc=0.8851 val_nlpd=0.4013 val_ece=0.0180 kl_weight=0.000000 loss_kl_raw=2376173.0000
[eval] adapter_cls=BayesPaperAdapter
[eval] raw_logits_shape=(10, 256, 101)
[eval] reduced_logits_shape=(256, 101)
[Epoch 106] lr=0.072232 train_loss=0.0432 loss_reg=0.0161 val_acc=0.8862 val_nlpd=0.4012 val_ece=0.0201 kl_weight=0.000000 loss_kl_raw=2382252.2500
[eval] adapter_cls=BayesPaperAdapter
[eval] raw_logits_shape=(10, 256, 101)
[eval] reduced_logits_shape=(256, 101)
[Epoch 107] lr=0.071762 train_loss=0.0432 loss_reg=0.0163 val_acc=0.8862 val_nlpd=0.4006 val_ece=0.0191 kl_weight=0.000000 loss_kl_raw=2388040.7500
[eval] adapter_cls=BayesPaperAdapter
[eval] raw_logits_shape=(10, 256, 101)
[eval] reduced_logits_shape=(256, 101)
[Epoch 108] lr=0.071289 train_loss=0.0433 loss_reg=0.0165 val_acc=0.8857 val_nlpd=0.4004 val_ece=0.0205 kl_weight=0.000000 loss_kl_raw=2393771.7500
[eval] adapter_cls=BayesPaperAdapter
[eval] raw_logits_shape=(10, 256, 101)
[eval] reduced_logits_shape=(256, 101)
[Epoch 109] lr=0.070814 train_loss=0.0433 loss_reg=0.0167 val_acc=0.8846 val_nlpd=0.3997 val_ece=0.0168 kl_weight=0.000000 loss_kl_raw=2399444.2500
[eval] adapter_cls=BayesPaperAdapter
[eval] raw_logits_shape=(10, 256, 101)
[eval] reduced_logits_shape=(256, 101)
[Epoch 110] lr=0.070337 train_loss=0.0435 loss_reg=0.0169 val_acc=0.8862 val_nlpd=0.4001 val_ece=0.0170 kl_weight=0.000000 loss_kl_raw=2405017.5000
[eval] adapter_cls=BayesPaperAdapter
[eval] raw_logits_shape=(10, 256, 101)
[eval] reduced_logits_shape=(256, 101)
[Epoch 111] lr=0.069857 train_loss=0.0437 loss_reg=0.0171 val_acc=0.8857 val_nlpd=0.3996 val_ece=0.0181 kl_weight=0.000000 loss_kl_raw=2410486.5000
[eval] adapter_cls=BayesPaperAdapter
[eval] raw_logits_shape=(10, 256, 101)
[eval] reduced_logits_shape=(256, 101)
[Epoch 112] lr=0.069376 train_loss=0.0434 loss_reg=0.0173 val_acc=0.8862 val_nlpd=0.3991 val_ece=0.0167 kl_weight=0.000000 loss_kl_raw=2416026.0000
[eval] adapter_cls=BayesPaperAdapter
[eval] raw_logits_shape=(10, 256, 101)
[eval] reduced_logits_shape=(256, 101)
[Epoch 113] lr=0.068892 train_loss=0.0438 loss_reg=0.0175 val_acc=0.8872 val_nlpd=0.4000 val_ece=0.0182 kl_weight=0.000000 loss_kl_raw=2421231.0000
[eval] adapter_cls=BayesPaperAdapter
[eval] raw_logits_shape=(10, 256, 101)
[eval] reduced_logits_shape=(256, 101)
[Epoch 114] lr=0.068406 train_loss=0.0438 loss_reg=0.0177 val_acc=0.8841 val_nlpd=0.3985 val_ece=0.0184 kl_weight=0.000000 loss_kl_raw=2426423.0000
[eval] adapter_cls=BayesPaperAdapter
[eval] raw_logits_shape=(10, 256, 101)
[eval] reduced_logits_shape=(256, 101)
[Epoch 115] lr=0.067918 train_loss=0.0438 loss_reg=0.0178 val_acc=0.8851 val_nlpd=0.3998 val_ece=0.0153 kl_weight=0.000000 loss_kl_raw=2431495.5000
[eval] adapter_cls=BayesPaperAdapter
[eval] raw_logits_shape=(10, 256, 101)
[eval] reduced_logits_shape=(256, 101)
[Epoch 116] lr=0.067429 train_loss=0.0439 loss_reg=0.0180 val_acc=0.8867 val_nlpd=0.3980 val_ece=0.0186 kl_weight=0.000000 loss_kl_raw=2436274.2500
[eval] adapter_cls=BayesPaperAdapter
[eval] raw_logits_shape=(10, 256, 101)
[eval] reduced_logits_shape=(256, 101)
[Epoch 117] lr=0.066937 train_loss=0.0438 loss_reg=0.0182 val_acc=0.8846 val_nlpd=0.3998 val_ece=0.0176 kl_weight=0.000000 loss_kl_raw=2441389.0000
[eval] adapter_cls=BayesPaperAdapter
[eval] raw_logits_shape=(10, 256, 101)
[eval] reduced_logits_shape=(256, 101)
[Epoch 118] lr=0.066443 train_loss=0.0441 loss_reg=0.0184 val_acc=0.8851 val_nlpd=0.3993 val_ece=0.0184 kl_weight=0.000000 loss_kl_raw=2445971.2500
[eval] adapter_cls=BayesPaperAdapter
[eval] raw_logits_shape=(10, 256, 101)
[eval] reduced_logits_shape=(256, 101)
[Epoch 119] lr=0.065948 train_loss=0.0440 loss_reg=0.0186 val_acc=0.8857 val_nlpd=0.3978 val_ece=0.0168 kl_weight=0.000000 loss_kl_raw=2450674.5000
[eval] adapter_cls=BayesPaperAdapter
[eval] raw_logits_shape=(10, 256, 101)
[eval] reduced_logits_shape=(256, 101)
[Epoch 120] lr=0.065451 train_loss=0.0440 loss_reg=0.0188 val_acc=0.8883 val_nlpd=0.3987 val_ece=0.0240 kl_weight=0.000000 loss_kl_raw=2455071.2500
[eval] adapter_cls=BayesPaperAdapter
[eval] raw_logits_shape=(10, 256, 101)
[eval] reduced_logits_shape=(256, 101)
[Epoch 121] lr=0.064952 train_loss=0.0441 loss_reg=0.0190 val_acc=0.8867 val_nlpd=0.3986 val_ece=0.0190 kl_weight=0.000000 loss_kl_raw=2459558.7500
[eval] adapter_cls=BayesPaperAdapter
[eval] raw_logits_shape=(10, 256, 101)
[eval] reduced_logits_shape=(256, 101)
[Epoch 122] lr=0.064452 train_loss=0.0444 loss_reg=0.0192 val_acc=0.8862 val_nlpd=0.3989 val_ece=0.0219 kl_weight=0.000000 loss_kl_raw=2464035.5000
[eval] adapter_cls=BayesPaperAdapter
[eval] raw_logits_shape=(10, 256, 101)
[eval] reduced_logits_shape=(256, 101)
[Epoch 123] lr=0.063950 train_loss=0.0445 loss_reg=0.0194 val_acc=0.8862 val_nlpd=0.3986 val_ece=0.0245 kl_weight=0.000000 loss_kl_raw=2468537.0000
[eval] adapter_cls=BayesPaperAdapter
[eval] raw_logits_shape=(10, 256, 101)
[eval] reduced_logits_shape=(256, 101)
[Epoch 124] lr=0.063446 train_loss=0.0445 loss_reg=0.0196 val_acc=0.8862 val_nlpd=0.3988 val_ece=0.0163 kl_weight=0.000000 loss_kl_raw=2472964.2500
[eval] adapter_cls=BayesPaperAdapter
[eval] raw_logits_shape=(10, 256, 101)
[eval] reduced_logits_shape=(256, 101)
[Epoch 125] lr=0.062941 train_loss=0.0446 loss_reg=0.0198 val_acc=0.8836 val_nlpd=0.3983 val_ece=0.0151 kl_weight=0.000000 loss_kl_raw=2477121.2500
[eval] adapter_cls=BayesPaperAdapter
[eval] raw_logits_shape=(10, 256, 101)
[eval] reduced_logits_shape=(256, 101)
[Epoch 126] lr=0.062434 train_loss=0.0448 loss_reg=0.0200 val_acc=0.8857 val_nlpd=0.3966 val_ece=0.0159 kl_weight=0.000000 loss_kl_raw=2481091.2500
[eval] adapter_cls=BayesPaperAdapter
[eval] raw_logits_shape=(10, 256, 101)
[eval] reduced_logits_shape=(256, 101)
[Epoch 127] lr=0.061927 train_loss=0.0449 loss_reg=0.0202 val_acc=0.8867 val_nlpd=0.3986 val_ece=0.0167 kl_weight=0.000000 loss_kl_raw=2485080.5000
[eval] adapter_cls=BayesPaperAdapter
[eval] raw_logits_shape=(10, 256, 101)
[eval] reduced_logits_shape=(256, 101)
[Epoch 128] lr=0.061418 train_loss=0.0450 loss_reg=0.0204 val_acc=0.8862 val_nlpd=0.3972 val_ece=0.0173 kl_weight=0.000000 loss_kl_raw=2488815.5000
[eval] adapter_cls=BayesPaperAdapter
[eval] raw_logits_shape=(10, 256, 101)
[eval] reduced_logits_shape=(256, 101)
[Epoch 129] lr=0.060907 train_loss=0.0451 loss_reg=0.0206 val_acc=0.8878 val_nlpd=0.3973 val_ece=0.0209 kl_weight=0.000000 loss_kl_raw=2492653.2500
[eval] adapter_cls=BayesPaperAdapter
[eval] raw_logits_shape=(10, 256, 101)
[eval] reduced_logits_shape=(256, 101)
[Epoch 130] lr=0.060396 train_loss=0.0451 loss_reg=0.0207 val_acc=0.8862 val_nlpd=0.3980 val_ece=0.0189 kl_weight=0.000000 loss_kl_raw=2496362.0000
[eval] adapter_cls=BayesPaperAdapter
[eval] raw_logits_shape=(10, 256, 101)
[eval] reduced_logits_shape=(256, 101)
[Epoch 131] lr=0.059883 train_loss=0.0453 loss_reg=0.0209 val_acc=0.8862 val_nlpd=0.3979 val_ece=0.0173 kl_weight=0.000000 loss_kl_raw=2500041.2500
[eval] adapter_cls=BayesPaperAdapter
[eval] raw_logits_shape=(10, 256, 101)
[eval] reduced_logits_shape=(256, 101)
[Epoch 132] lr=0.059369 train_loss=0.0453 loss_reg=0.0211 val_acc=0.8851 val_nlpd=0.3975 val_ece=0.0196 kl_weight=0.000000 loss_kl_raw=2503549.5000
[eval] adapter_cls=BayesPaperAdapter
[eval] raw_logits_shape=(10, 256, 101)
[eval] reduced_logits_shape=(256, 101)
[Epoch 133] lr=0.058854 train_loss=0.0455 loss_reg=0.0213 val_acc=0.8867 val_nlpd=0.3973 val_ece=0.0200 kl_weight=0.000000 loss_kl_raw=2506978.7500
[eval] adapter_cls=BayesPaperAdapter
[eval] raw_logits_shape=(10, 256, 101)
[eval] reduced_logits_shape=(256, 101)
[Epoch 134] lr=0.058338 train_loss=0.0455 loss_reg=0.0215 val_acc=0.8857 val_nlpd=0.3978 val_ece=0.0206 kl_weight=0.000000 loss_kl_raw=2510269.2500
[eval] adapter_cls=BayesPaperAdapter
[eval] raw_logits_shape=(10, 256, 101)
[eval] reduced_logits_shape=(256, 101)
[Epoch 135] lr=0.057822 train_loss=0.0456 loss_reg=0.0217 val_acc=0.8851 val_nlpd=0.3964 val_ece=0.0179 kl_weight=0.000000 loss_kl_raw=2513682.0000
[eval] adapter_cls=BayesPaperAdapter
[eval] raw_logits_shape=(10, 256, 101)
[eval] reduced_logits_shape=(256, 101)
[Epoch 136] lr=0.057304 train_loss=0.0458 loss_reg=0.0219 val_acc=0.8867 val_nlpd=0.3957 val_ece=0.0196 kl_weight=0.000000 loss_kl_raw=2516835.0000
[eval] adapter_cls=BayesPaperAdapter
[eval] raw_logits_shape=(10, 256, 101)
[eval] reduced_logits_shape=(256, 101)
[Epoch 137] lr=0.056786 train_loss=0.0460 loss_reg=0.0221 val_acc=0.8883 val_nlpd=0.3962 val_ece=0.0198 kl_weight=0.000000 loss_kl_raw=2519989.5000
[eval] adapter_cls=BayesPaperAdapter
[eval] raw_logits_shape=(10, 256, 101)
[eval] reduced_logits_shape=(256, 101)
[Epoch 138] lr=0.056267 train_loss=0.0464 loss_reg=0.0223 val_acc=0.8862 val_nlpd=0.3962 val_ece=0.0191 kl_weight=0.000000 loss_kl_raw=2523035.2500
[eval] adapter_cls=BayesPaperAdapter
[eval] raw_logits_shape=(10, 256, 101)
[eval] reduced_logits_shape=(256, 101)
[Epoch 139] lr=0.055747 train_loss=0.0461 loss_reg=0.0225 val_acc=0.8851 val_nlpd=0.3959 val_ece=0.0175 kl_weight=0.000000 loss_kl_raw=2526079.2500
[eval] adapter_cls=BayesPaperAdapter
[eval] raw_logits_shape=(10, 256, 101)
[eval] reduced_logits_shape=(256, 101)
[Epoch 140] lr=0.055226 train_loss=0.0462 loss_reg=0.0226 val_acc=0.8872 val_nlpd=0.3954 val_ece=0.0208 kl_weight=0.000000 loss_kl_raw=2529055.0000
[eval] adapter_cls=BayesPaperAdapter
[eval] raw_logits_shape=(10, 256, 101)
[eval] reduced_logits_shape=(256, 101)
[Epoch 141] lr=0.054705 train_loss=0.0463 loss_reg=0.0228 val_acc=0.8867 val_nlpd=0.3947 val_ece=0.0183 kl_weight=0.000000 loss_kl_raw=2531803.5000
[eval] adapter_cls=BayesPaperAdapter
[eval] raw_logits_shape=(10, 256, 101)
[eval] reduced_logits_shape=(256, 101)
[Epoch 142] lr=0.054184 train_loss=0.0466 loss_reg=0.0230 val_acc=0.8867 val_nlpd=0.3968 val_ece=0.0170 kl_weight=0.000000 loss_kl_raw=2534484.2500
[eval] adapter_cls=BayesPaperAdapter
[eval] raw_logits_shape=(10, 256, 101)
[eval] reduced_logits_shape=(256, 101)
[Epoch 143] lr=0.053662 train_loss=0.0466 loss_reg=0.0232 val_acc=0.8872 val_nlpd=0.3950 val_ece=0.0159 kl_weight=0.000000 loss_kl_raw=2537141.5000
[eval] adapter_cls=BayesPaperAdapter
[eval] raw_logits_shape=(10, 256, 101)
[eval] reduced_logits_shape=(256, 101)
[Epoch 144] lr=0.053140 train_loss=0.0469 loss_reg=0.0234 val_acc=0.8878 val_nlpd=0.3947 val_ece=0.0195 kl_weight=0.000000 loss_kl_raw=2539658.0000
[eval] adapter_cls=BayesPaperAdapter
[eval] raw_logits_shape=(10, 256, 101)
[eval] reduced_logits_shape=(256, 101)
[Epoch 145] lr=0.052617 train_loss=0.0470 loss_reg=0.0236 val_acc=0.8878 val_nlpd=0.3951 val_ece=0.0177 kl_weight=0.000000 loss_kl_raw=2542292.7500
[eval] adapter_cls=BayesPaperAdapter
[eval] raw_logits_shape=(10, 256, 101)
[eval] reduced_logits_shape=(256, 101)
[Epoch 146] lr=0.052094 train_loss=0.0471 loss_reg=0.0238 val_acc=0.8883 val_nlpd=0.3942 val_ece=0.0208 kl_weight=0.000000 loss_kl_raw=2544865.5000
[eval] adapter_cls=BayesPaperAdapter
[eval] raw_logits_shape=(10, 256, 101)
[eval] reduced_logits_shape=(256, 101)
[Epoch 147] lr=0.051571 train_loss=0.0472 loss_reg=0.0240 val_acc=0.8862 val_nlpd=0.3941 val_ece=0.0205 kl_weight=0.000000 loss_kl_raw=2547464.5000
[eval] adapter_cls=BayesPaperAdapter
[eval] raw_logits_shape=(10, 256, 101)
[eval] reduced_logits_shape=(256, 101)
[Epoch 148] lr=0.051047 train_loss=0.0472 loss_reg=0.0242 val_acc=0.8867 val_nlpd=0.3958 val_ece=0.0186 kl_weight=0.000000 loss_kl_raw=2549866.5000
[eval] adapter_cls=BayesPaperAdapter
[eval] raw_logits_shape=(10, 256, 101)
[eval] reduced_logits_shape=(256, 101)
[Epoch 149] lr=0.050524 train_loss=0.0475 loss_reg=0.0243 val_acc=0.8883 val_nlpd=0.3937 val_ece=0.0173 kl_weight=0.000000 loss_kl_raw=2552213.0000
[eval] adapter_cls=BayesPaperAdapter
[eval] raw_logits_shape=(10, 256, 101)
[eval] reduced_logits_shape=(256, 101)
[Epoch 150] lr=0.050000 train_loss=0.0474 loss_reg=0.0245 val_acc=0.8867 val_nlpd=0.3946 val_ece=0.0197 kl_weight=0.000000 loss_kl_raw=2554453.2500
[eval] adapter_cls=BayesPaperAdapter
[eval] raw_logits_shape=(10, 256, 101)
[eval] reduced_logits_shape=(256, 101)
[Epoch 151] lr=0.049476 train_loss=0.0477 loss_reg=0.0247 val_acc=0.8862 val_nlpd=0.3942 val_ece=0.0179 kl_weight=0.000000 loss_kl_raw=2556689.0000
[eval] adapter_cls=BayesPaperAdapter
[eval] raw_logits_shape=(10, 256, 101)
[eval] reduced_logits_shape=(256, 101)
[Epoch 152] lr=0.048953 train_loss=0.0478 loss_reg=0.0249 val_acc=0.8867 val_nlpd=0.3941 val_ece=0.0200 kl_weight=0.000000 loss_kl_raw=2558830.5000
[eval] adapter_cls=BayesPaperAdapter
[eval] raw_logits_shape=(10, 256, 101)
[eval] reduced_logits_shape=(256, 101)
[Epoch 153] lr=0.048429 train_loss=0.0481 loss_reg=0.0251 val_acc=0.8867 val_nlpd=0.3952 val_ece=0.0200 kl_weight=0.000000 loss_kl_raw=2560982.0000
[eval] adapter_cls=BayesPaperAdapter
[eval] raw_logits_shape=(10, 256, 101)
[eval] reduced_logits_shape=(256, 101)
[Epoch 154] lr=0.047906 train_loss=0.0481 loss_reg=0.0253 val_acc=0.8867 val_nlpd=0.3938 val_ece=0.0174 kl_weight=0.000000 loss_kl_raw=2563144.7500
[eval] adapter_cls=BayesPaperAdapter
[eval] raw_logits_shape=(10, 256, 101)
[eval] reduced_logits_shape=(256, 101)
[Epoch 155] lr=0.047383 train_loss=0.0483 loss_reg=0.0255 val_acc=0.8862 val_nlpd=0.3942 val_ece=0.0159 kl_weight=0.000000 loss_kl_raw=2565229.2500
[eval] adapter_cls=BayesPaperAdapter
[eval] raw_logits_shape=(10, 256, 101)
[eval] reduced_logits_shape=(256, 101)
[Epoch 156] lr=0.046860 train_loss=0.0484 loss_reg=0.0256 val_acc=0.8857 val_nlpd=0.3950 val_ece=0.0211 kl_weight=0.000000 loss_kl_raw=2567288.5000
[eval] adapter_cls=BayesPaperAdapter
[eval] raw_logits_shape=(10, 256, 101)
[eval] reduced_logits_shape=(256, 101)
[Epoch 157] lr=0.046338 train_loss=0.0486 loss_reg=0.0258 val_acc=0.8872 val_nlpd=0.3962 val_ece=0.0196 kl_weight=0.000000 loss_kl_raw=2569177.0000
[eval] adapter_cls=BayesPaperAdapter
[eval] raw_logits_shape=(10, 256, 101)
[eval] reduced_logits_shape=(256, 101)
[Epoch 158] lr=0.045816 train_loss=0.0486 loss_reg=0.0260 val_acc=0.8872 val_nlpd=0.3942 val_ece=0.0212 kl_weight=0.000000 loss_kl_raw=2571130.5000
[eval] adapter_cls=BayesPaperAdapter
[eval] raw_logits_shape=(10, 256, 101)
[eval] reduced_logits_shape=(256, 101)
[Epoch 159] lr=0.045295 train_loss=0.0488 loss_reg=0.0262 val_acc=0.8862 val_nlpd=0.3952 val_ece=0.0195 kl_weight=0.000000 loss_kl_raw=2573031.7500
[eval] adapter_cls=BayesPaperAdapter
[eval] raw_logits_shape=(10, 256, 101)
[eval] reduced_logits_shape=(256, 101)
[Epoch 160] lr=0.044774 train_loss=0.0490 loss_reg=0.0264 val_acc=0.8867 val_nlpd=0.3968 val_ece=0.0194 kl_weight=0.000000 loss_kl_raw=2574884.5000
[eval] adapter_cls=BayesPaperAdapter
[eval] raw_logits_shape=(10, 256, 101)
[eval] reduced_logits_shape=(256, 101)
[Epoch 161] lr=0.044253 train_loss=0.0491 loss_reg=0.0266 val_acc=0.8867 val_nlpd=0.3946 val_ece=0.0161 kl_weight=0.000000 loss_kl_raw=2576615.7500
[eval] adapter_cls=BayesPaperAdapter
[eval] raw_logits_shape=(10, 256, 101)
[eval] reduced_logits_shape=(256, 101)
[Epoch 162] lr=0.043733 train_loss=0.0493 loss_reg=0.0267 val_acc=0.8867 val_nlpd=0.3955 val_ece=0.0214 kl_weight=0.000000 loss_kl_raw=2578261.7500
[eval] adapter_cls=BayesPaperAdapter
[eval] raw_logits_shape=(10, 256, 101)
[eval] reduced_logits_shape=(256, 101)
[Epoch 163] lr=0.043214 train_loss=0.0495 loss_reg=0.0269 val_acc=0.8883 val_nlpd=0.3950 val_ece=0.0214 kl_weight=0.000000 loss_kl_raw=2580018.7500
[eval] adapter_cls=BayesPaperAdapter
[eval] raw_logits_shape=(10, 256, 101)
[eval] reduced_logits_shape=(256, 101)
[Epoch 164] lr=0.042696 train_loss=0.0496 loss_reg=0.0271 val_acc=0.8872 val_nlpd=0.3946 val_ece=0.0214 kl_weight=0.000000 loss_kl_raw=2581536.5000
[eval] adapter_cls=BayesPaperAdapter
[eval] raw_logits_shape=(10, 256, 101)
[eval] reduced_logits_shape=(256, 101)
[Epoch 165] lr=0.042178 train_loss=0.0497 loss_reg=0.0273 val_acc=0.8883 val_nlpd=0.3939 val_ece=0.0194 kl_weight=0.000000 loss_kl_raw=2583057.5000
[eval] adapter_cls=BayesPaperAdapter
[eval] raw_logits_shape=(10, 256, 101)
[eval] reduced_logits_shape=(256, 101)
[Epoch 166] lr=0.041662 train_loss=0.0498 loss_reg=0.0275 val_acc=0.8878 val_nlpd=0.3947 val_ece=0.0175 kl_weight=0.000000 loss_kl_raw=2584497.7500
[eval] adapter_cls=BayesPaperAdapter
[eval] raw_logits_shape=(10, 256, 101)
[eval] reduced_logits_shape=(256, 101)
[Epoch 167] lr=0.041146 train_loss=0.0500 loss_reg=0.0277 val_acc=0.8894 val_nlpd=0.3959 val_ece=0.0205 kl_weight=0.000000 loss_kl_raw=2585865.7500
[eval] adapter_cls=BayesPaperAdapter
[eval] raw_logits_shape=(10, 256, 101)
[eval] reduced_logits_shape=(256, 101)
[Epoch 168] lr=0.040631 train_loss=0.0501 loss_reg=0.0278 val_acc=0.8894 val_nlpd=0.3954 val_ece=0.0213 kl_weight=0.000000 loss_kl_raw=2587266.0000
[eval] adapter_cls=BayesPaperAdapter
[eval] raw_logits_shape=(10, 256, 101)
[eval] reduced_logits_shape=(256, 101)
[Epoch 169] lr=0.040117 train_loss=0.0504 loss_reg=0.0280 val_acc=0.8904 val_nlpd=0.3957 val_ece=0.0209 kl_weight=0.000000 loss_kl_raw=2588577.2500
[eval] adapter_cls=BayesPaperAdapter
[eval] raw_logits_shape=(10, 256, 101)
[eval] reduced_logits_shape=(256, 101)
[Epoch 170] lr=0.039604 train_loss=0.0504 loss_reg=0.0282 val_acc=0.8862 val_nlpd=0.3954 val_ece=0.0144 kl_weight=0.000000 loss_kl_raw=2589930.2500
[eval] adapter_cls=BayesPaperAdapter
[eval] raw_logits_shape=(10, 256, 101)
[eval] reduced_logits_shape=(256, 101)
[Epoch 171] lr=0.039093 train_loss=0.0505 loss_reg=0.0284 val_acc=0.8883 val_nlpd=0.3944 val_ece=0.0172 kl_weight=0.000000 loss_kl_raw=2591174.7500
[eval] adapter_cls=BayesPaperAdapter
[eval] raw_logits_shape=(10, 256, 101)
[eval] reduced_logits_shape=(256, 101)
[Epoch 172] lr=0.038582 train_loss=0.0507 loss_reg=0.0286 val_acc=0.8872 val_nlpd=0.3929 val_ece=0.0186 kl_weight=0.000000 loss_kl_raw=2592384.2500
[eval] adapter_cls=BayesPaperAdapter
[eval] raw_logits_shape=(10, 256, 101)
[eval] reduced_logits_shape=(256, 101)
[Epoch 173] lr=0.038073 train_loss=0.0509 loss_reg=0.0287 val_acc=0.8883 val_nlpd=0.3948 val_ece=0.0177 kl_weight=0.000000 loss_kl_raw=2593554.7500
[eval] adapter_cls=BayesPaperAdapter
[eval] raw_logits_shape=(10, 256, 101)
[eval] reduced_logits_shape=(256, 101)
[Epoch 174] lr=0.037566 train_loss=0.0510 loss_reg=0.0289 val_acc=0.8883 val_nlpd=0.3930 val_ece=0.0170 kl_weight=0.000000 loss_kl_raw=2594766.0000
[eval] adapter_cls=BayesPaperAdapter
[eval] raw_logits_shape=(10, 256, 101)
[eval] reduced_logits_shape=(256, 101)
[Epoch 175] lr=0.037059 train_loss=0.0512 loss_reg=0.0291 val_acc=0.8862 val_nlpd=0.3939 val_ece=0.0217 kl_weight=0.000000 loss_kl_raw=2595915.5000
[eval] adapter_cls=BayesPaperAdapter
[eval] raw_logits_shape=(10, 256, 101)
[eval] reduced_logits_shape=(256, 101)
[Epoch 176] lr=0.036554 train_loss=0.0513 loss_reg=0.0293 val_acc=0.8883 val_nlpd=0.3935 val_ece=0.0192 kl_weight=0.000000 loss_kl_raw=2597117.2500
[eval] adapter_cls=BayesPaperAdapter
[eval] raw_logits_shape=(10, 256, 101)
[eval] reduced_logits_shape=(256, 101)
[Epoch 177] lr=0.036050 train_loss=0.0516 loss_reg=0.0295 val_acc=0.8872 val_nlpd=0.3939 val_ece=0.0207 kl_weight=0.000000 loss_kl_raw=2598153.2500
[eval] adapter_cls=BayesPaperAdapter
[eval] raw_logits_shape=(10, 256, 101)
[eval] reduced_logits_shape=(256, 101)
[Epoch 178] lr=0.035548 train_loss=0.0516 loss_reg=0.0296 val_acc=0.8878 val_nlpd=0.3929 val_ece=0.0183 kl_weight=0.000000 loss_kl_raw=2599218.7500
[eval] adapter_cls=BayesPaperAdapter
[eval] raw_logits_shape=(10, 256, 101)
[eval] reduced_logits_shape=(256, 101)
[Epoch 179] lr=0.035048 train_loss=0.0518 loss_reg=0.0298 val_acc=0.8878 val_nlpd=0.3935 val_ece=0.0239 kl_weight=0.000000 loss_kl_raw=2600205.0000
[eval] adapter_cls=BayesPaperAdapter
[eval] raw_logits_shape=(10, 256, 101)
[eval] reduced_logits_shape=(256, 101)
[Epoch 180] lr=0.034549 train_loss=0.0519 loss_reg=0.0300 val_acc=0.8862 val_nlpd=0.3940 val_ece=0.0221 kl_weight=0.000000 loss_kl_raw=2601130.7500
[eval] adapter_cls=BayesPaperAdapter
[eval] raw_logits_shape=(10, 256, 101)
[eval] reduced_logits_shape=(256, 101)
[Epoch 181] lr=0.034052 train_loss=0.0521 loss_reg=0.0302 val_acc=0.8883 val_nlpd=0.3937 val_ece=0.0190 kl_weight=0.000000 loss_kl_raw=2602094.5000
[eval] adapter_cls=BayesPaperAdapter
[eval] raw_logits_shape=(10, 256, 101)
[eval] reduced_logits_shape=(256, 101)
[Epoch 182] lr=0.033557 train_loss=0.0523 loss_reg=0.0304 val_acc=0.8883 val_nlpd=0.3939 val_ece=0.0184 kl_weight=0.000000 loss_kl_raw=2603018.2500
[eval] adapter_cls=BayesPaperAdapter
[eval] raw_logits_shape=(10, 256, 101)
[eval] reduced_logits_shape=(256, 101)
[Epoch 183] lr=0.033063 train_loss=0.0526 loss_reg=0.0305 val_acc=0.8888 val_nlpd=0.3943 val_ece=0.0201 kl_weight=0.000000 loss_kl_raw=2603890.7500
[eval] adapter_cls=BayesPaperAdapter
[eval] raw_logits_shape=(10, 256, 101)
[eval] reduced_logits_shape=(256, 101)
[Epoch 184] lr=0.032571 train_loss=0.0525 loss_reg=0.0307 val_acc=0.8872 val_nlpd=0.3940 val_ece=0.0195 kl_weight=0.000000 loss_kl_raw=2604729.2500
[eval] adapter_cls=BayesPaperAdapter
[eval] raw_logits_shape=(10, 256, 101)
[eval] reduced_logits_shape=(256, 101)
[Epoch 185] lr=0.032082 train_loss=0.0527 loss_reg=0.0309 val_acc=0.8894 val_nlpd=0.3946 val_ece=0.0195 kl_weight=0.000000 loss_kl_raw=2605459.5000
[eval] adapter_cls=BayesPaperAdapter
[eval] raw_logits_shape=(10, 256, 101)
[eval] reduced_logits_shape=(256, 101)
[Epoch 186] lr=0.031594 train_loss=0.0529 loss_reg=0.0311 val_acc=0.8883 val_nlpd=0.3927 val_ece=0.0195 kl_weight=0.000000 loss_kl_raw=2606325.2500
[eval] adapter_cls=BayesPaperAdapter
[eval] raw_logits_shape=(10, 256, 101)
[eval] reduced_logits_shape=(256, 101)
[Epoch 187] lr=0.031108 train_loss=0.0532 loss_reg=0.0313 val_acc=0.8883 val_nlpd=0.3939 val_ece=0.0197 kl_weight=0.000000 loss_kl_raw=2607051.7500
[eval] adapter_cls=BayesPaperAdapter
[eval] raw_logits_shape=(10, 256, 101)
[eval] reduced_logits_shape=(256, 101)
[Epoch 188] lr=0.030624 train_loss=0.0533 loss_reg=0.0314 val_acc=0.8888 val_nlpd=0.3930 val_ece=0.0200 kl_weight=0.000000 loss_kl_raw=2607786.5000
[eval] adapter_cls=BayesPaperAdapter
[eval] raw_logits_shape=(10, 256, 101)
[eval] reduced_logits_shape=(256, 101)
[Epoch 189] lr=0.030143 train_loss=0.0534 loss_reg=0.0316 val_acc=0.8878 val_nlpd=0.3944 val_ece=0.0185 kl_weight=0.000000 loss_kl_raw=2608540.0000
[eval] adapter_cls=BayesPaperAdapter
[eval] raw_logits_shape=(10, 256, 101)
[eval] reduced_logits_shape=(256, 101)
[Epoch 190] lr=0.029663 train_loss=0.0534 loss_reg=0.0318 val_acc=0.8872 val_nlpd=0.3913 val_ece=0.0165 kl_weight=0.000000 loss_kl_raw=2609248.2500
[eval] adapter_cls=BayesPaperAdapter
[eval] raw_logits_shape=(10, 256, 101)
[eval] reduced_logits_shape=(256, 101)
[Epoch 191] lr=0.029186 train_loss=0.0537 loss_reg=0.0320 val_acc=0.8888 val_nlpd=0.3930 val_ece=0.0207 kl_weight=0.000000 loss_kl_raw=2609859.5000
[eval] adapter_cls=BayesPaperAdapter
[eval] raw_logits_shape=(10, 256, 101)
[eval] reduced_logits_shape=(256, 101)
[Epoch 192] lr=0.028711 train_loss=0.0540 loss_reg=0.0321 val_acc=0.8888 val_nlpd=0.3943 val_ece=0.0192 kl_weight=0.000000 loss_kl_raw=2610451.5000
[eval] adapter_cls=BayesPaperAdapter
[eval] raw_logits_shape=(10, 256, 101)
[eval] reduced_logits_shape=(256, 101)
[Epoch 193] lr=0.028238 train_loss=0.0540 loss_reg=0.0323 val_acc=0.8867 val_nlpd=0.3931 val_ece=0.0178 kl_weight=0.000000 loss_kl_raw=2611058.7500
[eval] adapter_cls=BayesPaperAdapter
[eval] raw_logits_shape=(10, 256, 101)
[eval] reduced_logits_shape=(256, 101)
[Epoch 194] lr=0.027768 train_loss=0.0541 loss_reg=0.0325 val_acc=0.8883 val_nlpd=0.3932 val_ece=0.0165 kl_weight=0.000000 loss_kl_raw=2611655.7500
[eval] adapter_cls=BayesPaperAdapter
[eval] raw_logits_shape=(10, 256, 101)
[eval] reduced_logits_shape=(256, 101)
[Epoch 195] lr=0.027300 train_loss=0.0544 loss_reg=0.0327 val_acc=0.8883 val_nlpd=0.3928 val_ece=0.0192 kl_weight=0.000000 loss_kl_raw=2612180.5000
[eval] adapter_cls=BayesPaperAdapter
[eval] raw_logits_shape=(10, 256, 101)
[eval] reduced_logits_shape=(256, 101)
[Epoch 196] lr=0.026835 train_loss=0.0546 loss_reg=0.0328 val_acc=0.8883 val_nlpd=0.3944 val_ece=0.0182 kl_weight=0.000000 loss_kl_raw=2612679.0000
[eval] adapter_cls=BayesPaperAdapter
[eval] raw_logits_shape=(10, 256, 101)
[eval] reduced_logits_shape=(256, 101)
[Epoch 197] lr=0.026372 train_loss=0.0546 loss_reg=0.0330 val_acc=0.8888 val_nlpd=0.3930 val_ece=0.0166 kl_weight=0.000000 loss_kl_raw=2613198.0000
[eval] adapter_cls=BayesPaperAdapter
[eval] raw_logits_shape=(10, 256, 101)
[eval] reduced_logits_shape=(256, 101)
[Epoch 198] lr=0.025912 train_loss=0.0549 loss_reg=0.0332 val_acc=0.8883 val_nlpd=0.3949 val_ece=0.0174 kl_weight=0.000000 loss_kl_raw=2613762.5000
[eval] adapter_cls=BayesPaperAdapter
[eval] raw_logits_shape=(10, 256, 101)
[eval] reduced_logits_shape=(256, 101)
[Epoch 199] lr=0.025455 train_loss=0.0550 loss_reg=0.0334 val_acc=0.8888 val_nlpd=0.3935 val_ece=0.0208 kl_weight=0.000000 loss_kl_raw=2614253.5000
[eval] adapter_cls=BayesPaperAdapter
[eval] raw_logits_shape=(10, 256, 101)
[eval] reduced_logits_shape=(256, 101)
[Epoch 200] lr=0.025000 train_loss=0.0552 loss_reg=0.0335 val_acc=0.8883 val_nlpd=0.3917 val_ece=0.0212 kl_weight=0.000000 loss_kl_raw=2614689.0000
[eval] adapter_cls=BayesPaperAdapter
[eval] raw_logits_shape=(10, 256, 101)
[eval] reduced_logits_shape=(256, 101)
[Epoch 201] lr=0.024548 train_loss=0.0553 loss_reg=0.0337 val_acc=0.8878 val_nlpd=0.3937 val_ece=0.0197 kl_weight=0.000000 loss_kl_raw=2615238.0000
[eval] adapter_cls=BayesPaperAdapter
[eval] raw_logits_shape=(10, 256, 101)
[eval] reduced_logits_shape=(256, 101)
[Epoch 202] lr=0.024099 train_loss=0.0556 loss_reg=0.0339 val_acc=0.8867 val_nlpd=0.3935 val_ece=0.0166 kl_weight=0.000000 loss_kl_raw=2615675.5000
[eval] adapter_cls=BayesPaperAdapter
[eval] raw_logits_shape=(10, 256, 101)
[eval] reduced_logits_shape=(256, 101)
[Epoch 203] lr=0.023652 train_loss=0.0557 loss_reg=0.0341 val_acc=0.8872 val_nlpd=0.3922 val_ece=0.0195 kl_weight=0.000000 loss_kl_raw=2616136.0000
[eval] adapter_cls=BayesPaperAdapter
[eval] raw_logits_shape=(10, 256, 101)
[eval] reduced_logits_shape=(256, 101)
[Epoch 204] lr=0.023209 train_loss=0.0558 loss_reg=0.0342 val_acc=0.8878 val_nlpd=0.3934 val_ece=0.0182 kl_weight=0.000000 loss_kl_raw=2616537.5000
[eval] adapter_cls=BayesPaperAdapter
[eval] raw_logits_shape=(10, 256, 101)
[eval] reduced_logits_shape=(256, 101)
[Epoch 205] lr=0.022768 train_loss=0.0559 loss_reg=0.0344 val_acc=0.8867 val_nlpd=0.3934 val_ece=0.0221 kl_weight=0.000000 loss_kl_raw=2616930.0000
[eval] adapter_cls=BayesPaperAdapter
[eval] raw_logits_shape=(10, 256, 101)
[eval] reduced_logits_shape=(256, 101)
[Epoch 206] lr=0.022330 train_loss=0.0561 loss_reg=0.0346 val_acc=0.8888 val_nlpd=0.3933 val_ece=0.0203 kl_weight=0.000000 loss_kl_raw=2617251.7500
[eval] adapter_cls=BayesPaperAdapter
[eval] raw_logits_shape=(10, 256, 101)
[eval] reduced_logits_shape=(256, 101)
[Epoch 207] lr=0.021896 train_loss=0.0563 loss_reg=0.0348 val_acc=0.8867 val_nlpd=0.3932 val_ece=0.0151 kl_weight=0.000000 loss_kl_raw=2617551.2500
[eval] adapter_cls=BayesPaperAdapter
[eval] raw_logits_shape=(10, 256, 101)
[eval] reduced_logits_shape=(256, 101)
[Epoch 208] lr=0.021464 train_loss=0.0564 loss_reg=0.0349 val_acc=0.8862 val_nlpd=0.3938 val_ece=0.0236 kl_weight=0.000000 loss_kl_raw=2617815.0000
[eval] adapter_cls=BayesPaperAdapter
[eval] raw_logits_shape=(10, 256, 101)
[eval] reduced_logits_shape=(256, 101)
[Epoch 209] lr=0.021036 train_loss=0.0567 loss_reg=0.0351 val_acc=0.8888 val_nlpd=0.3939 val_ece=0.0215 kl_weight=0.000000 loss_kl_raw=2618096.0000
[eval] adapter_cls=BayesPaperAdapter
[eval] raw_logits_shape=(10, 256, 101)
[eval] reduced_logits_shape=(256, 101)
[Epoch 210] lr=0.020611 train_loss=0.0567 loss_reg=0.0353 val_acc=0.8894 val_nlpd=0.3925 val_ece=0.0205 kl_weight=0.000000 loss_kl_raw=2618335.5000
[eval] adapter_cls=BayesPaperAdapter
[eval] raw_logits_shape=(10, 256, 101)
[eval] reduced_logits_shape=(256, 101)
[Epoch 211] lr=0.020189 train_loss=0.0569 loss_reg=0.0354 val_acc=0.8883 val_nlpd=0.3940 val_ece=0.0188 kl_weight=0.000000 loss_kl_raw=2618536.5000
[eval] adapter_cls=BayesPaperAdapter
[eval] raw_logits_shape=(10, 256, 101)
[eval] reduced_logits_shape=(256, 101)
[Epoch 212] lr=0.019770 train_loss=0.0570 loss_reg=0.0356 val_acc=0.8883 val_nlpd=0.3930 val_ece=0.0178 kl_weight=0.000000 loss_kl_raw=2618709.5000
[eval] adapter_cls=BayesPaperAdapter
[eval] raw_logits_shape=(10, 256, 101)
[eval] reduced_logits_shape=(256, 101)
[Epoch 213] lr=0.019355 train_loss=0.0573 loss_reg=0.0358 val_acc=0.8888 val_nlpd=0.3930 val_ece=0.0199 kl_weight=0.000000 loss_kl_raw=2618916.0000
[eval] adapter_cls=BayesPaperAdapter
[eval] raw_logits_shape=(10, 256, 101)
[eval] reduced_logits_shape=(256, 101)
[Epoch 214] lr=0.018943 train_loss=0.0575 loss_reg=0.0360 val_acc=0.8872 val_nlpd=0.3939 val_ece=0.0170 kl_weight=0.000000 loss_kl_raw=2619189.5000
[eval] adapter_cls=BayesPaperAdapter
[eval] raw_logits_shape=(10, 256, 101)
[eval] reduced_logits_shape=(256, 101)
[Epoch 215] lr=0.018534 train_loss=0.0577 loss_reg=0.0361 val_acc=0.8872 val_nlpd=0.3919 val_ece=0.0208 kl_weight=0.000000 loss_kl_raw=2619398.5000
[eval] adapter_cls=BayesPaperAdapter
[eval] raw_logits_shape=(10, 256, 101)
[eval] reduced_logits_shape=(256, 101)
[Epoch 216] lr=0.018129 train_loss=0.0578 loss_reg=0.0363 val_acc=0.8878 val_nlpd=0.3932 val_ece=0.0171 kl_weight=0.000000 loss_kl_raw=2619637.2500
[eval] adapter_cls=BayesPaperAdapter
[eval] raw_logits_shape=(10, 256, 101)
[eval] reduced_logits_shape=(256, 101)
[Epoch 217] lr=0.017727 train_loss=0.0578 loss_reg=0.0365 val_acc=0.8862 val_nlpd=0.3942 val_ece=0.0175 kl_weight=0.000000 loss_kl_raw=2619839.0000
[eval] adapter_cls=BayesPaperAdapter
[eval] raw_logits_shape=(10, 256, 101)
[eval] reduced_logits_shape=(256, 101)
[Epoch 218] lr=0.017329 train_loss=0.0581 loss_reg=0.0366 val_acc=0.8883 val_nlpd=0.3926 val_ece=0.0202 kl_weight=0.000000 loss_kl_raw=2620011.2500
[eval] adapter_cls=BayesPaperAdapter
[eval] raw_logits_shape=(10, 256, 101)
[eval] reduced_logits_shape=(256, 101)
[Epoch 219] lr=0.016934 train_loss=0.0582 loss_reg=0.0368 val_acc=0.8872 val_nlpd=0.3942 val_ece=0.0181 kl_weight=0.000000 loss_kl_raw=2620085.0000
[eval] adapter_cls=BayesPaperAdapter
[eval] raw_logits_shape=(10, 256, 101)
[eval] reduced_logits_shape=(256, 101)
[Epoch 220] lr=0.016543 train_loss=0.0585 loss_reg=0.0370 val_acc=0.8872 val_nlpd=0.3936 val_ece=0.0184 kl_weight=0.000000 loss_kl_raw=2620153.0000
[eval] adapter_cls=BayesPaperAdapter
[eval] raw_logits_shape=(10, 256, 101)
[eval] reduced_logits_shape=(256, 101)
[Epoch 221] lr=0.016156 train_loss=0.0587 loss_reg=0.0372 val_acc=0.8883 val_nlpd=0.3926 val_ece=0.0191 kl_weight=0.000000 loss_kl_raw=2620323.7500
[eval] adapter_cls=BayesPaperAdapter
[eval] raw_logits_shape=(10, 256, 101)
[eval] reduced_logits_shape=(256, 101)
[Epoch 222] lr=0.015773 train_loss=0.0587 loss_reg=0.0373 val_acc=0.8867 val_nlpd=0.3942 val_ece=0.0183 kl_weight=0.000000 loss_kl_raw=2620449.2500
[eval] adapter_cls=BayesPaperAdapter
[eval] raw_logits_shape=(10, 256, 101)
[eval] reduced_logits_shape=(256, 101)
[Epoch 223] lr=0.015393 train_loss=0.0589 loss_reg=0.0375 val_acc=0.8883 val_nlpd=0.3919 val_ece=0.0184 kl_weight=0.000000 loss_kl_raw=2620527.0000
[eval] adapter_cls=BayesPaperAdapter
[eval] raw_logits_shape=(10, 256, 101)
[eval] reduced_logits_shape=(256, 101)
[Epoch 224] lr=0.015017 train_loss=0.0591 loss_reg=0.0377 val_acc=0.8899 val_nlpd=0.3927 val_ece=0.0179 kl_weight=0.000000 loss_kl_raw=2620634.7500
[eval] adapter_cls=BayesPaperAdapter
[eval] raw_logits_shape=(10, 256, 101)
[eval] reduced_logits_shape=(256, 101)
[Epoch 225] lr=0.014645 train_loss=0.0593 loss_reg=0.0378 val_acc=0.8878 val_nlpd=0.3932 val_ece=0.0182 kl_weight=0.000000 loss_kl_raw=2620705.2500
[eval] adapter_cls=BayesPaperAdapter
[eval] raw_logits_shape=(10, 256, 101)
[eval] reduced_logits_shape=(256, 101)
[Epoch 226] lr=0.014276 train_loss=0.0595 loss_reg=0.0380 val_acc=0.8872 val_nlpd=0.3926 val_ece=0.0203 kl_weight=0.000000 loss_kl_raw=2620802.2500
[eval] adapter_cls=BayesPaperAdapter
[eval] raw_logits_shape=(10, 256, 101)
[eval] reduced_logits_shape=(256, 101)
[Epoch 227] lr=0.013912 train_loss=0.0595 loss_reg=0.0382 val_acc=0.8894 val_nlpd=0.3921 val_ece=0.0185 kl_weight=0.000000 loss_kl_raw=2620876.0000
[eval] adapter_cls=BayesPaperAdapter
[eval] raw_logits_shape=(10, 256, 101)
[eval] reduced_logits_shape=(256, 101)
[Epoch 228] lr=0.013552 train_loss=0.0598 loss_reg=0.0384 val_acc=0.8872 val_nlpd=0.3937 val_ece=0.0191 kl_weight=0.000000 loss_kl_raw=2620944.5000
[eval] adapter_cls=BayesPaperAdapter
[eval] raw_logits_shape=(10, 256, 101)
[eval] reduced_logits_shape=(256, 101)
[Epoch 229] lr=0.013195 train_loss=0.0599 loss_reg=0.0385 val_acc=0.8878 val_nlpd=0.3930 val_ece=0.0183 kl_weight=0.000000 loss_kl_raw=2621010.0000
[eval] adapter_cls=BayesPaperAdapter
[eval] raw_logits_shape=(10, 256, 101)
[eval] reduced_logits_shape=(256, 101)
[Epoch 230] lr=0.012843 train_loss=0.0602 loss_reg=0.0387 val_acc=0.8888 val_nlpd=0.3927 val_ece=0.0225 kl_weight=0.000000 loss_kl_raw=2621092.0000
[eval] adapter_cls=BayesPaperAdapter
[eval] raw_logits_shape=(10, 256, 101)
[eval] reduced_logits_shape=(256, 101)
[Epoch 231] lr=0.012494 train_loss=0.0603 loss_reg=0.0389 val_acc=0.8888 val_nlpd=0.3937 val_ece=0.0191 kl_weight=0.000000 loss_kl_raw=2621103.0000
[eval] adapter_cls=BayesPaperAdapter
[eval] raw_logits_shape=(10, 256, 101)
[eval] reduced_logits_shape=(256, 101)
[Epoch 232] lr=0.012150 train_loss=0.0604 loss_reg=0.0390 val_acc=0.8883 val_nlpd=0.3927 val_ece=0.0186 kl_weight=0.000000 loss_kl_raw=2621163.7500
[eval] adapter_cls=BayesPaperAdapter
[eval] raw_logits_shape=(10, 256, 101)
[eval] reduced_logits_shape=(256, 101)
[Epoch 233] lr=0.011810 train_loss=0.0606 loss_reg=0.0392 val_acc=0.8883 val_nlpd=0.3924 val_ece=0.0182 kl_weight=0.000000 loss_kl_raw=2621221.5000
[eval] adapter_cls=BayesPaperAdapter
[eval] raw_logits_shape=(10, 256, 101)
[eval] reduced_logits_shape=(256, 101)
[Epoch 234] lr=0.011474 train_loss=0.0608 loss_reg=0.0394 val_acc=0.8883 val_nlpd=0.3930 val_ece=0.0199 kl_weight=0.000000 loss_kl_raw=2621276.5000
[eval] adapter_cls=BayesPaperAdapter
[eval] raw_logits_shape=(10, 256, 101)
[eval] reduced_logits_shape=(256, 101)
[Epoch 235] lr=0.011143 train_loss=0.0609 loss_reg=0.0395 val_acc=0.8883 val_nlpd=0.3941 val_ece=0.0199 kl_weight=0.000000 loss_kl_raw=2621320.5000
[eval] adapter_cls=BayesPaperAdapter
[eval] raw_logits_shape=(10, 256, 101)
[eval] reduced_logits_shape=(256, 101)
[Epoch 236] lr=0.010815 train_loss=0.0611 loss_reg=0.0397 val_acc=0.8867 val_nlpd=0.3929 val_ece=0.0176 kl_weight=0.000000 loss_kl_raw=2621352.7500
[eval] adapter_cls=BayesPaperAdapter
[eval] raw_logits_shape=(10, 256, 101)
[eval] reduced_logits_shape=(256, 101)
[Epoch 237] lr=0.010492 train_loss=0.0613 loss_reg=0.0399 val_acc=0.8894 val_nlpd=0.3932 val_ece=0.0181 kl_weight=0.000000 loss_kl_raw=2621349.5000
[eval] adapter_cls=BayesPaperAdapter
[eval] raw_logits_shape=(10, 256, 101)
[eval] reduced_logits_shape=(256, 101)
[Epoch 238] lr=0.010174 train_loss=0.0613 loss_reg=0.0400 val_acc=0.8872 val_nlpd=0.3931 val_ece=0.0148 kl_weight=0.000000 loss_kl_raw=2621346.2500
[eval] adapter_cls=BayesPaperAdapter
[eval] raw_logits_shape=(10, 256, 101)
[eval] reduced_logits_shape=(256, 101)
[Epoch 239] lr=0.009859 train_loss=0.0616 loss_reg=0.0402 val_acc=0.8888 val_nlpd=0.3920 val_ece=0.0184 kl_weight=0.000000 loss_kl_raw=2621329.2500
[eval] adapter_cls=BayesPaperAdapter
[eval] raw_logits_shape=(10, 256, 101)
[eval] reduced_logits_shape=(256, 101)
[Epoch 240] lr=0.009549 train_loss=0.0617 loss_reg=0.0404 val_acc=0.8888 val_nlpd=0.3922 val_ece=0.0232 kl_weight=0.000000 loss_kl_raw=2621340.0000
[eval] adapter_cls=BayesPaperAdapter
[eval] raw_logits_shape=(10, 256, 101)
[eval] reduced_logits_shape=(256, 101)
[Epoch 241] lr=0.009244 train_loss=0.0620 loss_reg=0.0406 val_acc=0.8888 val_nlpd=0.3931 val_ece=0.0167 kl_weight=0.000000 loss_kl_raw=2621311.7500
[eval] adapter_cls=BayesPaperAdapter
[eval] raw_logits_shape=(10, 256, 101)
[eval] reduced_logits_shape=(256, 101)
[Epoch 242] lr=0.008943 train_loss=0.0622 loss_reg=0.0407 val_acc=0.8883 val_nlpd=0.3927 val_ece=0.0193 kl_weight=0.000000 loss_kl_raw=2621309.0000
[eval] adapter_cls=BayesPaperAdapter
[eval] raw_logits_shape=(10, 256, 101)
[eval] reduced_logits_shape=(256, 101)
[Epoch 243] lr=0.008646 train_loss=0.0622 loss_reg=0.0409 val_acc=0.8894 val_nlpd=0.3924 val_ece=0.0173 kl_weight=0.000000 loss_kl_raw=2621309.7500
[eval] adapter_cls=BayesPaperAdapter
[eval] raw_logits_shape=(10, 256, 101)
[eval] reduced_logits_shape=(256, 101)
[Epoch 244] lr=0.008354 train_loss=0.0625 loss_reg=0.0411 val_acc=0.8883 val_nlpd=0.3933 val_ece=0.0195 kl_weight=0.000000 loss_kl_raw=2621291.2500
[eval] adapter_cls=BayesPaperAdapter
[eval] raw_logits_shape=(10, 256, 101)
[eval] reduced_logits_shape=(256, 101)
[Epoch 245] lr=0.008066 train_loss=0.0624 loss_reg=0.0412 val_acc=0.8894 val_nlpd=0.3927 val_ece=0.0166 kl_weight=0.000000 loss_kl_raw=2621258.7500
[eval] adapter_cls=BayesPaperAdapter
[eval] raw_logits_shape=(10, 256, 101)
[eval] reduced_logits_shape=(256, 101)
[Epoch 246] lr=0.007784 train_loss=0.0628 loss_reg=0.0414 val_acc=0.8878 val_nlpd=0.3923 val_ece=0.0169 kl_weight=0.000000 loss_kl_raw=2621225.0000
[eval] adapter_cls=BayesPaperAdapter
[eval] raw_logits_shape=(10, 256, 101)
[eval] reduced_logits_shape=(256, 101)
[Epoch 247] lr=0.007505 train_loss=0.0628 loss_reg=0.0416 val_acc=0.8888 val_nlpd=0.3922 val_ece=0.0212 kl_weight=0.000000 loss_kl_raw=2621197.0000
[eval] adapter_cls=BayesPaperAdapter
[eval] raw_logits_shape=(10, 256, 101)
[eval] reduced_logits_shape=(256, 101)
[Epoch 248] lr=0.007232 train_loss=0.0631 loss_reg=0.0417 val_acc=0.8878 val_nlpd=0.3930 val_ece=0.0198 kl_weight=0.000000 loss_kl_raw=2621180.7500
[eval] adapter_cls=BayesPaperAdapter
[eval] raw_logits_shape=(10, 256, 101)
[eval] reduced_logits_shape=(256, 101)
[Epoch 249] lr=0.006963 train_loss=0.0632 loss_reg=0.0419 val_acc=0.8867 val_nlpd=0.3929 val_ece=0.0152 kl_weight=0.000000 loss_kl_raw=2621131.2500
[eval] adapter_cls=BayesPaperAdapter
[eval] raw_logits_shape=(10, 256, 101)
[eval] reduced_logits_shape=(256, 101)
[Epoch 250] lr=0.006699 train_loss=0.0633 loss_reg=0.0421 val_acc=0.8878 val_nlpd=0.3938 val_ece=0.0154 kl_weight=0.000000 loss_kl_raw=2621095.5000
[eval] adapter_cls=BayesPaperAdapter
[eval] raw_logits_shape=(10, 256, 101)
[eval] reduced_logits_shape=(256, 101)
[Epoch 251] lr=0.006439 train_loss=0.0637 loss_reg=0.0422 val_acc=0.8888 val_nlpd=0.3940 val_ece=0.0201 kl_weight=0.000000 loss_kl_raw=2621037.5000
[eval] adapter_cls=BayesPaperAdapter
[eval] raw_logits_shape=(10, 256, 101)
[eval] reduced_logits_shape=(256, 101)
[Epoch 252] lr=0.006185 train_loss=0.0638 loss_reg=0.0424 val_acc=0.8888 val_nlpd=0.3925 val_ece=0.0203 kl_weight=0.000000 loss_kl_raw=2621006.0000
[eval] adapter_cls=BayesPaperAdapter
[eval] raw_logits_shape=(10, 256, 101)
[eval] reduced_logits_shape=(256, 101)
[Epoch 253] lr=0.005935 train_loss=0.0640 loss_reg=0.0426 val_acc=0.8894 val_nlpd=0.3915 val_ece=0.0213 kl_weight=0.000000 loss_kl_raw=2620966.7500
[eval] adapter_cls=BayesPaperAdapter
[eval] raw_logits_shape=(10, 256, 101)
[eval] reduced_logits_shape=(256, 101)
[Epoch 254] lr=0.005690 train_loss=0.0641 loss_reg=0.0427 val_acc=0.8872 val_nlpd=0.3926 val_ece=0.0193 kl_weight=0.000000 loss_kl_raw=2620925.5000
[eval] adapter_cls=BayesPaperAdapter
[eval] raw_logits_shape=(10, 256, 101)
[eval] reduced_logits_shape=(256, 101)
[Epoch 255] lr=0.005450 train_loss=0.0643 loss_reg=0.0429 val_acc=0.8894 val_nlpd=0.3931 val_ece=0.0185 kl_weight=0.000000 loss_kl_raw=2620869.7500
[eval] adapter_cls=BayesPaperAdapter
[eval] raw_logits_shape=(10, 256, 101)
[eval] reduced_logits_shape=(256, 101)
[Epoch 256] lr=0.005214 train_loss=0.0644 loss_reg=0.0431 val_acc=0.8894 val_nlpd=0.3930 val_ece=0.0202 kl_weight=0.000000 loss_kl_raw=2620835.0000
[eval] adapter_cls=BayesPaperAdapter
[eval] raw_logits_shape=(10, 256, 101)
[eval] reduced_logits_shape=(256, 101)
[Epoch 257] lr=0.004984 train_loss=0.0645 loss_reg=0.0432 val_acc=0.8872 val_nlpd=0.3929 val_ece=0.0184 kl_weight=0.000000 loss_kl_raw=2620794.7500
[eval] adapter_cls=BayesPaperAdapter
[eval] raw_logits_shape=(10, 256, 101)
[eval] reduced_logits_shape=(256, 101)
[Epoch 258] lr=0.004759 train_loss=0.0648 loss_reg=0.0434 val_acc=0.8888 val_nlpd=0.3942 val_ece=0.0191 kl_weight=0.000000 loss_kl_raw=2620748.0000
[eval] adapter_cls=BayesPaperAdapter
[eval] raw_logits_shape=(10, 256, 101)
[eval] reduced_logits_shape=(256, 101)
[Epoch 259] lr=0.004538 train_loss=0.0648 loss_reg=0.0436 val_acc=0.8872 val_nlpd=0.3928 val_ece=0.0201 kl_weight=0.000000 loss_kl_raw=2620688.5000
[eval] adapter_cls=BayesPaperAdapter
[eval] raw_logits_shape=(10, 256, 101)
[eval] reduced_logits_shape=(256, 101)
[Epoch 260] lr=0.004323 train_loss=0.0651 loss_reg=0.0438 val_acc=0.8888 val_nlpd=0.3925 val_ece=0.0192 kl_weight=0.000000 loss_kl_raw=2620646.0000
[eval] adapter_cls=BayesPaperAdapter
[eval] raw_logits_shape=(10, 256, 101)
[eval] reduced_logits_shape=(256, 101)
[Epoch 261] lr=0.004112 train_loss=0.0653 loss_reg=0.0439 val_acc=0.8894 val_nlpd=0.3931 val_ece=0.0175 kl_weight=0.000000 loss_kl_raw=2620605.5000
[eval] adapter_cls=BayesPaperAdapter
[eval] raw_logits_shape=(10, 256, 101)
[eval] reduced_logits_shape=(256, 101)
[Epoch 262] lr=0.003907 train_loss=0.0653 loss_reg=0.0441 val_acc=0.8872 val_nlpd=0.3926 val_ece=0.0179 kl_weight=0.000000 loss_kl_raw=2620567.5000
[eval] adapter_cls=BayesPaperAdapter
[eval] raw_logits_shape=(10, 256, 101)
[eval] reduced_logits_shape=(256, 101)
[Epoch 263] lr=0.003706 train_loss=0.0656 loss_reg=0.0443 val_acc=0.8878 val_nlpd=0.3934 val_ece=0.0170 kl_weight=0.000000 loss_kl_raw=2620508.7500
[eval] adapter_cls=BayesPaperAdapter
[eval] raw_logits_shape=(10, 256, 101)
[eval] reduced_logits_shape=(256, 101)
[Epoch 264] lr=0.003511 train_loss=0.0658 loss_reg=0.0444 val_acc=0.8888 val_nlpd=0.3923 val_ece=0.0181 kl_weight=0.000000 loss_kl_raw=2620458.5000
[eval] adapter_cls=BayesPaperAdapter
[eval] raw_logits_shape=(10, 256, 101)
[eval] reduced_logits_shape=(256, 101)
[Epoch 265] lr=0.003321 train_loss=0.0659 loss_reg=0.0446 val_acc=0.8883 val_nlpd=0.3928 val_ece=0.0164 kl_weight=0.000000 loss_kl_raw=2620420.2500
[eval] adapter_cls=BayesPaperAdapter
[eval] raw_logits_shape=(10, 256, 101)
[eval] reduced_logits_shape=(256, 101)
[Epoch 266] lr=0.003136 train_loss=0.0661 loss_reg=0.0448 val_acc=0.8883 val_nlpd=0.3926 val_ece=0.0177 kl_weight=0.000000 loss_kl_raw=2620377.5000
[eval] adapter_cls=BayesPaperAdapter
[eval] raw_logits_shape=(10, 256, 101)
[eval] reduced_logits_shape=(256, 101)
[Epoch 267] lr=0.002956 train_loss=0.0662 loss_reg=0.0449 val_acc=0.8894 val_nlpd=0.3912 val_ece=0.0187 kl_weight=0.000000 loss_kl_raw=2620335.0000
[eval] adapter_cls=BayesPaperAdapter
[eval] raw_logits_shape=(10, 256, 101)
[eval] reduced_logits_shape=(256, 101)
[Epoch 268] lr=0.002781 train_loss=0.0665 loss_reg=0.0451 val_acc=0.8899 val_nlpd=0.3917 val_ece=0.0179 kl_weight=0.000000 loss_kl_raw=2620284.7500
[eval] adapter_cls=BayesPaperAdapter
[eval] raw_logits_shape=(10, 256, 101)
[eval] reduced_logits_shape=(256, 101)
[Epoch 269] lr=0.002612 train_loss=0.0667 loss_reg=0.0453 val_acc=0.8883 val_nlpd=0.3926 val_ece=0.0197 kl_weight=0.000000 loss_kl_raw=2620246.0000
[eval] adapter_cls=BayesPaperAdapter
[eval] raw_logits_shape=(10, 256, 101)
[eval] reduced_logits_shape=(256, 101)
[Epoch 270] lr=0.002447 train_loss=0.0667 loss_reg=0.0454 val_acc=0.8888 val_nlpd=0.3926 val_ece=0.0199 kl_weight=0.000000 loss_kl_raw=2620208.2500
[eval] adapter_cls=BayesPaperAdapter
[eval] raw_logits_shape=(10, 256, 101)
[eval] reduced_logits_shape=(256, 101)
[Epoch 271] lr=0.002288 train_loss=0.0670 loss_reg=0.0456 val_acc=0.8888 val_nlpd=0.3927 val_ece=0.0178 kl_weight=0.000000 loss_kl_raw=2620174.2500
[eval] adapter_cls=BayesPaperAdapter
[eval] raw_logits_shape=(10, 256, 101)
[eval] reduced_logits_shape=(256, 101)
[Epoch 272] lr=0.002134 train_loss=0.0671 loss_reg=0.0458 val_acc=0.8878 val_nlpd=0.3926 val_ece=0.0181 kl_weight=0.000000 loss_kl_raw=2620139.7500
[eval] adapter_cls=BayesPaperAdapter
[eval] raw_logits_shape=(10, 256, 101)
[eval] reduced_logits_shape=(256, 101)
[Epoch 273] lr=0.001985 train_loss=0.0673 loss_reg=0.0459 val_acc=0.8888 val_nlpd=0.3929 val_ece=0.0167 kl_weight=0.000000 loss_kl_raw=2620099.7500
[eval] adapter_cls=BayesPaperAdapter
[eval] raw_logits_shape=(10, 256, 101)
[eval] reduced_logits_shape=(256, 101)
[Epoch 274] lr=0.001842 train_loss=0.0674 loss_reg=0.0461 val_acc=0.8883 val_nlpd=0.3929 val_ece=0.0175 kl_weight=0.000000 loss_kl_raw=2620063.7500
[eval] adapter_cls=BayesPaperAdapter
[eval] raw_logits_shape=(10, 256, 101)
[eval] reduced_logits_shape=(256, 101)
[Epoch 275] lr=0.001704 train_loss=0.0676 loss_reg=0.0463 val_acc=0.8888 val_nlpd=0.3918 val_ece=0.0195 kl_weight=0.000000 loss_kl_raw=2620031.0000
[eval] adapter_cls=BayesPaperAdapter
[eval] raw_logits_shape=(10, 256, 101)
[eval] reduced_logits_shape=(256, 101)
[Epoch 276] lr=0.001571 train_loss=0.0678 loss_reg=0.0464 val_acc=0.8862 val_nlpd=0.3927 val_ece=0.0233 kl_weight=0.000000 loss_kl_raw=2620001.2500
[eval] adapter_cls=BayesPaperAdapter
[eval] raw_logits_shape=(10, 256, 101)
[eval] reduced_logits_shape=(256, 101)
[Epoch 277] lr=0.001443 train_loss=0.0680 loss_reg=0.0466 val_acc=0.8883 val_nlpd=0.3929 val_ece=0.0164 kl_weight=0.000000 loss_kl_raw=2619973.5000
[eval] adapter_cls=BayesPaperAdapter
[eval] raw_logits_shape=(10, 256, 101)
[eval] reduced_logits_shape=(256, 101)
[Epoch 278] lr=0.001321 train_loss=0.0682 loss_reg=0.0468 val_acc=0.8878 val_nlpd=0.3922 val_ece=0.0158 kl_weight=0.000000 loss_kl_raw=2619948.5000
[eval] adapter_cls=BayesPaperAdapter
[eval] raw_logits_shape=(10, 256, 101)
[eval] reduced_logits_shape=(256, 101)
[Epoch 279] lr=0.001204 train_loss=0.0683 loss_reg=0.0469 val_acc=0.8878 val_nlpd=0.3934 val_ece=0.0179 kl_weight=0.000000 loss_kl_raw=2619924.0000
[eval] adapter_cls=BayesPaperAdapter
[eval] raw_logits_shape=(10, 256, 101)
[eval] reduced_logits_shape=(256, 101)
[Epoch 280] lr=0.001093 train_loss=0.0685 loss_reg=0.0471 val_acc=0.8888 val_nlpd=0.3918 val_ece=0.0181 kl_weight=0.000000 loss_kl_raw=2619901.2500
[eval] adapter_cls=BayesPaperAdapter
[eval] raw_logits_shape=(10, 256, 101)
[eval] reduced_logits_shape=(256, 101)
[Epoch 281] lr=0.000986 train_loss=0.0686 loss_reg=0.0473 val_acc=0.8888 val_nlpd=0.3914 val_ece=0.0150 kl_weight=0.000000 loss_kl_raw=2619879.0000
[eval] adapter_cls=BayesPaperAdapter
[eval] raw_logits_shape=(10, 256, 101)
[eval] reduced_logits_shape=(256, 101)
[Epoch 282] lr=0.000886 train_loss=0.0688 loss_reg=0.0475 val_acc=0.8867 val_nlpd=0.3931 val_ece=0.0167 kl_weight=0.000000 loss_kl_raw=2619860.2500
[eval] adapter_cls=BayesPaperAdapter
[eval] raw_logits_shape=(10, 256, 101)
[eval] reduced_logits_shape=(256, 101)
[Epoch 283] lr=0.000790 train_loss=0.0689 loss_reg=0.0476 val_acc=0.8883 val_nlpd=0.3925 val_ece=0.0159 kl_weight=0.000000 loss_kl_raw=2619842.5000
[eval] adapter_cls=BayesPaperAdapter
[eval] raw_logits_shape=(10, 256, 101)
[eval] reduced_logits_shape=(256, 101)
[Epoch 284] lr=0.000700 train_loss=0.0691 loss_reg=0.0478 val_acc=0.8867 val_nlpd=0.3930 val_ece=0.0156 kl_weight=0.000000 loss_kl_raw=2619824.0000
[eval] adapter_cls=BayesPaperAdapter
[eval] raw_logits_shape=(10, 256, 101)
[eval] reduced_logits_shape=(256, 101)
[Epoch 285] lr=0.000616 train_loss=0.0693 loss_reg=0.0480 val_acc=0.8894 val_nlpd=0.3921 val_ece=0.0192 kl_weight=0.000000 loss_kl_raw=2619810.0000
[eval] adapter_cls=BayesPaperAdapter
[eval] raw_logits_shape=(10, 256, 101)
[eval] reduced_logits_shape=(256, 101)
[Epoch 286] lr=0.000536 train_loss=0.0695 loss_reg=0.0481 val_acc=0.8862 val_nlpd=0.3939 val_ece=0.0173 kl_weight=0.000000 loss_kl_raw=2619796.7500
[eval] adapter_cls=BayesPaperAdapter
[eval] raw_logits_shape=(10, 256, 101)
[eval] reduced_logits_shape=(256, 101)
[Epoch 287] lr=0.000463 train_loss=0.0697 loss_reg=0.0483 val_acc=0.8888 val_nlpd=0.3921 val_ece=0.0163 kl_weight=0.000000 loss_kl_raw=2619785.0000
[eval] adapter_cls=BayesPaperAdapter
[eval] raw_logits_shape=(10, 256, 101)
[eval] reduced_logits_shape=(256, 101)
[Epoch 288] lr=0.000394 train_loss=0.0698 loss_reg=0.0485 val_acc=0.8894 val_nlpd=0.3926 val_ece=0.0182 kl_weight=0.000000 loss_kl_raw=2619774.0000
[eval] adapter_cls=BayesPaperAdapter
[eval] raw_logits_shape=(10, 256, 101)
[eval] reduced_logits_shape=(256, 101)
[Epoch 289] lr=0.000331 train_loss=0.0699 loss_reg=0.0486 val_acc=0.8883 val_nlpd=0.3915 val_ece=0.0183 kl_weight=0.000000 loss_kl_raw=2619764.0000
[eval] adapter_cls=BayesPaperAdapter
[eval] raw_logits_shape=(10, 256, 101)
[eval] reduced_logits_shape=(256, 101)
[Epoch 290] lr=0.000274 train_loss=0.0701 loss_reg=0.0488 val_acc=0.8894 val_nlpd=0.3918 val_ece=0.0208 kl_weight=0.000000 loss_kl_raw=2619756.2500
[eval] adapter_cls=BayesPaperAdapter
[eval] raw_logits_shape=(10, 256, 101)
[eval] reduced_logits_shape=(256, 101)
[Epoch 291] lr=0.000222 train_loss=0.0704 loss_reg=0.0490 val_acc=0.8899 val_nlpd=0.3921 val_ece=0.0192 kl_weight=0.000000 loss_kl_raw=2619750.2500
[eval] adapter_cls=BayesPaperAdapter
[eval] raw_logits_shape=(10, 256, 101)
[eval] reduced_logits_shape=(256, 101)
[Epoch 292] lr=0.000175 train_loss=0.0706 loss_reg=0.0491 val_acc=0.8878 val_nlpd=0.3925 val_ece=0.0179 kl_weight=0.000000 loss_kl_raw=2619745.5000
[eval] adapter_cls=BayesPaperAdapter
[eval] raw_logits_shape=(10, 256, 101)
[eval] reduced_logits_shape=(256, 101)
[Epoch 293] lr=0.000134 train_loss=0.0706 loss_reg=0.0493 val_acc=0.8883 val_nlpd=0.3921 val_ece=0.0202 kl_weight=0.000000 loss_kl_raw=2619740.7500
[eval] adapter_cls=BayesPaperAdapter
[eval] raw_logits_shape=(10, 256, 101)
[eval] reduced_logits_shape=(256, 101)
[Epoch 294] lr=0.000099 train_loss=0.0708 loss_reg=0.0495 val_acc=0.8888 val_nlpd=0.3918 val_ece=0.0218 kl_weight=0.000000 loss_kl_raw=2619737.5000
[eval] adapter_cls=BayesPaperAdapter
[eval] raw_logits_shape=(10, 256, 101)
[eval] reduced_logits_shape=(256, 101)
[Epoch 295] lr=0.000069 train_loss=0.0710 loss_reg=0.0496 val_acc=0.8872 val_nlpd=0.3943 val_ece=0.0191 kl_weight=0.000000 loss_kl_raw=2619734.7500
[eval] adapter_cls=BayesPaperAdapter
[eval] raw_logits_shape=(10, 256, 101)
[eval] reduced_logits_shape=(256, 101)
[Epoch 296] lr=0.000044 train_loss=0.0711 loss_reg=0.0498 val_acc=0.8878 val_nlpd=0.3925 val_ece=0.0166 kl_weight=0.000000 loss_kl_raw=2619732.7500
[eval] adapter_cls=BayesPaperAdapter
[eval] raw_logits_shape=(10, 256, 101)
[eval] reduced_logits_shape=(256, 101)
[Epoch 297] lr=0.000025 train_loss=0.0713 loss_reg=0.0500 val_acc=0.8883 val_nlpd=0.3922 val_ece=0.0200 kl_weight=0.000000 loss_kl_raw=2619731.5000
[eval] adapter_cls=BayesPaperAdapter
[eval] raw_logits_shape=(10, 256, 101)
[eval] reduced_logits_shape=(256, 101)
[Epoch 298] lr=0.000011 train_loss=0.0715 loss_reg=0.0502 val_acc=0.8883 val_nlpd=0.3923 val_ece=0.0222 kl_weight=0.000000 loss_kl_raw=2619731.2500
[eval] adapter_cls=BayesPaperAdapter
[eval] raw_logits_shape=(10, 256, 101)
[eval] reduced_logits_shape=(256, 101)
[Epoch 299] lr=0.000003 train_loss=0.0716 loss_reg=0.0503 val_acc=0.8867 val_nlpd=0.3925 val_ece=0.0187 kl_weight=0.000000 loss_kl_raw=2619731.0000
[eval] adapter_cls=BayesPaperAdapter
[eval] raw_logits_shape=(10, 256, 101)
[eval] reduced_logits_shape=(256, 101)
[Epoch 300] lr=0.000000 train_loss=0.0718 loss_reg=0.0505 val_acc=0.8883 val_nlpd=0.3925 val_ece=0.0177 kl_weight=0.000000 loss_kl_raw=2619731.0000
[done] training complete:
{
  "family": "vlm_adapter",
  "variant": "BAYESADAPTER",
  "protocol": "id",
  "dataset": "ucf101",
  "seed": 1,
  "model_selection": "last",
  "selection_metric": "acc",
  "selection_mode": "max",
  "best_epoch": 169,
  "best_val_metrics_saved": {
    "loss": 0.396752282239112,
    "acc": 0.8904109597206116,
    "nlpd": 0.39574959874153137,
    "ece": 0.020902277901768684,
    "aece": 0.022701135582366156,
    "raw_cov_99": 0.4373024106025696,
    "sel_acc_99": 0.9975903630256653,
    "reliable_99": 1.0,
    "cov_99": 0.4373024106025696,
    "class_cov_99": 0.9207920792079208,
    "raw_cov_95": 0.6138039827346802,
    "sel_acc_95": 0.9879828095436096,
    "reliable_95": 1.0,
    "cov_95": 0.6138039827346802,
    "class_cov_95": 0.9801980198019802,
    "raw_cov_90": 0.6975764036178589,
    "sel_acc_90": 0.9856495261192322,
    "reliable_90": 1.0,
    "cov_90": 0.6975764036178589,
    "class_cov_90": 1.0,
    "raw_cov_85": 0.7497365474700928,
    "sel_acc_85": 0.9796205163002014,
    "reliable_85": 1.0,
    "cov_85": 0.7497365474700928,
    "class_cov_85": 1.0,
    "raw_cov_80": 0.788724958896637,
    "sel_acc_80": 0.9759519100189209,
    "reliable_80": 1.0,
    "cov_80": 0.788724958896637,
    "class_cov_80": 1.0
  },
  "last_epoch": 300,
  "last_val_metrics_saved": {
    "loss": 0.39351766868185317,
    "acc": 0.8883034586906433,
    "nlpd": 0.39251309633255005,
    "ece": 0.017717525362968445,
    "aece": 0.02377947612230845,
    "raw_cov_99": 0.4404636323451996,
    "sel_acc_99": 0.9976076483726501,
    "reliable_99": 1.0,
    "cov_99": 0.4404636323451996,
    "class_cov_99": 0.9207920792079208,
    "raw_cov_95": 0.6180189847946167,
    "sel_acc_95": 0.9880647659301758,
    "reliable_95": 1.0,
    "cov_95": 0.6180189847946167,
    "class_cov_95": 0.9801980198019802,
    "raw_cov_90": 0.7028450965881348,
    "sel_acc_90": 0.9850075244903564,
    "reliable_90": 1.0,
    "cov_90": 0.7028450965881348,
    "class_cov_90": 1.0,
    "raw_cov_85": 0.7539515495300293,
    "sel_acc_85": 0.979734480381012,
    "reliable_85": 1.0,
    "cov_85": 0.7539515495300293,
    "class_cov_85": 1.0,
    "raw_cov_80": 0.7903056144714355,
    "sel_acc_80": 0.9766666889190674,
    "reliable_80": 1.0,
    "cov_80": 0.7903056144714355,
    "class_cov_80": 1.0
  },
  "run_dir": "/root/autodl-tmp/BayesVLM/output/vlm_adapter/id/ucf101/BAYESADAPTER/BAYESADAPTER/logit_scale_frozen/prior_text_only__seed_1__last/shot_16/seed_1",
  "elapsed_seconds": 40.62,
  "artifacts": {
    "log_file": "train/train.log",
    "config_file": "config/config.json",
    "class_names_file": "config/class_names.json",
    "metrics_csv_file": "train/metrics_history.csv",
    "best_ckpt_file": "checkpoints/best_adapter.pt",
    "last_ckpt_file": "checkpoints/last_adapter.pt"
  }
}
