[run] family=vlm_adapter
[run] variant=BAYESADAPTER
[run] protocol=id
[run] dataset=ucf101
[run] model=clip-base
[run] shots_per_class=4
[run] seed=3
[run] device=cuda
[run] run_dir=/root/autodl-tmp/BayesVLM/output/vlm_adapter/id/ucf101/BAYESADAPTER/BAYESADAPTER/logit_scale_frozen/prior_text_only__seed_3__last/shot_4/seed_3
[run] optimizer=sgd
[run] lr_scheduler=cosine
[run] model_selection=last
[note] pseudo_data_count=None retained only for explicit config parity.
[note] bayesadapter_covariance_mode=paper_scalar
[note] bayesadapter_text_only_run_dir=./output/text_only_bayes_coop_bayes/id/ucf101/logit_scale_frozen/shot_4/seed_3
[note] bayesadapter_text_only_ckpt=last
===== train =====
num_classes: 101
  0 | Apply_Eye_Makeup          | 4
  1 | Apply_Lipstick            | 4
  2 | Archery                   | 4
  3 | Baby_Crawling             | 4
  4 | Balance_Beam              | 4
  5 | Band_Marching             | 4
  6 | Baseball_Pitch            | 4
  7 | Basketball                | 4
  8 | Basketball_Dunk           | 4
  9 | Bench_Press               | 4
 10 | Biking                    | 4
 11 | Billiards                 | 4
 12 | Blow_Dry_Hair             | 4
 13 | Blowing_Candles           | 4
 14 | Body_Weight_Squats        | 4
 15 | Bowling                   | 4
 16 | Boxing_Punching_Bag       | 4
 17 | Boxing_Speed_Bag          | 4
 18 | Breast_Stroke             | 4
 19 | Brushing_Teeth            | 4
 20 | Clean_And_Jerk            | 4
 21 | Cliff_Diving              | 4
 22 | Cricket_Bowling           | 4
 23 | Cricket_Shot              | 4
 24 | Cutting_In_Kitchen        | 4
 25 | Diving                    | 4
 26 | Drumming                  | 4
 27 | Fencing                   | 4
 28 | Field_Hockey_Penalty      | 4
 29 | Floor_Gymnastics          | 4
 30 | Frisbee_Catch             | 4
 31 | Front_Crawl               | 4
 32 | Golf_Swing                | 4
 33 | Haircut                   | 4
 34 | Hammering                 | 4
 35 | Hammer_Throw              | 4
 36 | Handstand_Pushups         | 4
 37 | Handstand_Walking         | 4
 38 | Head_Massage              | 4
 39 | High_Jump                 | 4
 40 | Horse_Race                | 4
 41 | Horse_Riding              | 4
 42 | Hula_Hoop                 | 4
 43 | Ice_Dancing               | 4
 44 | Javelin_Throw             | 4
 45 | Juggling_Balls            | 4
 46 | Jumping_Jack              | 4
 47 | Jump_Rope                 | 4
 48 | Kayaking                  | 4
 49 | Knitting                  | 4
 50 | Long_Jump                 | 4
 51 | Lunges                    | 4
 52 | Military_Parade           | 4
 53 | Mixing                    | 4
 54 | Mopping_Floor             | 4
 55 | Nunchucks                 | 4
 56 | Parallel_Bars             | 4
 57 | Pizza_Tossing             | 4
 58 | Playing_Cello             | 4
 59 | Playing_Daf               | 4
 60 | Playing_Dhol              | 4
 61 | Playing_Flute             | 4
 62 | Playing_Guitar            | 4
 63 | Playing_Piano             | 4
 64 | Playing_Sitar             | 4
 65 | Playing_Tabla             | 4
 66 | Playing_Violin            | 4
 67 | Pole_Vault                | 4
 68 | Pommel_Horse              | 4
 69 | Pull_Ups                  | 4
 70 | Punch                     | 4
 71 | Push_Ups                  | 4
 72 | Rafting                   | 4
 73 | Rock_Climbing_Indoor      | 4
 74 | Rope_Climbing             | 4
 75 | Rowing                    | 4
 76 | Salsa_Spin                | 4
 77 | Shaving_Beard             | 4
 78 | Shotput                   | 4
 79 | Skate_Boarding            | 4
 80 | Skiing                    | 4
 81 | Skijet                    | 4
 82 | Sky_Diving                | 4
 83 | Soccer_Juggling           | 4
 84 | Soccer_Penalty            | 4
 85 | Still_Rings               | 4
 86 | Sumo_Wrestling            | 4
 87 | Surfing                   | 4
 88 | Swing                     | 4
 89 | Table_Tennis_Shot         | 4
 90 | Tai_Chi                   | 4
 91 | Tennis_Swing              | 4
 92 | Throw_Discus              | 4
 93 | Trampoline_Jumping        | 4
 94 | Typing                    | 4
 95 | Uneven_Bars               | 4
 96 | Volleyball_Spiking        | 4
 97 | Walking_With_Dog          | 4
 98 | Wall_Pushups              | 4
 99 | Writing_On_Board          | 4
100 | Yo_Yo                     | 4
===== test =====
num_classes: 101
  0 | Apply_Eye_Makeup          | 44
  1 | Apply_Lipstick            | 32
  2 | Archery                   | 41
  3 | Baby_Crawling             | 35
  4 | Balance_Beam              | 31
  5 | Band_Marching             | 43
  6 | Baseball_Pitch            | 43
  7 | Basketball                | 35
  8 | Basketball_Dunk           | 37
  9 | Bench_Press               | 48
 10 | Biking                    | 38
 11 | Billiards                 | 40
 12 | Blow_Dry_Hair             | 38
 13 | Blowing_Candles           | 33
 14 | Body_Weight_Squats        | 30
 15 | Bowling                   | 43
 16 | Boxing_Punching_Bag       | 49
 17 | Boxing_Speed_Bag          | 37
 18 | Breast_Stroke             | 28
 19 | Brushing_Teeth            | 36
 20 | Clean_And_Jerk            | 33
 21 | Cliff_Diving              | 39
 22 | Cricket_Bowling           | 36
 23 | Cricket_Shot              | 49
 24 | Cutting_In_Kitchen        | 33
 25 | Diving                    | 45
 26 | Drumming                  | 45
 27 | Fencing                   | 34
 28 | Field_Hockey_Penalty      | 40
 29 | Floor_Gymnastics          | 36
 30 | Frisbee_Catch             | 37
 31 | Front_Crawl               | 37
 32 | Golf_Swing                | 39
 33 | Haircut                   | 33
 34 | Hammering                 | 33
 35 | Hammer_Throw              | 45
 36 | Handstand_Pushups         | 28
 37 | Handstand_Walking         | 34
 38 | Head_Massage              | 41
 39 | High_Jump                 | 37
 40 | Horse_Race                | 35
 41 | Horse_Riding              | 49
 42 | Hula_Hoop                 | 34
 43 | Ice_Dancing               | 46
 44 | Javelin_Throw             | 31
 45 | Juggling_Balls            | 40
 46 | Jumping_Jack              | 37
 47 | Jump_Rope                 | 38
 48 | Kayaking                  | 36
 49 | Knitting                  | 34
 50 | Long_Jump                 | 39
 51 | Lunges                    | 37
 52 | Military_Parade           | 33
 53 | Mixing                    | 45
 54 | Mopping_Floor             | 34
 55 | Nunchucks                 | 35
 56 | Parallel_Bars             | 37
 57 | Pizza_Tossing             | 33
 58 | Playing_Cello             | 44
 59 | Playing_Daf               | 41
 60 | Playing_Dhol              | 49
 61 | Playing_Flute             | 48
 62 | Playing_Guitar            | 43
 63 | Playing_Piano             | 28
 64 | Playing_Sitar             | 44
 65 | Playing_Tabla             | 31
 66 | Playing_Violin            | 28
 67 | Pole_Vault                | 40
 68 | Pommel_Horse              | 35
 69 | Pull_Ups                  | 28
 70 | Punch                     | 39
 71 | Push_Ups                  | 30
 72 | Rafting                   | 28
 73 | Rock_Climbing_Indoor      | 41
 74 | Rope_Climbing             | 34
 75 | Rowing                    | 36
 76 | Salsa_Spin                | 43
 77 | Shaving_Beard             | 43
 78 | Shotput                   | 46
 79 | Skate_Boarding            | 32
 80 | Skiing                    | 40
 81 | Skijet                    | 28
 82 | Sky_Diving                | 31
 83 | Soccer_Juggling           | 39
 84 | Soccer_Penalty            | 41
 85 | Still_Rings               | 32
 86 | Sumo_Wrestling            | 34
 87 | Surfing                   | 33
 88 | Swing                     | 42
 89 | Table_Tennis_Shot         | 39
 90 | Tai_Chi                   | 28
 91 | Tennis_Swing              | 49
 92 | Throw_Discus              | 38
 93 | Trampoline_Jumping        | 32
 94 | Typing                    | 43
 95 | Uneven_Bars               | 28
 96 | Volleyball_Spiking        | 35
 97 | Walking_With_Dog          | 36
 98 | Wall_Pushups              | 35
 99 | Writing_On_Board          | 45
100 | Yo_Yo                     | 36
[load_model] 使用本地模型目录：/root/autodl-tmp/BayesVLM/models/clip-vit-b32
[cache] dataset=ucf101 split=id_train cache_dir=/root/autodl-tmp/BayesVLM/cache/image_features/ucf101/model_clip-base/weights__root_autodl-tmp_BayesVLM_models_clip-vit-b32/imgsz_224/tfm_cf4d0ebdf93a/id_train
[cache] manifest 不匹配，准备重建。
[cache] manifest_diff_keys=['sample_keys_sha256']
[cache]   sample_keys_sha256: current=058c2c24e7cd4731fdb383d424abc0b985031236e0a0c074e851443b66bcbc58 | expected=f4e2bf61fa33291719a4fd1f35fe0b4b41e895d41b5d805625f494793230bd9c
  0%|          | 0/2 [00:00<?, ?it/s] 50%|#####     | 1/2 [00:01<00:01,  1.45s/it]100%|##########| 2/2 [00:01<00:00,  1.33it/s]
[cache] 已完成重建并写入 manifest。
[cache] dataset=ucf101 split=id_train_eval cache_dir=/root/autodl-tmp/BayesVLM/cache/image_features/ucf101/model_clip-base/weights__root_autodl-tmp_BayesVLM_models_clip-vit-b32/imgsz_224/tfm_cf4d0ebdf93a/id_train_eval
[cache] manifest 不匹配，准备重建。
[cache] manifest_diff_keys=['sample_keys_sha256']
[cache]   sample_keys_sha256: current=058c2c24e7cd4731fdb383d424abc0b985031236e0a0c074e851443b66bcbc58 | expected=f4e2bf61fa33291719a4fd1f35fe0b4b41e895d41b5d805625f494793230bd9c
  0%|          | 0/2 [00:00<?, ?it/s] 50%|#####     | 1/2 [00:01<00:01,  1.04s/it]100%|##########| 2/2 [00:01<00:00,  1.83it/s]
[cache] 已完成重建并写入 manifest。
[cache] dataset=ucf101 split=id_val cache_dir=/root/autodl-tmp/BayesVLM/cache/image_features/ucf101/model_clip-base/weights__root_autodl-tmp_BayesVLM_models_clip-vit-b32/imgsz_224/tfm_cf4d0ebdf93a/id_val
[cache] 命中缓存，直接加载。
[cache] dataset=ucf101 split=id_test cache_dir=/root/autodl-tmp/BayesVLM/cache/image_features/ucf101/model_clip-base/weights__root_autodl-tmp_BayesVLM_models_clip-vit-b32/imgsz_224/tfm_cf4d0ebdf93a/id_test
[cache] 命中缓存，直接加载。
[train] starting training loop ...
[eval] adapter_cls=BayesPaperAdapter
[eval] raw_logits_shape=(10, 256, 101)
[eval] reduced_logits_shape=(256, 101)
[Epoch 001] lr=0.099997 train_loss=1.4036 loss_reg=0.0000 val_acc=0.6581 val_nlpd=1.2856 val_ece=0.0914 kl_weight=0.000000 loss_kl_raw=51754.0039
[eval] adapter_cls=BayesPaperAdapter
[eval] raw_logits_shape=(10, 256, 101)
[eval] reduced_logits_shape=(256, 101)
[Epoch 002] lr=0.099989 train_loss=1.3117 loss_reg=0.0000 val_acc=0.6691 val_nlpd=1.1949 val_ece=0.0804 kl_weight=0.000000 loss_kl_raw=52573.6875
[eval] adapter_cls=BayesPaperAdapter
[eval] raw_logits_shape=(10, 256, 101)
[eval] reduced_logits_shape=(256, 101)
[Epoch 003] lr=0.099975 train_loss=1.1692 loss_reg=0.0000 val_acc=0.6860 val_nlpd=1.1148 val_ece=0.0656 kl_weight=0.000000 loss_kl_raw=56135.6562
[eval] adapter_cls=BayesPaperAdapter
[eval] raw_logits_shape=(10, 256, 101)
[eval] reduced_logits_shape=(256, 101)
[Epoch 004] lr=0.099956 train_loss=1.0324 loss_reg=0.0000 val_acc=0.6986 val_nlpd=1.0536 val_ece=0.0544 kl_weight=0.000000 loss_kl_raw=63815.1719
[eval] adapter_cls=BayesPaperAdapter
[eval] raw_logits_shape=(10, 256, 101)
[eval] reduced_logits_shape=(256, 101)
[Epoch 005] lr=0.099931 train_loss=0.9152 loss_reg=0.0000 val_acc=0.7081 val_nlpd=1.0148 val_ece=0.0464 kl_weight=0.000000 loss_kl_raw=75392.2109
[eval] adapter_cls=BayesPaperAdapter
[eval] raw_logits_shape=(10, 256, 101)
[eval] reduced_logits_shape=(256, 101)
[Epoch 006] lr=0.099901 train_loss=0.8187 loss_reg=0.0000 val_acc=0.7123 val_nlpd=0.9883 val_ece=0.0448 kl_weight=0.000000 loss_kl_raw=90342.9766
[eval] adapter_cls=BayesPaperAdapter
[eval] raw_logits_shape=(10, 256, 101)
[eval] reduced_logits_shape=(256, 101)
[Epoch 007] lr=0.099866 train_loss=0.7383 loss_reg=0.0000 val_acc=0.7229 val_nlpd=0.9629 val_ece=0.0342 kl_weight=0.000000 loss_kl_raw=107840.8750
[eval] adapter_cls=BayesPaperAdapter
[eval] raw_logits_shape=(10, 256, 101)
[eval] reduced_logits_shape=(256, 101)
[Epoch 008] lr=0.099825 train_loss=0.6594 loss_reg=0.0001 val_acc=0.7287 val_nlpd=0.9340 val_ece=0.0318 kl_weight=0.000000 loss_kl_raw=126364.1094
[eval] adapter_cls=BayesPaperAdapter
[eval] raw_logits_shape=(10, 256, 101)
[eval] reduced_logits_shape=(256, 101)
[Epoch 009] lr=0.099778 train_loss=0.5796 loss_reg=0.0001 val_acc=0.7360 val_nlpd=0.9069 val_ece=0.0275 kl_weight=0.000000 loss_kl_raw=146329.5781
[eval] adapter_cls=BayesPaperAdapter
[eval] raw_logits_shape=(10, 256, 101)
[eval] reduced_logits_shape=(256, 101)
[Epoch 010] lr=0.099726 train_loss=0.5118 loss_reg=0.0001 val_acc=0.7450 val_nlpd=0.8823 val_ece=0.0240 kl_weight=0.000000 loss_kl_raw=167265.5938
[eval] adapter_cls=BayesPaperAdapter
[eval] raw_logits_shape=(10, 256, 101)
[eval] reduced_logits_shape=(256, 101)
[Epoch 011] lr=0.099669 train_loss=0.4494 loss_reg=0.0001 val_acc=0.7518 val_nlpd=0.8606 val_ece=0.0296 kl_weight=0.000000 loss_kl_raw=188794.5000
[eval] adapter_cls=BayesPaperAdapter
[eval] raw_logits_shape=(10, 256, 101)
[eval] reduced_logits_shape=(256, 101)
[Epoch 012] lr=0.099606 train_loss=0.3869 loss_reg=0.0001 val_acc=0.7561 val_nlpd=0.8411 val_ece=0.0229 kl_weight=0.000000 loss_kl_raw=211329.2656
[eval] adapter_cls=BayesPaperAdapter
[eval] raw_logits_shape=(10, 256, 101)
[eval] reduced_logits_shape=(256, 101)
[Epoch 013] lr=0.099537 train_loss=0.3414 loss_reg=0.0002 val_acc=0.7608 val_nlpd=0.8253 val_ece=0.0222 kl_weight=0.000000 loss_kl_raw=234791.6875
[eval] adapter_cls=BayesPaperAdapter
[eval] raw_logits_shape=(10, 256, 101)
[eval] reduced_logits_shape=(256, 101)
[Epoch 014] lr=0.099464 train_loss=0.2982 loss_reg=0.0002 val_acc=0.7650 val_nlpd=0.8149 val_ece=0.0251 kl_weight=0.000000 loss_kl_raw=258803.1406
[eval] adapter_cls=BayesPaperAdapter
[eval] raw_logits_shape=(10, 256, 101)
[eval] reduced_logits_shape=(256, 101)
[Epoch 015] lr=0.099384 train_loss=0.2616 loss_reg=0.0002 val_acc=0.7671 val_nlpd=0.8035 val_ece=0.0228 kl_weight=0.000000 loss_kl_raw=283080.5938
[eval] adapter_cls=BayesPaperAdapter
[eval] raw_logits_shape=(10, 256, 101)
[eval] reduced_logits_shape=(256, 101)
[Epoch 016] lr=0.099300 train_loss=0.2349 loss_reg=0.0003 val_acc=0.7677 val_nlpd=0.7986 val_ece=0.0238 kl_weight=0.000000 loss_kl_raw=307722.1875
[eval] adapter_cls=BayesPaperAdapter
[eval] raw_logits_shape=(10, 256, 101)
[eval] reduced_logits_shape=(256, 101)
[Epoch 017] lr=0.099210 train_loss=0.2093 loss_reg=0.0003 val_acc=0.7692 val_nlpd=0.7923 val_ece=0.0258 kl_weight=0.000000 loss_kl_raw=331904.1562
[eval] adapter_cls=BayesPaperAdapter
[eval] raw_logits_shape=(10, 256, 101)
[eval] reduced_logits_shape=(256, 101)
[Epoch 018] lr=0.099114 train_loss=0.1867 loss_reg=0.0004 val_acc=0.7708 val_nlpd=0.7858 val_ece=0.0258 kl_weight=0.000000 loss_kl_raw=355170.1250
[eval] adapter_cls=BayesPaperAdapter
[eval] raw_logits_shape=(10, 256, 101)
[eval] reduced_logits_shape=(256, 101)
[Epoch 019] lr=0.099014 train_loss=0.1671 loss_reg=0.0004 val_acc=0.7692 val_nlpd=0.7815 val_ece=0.0267 kl_weight=0.000000 loss_kl_raw=377491.4375
[eval] adapter_cls=BayesPaperAdapter
[eval] raw_logits_shape=(10, 256, 101)
[eval] reduced_logits_shape=(256, 101)
[Epoch 020] lr=0.098907 train_loss=0.1506 loss_reg=0.0005 val_acc=0.7756 val_nlpd=0.7754 val_ece=0.0228 kl_weight=0.000000 loss_kl_raw=399234.7188
[eval] adapter_cls=BayesPaperAdapter
[eval] raw_logits_shape=(10, 256, 101)
[eval] reduced_logits_shape=(256, 101)
[Epoch 021] lr=0.098796 train_loss=0.1365 loss_reg=0.0005 val_acc=0.7766 val_nlpd=0.7742 val_ece=0.0267 kl_weight=0.000000 loss_kl_raw=419759.4062
[eval] adapter_cls=BayesPaperAdapter
[eval] raw_logits_shape=(10, 256, 101)
[eval] reduced_logits_shape=(256, 101)
[Epoch 022] lr=0.098679 train_loss=0.1253 loss_reg=0.0006 val_acc=0.7766 val_nlpd=0.7647 val_ece=0.0277 kl_weight=0.000000 loss_kl_raw=439256.7188
[eval] adapter_cls=BayesPaperAdapter
[eval] raw_logits_shape=(10, 256, 101)
[eval] reduced_logits_shape=(256, 101)
[Epoch 023] lr=0.098557 train_loss=0.1158 loss_reg=0.0006 val_acc=0.7782 val_nlpd=0.7634 val_ece=0.0282 kl_weight=0.000000 loss_kl_raw=457486.0625
[eval] adapter_cls=BayesPaperAdapter
[eval] raw_logits_shape=(10, 256, 101)
[eval] reduced_logits_shape=(256, 101)
[Epoch 024] lr=0.098429 train_loss=0.1075 loss_reg=0.0007 val_acc=0.7803 val_nlpd=0.7587 val_ece=0.0260 kl_weight=0.000000 loss_kl_raw=474776.1562
[eval] adapter_cls=BayesPaperAdapter
[eval] raw_logits_shape=(10, 256, 101)
[eval] reduced_logits_shape=(256, 101)
[Epoch 025] lr=0.098296 train_loss=0.0996 loss_reg=0.0008 val_acc=0.7819 val_nlpd=0.7566 val_ece=0.0271 kl_weight=0.000000 loss_kl_raw=490811.0000
[eval] adapter_cls=BayesPaperAdapter
[eval] raw_logits_shape=(10, 256, 101)
[eval] reduced_logits_shape=(256, 101)
[Epoch 026] lr=0.098158 train_loss=0.0936 loss_reg=0.0008 val_acc=0.7819 val_nlpd=0.7526 val_ece=0.0254 kl_weight=0.000000 loss_kl_raw=505992.2500
[eval] adapter_cls=BayesPaperAdapter
[eval] raw_logits_shape=(10, 256, 101)
[eval] reduced_logits_shape=(256, 101)
[Epoch 027] lr=0.098015 train_loss=0.0878 loss_reg=0.0009 val_acc=0.7845 val_nlpd=0.7506 val_ece=0.0224 kl_weight=0.000000 loss_kl_raw=520122.9688
[eval] adapter_cls=BayesPaperAdapter
[eval] raw_logits_shape=(10, 256, 101)
[eval] reduced_logits_shape=(256, 101)
[Epoch 028] lr=0.097866 train_loss=0.0832 loss_reg=0.0009 val_acc=0.7845 val_nlpd=0.7504 val_ece=0.0226 kl_weight=0.000000 loss_kl_raw=533408.3750
[eval] adapter_cls=BayesPaperAdapter
[eval] raw_logits_shape=(10, 256, 101)
[eval] reduced_logits_shape=(256, 101)
[Epoch 029] lr=0.097712 train_loss=0.0784 loss_reg=0.0010 val_acc=0.7840 val_nlpd=0.7476 val_ece=0.0244 kl_weight=0.000000 loss_kl_raw=545955.5625
[eval] adapter_cls=BayesPaperAdapter
[eval] raw_logits_shape=(10, 256, 101)
[eval] reduced_logits_shape=(256, 101)
[Epoch 030] lr=0.097553 train_loss=0.0756 loss_reg=0.0010 val_acc=0.7835 val_nlpd=0.7451 val_ece=0.0254 kl_weight=0.000000 loss_kl_raw=557694.6875
[eval] adapter_cls=BayesPaperAdapter
[eval] raw_logits_shape=(10, 256, 101)
[eval] reduced_logits_shape=(256, 101)
[Epoch 031] lr=0.097388 train_loss=0.0710 loss_reg=0.0011 val_acc=0.7856 val_nlpd=0.7455 val_ece=0.0243 kl_weight=0.000000 loss_kl_raw=568699.3125
[eval] adapter_cls=BayesPaperAdapter
[eval] raw_logits_shape=(10, 256, 101)
[eval] reduced_logits_shape=(256, 101)
[Epoch 032] lr=0.097219 train_loss=0.0681 loss_reg=0.0012 val_acc=0.7866 val_nlpd=0.7446 val_ece=0.0240 kl_weight=0.000000 loss_kl_raw=579202.8125
[eval] adapter_cls=BayesPaperAdapter
[eval] raw_logits_shape=(10, 256, 101)
[eval] reduced_logits_shape=(256, 101)
[Epoch 033] lr=0.097044 train_loss=0.0656 loss_reg=0.0012 val_acc=0.7877 val_nlpd=0.7419 val_ece=0.0243 kl_weight=0.000000 loss_kl_raw=589302.3750
[eval] adapter_cls=BayesPaperAdapter
[eval] raw_logits_shape=(10, 256, 101)
[eval] reduced_logits_shape=(256, 101)
[Epoch 034] lr=0.096864 train_loss=0.0628 loss_reg=0.0013 val_acc=0.7871 val_nlpd=0.7425 val_ece=0.0253 kl_weight=0.000000 loss_kl_raw=598820.1250
[eval] adapter_cls=BayesPaperAdapter
[eval] raw_logits_shape=(10, 256, 101)
[eval] reduced_logits_shape=(256, 101)
[Epoch 035] lr=0.096679 train_loss=0.0610 loss_reg=0.0013 val_acc=0.7877 val_nlpd=0.7408 val_ece=0.0238 kl_weight=0.000000 loss_kl_raw=607982.6875
[eval] adapter_cls=BayesPaperAdapter
[eval] raw_logits_shape=(10, 256, 101)
[eval] reduced_logits_shape=(256, 101)
[Epoch 036] lr=0.096489 train_loss=0.0588 loss_reg=0.0014 val_acc=0.7866 val_nlpd=0.7412 val_ece=0.0270 kl_weight=0.000000 loss_kl_raw=616701.3750
[eval] adapter_cls=BayesPaperAdapter
[eval] raw_logits_shape=(10, 256, 101)
[eval] reduced_logits_shape=(256, 101)
[Epoch 037] lr=0.096294 train_loss=0.0569 loss_reg=0.0014 val_acc=0.7871 val_nlpd=0.7418 val_ece=0.0253 kl_weight=0.000000 loss_kl_raw=625052.8750
[eval] adapter_cls=BayesPaperAdapter
[eval] raw_logits_shape=(10, 256, 101)
[eval] reduced_logits_shape=(256, 101)
[Epoch 038] lr=0.096093 train_loss=0.0546 loss_reg=0.0015 val_acc=0.7861 val_nlpd=0.7387 val_ece=0.0266 kl_weight=0.000000 loss_kl_raw=633041.4375
[eval] adapter_cls=BayesPaperAdapter
[eval] raw_logits_shape=(10, 256, 101)
[eval] reduced_logits_shape=(256, 101)
[Epoch 039] lr=0.095888 train_loss=0.0536 loss_reg=0.0016 val_acc=0.7856 val_nlpd=0.7403 val_ece=0.0279 kl_weight=0.000000 loss_kl_raw=640699.1875
[eval] adapter_cls=BayesPaperAdapter
[eval] raw_logits_shape=(10, 256, 101)
[eval] reduced_logits_shape=(256, 101)
[Epoch 040] lr=0.095677 train_loss=0.0525 loss_reg=0.0016 val_acc=0.7866 val_nlpd=0.7380 val_ece=0.0292 kl_weight=0.000000 loss_kl_raw=648023.1250
[eval] adapter_cls=BayesPaperAdapter
[eval] raw_logits_shape=(10, 256, 101)
[eval] reduced_logits_shape=(256, 101)
[Epoch 041] lr=0.095462 train_loss=0.0512 loss_reg=0.0017 val_acc=0.7866 val_nlpd=0.7365 val_ece=0.0277 kl_weight=0.000000 loss_kl_raw=655247.0625
[eval] adapter_cls=BayesPaperAdapter
[eval] raw_logits_shape=(10, 256, 101)
[eval] reduced_logits_shape=(256, 101)
[Epoch 042] lr=0.095241 train_loss=0.0499 loss_reg=0.0017 val_acc=0.7898 val_nlpd=0.7348 val_ece=0.0282 kl_weight=0.000000 loss_kl_raw=662188.6250
[eval] adapter_cls=BayesPaperAdapter
[eval] raw_logits_shape=(10, 256, 101)
[eval] reduced_logits_shape=(256, 101)
[Epoch 043] lr=0.095016 train_loss=0.0487 loss_reg=0.0018 val_acc=0.7866 val_nlpd=0.7350 val_ece=0.0286 kl_weight=0.000000 loss_kl_raw=668913.2500
[eval] adapter_cls=BayesPaperAdapter
[eval] raw_logits_shape=(10, 256, 101)
[eval] reduced_logits_shape=(256, 101)
[Epoch 044] lr=0.094786 train_loss=0.0475 loss_reg=0.0019 val_acc=0.7882 val_nlpd=0.7339 val_ece=0.0305 kl_weight=0.000000 loss_kl_raw=675377.7500
[eval] adapter_cls=BayesPaperAdapter
[eval] raw_logits_shape=(10, 256, 101)
[eval] reduced_logits_shape=(256, 101)
[Epoch 045] lr=0.094550 train_loss=0.0468 loss_reg=0.0019 val_acc=0.7877 val_nlpd=0.7349 val_ece=0.0332 kl_weight=0.000000 loss_kl_raw=681714.5625
[eval] adapter_cls=BayesPaperAdapter
[eval] raw_logits_shape=(10, 256, 101)
[eval] reduced_logits_shape=(256, 101)
[Epoch 046] lr=0.094310 train_loss=0.0458 loss_reg=0.0020 val_acc=0.7871 val_nlpd=0.7340 val_ece=0.0330 kl_weight=0.000000 loss_kl_raw=687825.5000
[eval] adapter_cls=BayesPaperAdapter
[eval] raw_logits_shape=(10, 256, 101)
[eval] reduced_logits_shape=(256, 101)
[Epoch 047] lr=0.094065 train_loss=0.0447 loss_reg=0.0021 val_acc=0.7887 val_nlpd=0.7311 val_ece=0.0320 kl_weight=0.000000 loss_kl_raw=693800.3125
[eval] adapter_cls=BayesPaperAdapter
[eval] raw_logits_shape=(10, 256, 101)
[eval] reduced_logits_shape=(256, 101)
[Epoch 048] lr=0.093815 train_loss=0.0441 loss_reg=0.0021 val_acc=0.7882 val_nlpd=0.7309 val_ece=0.0291 kl_weight=0.000000 loss_kl_raw=699613.8750
[eval] adapter_cls=BayesPaperAdapter
[eval] raw_logits_shape=(10, 256, 101)
[eval] reduced_logits_shape=(256, 101)
[Epoch 049] lr=0.093561 train_loss=0.0435 loss_reg=0.0022 val_acc=0.7877 val_nlpd=0.7294 val_ece=0.0321 kl_weight=0.000000 loss_kl_raw=705269.2500
[eval] adapter_cls=BayesPaperAdapter
[eval] raw_logits_shape=(10, 256, 101)
[eval] reduced_logits_shape=(256, 101)
[Epoch 050] lr=0.093301 train_loss=0.0426 loss_reg=0.0022 val_acc=0.7866 val_nlpd=0.7290 val_ece=0.0315 kl_weight=0.000000 loss_kl_raw=710784.1250
[eval] adapter_cls=BayesPaperAdapter
[eval] raw_logits_shape=(10, 256, 101)
[eval] reduced_logits_shape=(256, 101)
[Epoch 051] lr=0.093037 train_loss=0.0415 loss_reg=0.0023 val_acc=0.7877 val_nlpd=0.7310 val_ece=0.0343 kl_weight=0.000000 loss_kl_raw=716230.5625
[eval] adapter_cls=BayesPaperAdapter
[eval] raw_logits_shape=(10, 256, 101)
[eval] reduced_logits_shape=(256, 101)
[Epoch 052] lr=0.092768 train_loss=0.0413 loss_reg=0.0024 val_acc=0.7856 val_nlpd=0.7298 val_ece=0.0328 kl_weight=0.000000 loss_kl_raw=721491.6250
[eval] adapter_cls=BayesPaperAdapter
[eval] raw_logits_shape=(10, 256, 101)
[eval] reduced_logits_shape=(256, 101)
[Epoch 053] lr=0.092495 train_loss=0.0408 loss_reg=0.0024 val_acc=0.7866 val_nlpd=0.7291 val_ece=0.0325 kl_weight=0.000000 loss_kl_raw=726609.6250
[eval] adapter_cls=BayesPaperAdapter
[eval] raw_logits_shape=(10, 256, 101)
[eval] reduced_logits_shape=(256, 101)
[Epoch 054] lr=0.092216 train_loss=0.0401 loss_reg=0.0025 val_acc=0.7887 val_nlpd=0.7277 val_ece=0.0306 kl_weight=0.000000 loss_kl_raw=731606.2500
[eval] adapter_cls=BayesPaperAdapter
[eval] raw_logits_shape=(10, 256, 101)
[eval] reduced_logits_shape=(256, 101)
[Epoch 055] lr=0.091934 train_loss=0.0395 loss_reg=0.0026 val_acc=0.7861 val_nlpd=0.7284 val_ece=0.0338 kl_weight=0.000000 loss_kl_raw=736522.6875
[eval] adapter_cls=BayesPaperAdapter
[eval] raw_logits_shape=(10, 256, 101)
[eval] reduced_logits_shape=(256, 101)
[Epoch 056] lr=0.091646 train_loss=0.0387 loss_reg=0.0026 val_acc=0.7877 val_nlpd=0.7277 val_ece=0.0348 kl_weight=0.000000 loss_kl_raw=741327.0625
[eval] adapter_cls=BayesPaperAdapter
[eval] raw_logits_shape=(10, 256, 101)
[eval] reduced_logits_shape=(256, 101)
[Epoch 057] lr=0.091354 train_loss=0.0384 loss_reg=0.0027 val_acc=0.7898 val_nlpd=0.7272 val_ece=0.0318 kl_weight=0.000000 loss_kl_raw=746040.5625
[eval] adapter_cls=BayesPaperAdapter
[eval] raw_logits_shape=(10, 256, 101)
[eval] reduced_logits_shape=(256, 101)
[Epoch 058] lr=0.091057 train_loss=0.0379 loss_reg=0.0028 val_acc=0.7871 val_nlpd=0.7269 val_ece=0.0332 kl_weight=0.000000 loss_kl_raw=750658.2500
[eval] adapter_cls=BayesPaperAdapter
[eval] raw_logits_shape=(10, 256, 101)
[eval] reduced_logits_shape=(256, 101)
[Epoch 059] lr=0.090756 train_loss=0.0374 loss_reg=0.0028 val_acc=0.7893 val_nlpd=0.7266 val_ece=0.0341 kl_weight=0.000000 loss_kl_raw=755220.7500
[eval] adapter_cls=BayesPaperAdapter
[eval] raw_logits_shape=(10, 256, 101)
[eval] reduced_logits_shape=(256, 101)
[Epoch 060] lr=0.090451 train_loss=0.0369 loss_reg=0.0029 val_acc=0.7877 val_nlpd=0.7275 val_ece=0.0349 kl_weight=0.000000 loss_kl_raw=759665.1250
[eval] adapter_cls=BayesPaperAdapter
[eval] raw_logits_shape=(10, 256, 101)
[eval] reduced_logits_shape=(256, 101)
[Epoch 061] lr=0.090141 train_loss=0.0369 loss_reg=0.0029 val_acc=0.7908 val_nlpd=0.7263 val_ece=0.0313 kl_weight=0.000000 loss_kl_raw=764014.5000
[eval] adapter_cls=BayesPaperAdapter
[eval] raw_logits_shape=(10, 256, 101)
[eval] reduced_logits_shape=(256, 101)
[Epoch 062] lr=0.089826 train_loss=0.0361 loss_reg=0.0030 val_acc=0.7893 val_nlpd=0.7261 val_ece=0.0333 kl_weight=0.000000 loss_kl_raw=768302.7500
[eval] adapter_cls=BayesPaperAdapter
[eval] raw_logits_shape=(10, 256, 101)
[eval] reduced_logits_shape=(256, 101)
[Epoch 063] lr=0.089508 train_loss=0.0360 loss_reg=0.0031 val_acc=0.7893 val_nlpd=0.7276 val_ece=0.0328 kl_weight=0.000000 loss_kl_raw=772525.4375
[eval] adapter_cls=BayesPaperAdapter
[eval] raw_logits_shape=(10, 256, 101)
[eval] reduced_logits_shape=(256, 101)
[Epoch 064] lr=0.089185 train_loss=0.0352 loss_reg=0.0031 val_acc=0.7882 val_nlpd=0.7251 val_ece=0.0342 kl_weight=0.000000 loss_kl_raw=776682.6875
[eval] adapter_cls=BayesPaperAdapter
[eval] raw_logits_shape=(10, 256, 101)
[eval] reduced_logits_shape=(256, 101)
[Epoch 065] lr=0.088857 train_loss=0.0350 loss_reg=0.0032 val_acc=0.7877 val_nlpd=0.7269 val_ece=0.0347 kl_weight=0.000000 loss_kl_raw=780719.6875
[eval] adapter_cls=BayesPaperAdapter
[eval] raw_logits_shape=(10, 256, 101)
[eval] reduced_logits_shape=(256, 101)
[Epoch 066] lr=0.088526 train_loss=0.0348 loss_reg=0.0033 val_acc=0.7877 val_nlpd=0.7266 val_ece=0.0349 kl_weight=0.000000 loss_kl_raw=784692.6250
[eval] adapter_cls=BayesPaperAdapter
[eval] raw_logits_shape=(10, 256, 101)
[eval] reduced_logits_shape=(256, 101)
[Epoch 067] lr=0.088190 train_loss=0.0346 loss_reg=0.0033 val_acc=0.7882 val_nlpd=0.7269 val_ece=0.0347 kl_weight=0.000000 loss_kl_raw=788574.8125
[eval] adapter_cls=BayesPaperAdapter
[eval] raw_logits_shape=(10, 256, 101)
[eval] reduced_logits_shape=(256, 101)
[Epoch 068] lr=0.087850 train_loss=0.0342 loss_reg=0.0034 val_acc=0.7866 val_nlpd=0.7276 val_ece=0.0363 kl_weight=0.000000 loss_kl_raw=792376.8125
[eval] adapter_cls=BayesPaperAdapter
[eval] raw_logits_shape=(10, 256, 101)
[eval] reduced_logits_shape=(256, 101)
[Epoch 069] lr=0.087506 train_loss=0.0339 loss_reg=0.0035 val_acc=0.7893 val_nlpd=0.7237 val_ece=0.0340 kl_weight=0.000000 loss_kl_raw=796165.4375
[eval] adapter_cls=BayesPaperAdapter
[eval] raw_logits_shape=(10, 256, 101)
[eval] reduced_logits_shape=(256, 101)
[Epoch 070] lr=0.087157 train_loss=0.0336 loss_reg=0.0036 val_acc=0.7898 val_nlpd=0.7246 val_ece=0.0361 kl_weight=0.000000 loss_kl_raw=799838.8750
[eval] adapter_cls=BayesPaperAdapter
[eval] raw_logits_shape=(10, 256, 101)
[eval] reduced_logits_shape=(256, 101)
[Epoch 071] lr=0.086805 train_loss=0.0333 loss_reg=0.0036 val_acc=0.7882 val_nlpd=0.7266 val_ece=0.0356 kl_weight=0.000000 loss_kl_raw=803447.6250
[eval] adapter_cls=BayesPaperAdapter
[eval] raw_logits_shape=(10, 256, 101)
[eval] reduced_logits_shape=(256, 101)
[Epoch 072] lr=0.086448 train_loss=0.0329 loss_reg=0.0037 val_acc=0.7866 val_nlpd=0.7265 val_ece=0.0373 kl_weight=0.000000 loss_kl_raw=807025.1250
[eval] adapter_cls=BayesPaperAdapter
[eval] raw_logits_shape=(10, 256, 101)
[eval] reduced_logits_shape=(256, 101)
[Epoch 073] lr=0.086088 train_loss=0.0328 loss_reg=0.0038 val_acc=0.7877 val_nlpd=0.7253 val_ece=0.0362 kl_weight=0.000000 loss_kl_raw=810519.1875
[eval] adapter_cls=BayesPaperAdapter
[eval] raw_logits_shape=(10, 256, 101)
[eval] reduced_logits_shape=(256, 101)
[Epoch 074] lr=0.085724 train_loss=0.0327 loss_reg=0.0038 val_acc=0.7898 val_nlpd=0.7240 val_ece=0.0363 kl_weight=0.000000 loss_kl_raw=813971.9375
[eval] adapter_cls=BayesPaperAdapter
[eval] raw_logits_shape=(10, 256, 101)
[eval] reduced_logits_shape=(256, 101)
[Epoch 075] lr=0.085355 train_loss=0.0321 loss_reg=0.0039 val_acc=0.7882 val_nlpd=0.7249 val_ece=0.0362 kl_weight=0.000000 loss_kl_raw=817391.1250
[eval] adapter_cls=BayesPaperAdapter
[eval] raw_logits_shape=(10, 256, 101)
[eval] reduced_logits_shape=(256, 101)
[Epoch 076] lr=0.084983 train_loss=0.0320 loss_reg=0.0040 val_acc=0.7887 val_nlpd=0.7236 val_ece=0.0376 kl_weight=0.000000 loss_kl_raw=820728.3125
[eval] adapter_cls=BayesPaperAdapter
[eval] raw_logits_shape=(10, 256, 101)
[eval] reduced_logits_shape=(256, 101)
[Epoch 077] lr=0.084607 train_loss=0.0318 loss_reg=0.0040 val_acc=0.7882 val_nlpd=0.7245 val_ece=0.0364 kl_weight=0.000000 loss_kl_raw=824004.9375
[eval] adapter_cls=BayesPaperAdapter
[eval] raw_logits_shape=(10, 256, 101)
[eval] reduced_logits_shape=(256, 101)
[Epoch 078] lr=0.084227 train_loss=0.0317 loss_reg=0.0041 val_acc=0.7893 val_nlpd=0.7230 val_ece=0.0353 kl_weight=0.000000 loss_kl_raw=827246.8125
[eval] adapter_cls=BayesPaperAdapter
[eval] raw_logits_shape=(10, 256, 101)
[eval] reduced_logits_shape=(256, 101)
[Epoch 079] lr=0.083844 train_loss=0.0314 loss_reg=0.0042 val_acc=0.7898 val_nlpd=0.7229 val_ece=0.0363 kl_weight=0.000000 loss_kl_raw=830432.4375
[eval] adapter_cls=BayesPaperAdapter
[eval] raw_logits_shape=(10, 256, 101)
[eval] reduced_logits_shape=(256, 101)
[Epoch 080] lr=0.083457 train_loss=0.0312 loss_reg=0.0042 val_acc=0.7898 val_nlpd=0.7211 val_ece=0.0376 kl_weight=0.000000 loss_kl_raw=833555.1250
[eval] adapter_cls=BayesPaperAdapter
[eval] raw_logits_shape=(10, 256, 101)
[eval] reduced_logits_shape=(256, 101)
[Epoch 081] lr=0.083066 train_loss=0.0311 loss_reg=0.0043 val_acc=0.7887 val_nlpd=0.7222 val_ece=0.0367 kl_weight=0.000000 loss_kl_raw=836637.0000
[eval] adapter_cls=BayesPaperAdapter
[eval] raw_logits_shape=(10, 256, 101)
[eval] reduced_logits_shape=(256, 101)
[Epoch 082] lr=0.082671 train_loss=0.0311 loss_reg=0.0044 val_acc=0.7882 val_nlpd=0.7205 val_ece=0.0377 kl_weight=0.000000 loss_kl_raw=839713.3750
[eval] adapter_cls=BayesPaperAdapter
[eval] raw_logits_shape=(10, 256, 101)
[eval] reduced_logits_shape=(256, 101)
[Epoch 083] lr=0.082273 train_loss=0.0306 loss_reg=0.0044 val_acc=0.7887 val_nlpd=0.7194 val_ece=0.0372 kl_weight=0.000000 loss_kl_raw=842717.1875
[eval] adapter_cls=BayesPaperAdapter
[eval] raw_logits_shape=(10, 256, 101)
[eval] reduced_logits_shape=(256, 101)
[Epoch 084] lr=0.081871 train_loss=0.0306 loss_reg=0.0045 val_acc=0.7903 val_nlpd=0.7206 val_ece=0.0358 kl_weight=0.000000 loss_kl_raw=845702.8125
[eval] adapter_cls=BayesPaperAdapter
[eval] raw_logits_shape=(10, 256, 101)
[eval] reduced_logits_shape=(256, 101)
[Epoch 085] lr=0.081466 train_loss=0.0302 loss_reg=0.0046 val_acc=0.7908 val_nlpd=0.7190 val_ece=0.0375 kl_weight=0.000000 loss_kl_raw=848656.4375
[eval] adapter_cls=BayesPaperAdapter
[eval] raw_logits_shape=(10, 256, 101)
[eval] reduced_logits_shape=(256, 101)
[Epoch 086] lr=0.081057 train_loss=0.0303 loss_reg=0.0047 val_acc=0.7877 val_nlpd=0.7204 val_ece=0.0384 kl_weight=0.000000 loss_kl_raw=851567.4375
[eval] adapter_cls=BayesPaperAdapter
[eval] raw_logits_shape=(10, 256, 101)
[eval] reduced_logits_shape=(256, 101)
[Epoch 087] lr=0.080645 train_loss=0.0301 loss_reg=0.0047 val_acc=0.7887 val_nlpd=0.7217 val_ece=0.0375 kl_weight=0.000000 loss_kl_raw=854436.1875
[eval] adapter_cls=BayesPaperAdapter
[eval] raw_logits_shape=(10, 256, 101)
[eval] reduced_logits_shape=(256, 101)
[Epoch 088] lr=0.080230 train_loss=0.0300 loss_reg=0.0048 val_acc=0.7898 val_nlpd=0.7208 val_ece=0.0391 kl_weight=0.000000 loss_kl_raw=857248.5625
[eval] adapter_cls=BayesPaperAdapter
[eval] raw_logits_shape=(10, 256, 101)
[eval] reduced_logits_shape=(256, 101)
[Epoch 089] lr=0.079811 train_loss=0.0297 loss_reg=0.0049 val_acc=0.7898 val_nlpd=0.7200 val_ece=0.0365 kl_weight=0.000000 loss_kl_raw=859988.5000
[eval] adapter_cls=BayesPaperAdapter
[eval] raw_logits_shape=(10, 256, 101)
[eval] reduced_logits_shape=(256, 101)
[Epoch 090] lr=0.079389 train_loss=0.0298 loss_reg=0.0049 val_acc=0.7903 val_nlpd=0.7203 val_ece=0.0364 kl_weight=0.000000 loss_kl_raw=862658.0625
[eval] adapter_cls=BayesPaperAdapter
[eval] raw_logits_shape=(10, 256, 101)
[eval] reduced_logits_shape=(256, 101)
[Epoch 091] lr=0.078964 train_loss=0.0295 loss_reg=0.0050 val_acc=0.7898 val_nlpd=0.7187 val_ece=0.0376 kl_weight=0.000000 loss_kl_raw=865341.0000
[eval] adapter_cls=BayesPaperAdapter
[eval] raw_logits_shape=(10, 256, 101)
[eval] reduced_logits_shape=(256, 101)
[Epoch 092] lr=0.078536 train_loss=0.0295 loss_reg=0.0051 val_acc=0.7887 val_nlpd=0.7205 val_ece=0.0379 kl_weight=0.000000 loss_kl_raw=867978.0000
[eval] adapter_cls=BayesPaperAdapter
[eval] raw_logits_shape=(10, 256, 101)
[eval] reduced_logits_shape=(256, 101)
[Epoch 093] lr=0.078104 train_loss=0.0295 loss_reg=0.0052 val_acc=0.7877 val_nlpd=0.7203 val_ece=0.0391 kl_weight=0.000000 loss_kl_raw=870571.4375
[eval] adapter_cls=BayesPaperAdapter
[eval] raw_logits_shape=(10, 256, 101)
[eval] reduced_logits_shape=(256, 101)
[Epoch 094] lr=0.077670 train_loss=0.0293 loss_reg=0.0052 val_acc=0.7887 val_nlpd=0.7198 val_ece=0.0379 kl_weight=0.000000 loss_kl_raw=873146.4375
[eval] adapter_cls=BayesPaperAdapter
[eval] raw_logits_shape=(10, 256, 101)
[eval] reduced_logits_shape=(256, 101)
[Epoch 095] lr=0.077232 train_loss=0.0293 loss_reg=0.0053 val_acc=0.7887 val_nlpd=0.7199 val_ece=0.0384 kl_weight=0.000000 loss_kl_raw=875713.0625
[eval] adapter_cls=BayesPaperAdapter
[eval] raw_logits_shape=(10, 256, 101)
[eval] reduced_logits_shape=(256, 101)
[Epoch 096] lr=0.076791 train_loss=0.0291 loss_reg=0.0054 val_acc=0.7898 val_nlpd=0.7194 val_ece=0.0375 kl_weight=0.000000 loss_kl_raw=878238.6875
[eval] adapter_cls=BayesPaperAdapter
[eval] raw_logits_shape=(10, 256, 101)
[eval] reduced_logits_shape=(256, 101)
[Epoch 097] lr=0.076348 train_loss=0.0289 loss_reg=0.0054 val_acc=0.7903 val_nlpd=0.7194 val_ece=0.0380 kl_weight=0.000000 loss_kl_raw=880751.4375
[eval] adapter_cls=BayesPaperAdapter
[eval] raw_logits_shape=(10, 256, 101)
[eval] reduced_logits_shape=(256, 101)
[Epoch 098] lr=0.075901 train_loss=0.0288 loss_reg=0.0055 val_acc=0.7877 val_nlpd=0.7186 val_ece=0.0397 kl_weight=0.000000 loss_kl_raw=883202.5625
[eval] adapter_cls=BayesPaperAdapter
[eval] raw_logits_shape=(10, 256, 101)
[eval] reduced_logits_shape=(256, 101)
[Epoch 099] lr=0.075452 train_loss=0.0288 loss_reg=0.0056 val_acc=0.7903 val_nlpd=0.7196 val_ece=0.0372 kl_weight=0.000000 loss_kl_raw=885622.9375
[eval] adapter_cls=BayesPaperAdapter
[eval] raw_logits_shape=(10, 256, 101)
[eval] reduced_logits_shape=(256, 101)
[Epoch 100] lr=0.075000 train_loss=0.0287 loss_reg=0.0057 val_acc=0.7893 val_nlpd=0.7187 val_ece=0.0384 kl_weight=0.000000 loss_kl_raw=887999.1250
[eval] adapter_cls=BayesPaperAdapter
[eval] raw_logits_shape=(10, 256, 101)
[eval] reduced_logits_shape=(256, 101)
[Epoch 101] lr=0.074545 train_loss=0.0284 loss_reg=0.0057 val_acc=0.7908 val_nlpd=0.7183 val_ece=0.0393 kl_weight=0.000000 loss_kl_raw=890327.0625
[eval] adapter_cls=BayesPaperAdapter
[eval] raw_logits_shape=(10, 256, 101)
[eval] reduced_logits_shape=(256, 101)
[Epoch 102] lr=0.074088 train_loss=0.0282 loss_reg=0.0058 val_acc=0.7893 val_nlpd=0.7184 val_ece=0.0385 kl_weight=0.000000 loss_kl_raw=892609.5625
[eval] adapter_cls=BayesPaperAdapter
[eval] raw_logits_shape=(10, 256, 101)
[eval] reduced_logits_shape=(256, 101)
[Epoch 103] lr=0.073628 train_loss=0.0284 loss_reg=0.0059 val_acc=0.7893 val_nlpd=0.7196 val_ece=0.0385 kl_weight=0.000000 loss_kl_raw=894846.5000
[eval] adapter_cls=BayesPaperAdapter
[eval] raw_logits_shape=(10, 256, 101)
[eval] reduced_logits_shape=(256, 101)
[Epoch 104] lr=0.073165 train_loss=0.0282 loss_reg=0.0060 val_acc=0.7893 val_nlpd=0.7173 val_ece=0.0390 kl_weight=0.000000 loss_kl_raw=897059.1250
[eval] adapter_cls=BayesPaperAdapter
[eval] raw_logits_shape=(10, 256, 101)
[eval] reduced_logits_shape=(256, 101)
[Epoch 105] lr=0.072700 train_loss=0.0283 loss_reg=0.0060 val_acc=0.7882 val_nlpd=0.7201 val_ece=0.0399 kl_weight=0.000000 loss_kl_raw=899242.5000
[eval] adapter_cls=BayesPaperAdapter
[eval] raw_logits_shape=(10, 256, 101)
[eval] reduced_logits_shape=(256, 101)
[Epoch 106] lr=0.072232 train_loss=0.0281 loss_reg=0.0061 val_acc=0.7866 val_nlpd=0.7202 val_ece=0.0418 kl_weight=0.000000 loss_kl_raw=901388.5625
[eval] adapter_cls=BayesPaperAdapter
[eval] raw_logits_shape=(10, 256, 101)
[eval] reduced_logits_shape=(256, 101)
[Epoch 107] lr=0.071762 train_loss=0.0282 loss_reg=0.0062 val_acc=0.7908 val_nlpd=0.7174 val_ece=0.0381 kl_weight=0.000000 loss_kl_raw=903507.6875
[eval] adapter_cls=BayesPaperAdapter
[eval] raw_logits_shape=(10, 256, 101)
[eval] reduced_logits_shape=(256, 101)
[Epoch 108] lr=0.071289 train_loss=0.0281 loss_reg=0.0062 val_acc=0.7882 val_nlpd=0.7178 val_ece=0.0403 kl_weight=0.000000 loss_kl_raw=905578.8125
[eval] adapter_cls=BayesPaperAdapter
[eval] raw_logits_shape=(10, 256, 101)
[eval] reduced_logits_shape=(256, 101)
[Epoch 109] lr=0.070814 train_loss=0.0282 loss_reg=0.0063 val_acc=0.7919 val_nlpd=0.7172 val_ece=0.0370 kl_weight=0.000000 loss_kl_raw=907618.8750
[eval] adapter_cls=BayesPaperAdapter
[eval] raw_logits_shape=(10, 256, 101)
[eval] reduced_logits_shape=(256, 101)
[Epoch 110] lr=0.070337 train_loss=0.0280 loss_reg=0.0064 val_acc=0.7882 val_nlpd=0.7190 val_ece=0.0408 kl_weight=0.000000 loss_kl_raw=909643.5625
[eval] adapter_cls=BayesPaperAdapter
[eval] raw_logits_shape=(10, 256, 101)
[eval] reduced_logits_shape=(256, 101)
[Epoch 111] lr=0.069857 train_loss=0.0280 loss_reg=0.0065 val_acc=0.7893 val_nlpd=0.7171 val_ece=0.0409 kl_weight=0.000000 loss_kl_raw=911643.5000
[eval] adapter_cls=BayesPaperAdapter
[eval] raw_logits_shape=(10, 256, 101)
[eval] reduced_logits_shape=(256, 101)
[Epoch 112] lr=0.069376 train_loss=0.0279 loss_reg=0.0065 val_acc=0.7861 val_nlpd=0.7183 val_ece=0.0430 kl_weight=0.000000 loss_kl_raw=913612.5000
[eval] adapter_cls=BayesPaperAdapter
[eval] raw_logits_shape=(10, 256, 101)
[eval] reduced_logits_shape=(256, 101)
[Epoch 113] lr=0.068892 train_loss=0.0279 loss_reg=0.0066 val_acc=0.7887 val_nlpd=0.7186 val_ece=0.0399 kl_weight=0.000000 loss_kl_raw=915552.0625
[eval] adapter_cls=BayesPaperAdapter
[eval] raw_logits_shape=(10, 256, 101)
[eval] reduced_logits_shape=(256, 101)
[Epoch 114] lr=0.068406 train_loss=0.0278 loss_reg=0.0067 val_acc=0.7903 val_nlpd=0.7189 val_ece=0.0390 kl_weight=0.000000 loss_kl_raw=917484.6250
[eval] adapter_cls=BayesPaperAdapter
[eval] raw_logits_shape=(10, 256, 101)
[eval] reduced_logits_shape=(256, 101)
[Epoch 115] lr=0.067918 train_loss=0.0278 loss_reg=0.0068 val_acc=0.7903 val_nlpd=0.7188 val_ece=0.0388 kl_weight=0.000000 loss_kl_raw=919371.8750
[eval] adapter_cls=BayesPaperAdapter
[eval] raw_logits_shape=(10, 256, 101)
[eval] reduced_logits_shape=(256, 101)
[Epoch 116] lr=0.067429 train_loss=0.0278 loss_reg=0.0068 val_acc=0.7877 val_nlpd=0.7182 val_ece=0.0419 kl_weight=0.000000 loss_kl_raw=921231.0000
[eval] adapter_cls=BayesPaperAdapter
[eval] raw_logits_shape=(10, 256, 101)
[eval] reduced_logits_shape=(256, 101)
[Epoch 117] lr=0.066937 train_loss=0.0276 loss_reg=0.0069 val_acc=0.7877 val_nlpd=0.7181 val_ece=0.0419 kl_weight=0.000000 loss_kl_raw=923069.6250
[eval] adapter_cls=BayesPaperAdapter
[eval] raw_logits_shape=(10, 256, 101)
[eval] reduced_logits_shape=(256, 101)
[Epoch 118] lr=0.066443 train_loss=0.0276 loss_reg=0.0070 val_acc=0.7893 val_nlpd=0.7179 val_ece=0.0405 kl_weight=0.000000 loss_kl_raw=924883.6875
[eval] adapter_cls=BayesPaperAdapter
[eval] raw_logits_shape=(10, 256, 101)
[eval] reduced_logits_shape=(256, 101)
[Epoch 119] lr=0.065948 train_loss=0.0277 loss_reg=0.0070 val_acc=0.7898 val_nlpd=0.7182 val_ece=0.0400 kl_weight=0.000000 loss_kl_raw=926666.3125
[eval] adapter_cls=BayesPaperAdapter
[eval] raw_logits_shape=(10, 256, 101)
[eval] reduced_logits_shape=(256, 101)
[Epoch 120] lr=0.065451 train_loss=0.0276 loss_reg=0.0071 val_acc=0.7871 val_nlpd=0.7176 val_ece=0.0427 kl_weight=0.000000 loss_kl_raw=928448.1875
[eval] adapter_cls=BayesPaperAdapter
[eval] raw_logits_shape=(10, 256, 101)
[eval] reduced_logits_shape=(256, 101)
[Epoch 121] lr=0.064952 train_loss=0.0276 loss_reg=0.0072 val_acc=0.7898 val_nlpd=0.7175 val_ece=0.0404 kl_weight=0.000000 loss_kl_raw=930189.0000
[eval] adapter_cls=BayesPaperAdapter
[eval] raw_logits_shape=(10, 256, 101)
[eval] reduced_logits_shape=(256, 101)
[Epoch 122] lr=0.064452 train_loss=0.0277 loss_reg=0.0073 val_acc=0.7887 val_nlpd=0.7187 val_ece=0.0414 kl_weight=0.000000 loss_kl_raw=931880.6250
[eval] adapter_cls=BayesPaperAdapter
[eval] raw_logits_shape=(10, 256, 101)
[eval] reduced_logits_shape=(256, 101)
[Epoch 123] lr=0.063950 train_loss=0.0277 loss_reg=0.0073 val_acc=0.7882 val_nlpd=0.7193 val_ece=0.0416 kl_weight=0.000000 loss_kl_raw=933564.3750
[eval] adapter_cls=BayesPaperAdapter
[eval] raw_logits_shape=(10, 256, 101)
[eval] reduced_logits_shape=(256, 101)
[Epoch 124] lr=0.063446 train_loss=0.0275 loss_reg=0.0074 val_acc=0.7935 val_nlpd=0.7188 val_ece=0.0375 kl_weight=0.000000 loss_kl_raw=935233.8125
[eval] adapter_cls=BayesPaperAdapter
[eval] raw_logits_shape=(10, 256, 101)
[eval] reduced_logits_shape=(256, 101)
[Epoch 125] lr=0.062941 train_loss=0.0275 loss_reg=0.0075 val_acc=0.7893 val_nlpd=0.7145 val_ece=0.0410 kl_weight=0.000000 loss_kl_raw=936864.4375
[eval] adapter_cls=BayesPaperAdapter
[eval] raw_logits_shape=(10, 256, 101)
[eval] reduced_logits_shape=(256, 101)
[Epoch 126] lr=0.062434 train_loss=0.0274 loss_reg=0.0076 val_acc=0.7914 val_nlpd=0.7166 val_ece=0.0387 kl_weight=0.000000 loss_kl_raw=938453.5000
[eval] adapter_cls=BayesPaperAdapter
[eval] raw_logits_shape=(10, 256, 101)
[eval] reduced_logits_shape=(256, 101)
[Epoch 127] lr=0.061927 train_loss=0.0275 loss_reg=0.0076 val_acc=0.7908 val_nlpd=0.7166 val_ece=0.0395 kl_weight=0.000000 loss_kl_raw=940020.7500
[eval] adapter_cls=BayesPaperAdapter
[eval] raw_logits_shape=(10, 256, 101)
[eval] reduced_logits_shape=(256, 101)
[Epoch 128] lr=0.061418 train_loss=0.0274 loss_reg=0.0077 val_acc=0.7893 val_nlpd=0.7165 val_ece=0.0412 kl_weight=0.000000 loss_kl_raw=941574.2500
[eval] adapter_cls=BayesPaperAdapter
[eval] raw_logits_shape=(10, 256, 101)
[eval] reduced_logits_shape=(256, 101)
[Epoch 129] lr=0.060907 train_loss=0.0273 loss_reg=0.0078 val_acc=0.7914 val_nlpd=0.7164 val_ece=0.0387 kl_weight=0.000000 loss_kl_raw=943107.5000
[eval] adapter_cls=BayesPaperAdapter
[eval] raw_logits_shape=(10, 256, 101)
[eval] reduced_logits_shape=(256, 101)
[Epoch 130] lr=0.060396 train_loss=0.0276 loss_reg=0.0079 val_acc=0.7908 val_nlpd=0.7174 val_ece=0.0395 kl_weight=0.000000 loss_kl_raw=944614.6875
[eval] adapter_cls=BayesPaperAdapter
[eval] raw_logits_shape=(10, 256, 101)
[eval] reduced_logits_shape=(256, 101)
[Epoch 131] lr=0.059883 train_loss=0.0275 loss_reg=0.0079 val_acc=0.7908 val_nlpd=0.7174 val_ece=0.0411 kl_weight=0.000000 loss_kl_raw=946106.5625
[eval] adapter_cls=BayesPaperAdapter
[eval] raw_logits_shape=(10, 256, 101)
[eval] reduced_logits_shape=(256, 101)
[Epoch 132] lr=0.059369 train_loss=0.0275 loss_reg=0.0080 val_acc=0.7898 val_nlpd=0.7157 val_ece=0.0407 kl_weight=0.000000 loss_kl_raw=947589.6875
[eval] adapter_cls=BayesPaperAdapter
[eval] raw_logits_shape=(10, 256, 101)
[eval] reduced_logits_shape=(256, 101)
[Epoch 133] lr=0.058854 train_loss=0.0273 loss_reg=0.0081 val_acc=0.7903 val_nlpd=0.7175 val_ece=0.0401 kl_weight=0.000000 loss_kl_raw=949053.3125
[eval] adapter_cls=BayesPaperAdapter
[eval] raw_logits_shape=(10, 256, 101)
[eval] reduced_logits_shape=(256, 101)
[Epoch 134] lr=0.058338 train_loss=0.0273 loss_reg=0.0081 val_acc=0.7903 val_nlpd=0.7156 val_ece=0.0405 kl_weight=0.000000 loss_kl_raw=950481.1875
[eval] adapter_cls=BayesPaperAdapter
[eval] raw_logits_shape=(10, 256, 101)
[eval] reduced_logits_shape=(256, 101)
[Epoch 135] lr=0.057822 train_loss=0.0274 loss_reg=0.0082 val_acc=0.7903 val_nlpd=0.7146 val_ece=0.0407 kl_weight=0.000000 loss_kl_raw=951889.1250
[eval] adapter_cls=BayesPaperAdapter
[eval] raw_logits_shape=(10, 256, 101)
[eval] reduced_logits_shape=(256, 101)
[Epoch 136] lr=0.057304 train_loss=0.0274 loss_reg=0.0083 val_acc=0.7887 val_nlpd=0.7173 val_ece=0.0422 kl_weight=0.000000 loss_kl_raw=953268.1250
[eval] adapter_cls=BayesPaperAdapter
[eval] raw_logits_shape=(10, 256, 101)
[eval] reduced_logits_shape=(256, 101)
[Epoch 137] lr=0.056786 train_loss=0.0274 loss_reg=0.0084 val_acc=0.7898 val_nlpd=0.7173 val_ece=0.0411 kl_weight=0.000000 loss_kl_raw=954613.8750
[eval] adapter_cls=BayesPaperAdapter
[eval] raw_logits_shape=(10, 256, 101)
[eval] reduced_logits_shape=(256, 101)
[Epoch 138] lr=0.056267 train_loss=0.0274 loss_reg=0.0084 val_acc=0.7903 val_nlpd=0.7165 val_ece=0.0406 kl_weight=0.000000 loss_kl_raw=955938.1875
[eval] adapter_cls=BayesPaperAdapter
[eval] raw_logits_shape=(10, 256, 101)
[eval] reduced_logits_shape=(256, 101)
[Epoch 139] lr=0.055747 train_loss=0.0275 loss_reg=0.0085 val_acc=0.7908 val_nlpd=0.7141 val_ece=0.0404 kl_weight=0.000000 loss_kl_raw=957252.3750
[eval] adapter_cls=BayesPaperAdapter
[eval] raw_logits_shape=(10, 256, 101)
[eval] reduced_logits_shape=(256, 101)
[Epoch 140] lr=0.055226 train_loss=0.0274 loss_reg=0.0086 val_acc=0.7903 val_nlpd=0.7143 val_ece=0.0407 kl_weight=0.000000 loss_kl_raw=958536.1875
[eval] adapter_cls=BayesPaperAdapter
[eval] raw_logits_shape=(10, 256, 101)
[eval] reduced_logits_shape=(256, 101)
[Epoch 141] lr=0.054705 train_loss=0.0274 loss_reg=0.0087 val_acc=0.7914 val_nlpd=0.7148 val_ece=0.0396 kl_weight=0.000000 loss_kl_raw=959813.3750
[eval] adapter_cls=BayesPaperAdapter
[eval] raw_logits_shape=(10, 256, 101)
[eval] reduced_logits_shape=(256, 101)
[Epoch 142] lr=0.054184 train_loss=0.0273 loss_reg=0.0087 val_acc=0.7893 val_nlpd=0.7157 val_ece=0.0421 kl_weight=0.000000 loss_kl_raw=961063.8125
[eval] adapter_cls=BayesPaperAdapter
[eval] raw_logits_shape=(10, 256, 101)
[eval] reduced_logits_shape=(256, 101)
[Epoch 143] lr=0.053662 train_loss=0.0274 loss_reg=0.0088 val_acc=0.7908 val_nlpd=0.7152 val_ece=0.0406 kl_weight=0.000000 loss_kl_raw=962298.4375
[eval] adapter_cls=BayesPaperAdapter
[eval] raw_logits_shape=(10, 256, 101)
[eval] reduced_logits_shape=(256, 101)
[Epoch 144] lr=0.053140 train_loss=0.0275 loss_reg=0.0089 val_acc=0.7914 val_nlpd=0.7155 val_ece=0.0400 kl_weight=0.000000 loss_kl_raw=963512.9375
[eval] adapter_cls=BayesPaperAdapter
[eval] raw_logits_shape=(10, 256, 101)
[eval] reduced_logits_shape=(256, 101)
[Epoch 145] lr=0.052617 train_loss=0.0274 loss_reg=0.0090 val_acc=0.7914 val_nlpd=0.7153 val_ece=0.0400 kl_weight=0.000000 loss_kl_raw=964733.9375
[eval] adapter_cls=BayesPaperAdapter
[eval] raw_logits_shape=(10, 256, 101)
[eval] reduced_logits_shape=(256, 101)
[Epoch 146] lr=0.052094 train_loss=0.0273 loss_reg=0.0090 val_acc=0.7919 val_nlpd=0.7158 val_ece=0.0395 kl_weight=0.000000 loss_kl_raw=965920.5625
[eval] adapter_cls=BayesPaperAdapter
[eval] raw_logits_shape=(10, 256, 101)
[eval] reduced_logits_shape=(256, 101)
[Epoch 147] lr=0.051571 train_loss=0.0274 loss_reg=0.0091 val_acc=0.7908 val_nlpd=0.7142 val_ece=0.0407 kl_weight=0.000000 loss_kl_raw=967085.3750
[eval] adapter_cls=BayesPaperAdapter
[eval] raw_logits_shape=(10, 256, 101)
[eval] reduced_logits_shape=(256, 101)
[Epoch 148] lr=0.051047 train_loss=0.0275 loss_reg=0.0092 val_acc=0.7893 val_nlpd=0.7164 val_ece=0.0421 kl_weight=0.000000 loss_kl_raw=968224.2500
[eval] adapter_cls=BayesPaperAdapter
[eval] raw_logits_shape=(10, 256, 101)
[eval] reduced_logits_shape=(256, 101)
[Epoch 149] lr=0.050524 train_loss=0.0274 loss_reg=0.0092 val_acc=0.7929 val_nlpd=0.7158 val_ece=0.0384 kl_weight=0.000000 loss_kl_raw=969326.7500
[eval] adapter_cls=BayesPaperAdapter
[eval] raw_logits_shape=(10, 256, 101)
[eval] reduced_logits_shape=(256, 101)
[Epoch 150] lr=0.050000 train_loss=0.0275 loss_reg=0.0093 val_acc=0.7898 val_nlpd=0.7161 val_ece=0.0418 kl_weight=0.000000 loss_kl_raw=970428.0000
[eval] adapter_cls=BayesPaperAdapter
[eval] raw_logits_shape=(10, 256, 101)
[eval] reduced_logits_shape=(256, 101)
[Epoch 151] lr=0.049476 train_loss=0.0275 loss_reg=0.0094 val_acc=0.7929 val_nlpd=0.7131 val_ece=0.0395 kl_weight=0.000000 loss_kl_raw=971512.3750
[eval] adapter_cls=BayesPaperAdapter
[eval] raw_logits_shape=(10, 256, 101)
[eval] reduced_logits_shape=(256, 101)
[Epoch 152] lr=0.048953 train_loss=0.0275 loss_reg=0.0095 val_acc=0.7919 val_nlpd=0.7153 val_ece=0.0395 kl_weight=0.000000 loss_kl_raw=972589.3125
[eval] adapter_cls=BayesPaperAdapter
[eval] raw_logits_shape=(10, 256, 101)
[eval] reduced_logits_shape=(256, 101)
[Epoch 153] lr=0.048429 train_loss=0.0274 loss_reg=0.0095 val_acc=0.7908 val_nlpd=0.7156 val_ece=0.0409 kl_weight=0.000000 loss_kl_raw=973631.8750
[eval] adapter_cls=BayesPaperAdapter
[eval] raw_logits_shape=(10, 256, 101)
[eval] reduced_logits_shape=(256, 101)
[Epoch 154] lr=0.047906 train_loss=0.0276 loss_reg=0.0096 val_acc=0.7919 val_nlpd=0.7162 val_ece=0.0396 kl_weight=0.000000 loss_kl_raw=974666.6250
[eval] adapter_cls=BayesPaperAdapter
[eval] raw_logits_shape=(10, 256, 101)
[eval] reduced_logits_shape=(256, 101)
[Epoch 155] lr=0.047383 train_loss=0.0276 loss_reg=0.0097 val_acc=0.7898 val_nlpd=0.7139 val_ece=0.0420 kl_weight=0.000000 loss_kl_raw=975684.8750
[eval] adapter_cls=BayesPaperAdapter
[eval] raw_logits_shape=(10, 256, 101)
[eval] reduced_logits_shape=(256, 101)
[Epoch 156] lr=0.046860 train_loss=0.0277 loss_reg=0.0098 val_acc=0.7914 val_nlpd=0.7131 val_ece=0.0405 kl_weight=0.000000 loss_kl_raw=976680.0000
[eval] adapter_cls=BayesPaperAdapter
[eval] raw_logits_shape=(10, 256, 101)
[eval] reduced_logits_shape=(256, 101)
[Epoch 157] lr=0.046338 train_loss=0.0276 loss_reg=0.0098 val_acc=0.7919 val_nlpd=0.7144 val_ece=0.0400 kl_weight=0.000000 loss_kl_raw=977670.0625
[eval] adapter_cls=BayesPaperAdapter
[eval] raw_logits_shape=(10, 256, 101)
[eval] reduced_logits_shape=(256, 101)
[Epoch 158] lr=0.045816 train_loss=0.0278 loss_reg=0.0099 val_acc=0.7919 val_nlpd=0.7121 val_ece=0.0403 kl_weight=0.000000 loss_kl_raw=978643.8750
[eval] adapter_cls=BayesPaperAdapter
[eval] raw_logits_shape=(10, 256, 101)
[eval] reduced_logits_shape=(256, 101)
[Epoch 159] lr=0.045295 train_loss=0.0276 loss_reg=0.0100 val_acc=0.7903 val_nlpd=0.7155 val_ece=0.0415 kl_weight=0.000000 loss_kl_raw=979597.8125
[eval] adapter_cls=BayesPaperAdapter
[eval] raw_logits_shape=(10, 256, 101)
[eval] reduced_logits_shape=(256, 101)
[Epoch 160] lr=0.044774 train_loss=0.0276 loss_reg=0.0100 val_acc=0.7924 val_nlpd=0.7118 val_ece=0.0398 kl_weight=0.000000 loss_kl_raw=980537.6875
[eval] adapter_cls=BayesPaperAdapter
[eval] raw_logits_shape=(10, 256, 101)
[eval] reduced_logits_shape=(256, 101)
[Epoch 161] lr=0.044253 train_loss=0.0277 loss_reg=0.0101 val_acc=0.7919 val_nlpd=0.7142 val_ece=0.0400 kl_weight=0.000000 loss_kl_raw=981450.5625
[eval] adapter_cls=BayesPaperAdapter
[eval] raw_logits_shape=(10, 256, 101)
[eval] reduced_logits_shape=(256, 101)
[Epoch 162] lr=0.043733 train_loss=0.0278 loss_reg=0.0102 val_acc=0.7919 val_nlpd=0.7139 val_ece=0.0402 kl_weight=0.000000 loss_kl_raw=982338.4375
[eval] adapter_cls=BayesPaperAdapter
[eval] raw_logits_shape=(10, 256, 101)
[eval] reduced_logits_shape=(256, 101)
[Epoch 163] lr=0.043214 train_loss=0.0279 loss_reg=0.0103 val_acc=0.7914 val_nlpd=0.7148 val_ece=0.0421 kl_weight=0.000000 loss_kl_raw=983216.5000
[eval] adapter_cls=BayesPaperAdapter
[eval] raw_logits_shape=(10, 256, 101)
[eval] reduced_logits_shape=(256, 101)
[Epoch 164] lr=0.042696 train_loss=0.0278 loss_reg=0.0103 val_acc=0.7924 val_nlpd=0.7140 val_ece=0.0397 kl_weight=0.000000 loss_kl_raw=984069.0000
[eval] adapter_cls=BayesPaperAdapter
[eval] raw_logits_shape=(10, 256, 101)
[eval] reduced_logits_shape=(256, 101)
[Epoch 165] lr=0.042178 train_loss=0.0279 loss_reg=0.0104 val_acc=0.7929 val_nlpd=0.7149 val_ece=0.0392 kl_weight=0.000000 loss_kl_raw=984915.2500
[eval] adapter_cls=BayesPaperAdapter
[eval] raw_logits_shape=(10, 256, 101)
[eval] reduced_logits_shape=(256, 101)
[Epoch 166] lr=0.041662 train_loss=0.0279 loss_reg=0.0105 val_acc=0.7929 val_nlpd=0.7148 val_ece=0.0394 kl_weight=0.000000 loss_kl_raw=985745.8125
[eval] adapter_cls=BayesPaperAdapter
[eval] raw_logits_shape=(10, 256, 101)
[eval] reduced_logits_shape=(256, 101)
[Epoch 167] lr=0.041146 train_loss=0.0279 loss_reg=0.0106 val_acc=0.7908 val_nlpd=0.7142 val_ece=0.0414 kl_weight=0.000000 loss_kl_raw=986562.6250
[eval] adapter_cls=BayesPaperAdapter
[eval] raw_logits_shape=(10, 256, 101)
[eval] reduced_logits_shape=(256, 101)
[Epoch 168] lr=0.040631 train_loss=0.0280 loss_reg=0.0106 val_acc=0.7940 val_nlpd=0.7156 val_ece=0.0387 kl_weight=0.000000 loss_kl_raw=987372.8125
[eval] adapter_cls=BayesPaperAdapter
[eval] raw_logits_shape=(10, 256, 101)
[eval] reduced_logits_shape=(256, 101)
[Epoch 169] lr=0.040117 train_loss=0.0280 loss_reg=0.0107 val_acc=0.7919 val_nlpd=0.7131 val_ece=0.0407 kl_weight=0.000000 loss_kl_raw=988153.6875
[eval] adapter_cls=BayesPaperAdapter
[eval] raw_logits_shape=(10, 256, 101)
[eval] reduced_logits_shape=(256, 101)
[Epoch 170] lr=0.039604 train_loss=0.0280 loss_reg=0.0108 val_acc=0.7924 val_nlpd=0.7151 val_ece=0.0399 kl_weight=0.000000 loss_kl_raw=988917.5000
[eval] adapter_cls=BayesPaperAdapter
[eval] raw_logits_shape=(10, 256, 101)
[eval] reduced_logits_shape=(256, 101)
[Epoch 171] lr=0.039093 train_loss=0.0280 loss_reg=0.0108 val_acc=0.7919 val_nlpd=0.7131 val_ece=0.0406 kl_weight=0.000000 loss_kl_raw=989669.7500
[eval] adapter_cls=BayesPaperAdapter
[eval] raw_logits_shape=(10, 256, 101)
[eval] reduced_logits_shape=(256, 101)
[Epoch 172] lr=0.038582 train_loss=0.0282 loss_reg=0.0109 val_acc=0.7924 val_nlpd=0.7129 val_ece=0.0402 kl_weight=0.000000 loss_kl_raw=990417.0625
[eval] adapter_cls=BayesPaperAdapter
[eval] raw_logits_shape=(10, 256, 101)
[eval] reduced_logits_shape=(256, 101)
[Epoch 173] lr=0.038073 train_loss=0.0282 loss_reg=0.0110 val_acc=0.7898 val_nlpd=0.7159 val_ece=0.0429 kl_weight=0.000000 loss_kl_raw=991145.5625
[eval] adapter_cls=BayesPaperAdapter
[eval] raw_logits_shape=(10, 256, 101)
[eval] reduced_logits_shape=(256, 101)
[Epoch 174] lr=0.037566 train_loss=0.0281 loss_reg=0.0111 val_acc=0.7929 val_nlpd=0.7143 val_ece=0.0398 kl_weight=0.000000 loss_kl_raw=991878.2500
[eval] adapter_cls=BayesPaperAdapter
[eval] raw_logits_shape=(10, 256, 101)
[eval] reduced_logits_shape=(256, 101)
[Epoch 175] lr=0.037059 train_loss=0.0283 loss_reg=0.0111 val_acc=0.7929 val_nlpd=0.7156 val_ece=0.0398 kl_weight=0.000000 loss_kl_raw=992596.8750
[eval] adapter_cls=BayesPaperAdapter
[eval] raw_logits_shape=(10, 256, 101)
[eval] reduced_logits_shape=(256, 101)
[Epoch 176] lr=0.036554 train_loss=0.0282 loss_reg=0.0112 val_acc=0.7935 val_nlpd=0.7151 val_ece=0.0389 kl_weight=0.000000 loss_kl_raw=993298.4375
[eval] adapter_cls=BayesPaperAdapter
[eval] raw_logits_shape=(10, 256, 101)
[eval] reduced_logits_shape=(256, 101)
[Epoch 177] lr=0.036050 train_loss=0.0283 loss_reg=0.0113 val_acc=0.7914 val_nlpd=0.7150 val_ece=0.0412 kl_weight=0.000000 loss_kl_raw=993991.1250
[eval] adapter_cls=BayesPaperAdapter
[eval] raw_logits_shape=(10, 256, 101)
[eval] reduced_logits_shape=(256, 101)
[Epoch 178] lr=0.035548 train_loss=0.0282 loss_reg=0.0113 val_acc=0.7908 val_nlpd=0.7138 val_ece=0.0420 kl_weight=0.000000 loss_kl_raw=994659.6250
[eval] adapter_cls=BayesPaperAdapter
[eval] raw_logits_shape=(10, 256, 101)
[eval] reduced_logits_shape=(256, 101)
[Epoch 179] lr=0.035048 train_loss=0.0285 loss_reg=0.0114 val_acc=0.7919 val_nlpd=0.7135 val_ece=0.0411 kl_weight=0.000000 loss_kl_raw=995321.1875
[eval] adapter_cls=BayesPaperAdapter
[eval] raw_logits_shape=(10, 256, 101)
[eval] reduced_logits_shape=(256, 101)
[Epoch 180] lr=0.034549 train_loss=0.0285 loss_reg=0.0115 val_acc=0.7914 val_nlpd=0.7127 val_ece=0.0415 kl_weight=0.000000 loss_kl_raw=995970.2500
[eval] adapter_cls=BayesPaperAdapter
[eval] raw_logits_shape=(10, 256, 101)
[eval] reduced_logits_shape=(256, 101)
[Epoch 181] lr=0.034052 train_loss=0.0284 loss_reg=0.0116 val_acc=0.7908 val_nlpd=0.7115 val_ece=0.0420 kl_weight=0.000000 loss_kl_raw=996602.0625
[eval] adapter_cls=BayesPaperAdapter
[eval] raw_logits_shape=(10, 256, 101)
[eval] reduced_logits_shape=(256, 101)
[Epoch 182] lr=0.033557 train_loss=0.0285 loss_reg=0.0116 val_acc=0.7914 val_nlpd=0.7122 val_ece=0.0414 kl_weight=0.000000 loss_kl_raw=997227.1250
[eval] adapter_cls=BayesPaperAdapter
[eval] raw_logits_shape=(10, 256, 101)
[eval] reduced_logits_shape=(256, 101)
[Epoch 183] lr=0.033063 train_loss=0.0286 loss_reg=0.0117 val_acc=0.7908 val_nlpd=0.7137 val_ece=0.0420 kl_weight=0.000000 loss_kl_raw=997839.5625
[eval] adapter_cls=BayesPaperAdapter
[eval] raw_logits_shape=(10, 256, 101)
[eval] reduced_logits_shape=(256, 101)
[Epoch 184] lr=0.032571 train_loss=0.0286 loss_reg=0.0118 val_acc=0.7935 val_nlpd=0.7130 val_ece=0.0393 kl_weight=0.000000 loss_kl_raw=998436.3125
[eval] adapter_cls=BayesPaperAdapter
[eval] raw_logits_shape=(10, 256, 101)
[eval] reduced_logits_shape=(256, 101)
[Epoch 185] lr=0.032082 train_loss=0.0286 loss_reg=0.0118 val_acc=0.7924 val_nlpd=0.7149 val_ece=0.0403 kl_weight=0.000000 loss_kl_raw=999028.2500
[eval] adapter_cls=BayesPaperAdapter
[eval] raw_logits_shape=(10, 256, 101)
[eval] reduced_logits_shape=(256, 101)
[Epoch 186] lr=0.031594 train_loss=0.0287 loss_reg=0.0119 val_acc=0.7924 val_nlpd=0.7140 val_ece=0.0409 kl_weight=0.000000 loss_kl_raw=999601.5625
[eval] adapter_cls=BayesPaperAdapter
[eval] raw_logits_shape=(10, 256, 101)
[eval] reduced_logits_shape=(256, 101)
[Epoch 187] lr=0.031108 train_loss=0.0287 loss_reg=0.0120 val_acc=0.7919 val_nlpd=0.7130 val_ece=0.0413 kl_weight=0.000000 loss_kl_raw=1000166.8125
[eval] adapter_cls=BayesPaperAdapter
[eval] raw_logits_shape=(10, 256, 101)
[eval] reduced_logits_shape=(256, 101)
[Epoch 188] lr=0.030624 train_loss=0.0287 loss_reg=0.0121 val_acc=0.7914 val_nlpd=0.7151 val_ece=0.0415 kl_weight=0.000000 loss_kl_raw=1000716.1250
[eval] adapter_cls=BayesPaperAdapter
[eval] raw_logits_shape=(10, 256, 101)
[eval] reduced_logits_shape=(256, 101)
[Epoch 189] lr=0.030143 train_loss=0.0288 loss_reg=0.0121 val_acc=0.7924 val_nlpd=0.7129 val_ece=0.0407 kl_weight=0.000000 loss_kl_raw=1001253.9375
[eval] adapter_cls=BayesPaperAdapter
[eval] raw_logits_shape=(10, 256, 101)
[eval] reduced_logits_shape=(256, 101)
[Epoch 190] lr=0.029663 train_loss=0.0289 loss_reg=0.0122 val_acc=0.7908 val_nlpd=0.7130 val_ece=0.0423 kl_weight=0.000000 loss_kl_raw=1001780.6875
[eval] adapter_cls=BayesPaperAdapter
[eval] raw_logits_shape=(10, 256, 101)
[eval] reduced_logits_shape=(256, 101)
[Epoch 191] lr=0.029186 train_loss=0.0288 loss_reg=0.0123 val_acc=0.7924 val_nlpd=0.7141 val_ece=0.0405 kl_weight=0.000000 loss_kl_raw=1002294.0625
[eval] adapter_cls=BayesPaperAdapter
[eval] raw_logits_shape=(10, 256, 101)
[eval] reduced_logits_shape=(256, 101)
[Epoch 192] lr=0.028711 train_loss=0.0289 loss_reg=0.0123 val_acc=0.7924 val_nlpd=0.7121 val_ece=0.0408 kl_weight=0.000000 loss_kl_raw=1002795.2500
[eval] adapter_cls=BayesPaperAdapter
[eval] raw_logits_shape=(10, 256, 101)
[eval] reduced_logits_shape=(256, 101)
[Epoch 193] lr=0.028238 train_loss=0.0291 loss_reg=0.0124 val_acc=0.7914 val_nlpd=0.7131 val_ece=0.0418 kl_weight=0.000000 loss_kl_raw=1003285.7500
[eval] adapter_cls=BayesPaperAdapter
[eval] raw_logits_shape=(10, 256, 101)
[eval] reduced_logits_shape=(256, 101)
[Epoch 194] lr=0.027768 train_loss=0.0291 loss_reg=0.0125 val_acc=0.7914 val_nlpd=0.7136 val_ece=0.0419 kl_weight=0.000000 loss_kl_raw=1003774.6875
[eval] adapter_cls=BayesPaperAdapter
[eval] raw_logits_shape=(10, 256, 101)
[eval] reduced_logits_shape=(256, 101)
[Epoch 195] lr=0.027300 train_loss=0.0291 loss_reg=0.0126 val_acc=0.7903 val_nlpd=0.7143 val_ece=0.0428 kl_weight=0.000000 loss_kl_raw=1004248.7500
[eval] adapter_cls=BayesPaperAdapter
[eval] raw_logits_shape=(10, 256, 101)
[eval] reduced_logits_shape=(256, 101)
[Epoch 196] lr=0.026835 train_loss=0.0292 loss_reg=0.0126 val_acc=0.7929 val_nlpd=0.7147 val_ece=0.0399 kl_weight=0.000000 loss_kl_raw=1004716.1875
[eval] adapter_cls=BayesPaperAdapter
[eval] raw_logits_shape=(10, 256, 101)
[eval] reduced_logits_shape=(256, 101)
[Epoch 197] lr=0.026372 train_loss=0.0292 loss_reg=0.0127 val_acc=0.7929 val_nlpd=0.7148 val_ece=0.0403 kl_weight=0.000000 loss_kl_raw=1005168.3125
[eval] adapter_cls=BayesPaperAdapter
[eval] raw_logits_shape=(10, 256, 101)
[eval] reduced_logits_shape=(256, 101)
[Epoch 198] lr=0.025912 train_loss=0.0293 loss_reg=0.0128 val_acc=0.7914 val_nlpd=0.7142 val_ece=0.0420 kl_weight=0.000000 loss_kl_raw=1005620.3750
[eval] adapter_cls=BayesPaperAdapter
[eval] raw_logits_shape=(10, 256, 101)
[eval] reduced_logits_shape=(256, 101)
[Epoch 199] lr=0.025455 train_loss=0.0292 loss_reg=0.0128 val_acc=0.7924 val_nlpd=0.7142 val_ece=0.0409 kl_weight=0.000000 loss_kl_raw=1006051.5625
[eval] adapter_cls=BayesPaperAdapter
[eval] raw_logits_shape=(10, 256, 101)
[eval] reduced_logits_shape=(256, 101)
[Epoch 200] lr=0.025000 train_loss=0.0294 loss_reg=0.0129 val_acc=0.7908 val_nlpd=0.7134 val_ece=0.0427 kl_weight=0.000000 loss_kl_raw=1006473.6875
[eval] adapter_cls=BayesPaperAdapter
[eval] raw_logits_shape=(10, 256, 101)
[eval] reduced_logits_shape=(256, 101)
[Epoch 201] lr=0.024548 train_loss=0.0294 loss_reg=0.0130 val_acc=0.7919 val_nlpd=0.7113 val_ece=0.0415 kl_weight=0.000000 loss_kl_raw=1006888.3750
[eval] adapter_cls=BayesPaperAdapter
[eval] raw_logits_shape=(10, 256, 101)
[eval] reduced_logits_shape=(256, 101)
[Epoch 202] lr=0.024099 train_loss=0.0295 loss_reg=0.0130 val_acc=0.7940 val_nlpd=0.7098 val_ece=0.0401 kl_weight=0.000000 loss_kl_raw=1007289.1875
[eval] adapter_cls=BayesPaperAdapter
[eval] raw_logits_shape=(10, 256, 101)
[eval] reduced_logits_shape=(256, 101)
[Epoch 203] lr=0.023652 train_loss=0.0294 loss_reg=0.0131 val_acc=0.7914 val_nlpd=0.7137 val_ece=0.0420 kl_weight=0.000000 loss_kl_raw=1007682.7500
[eval] adapter_cls=BayesPaperAdapter
[eval] raw_logits_shape=(10, 256, 101)
[eval] reduced_logits_shape=(256, 101)
[Epoch 204] lr=0.023209 train_loss=0.0295 loss_reg=0.0132 val_acc=0.7908 val_nlpd=0.7134 val_ece=0.0427 kl_weight=0.000000 loss_kl_raw=1008069.2500
[eval] adapter_cls=BayesPaperAdapter
[eval] raw_logits_shape=(10, 256, 101)
[eval] reduced_logits_shape=(256, 101)
[Epoch 205] lr=0.022768 train_loss=0.0295 loss_reg=0.0133 val_acc=0.7908 val_nlpd=0.7136 val_ece=0.0425 kl_weight=0.000000 loss_kl_raw=1008450.8750
[eval] adapter_cls=BayesPaperAdapter
[eval] raw_logits_shape=(10, 256, 101)
[eval] reduced_logits_shape=(256, 101)
[Epoch 206] lr=0.022330 train_loss=0.0296 loss_reg=0.0133 val_acc=0.7924 val_nlpd=0.7131 val_ece=0.0412 kl_weight=0.000000 loss_kl_raw=1008824.1250
[eval] adapter_cls=BayesPaperAdapter
[eval] raw_logits_shape=(10, 256, 101)
[eval] reduced_logits_shape=(256, 101)
[Epoch 207] lr=0.021896 train_loss=0.0298 loss_reg=0.0134 val_acc=0.7903 val_nlpd=0.7125 val_ece=0.0432 kl_weight=0.000000 loss_kl_raw=1009193.0000
[eval] adapter_cls=BayesPaperAdapter
[eval] raw_logits_shape=(10, 256, 101)
[eval] reduced_logits_shape=(256, 101)
[Epoch 208] lr=0.021464 train_loss=0.0299 loss_reg=0.0135 val_acc=0.7929 val_nlpd=0.7145 val_ece=0.0405 kl_weight=0.000000 loss_kl_raw=1009548.2500
[eval] adapter_cls=BayesPaperAdapter
[eval] raw_logits_shape=(10, 256, 101)
[eval] reduced_logits_shape=(256, 101)
[Epoch 209] lr=0.021036 train_loss=0.0297 loss_reg=0.0135 val_acc=0.7924 val_nlpd=0.7138 val_ece=0.0409 kl_weight=0.000000 loss_kl_raw=1009901.6250
[eval] adapter_cls=BayesPaperAdapter
[eval] raw_logits_shape=(10, 256, 101)
[eval] reduced_logits_shape=(256, 101)
[Epoch 210] lr=0.020611 train_loss=0.0297 loss_reg=0.0136 val_acc=0.7914 val_nlpd=0.7144 val_ece=0.0420 kl_weight=0.000000 loss_kl_raw=1010238.1250
[eval] adapter_cls=BayesPaperAdapter
[eval] raw_logits_shape=(10, 256, 101)
[eval] reduced_logits_shape=(256, 101)
[Epoch 211] lr=0.020189 train_loss=0.0299 loss_reg=0.0137 val_acc=0.7908 val_nlpd=0.7117 val_ece=0.0428 kl_weight=0.000000 loss_kl_raw=1010570.9375
[eval] adapter_cls=BayesPaperAdapter
[eval] raw_logits_shape=(10, 256, 101)
[eval] reduced_logits_shape=(256, 101)
[Epoch 212] lr=0.019770 train_loss=0.0300 loss_reg=0.0137 val_acc=0.7924 val_nlpd=0.7144 val_ece=0.0411 kl_weight=0.000000 loss_kl_raw=1010895.3125
[eval] adapter_cls=BayesPaperAdapter
[eval] raw_logits_shape=(10, 256, 101)
[eval] reduced_logits_shape=(256, 101)
[Epoch 213] lr=0.019355 train_loss=0.0301 loss_reg=0.0138 val_acc=0.7903 val_nlpd=0.7145 val_ece=0.0433 kl_weight=0.000000 loss_kl_raw=1011207.0625
[eval] adapter_cls=BayesPaperAdapter
[eval] raw_logits_shape=(10, 256, 101)
[eval] reduced_logits_shape=(256, 101)
[Epoch 214] lr=0.018943 train_loss=0.0302 loss_reg=0.0139 val_acc=0.7929 val_nlpd=0.7134 val_ece=0.0405 kl_weight=0.000000 loss_kl_raw=1011512.5000
[eval] adapter_cls=BayesPaperAdapter
[eval] raw_logits_shape=(10, 256, 101)
[eval] reduced_logits_shape=(256, 101)
[Epoch 215] lr=0.018534 train_loss=0.0301 loss_reg=0.0140 val_acc=0.7924 val_nlpd=0.7117 val_ece=0.0411 kl_weight=0.000000 loss_kl_raw=1011804.0000
[eval] adapter_cls=BayesPaperAdapter
[eval] raw_logits_shape=(10, 256, 101)
[eval] reduced_logits_shape=(256, 101)
[Epoch 216] lr=0.018129 train_loss=0.0302 loss_reg=0.0140 val_acc=0.7940 val_nlpd=0.7116 val_ece=0.0398 kl_weight=0.000000 loss_kl_raw=1012085.2500
[eval] adapter_cls=BayesPaperAdapter
[eval] raw_logits_shape=(10, 256, 101)
[eval] reduced_logits_shape=(256, 101)
[Epoch 217] lr=0.017727 train_loss=0.0303 loss_reg=0.0141 val_acc=0.7919 val_nlpd=0.7131 val_ece=0.0419 kl_weight=0.000000 loss_kl_raw=1012359.6875
[eval] adapter_cls=BayesPaperAdapter
[eval] raw_logits_shape=(10, 256, 101)
[eval] reduced_logits_shape=(256, 101)
[Epoch 218] lr=0.017329 train_loss=0.0302 loss_reg=0.0142 val_acc=0.7924 val_nlpd=0.7132 val_ece=0.0407 kl_weight=0.000000 loss_kl_raw=1012629.3750
[eval] adapter_cls=BayesPaperAdapter
[eval] raw_logits_shape=(10, 256, 101)
[eval] reduced_logits_shape=(256, 101)
[Epoch 219] lr=0.016934 train_loss=0.0303 loss_reg=0.0142 val_acc=0.7935 val_nlpd=0.7131 val_ece=0.0403 kl_weight=0.000000 loss_kl_raw=1012886.9375
[eval] adapter_cls=BayesPaperAdapter
[eval] raw_logits_shape=(10, 256, 101)
[eval] reduced_logits_shape=(256, 101)
[Epoch 220] lr=0.016543 train_loss=0.0305 loss_reg=0.0143 val_acc=0.7940 val_nlpd=0.7103 val_ece=0.0397 kl_weight=0.000000 loss_kl_raw=1013142.5000
[eval] adapter_cls=BayesPaperAdapter
[eval] raw_logits_shape=(10, 256, 101)
[eval] reduced_logits_shape=(256, 101)
[Epoch 221] lr=0.016156 train_loss=0.0305 loss_reg=0.0144 val_acc=0.7924 val_nlpd=0.7145 val_ece=0.0413 kl_weight=0.000000 loss_kl_raw=1013394.0000
[eval] adapter_cls=BayesPaperAdapter
[eval] raw_logits_shape=(10, 256, 101)
[eval] reduced_logits_shape=(256, 101)
[Epoch 222] lr=0.015773 train_loss=0.0306 loss_reg=0.0144 val_acc=0.7914 val_nlpd=0.7119 val_ece=0.0422 kl_weight=0.000000 loss_kl_raw=1013635.4375
[eval] adapter_cls=BayesPaperAdapter
[eval] raw_logits_shape=(10, 256, 101)
[eval] reduced_logits_shape=(256, 101)
[Epoch 223] lr=0.015393 train_loss=0.0305 loss_reg=0.0145 val_acc=0.7908 val_nlpd=0.7127 val_ece=0.0431 kl_weight=0.000000 loss_kl_raw=1013869.6250
[eval] adapter_cls=BayesPaperAdapter
[eval] raw_logits_shape=(10, 256, 101)
[eval] reduced_logits_shape=(256, 101)
[Epoch 224] lr=0.015017 train_loss=0.0307 loss_reg=0.0146 val_acc=0.7919 val_nlpd=0.7125 val_ece=0.0417 kl_weight=0.000000 loss_kl_raw=1014097.0000
[eval] adapter_cls=BayesPaperAdapter
[eval] raw_logits_shape=(10, 256, 101)
[eval] reduced_logits_shape=(256, 101)
[Epoch 225] lr=0.014645 train_loss=0.0308 loss_reg=0.0146 val_acc=0.7919 val_nlpd=0.7120 val_ece=0.0420 kl_weight=0.000000 loss_kl_raw=1014314.8125
[eval] adapter_cls=BayesPaperAdapter
[eval] raw_logits_shape=(10, 256, 101)
[eval] reduced_logits_shape=(256, 101)
[Epoch 226] lr=0.014276 train_loss=0.0308 loss_reg=0.0147 val_acc=0.7929 val_nlpd=0.7136 val_ece=0.0408 kl_weight=0.000000 loss_kl_raw=1014531.1250
[eval] adapter_cls=BayesPaperAdapter
[eval] raw_logits_shape=(10, 256, 101)
[eval] reduced_logits_shape=(256, 101)
[Epoch 227] lr=0.013912 train_loss=0.0308 loss_reg=0.0148 val_acc=0.7914 val_nlpd=0.7123 val_ece=0.0423 kl_weight=0.000000 loss_kl_raw=1014738.6875
[eval] adapter_cls=BayesPaperAdapter
[eval] raw_logits_shape=(10, 256, 101)
[eval] reduced_logits_shape=(256, 101)
[Epoch 228] lr=0.013552 train_loss=0.0309 loss_reg=0.0148 val_acc=0.7914 val_nlpd=0.7112 val_ece=0.0423 kl_weight=0.000000 loss_kl_raw=1014935.5000
[eval] adapter_cls=BayesPaperAdapter
[eval] raw_logits_shape=(10, 256, 101)
[eval] reduced_logits_shape=(256, 101)
[Epoch 229] lr=0.013195 train_loss=0.0310 loss_reg=0.0149 val_acc=0.7914 val_nlpd=0.7126 val_ece=0.0425 kl_weight=0.000000 loss_kl_raw=1015132.6250
[eval] adapter_cls=BayesPaperAdapter
[eval] raw_logits_shape=(10, 256, 101)
[eval] reduced_logits_shape=(256, 101)
[Epoch 230] lr=0.012843 train_loss=0.0310 loss_reg=0.0150 val_acc=0.7940 val_nlpd=0.7108 val_ece=0.0404 kl_weight=0.000000 loss_kl_raw=1015322.1875
[eval] adapter_cls=BayesPaperAdapter
[eval] raw_logits_shape=(10, 256, 101)
[eval] reduced_logits_shape=(256, 101)
[Epoch 231] lr=0.012494 train_loss=0.0311 loss_reg=0.0151 val_acc=0.7924 val_nlpd=0.7135 val_ece=0.0411 kl_weight=0.000000 loss_kl_raw=1015510.3750
[eval] adapter_cls=BayesPaperAdapter
[eval] raw_logits_shape=(10, 256, 101)
[eval] reduced_logits_shape=(256, 101)
[Epoch 232] lr=0.012150 train_loss=0.0311 loss_reg=0.0151 val_acc=0.7929 val_nlpd=0.7121 val_ece=0.0408 kl_weight=0.000000 loss_kl_raw=1015689.4375
[eval] adapter_cls=BayesPaperAdapter
[eval] raw_logits_shape=(10, 256, 101)
[eval] reduced_logits_shape=(256, 101)
[Epoch 233] lr=0.011810 train_loss=0.0311 loss_reg=0.0152 val_acc=0.7924 val_nlpd=0.7112 val_ece=0.0413 kl_weight=0.000000 loss_kl_raw=1015863.2500
[eval] adapter_cls=BayesPaperAdapter
[eval] raw_logits_shape=(10, 256, 101)
[eval] reduced_logits_shape=(256, 101)
[Epoch 234] lr=0.011474 train_loss=0.0312 loss_reg=0.0153 val_acc=0.7924 val_nlpd=0.7130 val_ece=0.0415 kl_weight=0.000000 loss_kl_raw=1016028.1875
[eval] adapter_cls=BayesPaperAdapter
[eval] raw_logits_shape=(10, 256, 101)
[eval] reduced_logits_shape=(256, 101)
[Epoch 235] lr=0.011143 train_loss=0.0312 loss_reg=0.0153 val_acc=0.7929 val_nlpd=0.7126 val_ece=0.0408 kl_weight=0.000000 loss_kl_raw=1016190.2500
[eval] adapter_cls=BayesPaperAdapter
[eval] raw_logits_shape=(10, 256, 101)
[eval] reduced_logits_shape=(256, 101)
[Epoch 236] lr=0.010815 train_loss=0.0313 loss_reg=0.0154 val_acc=0.7935 val_nlpd=0.7136 val_ece=0.0400 kl_weight=0.000000 loss_kl_raw=1016347.8125
[eval] adapter_cls=BayesPaperAdapter
[eval] raw_logits_shape=(10, 256, 101)
[eval] reduced_logits_shape=(256, 101)
[Epoch 237] lr=0.010492 train_loss=0.0314 loss_reg=0.0155 val_acc=0.7924 val_nlpd=0.7114 val_ece=0.0412 kl_weight=0.000000 loss_kl_raw=1016496.2500
[eval] adapter_cls=BayesPaperAdapter
[eval] raw_logits_shape=(10, 256, 101)
[eval] reduced_logits_shape=(256, 101)
[Epoch 238] lr=0.010174 train_loss=0.0316 loss_reg=0.0155 val_acc=0.7914 val_nlpd=0.7134 val_ece=0.0423 kl_weight=0.000000 loss_kl_raw=1016641.7500
[eval] adapter_cls=BayesPaperAdapter
[eval] raw_logits_shape=(10, 256, 101)
[eval] reduced_logits_shape=(256, 101)
[Epoch 239] lr=0.009859 train_loss=0.0315 loss_reg=0.0156 val_acc=0.7924 val_nlpd=0.7127 val_ece=0.0414 kl_weight=0.000000 loss_kl_raw=1016785.4375
[eval] adapter_cls=BayesPaperAdapter
[eval] raw_logits_shape=(10, 256, 101)
[eval] reduced_logits_shape=(256, 101)
[Epoch 240] lr=0.009549 train_loss=0.0316 loss_reg=0.0157 val_acc=0.7893 val_nlpd=0.7131 val_ece=0.0446 kl_weight=0.000000 loss_kl_raw=1016920.6875
[eval] adapter_cls=BayesPaperAdapter
[eval] raw_logits_shape=(10, 256, 101)
[eval] reduced_logits_shape=(256, 101)
[Epoch 241] lr=0.009244 train_loss=0.0318 loss_reg=0.0157 val_acc=0.7929 val_nlpd=0.7137 val_ece=0.0411 kl_weight=0.000000 loss_kl_raw=1017052.1250
[eval] adapter_cls=BayesPaperAdapter
[eval] raw_logits_shape=(10, 256, 101)
[eval] reduced_logits_shape=(256, 101)
[Epoch 242] lr=0.008943 train_loss=0.0318 loss_reg=0.0158 val_acc=0.7914 val_nlpd=0.7130 val_ece=0.0422 kl_weight=0.000000 loss_kl_raw=1017179.2500
[eval] adapter_cls=BayesPaperAdapter
[eval] raw_logits_shape=(10, 256, 101)
[eval] reduced_logits_shape=(256, 101)
[Epoch 243] lr=0.008646 train_loss=0.0318 loss_reg=0.0159 val_acc=0.7898 val_nlpd=0.7122 val_ece=0.0442 kl_weight=0.000000 loss_kl_raw=1017303.3125
[eval] adapter_cls=BayesPaperAdapter
[eval] raw_logits_shape=(10, 256, 101)
[eval] reduced_logits_shape=(256, 101)
[Epoch 244] lr=0.008354 train_loss=0.0318 loss_reg=0.0159 val_acc=0.7924 val_nlpd=0.7127 val_ece=0.0416 kl_weight=0.000000 loss_kl_raw=1017423.5625
[eval] adapter_cls=BayesPaperAdapter
[eval] raw_logits_shape=(10, 256, 101)
[eval] reduced_logits_shape=(256, 101)
[Epoch 245] lr=0.008066 train_loss=0.0320 loss_reg=0.0160 val_acc=0.7940 val_nlpd=0.7120 val_ece=0.0398 kl_weight=0.000000 loss_kl_raw=1017541.6875
[eval] adapter_cls=BayesPaperAdapter
[eval] raw_logits_shape=(10, 256, 101)
[eval] reduced_logits_shape=(256, 101)
[Epoch 246] lr=0.007784 train_loss=0.0320 loss_reg=0.0161 val_acc=0.7929 val_nlpd=0.7114 val_ece=0.0410 kl_weight=0.000000 loss_kl_raw=1017654.1875
[eval] adapter_cls=BayesPaperAdapter
[eval] raw_logits_shape=(10, 256, 101)
[eval] reduced_logits_shape=(256, 101)
[Epoch 247] lr=0.007505 train_loss=0.0320 loss_reg=0.0161 val_acc=0.7924 val_nlpd=0.7124 val_ece=0.0414 kl_weight=0.000000 loss_kl_raw=1017761.3125
[eval] adapter_cls=BayesPaperAdapter
[eval] raw_logits_shape=(10, 256, 101)
[eval] reduced_logits_shape=(256, 101)
[Epoch 248] lr=0.007232 train_loss=0.0321 loss_reg=0.0162 val_acc=0.7935 val_nlpd=0.7119 val_ece=0.0405 kl_weight=0.000000 loss_kl_raw=1017865.4375
[eval] adapter_cls=BayesPaperAdapter
[eval] raw_logits_shape=(10, 256, 101)
[eval] reduced_logits_shape=(256, 101)
[Epoch 249] lr=0.006963 train_loss=0.0321 loss_reg=0.0163 val_acc=0.7935 val_nlpd=0.7134 val_ece=0.0403 kl_weight=0.000000 loss_kl_raw=1017963.3125
[eval] adapter_cls=BayesPaperAdapter
[eval] raw_logits_shape=(10, 256, 101)
[eval] reduced_logits_shape=(256, 101)
[Epoch 250] lr=0.006699 train_loss=0.0322 loss_reg=0.0163 val_acc=0.7929 val_nlpd=0.7117 val_ece=0.0409 kl_weight=0.000000 loss_kl_raw=1018056.5000
[eval] adapter_cls=BayesPaperAdapter
[eval] raw_logits_shape=(10, 256, 101)
[eval] reduced_logits_shape=(256, 101)
[Epoch 251] lr=0.006439 train_loss=0.0323 loss_reg=0.0164 val_acc=0.7908 val_nlpd=0.7134 val_ece=0.0429 kl_weight=0.000000 loss_kl_raw=1018147.3750
[eval] adapter_cls=BayesPaperAdapter
[eval] raw_logits_shape=(10, 256, 101)
[eval] reduced_logits_shape=(256, 101)
[Epoch 252] lr=0.006185 train_loss=0.0324 loss_reg=0.0165 val_acc=0.7914 val_nlpd=0.7131 val_ece=0.0424 kl_weight=0.000000 loss_kl_raw=1018234.5625
[eval] adapter_cls=BayesPaperAdapter
[eval] raw_logits_shape=(10, 256, 101)
[eval] reduced_logits_shape=(256, 101)
[Epoch 253] lr=0.005935 train_loss=0.0323 loss_reg=0.0165 val_acc=0.7919 val_nlpd=0.7119 val_ece=0.0420 kl_weight=0.000000 loss_kl_raw=1018318.4375
[eval] adapter_cls=BayesPaperAdapter
[eval] raw_logits_shape=(10, 256, 101)
[eval] reduced_logits_shape=(256, 101)
[Epoch 254] lr=0.005690 train_loss=0.0324 loss_reg=0.0166 val_acc=0.7924 val_nlpd=0.7118 val_ece=0.0415 kl_weight=0.000000 loss_kl_raw=1018396.3125
[eval] adapter_cls=BayesPaperAdapter
[eval] raw_logits_shape=(10, 256, 101)
[eval] reduced_logits_shape=(256, 101)
[Epoch 255] lr=0.005450 train_loss=0.0325 loss_reg=0.0167 val_acc=0.7919 val_nlpd=0.7144 val_ece=0.0418 kl_weight=0.000000 loss_kl_raw=1018471.5625
[eval] adapter_cls=BayesPaperAdapter
[eval] raw_logits_shape=(10, 256, 101)
[eval] reduced_logits_shape=(256, 101)
[Epoch 256] lr=0.005214 train_loss=0.0327 loss_reg=0.0167 val_acc=0.7919 val_nlpd=0.7116 val_ece=0.0420 kl_weight=0.000000 loss_kl_raw=1018543.0000
[eval] adapter_cls=BayesPaperAdapter
[eval] raw_logits_shape=(10, 256, 101)
[eval] reduced_logits_shape=(256, 101)
[Epoch 257] lr=0.004984 train_loss=0.0328 loss_reg=0.0168 val_acc=0.7929 val_nlpd=0.7126 val_ece=0.0412 kl_weight=0.000000 loss_kl_raw=1018611.1875
[eval] adapter_cls=BayesPaperAdapter
[eval] raw_logits_shape=(10, 256, 101)
[eval] reduced_logits_shape=(256, 101)
[Epoch 258] lr=0.004759 train_loss=0.0327 loss_reg=0.0169 val_acc=0.7903 val_nlpd=0.7140 val_ece=0.0434 kl_weight=0.000000 loss_kl_raw=1018675.0625
[eval] adapter_cls=BayesPaperAdapter
[eval] raw_logits_shape=(10, 256, 101)
[eval] reduced_logits_shape=(256, 101)
[Epoch 259] lr=0.004538 train_loss=0.0329 loss_reg=0.0169 val_acc=0.7908 val_nlpd=0.7138 val_ece=0.0430 kl_weight=0.000000 loss_kl_raw=1018737.5625
[eval] adapter_cls=BayesPaperAdapter
[eval] raw_logits_shape=(10, 256, 101)
[eval] reduced_logits_shape=(256, 101)
[Epoch 260] lr=0.004323 train_loss=0.0329 loss_reg=0.0170 val_acc=0.7914 val_nlpd=0.7135 val_ece=0.0421 kl_weight=0.000000 loss_kl_raw=1018795.4375
[eval] adapter_cls=BayesPaperAdapter
[eval] raw_logits_shape=(10, 256, 101)
[eval] reduced_logits_shape=(256, 101)
[Epoch 261] lr=0.004112 train_loss=0.0329 loss_reg=0.0171 val_acc=0.7914 val_nlpd=0.7116 val_ece=0.0424 kl_weight=0.000000 loss_kl_raw=1018852.3125
[eval] adapter_cls=BayesPaperAdapter
[eval] raw_logits_shape=(10, 256, 101)
[eval] reduced_logits_shape=(256, 101)
[Epoch 262] lr=0.003907 train_loss=0.0330 loss_reg=0.0171 val_acc=0.7924 val_nlpd=0.7117 val_ece=0.0413 kl_weight=0.000000 loss_kl_raw=1018905.1875
[eval] adapter_cls=BayesPaperAdapter
[eval] raw_logits_shape=(10, 256, 101)
[eval] reduced_logits_shape=(256, 101)
[Epoch 263] lr=0.003706 train_loss=0.0330 loss_reg=0.0172 val_acc=0.7914 val_nlpd=0.7126 val_ece=0.0423 kl_weight=0.000000 loss_kl_raw=1018955.8125
[eval] adapter_cls=BayesPaperAdapter
[eval] raw_logits_shape=(10, 256, 101)
[eval] reduced_logits_shape=(256, 101)
[Epoch 264] lr=0.003511 train_loss=0.0332 loss_reg=0.0173 val_acc=0.7940 val_nlpd=0.7130 val_ece=0.0399 kl_weight=0.000000 loss_kl_raw=1019003.0000
[eval] adapter_cls=BayesPaperAdapter
[eval] raw_logits_shape=(10, 256, 101)
[eval] reduced_logits_shape=(256, 101)
[Epoch 265] lr=0.003321 train_loss=0.0330 loss_reg=0.0173 val_acc=0.7919 val_nlpd=0.7124 val_ece=0.0419 kl_weight=0.000000 loss_kl_raw=1019047.7500
[eval] adapter_cls=BayesPaperAdapter
[eval] raw_logits_shape=(10, 256, 101)
[eval] reduced_logits_shape=(256, 101)
[Epoch 266] lr=0.003136 train_loss=0.0332 loss_reg=0.0174 val_acc=0.7929 val_nlpd=0.7124 val_ece=0.0405 kl_weight=0.000000 loss_kl_raw=1019089.6875
[eval] adapter_cls=BayesPaperAdapter
[eval] raw_logits_shape=(10, 256, 101)
[eval] reduced_logits_shape=(256, 101)
[Epoch 267] lr=0.002956 train_loss=0.0333 loss_reg=0.0175 val_acc=0.7929 val_nlpd=0.7117 val_ece=0.0407 kl_weight=0.000000 loss_kl_raw=1019130.0625
[eval] adapter_cls=BayesPaperAdapter
[eval] raw_logits_shape=(10, 256, 101)
[eval] reduced_logits_shape=(256, 101)
[Epoch 268] lr=0.002781 train_loss=0.0334 loss_reg=0.0175 val_acc=0.7919 val_nlpd=0.7113 val_ece=0.0418 kl_weight=0.000000 loss_kl_raw=1019167.6875
[eval] adapter_cls=BayesPaperAdapter
[eval] raw_logits_shape=(10, 256, 101)
[eval] reduced_logits_shape=(256, 101)
[Epoch 269] lr=0.002612 train_loss=0.0335 loss_reg=0.0176 val_acc=0.7929 val_nlpd=0.7117 val_ece=0.0408 kl_weight=0.000000 loss_kl_raw=1019202.9375
[eval] adapter_cls=BayesPaperAdapter
[eval] raw_logits_shape=(10, 256, 101)
[eval] reduced_logits_shape=(256, 101)
[Epoch 270] lr=0.002447 train_loss=0.0334 loss_reg=0.0177 val_acc=0.7919 val_nlpd=0.7120 val_ece=0.0421 kl_weight=0.000000 loss_kl_raw=1019236.1875
[eval] adapter_cls=BayesPaperAdapter
[eval] raw_logits_shape=(10, 256, 101)
[eval] reduced_logits_shape=(256, 101)
[Epoch 271] lr=0.002288 train_loss=0.0336 loss_reg=0.0177 val_acc=0.7914 val_nlpd=0.7130 val_ece=0.0429 kl_weight=0.000000 loss_kl_raw=1019267.3125
[eval] adapter_cls=BayesPaperAdapter
[eval] raw_logits_shape=(10, 256, 101)
[eval] reduced_logits_shape=(256, 101)
[Epoch 272] lr=0.002134 train_loss=0.0337 loss_reg=0.0178 val_acc=0.7924 val_nlpd=0.7115 val_ece=0.0414 kl_weight=0.000000 loss_kl_raw=1019296.9375
[eval] adapter_cls=BayesPaperAdapter
[eval] raw_logits_shape=(10, 256, 101)
[eval] reduced_logits_shape=(256, 101)
[Epoch 273] lr=0.001985 train_loss=0.0338 loss_reg=0.0179 val_acc=0.7898 val_nlpd=0.7131 val_ece=0.0439 kl_weight=0.000000 loss_kl_raw=1019323.8750
[eval] adapter_cls=BayesPaperAdapter
[eval] raw_logits_shape=(10, 256, 101)
[eval] reduced_logits_shape=(256, 101)
[Epoch 274] lr=0.001842 train_loss=0.0339 loss_reg=0.0179 val_acc=0.7908 val_nlpd=0.7135 val_ece=0.0433 kl_weight=0.000000 loss_kl_raw=1019349.1875
[eval] adapter_cls=BayesPaperAdapter
[eval] raw_logits_shape=(10, 256, 101)
[eval] reduced_logits_shape=(256, 101)
[Epoch 275] lr=0.001704 train_loss=0.0338 loss_reg=0.0180 val_acc=0.7908 val_nlpd=0.7134 val_ece=0.0433 kl_weight=0.000000 loss_kl_raw=1019372.0000
[eval] adapter_cls=BayesPaperAdapter
[eval] raw_logits_shape=(10, 256, 101)
[eval] reduced_logits_shape=(256, 101)
[Epoch 276] lr=0.001571 train_loss=0.0339 loss_reg=0.0181 val_acc=0.7903 val_nlpd=0.7130 val_ece=0.0435 kl_weight=0.000000 loss_kl_raw=1019392.8125
[eval] adapter_cls=BayesPaperAdapter
[eval] raw_logits_shape=(10, 256, 101)
[eval] reduced_logits_shape=(256, 101)
[Epoch 277] lr=0.001443 train_loss=0.0339 loss_reg=0.0181 val_acc=0.7924 val_nlpd=0.7135 val_ece=0.0419 kl_weight=0.000000 loss_kl_raw=1019411.8750
[eval] adapter_cls=BayesPaperAdapter
[eval] raw_logits_shape=(10, 256, 101)
[eval] reduced_logits_shape=(256, 101)
[Epoch 278] lr=0.001321 train_loss=0.0340 loss_reg=0.0182 val_acc=0.7924 val_nlpd=0.7119 val_ece=0.0416 kl_weight=0.000000 loss_kl_raw=1019429.3125
[eval] adapter_cls=BayesPaperAdapter
[eval] raw_logits_shape=(10, 256, 101)
[eval] reduced_logits_shape=(256, 101)
[Epoch 279] lr=0.001204 train_loss=0.0341 loss_reg=0.0183 val_acc=0.7929 val_nlpd=0.7135 val_ece=0.0409 kl_weight=0.000000 loss_kl_raw=1019444.8125
[eval] adapter_cls=BayesPaperAdapter
[eval] raw_logits_shape=(10, 256, 101)
[eval] reduced_logits_shape=(256, 101)
[Epoch 280] lr=0.001093 train_loss=0.0341 loss_reg=0.0183 val_acc=0.7929 val_nlpd=0.7107 val_ece=0.0412 kl_weight=0.000000 loss_kl_raw=1019459.1875
[eval] adapter_cls=BayesPaperAdapter
[eval] raw_logits_shape=(10, 256, 101)
[eval] reduced_logits_shape=(256, 101)
[Epoch 281] lr=0.000986 train_loss=0.0340 loss_reg=0.0184 val_acc=0.7919 val_nlpd=0.7118 val_ece=0.0418 kl_weight=0.000000 loss_kl_raw=1019471.8125
[eval] adapter_cls=BayesPaperAdapter
[eval] raw_logits_shape=(10, 256, 101)
[eval] reduced_logits_shape=(256, 101)
[Epoch 282] lr=0.000886 train_loss=0.0343 loss_reg=0.0185 val_acc=0.7929 val_nlpd=0.7113 val_ece=0.0410 kl_weight=0.000000 loss_kl_raw=1019483.0625
[eval] adapter_cls=BayesPaperAdapter
[eval] raw_logits_shape=(10, 256, 101)
[eval] reduced_logits_shape=(256, 101)
[Epoch 283] lr=0.000790 train_loss=0.0343 loss_reg=0.0185 val_acc=0.7935 val_nlpd=0.7120 val_ece=0.0404 kl_weight=0.000000 loss_kl_raw=1019493.8125
[eval] adapter_cls=BayesPaperAdapter
[eval] raw_logits_shape=(10, 256, 101)
[eval] reduced_logits_shape=(256, 101)
[Epoch 284] lr=0.000700 train_loss=0.0343 loss_reg=0.0186 val_acc=0.7919 val_nlpd=0.7114 val_ece=0.0420 kl_weight=0.000000 loss_kl_raw=1019503.3125
[eval] adapter_cls=BayesPaperAdapter
[eval] raw_logits_shape=(10, 256, 101)
[eval] reduced_logits_shape=(256, 101)
[Epoch 285] lr=0.000616 train_loss=0.0344 loss_reg=0.0187 val_acc=0.7940 val_nlpd=0.7123 val_ece=0.0402 kl_weight=0.000000 loss_kl_raw=1019511.5625
[eval] adapter_cls=BayesPaperAdapter
[eval] raw_logits_shape=(10, 256, 101)
[eval] reduced_logits_shape=(256, 101)
[Epoch 286] lr=0.000536 train_loss=0.0345 loss_reg=0.0187 val_acc=0.7908 val_nlpd=0.7113 val_ece=0.0430 kl_weight=0.000000 loss_kl_raw=1019519.0000
[eval] adapter_cls=BayesPaperAdapter
[eval] raw_logits_shape=(10, 256, 101)
[eval] reduced_logits_shape=(256, 101)
[Epoch 287] lr=0.000463 train_loss=0.0347 loss_reg=0.0188 val_acc=0.7903 val_nlpd=0.7128 val_ece=0.0435 kl_weight=0.000000 loss_kl_raw=1019525.4375
[eval] adapter_cls=BayesPaperAdapter
[eval] raw_logits_shape=(10, 256, 101)
[eval] reduced_logits_shape=(256, 101)
[Epoch 288] lr=0.000394 train_loss=0.0346 loss_reg=0.0189 val_acc=0.7929 val_nlpd=0.7114 val_ece=0.0411 kl_weight=0.000000 loss_kl_raw=1019531.0625
[eval] adapter_cls=BayesPaperAdapter
[eval] raw_logits_shape=(10, 256, 101)
[eval] reduced_logits_shape=(256, 101)
[Epoch 289] lr=0.000331 train_loss=0.0347 loss_reg=0.0189 val_acc=0.7914 val_nlpd=0.7123 val_ece=0.0426 kl_weight=0.000000 loss_kl_raw=1019535.8125
[eval] adapter_cls=BayesPaperAdapter
[eval] raw_logits_shape=(10, 256, 101)
[eval] reduced_logits_shape=(256, 101)
[Epoch 290] lr=0.000274 train_loss=0.0347 loss_reg=0.0190 val_acc=0.7929 val_nlpd=0.7121 val_ece=0.0408 kl_weight=0.000000 loss_kl_raw=1019539.9375
[eval] adapter_cls=BayesPaperAdapter
[eval] raw_logits_shape=(10, 256, 101)
[eval] reduced_logits_shape=(256, 101)
[Epoch 291] lr=0.000222 train_loss=0.0349 loss_reg=0.0191 val_acc=0.7914 val_nlpd=0.7107 val_ece=0.0427 kl_weight=0.000000 loss_kl_raw=1019543.1875
[eval] adapter_cls=BayesPaperAdapter
[eval] raw_logits_shape=(10, 256, 101)
[eval] reduced_logits_shape=(256, 101)
[Epoch 292] lr=0.000175 train_loss=0.0350 loss_reg=0.0191 val_acc=0.7924 val_nlpd=0.7122 val_ece=0.0416 kl_weight=0.000000 loss_kl_raw=1019545.9375
[eval] adapter_cls=BayesPaperAdapter
[eval] raw_logits_shape=(10, 256, 101)
[eval] reduced_logits_shape=(256, 101)
[Epoch 293] lr=0.000134 train_loss=0.0350 loss_reg=0.0192 val_acc=0.7929 val_nlpd=0.7111 val_ece=0.0410 kl_weight=0.000000 loss_kl_raw=1019548.0625
[eval] adapter_cls=BayesPaperAdapter
[eval] raw_logits_shape=(10, 256, 101)
[eval] reduced_logits_shape=(256, 101)
[Epoch 294] lr=0.000099 train_loss=0.0351 loss_reg=0.0193 val_acc=0.7919 val_nlpd=0.7132 val_ece=0.0420 kl_weight=0.000000 loss_kl_raw=1019549.6875
[eval] adapter_cls=BayesPaperAdapter
[eval] raw_logits_shape=(10, 256, 101)
[eval] reduced_logits_shape=(256, 101)
[Epoch 295] lr=0.000069 train_loss=0.0352 loss_reg=0.0193 val_acc=0.7903 val_nlpd=0.7122 val_ece=0.0436 kl_weight=0.000000 loss_kl_raw=1019550.8125
[eval] adapter_cls=BayesPaperAdapter
[eval] raw_logits_shape=(10, 256, 101)
[eval] reduced_logits_shape=(256, 101)
[Epoch 296] lr=0.000044 train_loss=0.0352 loss_reg=0.0194 val_acc=0.7929 val_nlpd=0.7128 val_ece=0.0411 kl_weight=0.000000 loss_kl_raw=1019551.6875
[eval] adapter_cls=BayesPaperAdapter
[eval] raw_logits_shape=(10, 256, 101)
[eval] reduced_logits_shape=(256, 101)
[Epoch 297] lr=0.000025 train_loss=0.0353 loss_reg=0.0195 val_acc=0.7908 val_nlpd=0.7134 val_ece=0.0430 kl_weight=0.000000 loss_kl_raw=1019552.3125
[eval] adapter_cls=BayesPaperAdapter
[eval] raw_logits_shape=(10, 256, 101)
[eval] reduced_logits_shape=(256, 101)
[Epoch 298] lr=0.000011 train_loss=0.0354 loss_reg=0.0195 val_acc=0.7945 val_nlpd=0.7134 val_ece=0.0392 kl_weight=0.000000 loss_kl_raw=1019552.5625
[eval] adapter_cls=BayesPaperAdapter
[eval] raw_logits_shape=(10, 256, 101)
[eval] reduced_logits_shape=(256, 101)
[Epoch 299] lr=0.000003 train_loss=0.0354 loss_reg=0.0196 val_acc=0.7935 val_nlpd=0.7119 val_ece=0.0405 kl_weight=0.000000 loss_kl_raw=1019552.6875
[eval] adapter_cls=BayesPaperAdapter
[eval] raw_logits_shape=(10, 256, 101)
[eval] reduced_logits_shape=(256, 101)
[Epoch 300] lr=0.000000 train_loss=0.0355 loss_reg=0.0197 val_acc=0.7940 val_nlpd=0.7122 val_ece=0.0402 kl_weight=0.000000 loss_kl_raw=1019552.6875
[done] training complete:
{
  "family": "vlm_adapter",
  "variant": "BAYESADAPTER",
  "protocol": "id",
  "dataset": "ucf101",
  "seed": 3,
  "model_selection": "last",
  "selection_metric": "acc",
  "selection_mode": "max",
  "best_epoch": 298,
  "best_val_metrics_saved": {
    "loss": 0.7148769233450372,
    "acc": 0.7945205569267273,
    "nlpd": 0.7134296298027039,
    "ece": 0.039229415357112885,
    "aece": 0.039812432262493,
    "raw_cov_99": 0.33719703555107117,
    "sel_acc_99": 0.996874988079071,
    "reliable_99": 1.0,
    "cov_99": 0.33719703555107117,
    "class_cov_99": 0.8118811881188119,
    "raw_cov_95": 0.515279233455658,
    "sel_acc_95": 0.9815950989723206,
    "reliable_95": 1.0,
    "cov_95": 0.515279233455658,
    "class_cov_95": 0.9801980198019802,
    "raw_cov_90": 0.5900948643684387,
    "sel_acc_90": 0.9678571224212646,
    "reliable_90": 1.0,
    "cov_90": 0.5900948643684387,
    "class_cov_90": 0.9900990099009901,
    "raw_cov_85": 0.6401475071907043,
    "sel_acc_85": 0.9588477611541748,
    "reliable_85": 1.0,
    "cov_85": 0.6401475071907043,
    "class_cov_85": 0.9900990099009901,
    "raw_cov_80": 0.6944151520729065,
    "sel_acc_80": 0.9430956244468689,
    "reliable_80": 1.0,
    "cov_80": 0.6944151520729065,
    "class_cov_80": 1.0
  },
  "last_epoch": 300,
  "last_val_metrics_saved": {
    "loss": 0.7137131365634367,
    "acc": 0.7939936518669128,
    "nlpd": 0.7122101783752441,
    "ece": 0.04016133025288582,
    "aece": 0.0407742603875312,
    "raw_cov_99": 0.3366701900959015,
    "sel_acc_99": 0.9968701004981995,
    "reliable_99": 1.0,
    "cov_99": 0.3366701900959015,
    "class_cov_99": 0.8118811881188119,
    "raw_cov_95": 0.5142254829406738,
    "sel_acc_95": 0.9815573692321777,
    "reliable_95": 1.0,
    "cov_95": 0.5142254829406738,
    "class_cov_95": 0.9801980198019802,
    "raw_cov_90": 0.5927292108535767,
    "sel_acc_90": 0.9688888788223267,
    "reliable_90": 1.0,
    "cov_90": 0.5927292108535767,
    "class_cov_90": 0.9900990099009901,
    "raw_cov_85": 0.6438356041908264,
    "sel_acc_85": 0.9599018096923828,
    "reliable_85": 1.0,
    "cov_85": 0.6438356041908264,
    "class_cov_85": 0.9900990099009901,
    "raw_cov_80": 0.6944151520729065,
    "sel_acc_80": 0.9415781497955322,
    "reliable_80": 1.0,
    "cov_80": 0.6944151520729065,
    "class_cov_80": 1.0
  },
  "run_dir": "/root/autodl-tmp/BayesVLM/output/vlm_adapter/id/ucf101/BAYESADAPTER/BAYESADAPTER/logit_scale_frozen/prior_text_only__seed_3__last/shot_4/seed_3",
  "elapsed_seconds": 26.79,
  "artifacts": {
    "log_file": "train/train.log",
    "config_file": "config/config.json",
    "class_names_file": "config/class_names.json",
    "metrics_csv_file": "train/metrics_history.csv",
    "best_ckpt_file": "checkpoints/best_adapter.pt",
    "last_ckpt_file": "checkpoints/last_adapter.pt"
  }
}
