[run] family=vlm_adapter
[run] variant=BAYESADAPTER
[run] protocol=id
[run] dataset=ucf101
[run] model=clip-base
[run] shots_per_class=4
[run] seed=1
[run] device=cuda
[run] run_dir=/root/autodl-tmp/BayesVLM/output/vlm_adapter/id/ucf101/BAYESADAPTER/BAYESADAPTER/logit_scale_frozen/prior_text_only__seed_1__last/shot_4/seed_1
[run] optimizer=sgd
[run] lr_scheduler=cosine
[run] model_selection=last
[note] pseudo_data_count=None retained only for explicit config parity.
[note] bayesadapter_covariance_mode=paper_scalar
[note] bayesadapter_text_only_run_dir=./output/text_only_bayes_coop_bayes/id/ucf101/logit_scale_frozen/shot_4/seed_1
[note] bayesadapter_text_only_ckpt=last
===== train =====
num_classes: 101
  0 | Apply_Eye_Makeup          | 4
  1 | Apply_Lipstick            | 4
  2 | Archery                   | 4
  3 | Baby_Crawling             | 4
  4 | Balance_Beam              | 4
  5 | Band_Marching             | 4
  6 | Baseball_Pitch            | 4
  7 | Basketball                | 4
  8 | Basketball_Dunk           | 4
  9 | Bench_Press               | 4
 10 | Biking                    | 4
 11 | Billiards                 | 4
 12 | Blow_Dry_Hair             | 4
 13 | Blowing_Candles           | 4
 14 | Body_Weight_Squats        | 4
 15 | Bowling                   | 4
 16 | Boxing_Punching_Bag       | 4
 17 | Boxing_Speed_Bag          | 4
 18 | Breast_Stroke             | 4
 19 | Brushing_Teeth            | 4
 20 | Clean_And_Jerk            | 4
 21 | Cliff_Diving              | 4
 22 | Cricket_Bowling           | 4
 23 | Cricket_Shot              | 4
 24 | Cutting_In_Kitchen        | 4
 25 | Diving                    | 4
 26 | Drumming                  | 4
 27 | Fencing                   | 4
 28 | Field_Hockey_Penalty      | 4
 29 | Floor_Gymnastics          | 4
 30 | Frisbee_Catch             | 4
 31 | Front_Crawl               | 4
 32 | Golf_Swing                | 4
 33 | Haircut                   | 4
 34 | Hammering                 | 4
 35 | Hammer_Throw              | 4
 36 | Handstand_Pushups         | 4
 37 | Handstand_Walking         | 4
 38 | Head_Massage              | 4
 39 | High_Jump                 | 4
 40 | Horse_Race                | 4
 41 | Horse_Riding              | 4
 42 | Hula_Hoop                 | 4
 43 | Ice_Dancing               | 4
 44 | Javelin_Throw             | 4
 45 | Juggling_Balls            | 4
 46 | Jumping_Jack              | 4
 47 | Jump_Rope                 | 4
 48 | Kayaking                  | 4
 49 | Knitting                  | 4
 50 | Long_Jump                 | 4
 51 | Lunges                    | 4
 52 | Military_Parade           | 4
 53 | Mixing                    | 4
 54 | Mopping_Floor             | 4
 55 | Nunchucks                 | 4
 56 | Parallel_Bars             | 4
 57 | Pizza_Tossing             | 4
 58 | Playing_Cello             | 4
 59 | Playing_Daf               | 4
 60 | Playing_Dhol              | 4
 61 | Playing_Flute             | 4
 62 | Playing_Guitar            | 4
 63 | Playing_Piano             | 4
 64 | Playing_Sitar             | 4
 65 | Playing_Tabla             | 4
 66 | Playing_Violin            | 4
 67 | Pole_Vault                | 4
 68 | Pommel_Horse              | 4
 69 | Pull_Ups                  | 4
 70 | Punch                     | 4
 71 | Push_Ups                  | 4
 72 | Rafting                   | 4
 73 | Rock_Climbing_Indoor      | 4
 74 | Rope_Climbing             | 4
 75 | Rowing                    | 4
 76 | Salsa_Spin                | 4
 77 | Shaving_Beard             | 4
 78 | Shotput                   | 4
 79 | Skate_Boarding            | 4
 80 | Skiing                    | 4
 81 | Skijet                    | 4
 82 | Sky_Diving                | 4
 83 | Soccer_Juggling           | 4
 84 | Soccer_Penalty            | 4
 85 | Still_Rings               | 4
 86 | Sumo_Wrestling            | 4
 87 | Surfing                   | 4
 88 | Swing                     | 4
 89 | Table_Tennis_Shot         | 4
 90 | Tai_Chi                   | 4
 91 | Tennis_Swing              | 4
 92 | Throw_Discus              | 4
 93 | Trampoline_Jumping        | 4
 94 | Typing                    | 4
 95 | Uneven_Bars               | 4
 96 | Volleyball_Spiking        | 4
 97 | Walking_With_Dog          | 4
 98 | Wall_Pushups              | 4
 99 | Writing_On_Board          | 4
100 | Yo_Yo                     | 4
===== test =====
num_classes: 101
  0 | Apply_Eye_Makeup          | 44
  1 | Apply_Lipstick            | 32
  2 | Archery                   | 41
  3 | Baby_Crawling             | 35
  4 | Balance_Beam              | 31
  5 | Band_Marching             | 43
  6 | Baseball_Pitch            | 43
  7 | Basketball                | 35
  8 | Basketball_Dunk           | 37
  9 | Bench_Press               | 48
 10 | Biking                    | 38
 11 | Billiards                 | 40
 12 | Blow_Dry_Hair             | 38
 13 | Blowing_Candles           | 33
 14 | Body_Weight_Squats        | 30
 15 | Bowling                   | 43
 16 | Boxing_Punching_Bag       | 49
 17 | Boxing_Speed_Bag          | 37
 18 | Breast_Stroke             | 28
 19 | Brushing_Teeth            | 36
 20 | Clean_And_Jerk            | 33
 21 | Cliff_Diving              | 39
 22 | Cricket_Bowling           | 36
 23 | Cricket_Shot              | 49
 24 | Cutting_In_Kitchen        | 33
 25 | Diving                    | 45
 26 | Drumming                  | 45
 27 | Fencing                   | 34
 28 | Field_Hockey_Penalty      | 40
 29 | Floor_Gymnastics          | 36
 30 | Frisbee_Catch             | 37
 31 | Front_Crawl               | 37
 32 | Golf_Swing                | 39
 33 | Haircut                   | 33
 34 | Hammering                 | 33
 35 | Hammer_Throw              | 45
 36 | Handstand_Pushups         | 28
 37 | Handstand_Walking         | 34
 38 | Head_Massage              | 41
 39 | High_Jump                 | 37
 40 | Horse_Race                | 35
 41 | Horse_Riding              | 49
 42 | Hula_Hoop                 | 34
 43 | Ice_Dancing               | 46
 44 | Javelin_Throw             | 31
 45 | Juggling_Balls            | 40
 46 | Jumping_Jack              | 37
 47 | Jump_Rope                 | 38
 48 | Kayaking                  | 36
 49 | Knitting                  | 34
 50 | Long_Jump                 | 39
 51 | Lunges                    | 37
 52 | Military_Parade           | 33
 53 | Mixing                    | 45
 54 | Mopping_Floor             | 34
 55 | Nunchucks                 | 35
 56 | Parallel_Bars             | 37
 57 | Pizza_Tossing             | 33
 58 | Playing_Cello             | 44
 59 | Playing_Daf               | 41
 60 | Playing_Dhol              | 49
 61 | Playing_Flute             | 48
 62 | Playing_Guitar            | 43
 63 | Playing_Piano             | 28
 64 | Playing_Sitar             | 44
 65 | Playing_Tabla             | 31
 66 | Playing_Violin            | 28
 67 | Pole_Vault                | 40
 68 | Pommel_Horse              | 35
 69 | Pull_Ups                  | 28
 70 | Punch                     | 39
 71 | Push_Ups                  | 30
 72 | Rafting                   | 28
 73 | Rock_Climbing_Indoor      | 41
 74 | Rope_Climbing             | 34
 75 | Rowing                    | 36
 76 | Salsa_Spin                | 43
 77 | Shaving_Beard             | 43
 78 | Shotput                   | 46
 79 | Skate_Boarding            | 32
 80 | Skiing                    | 40
 81 | Skijet                    | 28
 82 | Sky_Diving                | 31
 83 | Soccer_Juggling           | 39
 84 | Soccer_Penalty            | 41
 85 | Still_Rings               | 32
 86 | Sumo_Wrestling            | 34
 87 | Surfing                   | 33
 88 | Swing                     | 42
 89 | Table_Tennis_Shot         | 39
 90 | Tai_Chi                   | 28
 91 | Tennis_Swing              | 49
 92 | Throw_Discus              | 38
 93 | Trampoline_Jumping        | 32
 94 | Typing                    | 43
 95 | Uneven_Bars               | 28
 96 | Volleyball_Spiking        | 35
 97 | Walking_With_Dog          | 36
 98 | Wall_Pushups              | 35
 99 | Writing_On_Board          | 45
100 | Yo_Yo                     | 36
[load_model] 使用本地模型目录：/root/autodl-tmp/BayesVLM/models/clip-vit-b32
[cache] dataset=ucf101 split=id_train cache_dir=/root/autodl-tmp/BayesVLM/cache/image_features/ucf101/model_clip-base/weights__root_autodl-tmp_BayesVLM_models_clip-vit-b32/imgsz_224/tfm_cf4d0ebdf93a/id_train
[cache] manifest 不匹配，准备重建。
[cache] manifest_diff_keys=['num_samples', 'sample_keys_sha256']
[cache]   num_samples: current=202 | expected=404
[cache]   sample_keys_sha256: current=d727b1ae1dd19f71646da6654e96fc6c262031b682d6c99a03ebd74392d713d7 | expected=053be777783d51dd0619fa62bd97a0f9a6113634f9248c23c7983f869cab723d
  0%|          | 0/2 [00:00<?, ?it/s] 50%|#####     | 1/2 [00:01<00:01,  1.21s/it]100%|##########| 2/2 [00:01<00:00,  1.59it/s]
[cache] 已完成重建并写入 manifest。
[cache] dataset=ucf101 split=id_train_eval cache_dir=/root/autodl-tmp/BayesVLM/cache/image_features/ucf101/model_clip-base/weights__root_autodl-tmp_BayesVLM_models_clip-vit-b32/imgsz_224/tfm_cf4d0ebdf93a/id_train_eval
[cache] manifest 不匹配，准备重建。
[cache] manifest_diff_keys=['num_samples', 'sample_keys_sha256']
[cache]   num_samples: current=202 | expected=404
[cache]   sample_keys_sha256: current=d727b1ae1dd19f71646da6654e96fc6c262031b682d6c99a03ebd74392d713d7 | expected=053be777783d51dd0619fa62bd97a0f9a6113634f9248c23c7983f869cab723d
  0%|          | 0/2 [00:00<?, ?it/s] 50%|#####     | 1/2 [00:01<00:01,  1.06s/it]100%|##########| 2/2 [00:01<00:00,  1.80it/s]
[cache] 已完成重建并写入 manifest。
[cache] dataset=ucf101 split=id_val cache_dir=/root/autodl-tmp/BayesVLM/cache/image_features/ucf101/model_clip-base/weights__root_autodl-tmp_BayesVLM_models_clip-vit-b32/imgsz_224/tfm_cf4d0ebdf93a/id_val
[cache] 命中缓存，直接加载。
[cache] dataset=ucf101 split=id_test cache_dir=/root/autodl-tmp/BayesVLM/cache/image_features/ucf101/model_clip-base/weights__root_autodl-tmp_BayesVLM_models_clip-vit-b32/imgsz_224/tfm_cf4d0ebdf93a/id_test
[cache] 命中缓存，直接加载。
[train] starting training loop ...
[eval] adapter_cls=BayesPaperAdapter
[eval] raw_logits_shape=(10, 256, 101)
[eval] reduced_logits_shape=(256, 101)
[Epoch 001] lr=0.099997 train_loss=1.4170 loss_reg=0.0000 val_acc=0.6549 val_nlpd=1.2795 val_ece=0.0944 kl_weight=0.000000 loss_kl_raw=51756.3359
[eval] adapter_cls=BayesPaperAdapter
[eval] raw_logits_shape=(10, 256, 101)
[eval] reduced_logits_shape=(256, 101)
[Epoch 002] lr=0.099989 train_loss=1.3088 loss_reg=0.0000 val_acc=0.6749 val_nlpd=1.1877 val_ece=0.0729 kl_weight=0.000000 loss_kl_raw=52726.6250
[eval] adapter_cls=BayesPaperAdapter
[eval] raw_logits_shape=(10, 256, 101)
[eval] reduced_logits_shape=(256, 101)
[Epoch 003] lr=0.099975 train_loss=1.1481 loss_reg=0.0000 val_acc=0.6865 val_nlpd=1.1140 val_ece=0.0611 kl_weight=0.000000 loss_kl_raw=57038.9297
[eval] adapter_cls=BayesPaperAdapter
[eval] raw_logits_shape=(10, 256, 101)
[eval] reduced_logits_shape=(256, 101)
[Epoch 004] lr=0.099956 train_loss=0.9955 loss_reg=0.0000 val_acc=0.6949 val_nlpd=1.0812 val_ece=0.0555 kl_weight=0.000000 loss_kl_raw=65804.4609
[eval] adapter_cls=BayesPaperAdapter
[eval] raw_logits_shape=(10, 256, 101)
[eval] reduced_logits_shape=(256, 101)
[Epoch 005] lr=0.099931 train_loss=0.8961 loss_reg=0.0000 val_acc=0.6944 val_nlpd=1.0703 val_ece=0.0551 kl_weight=0.000000 loss_kl_raw=78808.8125
[eval] adapter_cls=BayesPaperAdapter
[eval] raw_logits_shape=(10, 256, 101)
[eval] reduced_logits_shape=(256, 101)
[Epoch 006] lr=0.099901 train_loss=0.8052 loss_reg=0.0000 val_acc=0.6944 val_nlpd=1.0593 val_ece=0.0578 kl_weight=0.000000 loss_kl_raw=94480.8828
[eval] adapter_cls=BayesPaperAdapter
[eval] raw_logits_shape=(10, 256, 101)
[eval] reduced_logits_shape=(256, 101)
[Epoch 007] lr=0.099866 train_loss=0.7350 loss_reg=0.0000 val_acc=0.7034 val_nlpd=1.0369 val_ece=0.0521 kl_weight=0.000000 loss_kl_raw=111370.3984
[eval] adapter_cls=BayesPaperAdapter
[eval] raw_logits_shape=(10, 256, 101)
[eval] reduced_logits_shape=(256, 101)
[Epoch 008] lr=0.099825 train_loss=0.6638 loss_reg=0.0001 val_acc=0.7176 val_nlpd=1.0032 val_ece=0.0419 kl_weight=0.000000 loss_kl_raw=129361.1484
[eval] adapter_cls=BayesPaperAdapter
[eval] raw_logits_shape=(10, 256, 101)
[eval] reduced_logits_shape=(256, 101)
[Epoch 009] lr=0.099778 train_loss=0.5862 loss_reg=0.0001 val_acc=0.7276 val_nlpd=0.9654 val_ece=0.0392 kl_weight=0.000000 loss_kl_raw=147634.9375
[eval] adapter_cls=BayesPaperAdapter
[eval] raw_logits_shape=(10, 256, 101)
[eval] reduced_logits_shape=(256, 101)
[Epoch 010] lr=0.099726 train_loss=0.5100 loss_reg=0.0001 val_acc=0.7376 val_nlpd=0.9267 val_ece=0.0269 kl_weight=0.000000 loss_kl_raw=166451.4062
[eval] adapter_cls=BayesPaperAdapter
[eval] raw_logits_shape=(10, 256, 101)
[eval] reduced_logits_shape=(256, 101)
[Epoch 011] lr=0.099669 train_loss=0.4458 loss_reg=0.0001 val_acc=0.7408 val_nlpd=0.8977 val_ece=0.0302 kl_weight=0.000000 loss_kl_raw=185930.8750
[eval] adapter_cls=BayesPaperAdapter
[eval] raw_logits_shape=(10, 256, 101)
[eval] reduced_logits_shape=(256, 101)
[Epoch 012] lr=0.099606 train_loss=0.3928 loss_reg=0.0001 val_acc=0.7503 val_nlpd=0.8724 val_ece=0.0251 kl_weight=0.000000 loss_kl_raw=206651.5469
[eval] adapter_cls=BayesPaperAdapter
[eval] raw_logits_shape=(10, 256, 101)
[eval] reduced_logits_shape=(256, 101)
[Epoch 013] lr=0.099537 train_loss=0.3477 loss_reg=0.0002 val_acc=0.7561 val_nlpd=0.8539 val_ece=0.0262 kl_weight=0.000000 loss_kl_raw=228024.6250
[eval] adapter_cls=BayesPaperAdapter
[eval] raw_logits_shape=(10, 256, 101)
[eval] reduced_logits_shape=(256, 101)
[Epoch 014] lr=0.099464 train_loss=0.3068 loss_reg=0.0002 val_acc=0.7566 val_nlpd=0.8370 val_ece=0.0232 kl_weight=0.000000 loss_kl_raw=250158.5312
[eval] adapter_cls=BayesPaperAdapter
[eval] raw_logits_shape=(10, 256, 101)
[eval] reduced_logits_shape=(256, 101)
[Epoch 015] lr=0.099384 train_loss=0.2695 loss_reg=0.0002 val_acc=0.7608 val_nlpd=0.8255 val_ece=0.0213 kl_weight=0.000000 loss_kl_raw=272640.3750
[eval] adapter_cls=BayesPaperAdapter
[eval] raw_logits_shape=(10, 256, 101)
[eval] reduced_logits_shape=(256, 101)
[Epoch 016] lr=0.099300 train_loss=0.2420 loss_reg=0.0003 val_acc=0.7613 val_nlpd=0.8175 val_ece=0.0247 kl_weight=0.000000 loss_kl_raw=295545.5000
[eval] adapter_cls=BayesPaperAdapter
[eval] raw_logits_shape=(10, 256, 101)
[eval] reduced_logits_shape=(256, 101)
[Epoch 017] lr=0.099210 train_loss=0.2147 loss_reg=0.0003 val_acc=0.7645 val_nlpd=0.8129 val_ece=0.0260 kl_weight=0.000000 loss_kl_raw=318370.1562
[eval] adapter_cls=BayesPaperAdapter
[eval] raw_logits_shape=(10, 256, 101)
[eval] reduced_logits_shape=(256, 101)
[Epoch 018] lr=0.099114 train_loss=0.1907 loss_reg=0.0004 val_acc=0.7666 val_nlpd=0.8106 val_ece=0.0239 kl_weight=0.000000 loss_kl_raw=340740.0938
[eval] adapter_cls=BayesPaperAdapter
[eval] raw_logits_shape=(10, 256, 101)
[eval] reduced_logits_shape=(256, 101)
[Epoch 019] lr=0.099014 train_loss=0.1687 loss_reg=0.0004 val_acc=0.7682 val_nlpd=0.8078 val_ece=0.0273 kl_weight=0.000000 loss_kl_raw=362724.3125
[eval] adapter_cls=BayesPaperAdapter
[eval] raw_logits_shape=(10, 256, 101)
[eval] reduced_logits_shape=(256, 101)
[Epoch 020] lr=0.098907 train_loss=0.1528 loss_reg=0.0005 val_acc=0.7698 val_nlpd=0.8098 val_ece=0.0270 kl_weight=0.000000 loss_kl_raw=384077.7500
[eval] adapter_cls=BayesPaperAdapter
[eval] raw_logits_shape=(10, 256, 101)
[eval] reduced_logits_shape=(256, 101)
[Epoch 021] lr=0.098796 train_loss=0.1379 loss_reg=0.0005 val_acc=0.7698 val_nlpd=0.8088 val_ece=0.0282 kl_weight=0.000000 loss_kl_raw=404916.7500
[eval] adapter_cls=BayesPaperAdapter
[eval] raw_logits_shape=(10, 256, 101)
[eval] reduced_logits_shape=(256, 101)
[Epoch 022] lr=0.098679 train_loss=0.1287 loss_reg=0.0006 val_acc=0.7719 val_nlpd=0.8035 val_ece=0.0283 kl_weight=0.000000 loss_kl_raw=425075.7188
[eval] adapter_cls=BayesPaperAdapter
[eval] raw_logits_shape=(10, 256, 101)
[eval] reduced_logits_shape=(256, 101)
[Epoch 023] lr=0.098557 train_loss=0.1166 loss_reg=0.0006 val_acc=0.7740 val_nlpd=0.8009 val_ece=0.0272 kl_weight=0.000000 loss_kl_raw=443927.6875
[eval] adapter_cls=BayesPaperAdapter
[eval] raw_logits_shape=(10, 256, 101)
[eval] reduced_logits_shape=(256, 101)
[Epoch 024] lr=0.098429 train_loss=0.1078 loss_reg=0.0007 val_acc=0.7724 val_nlpd=0.7950 val_ece=0.0292 kl_weight=0.000000 loss_kl_raw=461681.3125
[eval] adapter_cls=BayesPaperAdapter
[eval] raw_logits_shape=(10, 256, 101)
[eval] reduced_logits_shape=(256, 101)
[Epoch 025] lr=0.098296 train_loss=0.0997 loss_reg=0.0007 val_acc=0.7782 val_nlpd=0.7877 val_ece=0.0327 kl_weight=0.000000 loss_kl_raw=478689.9688
[eval] adapter_cls=BayesPaperAdapter
[eval] raw_logits_shape=(10, 256, 101)
[eval] reduced_logits_shape=(256, 101)
[Epoch 026] lr=0.098158 train_loss=0.0928 loss_reg=0.0008 val_acc=0.7787 val_nlpd=0.7831 val_ece=0.0260 kl_weight=0.000000 loss_kl_raw=494532.2812
[eval] adapter_cls=BayesPaperAdapter
[eval] raw_logits_shape=(10, 256, 101)
[eval] reduced_logits_shape=(256, 101)
[Epoch 027] lr=0.098015 train_loss=0.0869 loss_reg=0.0008 val_acc=0.7808 val_nlpd=0.7766 val_ece=0.0264 kl_weight=0.000000 loss_kl_raw=509342.8750
[eval] adapter_cls=BayesPaperAdapter
[eval] raw_logits_shape=(10, 256, 101)
[eval] reduced_logits_shape=(256, 101)
[Epoch 028] lr=0.097866 train_loss=0.0819 loss_reg=0.0009 val_acc=0.7861 val_nlpd=0.7743 val_ece=0.0271 kl_weight=0.000000 loss_kl_raw=523105.6250
[eval] adapter_cls=BayesPaperAdapter
[eval] raw_logits_shape=(10, 256, 101)
[eval] reduced_logits_shape=(256, 101)
[Epoch 029] lr=0.097712 train_loss=0.0770 loss_reg=0.0010 val_acc=0.7882 val_nlpd=0.7676 val_ece=0.0258 kl_weight=0.000000 loss_kl_raw=535989.3750
[eval] adapter_cls=BayesPaperAdapter
[eval] raw_logits_shape=(10, 256, 101)
[eval] reduced_logits_shape=(256, 101)
[Epoch 030] lr=0.097553 train_loss=0.0737 loss_reg=0.0010 val_acc=0.7908 val_nlpd=0.7650 val_ece=0.0237 kl_weight=0.000000 loss_kl_raw=548184.4375
[eval] adapter_cls=BayesPaperAdapter
[eval] raw_logits_shape=(10, 256, 101)
[eval] reduced_logits_shape=(256, 101)
[Epoch 031] lr=0.097388 train_loss=0.0707 loss_reg=0.0011 val_acc=0.7908 val_nlpd=0.7648 val_ece=0.0186 kl_weight=0.000000 loss_kl_raw=559548.6875
[eval] adapter_cls=BayesPaperAdapter
[eval] raw_logits_shape=(10, 256, 101)
[eval] reduced_logits_shape=(256, 101)
[Epoch 032] lr=0.097219 train_loss=0.0672 loss_reg=0.0011 val_acc=0.7887 val_nlpd=0.7612 val_ece=0.0220 kl_weight=0.000000 loss_kl_raw=570302.3750
[eval] adapter_cls=BayesPaperAdapter
[eval] raw_logits_shape=(10, 256, 101)
[eval] reduced_logits_shape=(256, 101)
[Epoch 033] lr=0.097044 train_loss=0.0655 loss_reg=0.0012 val_acc=0.7919 val_nlpd=0.7588 val_ece=0.0210 kl_weight=0.000000 loss_kl_raw=580553.0625
[eval] adapter_cls=BayesPaperAdapter
[eval] raw_logits_shape=(10, 256, 101)
[eval] reduced_logits_shape=(256, 101)
[Epoch 034] lr=0.096864 train_loss=0.0628 loss_reg=0.0012 val_acc=0.7919 val_nlpd=0.7579 val_ece=0.0211 kl_weight=0.000000 loss_kl_raw=590296.8125
[eval] adapter_cls=BayesPaperAdapter
[eval] raw_logits_shape=(10, 256, 101)
[eval] reduced_logits_shape=(256, 101)
[Epoch 035] lr=0.096679 train_loss=0.0608 loss_reg=0.0013 val_acc=0.7908 val_nlpd=0.7575 val_ece=0.0247 kl_weight=0.000000 loss_kl_raw=599533.9375
[eval] adapter_cls=BayesPaperAdapter
[eval] raw_logits_shape=(10, 256, 101)
[eval] reduced_logits_shape=(256, 101)
[Epoch 036] lr=0.096489 train_loss=0.0589 loss_reg=0.0014 val_acc=0.7924 val_nlpd=0.7566 val_ece=0.0209 kl_weight=0.000000 loss_kl_raw=608289.1875
[eval] adapter_cls=BayesPaperAdapter
[eval] raw_logits_shape=(10, 256, 101)
[eval] reduced_logits_shape=(256, 101)
[Epoch 037] lr=0.096294 train_loss=0.0571 loss_reg=0.0014 val_acc=0.7903 val_nlpd=0.7582 val_ece=0.0255 kl_weight=0.000000 loss_kl_raw=616573.8125
[eval] adapter_cls=BayesPaperAdapter
[eval] raw_logits_shape=(10, 256, 101)
[eval] reduced_logits_shape=(256, 101)
[Epoch 038] lr=0.096093 train_loss=0.0561 loss_reg=0.0015 val_acc=0.7903 val_nlpd=0.7532 val_ece=0.0274 kl_weight=0.000000 loss_kl_raw=624559.8125
[eval] adapter_cls=BayesPaperAdapter
[eval] raw_logits_shape=(10, 256, 101)
[eval] reduced_logits_shape=(256, 101)
[Epoch 039] lr=0.095888 train_loss=0.0546 loss_reg=0.0015 val_acc=0.7935 val_nlpd=0.7539 val_ece=0.0234 kl_weight=0.000000 loss_kl_raw=632082.1875
[eval] adapter_cls=BayesPaperAdapter
[eval] raw_logits_shape=(10, 256, 101)
[eval] reduced_logits_shape=(256, 101)
[Epoch 040] lr=0.095677 train_loss=0.0533 loss_reg=0.0016 val_acc=0.7940 val_nlpd=0.7504 val_ece=0.0246 kl_weight=0.000000 loss_kl_raw=639304.3750
[eval] adapter_cls=BayesPaperAdapter
[eval] raw_logits_shape=(10, 256, 101)
[eval] reduced_logits_shape=(256, 101)
[Epoch 041] lr=0.095462 train_loss=0.0516 loss_reg=0.0017 val_acc=0.7940 val_nlpd=0.7519 val_ece=0.0228 kl_weight=0.000000 loss_kl_raw=646333.2500
[eval] adapter_cls=BayesPaperAdapter
[eval] raw_logits_shape=(10, 256, 101)
[eval] reduced_logits_shape=(256, 101)
[Epoch 042] lr=0.095241 train_loss=0.0507 loss_reg=0.0017 val_acc=0.7945 val_nlpd=0.7510 val_ece=0.0233 kl_weight=0.000000 loss_kl_raw=653049.0625
[eval] adapter_cls=BayesPaperAdapter
[eval] raw_logits_shape=(10, 256, 101)
[eval] reduced_logits_shape=(256, 101)
[Epoch 043] lr=0.095016 train_loss=0.0497 loss_reg=0.0018 val_acc=0.7966 val_nlpd=0.7477 val_ece=0.0253 kl_weight=0.000000 loss_kl_raw=659570.3750
[eval] adapter_cls=BayesPaperAdapter
[eval] raw_logits_shape=(10, 256, 101)
[eval] reduced_logits_shape=(256, 101)
[Epoch 044] lr=0.094786 train_loss=0.0487 loss_reg=0.0018 val_acc=0.7961 val_nlpd=0.7478 val_ece=0.0238 kl_weight=0.000000 loss_kl_raw=665875.2500
[eval] adapter_cls=BayesPaperAdapter
[eval] raw_logits_shape=(10, 256, 101)
[eval] reduced_logits_shape=(256, 101)
[Epoch 045] lr=0.094550 train_loss=0.0474 loss_reg=0.0019 val_acc=0.7940 val_nlpd=0.7481 val_ece=0.0248 kl_weight=0.000000 loss_kl_raw=671981.5000
[eval] adapter_cls=BayesPaperAdapter
[eval] raw_logits_shape=(10, 256, 101)
[eval] reduced_logits_shape=(256, 101)
[Epoch 046] lr=0.094310 train_loss=0.0466 loss_reg=0.0020 val_acc=0.7940 val_nlpd=0.7457 val_ece=0.0299 kl_weight=0.000000 loss_kl_raw=677916.3750
[eval] adapter_cls=BayesPaperAdapter
[eval] raw_logits_shape=(10, 256, 101)
[eval] reduced_logits_shape=(256, 101)
[Epoch 047] lr=0.094065 train_loss=0.0458 loss_reg=0.0020 val_acc=0.7924 val_nlpd=0.7462 val_ece=0.0268 kl_weight=0.000000 loss_kl_raw=683636.1250
[eval] adapter_cls=BayesPaperAdapter
[eval] raw_logits_shape=(10, 256, 101)
[eval] reduced_logits_shape=(256, 101)
[Epoch 048] lr=0.093815 train_loss=0.0453 loss_reg=0.0021 val_acc=0.7956 val_nlpd=0.7441 val_ece=0.0233 kl_weight=0.000000 loss_kl_raw=689194.5000
[eval] adapter_cls=BayesPaperAdapter
[eval] raw_logits_shape=(10, 256, 101)
[eval] reduced_logits_shape=(256, 101)
[Epoch 049] lr=0.093561 train_loss=0.0444 loss_reg=0.0021 val_acc=0.7940 val_nlpd=0.7436 val_ece=0.0258 kl_weight=0.000000 loss_kl_raw=694705.5000
[eval] adapter_cls=BayesPaperAdapter
[eval] raw_logits_shape=(10, 256, 101)
[eval] reduced_logits_shape=(256, 101)
[Epoch 050] lr=0.093301 train_loss=0.0437 loss_reg=0.0022 val_acc=0.7950 val_nlpd=0.7435 val_ece=0.0258 kl_weight=0.000000 loss_kl_raw=700123.1875
[eval] adapter_cls=BayesPaperAdapter
[eval] raw_logits_shape=(10, 256, 101)
[eval] reduced_logits_shape=(256, 101)
[Epoch 051] lr=0.093037 train_loss=0.0430 loss_reg=0.0023 val_acc=0.7966 val_nlpd=0.7445 val_ece=0.0269 kl_weight=0.000000 loss_kl_raw=705337.0625
[eval] adapter_cls=BayesPaperAdapter
[eval] raw_logits_shape=(10, 256, 101)
[eval] reduced_logits_shape=(256, 101)
[Epoch 052] lr=0.092768 train_loss=0.0424 loss_reg=0.0023 val_acc=0.7945 val_nlpd=0.7444 val_ece=0.0263 kl_weight=0.000000 loss_kl_raw=710510.0000
[eval] adapter_cls=BayesPaperAdapter
[eval] raw_logits_shape=(10, 256, 101)
[eval] reduced_logits_shape=(256, 101)
[Epoch 053] lr=0.092495 train_loss=0.0419 loss_reg=0.0024 val_acc=0.7950 val_nlpd=0.7410 val_ece=0.0272 kl_weight=0.000000 loss_kl_raw=715594.7500
[eval] adapter_cls=BayesPaperAdapter
[eval] raw_logits_shape=(10, 256, 101)
[eval] reduced_logits_shape=(256, 101)
[Epoch 054] lr=0.092216 train_loss=0.0410 loss_reg=0.0025 val_acc=0.7966 val_nlpd=0.7406 val_ece=0.0251 kl_weight=0.000000 loss_kl_raw=720570.2500
[eval] adapter_cls=BayesPaperAdapter
[eval] raw_logits_shape=(10, 256, 101)
[eval] reduced_logits_shape=(256, 101)
[Epoch 055] lr=0.091934 train_loss=0.0408 loss_reg=0.0025 val_acc=0.7961 val_nlpd=0.7409 val_ece=0.0264 kl_weight=0.000000 loss_kl_raw=725481.5625
[eval] adapter_cls=BayesPaperAdapter
[eval] raw_logits_shape=(10, 256, 101)
[eval] reduced_logits_shape=(256, 101)
[Epoch 056] lr=0.091646 train_loss=0.0403 loss_reg=0.0026 val_acc=0.7945 val_nlpd=0.7397 val_ece=0.0280 kl_weight=0.000000 loss_kl_raw=730315.4375
[eval] adapter_cls=BayesPaperAdapter
[eval] raw_logits_shape=(10, 256, 101)
[eval] reduced_logits_shape=(256, 101)
[Epoch 057] lr=0.091354 train_loss=0.0398 loss_reg=0.0026 val_acc=0.7956 val_nlpd=0.7428 val_ece=0.0266 kl_weight=0.000000 loss_kl_raw=735017.4375
[eval] adapter_cls=BayesPaperAdapter
[eval] raw_logits_shape=(10, 256, 101)
[eval] reduced_logits_shape=(256, 101)
[Epoch 058] lr=0.091057 train_loss=0.0390 loss_reg=0.0027 val_acc=0.7956 val_nlpd=0.7415 val_ece=0.0300 kl_weight=0.000000 loss_kl_raw=739591.8125
[eval] adapter_cls=BayesPaperAdapter
[eval] raw_logits_shape=(10, 256, 101)
[eval] reduced_logits_shape=(256, 101)
[Epoch 059] lr=0.090756 train_loss=0.0388 loss_reg=0.0028 val_acc=0.7956 val_nlpd=0.7399 val_ece=0.0273 kl_weight=0.000000 loss_kl_raw=744134.3125
[eval] adapter_cls=BayesPaperAdapter
[eval] raw_logits_shape=(10, 256, 101)
[eval] reduced_logits_shape=(256, 101)
[Epoch 060] lr=0.090451 train_loss=0.0380 loss_reg=0.0028 val_acc=0.7945 val_nlpd=0.7389 val_ece=0.0288 kl_weight=0.000000 loss_kl_raw=748518.5625
[eval] adapter_cls=BayesPaperAdapter
[eval] raw_logits_shape=(10, 256, 101)
[eval] reduced_logits_shape=(256, 101)
[Epoch 061] lr=0.090141 train_loss=0.0378 loss_reg=0.0029 val_acc=0.7940 val_nlpd=0.7411 val_ece=0.0299 kl_weight=0.000000 loss_kl_raw=752818.8750
[eval] adapter_cls=BayesPaperAdapter
[eval] raw_logits_shape=(10, 256, 101)
[eval] reduced_logits_shape=(256, 101)
[Epoch 062] lr=0.089826 train_loss=0.0377 loss_reg=0.0030 val_acc=0.7956 val_nlpd=0.7383 val_ece=0.0282 kl_weight=0.000000 loss_kl_raw=757030.1875
[eval] adapter_cls=BayesPaperAdapter
[eval] raw_logits_shape=(10, 256, 101)
[eval] reduced_logits_shape=(256, 101)
[Epoch 063] lr=0.089508 train_loss=0.0370 loss_reg=0.0030 val_acc=0.7950 val_nlpd=0.7396 val_ece=0.0287 kl_weight=0.000000 loss_kl_raw=761165.1875
[eval] adapter_cls=BayesPaperAdapter
[eval] raw_logits_shape=(10, 256, 101)
[eval] reduced_logits_shape=(256, 101)
[Epoch 064] lr=0.089185 train_loss=0.0367 loss_reg=0.0031 val_acc=0.7966 val_nlpd=0.7395 val_ece=0.0282 kl_weight=0.000000 loss_kl_raw=765271.8125
[eval] adapter_cls=BayesPaperAdapter
[eval] raw_logits_shape=(10, 256, 101)
[eval] reduced_logits_shape=(256, 101)
[Epoch 065] lr=0.088857 train_loss=0.0364 loss_reg=0.0032 val_acc=0.7945 val_nlpd=0.7373 val_ece=0.0309 kl_weight=0.000000 loss_kl_raw=769284.1875
[eval] adapter_cls=BayesPaperAdapter
[eval] raw_logits_shape=(10, 256, 101)
[eval] reduced_logits_shape=(256, 101)
[Epoch 066] lr=0.088526 train_loss=0.0361 loss_reg=0.0032 val_acc=0.7982 val_nlpd=0.7355 val_ece=0.0262 kl_weight=0.000000 loss_kl_raw=773207.0000
[eval] adapter_cls=BayesPaperAdapter
[eval] raw_logits_shape=(10, 256, 101)
[eval] reduced_logits_shape=(256, 101)
[Epoch 067] lr=0.088190 train_loss=0.0355 loss_reg=0.0033 val_acc=0.7945 val_nlpd=0.7393 val_ece=0.0303 kl_weight=0.000000 loss_kl_raw=777095.3125
[eval] adapter_cls=BayesPaperAdapter
[eval] raw_logits_shape=(10, 256, 101)
[eval] reduced_logits_shape=(256, 101)
[Epoch 068] lr=0.087850 train_loss=0.0352 loss_reg=0.0034 val_acc=0.7966 val_nlpd=0.7364 val_ece=0.0284 kl_weight=0.000000 loss_kl_raw=780861.3125
[eval] adapter_cls=BayesPaperAdapter
[eval] raw_logits_shape=(10, 256, 101)
[eval] reduced_logits_shape=(256, 101)
[Epoch 069] lr=0.087506 train_loss=0.0351 loss_reg=0.0034 val_acc=0.7950 val_nlpd=0.7357 val_ece=0.0303 kl_weight=0.000000 loss_kl_raw=784580.2500
[eval] adapter_cls=BayesPaperAdapter
[eval] raw_logits_shape=(10, 256, 101)
[eval] reduced_logits_shape=(256, 101)
[Epoch 070] lr=0.087157 train_loss=0.0351 loss_reg=0.0035 val_acc=0.7977 val_nlpd=0.7363 val_ece=0.0279 kl_weight=0.000000 loss_kl_raw=788220.7500
[eval] adapter_cls=BayesPaperAdapter
[eval] raw_logits_shape=(10, 256, 101)
[eval] reduced_logits_shape=(256, 101)
[Epoch 071] lr=0.086805 train_loss=0.0345 loss_reg=0.0036 val_acc=0.7977 val_nlpd=0.7362 val_ece=0.0281 kl_weight=0.000000 loss_kl_raw=791824.2500
[eval] adapter_cls=BayesPaperAdapter
[eval] raw_logits_shape=(10, 256, 101)
[eval] reduced_logits_shape=(256, 101)
[Epoch 072] lr=0.086448 train_loss=0.0344 loss_reg=0.0036 val_acc=0.7956 val_nlpd=0.7356 val_ece=0.0306 kl_weight=0.000000 loss_kl_raw=795364.4375
[eval] adapter_cls=BayesPaperAdapter
[eval] raw_logits_shape=(10, 256, 101)
[eval] reduced_logits_shape=(256, 101)
[Epoch 073] lr=0.086088 train_loss=0.0338 loss_reg=0.0037 val_acc=0.7956 val_nlpd=0.7356 val_ece=0.0306 kl_weight=0.000000 loss_kl_raw=798856.0625
[eval] adapter_cls=BayesPaperAdapter
[eval] raw_logits_shape=(10, 256, 101)
[eval] reduced_logits_shape=(256, 101)
[Epoch 074] lr=0.085724 train_loss=0.0337 loss_reg=0.0038 val_acc=0.7956 val_nlpd=0.7337 val_ece=0.0306 kl_weight=0.000000 loss_kl_raw=802267.0625
[eval] adapter_cls=BayesPaperAdapter
[eval] raw_logits_shape=(10, 256, 101)
[eval] reduced_logits_shape=(256, 101)
[Epoch 075] lr=0.085355 train_loss=0.0337 loss_reg=0.0038 val_acc=0.7961 val_nlpd=0.7337 val_ece=0.0305 kl_weight=0.000000 loss_kl_raw=805670.8750
[eval] adapter_cls=BayesPaperAdapter
[eval] raw_logits_shape=(10, 256, 101)
[eval] reduced_logits_shape=(256, 101)
[Epoch 076] lr=0.084983 train_loss=0.0334 loss_reg=0.0039 val_acc=0.7961 val_nlpd=0.7333 val_ece=0.0310 kl_weight=0.000000 loss_kl_raw=809057.0000
[eval] adapter_cls=BayesPaperAdapter
[eval] raw_logits_shape=(10, 256, 101)
[eval] reduced_logits_shape=(256, 101)
[Epoch 077] lr=0.084607 train_loss=0.0331 loss_reg=0.0040 val_acc=0.7961 val_nlpd=0.7327 val_ece=0.0309 kl_weight=0.000000 loss_kl_raw=812356.0625
[eval] adapter_cls=BayesPaperAdapter
[eval] raw_logits_shape=(10, 256, 101)
[eval] reduced_logits_shape=(256, 101)
[Epoch 078] lr=0.084227 train_loss=0.0329 loss_reg=0.0040 val_acc=0.7977 val_nlpd=0.7321 val_ece=0.0294 kl_weight=0.000000 loss_kl_raw=815642.0625
[eval] adapter_cls=BayesPaperAdapter
[eval] raw_logits_shape=(10, 256, 101)
[eval] reduced_logits_shape=(256, 101)
[Epoch 079] lr=0.083844 train_loss=0.0323 loss_reg=0.0041 val_acc=0.7966 val_nlpd=0.7336 val_ece=0.0306 kl_weight=0.000000 loss_kl_raw=818889.7500
[eval] adapter_cls=BayesPaperAdapter
[eval] raw_logits_shape=(10, 256, 101)
[eval] reduced_logits_shape=(256, 101)
[Epoch 080] lr=0.083457 train_loss=0.0324 loss_reg=0.0042 val_acc=0.7966 val_nlpd=0.7323 val_ece=0.0310 kl_weight=0.000000 loss_kl_raw=822075.5625
[eval] adapter_cls=BayesPaperAdapter
[eval] raw_logits_shape=(10, 256, 101)
[eval] reduced_logits_shape=(256, 101)
[Epoch 081] lr=0.083066 train_loss=0.0321 loss_reg=0.0043 val_acc=0.7972 val_nlpd=0.7335 val_ece=0.0305 kl_weight=0.000000 loss_kl_raw=825171.7500
[eval] adapter_cls=BayesPaperAdapter
[eval] raw_logits_shape=(10, 256, 101)
[eval] reduced_logits_shape=(256, 101)
[Epoch 082] lr=0.082671 train_loss=0.0321 loss_reg=0.0043 val_acc=0.7956 val_nlpd=0.7324 val_ece=0.0321 kl_weight=0.000000 loss_kl_raw=828215.5000
[eval] adapter_cls=BayesPaperAdapter
[eval] raw_logits_shape=(10, 256, 101)
[eval] reduced_logits_shape=(256, 101)
[Epoch 083] lr=0.082273 train_loss=0.0318 loss_reg=0.0044 val_acc=0.7972 val_nlpd=0.7333 val_ece=0.0308 kl_weight=0.000000 loss_kl_raw=831192.0000
[eval] adapter_cls=BayesPaperAdapter
[eval] raw_logits_shape=(10, 256, 101)
[eval] reduced_logits_shape=(256, 101)
[Epoch 084] lr=0.081871 train_loss=0.0316 loss_reg=0.0045 val_acc=0.7956 val_nlpd=0.7340 val_ece=0.0328 kl_weight=0.000000 loss_kl_raw=834150.5625
[eval] adapter_cls=BayesPaperAdapter
[eval] raw_logits_shape=(10, 256, 101)
[eval] reduced_logits_shape=(256, 101)
[Epoch 085] lr=0.081466 train_loss=0.0315 loss_reg=0.0045 val_acc=0.7961 val_nlpd=0.7316 val_ece=0.0320 kl_weight=0.000000 loss_kl_raw=837062.6875
[eval] adapter_cls=BayesPaperAdapter
[eval] raw_logits_shape=(10, 256, 101)
[eval] reduced_logits_shape=(256, 101)
[Epoch 086] lr=0.081057 train_loss=0.0313 loss_reg=0.0046 val_acc=0.7956 val_nlpd=0.7339 val_ece=0.0328 kl_weight=0.000000 loss_kl_raw=839914.1875
[eval] adapter_cls=BayesPaperAdapter
[eval] raw_logits_shape=(10, 256, 101)
[eval] reduced_logits_shape=(256, 101)
[Epoch 087] lr=0.080645 train_loss=0.0312 loss_reg=0.0047 val_acc=0.7961 val_nlpd=0.7316 val_ece=0.0330 kl_weight=0.000000 loss_kl_raw=842762.6250
[eval] adapter_cls=BayesPaperAdapter
[eval] raw_logits_shape=(10, 256, 101)
[eval] reduced_logits_shape=(256, 101)
[Epoch 088] lr=0.080230 train_loss=0.0309 loss_reg=0.0047 val_acc=0.7972 val_nlpd=0.7304 val_ece=0.0318 kl_weight=0.000000 loss_kl_raw=845567.6875
[eval] adapter_cls=BayesPaperAdapter
[eval] raw_logits_shape=(10, 256, 101)
[eval] reduced_logits_shape=(256, 101)
[Epoch 089] lr=0.079811 train_loss=0.0310 loss_reg=0.0048 val_acc=0.7966 val_nlpd=0.7334 val_ece=0.0324 kl_weight=0.000000 loss_kl_raw=848342.5000
[eval] adapter_cls=BayesPaperAdapter
[eval] raw_logits_shape=(10, 256, 101)
[eval] reduced_logits_shape=(256, 101)
[Epoch 090] lr=0.079389 train_loss=0.0308 loss_reg=0.0049 val_acc=0.7977 val_nlpd=0.7290 val_ece=0.0319 kl_weight=0.000000 loss_kl_raw=851061.3125
[eval] adapter_cls=BayesPaperAdapter
[eval] raw_logits_shape=(10, 256, 101)
[eval] reduced_logits_shape=(256, 101)
[Epoch 091] lr=0.078964 train_loss=0.0307 loss_reg=0.0049 val_acc=0.7987 val_nlpd=0.7306 val_ece=0.0312 kl_weight=0.000000 loss_kl_raw=853721.9375
[eval] adapter_cls=BayesPaperAdapter
[eval] raw_logits_shape=(10, 256, 101)
[eval] reduced_logits_shape=(256, 101)
[Epoch 092] lr=0.078536 train_loss=0.0305 loss_reg=0.0050 val_acc=0.7966 val_nlpd=0.7298 val_ece=0.0330 kl_weight=0.000000 loss_kl_raw=856356.8125
[eval] adapter_cls=BayesPaperAdapter
[eval] raw_logits_shape=(10, 256, 101)
[eval] reduced_logits_shape=(256, 101)
[Epoch 093] lr=0.078104 train_loss=0.0304 loss_reg=0.0051 val_acc=0.7977 val_nlpd=0.7303 val_ece=0.0325 kl_weight=0.000000 loss_kl_raw=858955.9375
[eval] adapter_cls=BayesPaperAdapter
[eval] raw_logits_shape=(10, 256, 101)
[eval] reduced_logits_shape=(256, 101)
[Epoch 094] lr=0.077670 train_loss=0.0301 loss_reg=0.0052 val_acc=0.7987 val_nlpd=0.7307 val_ece=0.0315 kl_weight=0.000000 loss_kl_raw=861511.3125
[eval] adapter_cls=BayesPaperAdapter
[eval] raw_logits_shape=(10, 256, 101)
[eval] reduced_logits_shape=(256, 101)
[Epoch 095] lr=0.077232 train_loss=0.0303 loss_reg=0.0052 val_acc=0.7966 val_nlpd=0.7310 val_ece=0.0333 kl_weight=0.000000 loss_kl_raw=864053.1250
[eval] adapter_cls=BayesPaperAdapter
[eval] raw_logits_shape=(10, 256, 101)
[eval] reduced_logits_shape=(256, 101)
[Epoch 096] lr=0.076791 train_loss=0.0301 loss_reg=0.0053 val_acc=0.7972 val_nlpd=0.7297 val_ece=0.0328 kl_weight=0.000000 loss_kl_raw=866587.8125
[eval] adapter_cls=BayesPaperAdapter
[eval] raw_logits_shape=(10, 256, 101)
[eval] reduced_logits_shape=(256, 101)
[Epoch 097] lr=0.076348 train_loss=0.0300 loss_reg=0.0054 val_acc=0.7982 val_nlpd=0.7299 val_ece=0.0329 kl_weight=0.000000 loss_kl_raw=869055.1250
[eval] adapter_cls=BayesPaperAdapter
[eval] raw_logits_shape=(10, 256, 101)
[eval] reduced_logits_shape=(256, 101)
[Epoch 098] lr=0.075901 train_loss=0.0297 loss_reg=0.0054 val_acc=0.7966 val_nlpd=0.7285 val_ece=0.0340 kl_weight=0.000000 loss_kl_raw=871519.8750
[eval] adapter_cls=BayesPaperAdapter
[eval] raw_logits_shape=(10, 256, 101)
[eval] reduced_logits_shape=(256, 101)
[Epoch 099] lr=0.075452 train_loss=0.0297 loss_reg=0.0055 val_acc=0.7977 val_nlpd=0.7308 val_ece=0.0329 kl_weight=0.000000 loss_kl_raw=873903.5625
[eval] adapter_cls=BayesPaperAdapter
[eval] raw_logits_shape=(10, 256, 101)
[eval] reduced_logits_shape=(256, 101)
[Epoch 100] lr=0.075000 train_loss=0.0298 loss_reg=0.0056 val_acc=0.7977 val_nlpd=0.7304 val_ece=0.0327 kl_weight=0.000000 loss_kl_raw=876276.3125
[eval] adapter_cls=BayesPaperAdapter
[eval] raw_logits_shape=(10, 256, 101)
[eval] reduced_logits_shape=(256, 101)
[Epoch 101] lr=0.074545 train_loss=0.0294 loss_reg=0.0057 val_acc=0.7977 val_nlpd=0.7305 val_ece=0.0329 kl_weight=0.000000 loss_kl_raw=878644.8750
[eval] adapter_cls=BayesPaperAdapter
[eval] raw_logits_shape=(10, 256, 101)
[eval] reduced_logits_shape=(256, 101)
[Epoch 102] lr=0.074088 train_loss=0.0294 loss_reg=0.0057 val_acc=0.7972 val_nlpd=0.7285 val_ece=0.0334 kl_weight=0.000000 loss_kl_raw=880959.0625
[eval] adapter_cls=BayesPaperAdapter
[eval] raw_logits_shape=(10, 256, 101)
[eval] reduced_logits_shape=(256, 101)
[Epoch 103] lr=0.073628 train_loss=0.0294 loss_reg=0.0058 val_acc=0.7972 val_nlpd=0.7293 val_ece=0.0337 kl_weight=0.000000 loss_kl_raw=883232.0000
[eval] adapter_cls=BayesPaperAdapter
[eval] raw_logits_shape=(10, 256, 101)
[eval] reduced_logits_shape=(256, 101)
[Epoch 104] lr=0.073165 train_loss=0.0293 loss_reg=0.0059 val_acc=0.7977 val_nlpd=0.7292 val_ece=0.0333 kl_weight=0.000000 loss_kl_raw=885457.9375
[eval] adapter_cls=BayesPaperAdapter
[eval] raw_logits_shape=(10, 256, 101)
[eval] reduced_logits_shape=(256, 101)
[Epoch 105] lr=0.072700 train_loss=0.0293 loss_reg=0.0059 val_acc=0.7982 val_nlpd=0.7276 val_ece=0.0332 kl_weight=0.000000 loss_kl_raw=887659.8750
[eval] adapter_cls=BayesPaperAdapter
[eval] raw_logits_shape=(10, 256, 101)
[eval] reduced_logits_shape=(256, 101)
[Epoch 106] lr=0.072232 train_loss=0.0293 loss_reg=0.0060 val_acc=0.7956 val_nlpd=0.7296 val_ece=0.0353 kl_weight=0.000000 loss_kl_raw=889843.3750
[eval] adapter_cls=BayesPaperAdapter
[eval] raw_logits_shape=(10, 256, 101)
[eval] reduced_logits_shape=(256, 101)
[Epoch 107] lr=0.071762 train_loss=0.0290 loss_reg=0.0061 val_acc=0.7972 val_nlpd=0.7294 val_ece=0.0340 kl_weight=0.000000 loss_kl_raw=891975.8125
[eval] adapter_cls=BayesPaperAdapter
[eval] raw_logits_shape=(10, 256, 101)
[eval] reduced_logits_shape=(256, 101)
[Epoch 108] lr=0.071289 train_loss=0.0292 loss_reg=0.0062 val_acc=0.7998 val_nlpd=0.7282 val_ece=0.0317 kl_weight=0.000000 loss_kl_raw=894071.6250
[eval] adapter_cls=BayesPaperAdapter
[eval] raw_logits_shape=(10, 256, 101)
[eval] reduced_logits_shape=(256, 101)
[Epoch 109] lr=0.070814 train_loss=0.0288 loss_reg=0.0062 val_acc=0.7966 val_nlpd=0.7275 val_ece=0.0346 kl_weight=0.000000 loss_kl_raw=896146.5625
[eval] adapter_cls=BayesPaperAdapter
[eval] raw_logits_shape=(10, 256, 101)
[eval] reduced_logits_shape=(256, 101)
[Epoch 110] lr=0.070337 train_loss=0.0288 loss_reg=0.0063 val_acc=0.7982 val_nlpd=0.7277 val_ece=0.0332 kl_weight=0.000000 loss_kl_raw=898196.1875
[eval] adapter_cls=BayesPaperAdapter
[eval] raw_logits_shape=(10, 256, 101)
[eval] reduced_logits_shape=(256, 101)
[Epoch 111] lr=0.069857 train_loss=0.0288 loss_reg=0.0064 val_acc=0.7982 val_nlpd=0.7301 val_ece=0.0332 kl_weight=0.000000 loss_kl_raw=900210.3125
[eval] adapter_cls=BayesPaperAdapter
[eval] raw_logits_shape=(10, 256, 101)
[eval] reduced_logits_shape=(256, 101)
[Epoch 112] lr=0.069376 train_loss=0.0288 loss_reg=0.0065 val_acc=0.7956 val_nlpd=0.7290 val_ece=0.0364 kl_weight=0.000000 loss_kl_raw=902225.3125
[eval] adapter_cls=BayesPaperAdapter
[eval] raw_logits_shape=(10, 256, 101)
[eval] reduced_logits_shape=(256, 101)
[Epoch 113] lr=0.068892 train_loss=0.0287 loss_reg=0.0065 val_acc=0.7987 val_nlpd=0.7288 val_ece=0.0332 kl_weight=0.000000 loss_kl_raw=904210.2500
[eval] adapter_cls=BayesPaperAdapter
[eval] raw_logits_shape=(10, 256, 101)
[eval] reduced_logits_shape=(256, 101)
[Epoch 114] lr=0.068406 train_loss=0.0287 loss_reg=0.0066 val_acc=0.7982 val_nlpd=0.7287 val_ece=0.0336 kl_weight=0.000000 loss_kl_raw=906147.0625
[eval] adapter_cls=BayesPaperAdapter
[eval] raw_logits_shape=(10, 256, 101)
[eval] reduced_logits_shape=(256, 101)
[Epoch 115] lr=0.067918 train_loss=0.0287 loss_reg=0.0067 val_acc=0.7972 val_nlpd=0.7277 val_ece=0.0351 kl_weight=0.000000 loss_kl_raw=908039.5625
[eval] adapter_cls=BayesPaperAdapter
[eval] raw_logits_shape=(10, 256, 101)
[eval] reduced_logits_shape=(256, 101)
[Epoch 116] lr=0.067429 train_loss=0.0286 loss_reg=0.0067 val_acc=0.7982 val_nlpd=0.7259 val_ece=0.0341 kl_weight=0.000000 loss_kl_raw=909895.6250
[eval] adapter_cls=BayesPaperAdapter
[eval] raw_logits_shape=(10, 256, 101)
[eval] reduced_logits_shape=(256, 101)
[Epoch 117] lr=0.066937 train_loss=0.0286 loss_reg=0.0068 val_acc=0.7982 val_nlpd=0.7279 val_ece=0.0337 kl_weight=0.000000 loss_kl_raw=911745.6250
[eval] adapter_cls=BayesPaperAdapter
[eval] raw_logits_shape=(10, 256, 101)
[eval] reduced_logits_shape=(256, 101)
[Epoch 118] lr=0.066443 train_loss=0.0285 loss_reg=0.0069 val_acc=0.7982 val_nlpd=0.7277 val_ece=0.0340 kl_weight=0.000000 loss_kl_raw=913558.4375
[eval] adapter_cls=BayesPaperAdapter
[eval] raw_logits_shape=(10, 256, 101)
[eval] reduced_logits_shape=(256, 101)
[Epoch 119] lr=0.065948 train_loss=0.0283 loss_reg=0.0070 val_acc=0.7998 val_nlpd=0.7268 val_ece=0.0331 kl_weight=0.000000 loss_kl_raw=915343.2500
[eval] adapter_cls=BayesPaperAdapter
[eval] raw_logits_shape=(10, 256, 101)
[eval] reduced_logits_shape=(256, 101)
[Epoch 120] lr=0.065451 train_loss=0.0283 loss_reg=0.0070 val_acc=0.7982 val_nlpd=0.7259 val_ece=0.0346 kl_weight=0.000000 loss_kl_raw=917117.3125
[eval] adapter_cls=BayesPaperAdapter
[eval] raw_logits_shape=(10, 256, 101)
[eval] reduced_logits_shape=(256, 101)
[Epoch 121] lr=0.064952 train_loss=0.0285 loss_reg=0.0071 val_acc=0.8008 val_nlpd=0.7256 val_ece=0.0318 kl_weight=0.000000 loss_kl_raw=918852.1875
[eval] adapter_cls=BayesPaperAdapter
[eval] raw_logits_shape=(10, 256, 101)
[eval] reduced_logits_shape=(256, 101)
[Epoch 122] lr=0.064452 train_loss=0.0283 loss_reg=0.0072 val_acc=0.7993 val_nlpd=0.7273 val_ece=0.0333 kl_weight=0.000000 loss_kl_raw=920565.1875
[eval] adapter_cls=BayesPaperAdapter
[eval] raw_logits_shape=(10, 256, 101)
[eval] reduced_logits_shape=(256, 101)
[Epoch 123] lr=0.063950 train_loss=0.0283 loss_reg=0.0072 val_acc=0.7998 val_nlpd=0.7272 val_ece=0.0329 kl_weight=0.000000 loss_kl_raw=922252.3125
[eval] adapter_cls=BayesPaperAdapter
[eval] raw_logits_shape=(10, 256, 101)
[eval] reduced_logits_shape=(256, 101)
[Epoch 124] lr=0.063446 train_loss=0.0284 loss_reg=0.0073 val_acc=0.7998 val_nlpd=0.7281 val_ece=0.0331 kl_weight=0.000000 loss_kl_raw=923916.8125
[eval] adapter_cls=BayesPaperAdapter
[eval] raw_logits_shape=(10, 256, 101)
[eval] reduced_logits_shape=(256, 101)
[Epoch 125] lr=0.062941 train_loss=0.0283 loss_reg=0.0074 val_acc=0.8003 val_nlpd=0.7255 val_ece=0.0327 kl_weight=0.000000 loss_kl_raw=925557.0625
[eval] adapter_cls=BayesPaperAdapter
[eval] raw_logits_shape=(10, 256, 101)
[eval] reduced_logits_shape=(256, 101)
[Epoch 126] lr=0.062434 train_loss=0.0282 loss_reg=0.0075 val_acc=0.7993 val_nlpd=0.7263 val_ece=0.0338 kl_weight=0.000000 loss_kl_raw=927179.8750
[eval] adapter_cls=BayesPaperAdapter
[eval] raw_logits_shape=(10, 256, 101)
[eval] reduced_logits_shape=(256, 101)
[Epoch 127] lr=0.061927 train_loss=0.0283 loss_reg=0.0075 val_acc=0.7987 val_nlpd=0.7263 val_ece=0.0344 kl_weight=0.000000 loss_kl_raw=928777.6875
[eval] adapter_cls=BayesPaperAdapter
[eval] raw_logits_shape=(10, 256, 101)
[eval] reduced_logits_shape=(256, 101)
[Epoch 128] lr=0.061418 train_loss=0.0284 loss_reg=0.0076 val_acc=0.7998 val_nlpd=0.7265 val_ece=0.0336 kl_weight=0.000000 loss_kl_raw=930355.2500
[eval] adapter_cls=BayesPaperAdapter
[eval] raw_logits_shape=(10, 256, 101)
[eval] reduced_logits_shape=(256, 101)
[Epoch 129] lr=0.060907 train_loss=0.0283 loss_reg=0.0077 val_acc=0.8003 val_nlpd=0.7258 val_ece=0.0329 kl_weight=0.000000 loss_kl_raw=931912.0000
[eval] adapter_cls=BayesPaperAdapter
[eval] raw_logits_shape=(10, 256, 101)
[eval] reduced_logits_shape=(256, 101)
[Epoch 130] lr=0.060396 train_loss=0.0281 loss_reg=0.0078 val_acc=0.7987 val_nlpd=0.7269 val_ece=0.0345 kl_weight=0.000000 loss_kl_raw=933425.0000
[eval] adapter_cls=BayesPaperAdapter
[eval] raw_logits_shape=(10, 256, 101)
[eval] reduced_logits_shape=(256, 101)
[Epoch 131] lr=0.059883 train_loss=0.0282 loss_reg=0.0078 val_acc=0.7987 val_nlpd=0.7273 val_ece=0.0346 kl_weight=0.000000 loss_kl_raw=934925.1875
[eval] adapter_cls=BayesPaperAdapter
[eval] raw_logits_shape=(10, 256, 101)
[eval] reduced_logits_shape=(256, 101)
[Epoch 132] lr=0.059369 train_loss=0.0284 loss_reg=0.0079 val_acc=0.7987 val_nlpd=0.7249 val_ece=0.0351 kl_weight=0.000000 loss_kl_raw=936414.1875
[eval] adapter_cls=BayesPaperAdapter
[eval] raw_logits_shape=(10, 256, 101)
[eval] reduced_logits_shape=(256, 101)
[Epoch 133] lr=0.058854 train_loss=0.0281 loss_reg=0.0080 val_acc=0.7987 val_nlpd=0.7247 val_ece=0.0348 kl_weight=0.000000 loss_kl_raw=937882.2500
[eval] adapter_cls=BayesPaperAdapter
[eval] raw_logits_shape=(10, 256, 101)
[eval] reduced_logits_shape=(256, 101)
[Epoch 134] lr=0.058338 train_loss=0.0282 loss_reg=0.0080 val_acc=0.7987 val_nlpd=0.7274 val_ece=0.0346 kl_weight=0.000000 loss_kl_raw=939351.7500
[eval] adapter_cls=BayesPaperAdapter
[eval] raw_logits_shape=(10, 256, 101)
[eval] reduced_logits_shape=(256, 101)
[Epoch 135] lr=0.057822 train_loss=0.0280 loss_reg=0.0081 val_acc=0.7977 val_nlpd=0.7255 val_ece=0.0359 kl_weight=0.000000 loss_kl_raw=940785.0625
[eval] adapter_cls=BayesPaperAdapter
[eval] raw_logits_shape=(10, 256, 101)
[eval] reduced_logits_shape=(256, 101)
[Epoch 136] lr=0.057304 train_loss=0.0282 loss_reg=0.0082 val_acc=0.7998 val_nlpd=0.7247 val_ece=0.0338 kl_weight=0.000000 loss_kl_raw=942177.5000
[eval] adapter_cls=BayesPaperAdapter
[eval] raw_logits_shape=(10, 256, 101)
[eval] reduced_logits_shape=(256, 101)
[Epoch 137] lr=0.056786 train_loss=0.0281 loss_reg=0.0083 val_acc=0.8014 val_nlpd=0.7241 val_ece=0.0327 kl_weight=0.000000 loss_kl_raw=943546.0000
[eval] adapter_cls=BayesPaperAdapter
[eval] raw_logits_shape=(10, 256, 101)
[eval] reduced_logits_shape=(256, 101)
[Epoch 138] lr=0.056267 train_loss=0.0283 loss_reg=0.0083 val_acc=0.7987 val_nlpd=0.7251 val_ece=0.0354 kl_weight=0.000000 loss_kl_raw=944899.5625
[eval] adapter_cls=BayesPaperAdapter
[eval] raw_logits_shape=(10, 256, 101)
[eval] reduced_logits_shape=(256, 101)
[Epoch 139] lr=0.055747 train_loss=0.0281 loss_reg=0.0084 val_acc=0.7987 val_nlpd=0.7247 val_ece=0.0349 kl_weight=0.000000 loss_kl_raw=946235.6250
[eval] adapter_cls=BayesPaperAdapter
[eval] raw_logits_shape=(10, 256, 101)
[eval] reduced_logits_shape=(256, 101)
[Epoch 140] lr=0.055226 train_loss=0.0281 loss_reg=0.0085 val_acc=0.8003 val_nlpd=0.7263 val_ece=0.0342 kl_weight=0.000000 loss_kl_raw=947568.3125
[eval] adapter_cls=BayesPaperAdapter
[eval] raw_logits_shape=(10, 256, 101)
[eval] reduced_logits_shape=(256, 101)
[Epoch 141] lr=0.054705 train_loss=0.0282 loss_reg=0.0086 val_acc=0.8003 val_nlpd=0.7251 val_ece=0.0340 kl_weight=0.000000 loss_kl_raw=948862.1875
[eval] adapter_cls=BayesPaperAdapter
[eval] raw_logits_shape=(10, 256, 101)
[eval] reduced_logits_shape=(256, 101)
[Epoch 142] lr=0.054184 train_loss=0.0282 loss_reg=0.0086 val_acc=0.7982 val_nlpd=0.7249 val_ece=0.0359 kl_weight=0.000000 loss_kl_raw=950131.9375
[eval] adapter_cls=BayesPaperAdapter
[eval] raw_logits_shape=(10, 256, 101)
[eval] reduced_logits_shape=(256, 101)
[Epoch 143] lr=0.053662 train_loss=0.0282 loss_reg=0.0087 val_acc=0.8003 val_nlpd=0.7240 val_ece=0.0336 kl_weight=0.000000 loss_kl_raw=951394.2500
[eval] adapter_cls=BayesPaperAdapter
[eval] raw_logits_shape=(10, 256, 101)
[eval] reduced_logits_shape=(256, 101)
[Epoch 144] lr=0.053140 train_loss=0.0282 loss_reg=0.0088 val_acc=0.8008 val_nlpd=0.7235 val_ece=0.0331 kl_weight=0.000000 loss_kl_raw=952631.3750
[eval] adapter_cls=BayesPaperAdapter
[eval] raw_logits_shape=(10, 256, 101)
[eval] reduced_logits_shape=(256, 101)
[Epoch 145] lr=0.052617 train_loss=0.0281 loss_reg=0.0089 val_acc=0.8003 val_nlpd=0.7242 val_ece=0.0338 kl_weight=0.000000 loss_kl_raw=953849.8125
[eval] adapter_cls=BayesPaperAdapter
[eval] raw_logits_shape=(10, 256, 101)
[eval] reduced_logits_shape=(256, 101)
[Epoch 146] lr=0.052094 train_loss=0.0282 loss_reg=0.0089 val_acc=0.8014 val_nlpd=0.7234 val_ece=0.0331 kl_weight=0.000000 loss_kl_raw=955069.3125
[eval] adapter_cls=BayesPaperAdapter
[eval] raw_logits_shape=(10, 256, 101)
[eval] reduced_logits_shape=(256, 101)
[Epoch 147] lr=0.051571 train_loss=0.0282 loss_reg=0.0090 val_acc=0.8003 val_nlpd=0.7263 val_ece=0.0337 kl_weight=0.000000 loss_kl_raw=956267.2500
[eval] adapter_cls=BayesPaperAdapter
[eval] raw_logits_shape=(10, 256, 101)
[eval] reduced_logits_shape=(256, 101)
[Epoch 148] lr=0.051047 train_loss=0.0283 loss_reg=0.0091 val_acc=0.8008 val_nlpd=0.7244 val_ece=0.0334 kl_weight=0.000000 loss_kl_raw=957432.0625
[eval] adapter_cls=BayesPaperAdapter
[eval] raw_logits_shape=(10, 256, 101)
[eval] reduced_logits_shape=(256, 101)
[Epoch 149] lr=0.050524 train_loss=0.0282 loss_reg=0.0091 val_acc=0.8019 val_nlpd=0.7244 val_ece=0.0328 kl_weight=0.000000 loss_kl_raw=958600.8125
[eval] adapter_cls=BayesPaperAdapter
[eval] raw_logits_shape=(10, 256, 101)
[eval] reduced_logits_shape=(256, 101)
[Epoch 150] lr=0.050000 train_loss=0.0283 loss_reg=0.0092 val_acc=0.8019 val_nlpd=0.7233 val_ece=0.0326 kl_weight=0.000000 loss_kl_raw=959715.6875
[eval] adapter_cls=BayesPaperAdapter
[eval] raw_logits_shape=(10, 256, 101)
[eval] reduced_logits_shape=(256, 101)
[Epoch 151] lr=0.049476 train_loss=0.0283 loss_reg=0.0093 val_acc=0.8003 val_nlpd=0.7229 val_ece=0.0342 kl_weight=0.000000 loss_kl_raw=960825.8750
[eval] adapter_cls=BayesPaperAdapter
[eval] raw_logits_shape=(10, 256, 101)
[eval] reduced_logits_shape=(256, 101)
[Epoch 152] lr=0.048953 train_loss=0.0283 loss_reg=0.0094 val_acc=0.8008 val_nlpd=0.7218 val_ece=0.0341 kl_weight=0.000000 loss_kl_raw=961908.8750
[eval] adapter_cls=BayesPaperAdapter
[eval] raw_logits_shape=(10, 256, 101)
[eval] reduced_logits_shape=(256, 101)
[Epoch 153] lr=0.048429 train_loss=0.0282 loss_reg=0.0094 val_acc=0.8003 val_nlpd=0.7237 val_ece=0.0345 kl_weight=0.000000 loss_kl_raw=962969.2500
[eval] adapter_cls=BayesPaperAdapter
[eval] raw_logits_shape=(10, 256, 101)
[eval] reduced_logits_shape=(256, 101)
[Epoch 154] lr=0.047906 train_loss=0.0283 loss_reg=0.0095 val_acc=0.7998 val_nlpd=0.7242 val_ece=0.0350 kl_weight=0.000000 loss_kl_raw=964009.7500
[eval] adapter_cls=BayesPaperAdapter
[eval] raw_logits_shape=(10, 256, 101)
[eval] reduced_logits_shape=(256, 101)
[Epoch 155] lr=0.047383 train_loss=0.0283 loss_reg=0.0096 val_acc=0.8003 val_nlpd=0.7241 val_ece=0.0344 kl_weight=0.000000 loss_kl_raw=965039.4375
[eval] adapter_cls=BayesPaperAdapter
[eval] raw_logits_shape=(10, 256, 101)
[eval] reduced_logits_shape=(256, 101)
[Epoch 156] lr=0.046860 train_loss=0.0283 loss_reg=0.0096 val_acc=0.7998 val_nlpd=0.7244 val_ece=0.0350 kl_weight=0.000000 loss_kl_raw=966047.4375
[eval] adapter_cls=BayesPaperAdapter
[eval] raw_logits_shape=(10, 256, 101)
[eval] reduced_logits_shape=(256, 101)
[Epoch 157] lr=0.046338 train_loss=0.0284 loss_reg=0.0097 val_acc=0.7998 val_nlpd=0.7233 val_ece=0.0351 kl_weight=0.000000 loss_kl_raw=967031.1250
[eval] adapter_cls=BayesPaperAdapter
[eval] raw_logits_shape=(10, 256, 101)
[eval] reduced_logits_shape=(256, 101)
[Epoch 158] lr=0.045816 train_loss=0.0283 loss_reg=0.0098 val_acc=0.8008 val_nlpd=0.7230 val_ece=0.0342 kl_weight=0.000000 loss_kl_raw=968006.8750
[eval] adapter_cls=BayesPaperAdapter
[eval] raw_logits_shape=(10, 256, 101)
[eval] reduced_logits_shape=(256, 101)
[Epoch 159] lr=0.045295 train_loss=0.0284 loss_reg=0.0099 val_acc=0.8008 val_nlpd=0.7244 val_ece=0.0343 kl_weight=0.000000 loss_kl_raw=968965.0625
[eval] adapter_cls=BayesPaperAdapter
[eval] raw_logits_shape=(10, 256, 101)
[eval] reduced_logits_shape=(256, 101)
[Epoch 160] lr=0.044774 train_loss=0.0285 loss_reg=0.0099 val_acc=0.8003 val_nlpd=0.7254 val_ece=0.0347 kl_weight=0.000000 loss_kl_raw=969904.3125
[eval] adapter_cls=BayesPaperAdapter
[eval] raw_logits_shape=(10, 256, 101)
[eval] reduced_logits_shape=(256, 101)
[Epoch 161] lr=0.044253 train_loss=0.0285 loss_reg=0.0100 val_acc=0.8030 val_nlpd=0.7209 val_ece=0.0339 kl_weight=0.000000 loss_kl_raw=970828.8750
[eval] adapter_cls=BayesPaperAdapter
[eval] raw_logits_shape=(10, 256, 101)
[eval] reduced_logits_shape=(256, 101)
[Epoch 162] lr=0.043733 train_loss=0.0285 loss_reg=0.0101 val_acc=0.7993 val_nlpd=0.7232 val_ece=0.0364 kl_weight=0.000000 loss_kl_raw=971739.6875
[eval] adapter_cls=BayesPaperAdapter
[eval] raw_logits_shape=(10, 256, 101)
[eval] reduced_logits_shape=(256, 101)
[Epoch 163] lr=0.043214 train_loss=0.0285 loss_reg=0.0102 val_acc=0.8003 val_nlpd=0.7230 val_ece=0.0349 kl_weight=0.000000 loss_kl_raw=972626.8125
[eval] adapter_cls=BayesPaperAdapter
[eval] raw_logits_shape=(10, 256, 101)
[eval] reduced_logits_shape=(256, 101)
[Epoch 164] lr=0.042696 train_loss=0.0286 loss_reg=0.0102 val_acc=0.8030 val_nlpd=0.7238 val_ece=0.0326 kl_weight=0.000000 loss_kl_raw=973494.0625
[eval] adapter_cls=BayesPaperAdapter
[eval] raw_logits_shape=(10, 256, 101)
[eval] reduced_logits_shape=(256, 101)
[Epoch 165] lr=0.042178 train_loss=0.0286 loss_reg=0.0103 val_acc=0.7982 val_nlpd=0.7230 val_ece=0.0372 kl_weight=0.000000 loss_kl_raw=974355.5625
[eval] adapter_cls=BayesPaperAdapter
[eval] raw_logits_shape=(10, 256, 101)
[eval] reduced_logits_shape=(256, 101)
[Epoch 166] lr=0.041662 train_loss=0.0285 loss_reg=0.0104 val_acc=0.8014 val_nlpd=0.7214 val_ece=0.0341 kl_weight=0.000000 loss_kl_raw=975192.7500
[eval] adapter_cls=BayesPaperAdapter
[eval] raw_logits_shape=(10, 256, 101)
[eval] reduced_logits_shape=(256, 101)
[Epoch 167] lr=0.041146 train_loss=0.0286 loss_reg=0.0104 val_acc=0.8014 val_nlpd=0.7243 val_ece=0.0343 kl_weight=0.000000 loss_kl_raw=976025.8125
[eval] adapter_cls=BayesPaperAdapter
[eval] raw_logits_shape=(10, 256, 101)
[eval] reduced_logits_shape=(256, 101)
[Epoch 168] lr=0.040631 train_loss=0.0286 loss_reg=0.0105 val_acc=0.7982 val_nlpd=0.7225 val_ece=0.0371 kl_weight=0.000000 loss_kl_raw=976846.1250
[eval] adapter_cls=BayesPaperAdapter
[eval] raw_logits_shape=(10, 256, 101)
[eval] reduced_logits_shape=(256, 101)
[Epoch 169] lr=0.040117 train_loss=0.0287 loss_reg=0.0106 val_acc=0.8024 val_nlpd=0.7229 val_ece=0.0331 kl_weight=0.000000 loss_kl_raw=977651.8125
[eval] adapter_cls=BayesPaperAdapter
[eval] raw_logits_shape=(10, 256, 101)
[eval] reduced_logits_shape=(256, 101)
[Epoch 170] lr=0.039604 train_loss=0.0287 loss_reg=0.0107 val_acc=0.8014 val_nlpd=0.7228 val_ece=0.0345 kl_weight=0.000000 loss_kl_raw=978437.3750
[eval] adapter_cls=BayesPaperAdapter
[eval] raw_logits_shape=(10, 256, 101)
[eval] reduced_logits_shape=(256, 101)
[Epoch 171] lr=0.039093 train_loss=0.0287 loss_reg=0.0107 val_acc=0.8003 val_nlpd=0.7219 val_ece=0.0356 kl_weight=0.000000 loss_kl_raw=979214.0000
[eval] adapter_cls=BayesPaperAdapter
[eval] raw_logits_shape=(10, 256, 101)
[eval] reduced_logits_shape=(256, 101)
[Epoch 172] lr=0.038582 train_loss=0.0287 loss_reg=0.0108 val_acc=0.8014 val_nlpd=0.7242 val_ece=0.0342 kl_weight=0.000000 loss_kl_raw=979985.7500
[eval] adapter_cls=BayesPaperAdapter
[eval] raw_logits_shape=(10, 256, 101)
[eval] reduced_logits_shape=(256, 101)
[Epoch 173] lr=0.038073 train_loss=0.0287 loss_reg=0.0109 val_acc=0.8008 val_nlpd=0.7222 val_ece=0.0347 kl_weight=0.000000 loss_kl_raw=980735.1250
[eval] adapter_cls=BayesPaperAdapter
[eval] raw_logits_shape=(10, 256, 101)
[eval] reduced_logits_shape=(256, 101)
[Epoch 174] lr=0.037566 train_loss=0.0288 loss_reg=0.0109 val_acc=0.8003 val_nlpd=0.7222 val_ece=0.0357 kl_weight=0.000000 loss_kl_raw=981481.4375
[eval] adapter_cls=BayesPaperAdapter
[eval] raw_logits_shape=(10, 256, 101)
[eval] reduced_logits_shape=(256, 101)
[Epoch 175] lr=0.037059 train_loss=0.0287 loss_reg=0.0110 val_acc=0.8014 val_nlpd=0.7238 val_ece=0.0340 kl_weight=0.000000 loss_kl_raw=982208.3750
[eval] adapter_cls=BayesPaperAdapter
[eval] raw_logits_shape=(10, 256, 101)
[eval] reduced_logits_shape=(256, 101)
[Epoch 176] lr=0.036554 train_loss=0.0292 loss_reg=0.0111 val_acc=0.8008 val_nlpd=0.7224 val_ece=0.0348 kl_weight=0.000000 loss_kl_raw=982923.0000
[eval] adapter_cls=BayesPaperAdapter
[eval] raw_logits_shape=(10, 256, 101)
[eval] reduced_logits_shape=(256, 101)
[Epoch 177] lr=0.036050 train_loss=0.0290 loss_reg=0.0112 val_acc=0.8003 val_nlpd=0.7237 val_ece=0.0354 kl_weight=0.000000 loss_kl_raw=983618.1250
[eval] adapter_cls=BayesPaperAdapter
[eval] raw_logits_shape=(10, 256, 101)
[eval] reduced_logits_shape=(256, 101)
[Epoch 178] lr=0.035548 train_loss=0.0289 loss_reg=0.0112 val_acc=0.8014 val_nlpd=0.7212 val_ece=0.0347 kl_weight=0.000000 loss_kl_raw=984300.8750
[eval] adapter_cls=BayesPaperAdapter
[eval] raw_logits_shape=(10, 256, 101)
[eval] reduced_logits_shape=(256, 101)
[Epoch 179] lr=0.035048 train_loss=0.0291 loss_reg=0.0113 val_acc=0.7998 val_nlpd=0.7224 val_ece=0.0360 kl_weight=0.000000 loss_kl_raw=984969.5000
[eval] adapter_cls=BayesPaperAdapter
[eval] raw_logits_shape=(10, 256, 101)
[eval] reduced_logits_shape=(256, 101)
[Epoch 180] lr=0.034549 train_loss=0.0291 loss_reg=0.0114 val_acc=0.8003 val_nlpd=0.7231 val_ece=0.0354 kl_weight=0.000000 loss_kl_raw=985627.3750
[eval] adapter_cls=BayesPaperAdapter
[eval] raw_logits_shape=(10, 256, 101)
[eval] reduced_logits_shape=(256, 101)
[Epoch 181] lr=0.034052 train_loss=0.0291 loss_reg=0.0114 val_acc=0.8003 val_nlpd=0.7218 val_ece=0.0355 kl_weight=0.000000 loss_kl_raw=986271.3125
[eval] adapter_cls=BayesPaperAdapter
[eval] raw_logits_shape=(10, 256, 101)
[eval] reduced_logits_shape=(256, 101)
[Epoch 182] lr=0.033557 train_loss=0.0291 loss_reg=0.0115 val_acc=0.8024 val_nlpd=0.7214 val_ece=0.0334 kl_weight=0.000000 loss_kl_raw=986898.9375
[eval] adapter_cls=BayesPaperAdapter
[eval] raw_logits_shape=(10, 256, 101)
[eval] reduced_logits_shape=(256, 101)
[Epoch 183] lr=0.033063 train_loss=0.0292 loss_reg=0.0116 val_acc=0.7998 val_nlpd=0.7233 val_ece=0.0358 kl_weight=0.000000 loss_kl_raw=987521.2500
[eval] adapter_cls=BayesPaperAdapter
[eval] raw_logits_shape=(10, 256, 101)
[eval] reduced_logits_shape=(256, 101)
[Epoch 184] lr=0.032571 train_loss=0.0292 loss_reg=0.0117 val_acc=0.8014 val_nlpd=0.7221 val_ece=0.0347 kl_weight=0.000000 loss_kl_raw=988129.1250
[eval] adapter_cls=BayesPaperAdapter
[eval] raw_logits_shape=(10, 256, 101)
[eval] reduced_logits_shape=(256, 101)
[Epoch 185] lr=0.032082 train_loss=0.0293 loss_reg=0.0117 val_acc=0.8014 val_nlpd=0.7227 val_ece=0.0347 kl_weight=0.000000 loss_kl_raw=988723.5000
[eval] adapter_cls=BayesPaperAdapter
[eval] raw_logits_shape=(10, 256, 101)
[eval] reduced_logits_shape=(256, 101)
[Epoch 186] lr=0.031594 train_loss=0.0294 loss_reg=0.0118 val_acc=0.8003 val_nlpd=0.7229 val_ece=0.0354 kl_weight=0.000000 loss_kl_raw=989309.0625
[eval] adapter_cls=BayesPaperAdapter
[eval] raw_logits_shape=(10, 256, 101)
[eval] reduced_logits_shape=(256, 101)
[Epoch 187] lr=0.031108 train_loss=0.0293 loss_reg=0.0119 val_acc=0.8014 val_nlpd=0.7233 val_ece=0.0346 kl_weight=0.000000 loss_kl_raw=989882.5625
[eval] adapter_cls=BayesPaperAdapter
[eval] raw_logits_shape=(10, 256, 101)
[eval] reduced_logits_shape=(256, 101)
[Epoch 188] lr=0.030624 train_loss=0.0294 loss_reg=0.0119 val_acc=0.8014 val_nlpd=0.7228 val_ece=0.0347 kl_weight=0.000000 loss_kl_raw=990458.5625
[eval] adapter_cls=BayesPaperAdapter
[eval] raw_logits_shape=(10, 256, 101)
[eval] reduced_logits_shape=(256, 101)
[Epoch 189] lr=0.030143 train_loss=0.0295 loss_reg=0.0120 val_acc=0.8008 val_nlpd=0.7208 val_ece=0.0355 kl_weight=0.000000 loss_kl_raw=991014.6250
[eval] adapter_cls=BayesPaperAdapter
[eval] raw_logits_shape=(10, 256, 101)
[eval] reduced_logits_shape=(256, 101)
[Epoch 190] lr=0.029663 train_loss=0.0295 loss_reg=0.0121 val_acc=0.7998 val_nlpd=0.7223 val_ece=0.0366 kl_weight=0.000000 loss_kl_raw=991560.6875
[eval] adapter_cls=BayesPaperAdapter
[eval] raw_logits_shape=(10, 256, 101)
[eval] reduced_logits_shape=(256, 101)
[Epoch 191] lr=0.029186 train_loss=0.0296 loss_reg=0.0121 val_acc=0.7998 val_nlpd=0.7226 val_ece=0.0365 kl_weight=0.000000 loss_kl_raw=992090.9375
[eval] adapter_cls=BayesPaperAdapter
[eval] raw_logits_shape=(10, 256, 101)
[eval] reduced_logits_shape=(256, 101)
[Epoch 192] lr=0.028711 train_loss=0.0296 loss_reg=0.0122 val_acc=0.8003 val_nlpd=0.7217 val_ece=0.0359 kl_weight=0.000000 loss_kl_raw=992608.8125
[eval] adapter_cls=BayesPaperAdapter
[eval] raw_logits_shape=(10, 256, 101)
[eval] reduced_logits_shape=(256, 101)
[Epoch 193] lr=0.028238 train_loss=0.0296 loss_reg=0.0123 val_acc=0.7982 val_nlpd=0.7219 val_ece=0.0382 kl_weight=0.000000 loss_kl_raw=993114.6875
[eval] adapter_cls=BayesPaperAdapter
[eval] raw_logits_shape=(10, 256, 101)
[eval] reduced_logits_shape=(256, 101)
[Epoch 194] lr=0.027768 train_loss=0.0296 loss_reg=0.0124 val_acc=0.8008 val_nlpd=0.7224 val_ece=0.0356 kl_weight=0.000000 loss_kl_raw=993610.1875
[eval] adapter_cls=BayesPaperAdapter
[eval] raw_logits_shape=(10, 256, 101)
[eval] reduced_logits_shape=(256, 101)
[Epoch 195] lr=0.027300 train_loss=0.0297 loss_reg=0.0124 val_acc=0.8019 val_nlpd=0.7229 val_ece=0.0342 kl_weight=0.000000 loss_kl_raw=994101.2500
[eval] adapter_cls=BayesPaperAdapter
[eval] raw_logits_shape=(10, 256, 101)
[eval] reduced_logits_shape=(256, 101)
[Epoch 196] lr=0.026835 train_loss=0.0297 loss_reg=0.0125 val_acc=0.8014 val_nlpd=0.7223 val_ece=0.0345 kl_weight=0.000000 loss_kl_raw=994588.9375
[eval] adapter_cls=BayesPaperAdapter
[eval] raw_logits_shape=(10, 256, 101)
[eval] reduced_logits_shape=(256, 101)
[Epoch 197] lr=0.026372 train_loss=0.0298 loss_reg=0.0126 val_acc=0.8014 val_nlpd=0.7240 val_ece=0.0351 kl_weight=0.000000 loss_kl_raw=995063.0625
[eval] adapter_cls=BayesPaperAdapter
[eval] raw_logits_shape=(10, 256, 101)
[eval] reduced_logits_shape=(256, 101)
[Epoch 198] lr=0.025912 train_loss=0.0299 loss_reg=0.0126 val_acc=0.8008 val_nlpd=0.7222 val_ece=0.0355 kl_weight=0.000000 loss_kl_raw=995524.8125
[eval] adapter_cls=BayesPaperAdapter
[eval] raw_logits_shape=(10, 256, 101)
[eval] reduced_logits_shape=(256, 101)
[Epoch 199] lr=0.025455 train_loss=0.0300 loss_reg=0.0127 val_acc=0.8019 val_nlpd=0.7214 val_ece=0.0347 kl_weight=0.000000 loss_kl_raw=995976.1250
[eval] adapter_cls=BayesPaperAdapter
[eval] raw_logits_shape=(10, 256, 101)
[eval] reduced_logits_shape=(256, 101)
[Epoch 200] lr=0.025000 train_loss=0.0298 loss_reg=0.0128 val_acc=0.8014 val_nlpd=0.7229 val_ece=0.0350 kl_weight=0.000000 loss_kl_raw=996415.7500
[eval] adapter_cls=BayesPaperAdapter
[eval] raw_logits_shape=(10, 256, 101)
[eval] reduced_logits_shape=(256, 101)
[Epoch 201] lr=0.024548 train_loss=0.0300 loss_reg=0.0128 val_acc=0.8019 val_nlpd=0.7229 val_ece=0.0341 kl_weight=0.000000 loss_kl_raw=996848.1250
[eval] adapter_cls=BayesPaperAdapter
[eval] raw_logits_shape=(10, 256, 101)
[eval] reduced_logits_shape=(256, 101)
[Epoch 202] lr=0.024099 train_loss=0.0301 loss_reg=0.0129 val_acc=0.8008 val_nlpd=0.7211 val_ece=0.0356 kl_weight=0.000000 loss_kl_raw=997258.5000
[eval] adapter_cls=BayesPaperAdapter
[eval] raw_logits_shape=(10, 256, 101)
[eval] reduced_logits_shape=(256, 101)
[Epoch 203] lr=0.023652 train_loss=0.0302 loss_reg=0.0130 val_acc=0.8030 val_nlpd=0.7215 val_ece=0.0333 kl_weight=0.000000 loss_kl_raw=997669.3750
[eval] adapter_cls=BayesPaperAdapter
[eval] raw_logits_shape=(10, 256, 101)
[eval] reduced_logits_shape=(256, 101)
[Epoch 204] lr=0.023209 train_loss=0.0303 loss_reg=0.0131 val_acc=0.8014 val_nlpd=0.7219 val_ece=0.0351 kl_weight=0.000000 loss_kl_raw=998074.8125
[eval] adapter_cls=BayesPaperAdapter
[eval] raw_logits_shape=(10, 256, 101)
[eval] reduced_logits_shape=(256, 101)
[Epoch 205] lr=0.022768 train_loss=0.0303 loss_reg=0.0131 val_acc=0.8024 val_nlpd=0.7207 val_ece=0.0340 kl_weight=0.000000 loss_kl_raw=998471.1250
[eval] adapter_cls=BayesPaperAdapter
[eval] raw_logits_shape=(10, 256, 101)
[eval] reduced_logits_shape=(256, 101)
[Epoch 206] lr=0.022330 train_loss=0.0302 loss_reg=0.0132 val_acc=0.8003 val_nlpd=0.7245 val_ece=0.0359 kl_weight=0.000000 loss_kl_raw=998859.8750
[eval] adapter_cls=BayesPaperAdapter
[eval] raw_logits_shape=(10, 256, 101)
[eval] reduced_logits_shape=(256, 101)
[Epoch 207] lr=0.021896 train_loss=0.0303 loss_reg=0.0133 val_acc=0.8008 val_nlpd=0.7221 val_ece=0.0360 kl_weight=0.000000 loss_kl_raw=999237.4375
[eval] adapter_cls=BayesPaperAdapter
[eval] raw_logits_shape=(10, 256, 101)
[eval] reduced_logits_shape=(256, 101)
[Epoch 208] lr=0.021464 train_loss=0.0305 loss_reg=0.0133 val_acc=0.8014 val_nlpd=0.7220 val_ece=0.0351 kl_weight=0.000000 loss_kl_raw=999605.9375
[eval] adapter_cls=BayesPaperAdapter
[eval] raw_logits_shape=(10, 256, 101)
[eval] reduced_logits_shape=(256, 101)
[Epoch 209] lr=0.021036 train_loss=0.0305 loss_reg=0.0134 val_acc=0.7998 val_nlpd=0.7202 val_ece=0.0369 kl_weight=0.000000 loss_kl_raw=999969.0000
[eval] adapter_cls=BayesPaperAdapter
[eval] raw_logits_shape=(10, 256, 101)
[eval] reduced_logits_shape=(256, 101)
[Epoch 210] lr=0.020611 train_loss=0.0305 loss_reg=0.0135 val_acc=0.8040 val_nlpd=0.7223 val_ece=0.0325 kl_weight=0.000000 loss_kl_raw=1000319.1250
[eval] adapter_cls=BayesPaperAdapter
[eval] raw_logits_shape=(10, 256, 101)
[eval] reduced_logits_shape=(256, 101)
[Epoch 211] lr=0.020189 train_loss=0.0303 loss_reg=0.0135 val_acc=0.8024 val_nlpd=0.7209 val_ece=0.0343 kl_weight=0.000000 loss_kl_raw=1000666.3125
[eval] adapter_cls=BayesPaperAdapter
[eval] raw_logits_shape=(10, 256, 101)
[eval] reduced_logits_shape=(256, 101)
[Epoch 212] lr=0.019770 train_loss=0.0305 loss_reg=0.0136 val_acc=0.8014 val_nlpd=0.7208 val_ece=0.0351 kl_weight=0.000000 loss_kl_raw=1001007.8125
[eval] adapter_cls=BayesPaperAdapter
[eval] raw_logits_shape=(10, 256, 101)
[eval] reduced_logits_shape=(256, 101)
[Epoch 213] lr=0.019355 train_loss=0.0307 loss_reg=0.0137 val_acc=0.8014 val_nlpd=0.7231 val_ece=0.0351 kl_weight=0.000000 loss_kl_raw=1001340.1875
[eval] adapter_cls=BayesPaperAdapter
[eval] raw_logits_shape=(10, 256, 101)
[eval] reduced_logits_shape=(256, 101)
[Epoch 214] lr=0.018943 train_loss=0.0306 loss_reg=0.0138 val_acc=0.8024 val_nlpd=0.7220 val_ece=0.0339 kl_weight=0.000000 loss_kl_raw=1001658.8750
[eval] adapter_cls=BayesPaperAdapter
[eval] raw_logits_shape=(10, 256, 101)
[eval] reduced_logits_shape=(256, 101)
[Epoch 215] lr=0.018534 train_loss=0.0307 loss_reg=0.0138 val_acc=0.8030 val_nlpd=0.7214 val_ece=0.0333 kl_weight=0.000000 loss_kl_raw=1001971.1250
[eval] adapter_cls=BayesPaperAdapter
[eval] raw_logits_shape=(10, 256, 101)
[eval] reduced_logits_shape=(256, 101)
[Epoch 216] lr=0.018129 train_loss=0.0308 loss_reg=0.0139 val_acc=0.8019 val_nlpd=0.7209 val_ece=0.0345 kl_weight=0.000000 loss_kl_raw=1002271.8750
[eval] adapter_cls=BayesPaperAdapter
[eval] raw_logits_shape=(10, 256, 101)
[eval] reduced_logits_shape=(256, 101)
[Epoch 217] lr=0.017727 train_loss=0.0308 loss_reg=0.0140 val_acc=0.8024 val_nlpd=0.7215 val_ece=0.0344 kl_weight=0.000000 loss_kl_raw=1002561.3750
[eval] adapter_cls=BayesPaperAdapter
[eval] raw_logits_shape=(10, 256, 101)
[eval] reduced_logits_shape=(256, 101)
[Epoch 218] lr=0.017329 train_loss=0.0309 loss_reg=0.0140 val_acc=0.8003 val_nlpd=0.7214 val_ece=0.0360 kl_weight=0.000000 loss_kl_raw=1002841.1250
[eval] adapter_cls=BayesPaperAdapter
[eval] raw_logits_shape=(10, 256, 101)
[eval] reduced_logits_shape=(256, 101)
[Epoch 219] lr=0.016934 train_loss=0.0309 loss_reg=0.0141 val_acc=0.8024 val_nlpd=0.7210 val_ece=0.0340 kl_weight=0.000000 loss_kl_raw=1003111.8125
[eval] adapter_cls=BayesPaperAdapter
[eval] raw_logits_shape=(10, 256, 101)
[eval] reduced_logits_shape=(256, 101)
[Epoch 220] lr=0.016543 train_loss=0.0311 loss_reg=0.0142 val_acc=0.8019 val_nlpd=0.7211 val_ece=0.0347 kl_weight=0.000000 loss_kl_raw=1003374.2500
[eval] adapter_cls=BayesPaperAdapter
[eval] raw_logits_shape=(10, 256, 101)
[eval] reduced_logits_shape=(256, 101)
[Epoch 221] lr=0.016156 train_loss=0.0311 loss_reg=0.0142 val_acc=0.8003 val_nlpd=0.7235 val_ece=0.0366 kl_weight=0.000000 loss_kl_raw=1003630.8750
[eval] adapter_cls=BayesPaperAdapter
[eval] raw_logits_shape=(10, 256, 101)
[eval] reduced_logits_shape=(256, 101)
[Epoch 222] lr=0.015773 train_loss=0.0312 loss_reg=0.0143 val_acc=0.7993 val_nlpd=0.7235 val_ece=0.0375 kl_weight=0.000000 loss_kl_raw=1003881.6250
[eval] adapter_cls=BayesPaperAdapter
[eval] raw_logits_shape=(10, 256, 101)
[eval] reduced_logits_shape=(256, 101)
[Epoch 223] lr=0.015393 train_loss=0.0311 loss_reg=0.0144 val_acc=0.8014 val_nlpd=0.7218 val_ece=0.0354 kl_weight=0.000000 loss_kl_raw=1004122.7500
[eval] adapter_cls=BayesPaperAdapter
[eval] raw_logits_shape=(10, 256, 101)
[eval] reduced_logits_shape=(256, 101)
[Epoch 224] lr=0.015017 train_loss=0.0312 loss_reg=0.0144 val_acc=0.8008 val_nlpd=0.7223 val_ece=0.0359 kl_weight=0.000000 loss_kl_raw=1004353.7500
[eval] adapter_cls=BayesPaperAdapter
[eval] raw_logits_shape=(10, 256, 101)
[eval] reduced_logits_shape=(256, 101)
[Epoch 225] lr=0.014645 train_loss=0.0312 loss_reg=0.0145 val_acc=0.8030 val_nlpd=0.7221 val_ece=0.0339 kl_weight=0.000000 loss_kl_raw=1004585.3125
[eval] adapter_cls=BayesPaperAdapter
[eval] raw_logits_shape=(10, 256, 101)
[eval] reduced_logits_shape=(256, 101)
[Epoch 226] lr=0.014276 train_loss=0.0314 loss_reg=0.0146 val_acc=0.8024 val_nlpd=0.7224 val_ece=0.0347 kl_weight=0.000000 loss_kl_raw=1004807.3125
[eval] adapter_cls=BayesPaperAdapter
[eval] raw_logits_shape=(10, 256, 101)
[eval] reduced_logits_shape=(256, 101)
[Epoch 227] lr=0.013912 train_loss=0.0314 loss_reg=0.0146 val_acc=0.8014 val_nlpd=0.7232 val_ece=0.0352 kl_weight=0.000000 loss_kl_raw=1005022.8750
[eval] adapter_cls=BayesPaperAdapter
[eval] raw_logits_shape=(10, 256, 101)
[eval] reduced_logits_shape=(256, 101)
[Epoch 228] lr=0.013552 train_loss=0.0314 loss_reg=0.0147 val_acc=0.8014 val_nlpd=0.7211 val_ece=0.0353 kl_weight=0.000000 loss_kl_raw=1005231.2500
[eval] adapter_cls=BayesPaperAdapter
[eval] raw_logits_shape=(10, 256, 101)
[eval] reduced_logits_shape=(256, 101)
[Epoch 229] lr=0.013195 train_loss=0.0315 loss_reg=0.0148 val_acc=0.8030 val_nlpd=0.7229 val_ece=0.0341 kl_weight=0.000000 loss_kl_raw=1005435.3750
[eval] adapter_cls=BayesPaperAdapter
[eval] raw_logits_shape=(10, 256, 101)
[eval] reduced_logits_shape=(256, 101)
[Epoch 230] lr=0.012843 train_loss=0.0316 loss_reg=0.0148 val_acc=0.8014 val_nlpd=0.7235 val_ece=0.0353 kl_weight=0.000000 loss_kl_raw=1005635.1875
[eval] adapter_cls=BayesPaperAdapter
[eval] raw_logits_shape=(10, 256, 101)
[eval] reduced_logits_shape=(256, 101)
[Epoch 231] lr=0.012494 train_loss=0.0316 loss_reg=0.0149 val_acc=0.8019 val_nlpd=0.7206 val_ece=0.0347 kl_weight=0.000000 loss_kl_raw=1005825.8125
[eval] adapter_cls=BayesPaperAdapter
[eval] raw_logits_shape=(10, 256, 101)
[eval] reduced_logits_shape=(256, 101)
[Epoch 232] lr=0.012150 train_loss=0.0317 loss_reg=0.0150 val_acc=0.8014 val_nlpd=0.7218 val_ece=0.0356 kl_weight=0.000000 loss_kl_raw=1006012.8125
[eval] adapter_cls=BayesPaperAdapter
[eval] raw_logits_shape=(10, 256, 101)
[eval] reduced_logits_shape=(256, 101)
[Epoch 233] lr=0.011810 train_loss=0.0317 loss_reg=0.0150 val_acc=0.8024 val_nlpd=0.7212 val_ece=0.0345 kl_weight=0.000000 loss_kl_raw=1006192.5000
[eval] adapter_cls=BayesPaperAdapter
[eval] raw_logits_shape=(10, 256, 101)
[eval] reduced_logits_shape=(256, 101)
[Epoch 234] lr=0.011474 train_loss=0.0317 loss_reg=0.0151 val_acc=0.8014 val_nlpd=0.7214 val_ece=0.0356 kl_weight=0.000000 loss_kl_raw=1006366.3125
[eval] adapter_cls=BayesPaperAdapter
[eval] raw_logits_shape=(10, 256, 101)
[eval] reduced_logits_shape=(256, 101)
[Epoch 235] lr=0.011143 train_loss=0.0320 loss_reg=0.0152 val_acc=0.8024 val_nlpd=0.7206 val_ece=0.0345 kl_weight=0.000000 loss_kl_raw=1006536.0000
[eval] adapter_cls=BayesPaperAdapter
[eval] raw_logits_shape=(10, 256, 101)
[eval] reduced_logits_shape=(256, 101)
[Epoch 236] lr=0.010815 train_loss=0.0319 loss_reg=0.0152 val_acc=0.8030 val_nlpd=0.7217 val_ece=0.0339 kl_weight=0.000000 loss_kl_raw=1006697.8125
[eval] adapter_cls=BayesPaperAdapter
[eval] raw_logits_shape=(10, 256, 101)
[eval] reduced_logits_shape=(256, 101)
[Epoch 237] lr=0.010492 train_loss=0.0320 loss_reg=0.0153 val_acc=0.8030 val_nlpd=0.7216 val_ece=0.0340 kl_weight=0.000000 loss_kl_raw=1006854.1250
[eval] adapter_cls=BayesPaperAdapter
[eval] raw_logits_shape=(10, 256, 101)
[eval] reduced_logits_shape=(256, 101)
[Epoch 238] lr=0.010174 train_loss=0.0320 loss_reg=0.0154 val_acc=0.8014 val_nlpd=0.7217 val_ece=0.0357 kl_weight=0.000000 loss_kl_raw=1007009.2500
[eval] adapter_cls=BayesPaperAdapter
[eval] raw_logits_shape=(10, 256, 101)
[eval] reduced_logits_shape=(256, 101)
[Epoch 239] lr=0.009859 train_loss=0.0321 loss_reg=0.0155 val_acc=0.8003 val_nlpd=0.7212 val_ece=0.0368 kl_weight=0.000000 loss_kl_raw=1007162.8750
[eval] adapter_cls=BayesPaperAdapter
[eval] raw_logits_shape=(10, 256, 101)
[eval] reduced_logits_shape=(256, 101)
[Epoch 240] lr=0.009549 train_loss=0.0322 loss_reg=0.0155 val_acc=0.8008 val_nlpd=0.7238 val_ece=0.0358 kl_weight=0.000000 loss_kl_raw=1007306.1875
[eval] adapter_cls=BayesPaperAdapter
[eval] raw_logits_shape=(10, 256, 101)
[eval] reduced_logits_shape=(256, 101)
[Epoch 241] lr=0.009244 train_loss=0.0322 loss_reg=0.0156 val_acc=0.8003 val_nlpd=0.7228 val_ece=0.0364 kl_weight=0.000000 loss_kl_raw=1007446.0625
[eval] adapter_cls=BayesPaperAdapter
[eval] raw_logits_shape=(10, 256, 101)
[eval] reduced_logits_shape=(256, 101)
[Epoch 242] lr=0.008943 train_loss=0.0323 loss_reg=0.0157 val_acc=0.8024 val_nlpd=0.7211 val_ece=0.0345 kl_weight=0.000000 loss_kl_raw=1007579.3750
[eval] adapter_cls=BayesPaperAdapter
[eval] raw_logits_shape=(10, 256, 101)
[eval] reduced_logits_shape=(256, 101)
[Epoch 243] lr=0.008646 train_loss=0.0324 loss_reg=0.0157 val_acc=0.8019 val_nlpd=0.7222 val_ece=0.0351 kl_weight=0.000000 loss_kl_raw=1007707.4375
[eval] adapter_cls=BayesPaperAdapter
[eval] raw_logits_shape=(10, 256, 101)
[eval] reduced_logits_shape=(256, 101)
[Epoch 244] lr=0.008354 train_loss=0.0324 loss_reg=0.0158 val_acc=0.8019 val_nlpd=0.7225 val_ece=0.0350 kl_weight=0.000000 loss_kl_raw=1007832.0000
[eval] adapter_cls=BayesPaperAdapter
[eval] raw_logits_shape=(10, 256, 101)
[eval] reduced_logits_shape=(256, 101)
[Epoch 245] lr=0.008066 train_loss=0.0324 loss_reg=0.0159 val_acc=0.8008 val_nlpd=0.7218 val_ece=0.0364 kl_weight=0.000000 loss_kl_raw=1007949.0625
[eval] adapter_cls=BayesPaperAdapter
[eval] raw_logits_shape=(10, 256, 101)
[eval] reduced_logits_shape=(256, 101)
[Epoch 246] lr=0.007784 train_loss=0.0326 loss_reg=0.0159 val_acc=0.8008 val_nlpd=0.7220 val_ece=0.0361 kl_weight=0.000000 loss_kl_raw=1008063.4375
[eval] adapter_cls=BayesPaperAdapter
[eval] raw_logits_shape=(10, 256, 101)
[eval] reduced_logits_shape=(256, 101)
[Epoch 247] lr=0.007505 train_loss=0.0326 loss_reg=0.0160 val_acc=0.8014 val_nlpd=0.7209 val_ece=0.0357 kl_weight=0.000000 loss_kl_raw=1008174.6875
[eval] adapter_cls=BayesPaperAdapter
[eval] raw_logits_shape=(10, 256, 101)
[eval] reduced_logits_shape=(256, 101)
[Epoch 248] lr=0.007232 train_loss=0.0327 loss_reg=0.0161 val_acc=0.8014 val_nlpd=0.7225 val_ece=0.0357 kl_weight=0.000000 loss_kl_raw=1008280.9375
[eval] adapter_cls=BayesPaperAdapter
[eval] raw_logits_shape=(10, 256, 101)
[eval] reduced_logits_shape=(256, 101)
[Epoch 249] lr=0.006963 train_loss=0.0326 loss_reg=0.0161 val_acc=0.8024 val_nlpd=0.7220 val_ece=0.0346 kl_weight=0.000000 loss_kl_raw=1008382.6875
[eval] adapter_cls=BayesPaperAdapter
[eval] raw_logits_shape=(10, 256, 101)
[eval] reduced_logits_shape=(256, 101)
[Epoch 250] lr=0.006699 train_loss=0.0328 loss_reg=0.0162 val_acc=0.8014 val_nlpd=0.7225 val_ece=0.0354 kl_weight=0.000000 loss_kl_raw=1008481.8750
[eval] adapter_cls=BayesPaperAdapter
[eval] raw_logits_shape=(10, 256, 101)
[eval] reduced_logits_shape=(256, 101)
[Epoch 251] lr=0.006439 train_loss=0.0329 loss_reg=0.0163 val_acc=0.8003 val_nlpd=0.7218 val_ece=0.0364 kl_weight=0.000000 loss_kl_raw=1008576.9375
[eval] adapter_cls=BayesPaperAdapter
[eval] raw_logits_shape=(10, 256, 101)
[eval] reduced_logits_shape=(256, 101)
[Epoch 252] lr=0.006185 train_loss=0.0329 loss_reg=0.0163 val_acc=0.8008 val_nlpd=0.7226 val_ece=0.0362 kl_weight=0.000000 loss_kl_raw=1008668.6250
[eval] adapter_cls=BayesPaperAdapter
[eval] raw_logits_shape=(10, 256, 101)
[eval] reduced_logits_shape=(256, 101)
[Epoch 253] lr=0.005935 train_loss=0.0329 loss_reg=0.0164 val_acc=0.7993 val_nlpd=0.7224 val_ece=0.0377 kl_weight=0.000000 loss_kl_raw=1008755.5000
[eval] adapter_cls=BayesPaperAdapter
[eval] raw_logits_shape=(10, 256, 101)
[eval] reduced_logits_shape=(256, 101)
[Epoch 254] lr=0.005690 train_loss=0.0330 loss_reg=0.0165 val_acc=0.8024 val_nlpd=0.7210 val_ece=0.0346 kl_weight=0.000000 loss_kl_raw=1008838.4375
[eval] adapter_cls=BayesPaperAdapter
[eval] raw_logits_shape=(10, 256, 101)
[eval] reduced_logits_shape=(256, 101)
[Epoch 255] lr=0.005450 train_loss=0.0331 loss_reg=0.0165 val_acc=0.8024 val_nlpd=0.7225 val_ece=0.0345 kl_weight=0.000000 loss_kl_raw=1008917.4375
[eval] adapter_cls=BayesPaperAdapter
[eval] raw_logits_shape=(10, 256, 101)
[eval] reduced_logits_shape=(256, 101)
[Epoch 256] lr=0.005214 train_loss=0.0332 loss_reg=0.0166 val_acc=0.8024 val_nlpd=0.7217 val_ece=0.0348 kl_weight=0.000000 loss_kl_raw=1008990.4375
[eval] adapter_cls=BayesPaperAdapter
[eval] raw_logits_shape=(10, 256, 101)
[eval] reduced_logits_shape=(256, 101)
[Epoch 257] lr=0.004984 train_loss=0.0332 loss_reg=0.0167 val_acc=0.8024 val_nlpd=0.7221 val_ece=0.0346 kl_weight=0.000000 loss_kl_raw=1009060.5625
[eval] adapter_cls=BayesPaperAdapter
[eval] raw_logits_shape=(10, 256, 101)
[eval] reduced_logits_shape=(256, 101)
[Epoch 258] lr=0.004759 train_loss=0.0333 loss_reg=0.0167 val_acc=0.8003 val_nlpd=0.7214 val_ece=0.0367 kl_weight=0.000000 loss_kl_raw=1009128.6250
[eval] adapter_cls=BayesPaperAdapter
[eval] raw_logits_shape=(10, 256, 101)
[eval] reduced_logits_shape=(256, 101)
[Epoch 259] lr=0.004538 train_loss=0.0335 loss_reg=0.0168 val_acc=0.8019 val_nlpd=0.7208 val_ece=0.0350 kl_weight=0.000000 loss_kl_raw=1009193.0625
[eval] adapter_cls=BayesPaperAdapter
[eval] raw_logits_shape=(10, 256, 101)
[eval] reduced_logits_shape=(256, 101)
[Epoch 260] lr=0.004323 train_loss=0.0334 loss_reg=0.0168 val_acc=0.8014 val_nlpd=0.7206 val_ece=0.0357 kl_weight=0.000000 loss_kl_raw=1009254.9375
[eval] adapter_cls=BayesPaperAdapter
[eval] raw_logits_shape=(10, 256, 101)
[eval] reduced_logits_shape=(256, 101)
[Epoch 261] lr=0.004112 train_loss=0.0335 loss_reg=0.0169 val_acc=0.8024 val_nlpd=0.7208 val_ece=0.0348 kl_weight=0.000000 loss_kl_raw=1009314.1250
[eval] adapter_cls=BayesPaperAdapter
[eval] raw_logits_shape=(10, 256, 101)
[eval] reduced_logits_shape=(256, 101)
[Epoch 262] lr=0.003907 train_loss=0.0335 loss_reg=0.0170 val_acc=0.8014 val_nlpd=0.7228 val_ece=0.0356 kl_weight=0.000000 loss_kl_raw=1009368.3125
[eval] adapter_cls=BayesPaperAdapter
[eval] raw_logits_shape=(10, 256, 101)
[eval] reduced_logits_shape=(256, 101)
[Epoch 263] lr=0.003706 train_loss=0.0336 loss_reg=0.0170 val_acc=0.7998 val_nlpd=0.7219 val_ece=0.0373 kl_weight=0.000000 loss_kl_raw=1009419.5625
[eval] adapter_cls=BayesPaperAdapter
[eval] raw_logits_shape=(10, 256, 101)
[eval] reduced_logits_shape=(256, 101)
[Epoch 264] lr=0.003511 train_loss=0.0336 loss_reg=0.0171 val_acc=0.8024 val_nlpd=0.7217 val_ece=0.0342 kl_weight=0.000000 loss_kl_raw=1009468.1250
[eval] adapter_cls=BayesPaperAdapter
[eval] raw_logits_shape=(10, 256, 101)
[eval] reduced_logits_shape=(256, 101)
[Epoch 265] lr=0.003321 train_loss=0.0338 loss_reg=0.0172 val_acc=0.8008 val_nlpd=0.7221 val_ece=0.0361 kl_weight=0.000000 loss_kl_raw=1009514.3125
[eval] adapter_cls=BayesPaperAdapter
[eval] raw_logits_shape=(10, 256, 101)
[eval] reduced_logits_shape=(256, 101)
[Epoch 266] lr=0.003136 train_loss=0.0338 loss_reg=0.0172 val_acc=0.8019 val_nlpd=0.7194 val_ece=0.0351 kl_weight=0.000000 loss_kl_raw=1009558.6250
[eval] adapter_cls=BayesPaperAdapter
[eval] raw_logits_shape=(10, 256, 101)
[eval] reduced_logits_shape=(256, 101)
[Epoch 267] lr=0.002956 train_loss=0.0340 loss_reg=0.0173 val_acc=0.8003 val_nlpd=0.7202 val_ece=0.0371 kl_weight=0.000000 loss_kl_raw=1009600.9375
[eval] adapter_cls=BayesPaperAdapter
[eval] raw_logits_shape=(10, 256, 101)
[eval] reduced_logits_shape=(256, 101)
[Epoch 268] lr=0.002781 train_loss=0.0338 loss_reg=0.0174 val_acc=0.7998 val_nlpd=0.7219 val_ece=0.0373 kl_weight=0.000000 loss_kl_raw=1009640.0625
[eval] adapter_cls=BayesPaperAdapter
[eval] raw_logits_shape=(10, 256, 101)
[eval] reduced_logits_shape=(256, 101)
[Epoch 269] lr=0.002612 train_loss=0.0341 loss_reg=0.0174 val_acc=0.8008 val_nlpd=0.7211 val_ece=0.0361 kl_weight=0.000000 loss_kl_raw=1009677.1875
[eval] adapter_cls=BayesPaperAdapter
[eval] raw_logits_shape=(10, 256, 101)
[eval] reduced_logits_shape=(256, 101)
[Epoch 270] lr=0.002447 train_loss=0.0340 loss_reg=0.0175 val_acc=0.8003 val_nlpd=0.7218 val_ece=0.0368 kl_weight=0.000000 loss_kl_raw=1009711.6875
[eval] adapter_cls=BayesPaperAdapter
[eval] raw_logits_shape=(10, 256, 101)
[eval] reduced_logits_shape=(256, 101)
[Epoch 271] lr=0.002288 train_loss=0.0342 loss_reg=0.0176 val_acc=0.8024 val_nlpd=0.7222 val_ece=0.0345 kl_weight=0.000000 loss_kl_raw=1009743.8125
[eval] adapter_cls=BayesPaperAdapter
[eval] raw_logits_shape=(10, 256, 101)
[eval] reduced_logits_shape=(256, 101)
[Epoch 272] lr=0.002134 train_loss=0.0342 loss_reg=0.0176 val_acc=0.7998 val_nlpd=0.7214 val_ece=0.0374 kl_weight=0.000000 loss_kl_raw=1009773.3750
[eval] adapter_cls=BayesPaperAdapter
[eval] raw_logits_shape=(10, 256, 101)
[eval] reduced_logits_shape=(256, 101)
[Epoch 273] lr=0.001985 train_loss=0.0341 loss_reg=0.0177 val_acc=0.8019 val_nlpd=0.7215 val_ece=0.0352 kl_weight=0.000000 loss_kl_raw=1009801.1875
[eval] adapter_cls=BayesPaperAdapter
[eval] raw_logits_shape=(10, 256, 101)
[eval] reduced_logits_shape=(256, 101)
[Epoch 274] lr=0.001842 train_loss=0.0344 loss_reg=0.0178 val_acc=0.7998 val_nlpd=0.7236 val_ece=0.0373 kl_weight=0.000000 loss_kl_raw=1009826.6875
[eval] adapter_cls=BayesPaperAdapter
[eval] raw_logits_shape=(10, 256, 101)
[eval] reduced_logits_shape=(256, 101)
[Epoch 275] lr=0.001704 train_loss=0.0343 loss_reg=0.0178 val_acc=0.8008 val_nlpd=0.7219 val_ece=0.0363 kl_weight=0.000000 loss_kl_raw=1009850.8125
[eval] adapter_cls=BayesPaperAdapter
[eval] raw_logits_shape=(10, 256, 101)
[eval] reduced_logits_shape=(256, 101)
[Epoch 276] lr=0.001571 train_loss=0.0344 loss_reg=0.0179 val_acc=0.8030 val_nlpd=0.7228 val_ece=0.0340 kl_weight=0.000000 loss_kl_raw=1009872.9375
[eval] adapter_cls=BayesPaperAdapter
[eval] raw_logits_shape=(10, 256, 101)
[eval] reduced_logits_shape=(256, 101)
[Epoch 277] lr=0.001443 train_loss=0.0344 loss_reg=0.0180 val_acc=0.7998 val_nlpd=0.7217 val_ece=0.0373 kl_weight=0.000000 loss_kl_raw=1009893.5625
[eval] adapter_cls=BayesPaperAdapter
[eval] raw_logits_shape=(10, 256, 101)
[eval] reduced_logits_shape=(256, 101)
[Epoch 278] lr=0.001321 train_loss=0.0345 loss_reg=0.0180 val_acc=0.8014 val_nlpd=0.7218 val_ece=0.0358 kl_weight=0.000000 loss_kl_raw=1009912.0625
[eval] adapter_cls=BayesPaperAdapter
[eval] raw_logits_shape=(10, 256, 101)
[eval] reduced_logits_shape=(256, 101)
[Epoch 279] lr=0.001204 train_loss=0.0346 loss_reg=0.0181 val_acc=0.8019 val_nlpd=0.7201 val_ece=0.0354 kl_weight=0.000000 loss_kl_raw=1009928.8125
[eval] adapter_cls=BayesPaperAdapter
[eval] raw_logits_shape=(10, 256, 101)
[eval] reduced_logits_shape=(256, 101)
[Epoch 280] lr=0.001093 train_loss=0.0346 loss_reg=0.0182 val_acc=0.8035 val_nlpd=0.7207 val_ece=0.0333 kl_weight=0.000000 loss_kl_raw=1009944.3750
[eval] adapter_cls=BayesPaperAdapter
[eval] raw_logits_shape=(10, 256, 101)
[eval] reduced_logits_shape=(256, 101)
[Epoch 281] lr=0.000986 train_loss=0.0347 loss_reg=0.0182 val_acc=0.8019 val_nlpd=0.7207 val_ece=0.0349 kl_weight=0.000000 loss_kl_raw=1009958.1875
[eval] adapter_cls=BayesPaperAdapter
[eval] raw_logits_shape=(10, 256, 101)
[eval] reduced_logits_shape=(256, 101)
[Epoch 282] lr=0.000886 train_loss=0.0348 loss_reg=0.0183 val_acc=0.8014 val_nlpd=0.7211 val_ece=0.0361 kl_weight=0.000000 loss_kl_raw=1009970.6875
[eval] adapter_cls=BayesPaperAdapter
[eval] raw_logits_shape=(10, 256, 101)
[eval] reduced_logits_shape=(256, 101)
[Epoch 283] lr=0.000790 train_loss=0.0348 loss_reg=0.0184 val_acc=0.8019 val_nlpd=0.7217 val_ece=0.0348 kl_weight=0.000000 loss_kl_raw=1009982.0625
[eval] adapter_cls=BayesPaperAdapter
[eval] raw_logits_shape=(10, 256, 101)
[eval] reduced_logits_shape=(256, 101)
[Epoch 284] lr=0.000700 train_loss=0.0350 loss_reg=0.0184 val_acc=0.8019 val_nlpd=0.7225 val_ece=0.0349 kl_weight=0.000000 loss_kl_raw=1009992.3125
[eval] adapter_cls=BayesPaperAdapter
[eval] raw_logits_shape=(10, 256, 101)
[eval] reduced_logits_shape=(256, 101)
[Epoch 285] lr=0.000616 train_loss=0.0350 loss_reg=0.0185 val_acc=0.8014 val_nlpd=0.7182 val_ece=0.0358 kl_weight=0.000000 loss_kl_raw=1010001.0625
[eval] adapter_cls=BayesPaperAdapter
[eval] raw_logits_shape=(10, 256, 101)
[eval] reduced_logits_shape=(256, 101)
[Epoch 286] lr=0.000536 train_loss=0.0352 loss_reg=0.0186 val_acc=0.8019 val_nlpd=0.7220 val_ece=0.0351 kl_weight=0.000000 loss_kl_raw=1010009.0625
[eval] adapter_cls=BayesPaperAdapter
[eval] raw_logits_shape=(10, 256, 101)
[eval] reduced_logits_shape=(256, 101)
[Epoch 287] lr=0.000463 train_loss=0.0352 loss_reg=0.0186 val_acc=0.8008 val_nlpd=0.7211 val_ece=0.0363 kl_weight=0.000000 loss_kl_raw=1010016.0625
[eval] adapter_cls=BayesPaperAdapter
[eval] raw_logits_shape=(10, 256, 101)
[eval] reduced_logits_shape=(256, 101)
[Epoch 288] lr=0.000394 train_loss=0.0352 loss_reg=0.0187 val_acc=0.8019 val_nlpd=0.7231 val_ece=0.0353 kl_weight=0.000000 loss_kl_raw=1010022.0625
[eval] adapter_cls=BayesPaperAdapter
[eval] raw_logits_shape=(10, 256, 101)
[eval] reduced_logits_shape=(256, 101)
[Epoch 289] lr=0.000331 train_loss=0.0352 loss_reg=0.0188 val_acc=0.7998 val_nlpd=0.7221 val_ece=0.0372 kl_weight=0.000000 loss_kl_raw=1010027.1250
[eval] adapter_cls=BayesPaperAdapter
[eval] raw_logits_shape=(10, 256, 101)
[eval] reduced_logits_shape=(256, 101)
[Epoch 290] lr=0.000274 train_loss=0.0354 loss_reg=0.0188 val_acc=0.8014 val_nlpd=0.7217 val_ece=0.0358 kl_weight=0.000000 loss_kl_raw=1010031.3125
[eval] adapter_cls=BayesPaperAdapter
[eval] raw_logits_shape=(10, 256, 101)
[eval] reduced_logits_shape=(256, 101)
[Epoch 291] lr=0.000222 train_loss=0.0353 loss_reg=0.0189 val_acc=0.8024 val_nlpd=0.7215 val_ece=0.0347 kl_weight=0.000000 loss_kl_raw=1010034.8125
[eval] adapter_cls=BayesPaperAdapter
[eval] raw_logits_shape=(10, 256, 101)
[eval] reduced_logits_shape=(256, 101)
[Epoch 292] lr=0.000175 train_loss=0.0354 loss_reg=0.0189 val_acc=0.8019 val_nlpd=0.7218 val_ece=0.0350 kl_weight=0.000000 loss_kl_raw=1010037.6875
[eval] adapter_cls=BayesPaperAdapter
[eval] raw_logits_shape=(10, 256, 101)
[eval] reduced_logits_shape=(256, 101)
[Epoch 293] lr=0.000134 train_loss=0.0356 loss_reg=0.0190 val_acc=0.8008 val_nlpd=0.7224 val_ece=0.0362 kl_weight=0.000000 loss_kl_raw=1010039.9375
[eval] adapter_cls=BayesPaperAdapter
[eval] raw_logits_shape=(10, 256, 101)
[eval] reduced_logits_shape=(256, 101)
[Epoch 294] lr=0.000099 train_loss=0.0357 loss_reg=0.0191 val_acc=0.8014 val_nlpd=0.7232 val_ece=0.0357 kl_weight=0.000000 loss_kl_raw=1010041.6875
[eval] adapter_cls=BayesPaperAdapter
[eval] raw_logits_shape=(10, 256, 101)
[eval] reduced_logits_shape=(256, 101)
[Epoch 295] lr=0.000069 train_loss=0.0358 loss_reg=0.0191 val_acc=0.8019 val_nlpd=0.7219 val_ece=0.0352 kl_weight=0.000000 loss_kl_raw=1010042.9375
[eval] adapter_cls=BayesPaperAdapter
[eval] raw_logits_shape=(10, 256, 101)
[eval] reduced_logits_shape=(256, 101)
[Epoch 296] lr=0.000044 train_loss=0.0357 loss_reg=0.0192 val_acc=0.8014 val_nlpd=0.7202 val_ece=0.0358 kl_weight=0.000000 loss_kl_raw=1010043.8125
[eval] adapter_cls=BayesPaperAdapter
[eval] raw_logits_shape=(10, 256, 101)
[eval] reduced_logits_shape=(256, 101)
[Epoch 297] lr=0.000025 train_loss=0.0358 loss_reg=0.0193 val_acc=0.8030 val_nlpd=0.7235 val_ece=0.0339 kl_weight=0.000000 loss_kl_raw=1010044.4375
[eval] adapter_cls=BayesPaperAdapter
[eval] raw_logits_shape=(10, 256, 101)
[eval] reduced_logits_shape=(256, 101)
[Epoch 298] lr=0.000011 train_loss=0.0358 loss_reg=0.0193 val_acc=0.8014 val_nlpd=0.7212 val_ece=0.0356 kl_weight=0.000000 loss_kl_raw=1010044.6875
[eval] adapter_cls=BayesPaperAdapter
[eval] raw_logits_shape=(10, 256, 101)
[eval] reduced_logits_shape=(256, 101)
[Epoch 299] lr=0.000003 train_loss=0.0361 loss_reg=0.0194 val_acc=0.8030 val_nlpd=0.7202 val_ece=0.0341 kl_weight=0.000000 loss_kl_raw=1010044.8125
[eval] adapter_cls=BayesPaperAdapter
[eval] raw_logits_shape=(10, 256, 101)
[eval] reduced_logits_shape=(256, 101)
[Epoch 300] lr=0.000000 train_loss=0.0359 loss_reg=0.0195 val_acc=0.8008 val_nlpd=0.7196 val_ece=0.0363 kl_weight=0.000000 loss_kl_raw=1010044.8125
[done] training complete:
{
  "family": "vlm_adapter",
  "variant": "BAYESADAPTER",
  "protocol": "id",
  "dataset": "ucf101",
  "seed": 1,
  "model_selection": "last",
  "selection_metric": "acc",
  "selection_mode": "max",
  "best_epoch": 210,
  "best_val_metrics_saved": {
    "loss": 0.7237640217307747,
    "acc": 0.8040041923522949,
    "nlpd": 0.7222968339920044,
    "ece": 0.03251362964510918,
    "aece": 0.03284266741810911,
    "raw_cov_99": 0.3303477466106415,
    "sel_acc_99": 0.9968101978302002,
    "reliable_99": 1.0,
    "cov_99": 0.3303477466106415,
    "class_cov_99": 0.801980198019802,
    "raw_cov_95": 0.49736565351486206,
    "sel_acc_95": 0.9798728823661804,
    "reliable_95": 1.0,
    "cov_95": 0.49736565351486206,
    "class_cov_95": 0.9306930693069307,
    "raw_cov_90": 0.5890411138534546,
    "sel_acc_90": 0.960644006729126,
    "reliable_90": 1.0,
    "cov_90": 0.5890411138534546,
    "class_cov_90": 0.9801980198019802,
    "raw_cov_85": 0.6496312022209167,
    "sel_acc_85": 0.9545823335647583,
    "reliable_85": 1.0,
    "cov_85": 0.6496312022209167,
    "class_cov_85": 1.0,
    "raw_cov_80": 0.6865121126174927,
    "sel_acc_80": 0.9416730403900146,
    "reliable_80": 1.0,
    "cov_80": 0.6865121126174927,
    "class_cov_80": 1.0
  },
  "last_epoch": 300,
  "last_val_metrics_saved": {
    "loss": 0.7210215384138648,
    "acc": 0.8008430004119873,
    "nlpd": 0.7195661067962646,
    "ece": 0.03629370778799057,
    "aece": 0.03662173184629989,
    "raw_cov_99": 0.3298208713531494,
    "sel_acc_99": 0.9968051314353943,
    "reliable_99": 1.0,
    "cov_99": 0.3298208713531494,
    "class_cov_99": 0.8217821782178217,
    "raw_cov_95": 0.4984193742275238,
    "sel_acc_95": 0.97991544008255,
    "reliable_95": 1.0,
    "cov_95": 0.4984193742275238,
    "class_cov_95": 0.9306930693069307,
    "raw_cov_90": 0.5916754603385925,
    "sel_acc_90": 0.9608192443847656,
    "reliable_90": 1.0,
    "cov_90": 0.5916754603385925,
    "class_cov_90": 0.9801980198019802,
    "raw_cov_85": 0.6506849527359009,
    "sel_acc_85": 0.9538461565971375,
    "reliable_85": 1.0,
    "cov_85": 0.6506849527359009,
    "class_cov_85": 1.0,
    "raw_cov_80": 0.6896733641624451,
    "sel_acc_80": 0.9404125213623047,
    "reliable_80": 1.0,
    "cov_80": 0.6896733641624451,
    "class_cov_80": 1.0
  },
  "run_dir": "/root/autodl-tmp/BayesVLM/output/vlm_adapter/id/ucf101/BAYESADAPTER/BAYESADAPTER/logit_scale_frozen/prior_text_only__seed_1__last/shot_4/seed_1",
  "elapsed_seconds": 27.6,
  "artifacts": {
    "log_file": "train/train.log",
    "config_file": "config/config.json",
    "class_names_file": "config/class_names.json",
    "metrics_csv_file": "train/metrics_history.csv",
    "best_ckpt_file": "checkpoints/best_adapter.pt",
    "last_ckpt_file": "checkpoints/last_adapter.pt"
  }
}
