[run] family=vlm_adapter
[run] variant=BAYESADAPTER
[run] protocol=id
[run] dataset=ucf101
[run] model=clip-base
[run] shots_per_class=1
[run] seed=1
[run] device=cuda
[run] run_dir=/root/autodl-tmp/BayesVLM/output/vlm_adapter/id/ucf101/BAYESADAPTER/BAYESADAPTER/logit_scale_frozen/prior_text_only__seed_1__last/shot_1/seed_1
[run] optimizer=sgd
[run] lr_scheduler=cosine
[run] model_selection=last
[note] pseudo_data_count=None retained only for explicit config parity.
[note] bayesadapter_covariance_mode=paper_scalar
[note] bayesadapter_text_only_run_dir=./output/text_only_bayes_coop_bayes/id/ucf101/logit_scale_frozen/shot_1/seed_1
[note] bayesadapter_text_only_ckpt=last
===== train =====
num_classes: 101
  0 | Apply_Eye_Makeup          | 1
  1 | Apply_Lipstick            | 1
  2 | Archery                   | 1
  3 | Baby_Crawling             | 1
  4 | Balance_Beam              | 1
  5 | Band_Marching             | 1
  6 | Baseball_Pitch            | 1
  7 | Basketball                | 1
  8 | Basketball_Dunk           | 1
  9 | Bench_Press               | 1
 10 | Biking                    | 1
 11 | Billiards                 | 1
 12 | Blow_Dry_Hair             | 1
 13 | Blowing_Candles           | 1
 14 | Body_Weight_Squats        | 1
 15 | Bowling                   | 1
 16 | Boxing_Punching_Bag       | 1
 17 | Boxing_Speed_Bag          | 1
 18 | Breast_Stroke             | 1
 19 | Brushing_Teeth            | 1
 20 | Clean_And_Jerk            | 1
 21 | Cliff_Diving              | 1
 22 | Cricket_Bowling           | 1
 23 | Cricket_Shot              | 1
 24 | Cutting_In_Kitchen        | 1
 25 | Diving                    | 1
 26 | Drumming                  | 1
 27 | Fencing                   | 1
 28 | Field_Hockey_Penalty      | 1
 29 | Floor_Gymnastics          | 1
 30 | Frisbee_Catch             | 1
 31 | Front_Crawl               | 1
 32 | Golf_Swing                | 1
 33 | Haircut                   | 1
 34 | Hammering                 | 1
 35 | Hammer_Throw              | 1
 36 | Handstand_Pushups         | 1
 37 | Handstand_Walking         | 1
 38 | Head_Massage              | 1
 39 | High_Jump                 | 1
 40 | Horse_Race                | 1
 41 | Horse_Riding              | 1
 42 | Hula_Hoop                 | 1
 43 | Ice_Dancing               | 1
 44 | Javelin_Throw             | 1
 45 | Juggling_Balls            | 1
 46 | Jumping_Jack              | 1
 47 | Jump_Rope                 | 1
 48 | Kayaking                  | 1
 49 | Knitting                  | 1
 50 | Long_Jump                 | 1
 51 | Lunges                    | 1
 52 | Military_Parade           | 1
 53 | Mixing                    | 1
 54 | Mopping_Floor             | 1
 55 | Nunchucks                 | 1
 56 | Parallel_Bars             | 1
 57 | Pizza_Tossing             | 1
 58 | Playing_Cello             | 1
 59 | Playing_Daf               | 1
 60 | Playing_Dhol              | 1
 61 | Playing_Flute             | 1
 62 | Playing_Guitar            | 1
 63 | Playing_Piano             | 1
 64 | Playing_Sitar             | 1
 65 | Playing_Tabla             | 1
 66 | Playing_Violin            | 1
 67 | Pole_Vault                | 1
 68 | Pommel_Horse              | 1
 69 | Pull_Ups                  | 1
 70 | Punch                     | 1
 71 | Push_Ups                  | 1
 72 | Rafting                   | 1
 73 | Rock_Climbing_Indoor      | 1
 74 | Rope_Climbing             | 1
 75 | Rowing                    | 1
 76 | Salsa_Spin                | 1
 77 | Shaving_Beard             | 1
 78 | Shotput                   | 1
 79 | Skate_Boarding            | 1
 80 | Skiing                    | 1
 81 | Skijet                    | 1
 82 | Sky_Diving                | 1
 83 | Soccer_Juggling           | 1
 84 | Soccer_Penalty            | 1
 85 | Still_Rings               | 1
 86 | Sumo_Wrestling            | 1
 87 | Surfing                   | 1
 88 | Swing                     | 1
 89 | Table_Tennis_Shot         | 1
 90 | Tai_Chi                   | 1
 91 | Tennis_Swing              | 1
 92 | Throw_Discus              | 1
 93 | Trampoline_Jumping        | 1
 94 | Typing                    | 1
 95 | Uneven_Bars               | 1
 96 | Volleyball_Spiking        | 1
 97 | Walking_With_Dog          | 1
 98 | Wall_Pushups              | 1
 99 | Writing_On_Board          | 1
100 | Yo_Yo                     | 1
===== test =====
num_classes: 101
  0 | Apply_Eye_Makeup          | 44
  1 | Apply_Lipstick            | 32
  2 | Archery                   | 41
  3 | Baby_Crawling             | 35
  4 | Balance_Beam              | 31
  5 | Band_Marching             | 43
  6 | Baseball_Pitch            | 43
  7 | Basketball                | 35
  8 | Basketball_Dunk           | 37
  9 | Bench_Press               | 48
 10 | Biking                    | 38
 11 | Billiards                 | 40
 12 | Blow_Dry_Hair             | 38
 13 | Blowing_Candles           | 33
 14 | Body_Weight_Squats        | 30
 15 | Bowling                   | 43
 16 | Boxing_Punching_Bag       | 49
 17 | Boxing_Speed_Bag          | 37
 18 | Breast_Stroke             | 28
 19 | Brushing_Teeth            | 36
 20 | Clean_And_Jerk            | 33
 21 | Cliff_Diving              | 39
 22 | Cricket_Bowling           | 36
 23 | Cricket_Shot              | 49
 24 | Cutting_In_Kitchen        | 33
 25 | Diving                    | 45
 26 | Drumming                  | 45
 27 | Fencing                   | 34
 28 | Field_Hockey_Penalty      | 40
 29 | Floor_Gymnastics          | 36
 30 | Frisbee_Catch             | 37
 31 | Front_Crawl               | 37
 32 | Golf_Swing                | 39
 33 | Haircut                   | 33
 34 | Hammering                 | 33
 35 | Hammer_Throw              | 45
 36 | Handstand_Pushups         | 28
 37 | Handstand_Walking         | 34
 38 | Head_Massage              | 41
 39 | High_Jump                 | 37
 40 | Horse_Race                | 35
 41 | Horse_Riding              | 49
 42 | Hula_Hoop                 | 34
 43 | Ice_Dancing               | 46
 44 | Javelin_Throw             | 31
 45 | Juggling_Balls            | 40
 46 | Jumping_Jack              | 37
 47 | Jump_Rope                 | 38
 48 | Kayaking                  | 36
 49 | Knitting                  | 34
 50 | Long_Jump                 | 39
 51 | Lunges                    | 37
 52 | Military_Parade           | 33
 53 | Mixing                    | 45
 54 | Mopping_Floor             | 34
 55 | Nunchucks                 | 35
 56 | Parallel_Bars             | 37
 57 | Pizza_Tossing             | 33
 58 | Playing_Cello             | 44
 59 | Playing_Daf               | 41
 60 | Playing_Dhol              | 49
 61 | Playing_Flute             | 48
 62 | Playing_Guitar            | 43
 63 | Playing_Piano             | 28
 64 | Playing_Sitar             | 44
 65 | Playing_Tabla             | 31
 66 | Playing_Violin            | 28
 67 | Pole_Vault                | 40
 68 | Pommel_Horse              | 35
 69 | Pull_Ups                  | 28
 70 | Punch                     | 39
 71 | Push_Ups                  | 30
 72 | Rafting                   | 28
 73 | Rock_Climbing_Indoor      | 41
 74 | Rope_Climbing             | 34
 75 | Rowing                    | 36
 76 | Salsa_Spin                | 43
 77 | Shaving_Beard             | 43
 78 | Shotput                   | 46
 79 | Skate_Boarding            | 32
 80 | Skiing                    | 40
 81 | Skijet                    | 28
 82 | Sky_Diving                | 31
 83 | Soccer_Juggling           | 39
 84 | Soccer_Penalty            | 41
 85 | Still_Rings               | 32
 86 | Sumo_Wrestling            | 34
 87 | Surfing                   | 33
 88 | Swing                     | 42
 89 | Table_Tennis_Shot         | 39
 90 | Tai_Chi                   | 28
 91 | Tennis_Swing              | 49
 92 | Throw_Discus              | 38
 93 | Trampoline_Jumping        | 32
 94 | Typing                    | 43
 95 | Uneven_Bars               | 28
 96 | Volleyball_Spiking        | 35
 97 | Walking_With_Dog          | 36
 98 | Wall_Pushups              | 35
 99 | Writing_On_Board          | 45
100 | Yo_Yo                     | 36
[load_model] 使用本地模型目录：/root/autodl-tmp/BayesVLM/models/clip-vit-b32
[cache] dataset=ucf101 split=id_train cache_dir=/root/autodl-tmp/BayesVLM/cache/image_features/ucf101/model_clip-base/weights__root_autodl-tmp_BayesVLM_models_clip-vit-b32/imgsz_224/tfm_cf4d0ebdf93a/id_train
[cache] manifest 不匹配，准备重建。
[cache] manifest_diff_keys=['sample_keys_sha256']
[cache]   sample_keys_sha256: current=97dafc03e5fbf1caf3dd27ca7ce7e9df42357d64b7b5deed4498a303201dc623 | expected=e5657f1f13b6268ea86b790d7eb8b9ae619fb0506c41bc17e7ca19133205bea3
  0%|          | 0/1 [00:00<?, ?it/s]100%|##########| 1/1 [00:00<00:00,  1.46it/s]100%|##########| 1/1 [00:00<00:00,  1.46it/s]
[cache] 已完成重建并写入 manifest。
[cache] dataset=ucf101 split=id_train_eval cache_dir=/root/autodl-tmp/BayesVLM/cache/image_features/ucf101/model_clip-base/weights__root_autodl-tmp_BayesVLM_models_clip-vit-b32/imgsz_224/tfm_cf4d0ebdf93a/id_train_eval
[cache] manifest 不匹配，准备重建。
[cache] manifest_diff_keys=['sample_keys_sha256']
[cache]   sample_keys_sha256: current=97dafc03e5fbf1caf3dd27ca7ce7e9df42357d64b7b5deed4498a303201dc623 | expected=e5657f1f13b6268ea86b790d7eb8b9ae619fb0506c41bc17e7ca19133205bea3
  0%|          | 0/1 [00:00<?, ?it/s]100%|##########| 1/1 [00:00<00:00,  2.14it/s]100%|##########| 1/1 [00:00<00:00,  2.13it/s]
[cache] 已完成重建并写入 manifest。
[cache] dataset=ucf101 split=id_val cache_dir=/root/autodl-tmp/BayesVLM/cache/image_features/ucf101/model_clip-base/weights__root_autodl-tmp_BayesVLM_models_clip-vit-b32/imgsz_224/tfm_cf4d0ebdf93a/id_val
[cache] 命中缓存，直接加载。
[cache] dataset=ucf101 split=id_test cache_dir=/root/autodl-tmp/BayesVLM/cache/image_features/ucf101/model_clip-base/weights__root_autodl-tmp_BayesVLM_models_clip-vit-b32/imgsz_224/tfm_cf4d0ebdf93a/id_test
[cache] 命中缓存，直接加载。
[train] starting training loop ...
[eval] adapter_cls=BayesPaperAdapter
[eval] raw_logits_shape=(10, 256, 101)
[eval] reduced_logits_shape=(256, 101)
[Epoch 001] lr=0.099997 train_loss=1.7638 loss_reg=0.0000 val_acc=0.6502 val_nlpd=1.3162 val_ece=0.1004 kl_weight=0.000000 loss_kl_raw=51712.0000
[eval] adapter_cls=BayesPaperAdapter
[eval] raw_logits_shape=(10, 256, 101)
[eval] reduced_logits_shape=(256, 101)
[Epoch 002] lr=0.099989 train_loss=1.6989 loss_reg=0.0000 val_acc=0.6565 val_nlpd=1.2806 val_ece=0.0946 kl_weight=0.000000 loss_kl_raw=51782.1289
[eval] adapter_cls=BayesPaperAdapter
[eval] raw_logits_shape=(10, 256, 101)
[eval] reduced_logits_shape=(256, 101)
[Epoch 003] lr=0.099975 train_loss=1.5652 loss_reg=0.0000 val_acc=0.6623 val_nlpd=1.2349 val_ece=0.0864 kl_weight=0.000000 loss_kl_raw=52290.8125
[eval] adapter_cls=BayesPaperAdapter
[eval] raw_logits_shape=(10, 256, 101)
[eval] reduced_logits_shape=(256, 101)
[Epoch 004] lr=0.099956 train_loss=1.4186 loss_reg=0.0000 val_acc=0.6697 val_nlpd=1.1955 val_ece=0.0772 kl_weight=0.000000 loss_kl_raw=53803.4141
[eval] adapter_cls=BayesPaperAdapter
[eval] raw_logits_shape=(10, 256, 101)
[eval] reduced_logits_shape=(256, 101)
[Epoch 005] lr=0.099931 train_loss=1.2443 loss_reg=0.0000 val_acc=0.6781 val_nlpd=1.1676 val_ece=0.0690 kl_weight=0.000000 loss_kl_raw=56908.7617
[eval] adapter_cls=BayesPaperAdapter
[eval] raw_logits_shape=(10, 256, 101)
[eval] reduced_logits_shape=(256, 101)
[Epoch 006] lr=0.099901 train_loss=1.0740 loss_reg=0.0000 val_acc=0.6802 val_nlpd=1.1436 val_ece=0.0657 kl_weight=0.000000 loss_kl_raw=62078.4492
[eval] adapter_cls=BayesPaperAdapter
[eval] raw_logits_shape=(10, 256, 101)
[eval] reduced_logits_shape=(256, 101)
[Epoch 007] lr=0.099866 train_loss=0.9204 loss_reg=0.0000 val_acc=0.6739 val_nlpd=1.1410 val_ece=0.0721 kl_weight=0.000000 loss_kl_raw=69585.6562
[eval] adapter_cls=BayesPaperAdapter
[eval] raw_logits_shape=(10, 256, 101)
[eval] reduced_logits_shape=(256, 101)
[Epoch 008] lr=0.099825 train_loss=0.7783 loss_reg=0.0000 val_acc=0.6760 val_nlpd=1.1399 val_ece=0.0715 kl_weight=0.000000 loss_kl_raw=79474.0391
[eval] adapter_cls=BayesPaperAdapter
[eval] raw_logits_shape=(10, 256, 101)
[eval] reduced_logits_shape=(256, 101)
[Epoch 009] lr=0.099778 train_loss=0.6754 loss_reg=0.0000 val_acc=0.6797 val_nlpd=1.1501 val_ece=0.0702 kl_weight=0.000000 loss_kl_raw=91542.1953
[eval] adapter_cls=BayesPaperAdapter
[eval] raw_logits_shape=(10, 256, 101)
[eval] reduced_logits_shape=(256, 101)
[Epoch 010] lr=0.099726 train_loss=0.5758 loss_reg=0.0001 val_acc=0.6765 val_nlpd=1.1612 val_ece=0.0751 kl_weight=0.000000 loss_kl_raw=105453.0781
[eval] adapter_cls=BayesPaperAdapter
[eval] raw_logits_shape=(10, 256, 101)
[eval] reduced_logits_shape=(256, 101)
[Epoch 011] lr=0.099669 train_loss=0.4984 loss_reg=0.0001 val_acc=0.6749 val_nlpd=1.1657 val_ece=0.0777 kl_weight=0.000000 loss_kl_raw=120788.0859
[eval] adapter_cls=BayesPaperAdapter
[eval] raw_logits_shape=(10, 256, 101)
[eval] reduced_logits_shape=(256, 101)
[Epoch 012] lr=0.099606 train_loss=0.4243 loss_reg=0.0001 val_acc=0.6718 val_nlpd=1.1622 val_ece=0.0822 kl_weight=0.000000 loss_kl_raw=137138.0781
[eval] adapter_cls=BayesPaperAdapter
[eval] raw_logits_shape=(10, 256, 101)
[eval] reduced_logits_shape=(256, 101)
[Epoch 013] lr=0.099537 train_loss=0.3643 loss_reg=0.0001 val_acc=0.6733 val_nlpd=1.1597 val_ece=0.0809 kl_weight=0.000000 loss_kl_raw=154171.8125
[eval] adapter_cls=BayesPaperAdapter
[eval] raw_logits_shape=(10, 256, 101)
[eval] reduced_logits_shape=(256, 101)
[Epoch 014] lr=0.099464 train_loss=0.3002 loss_reg=0.0001 val_acc=0.6786 val_nlpd=1.1493 val_ece=0.0765 kl_weight=0.000000 loss_kl_raw=171624.7344
[eval] adapter_cls=BayesPaperAdapter
[eval] raw_logits_shape=(10, 256, 101)
[eval] reduced_logits_shape=(256, 101)
[Epoch 015] lr=0.099384 train_loss=0.2492 loss_reg=0.0002 val_acc=0.6786 val_nlpd=1.1397 val_ece=0.0758 kl_weight=0.000000 loss_kl_raw=189312.1250
[eval] adapter_cls=BayesPaperAdapter
[eval] raw_logits_shape=(10, 256, 101)
[eval] reduced_logits_shape=(256, 101)
[Epoch 016] lr=0.099300 train_loss=0.2041 loss_reg=0.0002 val_acc=0.6844 val_nlpd=1.1310 val_ece=0.0710 kl_weight=0.000000 loss_kl_raw=207059.9062
[eval] adapter_cls=BayesPaperAdapter
[eval] raw_logits_shape=(10, 256, 101)
[eval] reduced_logits_shape=(256, 101)
[Epoch 017] lr=0.099210 train_loss=0.1686 loss_reg=0.0002 val_acc=0.6913 val_nlpd=1.1163 val_ece=0.0659 kl_weight=0.000000 loss_kl_raw=224678.7188
[eval] adapter_cls=BayesPaperAdapter
[eval] raw_logits_shape=(10, 256, 101)
[eval] reduced_logits_shape=(256, 101)
[Epoch 018] lr=0.099114 train_loss=0.1426 loss_reg=0.0003 val_acc=0.6934 val_nlpd=1.1044 val_ece=0.0657 kl_weight=0.000000 loss_kl_raw=241938.4062
[eval] adapter_cls=BayesPaperAdapter
[eval] raw_logits_shape=(10, 256, 101)
[eval] reduced_logits_shape=(256, 101)
[Epoch 019] lr=0.099014 train_loss=0.1225 loss_reg=0.0003 val_acc=0.6928 val_nlpd=1.0955 val_ece=0.0676 kl_weight=0.000000 loss_kl_raw=258704.8125
[eval] adapter_cls=BayesPaperAdapter
[eval] raw_logits_shape=(10, 256, 101)
[eval] reduced_logits_shape=(256, 101)
[Epoch 020] lr=0.098907 train_loss=0.1034 loss_reg=0.0003 val_acc=0.6913 val_nlpd=1.0859 val_ece=0.0710 kl_weight=0.000000 loss_kl_raw=274863.7500
[eval] adapter_cls=BayesPaperAdapter
[eval] raw_logits_shape=(10, 256, 101)
[eval] reduced_logits_shape=(256, 101)
[Epoch 021] lr=0.098796 train_loss=0.0881 loss_reg=0.0004 val_acc=0.6955 val_nlpd=1.0748 val_ece=0.0727 kl_weight=0.000000 loss_kl_raw=290369.4375
[eval] adapter_cls=BayesPaperAdapter
[eval] raw_logits_shape=(10, 256, 101)
[eval] reduced_logits_shape=(256, 101)
[Epoch 022] lr=0.098679 train_loss=0.0751 loss_reg=0.0004 val_acc=0.6970 val_nlpd=1.0673 val_ece=0.0686 kl_weight=0.000000 loss_kl_raw=305175.6875
[eval] adapter_cls=BayesPaperAdapter
[eval] raw_logits_shape=(10, 256, 101)
[eval] reduced_logits_shape=(256, 101)
[Epoch 023] lr=0.098557 train_loss=0.0639 loss_reg=0.0005 val_acc=0.6970 val_nlpd=1.0626 val_ece=0.0706 kl_weight=0.000000 loss_kl_raw=319260.8750
[eval] adapter_cls=BayesPaperAdapter
[eval] raw_logits_shape=(10, 256, 101)
[eval] reduced_logits_shape=(256, 101)
[Epoch 024] lr=0.098429 train_loss=0.0573 loss_reg=0.0005 val_acc=0.6949 val_nlpd=1.0553 val_ece=0.0741 kl_weight=0.000000 loss_kl_raw=332617.4375
[eval] adapter_cls=BayesPaperAdapter
[eval] raw_logits_shape=(10, 256, 101)
[eval] reduced_logits_shape=(256, 101)
[Epoch 025] lr=0.098296 train_loss=0.0503 loss_reg=0.0005 val_acc=0.7002 val_nlpd=1.0504 val_ece=0.0714 kl_weight=0.000000 loss_kl_raw=345238.0312
[eval] adapter_cls=BayesPaperAdapter
[eval] raw_logits_shape=(10, 256, 101)
[eval] reduced_logits_shape=(256, 101)
[Epoch 026] lr=0.098158 train_loss=0.0458 loss_reg=0.0006 val_acc=0.7034 val_nlpd=1.0449 val_ece=0.0688 kl_weight=0.000000 loss_kl_raw=357132.6875
[eval] adapter_cls=BayesPaperAdapter
[eval] raw_logits_shape=(10, 256, 101)
[eval] reduced_logits_shape=(256, 101)
[Epoch 027] lr=0.098015 train_loss=0.0407 loss_reg=0.0006 val_acc=0.7007 val_nlpd=1.0402 val_ece=0.0730 kl_weight=0.000000 loss_kl_raw=368306.1875
[eval] adapter_cls=BayesPaperAdapter
[eval] raw_logits_shape=(10, 256, 101)
[eval] reduced_logits_shape=(256, 101)
[Epoch 028] lr=0.097866 train_loss=0.0366 loss_reg=0.0007 val_acc=0.7028 val_nlpd=1.0367 val_ece=0.0720 kl_weight=0.000000 loss_kl_raw=378774.1250
[eval] adapter_cls=BayesPaperAdapter
[eval] raw_logits_shape=(10, 256, 101)
[eval] reduced_logits_shape=(256, 101)
[Epoch 029] lr=0.097712 train_loss=0.0342 loss_reg=0.0007 val_acc=0.7034 val_nlpd=1.0325 val_ece=0.0729 kl_weight=0.000000 loss_kl_raw=388568.9688
[eval] adapter_cls=BayesPaperAdapter
[eval] raw_logits_shape=(10, 256, 101)
[eval] reduced_logits_shape=(256, 101)
[Epoch 030] lr=0.097553 train_loss=0.0317 loss_reg=0.0007 val_acc=0.7039 val_nlpd=1.0273 val_ece=0.0734 kl_weight=0.000000 loss_kl_raw=397720.9062
[eval] adapter_cls=BayesPaperAdapter
[eval] raw_logits_shape=(10, 256, 101)
[eval] reduced_logits_shape=(256, 101)
[Epoch 031] lr=0.097388 train_loss=0.0286 loss_reg=0.0008 val_acc=0.7039 val_nlpd=1.0225 val_ece=0.0746 kl_weight=0.000000 loss_kl_raw=406257.7500
[eval] adapter_cls=BayesPaperAdapter
[eval] raw_logits_shape=(10, 256, 101)
[eval] reduced_logits_shape=(256, 101)
[Epoch 032] lr=0.097219 train_loss=0.0271 loss_reg=0.0008 val_acc=0.7034 val_nlpd=1.0206 val_ece=0.0760 kl_weight=0.000000 loss_kl_raw=414210.6250
[eval] adapter_cls=BayesPaperAdapter
[eval] raw_logits_shape=(10, 256, 101)
[eval] reduced_logits_shape=(256, 101)
[Epoch 033] lr=0.097044 train_loss=0.0256 loss_reg=0.0009 val_acc=0.7071 val_nlpd=1.0159 val_ece=0.0734 kl_weight=0.000000 loss_kl_raw=421614.8125
[eval] adapter_cls=BayesPaperAdapter
[eval] raw_logits_shape=(10, 256, 101)
[eval] reduced_logits_shape=(256, 101)
[Epoch 034] lr=0.096864 train_loss=0.0239 loss_reg=0.0009 val_acc=0.7071 val_nlpd=1.0161 val_ece=0.0741 kl_weight=0.000000 loss_kl_raw=428502.6250
[eval] adapter_cls=BayesPaperAdapter
[eval] raw_logits_shape=(10, 256, 101)
[eval] reduced_logits_shape=(256, 101)
[Epoch 035] lr=0.096679 train_loss=0.0230 loss_reg=0.0010 val_acc=0.7071 val_nlpd=1.0143 val_ece=0.0751 kl_weight=0.000000 loss_kl_raw=434903.7188
[eval] adapter_cls=BayesPaperAdapter
[eval] raw_logits_shape=(10, 256, 101)
[eval] reduced_logits_shape=(256, 101)
[Epoch 036] lr=0.096489 train_loss=0.0217 loss_reg=0.0010 val_acc=0.7092 val_nlpd=1.0132 val_ece=0.0732 kl_weight=0.000000 loss_kl_raw=440855.4062
[eval] adapter_cls=BayesPaperAdapter
[eval] raw_logits_shape=(10, 256, 101)
[eval] reduced_logits_shape=(256, 101)
[Epoch 037] lr=0.096294 train_loss=0.0209 loss_reg=0.0010 val_acc=0.7113 val_nlpd=1.0097 val_ece=0.0719 kl_weight=0.000000 loss_kl_raw=446388.6250
[eval] adapter_cls=BayesPaperAdapter
[eval] raw_logits_shape=(10, 256, 101)
[eval] reduced_logits_shape=(256, 101)
[Epoch 038] lr=0.096093 train_loss=0.0199 loss_reg=0.0011 val_acc=0.7102 val_nlpd=1.0074 val_ece=0.0735 kl_weight=0.000000 loss_kl_raw=451535.1562
[eval] adapter_cls=BayesPaperAdapter
[eval] raw_logits_shape=(10, 256, 101)
[eval] reduced_logits_shape=(256, 101)
[Epoch 039] lr=0.095888 train_loss=0.0192 loss_reg=0.0011 val_acc=0.7113 val_nlpd=1.0061 val_ece=0.0734 kl_weight=0.000000 loss_kl_raw=456319.2812
[eval] adapter_cls=BayesPaperAdapter
[eval] raw_logits_shape=(10, 256, 101)
[eval] reduced_logits_shape=(256, 101)
[Epoch 040] lr=0.095677 train_loss=0.0186 loss_reg=0.0012 val_acc=0.7144 val_nlpd=1.0025 val_ece=0.0709 kl_weight=0.000000 loss_kl_raw=460768.6250
[eval] adapter_cls=BayesPaperAdapter
[eval] raw_logits_shape=(10, 256, 101)
[eval] reduced_logits_shape=(256, 101)
[Epoch 041] lr=0.095462 train_loss=0.0180 loss_reg=0.0012 val_acc=0.7139 val_nlpd=1.0004 val_ece=0.0715 kl_weight=0.000000 loss_kl_raw=464909.6250
[eval] adapter_cls=BayesPaperAdapter
[eval] raw_logits_shape=(10, 256, 101)
[eval] reduced_logits_shape=(256, 101)
[Epoch 042] lr=0.095241 train_loss=0.0175 loss_reg=0.0012 val_acc=0.7160 val_nlpd=1.0005 val_ece=0.0700 kl_weight=0.000000 loss_kl_raw=468766.5625
[eval] adapter_cls=BayesPaperAdapter
[eval] raw_logits_shape=(10, 256, 101)
[eval] reduced_logits_shape=(256, 101)
[Epoch 043] lr=0.095016 train_loss=0.0171 loss_reg=0.0013 val_acc=0.7160 val_nlpd=0.9997 val_ece=0.0705 kl_weight=0.000000 loss_kl_raw=472361.9688
[eval] adapter_cls=BayesPaperAdapter
[eval] raw_logits_shape=(10, 256, 101)
[eval] reduced_logits_shape=(256, 101)
[Epoch 044] lr=0.094786 train_loss=0.0165 loss_reg=0.0013 val_acc=0.7171 val_nlpd=0.9971 val_ece=0.0699 kl_weight=0.000000 loss_kl_raw=475719.8750
[eval] adapter_cls=BayesPaperAdapter
[eval] raw_logits_shape=(10, 256, 101)
[eval] reduced_logits_shape=(256, 101)
[Epoch 045] lr=0.094550 train_loss=0.0164 loss_reg=0.0014 val_acc=0.7176 val_nlpd=0.9952 val_ece=0.0698 kl_weight=0.000000 loss_kl_raw=478855.1562
[eval] adapter_cls=BayesPaperAdapter
[eval] raw_logits_shape=(10, 256, 101)
[eval] reduced_logits_shape=(256, 101)
[Epoch 046] lr=0.094310 train_loss=0.0158 loss_reg=0.0014 val_acc=0.7192 val_nlpd=0.9946 val_ece=0.0683 kl_weight=0.000000 loss_kl_raw=481788.6562
[eval] adapter_cls=BayesPaperAdapter
[eval] raw_logits_shape=(10, 256, 101)
[eval] reduced_logits_shape=(256, 101)
[Epoch 047] lr=0.094065 train_loss=0.0157 loss_reg=0.0014 val_acc=0.7181 val_nlpd=0.9925 val_ece=0.0702 kl_weight=0.000000 loss_kl_raw=484533.6875
[eval] adapter_cls=BayesPaperAdapter
[eval] raw_logits_shape=(10, 256, 101)
[eval] reduced_logits_shape=(256, 101)
[Epoch 048] lr=0.093815 train_loss=0.0152 loss_reg=0.0015 val_acc=0.7165 val_nlpd=0.9935 val_ece=0.0717 kl_weight=0.000000 loss_kl_raw=487110.2500
[eval] adapter_cls=BayesPaperAdapter
[eval] raw_logits_shape=(10, 256, 101)
[eval] reduced_logits_shape=(256, 101)
[Epoch 049] lr=0.093561 train_loss=0.0149 loss_reg=0.0015 val_acc=0.7181 val_nlpd=0.9892 val_ece=0.0702 kl_weight=0.000000 loss_kl_raw=489529.4062
[eval] adapter_cls=BayesPaperAdapter
[eval] raw_logits_shape=(10, 256, 101)
[eval] reduced_logits_shape=(256, 101)
[Epoch 050] lr=0.093301 train_loss=0.0147 loss_reg=0.0016 val_acc=0.7176 val_nlpd=0.9909 val_ece=0.0713 kl_weight=0.000000 loss_kl_raw=491803.5938
[eval] adapter_cls=BayesPaperAdapter
[eval] raw_logits_shape=(10, 256, 101)
[eval] reduced_logits_shape=(256, 101)
[Epoch 051] lr=0.093037 train_loss=0.0145 loss_reg=0.0016 val_acc=0.7187 val_nlpd=0.9867 val_ece=0.0707 kl_weight=0.000000 loss_kl_raw=493945.6875
[eval] adapter_cls=BayesPaperAdapter
[eval] raw_logits_shape=(10, 256, 101)
[eval] reduced_logits_shape=(256, 101)
[Epoch 052] lr=0.092768 train_loss=0.0143 loss_reg=0.0016 val_acc=0.7187 val_nlpd=0.9859 val_ece=0.0706 kl_weight=0.000000 loss_kl_raw=495964.9375
[eval] adapter_cls=BayesPaperAdapter
[eval] raw_logits_shape=(10, 256, 101)
[eval] reduced_logits_shape=(256, 101)
[Epoch 053] lr=0.092495 train_loss=0.0141 loss_reg=0.0017 val_acc=0.7192 val_nlpd=0.9867 val_ece=0.0706 kl_weight=0.000000 loss_kl_raw=497873.9062
[eval] adapter_cls=BayesPaperAdapter
[eval] raw_logits_shape=(10, 256, 101)
[eval] reduced_logits_shape=(256, 101)
[Epoch 054] lr=0.092216 train_loss=0.0140 loss_reg=0.0017 val_acc=0.7197 val_nlpd=0.9866 val_ece=0.0699 kl_weight=0.000000 loss_kl_raw=499680.5625
[eval] adapter_cls=BayesPaperAdapter
[eval] raw_logits_shape=(10, 256, 101)
[eval] reduced_logits_shape=(256, 101)
[Epoch 055] lr=0.091934 train_loss=0.0137 loss_reg=0.0017 val_acc=0.7202 val_nlpd=0.9878 val_ece=0.0693 kl_weight=0.000000 loss_kl_raw=501392.4375
[eval] adapter_cls=BayesPaperAdapter
[eval] raw_logits_shape=(10, 256, 101)
[eval] reduced_logits_shape=(256, 101)
[Epoch 056] lr=0.091646 train_loss=0.0135 loss_reg=0.0018 val_acc=0.7202 val_nlpd=0.9833 val_ece=0.0696 kl_weight=0.000000 loss_kl_raw=503015.6875
[eval] adapter_cls=BayesPaperAdapter
[eval] raw_logits_shape=(10, 256, 101)
[eval] reduced_logits_shape=(256, 101)
[Epoch 057] lr=0.091354 train_loss=0.0135 loss_reg=0.0018 val_acc=0.7213 val_nlpd=0.9855 val_ece=0.0692 kl_weight=0.000000 loss_kl_raw=504557.3438
[eval] adapter_cls=BayesPaperAdapter
[eval] raw_logits_shape=(10, 256, 101)
[eval] reduced_logits_shape=(256, 101)
[Epoch 058] lr=0.091057 train_loss=0.0132 loss_reg=0.0019 val_acc=0.7229 val_nlpd=0.9873 val_ece=0.0672 kl_weight=0.000000 loss_kl_raw=506025.2500
[eval] adapter_cls=BayesPaperAdapter
[eval] raw_logits_shape=(10, 256, 101)
[eval] reduced_logits_shape=(256, 101)
[Epoch 059] lr=0.090756 train_loss=0.0132 loss_reg=0.0019 val_acc=0.7229 val_nlpd=0.9820 val_ece=0.0677 kl_weight=0.000000 loss_kl_raw=507422.8125
[eval] adapter_cls=BayesPaperAdapter
[eval] raw_logits_shape=(10, 256, 101)
[eval] reduced_logits_shape=(256, 101)
[Epoch 060] lr=0.090451 train_loss=0.0130 loss_reg=0.0019 val_acc=0.7234 val_nlpd=0.9803 val_ece=0.0673 kl_weight=0.000000 loss_kl_raw=508756.3125
[eval] adapter_cls=BayesPaperAdapter
[eval] raw_logits_shape=(10, 256, 101)
[eval] reduced_logits_shape=(256, 101)
[Epoch 061] lr=0.090141 train_loss=0.0130 loss_reg=0.0020 val_acc=0.7213 val_nlpd=0.9831 val_ece=0.0695 kl_weight=0.000000 loss_kl_raw=510031.4375
[eval] adapter_cls=BayesPaperAdapter
[eval] raw_logits_shape=(10, 256, 101)
[eval] reduced_logits_shape=(256, 101)
[Epoch 062] lr=0.089826 train_loss=0.0128 loss_reg=0.0020 val_acc=0.7202 val_nlpd=0.9832 val_ece=0.0705 kl_weight=0.000000 loss_kl_raw=511253.5938
[eval] adapter_cls=BayesPaperAdapter
[eval] raw_logits_shape=(10, 256, 101)
[eval] reduced_logits_shape=(256, 101)
[Epoch 063] lr=0.089508 train_loss=0.0128 loss_reg=0.0020 val_acc=0.7202 val_nlpd=0.9832 val_ece=0.0707 kl_weight=0.000000 loss_kl_raw=512426.3438
[eval] adapter_cls=BayesPaperAdapter
[eval] raw_logits_shape=(10, 256, 101)
[eval] reduced_logits_shape=(256, 101)
[Epoch 064] lr=0.089185 train_loss=0.0126 loss_reg=0.0021 val_acc=0.7229 val_nlpd=0.9789 val_ece=0.0684 kl_weight=0.000000 loss_kl_raw=513552.0625
[eval] adapter_cls=BayesPaperAdapter
[eval] raw_logits_shape=(10, 256, 101)
[eval] reduced_logits_shape=(256, 101)
[Epoch 065] lr=0.088857 train_loss=0.0125 loss_reg=0.0021 val_acc=0.7229 val_nlpd=0.9801 val_ece=0.0684 kl_weight=0.000000 loss_kl_raw=514633.6875
[eval] adapter_cls=BayesPaperAdapter
[eval] raw_logits_shape=(10, 256, 101)
[eval] reduced_logits_shape=(256, 101)
[Epoch 066] lr=0.088526 train_loss=0.0125 loss_reg=0.0022 val_acc=0.7229 val_nlpd=0.9792 val_ece=0.0697 kl_weight=0.000000 loss_kl_raw=515675.1875
[eval] adapter_cls=BayesPaperAdapter
[eval] raw_logits_shape=(10, 256, 101)
[eval] reduced_logits_shape=(256, 101)
[Epoch 067] lr=0.088190 train_loss=0.0124 loss_reg=0.0022 val_acc=0.7223 val_nlpd=0.9805 val_ece=0.0704 kl_weight=0.000000 loss_kl_raw=516679.2500
[eval] adapter_cls=BayesPaperAdapter
[eval] raw_logits_shape=(10, 256, 101)
[eval] reduced_logits_shape=(256, 101)
[Epoch 068] lr=0.087850 train_loss=0.0124 loss_reg=0.0022 val_acc=0.7266 val_nlpd=0.9762 val_ece=0.0664 kl_weight=0.000000 loss_kl_raw=517650.0000
[eval] adapter_cls=BayesPaperAdapter
[eval] raw_logits_shape=(10, 256, 101)
[eval] reduced_logits_shape=(256, 101)
[Epoch 069] lr=0.087506 train_loss=0.0123 loss_reg=0.0023 val_acc=0.7229 val_nlpd=0.9804 val_ece=0.0684 kl_weight=0.000000 loss_kl_raw=518588.0312
[eval] adapter_cls=BayesPaperAdapter
[eval] raw_logits_shape=(10, 256, 101)
[eval] reduced_logits_shape=(256, 101)
[Epoch 070] lr=0.087157 train_loss=0.0124 loss_reg=0.0023 val_acc=0.7239 val_nlpd=0.9781 val_ece=0.0690 kl_weight=0.000000 loss_kl_raw=519497.2188
[eval] adapter_cls=BayesPaperAdapter
[eval] raw_logits_shape=(10, 256, 101)
[eval] reduced_logits_shape=(256, 101)
[Epoch 071] lr=0.086805 train_loss=0.0122 loss_reg=0.0023 val_acc=0.7255 val_nlpd=0.9737 val_ece=0.0661 kl_weight=0.000000 loss_kl_raw=520378.4688
[eval] adapter_cls=BayesPaperAdapter
[eval] raw_logits_shape=(10, 256, 101)
[eval] reduced_logits_shape=(256, 101)
[Epoch 072] lr=0.086448 train_loss=0.0121 loss_reg=0.0024 val_acc=0.7239 val_nlpd=0.9794 val_ece=0.0693 kl_weight=0.000000 loss_kl_raw=521232.1562
[eval] adapter_cls=BayesPaperAdapter
[eval] raw_logits_shape=(10, 256, 101)
[eval] reduced_logits_shape=(256, 101)
[Epoch 073] lr=0.086088 train_loss=0.0121 loss_reg=0.0024 val_acc=0.7255 val_nlpd=0.9784 val_ece=0.0684 kl_weight=0.000000 loss_kl_raw=522061.0000
[eval] adapter_cls=BayesPaperAdapter
[eval] raw_logits_shape=(10, 256, 101)
[eval] reduced_logits_shape=(256, 101)
[Epoch 074] lr=0.085724 train_loss=0.0120 loss_reg=0.0025 val_acc=0.7244 val_nlpd=0.9767 val_ece=0.0687 kl_weight=0.000000 loss_kl_raw=522866.6250
[eval] adapter_cls=BayesPaperAdapter
[eval] raw_logits_shape=(10, 256, 101)
[eval] reduced_logits_shape=(256, 101)
[Epoch 075] lr=0.085355 train_loss=0.0120 loss_reg=0.0025 val_acc=0.7250 val_nlpd=0.9755 val_ece=0.0677 kl_weight=0.000000 loss_kl_raw=523650.0625
[eval] adapter_cls=BayesPaperAdapter
[eval] raw_logits_shape=(10, 256, 101)
[eval] reduced_logits_shape=(256, 101)
[Epoch 076] lr=0.084983 train_loss=0.0120 loss_reg=0.0025 val_acc=0.7239 val_nlpd=0.9739 val_ece=0.0694 kl_weight=0.000000 loss_kl_raw=524413.2500
[eval] adapter_cls=BayesPaperAdapter
[eval] raw_logits_shape=(10, 256, 101)
[eval] reduced_logits_shape=(256, 101)
[Epoch 077] lr=0.084607 train_loss=0.0120 loss_reg=0.0026 val_acc=0.7223 val_nlpd=0.9769 val_ece=0.0717 kl_weight=0.000000 loss_kl_raw=525156.3750
[eval] adapter_cls=BayesPaperAdapter
[eval] raw_logits_shape=(10, 256, 101)
[eval] reduced_logits_shape=(256, 101)
[Epoch 078] lr=0.084227 train_loss=0.0119 loss_reg=0.0026 val_acc=0.7250 val_nlpd=0.9756 val_ece=0.0680 kl_weight=0.000000 loss_kl_raw=525882.5000
[eval] adapter_cls=BayesPaperAdapter
[eval] raw_logits_shape=(10, 256, 101)
[eval] reduced_logits_shape=(256, 101)
[Epoch 079] lr=0.083844 train_loss=0.0119 loss_reg=0.0026 val_acc=0.7239 val_nlpd=0.9754 val_ece=0.0697 kl_weight=0.000000 loss_kl_raw=526591.1875
[eval] adapter_cls=BayesPaperAdapter
[eval] raw_logits_shape=(10, 256, 101)
[eval] reduced_logits_shape=(256, 101)
[Epoch 080] lr=0.083457 train_loss=0.0118 loss_reg=0.0027 val_acc=0.7250 val_nlpd=0.9755 val_ece=0.0685 kl_weight=0.000000 loss_kl_raw=527283.5000
[eval] adapter_cls=BayesPaperAdapter
[eval] raw_logits_shape=(10, 256, 101)
[eval] reduced_logits_shape=(256, 101)
[Epoch 081] lr=0.083066 train_loss=0.0119 loss_reg=0.0027 val_acc=0.7250 val_nlpd=0.9745 val_ece=0.0690 kl_weight=0.000000 loss_kl_raw=527960.6875
[eval] adapter_cls=BayesPaperAdapter
[eval] raw_logits_shape=(10, 256, 101)
[eval] reduced_logits_shape=(256, 101)
[Epoch 082] lr=0.082671 train_loss=0.0119 loss_reg=0.0028 val_acc=0.7250 val_nlpd=0.9741 val_ece=0.0680 kl_weight=0.000000 loss_kl_raw=528624.0625
[eval] adapter_cls=BayesPaperAdapter
[eval] raw_logits_shape=(10, 256, 101)
[eval] reduced_logits_shape=(256, 101)
[Epoch 083] lr=0.082273 train_loss=0.0119 loss_reg=0.0028 val_acc=0.7255 val_nlpd=0.9742 val_ece=0.0688 kl_weight=0.000000 loss_kl_raw=529273.7500
[eval] adapter_cls=BayesPaperAdapter
[eval] raw_logits_shape=(10, 256, 101)
[eval] reduced_logits_shape=(256, 101)
[Epoch 084] lr=0.081871 train_loss=0.0118 loss_reg=0.0028 val_acc=0.7218 val_nlpd=0.9742 val_ece=0.0716 kl_weight=0.000000 loss_kl_raw=529911.5000
[eval] adapter_cls=BayesPaperAdapter
[eval] raw_logits_shape=(10, 256, 101)
[eval] reduced_logits_shape=(256, 101)
[Epoch 085] lr=0.081466 train_loss=0.0118 loss_reg=0.0029 val_acc=0.7250 val_nlpd=0.9739 val_ece=0.0684 kl_weight=0.000000 loss_kl_raw=530535.5625
[eval] adapter_cls=BayesPaperAdapter
[eval] raw_logits_shape=(10, 256, 101)
[eval] reduced_logits_shape=(256, 101)
[Epoch 086] lr=0.081057 train_loss=0.0118 loss_reg=0.0029 val_acc=0.7266 val_nlpd=0.9736 val_ece=0.0678 kl_weight=0.000000 loss_kl_raw=531148.1875
[eval] adapter_cls=BayesPaperAdapter
[eval] raw_logits_shape=(10, 256, 101)
[eval] reduced_logits_shape=(256, 101)
[Epoch 087] lr=0.080645 train_loss=0.0118 loss_reg=0.0029 val_acc=0.7260 val_nlpd=0.9735 val_ece=0.0688 kl_weight=0.000000 loss_kl_raw=531748.8125
[eval] adapter_cls=BayesPaperAdapter
[eval] raw_logits_shape=(10, 256, 101)
[eval] reduced_logits_shape=(256, 101)
[Epoch 088] lr=0.080230 train_loss=0.0117 loss_reg=0.0030 val_acc=0.7266 val_nlpd=0.9747 val_ece=0.0671 kl_weight=0.000000 loss_kl_raw=532338.4375
[eval] adapter_cls=BayesPaperAdapter
[eval] raw_logits_shape=(10, 256, 101)
[eval] reduced_logits_shape=(256, 101)
[Epoch 089] lr=0.079811 train_loss=0.0118 loss_reg=0.0030 val_acc=0.7255 val_nlpd=0.9747 val_ece=0.0694 kl_weight=0.000000 loss_kl_raw=532917.2500
[eval] adapter_cls=BayesPaperAdapter
[eval] raw_logits_shape=(10, 256, 101)
[eval] reduced_logits_shape=(256, 101)
[Epoch 090] lr=0.079389 train_loss=0.0118 loss_reg=0.0031 val_acc=0.7239 val_nlpd=0.9744 val_ece=0.0707 kl_weight=0.000000 loss_kl_raw=533486.1250
[eval] adapter_cls=BayesPaperAdapter
[eval] raw_logits_shape=(10, 256, 101)
[eval] reduced_logits_shape=(256, 101)
[Epoch 091] lr=0.078964 train_loss=0.0117 loss_reg=0.0031 val_acc=0.7250 val_nlpd=0.9741 val_ece=0.0693 kl_weight=0.000000 loss_kl_raw=534044.8125
[eval] adapter_cls=BayesPaperAdapter
[eval] raw_logits_shape=(10, 256, 101)
[eval] reduced_logits_shape=(256, 101)
[Epoch 092] lr=0.078536 train_loss=0.0118 loss_reg=0.0031 val_acc=0.7260 val_nlpd=0.9726 val_ece=0.0691 kl_weight=0.000000 loss_kl_raw=534593.9375
[eval] adapter_cls=BayesPaperAdapter
[eval] raw_logits_shape=(10, 256, 101)
[eval] reduced_logits_shape=(256, 101)
[Epoch 093] lr=0.078104 train_loss=0.0117 loss_reg=0.0032 val_acc=0.7260 val_nlpd=0.9710 val_ece=0.0682 kl_weight=0.000000 loss_kl_raw=535135.1250
[eval] adapter_cls=BayesPaperAdapter
[eval] raw_logits_shape=(10, 256, 101)
[eval] reduced_logits_shape=(256, 101)
[Epoch 094] lr=0.077670 train_loss=0.0117 loss_reg=0.0032 val_acc=0.7255 val_nlpd=0.9722 val_ece=0.0704 kl_weight=0.000000 loss_kl_raw=535666.6250
[eval] adapter_cls=BayesPaperAdapter
[eval] raw_logits_shape=(10, 256, 101)
[eval] reduced_logits_shape=(256, 101)
[Epoch 095] lr=0.077232 train_loss=0.0118 loss_reg=0.0032 val_acc=0.7260 val_nlpd=0.9712 val_ece=0.0707 kl_weight=0.000000 loss_kl_raw=536189.5000
[eval] adapter_cls=BayesPaperAdapter
[eval] raw_logits_shape=(10, 256, 101)
[eval] reduced_logits_shape=(256, 101)
[Epoch 096] lr=0.076791 train_loss=0.0117 loss_reg=0.0033 val_acc=0.7260 val_nlpd=0.9723 val_ece=0.0684 kl_weight=0.000000 loss_kl_raw=536704.8750
[eval] adapter_cls=BayesPaperAdapter
[eval] raw_logits_shape=(10, 256, 101)
[eval] reduced_logits_shape=(256, 101)
[Epoch 097] lr=0.076348 train_loss=0.0117 loss_reg=0.0033 val_acc=0.7266 val_nlpd=0.9713 val_ece=0.0677 kl_weight=0.000000 loss_kl_raw=537212.7500
[eval] adapter_cls=BayesPaperAdapter
[eval] raw_logits_shape=(10, 256, 101)
[eval] reduced_logits_shape=(256, 101)
[Epoch 098] lr=0.075901 train_loss=0.0117 loss_reg=0.0034 val_acc=0.7255 val_nlpd=0.9727 val_ece=0.0693 kl_weight=0.000000 loss_kl_raw=537713.5000
[eval] adapter_cls=BayesPaperAdapter
[eval] raw_logits_shape=(10, 256, 101)
[eval] reduced_logits_shape=(256, 101)
[Epoch 099] lr=0.075452 train_loss=0.0116 loss_reg=0.0034 val_acc=0.7260 val_nlpd=0.9697 val_ece=0.0696 kl_weight=0.000000 loss_kl_raw=538206.8125
[eval] adapter_cls=BayesPaperAdapter
[eval] raw_logits_shape=(10, 256, 101)
[eval] reduced_logits_shape=(256, 101)
[Epoch 100] lr=0.075000 train_loss=0.0117 loss_reg=0.0034 val_acc=0.7244 val_nlpd=0.9695 val_ece=0.0700 kl_weight=0.000000 loss_kl_raw=538691.8750
[eval] adapter_cls=BayesPaperAdapter
[eval] raw_logits_shape=(10, 256, 101)
[eval] reduced_logits_shape=(256, 101)
[Epoch 101] lr=0.074545 train_loss=0.0117 loss_reg=0.0035 val_acc=0.7255 val_nlpd=0.9731 val_ece=0.0683 kl_weight=0.000000 loss_kl_raw=539170.1875
[eval] adapter_cls=BayesPaperAdapter
[eval] raw_logits_shape=(10, 256, 101)
[eval] reduced_logits_shape=(256, 101)
[Epoch 102] lr=0.074088 train_loss=0.0117 loss_reg=0.0035 val_acc=0.7250 val_nlpd=0.9746 val_ece=0.0703 kl_weight=0.000000 loss_kl_raw=539641.8750
[eval] adapter_cls=BayesPaperAdapter
[eval] raw_logits_shape=(10, 256, 101)
[eval] reduced_logits_shape=(256, 101)
[Epoch 103] lr=0.073628 train_loss=0.0117 loss_reg=0.0036 val_acc=0.7255 val_nlpd=0.9712 val_ece=0.0688 kl_weight=0.000000 loss_kl_raw=540106.0625
[eval] adapter_cls=BayesPaperAdapter
[eval] raw_logits_shape=(10, 256, 101)
[eval] reduced_logits_shape=(256, 101)
[Epoch 104] lr=0.073165 train_loss=0.0117 loss_reg=0.0036 val_acc=0.7255 val_nlpd=0.9712 val_ece=0.0710 kl_weight=0.000000 loss_kl_raw=540563.7500
[eval] adapter_cls=BayesPaperAdapter
[eval] raw_logits_shape=(10, 256, 101)
[eval] reduced_logits_shape=(256, 101)
[Epoch 105] lr=0.072700 train_loss=0.0117 loss_reg=0.0036 val_acc=0.7271 val_nlpd=0.9732 val_ece=0.0675 kl_weight=0.000000 loss_kl_raw=541014.0000
[eval] adapter_cls=BayesPaperAdapter
[eval] raw_logits_shape=(10, 256, 101)
[eval] reduced_logits_shape=(256, 101)
[Epoch 106] lr=0.072232 train_loss=0.0117 loss_reg=0.0037 val_acc=0.7239 val_nlpd=0.9725 val_ece=0.0712 kl_weight=0.000000 loss_kl_raw=541458.5625
[eval] adapter_cls=BayesPaperAdapter
[eval] raw_logits_shape=(10, 256, 101)
[eval] reduced_logits_shape=(256, 101)
[Epoch 107] lr=0.071762 train_loss=0.0118 loss_reg=0.0037 val_acc=0.7255 val_nlpd=0.9708 val_ece=0.0705 kl_weight=0.000000 loss_kl_raw=541896.0000
[eval] adapter_cls=BayesPaperAdapter
[eval] raw_logits_shape=(10, 256, 101)
[eval] reduced_logits_shape=(256, 101)
[Epoch 108] lr=0.071289 train_loss=0.0117 loss_reg=0.0037 val_acc=0.7250 val_nlpd=0.9702 val_ece=0.0730 kl_weight=0.000000 loss_kl_raw=542327.1875
[eval] adapter_cls=BayesPaperAdapter
[eval] raw_logits_shape=(10, 256, 101)
[eval] reduced_logits_shape=(256, 101)
[Epoch 109] lr=0.070814 train_loss=0.0117 loss_reg=0.0038 val_acc=0.7271 val_nlpd=0.9690 val_ece=0.0682 kl_weight=0.000000 loss_kl_raw=542752.5000
[eval] adapter_cls=BayesPaperAdapter
[eval] raw_logits_shape=(10, 256, 101)
[eval] reduced_logits_shape=(256, 101)
[Epoch 110] lr=0.070337 train_loss=0.0117 loss_reg=0.0038 val_acc=0.7260 val_nlpd=0.9740 val_ece=0.0683 kl_weight=0.000000 loss_kl_raw=543172.0625
[eval] adapter_cls=BayesPaperAdapter
[eval] raw_logits_shape=(10, 256, 101)
[eval] reduced_logits_shape=(256, 101)
[Epoch 111] lr=0.069857 train_loss=0.0118 loss_reg=0.0039 val_acc=0.7276 val_nlpd=0.9717 val_ece=0.0662 kl_weight=0.000000 loss_kl_raw=543586.1250
[eval] adapter_cls=BayesPaperAdapter
[eval] raw_logits_shape=(10, 256, 101)
[eval] reduced_logits_shape=(256, 101)
[Epoch 112] lr=0.069376 train_loss=0.0117 loss_reg=0.0039 val_acc=0.7239 val_nlpd=0.9692 val_ece=0.0708 kl_weight=0.000000 loss_kl_raw=543994.6250
[eval] adapter_cls=BayesPaperAdapter
[eval] raw_logits_shape=(10, 256, 101)
[eval] reduced_logits_shape=(256, 101)
[Epoch 113] lr=0.068892 train_loss=0.0118 loss_reg=0.0039 val_acc=0.7266 val_nlpd=0.9703 val_ece=0.0676 kl_weight=0.000000 loss_kl_raw=544397.5000
[eval] adapter_cls=BayesPaperAdapter
[eval] raw_logits_shape=(10, 256, 101)
[eval] reduced_logits_shape=(256, 101)
[Epoch 114] lr=0.068406 train_loss=0.0118 loss_reg=0.0040 val_acc=0.7266 val_nlpd=0.9706 val_ece=0.0674 kl_weight=0.000000 loss_kl_raw=544794.8750
[eval] adapter_cls=BayesPaperAdapter
[eval] raw_logits_shape=(10, 256, 101)
[eval] reduced_logits_shape=(256, 101)
[Epoch 115] lr=0.067918 train_loss=0.0118 loss_reg=0.0040 val_acc=0.7266 val_nlpd=0.9699 val_ece=0.0696 kl_weight=0.000000 loss_kl_raw=545186.8125
[eval] adapter_cls=BayesPaperAdapter
[eval] raw_logits_shape=(10, 256, 101)
[eval] reduced_logits_shape=(256, 101)
[Epoch 116] lr=0.067429 train_loss=0.0117 loss_reg=0.0040 val_acc=0.7255 val_nlpd=0.9706 val_ece=0.0713 kl_weight=0.000000 loss_kl_raw=545574.2500
[eval] adapter_cls=BayesPaperAdapter
[eval] raw_logits_shape=(10, 256, 101)
[eval] reduced_logits_shape=(256, 101)
[Epoch 117] lr=0.066937 train_loss=0.0118 loss_reg=0.0041 val_acc=0.7260 val_nlpd=0.9713 val_ece=0.0688 kl_weight=0.000000 loss_kl_raw=545956.3750
[eval] adapter_cls=BayesPaperAdapter
[eval] raw_logits_shape=(10, 256, 101)
[eval] reduced_logits_shape=(256, 101)
[Epoch 118] lr=0.066443 train_loss=0.0118 loss_reg=0.0041 val_acc=0.7250 val_nlpd=0.9697 val_ece=0.0697 kl_weight=0.000000 loss_kl_raw=546333.3125
[eval] adapter_cls=BayesPaperAdapter
[eval] raw_logits_shape=(10, 256, 101)
[eval] reduced_logits_shape=(256, 101)
[Epoch 119] lr=0.065948 train_loss=0.0119 loss_reg=0.0042 val_acc=0.7260 val_nlpd=0.9691 val_ece=0.0691 kl_weight=0.000000 loss_kl_raw=546704.5625
[eval] adapter_cls=BayesPaperAdapter
[eval] raw_logits_shape=(10, 256, 101)
[eval] reduced_logits_shape=(256, 101)
[Epoch 120] lr=0.065451 train_loss=0.0119 loss_reg=0.0042 val_acc=0.7250 val_nlpd=0.9705 val_ece=0.0697 kl_weight=0.000000 loss_kl_raw=547071.2500
[eval] adapter_cls=BayesPaperAdapter
[eval] raw_logits_shape=(10, 256, 101)
[eval] reduced_logits_shape=(256, 101)
[Epoch 121] lr=0.064952 train_loss=0.0118 loss_reg=0.0042 val_acc=0.7266 val_nlpd=0.9712 val_ece=0.0685 kl_weight=0.000000 loss_kl_raw=547433.5000
[eval] adapter_cls=BayesPaperAdapter
[eval] raw_logits_shape=(10, 256, 101)
[eval] reduced_logits_shape=(256, 101)
[Epoch 122] lr=0.064452 train_loss=0.0119 loss_reg=0.0043 val_acc=0.7260 val_nlpd=0.9702 val_ece=0.0686 kl_weight=0.000000 loss_kl_raw=547790.0000
[eval] adapter_cls=BayesPaperAdapter
[eval] raw_logits_shape=(10, 256, 101)
[eval] reduced_logits_shape=(256, 101)
[Epoch 123] lr=0.063950 train_loss=0.0119 loss_reg=0.0043 val_acc=0.7260 val_nlpd=0.9713 val_ece=0.0687 kl_weight=0.000000 loss_kl_raw=548141.3750
[eval] adapter_cls=BayesPaperAdapter
[eval] raw_logits_shape=(10, 256, 101)
[eval] reduced_logits_shape=(256, 101)
[Epoch 124] lr=0.063446 train_loss=0.0119 loss_reg=0.0043 val_acc=0.7244 val_nlpd=0.9702 val_ece=0.0715 kl_weight=0.000000 loss_kl_raw=548487.9375
[eval] adapter_cls=BayesPaperAdapter
[eval] raw_logits_shape=(10, 256, 101)
[eval] reduced_logits_shape=(256, 101)
[Epoch 125] lr=0.062941 train_loss=0.0119 loss_reg=0.0044 val_acc=0.7287 val_nlpd=0.9692 val_ece=0.0676 kl_weight=0.000000 loss_kl_raw=548829.8125
[eval] adapter_cls=BayesPaperAdapter
[eval] raw_logits_shape=(10, 256, 101)
[eval] reduced_logits_shape=(256, 101)
[Epoch 126] lr=0.062434 train_loss=0.0120 loss_reg=0.0044 val_acc=0.7260 val_nlpd=0.9694 val_ece=0.0689 kl_weight=0.000000 loss_kl_raw=549167.1250
[eval] adapter_cls=BayesPaperAdapter
[eval] raw_logits_shape=(10, 256, 101)
[eval] reduced_logits_shape=(256, 101)
[Epoch 127] lr=0.061927 train_loss=0.0120 loss_reg=0.0045 val_acc=0.7255 val_nlpd=0.9700 val_ece=0.0708 kl_weight=0.000000 loss_kl_raw=549500.1875
[eval] adapter_cls=BayesPaperAdapter
[eval] raw_logits_shape=(10, 256, 101)
[eval] reduced_logits_shape=(256, 101)
[Epoch 128] lr=0.061418 train_loss=0.0119 loss_reg=0.0045 val_acc=0.7250 val_nlpd=0.9719 val_ece=0.0701 kl_weight=0.000000 loss_kl_raw=549828.2500
[eval] adapter_cls=BayesPaperAdapter
[eval] raw_logits_shape=(10, 256, 101)
[eval] reduced_logits_shape=(256, 101)
[Epoch 129] lr=0.060907 train_loss=0.0120 loss_reg=0.0045 val_acc=0.7266 val_nlpd=0.9705 val_ece=0.0688 kl_weight=0.000000 loss_kl_raw=550151.6250
[eval] adapter_cls=BayesPaperAdapter
[eval] raw_logits_shape=(10, 256, 101)
[eval] reduced_logits_shape=(256, 101)
[Epoch 130] lr=0.060396 train_loss=0.0119 loss_reg=0.0046 val_acc=0.7271 val_nlpd=0.9702 val_ece=0.0671 kl_weight=0.000000 loss_kl_raw=550470.3750
[eval] adapter_cls=BayesPaperAdapter
[eval] raw_logits_shape=(10, 256, 101)
[eval] reduced_logits_shape=(256, 101)
[Epoch 131] lr=0.059883 train_loss=0.0121 loss_reg=0.0046 val_acc=0.7260 val_nlpd=0.9690 val_ece=0.0700 kl_weight=0.000000 loss_kl_raw=550784.0000
[eval] adapter_cls=BayesPaperAdapter
[eval] raw_logits_shape=(10, 256, 101)
[eval] reduced_logits_shape=(256, 101)
[Epoch 132] lr=0.059369 train_loss=0.0120 loss_reg=0.0047 val_acc=0.7271 val_nlpd=0.9701 val_ece=0.0693 kl_weight=0.000000 loss_kl_raw=551093.2500
[eval] adapter_cls=BayesPaperAdapter
[eval] raw_logits_shape=(10, 256, 101)
[eval] reduced_logits_shape=(256, 101)
[Epoch 133] lr=0.058854 train_loss=0.0121 loss_reg=0.0047 val_acc=0.7266 val_nlpd=0.9702 val_ece=0.0690 kl_weight=0.000000 loss_kl_raw=551398.0625
[eval] adapter_cls=BayesPaperAdapter
[eval] raw_logits_shape=(10, 256, 101)
[eval] reduced_logits_shape=(256, 101)
[Epoch 134] lr=0.058338 train_loss=0.0120 loss_reg=0.0047 val_acc=0.7271 val_nlpd=0.9684 val_ece=0.0677 kl_weight=0.000000 loss_kl_raw=551699.1250
[eval] adapter_cls=BayesPaperAdapter
[eval] raw_logits_shape=(10, 256, 101)
[eval] reduced_logits_shape=(256, 101)
[Epoch 135] lr=0.057822 train_loss=0.0121 loss_reg=0.0048 val_acc=0.7255 val_nlpd=0.9695 val_ece=0.0697 kl_weight=0.000000 loss_kl_raw=551995.6875
[eval] adapter_cls=BayesPaperAdapter
[eval] raw_logits_shape=(10, 256, 101)
[eval] reduced_logits_shape=(256, 101)
[Epoch 136] lr=0.057304 train_loss=0.0121 loss_reg=0.0048 val_acc=0.7260 val_nlpd=0.9687 val_ece=0.0692 kl_weight=0.000000 loss_kl_raw=552287.5000
[eval] adapter_cls=BayesPaperAdapter
[eval] raw_logits_shape=(10, 256, 101)
[eval] reduced_logits_shape=(256, 101)
[Epoch 137] lr=0.056786 train_loss=0.0122 loss_reg=0.0048 val_acc=0.7266 val_nlpd=0.9697 val_ece=0.0697 kl_weight=0.000000 loss_kl_raw=552575.6250
[eval] adapter_cls=BayesPaperAdapter
[eval] raw_logits_shape=(10, 256, 101)
[eval] reduced_logits_shape=(256, 101)
[Epoch 138] lr=0.056267 train_loss=0.0122 loss_reg=0.0049 val_acc=0.7276 val_nlpd=0.9683 val_ece=0.0693 kl_weight=0.000000 loss_kl_raw=552859.8750
[eval] adapter_cls=BayesPaperAdapter
[eval] raw_logits_shape=(10, 256, 101)
[eval] reduced_logits_shape=(256, 101)
[Epoch 139] lr=0.055747 train_loss=0.0121 loss_reg=0.0049 val_acc=0.7266 val_nlpd=0.9683 val_ece=0.0701 kl_weight=0.000000 loss_kl_raw=553140.0000
[eval] adapter_cls=BayesPaperAdapter
[eval] raw_logits_shape=(10, 256, 101)
[eval] reduced_logits_shape=(256, 101)
[Epoch 140] lr=0.055226 train_loss=0.0121 loss_reg=0.0050 val_acc=0.7271 val_nlpd=0.9694 val_ece=0.0679 kl_weight=0.000000 loss_kl_raw=553416.1250
[eval] adapter_cls=BayesPaperAdapter
[eval] raw_logits_shape=(10, 256, 101)
[eval] reduced_logits_shape=(256, 101)
[Epoch 141] lr=0.054705 train_loss=0.0122 loss_reg=0.0050 val_acc=0.7276 val_nlpd=0.9663 val_ece=0.0700 kl_weight=0.000000 loss_kl_raw=553687.3750
[eval] adapter_cls=BayesPaperAdapter
[eval] raw_logits_shape=(10, 256, 101)
[eval] reduced_logits_shape=(256, 101)
[Epoch 142] lr=0.054184 train_loss=0.0123 loss_reg=0.0050 val_acc=0.7271 val_nlpd=0.9679 val_ece=0.0687 kl_weight=0.000000 loss_kl_raw=553954.6875
[eval] adapter_cls=BayesPaperAdapter
[eval] raw_logits_shape=(10, 256, 101)
[eval] reduced_logits_shape=(256, 101)
[Epoch 143] lr=0.053662 train_loss=0.0123 loss_reg=0.0051 val_acc=0.7260 val_nlpd=0.9680 val_ece=0.0690 kl_weight=0.000000 loss_kl_raw=554218.2500
[eval] adapter_cls=BayesPaperAdapter
[eval] raw_logits_shape=(10, 256, 101)
[eval] reduced_logits_shape=(256, 101)
[Epoch 144] lr=0.053140 train_loss=0.0122 loss_reg=0.0051 val_acc=0.7266 val_nlpd=0.9705 val_ece=0.0693 kl_weight=0.000000 loss_kl_raw=554478.2500
[eval] adapter_cls=BayesPaperAdapter
[eval] raw_logits_shape=(10, 256, 101)
[eval] reduced_logits_shape=(256, 101)
[Epoch 145] lr=0.052617 train_loss=0.0123 loss_reg=0.0051 val_acc=0.7287 val_nlpd=0.9671 val_ece=0.0687 kl_weight=0.000000 loss_kl_raw=554734.3125
[eval] adapter_cls=BayesPaperAdapter
[eval] raw_logits_shape=(10, 256, 101)
[eval] reduced_logits_shape=(256, 101)
[Epoch 146] lr=0.052094 train_loss=0.0123 loss_reg=0.0052 val_acc=0.7281 val_nlpd=0.9678 val_ece=0.0673 kl_weight=0.000000 loss_kl_raw=554986.3125
[eval] adapter_cls=BayesPaperAdapter
[eval] raw_logits_shape=(10, 256, 101)
[eval] reduced_logits_shape=(256, 101)
[Epoch 147] lr=0.051571 train_loss=0.0123 loss_reg=0.0052 val_acc=0.7271 val_nlpd=0.9713 val_ece=0.0681 kl_weight=0.000000 loss_kl_raw=555234.4375
[eval] adapter_cls=BayesPaperAdapter
[eval] raw_logits_shape=(10, 256, 101)
[eval] reduced_logits_shape=(256, 101)
[Epoch 148] lr=0.051047 train_loss=0.0123 loss_reg=0.0053 val_acc=0.7281 val_nlpd=0.9683 val_ece=0.0671 kl_weight=0.000000 loss_kl_raw=555478.2500
[eval] adapter_cls=BayesPaperAdapter
[eval] raw_logits_shape=(10, 256, 101)
[eval] reduced_logits_shape=(256, 101)
[Epoch 149] lr=0.050524 train_loss=0.0123 loss_reg=0.0053 val_acc=0.7255 val_nlpd=0.9674 val_ece=0.0709 kl_weight=0.000000 loss_kl_raw=555718.1250
[eval] adapter_cls=BayesPaperAdapter
[eval] raw_logits_shape=(10, 256, 101)
[eval] reduced_logits_shape=(256, 101)
[Epoch 150] lr=0.050000 train_loss=0.0124 loss_reg=0.0053 val_acc=0.7266 val_nlpd=0.9689 val_ece=0.0688 kl_weight=0.000000 loss_kl_raw=555954.3750
[eval] adapter_cls=BayesPaperAdapter
[eval] raw_logits_shape=(10, 256, 101)
[eval] reduced_logits_shape=(256, 101)
[Epoch 151] lr=0.049476 train_loss=0.0124 loss_reg=0.0054 val_acc=0.7250 val_nlpd=0.9692 val_ece=0.0704 kl_weight=0.000000 loss_kl_raw=556187.1875
[eval] adapter_cls=BayesPaperAdapter
[eval] raw_logits_shape=(10, 256, 101)
[eval] reduced_logits_shape=(256, 101)
[Epoch 152] lr=0.048953 train_loss=0.0124 loss_reg=0.0054 val_acc=0.7250 val_nlpd=0.9687 val_ece=0.0710 kl_weight=0.000000 loss_kl_raw=556416.3750
[eval] adapter_cls=BayesPaperAdapter
[eval] raw_logits_shape=(10, 256, 101)
[eval] reduced_logits_shape=(256, 101)
[Epoch 153] lr=0.048429 train_loss=0.0125 loss_reg=0.0055 val_acc=0.7266 val_nlpd=0.9690 val_ece=0.0691 kl_weight=0.000000 loss_kl_raw=556641.7500
[eval] adapter_cls=BayesPaperAdapter
[eval] raw_logits_shape=(10, 256, 101)
[eval] reduced_logits_shape=(256, 101)
[Epoch 154] lr=0.047906 train_loss=0.0125 loss_reg=0.0055 val_acc=0.7292 val_nlpd=0.9693 val_ece=0.0674 kl_weight=0.000000 loss_kl_raw=556863.5000
[eval] adapter_cls=BayesPaperAdapter
[eval] raw_logits_shape=(10, 256, 101)
[eval] reduced_logits_shape=(256, 101)
[Epoch 155] lr=0.047383 train_loss=0.0125 loss_reg=0.0055 val_acc=0.7266 val_nlpd=0.9696 val_ece=0.0691 kl_weight=0.000000 loss_kl_raw=557081.1250
[eval] adapter_cls=BayesPaperAdapter
[eval] raw_logits_shape=(10, 256, 101)
[eval] reduced_logits_shape=(256, 101)
[Epoch 156] lr=0.046860 train_loss=0.0125 loss_reg=0.0056 val_acc=0.7281 val_nlpd=0.9654 val_ece=0.0698 kl_weight=0.000000 loss_kl_raw=557295.1250
[eval] adapter_cls=BayesPaperAdapter
[eval] raw_logits_shape=(10, 256, 101)
[eval] reduced_logits_shape=(256, 101)
[Epoch 157] lr=0.046338 train_loss=0.0126 loss_reg=0.0056 val_acc=0.7266 val_nlpd=0.9672 val_ece=0.0707 kl_weight=0.000000 loss_kl_raw=557505.5625
[eval] adapter_cls=BayesPaperAdapter
[eval] raw_logits_shape=(10, 256, 101)
[eval] reduced_logits_shape=(256, 101)
[Epoch 158] lr=0.045816 train_loss=0.0126 loss_reg=0.0056 val_acc=0.7276 val_nlpd=0.9678 val_ece=0.0684 kl_weight=0.000000 loss_kl_raw=557712.6875
[eval] adapter_cls=BayesPaperAdapter
[eval] raw_logits_shape=(10, 256, 101)
[eval] reduced_logits_shape=(256, 101)
[Epoch 159] lr=0.045295 train_loss=0.0126 loss_reg=0.0057 val_acc=0.7292 val_nlpd=0.9676 val_ece=0.0700 kl_weight=0.000000 loss_kl_raw=557916.1250
[eval] adapter_cls=BayesPaperAdapter
[eval] raw_logits_shape=(10, 256, 101)
[eval] reduced_logits_shape=(256, 101)
[Epoch 160] lr=0.044774 train_loss=0.0126 loss_reg=0.0057 val_acc=0.7281 val_nlpd=0.9674 val_ece=0.0672 kl_weight=0.000000 loss_kl_raw=558116.6250
[eval] adapter_cls=BayesPaperAdapter
[eval] raw_logits_shape=(10, 256, 101)
[eval] reduced_logits_shape=(256, 101)
[Epoch 161] lr=0.044253 train_loss=0.0127 loss_reg=0.0058 val_acc=0.7271 val_nlpd=0.9668 val_ece=0.0688 kl_weight=0.000000 loss_kl_raw=558313.8125
[eval] adapter_cls=BayesPaperAdapter
[eval] raw_logits_shape=(10, 256, 101)
[eval] reduced_logits_shape=(256, 101)
[Epoch 162] lr=0.043733 train_loss=0.0127 loss_reg=0.0058 val_acc=0.7266 val_nlpd=0.9695 val_ece=0.0692 kl_weight=0.000000 loss_kl_raw=558507.6875
[eval] adapter_cls=BayesPaperAdapter
[eval] raw_logits_shape=(10, 256, 101)
[eval] reduced_logits_shape=(256, 101)
[Epoch 163] lr=0.043214 train_loss=0.0127 loss_reg=0.0058 val_acc=0.7276 val_nlpd=0.9691 val_ece=0.0697 kl_weight=0.000000 loss_kl_raw=558698.3125
[eval] adapter_cls=BayesPaperAdapter
[eval] raw_logits_shape=(10, 256, 101)
[eval] reduced_logits_shape=(256, 101)
[Epoch 164] lr=0.042696 train_loss=0.0128 loss_reg=0.0059 val_acc=0.7281 val_nlpd=0.9655 val_ece=0.0686 kl_weight=0.000000 loss_kl_raw=558886.0625
[eval] adapter_cls=BayesPaperAdapter
[eval] raw_logits_shape=(10, 256, 101)
[eval] reduced_logits_shape=(256, 101)
[Epoch 165] lr=0.042178 train_loss=0.0128 loss_reg=0.0059 val_acc=0.7292 val_nlpd=0.9665 val_ece=0.0688 kl_weight=0.000000 loss_kl_raw=559070.7500
[eval] adapter_cls=BayesPaperAdapter
[eval] raw_logits_shape=(10, 256, 101)
[eval] reduced_logits_shape=(256, 101)
[Epoch 166] lr=0.041662 train_loss=0.0129 loss_reg=0.0059 val_acc=0.7287 val_nlpd=0.9678 val_ece=0.0708 kl_weight=0.000000 loss_kl_raw=559252.6250
[eval] adapter_cls=BayesPaperAdapter
[eval] raw_logits_shape=(10, 256, 101)
[eval] reduced_logits_shape=(256, 101)
[Epoch 167] lr=0.041146 train_loss=0.0128 loss_reg=0.0060 val_acc=0.7287 val_nlpd=0.9687 val_ece=0.0708 kl_weight=0.000000 loss_kl_raw=559431.3750
[eval] adapter_cls=BayesPaperAdapter
[eval] raw_logits_shape=(10, 256, 101)
[eval] reduced_logits_shape=(256, 101)
[Epoch 168] lr=0.040631 train_loss=0.0128 loss_reg=0.0060 val_acc=0.7250 val_nlpd=0.9704 val_ece=0.0731 kl_weight=0.000000 loss_kl_raw=559606.8125
[eval] adapter_cls=BayesPaperAdapter
[eval] raw_logits_shape=(10, 256, 101)
[eval] reduced_logits_shape=(256, 101)
[Epoch 169] lr=0.040117 train_loss=0.0129 loss_reg=0.0061 val_acc=0.7271 val_nlpd=0.9703 val_ece=0.0700 kl_weight=0.000000 loss_kl_raw=559778.9375
[eval] adapter_cls=BayesPaperAdapter
[eval] raw_logits_shape=(10, 256, 101)
[eval] reduced_logits_shape=(256, 101)
[Epoch 170] lr=0.039604 train_loss=0.0129 loss_reg=0.0061 val_acc=0.7250 val_nlpd=0.9679 val_ece=0.0708 kl_weight=0.000000 loss_kl_raw=559948.0625
[eval] adapter_cls=BayesPaperAdapter
[eval] raw_logits_shape=(10, 256, 101)
[eval] reduced_logits_shape=(256, 101)
[Epoch 171] lr=0.039093 train_loss=0.0129 loss_reg=0.0061 val_acc=0.7292 val_nlpd=0.9667 val_ece=0.0691 kl_weight=0.000000 loss_kl_raw=560114.3750
[eval] adapter_cls=BayesPaperAdapter
[eval] raw_logits_shape=(10, 256, 101)
[eval] reduced_logits_shape=(256, 101)
[Epoch 172] lr=0.038582 train_loss=0.0130 loss_reg=0.0062 val_acc=0.7271 val_nlpd=0.9688 val_ece=0.0687 kl_weight=0.000000 loss_kl_raw=560277.2500
[eval] adapter_cls=BayesPaperAdapter
[eval] raw_logits_shape=(10, 256, 101)
[eval] reduced_logits_shape=(256, 101)
[Epoch 173] lr=0.038073 train_loss=0.0130 loss_reg=0.0062 val_acc=0.7292 val_nlpd=0.9673 val_ece=0.0686 kl_weight=0.000000 loss_kl_raw=560437.4375
[eval] adapter_cls=BayesPaperAdapter
[eval] raw_logits_shape=(10, 256, 101)
[eval] reduced_logits_shape=(256, 101)
[Epoch 174] lr=0.037566 train_loss=0.0130 loss_reg=0.0063 val_acc=0.7271 val_nlpd=0.9661 val_ece=0.0693 kl_weight=0.000000 loss_kl_raw=560595.0000
[eval] adapter_cls=BayesPaperAdapter
[eval] raw_logits_shape=(10, 256, 101)
[eval] reduced_logits_shape=(256, 101)
[Epoch 175] lr=0.037059 train_loss=0.0131 loss_reg=0.0063 val_acc=0.7287 val_nlpd=0.9670 val_ece=0.0676 kl_weight=0.000000 loss_kl_raw=560749.5625
[eval] adapter_cls=BayesPaperAdapter
[eval] raw_logits_shape=(10, 256, 101)
[eval] reduced_logits_shape=(256, 101)
[Epoch 176] lr=0.036554 train_loss=0.0131 loss_reg=0.0063 val_acc=0.7266 val_nlpd=0.9682 val_ece=0.0694 kl_weight=0.000000 loss_kl_raw=560901.0625
[eval] adapter_cls=BayesPaperAdapter
[eval] raw_logits_shape=(10, 256, 101)
[eval] reduced_logits_shape=(256, 101)
[Epoch 177] lr=0.036050 train_loss=0.0131 loss_reg=0.0064 val_acc=0.7276 val_nlpd=0.9681 val_ece=0.0708 kl_weight=0.000000 loss_kl_raw=561049.4375
[eval] adapter_cls=BayesPaperAdapter
[eval] raw_logits_shape=(10, 256, 101)
[eval] reduced_logits_shape=(256, 101)
[Epoch 178] lr=0.035548 train_loss=0.0132 loss_reg=0.0064 val_acc=0.7255 val_nlpd=0.9670 val_ece=0.0704 kl_weight=0.000000 loss_kl_raw=561195.0000
[eval] adapter_cls=BayesPaperAdapter
[eval] raw_logits_shape=(10, 256, 101)
[eval] reduced_logits_shape=(256, 101)
[Epoch 179] lr=0.035048 train_loss=0.0131 loss_reg=0.0064 val_acc=0.7271 val_nlpd=0.9700 val_ece=0.0722 kl_weight=0.000000 loss_kl_raw=561338.3125
[eval] adapter_cls=BayesPaperAdapter
[eval] raw_logits_shape=(10, 256, 101)
[eval] reduced_logits_shape=(256, 101)
[Epoch 180] lr=0.034549 train_loss=0.0133 loss_reg=0.0065 val_acc=0.7281 val_nlpd=0.9677 val_ece=0.0686 kl_weight=0.000000 loss_kl_raw=561478.6250
[eval] adapter_cls=BayesPaperAdapter
[eval] raw_logits_shape=(10, 256, 101)
[eval] reduced_logits_shape=(256, 101)
[Epoch 181] lr=0.034052 train_loss=0.0132 loss_reg=0.0065 val_acc=0.7292 val_nlpd=0.9678 val_ece=0.0704 kl_weight=0.000000 loss_kl_raw=561616.5000
[eval] adapter_cls=BayesPaperAdapter
[eval] raw_logits_shape=(10, 256, 101)
[eval] reduced_logits_shape=(256, 101)
[Epoch 182] lr=0.033557 train_loss=0.0133 loss_reg=0.0066 val_acc=0.7271 val_nlpd=0.9682 val_ece=0.0705 kl_weight=0.000000 loss_kl_raw=561752.0000
[eval] adapter_cls=BayesPaperAdapter
[eval] raw_logits_shape=(10, 256, 101)
[eval] reduced_logits_shape=(256, 101)
[Epoch 183] lr=0.033063 train_loss=0.0133 loss_reg=0.0066 val_acc=0.7276 val_nlpd=0.9658 val_ece=0.0697 kl_weight=0.000000 loss_kl_raw=561884.9375
[eval] adapter_cls=BayesPaperAdapter
[eval] raw_logits_shape=(10, 256, 101)
[eval] reduced_logits_shape=(256, 101)
[Epoch 184] lr=0.032571 train_loss=0.0133 loss_reg=0.0066 val_acc=0.7276 val_nlpd=0.9668 val_ece=0.0700 kl_weight=0.000000 loss_kl_raw=562015.2500
[eval] adapter_cls=BayesPaperAdapter
[eval] raw_logits_shape=(10, 256, 101)
[eval] reduced_logits_shape=(256, 101)
[Epoch 185] lr=0.032082 train_loss=0.0133 loss_reg=0.0067 val_acc=0.7287 val_nlpd=0.9669 val_ece=0.0702 kl_weight=0.000000 loss_kl_raw=562142.7500
[eval] adapter_cls=BayesPaperAdapter
[eval] raw_logits_shape=(10, 256, 101)
[eval] reduced_logits_shape=(256, 101)
[Epoch 186] lr=0.031594 train_loss=0.0134 loss_reg=0.0067 val_acc=0.7292 val_nlpd=0.9674 val_ece=0.0687 kl_weight=0.000000 loss_kl_raw=562267.7500
[eval] adapter_cls=BayesPaperAdapter
[eval] raw_logits_shape=(10, 256, 101)
[eval] reduced_logits_shape=(256, 101)
[Epoch 187] lr=0.031108 train_loss=0.0134 loss_reg=0.0067 val_acc=0.7281 val_nlpd=0.9679 val_ece=0.0695 kl_weight=0.000000 loss_kl_raw=562390.0625
[eval] adapter_cls=BayesPaperAdapter
[eval] raw_logits_shape=(10, 256, 101)
[eval] reduced_logits_shape=(256, 101)
[Epoch 188] lr=0.030624 train_loss=0.0135 loss_reg=0.0068 val_acc=0.7276 val_nlpd=0.9678 val_ece=0.0717 kl_weight=0.000000 loss_kl_raw=562510.0000
[eval] adapter_cls=BayesPaperAdapter
[eval] raw_logits_shape=(10, 256, 101)
[eval] reduced_logits_shape=(256, 101)
[Epoch 189] lr=0.030143 train_loss=0.0135 loss_reg=0.0068 val_acc=0.7266 val_nlpd=0.9673 val_ece=0.0692 kl_weight=0.000000 loss_kl_raw=562627.5625
[eval] adapter_cls=BayesPaperAdapter
[eval] raw_logits_shape=(10, 256, 101)
[eval] reduced_logits_shape=(256, 101)
[Epoch 190] lr=0.029663 train_loss=0.0135 loss_reg=0.0069 val_acc=0.7313 val_nlpd=0.9657 val_ece=0.0673 kl_weight=0.000000 loss_kl_raw=562742.5000
[eval] adapter_cls=BayesPaperAdapter
[eval] raw_logits_shape=(10, 256, 101)
[eval] reduced_logits_shape=(256, 101)
[Epoch 191] lr=0.029186 train_loss=0.0135 loss_reg=0.0069 val_acc=0.7271 val_nlpd=0.9656 val_ece=0.0702 kl_weight=0.000000 loss_kl_raw=562854.9375
[eval] adapter_cls=BayesPaperAdapter
[eval] raw_logits_shape=(10, 256, 101)
[eval] reduced_logits_shape=(256, 101)
[Epoch 192] lr=0.028711 train_loss=0.0136 loss_reg=0.0069 val_acc=0.7287 val_nlpd=0.9654 val_ece=0.0676 kl_weight=0.000000 loss_kl_raw=562965.1250
[eval] adapter_cls=BayesPaperAdapter
[eval] raw_logits_shape=(10, 256, 101)
[eval] reduced_logits_shape=(256, 101)
[Epoch 193] lr=0.028238 train_loss=0.0136 loss_reg=0.0070 val_acc=0.7287 val_nlpd=0.9650 val_ece=0.0695 kl_weight=0.000000 loss_kl_raw=563073.1250
[eval] adapter_cls=BayesPaperAdapter
[eval] raw_logits_shape=(10, 256, 101)
[eval] reduced_logits_shape=(256, 101)
[Epoch 194] lr=0.027768 train_loss=0.0136 loss_reg=0.0070 val_acc=0.7260 val_nlpd=0.9661 val_ece=0.0746 kl_weight=0.000000 loss_kl_raw=563179.0000
[eval] adapter_cls=BayesPaperAdapter
[eval] raw_logits_shape=(10, 256, 101)
[eval] reduced_logits_shape=(256, 101)
[Epoch 195] lr=0.027300 train_loss=0.0137 loss_reg=0.0070 val_acc=0.7281 val_nlpd=0.9687 val_ece=0.0707 kl_weight=0.000000 loss_kl_raw=563282.2500
[eval] adapter_cls=BayesPaperAdapter
[eval] raw_logits_shape=(10, 256, 101)
[eval] reduced_logits_shape=(256, 101)
[Epoch 196] lr=0.026835 train_loss=0.0137 loss_reg=0.0071 val_acc=0.7297 val_nlpd=0.9688 val_ece=0.0669 kl_weight=0.000000 loss_kl_raw=563383.2500
[eval] adapter_cls=BayesPaperAdapter
[eval] raw_logits_shape=(10, 256, 101)
[eval] reduced_logits_shape=(256, 101)
[Epoch 197] lr=0.026372 train_loss=0.0137 loss_reg=0.0071 val_acc=0.7297 val_nlpd=0.9665 val_ece=0.0669 kl_weight=0.000000 loss_kl_raw=563482.1250
[eval] adapter_cls=BayesPaperAdapter
[eval] raw_logits_shape=(10, 256, 101)
[eval] reduced_logits_shape=(256, 101)
[Epoch 198] lr=0.025912 train_loss=0.0138 loss_reg=0.0072 val_acc=0.7266 val_nlpd=0.9666 val_ece=0.0694 kl_weight=0.000000 loss_kl_raw=563578.7500
[eval] adapter_cls=BayesPaperAdapter
[eval] raw_logits_shape=(10, 256, 101)
[eval] reduced_logits_shape=(256, 101)
[Epoch 199] lr=0.025455 train_loss=0.0138 loss_reg=0.0072 val_acc=0.7271 val_nlpd=0.9668 val_ece=0.0690 kl_weight=0.000000 loss_kl_raw=563673.2500
[eval] adapter_cls=BayesPaperAdapter
[eval] raw_logits_shape=(10, 256, 101)
[eval] reduced_logits_shape=(256, 101)
[Epoch 200] lr=0.025000 train_loss=0.0138 loss_reg=0.0072 val_acc=0.7281 val_nlpd=0.9674 val_ece=0.0691 kl_weight=0.000000 loss_kl_raw=563765.7500
[eval] adapter_cls=BayesPaperAdapter
[eval] raw_logits_shape=(10, 256, 101)
[eval] reduced_logits_shape=(256, 101)
[Epoch 201] lr=0.024548 train_loss=0.0138 loss_reg=0.0073 val_acc=0.7266 val_nlpd=0.9692 val_ece=0.0703 kl_weight=0.000000 loss_kl_raw=563856.1875
[eval] adapter_cls=BayesPaperAdapter
[eval] raw_logits_shape=(10, 256, 101)
[eval] reduced_logits_shape=(256, 101)
[Epoch 202] lr=0.024099 train_loss=0.0139 loss_reg=0.0073 val_acc=0.7266 val_nlpd=0.9673 val_ece=0.0698 kl_weight=0.000000 loss_kl_raw=563944.2500
[eval] adapter_cls=BayesPaperAdapter
[eval] raw_logits_shape=(10, 256, 101)
[eval] reduced_logits_shape=(256, 101)
[Epoch 203] lr=0.023652 train_loss=0.0139 loss_reg=0.0073 val_acc=0.7292 val_nlpd=0.9650 val_ece=0.0677 kl_weight=0.000000 loss_kl_raw=564030.5000
[eval] adapter_cls=BayesPaperAdapter
[eval] raw_logits_shape=(10, 256, 101)
[eval] reduced_logits_shape=(256, 101)
[Epoch 204] lr=0.023209 train_loss=0.0139 loss_reg=0.0074 val_acc=0.7271 val_nlpd=0.9664 val_ece=0.0699 kl_weight=0.000000 loss_kl_raw=564114.5625
[eval] adapter_cls=BayesPaperAdapter
[eval] raw_logits_shape=(10, 256, 101)
[eval] reduced_logits_shape=(256, 101)
[Epoch 205] lr=0.022768 train_loss=0.0140 loss_reg=0.0074 val_acc=0.7271 val_nlpd=0.9665 val_ece=0.0730 kl_weight=0.000000 loss_kl_raw=564196.6250
[eval] adapter_cls=BayesPaperAdapter
[eval] raw_logits_shape=(10, 256, 101)
[eval] reduced_logits_shape=(256, 101)
[Epoch 206] lr=0.022330 train_loss=0.0140 loss_reg=0.0075 val_acc=0.7292 val_nlpd=0.9671 val_ece=0.0688 kl_weight=0.000000 loss_kl_raw=564276.8125
[eval] adapter_cls=BayesPaperAdapter
[eval] raw_logits_shape=(10, 256, 101)
[eval] reduced_logits_shape=(256, 101)
[Epoch 207] lr=0.021896 train_loss=0.0140 loss_reg=0.0075 val_acc=0.7276 val_nlpd=0.9661 val_ece=0.0699 kl_weight=0.000000 loss_kl_raw=564355.3750
[eval] adapter_cls=BayesPaperAdapter
[eval] raw_logits_shape=(10, 256, 101)
[eval] reduced_logits_shape=(256, 101)
[Epoch 208] lr=0.021464 train_loss=0.0140 loss_reg=0.0075 val_acc=0.7276 val_nlpd=0.9683 val_ece=0.0710 kl_weight=0.000000 loss_kl_raw=564431.6875
[eval] adapter_cls=BayesPaperAdapter
[eval] raw_logits_shape=(10, 256, 101)
[eval] reduced_logits_shape=(256, 101)
[Epoch 209] lr=0.021036 train_loss=0.0141 loss_reg=0.0076 val_acc=0.7281 val_nlpd=0.9653 val_ece=0.0691 kl_weight=0.000000 loss_kl_raw=564506.2500
[eval] adapter_cls=BayesPaperAdapter
[eval] raw_logits_shape=(10, 256, 101)
[eval] reduced_logits_shape=(256, 101)
[Epoch 210] lr=0.020611 train_loss=0.0142 loss_reg=0.0076 val_acc=0.7276 val_nlpd=0.9657 val_ece=0.0691 kl_weight=0.000000 loss_kl_raw=564579.1250
[eval] adapter_cls=BayesPaperAdapter
[eval] raw_logits_shape=(10, 256, 101)
[eval] reduced_logits_shape=(256, 101)
[Epoch 211] lr=0.020189 train_loss=0.0142 loss_reg=0.0076 val_acc=0.7287 val_nlpd=0.9692 val_ece=0.0698 kl_weight=0.000000 loss_kl_raw=564650.2500
[eval] adapter_cls=BayesPaperAdapter
[eval] raw_logits_shape=(10, 256, 101)
[eval] reduced_logits_shape=(256, 101)
[Epoch 212] lr=0.019770 train_loss=0.0142 loss_reg=0.0077 val_acc=0.7276 val_nlpd=0.9685 val_ece=0.0705 kl_weight=0.000000 loss_kl_raw=564719.4375
[eval] adapter_cls=BayesPaperAdapter
[eval] raw_logits_shape=(10, 256, 101)
[eval] reduced_logits_shape=(256, 101)
[Epoch 213] lr=0.019355 train_loss=0.0142 loss_reg=0.0077 val_acc=0.7276 val_nlpd=0.9660 val_ece=0.0693 kl_weight=0.000000 loss_kl_raw=564786.6875
[eval] adapter_cls=BayesPaperAdapter
[eval] raw_logits_shape=(10, 256, 101)
[eval] reduced_logits_shape=(256, 101)
[Epoch 214] lr=0.018943 train_loss=0.0142 loss_reg=0.0078 val_acc=0.7271 val_nlpd=0.9667 val_ece=0.0698 kl_weight=0.000000 loss_kl_raw=564852.3750
[eval] adapter_cls=BayesPaperAdapter
[eval] raw_logits_shape=(10, 256, 101)
[eval] reduced_logits_shape=(256, 101)
[Epoch 215] lr=0.018534 train_loss=0.0143 loss_reg=0.0078 val_acc=0.7271 val_nlpd=0.9656 val_ece=0.0710 kl_weight=0.000000 loss_kl_raw=564916.1875
[eval] adapter_cls=BayesPaperAdapter
[eval] raw_logits_shape=(10, 256, 101)
[eval] reduced_logits_shape=(256, 101)
[Epoch 216] lr=0.018129 train_loss=0.0142 loss_reg=0.0078 val_acc=0.7276 val_nlpd=0.9663 val_ece=0.0710 kl_weight=0.000000 loss_kl_raw=564978.5625
[eval] adapter_cls=BayesPaperAdapter
[eval] raw_logits_shape=(10, 256, 101)
[eval] reduced_logits_shape=(256, 101)
[Epoch 217] lr=0.017727 train_loss=0.0144 loss_reg=0.0079 val_acc=0.7297 val_nlpd=0.9657 val_ece=0.0711 kl_weight=0.000000 loss_kl_raw=565039.1875
[eval] adapter_cls=BayesPaperAdapter
[eval] raw_logits_shape=(10, 256, 101)
[eval] reduced_logits_shape=(256, 101)
[Epoch 218] lr=0.017329 train_loss=0.0144 loss_reg=0.0079 val_acc=0.7276 val_nlpd=0.9663 val_ece=0.0701 kl_weight=0.000000 loss_kl_raw=565098.1875
[eval] adapter_cls=BayesPaperAdapter
[eval] raw_logits_shape=(10, 256, 101)
[eval] reduced_logits_shape=(256, 101)
[Epoch 219] lr=0.016934 train_loss=0.0144 loss_reg=0.0079 val_acc=0.7292 val_nlpd=0.9675 val_ece=0.0700 kl_weight=0.000000 loss_kl_raw=565155.7500
[eval] adapter_cls=BayesPaperAdapter
[eval] raw_logits_shape=(10, 256, 101)
[eval] reduced_logits_shape=(256, 101)
[Epoch 220] lr=0.016543 train_loss=0.0144 loss_reg=0.0080 val_acc=0.7281 val_nlpd=0.9675 val_ece=0.0704 kl_weight=0.000000 loss_kl_raw=565211.6875
[eval] adapter_cls=BayesPaperAdapter
[eval] raw_logits_shape=(10, 256, 101)
[eval] reduced_logits_shape=(256, 101)
[Epoch 221] lr=0.016156 train_loss=0.0145 loss_reg=0.0080 val_acc=0.7281 val_nlpd=0.9660 val_ece=0.0702 kl_weight=0.000000 loss_kl_raw=565266.0000
[eval] adapter_cls=BayesPaperAdapter
[eval] raw_logits_shape=(10, 256, 101)
[eval] reduced_logits_shape=(256, 101)
[Epoch 222] lr=0.015773 train_loss=0.0145 loss_reg=0.0081 val_acc=0.7302 val_nlpd=0.9650 val_ece=0.0688 kl_weight=0.000000 loss_kl_raw=565318.8750
[eval] adapter_cls=BayesPaperAdapter
[eval] raw_logits_shape=(10, 256, 101)
[eval] reduced_logits_shape=(256, 101)
[Epoch 223] lr=0.015393 train_loss=0.0145 loss_reg=0.0081 val_acc=0.7292 val_nlpd=0.9664 val_ece=0.0690 kl_weight=0.000000 loss_kl_raw=565370.3125
[eval] adapter_cls=BayesPaperAdapter
[eval] raw_logits_shape=(10, 256, 101)
[eval] reduced_logits_shape=(256, 101)
[Epoch 224] lr=0.015017 train_loss=0.0146 loss_reg=0.0081 val_acc=0.7276 val_nlpd=0.9668 val_ece=0.0710 kl_weight=0.000000 loss_kl_raw=565420.1250
[eval] adapter_cls=BayesPaperAdapter
[eval] raw_logits_shape=(10, 256, 101)
[eval] reduced_logits_shape=(256, 101)
[Epoch 225] lr=0.014645 train_loss=0.0146 loss_reg=0.0082 val_acc=0.7292 val_nlpd=0.9658 val_ece=0.0697 kl_weight=0.000000 loss_kl_raw=565468.5000
[eval] adapter_cls=BayesPaperAdapter
[eval] raw_logits_shape=(10, 256, 101)
[eval] reduced_logits_shape=(256, 101)
[Epoch 226] lr=0.014276 train_loss=0.0147 loss_reg=0.0082 val_acc=0.7281 val_nlpd=0.9679 val_ece=0.0700 kl_weight=0.000000 loss_kl_raw=565515.3750
[eval] adapter_cls=BayesPaperAdapter
[eval] raw_logits_shape=(10, 256, 101)
[eval] reduced_logits_shape=(256, 101)
[Epoch 227] lr=0.013912 train_loss=0.0147 loss_reg=0.0082 val_acc=0.7271 val_nlpd=0.9667 val_ece=0.0698 kl_weight=0.000000 loss_kl_raw=565560.9375
[eval] adapter_cls=BayesPaperAdapter
[eval] raw_logits_shape=(10, 256, 101)
[eval] reduced_logits_shape=(256, 101)
[Epoch 228] lr=0.013552 train_loss=0.0147 loss_reg=0.0083 val_acc=0.7276 val_nlpd=0.9674 val_ece=0.0699 kl_weight=0.000000 loss_kl_raw=565605.0625
[eval] adapter_cls=BayesPaperAdapter
[eval] raw_logits_shape=(10, 256, 101)
[eval] reduced_logits_shape=(256, 101)
[Epoch 229] lr=0.013195 train_loss=0.0147 loss_reg=0.0083 val_acc=0.7276 val_nlpd=0.9663 val_ece=0.0695 kl_weight=0.000000 loss_kl_raw=565647.6875
[eval] adapter_cls=BayesPaperAdapter
[eval] raw_logits_shape=(10, 256, 101)
[eval] reduced_logits_shape=(256, 101)
[Epoch 230] lr=0.012843 train_loss=0.0148 loss_reg=0.0084 val_acc=0.7287 val_nlpd=0.9659 val_ece=0.0686 kl_weight=0.000000 loss_kl_raw=565689.1250
[eval] adapter_cls=BayesPaperAdapter
[eval] raw_logits_shape=(10, 256, 101)
[eval] reduced_logits_shape=(256, 101)
[Epoch 231] lr=0.012494 train_loss=0.0149 loss_reg=0.0084 val_acc=0.7297 val_nlpd=0.9654 val_ece=0.0706 kl_weight=0.000000 loss_kl_raw=565729.1875
[eval] adapter_cls=BayesPaperAdapter
[eval] raw_logits_shape=(10, 256, 101)
[eval] reduced_logits_shape=(256, 101)
[Epoch 232] lr=0.012150 train_loss=0.0149 loss_reg=0.0084 val_acc=0.7276 val_nlpd=0.9654 val_ece=0.0702 kl_weight=0.000000 loss_kl_raw=565768.0625
[eval] adapter_cls=BayesPaperAdapter
[eval] raw_logits_shape=(10, 256, 101)
[eval] reduced_logits_shape=(256, 101)
[Epoch 233] lr=0.011810 train_loss=0.0150 loss_reg=0.0085 val_acc=0.7287 val_nlpd=0.9673 val_ece=0.0690 kl_weight=0.000000 loss_kl_raw=565805.5625
[eval] adapter_cls=BayesPaperAdapter
[eval] raw_logits_shape=(10, 256, 101)
[eval] reduced_logits_shape=(256, 101)
[Epoch 234] lr=0.011474 train_loss=0.0150 loss_reg=0.0085 val_acc=0.7281 val_nlpd=0.9682 val_ece=0.0688 kl_weight=0.000000 loss_kl_raw=565841.9375
[eval] adapter_cls=BayesPaperAdapter
[eval] raw_logits_shape=(10, 256, 101)
[eval] reduced_logits_shape=(256, 101)
[Epoch 235] lr=0.011143 train_loss=0.0150 loss_reg=0.0085 val_acc=0.7281 val_nlpd=0.9643 val_ece=0.0694 kl_weight=0.000000 loss_kl_raw=565877.1875
[eval] adapter_cls=BayesPaperAdapter
[eval] raw_logits_shape=(10, 256, 101)
[eval] reduced_logits_shape=(256, 101)
[Epoch 236] lr=0.010815 train_loss=0.0149 loss_reg=0.0086 val_acc=0.7255 val_nlpd=0.9690 val_ece=0.0723 kl_weight=0.000000 loss_kl_raw=565911.3125
[eval] adapter_cls=BayesPaperAdapter
[eval] raw_logits_shape=(10, 256, 101)
[eval] reduced_logits_shape=(256, 101)
[Epoch 237] lr=0.010492 train_loss=0.0150 loss_reg=0.0086 val_acc=0.7297 val_nlpd=0.9655 val_ece=0.0688 kl_weight=0.000000 loss_kl_raw=565944.0625
[eval] adapter_cls=BayesPaperAdapter
[eval] raw_logits_shape=(10, 256, 101)
[eval] reduced_logits_shape=(256, 101)
[Epoch 238] lr=0.010174 train_loss=0.0152 loss_reg=0.0086 val_acc=0.7297 val_nlpd=0.9620 val_ece=0.0691 kl_weight=0.000000 loss_kl_raw=565975.6250
[eval] adapter_cls=BayesPaperAdapter
[eval] raw_logits_shape=(10, 256, 101)
[eval] reduced_logits_shape=(256, 101)
[Epoch 239] lr=0.009859 train_loss=0.0152 loss_reg=0.0087 val_acc=0.7281 val_nlpd=0.9662 val_ece=0.0692 kl_weight=0.000000 loss_kl_raw=566006.3125
[eval] adapter_cls=BayesPaperAdapter
[eval] raw_logits_shape=(10, 256, 101)
[eval] reduced_logits_shape=(256, 101)
[Epoch 240] lr=0.009549 train_loss=0.0151 loss_reg=0.0087 val_acc=0.7276 val_nlpd=0.9642 val_ece=0.0697 kl_weight=0.000000 loss_kl_raw=566035.8750
[eval] adapter_cls=BayesPaperAdapter
[eval] raw_logits_shape=(10, 256, 101)
[eval] reduced_logits_shape=(256, 101)
[Epoch 241] lr=0.009244 train_loss=0.0152 loss_reg=0.0088 val_acc=0.7292 val_nlpd=0.9656 val_ece=0.0687 kl_weight=0.000000 loss_kl_raw=566064.3125
[eval] adapter_cls=BayesPaperAdapter
[eval] raw_logits_shape=(10, 256, 101)
[eval] reduced_logits_shape=(256, 101)
[Epoch 242] lr=0.008943 train_loss=0.0152 loss_reg=0.0088 val_acc=0.7276 val_nlpd=0.9663 val_ece=0.0699 kl_weight=0.000000 loss_kl_raw=566091.8750
[eval] adapter_cls=BayesPaperAdapter
[eval] raw_logits_shape=(10, 256, 101)
[eval] reduced_logits_shape=(256, 101)
[Epoch 243] lr=0.008646 train_loss=0.0153 loss_reg=0.0088 val_acc=0.7266 val_nlpd=0.9681 val_ece=0.0714 kl_weight=0.000000 loss_kl_raw=566118.2500
[eval] adapter_cls=BayesPaperAdapter
[eval] raw_logits_shape=(10, 256, 101)
[eval] reduced_logits_shape=(256, 101)
[Epoch 244] lr=0.008354 train_loss=0.0153 loss_reg=0.0089 val_acc=0.7292 val_nlpd=0.9674 val_ece=0.0685 kl_weight=0.000000 loss_kl_raw=566143.6875
[eval] adapter_cls=BayesPaperAdapter
[eval] raw_logits_shape=(10, 256, 101)
[eval] reduced_logits_shape=(256, 101)
[Epoch 245] lr=0.008066 train_loss=0.0154 loss_reg=0.0089 val_acc=0.7266 val_nlpd=0.9673 val_ece=0.0705 kl_weight=0.000000 loss_kl_raw=566168.1250
[eval] adapter_cls=BayesPaperAdapter
[eval] raw_logits_shape=(10, 256, 101)
[eval] reduced_logits_shape=(256, 101)
[Epoch 246] lr=0.007784 train_loss=0.0154 loss_reg=0.0089 val_acc=0.7287 val_nlpd=0.9667 val_ece=0.0717 kl_weight=0.000000 loss_kl_raw=566191.6250
[eval] adapter_cls=BayesPaperAdapter
[eval] raw_logits_shape=(10, 256, 101)
[eval] reduced_logits_shape=(256, 101)
[Epoch 247] lr=0.007505 train_loss=0.0153 loss_reg=0.0090 val_acc=0.7276 val_nlpd=0.9659 val_ece=0.0708 kl_weight=0.000000 loss_kl_raw=566214.3125
[eval] adapter_cls=BayesPaperAdapter
[eval] raw_logits_shape=(10, 256, 101)
[eval] reduced_logits_shape=(256, 101)
[Epoch 248] lr=0.007232 train_loss=0.0154 loss_reg=0.0090 val_acc=0.7287 val_nlpd=0.9651 val_ece=0.0705 kl_weight=0.000000 loss_kl_raw=566236.0625
[eval] adapter_cls=BayesPaperAdapter
[eval] raw_logits_shape=(10, 256, 101)
[eval] reduced_logits_shape=(256, 101)
[Epoch 249] lr=0.006963 train_loss=0.0155 loss_reg=0.0091 val_acc=0.7287 val_nlpd=0.9657 val_ece=0.0697 kl_weight=0.000000 loss_kl_raw=566257.0625
[eval] adapter_cls=BayesPaperAdapter
[eval] raw_logits_shape=(10, 256, 101)
[eval] reduced_logits_shape=(256, 101)
[Epoch 250] lr=0.006699 train_loss=0.0155 loss_reg=0.0091 val_acc=0.7308 val_nlpd=0.9671 val_ece=0.0679 kl_weight=0.000000 loss_kl_raw=566277.0000
[eval] adapter_cls=BayesPaperAdapter
[eval] raw_logits_shape=(10, 256, 101)
[eval] reduced_logits_shape=(256, 101)
[Epoch 251] lr=0.006439 train_loss=0.0156 loss_reg=0.0091 val_acc=0.7287 val_nlpd=0.9649 val_ece=0.0700 kl_weight=0.000000 loss_kl_raw=566296.1250
[eval] adapter_cls=BayesPaperAdapter
[eval] raw_logits_shape=(10, 256, 101)
[eval] reduced_logits_shape=(256, 101)
[Epoch 252] lr=0.006185 train_loss=0.0156 loss_reg=0.0092 val_acc=0.7292 val_nlpd=0.9662 val_ece=0.0714 kl_weight=0.000000 loss_kl_raw=566314.5000
[eval] adapter_cls=BayesPaperAdapter
[eval] raw_logits_shape=(10, 256, 101)
[eval] reduced_logits_shape=(256, 101)
[Epoch 253] lr=0.005935 train_loss=0.0156 loss_reg=0.0092 val_acc=0.7281 val_nlpd=0.9639 val_ece=0.0691 kl_weight=0.000000 loss_kl_raw=566332.0625
[eval] adapter_cls=BayesPaperAdapter
[eval] raw_logits_shape=(10, 256, 101)
[eval] reduced_logits_shape=(256, 101)
[Epoch 254] lr=0.005690 train_loss=0.0156 loss_reg=0.0092 val_acc=0.7276 val_nlpd=0.9652 val_ece=0.0697 kl_weight=0.000000 loss_kl_raw=566348.9375
[eval] adapter_cls=BayesPaperAdapter
[eval] raw_logits_shape=(10, 256, 101)
[eval] reduced_logits_shape=(256, 101)
[Epoch 255] lr=0.005450 train_loss=0.0157 loss_reg=0.0093 val_acc=0.7292 val_nlpd=0.9670 val_ece=0.0686 kl_weight=0.000000 loss_kl_raw=566365.1250
[eval] adapter_cls=BayesPaperAdapter
[eval] raw_logits_shape=(10, 256, 101)
[eval] reduced_logits_shape=(256, 101)
[Epoch 256] lr=0.005214 train_loss=0.0158 loss_reg=0.0093 val_acc=0.7302 val_nlpd=0.9642 val_ece=0.0678 kl_weight=0.000000 loss_kl_raw=566380.3750
[eval] adapter_cls=BayesPaperAdapter
[eval] raw_logits_shape=(10, 256, 101)
[eval] reduced_logits_shape=(256, 101)
[Epoch 257] lr=0.004984 train_loss=0.0157 loss_reg=0.0093 val_acc=0.7287 val_nlpd=0.9658 val_ece=0.0675 kl_weight=0.000000 loss_kl_raw=566395.0000
[eval] adapter_cls=BayesPaperAdapter
[eval] raw_logits_shape=(10, 256, 101)
[eval] reduced_logits_shape=(256, 101)
[Epoch 258] lr=0.004759 train_loss=0.0158 loss_reg=0.0094 val_acc=0.7292 val_nlpd=0.9647 val_ece=0.0682 kl_weight=0.000000 loss_kl_raw=566408.8125
[eval] adapter_cls=BayesPaperAdapter
[eval] raw_logits_shape=(10, 256, 101)
[eval] reduced_logits_shape=(256, 101)
[Epoch 259] lr=0.004538 train_loss=0.0158 loss_reg=0.0094 val_acc=0.7271 val_nlpd=0.9643 val_ece=0.0694 kl_weight=0.000000 loss_kl_raw=566421.9375
[eval] adapter_cls=BayesPaperAdapter
[eval] raw_logits_shape=(10, 256, 101)
[eval] reduced_logits_shape=(256, 101)
[Epoch 260] lr=0.004323 train_loss=0.0159 loss_reg=0.0095 val_acc=0.7287 val_nlpd=0.9665 val_ece=0.0680 kl_weight=0.000000 loss_kl_raw=566434.4375
[eval] adapter_cls=BayesPaperAdapter
[eval] raw_logits_shape=(10, 256, 101)
[eval] reduced_logits_shape=(256, 101)
[Epoch 261] lr=0.004112 train_loss=0.0159 loss_reg=0.0095 val_acc=0.7287 val_nlpd=0.9644 val_ece=0.0725 kl_weight=0.000000 loss_kl_raw=566446.2500
[eval] adapter_cls=BayesPaperAdapter
[eval] raw_logits_shape=(10, 256, 101)
[eval] reduced_logits_shape=(256, 101)
[Epoch 262] lr=0.003907 train_loss=0.0159 loss_reg=0.0095 val_acc=0.7302 val_nlpd=0.9642 val_ece=0.0690 kl_weight=0.000000 loss_kl_raw=566457.4375
[eval] adapter_cls=BayesPaperAdapter
[eval] raw_logits_shape=(10, 256, 101)
[eval] reduced_logits_shape=(256, 101)
[Epoch 263] lr=0.003706 train_loss=0.0160 loss_reg=0.0096 val_acc=0.7276 val_nlpd=0.9676 val_ece=0.0700 kl_weight=0.000000 loss_kl_raw=566468.0000
[eval] adapter_cls=BayesPaperAdapter
[eval] raw_logits_shape=(10, 256, 101)
[eval] reduced_logits_shape=(256, 101)
[Epoch 264] lr=0.003511 train_loss=0.0160 loss_reg=0.0096 val_acc=0.7271 val_nlpd=0.9662 val_ece=0.0701 kl_weight=0.000000 loss_kl_raw=566478.0000
[eval] adapter_cls=BayesPaperAdapter
[eval] raw_logits_shape=(10, 256, 101)
[eval] reduced_logits_shape=(256, 101)
[Epoch 265] lr=0.003321 train_loss=0.0160 loss_reg=0.0096 val_acc=0.7276 val_nlpd=0.9659 val_ece=0.0694 kl_weight=0.000000 loss_kl_raw=566487.3750
[eval] adapter_cls=BayesPaperAdapter
[eval] raw_logits_shape=(10, 256, 101)
[eval] reduced_logits_shape=(256, 101)
[Epoch 266] lr=0.003136 train_loss=0.0160 loss_reg=0.0097 val_acc=0.7271 val_nlpd=0.9667 val_ece=0.0709 kl_weight=0.000000 loss_kl_raw=566496.3125
[eval] adapter_cls=BayesPaperAdapter
[eval] raw_logits_shape=(10, 256, 101)
[eval] reduced_logits_shape=(256, 101)
[Epoch 267] lr=0.002956 train_loss=0.0161 loss_reg=0.0097 val_acc=0.7276 val_nlpd=0.9658 val_ece=0.0701 kl_weight=0.000000 loss_kl_raw=566504.5625
[eval] adapter_cls=BayesPaperAdapter
[eval] raw_logits_shape=(10, 256, 101)
[eval] reduced_logits_shape=(256, 101)
[Epoch 268] lr=0.002781 train_loss=0.0161 loss_reg=0.0098 val_acc=0.7292 val_nlpd=0.9681 val_ece=0.0692 kl_weight=0.000000 loss_kl_raw=566512.4375
[eval] adapter_cls=BayesPaperAdapter
[eval] raw_logits_shape=(10, 256, 101)
[eval] reduced_logits_shape=(256, 101)
[Epoch 269] lr=0.002612 train_loss=0.0161 loss_reg=0.0098 val_acc=0.7313 val_nlpd=0.9662 val_ece=0.0670 kl_weight=0.000000 loss_kl_raw=566519.7500
[eval] adapter_cls=BayesPaperAdapter
[eval] raw_logits_shape=(10, 256, 101)
[eval] reduced_logits_shape=(256, 101)
[Epoch 270] lr=0.002447 train_loss=0.0162 loss_reg=0.0098 val_acc=0.7281 val_nlpd=0.9671 val_ece=0.0727 kl_weight=0.000000 loss_kl_raw=566526.5625
[eval] adapter_cls=BayesPaperAdapter
[eval] raw_logits_shape=(10, 256, 101)
[eval] reduced_logits_shape=(256, 101)
[Epoch 271] lr=0.002288 train_loss=0.0162 loss_reg=0.0099 val_acc=0.7313 val_nlpd=0.9660 val_ece=0.0682 kl_weight=0.000000 loss_kl_raw=566532.9375
[eval] adapter_cls=BayesPaperAdapter
[eval] raw_logits_shape=(10, 256, 101)
[eval] reduced_logits_shape=(256, 101)
[Epoch 272] lr=0.002134 train_loss=0.0163 loss_reg=0.0099 val_acc=0.7266 val_nlpd=0.9659 val_ece=0.0710 kl_weight=0.000000 loss_kl_raw=566538.8750
[eval] adapter_cls=BayesPaperAdapter
[eval] raw_logits_shape=(10, 256, 101)
[eval] reduced_logits_shape=(256, 101)
[Epoch 273] lr=0.001985 train_loss=0.0164 loss_reg=0.0099 val_acc=0.7260 val_nlpd=0.9665 val_ece=0.0713 kl_weight=0.000000 loss_kl_raw=566544.4375
[eval] adapter_cls=BayesPaperAdapter
[eval] raw_logits_shape=(10, 256, 101)
[eval] reduced_logits_shape=(256, 101)
[Epoch 274] lr=0.001842 train_loss=0.0163 loss_reg=0.0100 val_acc=0.7287 val_nlpd=0.9681 val_ece=0.0699 kl_weight=0.000000 loss_kl_raw=566549.5625
[eval] adapter_cls=BayesPaperAdapter
[eval] raw_logits_shape=(10, 256, 101)
[eval] reduced_logits_shape=(256, 101)
[Epoch 275] lr=0.001704 train_loss=0.0164 loss_reg=0.0100 val_acc=0.7281 val_nlpd=0.9648 val_ece=0.0688 kl_weight=0.000000 loss_kl_raw=566554.3125
[eval] adapter_cls=BayesPaperAdapter
[eval] raw_logits_shape=(10, 256, 101)
[eval] reduced_logits_shape=(256, 101)
[Epoch 276] lr=0.001571 train_loss=0.0164 loss_reg=0.0100 val_acc=0.7287 val_nlpd=0.9676 val_ece=0.0705 kl_weight=0.000000 loss_kl_raw=566558.6250
[eval] adapter_cls=BayesPaperAdapter
[eval] raw_logits_shape=(10, 256, 101)
[eval] reduced_logits_shape=(256, 101)
[Epoch 277] lr=0.001443 train_loss=0.0165 loss_reg=0.0101 val_acc=0.7292 val_nlpd=0.9661 val_ece=0.0702 kl_weight=0.000000 loss_kl_raw=566562.6250
[eval] adapter_cls=BayesPaperAdapter
[eval] raw_logits_shape=(10, 256, 101)
[eval] reduced_logits_shape=(256, 101)
[Epoch 278] lr=0.001321 train_loss=0.0165 loss_reg=0.0101 val_acc=0.7292 val_nlpd=0.9654 val_ece=0.0697 kl_weight=0.000000 loss_kl_raw=566566.3125
[eval] adapter_cls=BayesPaperAdapter
[eval] raw_logits_shape=(10, 256, 101)
[eval] reduced_logits_shape=(256, 101)
[Epoch 279] lr=0.001204 train_loss=0.0166 loss_reg=0.0102 val_acc=0.7292 val_nlpd=0.9649 val_ece=0.0697 kl_weight=0.000000 loss_kl_raw=566569.6875
[eval] adapter_cls=BayesPaperAdapter
[eval] raw_logits_shape=(10, 256, 101)
[eval] reduced_logits_shape=(256, 101)
[Epoch 280] lr=0.001093 train_loss=0.0166 loss_reg=0.0102 val_acc=0.7271 val_nlpd=0.9680 val_ece=0.0708 kl_weight=0.000000 loss_kl_raw=566572.7500
[eval] adapter_cls=BayesPaperAdapter
[eval] raw_logits_shape=(10, 256, 101)
[eval] reduced_logits_shape=(256, 101)
[Epoch 281] lr=0.000986 train_loss=0.0165 loss_reg=0.0102 val_acc=0.7260 val_nlpd=0.9678 val_ece=0.0708 kl_weight=0.000000 loss_kl_raw=566575.5000
[eval] adapter_cls=BayesPaperAdapter
[eval] raw_logits_shape=(10, 256, 101)
[eval] reduced_logits_shape=(256, 101)
[Epoch 282] lr=0.000886 train_loss=0.0166 loss_reg=0.0103 val_acc=0.7318 val_nlpd=0.9645 val_ece=0.0680 kl_weight=0.000000 loss_kl_raw=566578.0000
[eval] adapter_cls=BayesPaperAdapter
[eval] raw_logits_shape=(10, 256, 101)
[eval] reduced_logits_shape=(256, 101)
[Epoch 283] lr=0.000790 train_loss=0.0167 loss_reg=0.0103 val_acc=0.7292 val_nlpd=0.9654 val_ece=0.0702 kl_weight=0.000000 loss_kl_raw=566580.2500
[eval] adapter_cls=BayesPaperAdapter
[eval] raw_logits_shape=(10, 256, 101)
[eval] reduced_logits_shape=(256, 101)
[Epoch 284] lr=0.000700 train_loss=0.0168 loss_reg=0.0103 val_acc=0.7271 val_nlpd=0.9673 val_ece=0.0705 kl_weight=0.000000 loss_kl_raw=566582.3125
[eval] adapter_cls=BayesPaperAdapter
[eval] raw_logits_shape=(10, 256, 101)
[eval] reduced_logits_shape=(256, 101)
[Epoch 285] lr=0.000616 train_loss=0.0168 loss_reg=0.0104 val_acc=0.7302 val_nlpd=0.9665 val_ece=0.0672 kl_weight=0.000000 loss_kl_raw=566584.0625
[eval] adapter_cls=BayesPaperAdapter
[eval] raw_logits_shape=(10, 256, 101)
[eval] reduced_logits_shape=(256, 101)
[Epoch 286] lr=0.000536 train_loss=0.0168 loss_reg=0.0104 val_acc=0.7302 val_nlpd=0.9659 val_ece=0.0676 kl_weight=0.000000 loss_kl_raw=566585.6250
[eval] adapter_cls=BayesPaperAdapter
[eval] raw_logits_shape=(10, 256, 101)
[eval] reduced_logits_shape=(256, 101)
[Epoch 287] lr=0.000463 train_loss=0.0169 loss_reg=0.0104 val_acc=0.7266 val_nlpd=0.9647 val_ece=0.0700 kl_weight=0.000000 loss_kl_raw=566587.0000
[eval] adapter_cls=BayesPaperAdapter
[eval] raw_logits_shape=(10, 256, 101)
[eval] reduced_logits_shape=(256, 101)
[Epoch 288] lr=0.000394 train_loss=0.0169 loss_reg=0.0105 val_acc=0.7266 val_nlpd=0.9677 val_ece=0.0699 kl_weight=0.000000 loss_kl_raw=566588.1875
[eval] adapter_cls=BayesPaperAdapter
[eval] raw_logits_shape=(10, 256, 101)
[eval] reduced_logits_shape=(256, 101)
[Epoch 289] lr=0.000331 train_loss=0.0170 loss_reg=0.0105 val_acc=0.7292 val_nlpd=0.9672 val_ece=0.0702 kl_weight=0.000000 loss_kl_raw=566589.2500
[eval] adapter_cls=BayesPaperAdapter
[eval] raw_logits_shape=(10, 256, 101)
[eval] reduced_logits_shape=(256, 101)
[Epoch 290] lr=0.000274 train_loss=0.0169 loss_reg=0.0106 val_acc=0.7302 val_nlpd=0.9664 val_ece=0.0708 kl_weight=0.000000 loss_kl_raw=566590.0625
[eval] adapter_cls=BayesPaperAdapter
[eval] raw_logits_shape=(10, 256, 101)
[eval] reduced_logits_shape=(256, 101)
[Epoch 291] lr=0.000222 train_loss=0.0170 loss_reg=0.0106 val_acc=0.7287 val_nlpd=0.9659 val_ece=0.0688 kl_weight=0.000000 loss_kl_raw=566590.8125
[eval] adapter_cls=BayesPaperAdapter
[eval] raw_logits_shape=(10, 256, 101)
[eval] reduced_logits_shape=(256, 101)
[Epoch 292] lr=0.000175 train_loss=0.0170 loss_reg=0.0106 val_acc=0.7313 val_nlpd=0.9626 val_ece=0.0692 kl_weight=0.000000 loss_kl_raw=566591.4375
[eval] adapter_cls=BayesPaperAdapter
[eval] raw_logits_shape=(10, 256, 101)
[eval] reduced_logits_shape=(256, 101)
[Epoch 293] lr=0.000134 train_loss=0.0170 loss_reg=0.0107 val_acc=0.7287 val_nlpd=0.9633 val_ece=0.0687 kl_weight=0.000000 loss_kl_raw=566591.8750
[eval] adapter_cls=BayesPaperAdapter
[eval] raw_logits_shape=(10, 256, 101)
[eval] reduced_logits_shape=(256, 101)
[Epoch 294] lr=0.000099 train_loss=0.0170 loss_reg=0.0107 val_acc=0.7271 val_nlpd=0.9667 val_ece=0.0694 kl_weight=0.000000 loss_kl_raw=566592.2500
[eval] adapter_cls=BayesPaperAdapter
[eval] raw_logits_shape=(10, 256, 101)
[eval] reduced_logits_shape=(256, 101)
[Epoch 295] lr=0.000069 train_loss=0.0171 loss_reg=0.0107 val_acc=0.7271 val_nlpd=0.9670 val_ece=0.0721 kl_weight=0.000000 loss_kl_raw=566592.5625
[eval] adapter_cls=BayesPaperAdapter
[eval] raw_logits_shape=(10, 256, 101)
[eval] reduced_logits_shape=(256, 101)
[Epoch 296] lr=0.000044 train_loss=0.0171 loss_reg=0.0108 val_acc=0.7313 val_nlpd=0.9664 val_ece=0.0683 kl_weight=0.000000 loss_kl_raw=566592.7500
[eval] adapter_cls=BayesPaperAdapter
[eval] raw_logits_shape=(10, 256, 101)
[eval] reduced_logits_shape=(256, 101)
[Epoch 297] lr=0.000025 train_loss=0.0172 loss_reg=0.0108 val_acc=0.7266 val_nlpd=0.9681 val_ece=0.0702 kl_weight=0.000000 loss_kl_raw=566592.8750
[eval] adapter_cls=BayesPaperAdapter
[eval] raw_logits_shape=(10, 256, 101)
[eval] reduced_logits_shape=(256, 101)
[Epoch 298] lr=0.000011 train_loss=0.0172 loss_reg=0.0108 val_acc=0.7276 val_nlpd=0.9688 val_ece=0.0699 kl_weight=0.000000 loss_kl_raw=566592.9375
[eval] adapter_cls=BayesPaperAdapter
[eval] raw_logits_shape=(10, 256, 101)
[eval] reduced_logits_shape=(256, 101)
[Epoch 299] lr=0.000003 train_loss=0.0173 loss_reg=0.0109 val_acc=0.7287 val_nlpd=0.9673 val_ece=0.0698 kl_weight=0.000000 loss_kl_raw=566593.0000
[eval] adapter_cls=BayesPaperAdapter
[eval] raw_logits_shape=(10, 256, 101)
[eval] reduced_logits_shape=(256, 101)
[Epoch 300] lr=0.000000 train_loss=0.0173 loss_reg=0.0109 val_acc=0.7287 val_nlpd=0.9670 val_ece=0.0683 kl_weight=0.000000 loss_kl_raw=566593.0000
[done] training complete:
{
  "family": "vlm_adapter",
  "variant": "BAYESADAPTER",
  "protocol": "id",
  "dataset": "ucf101",
  "seed": 1,
  "model_selection": "last",
  "selection_metric": "acc",
  "selection_mode": "max",
  "best_epoch": 282,
  "best_val_metrics_saved": {
    "loss": 0.9662131650179028,
    "acc": 0.7318229675292969,
    "nlpd": 0.964474618434906,
    "ece": 0.06797495484352112,
    "aece": 0.06520933211163801,
    "raw_cov_99": 0.26923078298568726,
    "sel_acc_99": 0.9941291809082031,
    "reliable_99": 1.0,
    "cov_99": 0.26923078298568726,
    "class_cov_99": 0.7128712871287128,
    "raw_cov_95": 0.4267650246620178,
    "sel_acc_95": 0.9753086566925049,
    "reliable_95": 1.0,
    "cov_95": 0.4267650246620178,
    "class_cov_95": 0.9207920792079208,
    "raw_cov_90": 0.5052686929702759,
    "sel_acc_90": 0.9603753685951233,
    "reliable_90": 1.0,
    "cov_90": 0.5052686929702759,
    "class_cov_90": 0.9801980198019802,
    "raw_cov_85": 0.5605900883674622,
    "sel_acc_85": 0.9370300769805908,
    "reliable_85": 1.0,
    "cov_85": 0.5605900883674622,
    "class_cov_85": 0.9900990099009901,
    "raw_cov_80": 0.6059009432792664,
    "sel_acc_80": 0.9139130711555481,
    "reliable_80": 1.0,
    "cov_80": 0.6059009432792664,
    "class_cov_80": 1.0
  },
  "last_epoch": 300,
  "last_val_metrics_saved": {
    "loss": 0.9686903039070025,
    "acc": 0.7286617755889893,
    "nlpd": 0.9669650197029114,
    "ece": 0.06825418770313263,
    "aece": 0.06842091330989519,
    "raw_cov_99": 0.2681770324707031,
    "sel_acc_99": 0.994106113910675,
    "reliable_99": 1.0,
    "cov_99": 0.2681770324707031,
    "class_cov_99": 0.7128712871287128,
    "raw_cov_95": 0.42781874537467957,
    "sel_acc_95": 0.9753694534301758,
    "reliable_95": 1.0,
    "cov_95": 0.42781874537467957,
    "class_cov_95": 0.9207920792079208,
    "raw_cov_90": 0.5021075010299683,
    "sel_acc_90": 0.9590765833854675,
    "reliable_90": 1.0,
    "cov_90": 0.5021075010299683,
    "class_cov_90": 0.9801980198019802,
    "raw_cov_85": 0.5569019913673401,
    "sel_acc_85": 0.938505232334137,
    "reliable_85": 1.0,
    "cov_85": 0.5569019913673401,
    "class_cov_85": 0.9900990099009901,
    "raw_cov_80": 0.6043203473091125,
    "sel_acc_80": 0.915431559085846,
    "reliable_80": 1.0,
    "cov_80": 0.6043203473091125,
    "class_cov_80": 1.0
  },
  "run_dir": "/root/autodl-tmp/BayesVLM/output/vlm_adapter/id/ucf101/BAYESADAPTER/BAYESADAPTER/logit_scale_frozen/prior_text_only__seed_1__last/shot_1/seed_1",
  "elapsed_seconds": 21.1,
  "artifacts": {
    "log_file": "train/train.log",
    "config_file": "config/config.json",
    "class_names_file": "config/class_names.json",
    "metrics_csv_file": "train/metrics_history.csv",
    "best_ckpt_file": "checkpoints/best_adapter.pt",
    "last_ckpt_file": "checkpoints/last_adapter.pt"
  }
}
