[run] family=vlm_adapter
[run] variant=BAYESADAPTER
[run] protocol=id
[run] dataset=ucf101
[run] model=clip-base
[run] shots_per_class=8
[run] seed=1
[run] device=cuda
[run] run_dir=/root/autodl-tmp/BayesVLM/output/vlm_adapter/id/ucf101/BAYESADAPTER/BAYESADAPTER/logit_scale_frozen/prior_text_only__seed_1__last/shot_8/seed_1
[run] optimizer=sgd
[run] lr_scheduler=cosine
[run] model_selection=last
[note] pseudo_data_count=None retained only for explicit config parity.
[note] bayesadapter_covariance_mode=paper_scalar
[note] bayesadapter_text_only_run_dir=./output/text_only_bayes_coop_bayes/id/ucf101/logit_scale_frozen/shot_8/seed_1
[note] bayesadapter_text_only_ckpt=last
===== train =====
num_classes: 101
  0 | Apply_Eye_Makeup          | 8
  1 | Apply_Lipstick            | 8
  2 | Archery                   | 8
  3 | Baby_Crawling             | 8
  4 | Balance_Beam              | 8
  5 | Band_Marching             | 8
  6 | Baseball_Pitch            | 8
  7 | Basketball                | 8
  8 | Basketball_Dunk           | 8
  9 | Bench_Press               | 8
 10 | Biking                    | 8
 11 | Billiards                 | 8
 12 | Blow_Dry_Hair             | 8
 13 | Blowing_Candles           | 8
 14 | Body_Weight_Squats        | 8
 15 | Bowling                   | 8
 16 | Boxing_Punching_Bag       | 8
 17 | Boxing_Speed_Bag          | 8
 18 | Breast_Stroke             | 8
 19 | Brushing_Teeth            | 8
 20 | Clean_And_Jerk            | 8
 21 | Cliff_Diving              | 8
 22 | Cricket_Bowling           | 8
 23 | Cricket_Shot              | 8
 24 | Cutting_In_Kitchen        | 8
 25 | Diving                    | 8
 26 | Drumming                  | 8
 27 | Fencing                   | 8
 28 | Field_Hockey_Penalty      | 8
 29 | Floor_Gymnastics          | 8
 30 | Frisbee_Catch             | 8
 31 | Front_Crawl               | 8
 32 | Golf_Swing                | 8
 33 | Haircut                   | 8
 34 | Hammering                 | 8
 35 | Hammer_Throw              | 8
 36 | Handstand_Pushups         | 8
 37 | Handstand_Walking         | 8
 38 | Head_Massage              | 8
 39 | High_Jump                 | 8
 40 | Horse_Race                | 8
 41 | Horse_Riding              | 8
 42 | Hula_Hoop                 | 8
 43 | Ice_Dancing               | 8
 44 | Javelin_Throw             | 8
 45 | Juggling_Balls            | 8
 46 | Jumping_Jack              | 8
 47 | Jump_Rope                 | 8
 48 | Kayaking                  | 8
 49 | Knitting                  | 8
 50 | Long_Jump                 | 8
 51 | Lunges                    | 8
 52 | Military_Parade           | 8
 53 | Mixing                    | 8
 54 | Mopping_Floor             | 8
 55 | Nunchucks                 | 8
 56 | Parallel_Bars             | 8
 57 | Pizza_Tossing             | 8
 58 | Playing_Cello             | 8
 59 | Playing_Daf               | 8
 60 | Playing_Dhol              | 8
 61 | Playing_Flute             | 8
 62 | Playing_Guitar            | 8
 63 | Playing_Piano             | 8
 64 | Playing_Sitar             | 8
 65 | Playing_Tabla             | 8
 66 | Playing_Violin            | 8
 67 | Pole_Vault                | 8
 68 | Pommel_Horse              | 8
 69 | Pull_Ups                  | 8
 70 | Punch                     | 8
 71 | Push_Ups                  | 8
 72 | Rafting                   | 8
 73 | Rock_Climbing_Indoor      | 8
 74 | Rope_Climbing             | 8
 75 | Rowing                    | 8
 76 | Salsa_Spin                | 8
 77 | Shaving_Beard             | 8
 78 | Shotput                   | 8
 79 | Skate_Boarding            | 8
 80 | Skiing                    | 8
 81 | Skijet                    | 8
 82 | Sky_Diving                | 8
 83 | Soccer_Juggling           | 8
 84 | Soccer_Penalty            | 8
 85 | Still_Rings               | 8
 86 | Sumo_Wrestling            | 8
 87 | Surfing                   | 8
 88 | Swing                     | 8
 89 | Table_Tennis_Shot         | 8
 90 | Tai_Chi                   | 8
 91 | Tennis_Swing              | 8
 92 | Throw_Discus              | 8
 93 | Trampoline_Jumping        | 8
 94 | Typing                    | 8
 95 | Uneven_Bars               | 8
 96 | Volleyball_Spiking        | 8
 97 | Walking_With_Dog          | 8
 98 | Wall_Pushups              | 8
 99 | Writing_On_Board          | 8
100 | Yo_Yo                     | 8
===== test =====
num_classes: 101
  0 | Apply_Eye_Makeup          | 44
  1 | Apply_Lipstick            | 32
  2 | Archery                   | 41
  3 | Baby_Crawling             | 35
  4 | Balance_Beam              | 31
  5 | Band_Marching             | 43
  6 | Baseball_Pitch            | 43
  7 | Basketball                | 35
  8 | Basketball_Dunk           | 37
  9 | Bench_Press               | 48
 10 | Biking                    | 38
 11 | Billiards                 | 40
 12 | Blow_Dry_Hair             | 38
 13 | Blowing_Candles           | 33
 14 | Body_Weight_Squats        | 30
 15 | Bowling                   | 43
 16 | Boxing_Punching_Bag       | 49
 17 | Boxing_Speed_Bag          | 37
 18 | Breast_Stroke             | 28
 19 | Brushing_Teeth            | 36
 20 | Clean_And_Jerk            | 33
 21 | Cliff_Diving              | 39
 22 | Cricket_Bowling           | 36
 23 | Cricket_Shot              | 49
 24 | Cutting_In_Kitchen        | 33
 25 | Diving                    | 45
 26 | Drumming                  | 45
 27 | Fencing                   | 34
 28 | Field_Hockey_Penalty      | 40
 29 | Floor_Gymnastics          | 36
 30 | Frisbee_Catch             | 37
 31 | Front_Crawl               | 37
 32 | Golf_Swing                | 39
 33 | Haircut                   | 33
 34 | Hammering                 | 33
 35 | Hammer_Throw              | 45
 36 | Handstand_Pushups         | 28
 37 | Handstand_Walking         | 34
 38 | Head_Massage              | 41
 39 | High_Jump                 | 37
 40 | Horse_Race                | 35
 41 | Horse_Riding              | 49
 42 | Hula_Hoop                 | 34
 43 | Ice_Dancing               | 46
 44 | Javelin_Throw             | 31
 45 | Juggling_Balls            | 40
 46 | Jumping_Jack              | 37
 47 | Jump_Rope                 | 38
 48 | Kayaking                  | 36
 49 | Knitting                  | 34
 50 | Long_Jump                 | 39
 51 | Lunges                    | 37
 52 | Military_Parade           | 33
 53 | Mixing                    | 45
 54 | Mopping_Floor             | 34
 55 | Nunchucks                 | 35
 56 | Parallel_Bars             | 37
 57 | Pizza_Tossing             | 33
 58 | Playing_Cello             | 44
 59 | Playing_Daf               | 41
 60 | Playing_Dhol              | 49
 61 | Playing_Flute             | 48
 62 | Playing_Guitar            | 43
 63 | Playing_Piano             | 28
 64 | Playing_Sitar             | 44
 65 | Playing_Tabla             | 31
 66 | Playing_Violin            | 28
 67 | Pole_Vault                | 40
 68 | Pommel_Horse              | 35
 69 | Pull_Ups                  | 28
 70 | Punch                     | 39
 71 | Push_Ups                  | 30
 72 | Rafting                   | 28
 73 | Rock_Climbing_Indoor      | 41
 74 | Rope_Climbing             | 34
 75 | Rowing                    | 36
 76 | Salsa_Spin                | 43
 77 | Shaving_Beard             | 43
 78 | Shotput                   | 46
 79 | Skate_Boarding            | 32
 80 | Skiing                    | 40
 81 | Skijet                    | 28
 82 | Sky_Diving                | 31
 83 | Soccer_Juggling           | 39
 84 | Soccer_Penalty            | 41
 85 | Still_Rings               | 32
 86 | Sumo_Wrestling            | 34
 87 | Surfing                   | 33
 88 | Swing                     | 42
 89 | Table_Tennis_Shot         | 39
 90 | Tai_Chi                   | 28
 91 | Tennis_Swing              | 49
 92 | Throw_Discus              | 38
 93 | Trampoline_Jumping        | 32
 94 | Typing                    | 43
 95 | Uneven_Bars               | 28
 96 | Volleyball_Spiking        | 35
 97 | Walking_With_Dog          | 36
 98 | Wall_Pushups              | 35
 99 | Writing_On_Board          | 45
100 | Yo_Yo                     | 36
[load_model] 使用本地模型目录：/root/autodl-tmp/BayesVLM/models/clip-vit-b32
[cache] dataset=ucf101 split=id_train cache_dir=/root/autodl-tmp/BayesVLM/cache/image_features/ucf101/model_clip-base/weights__root_autodl-tmp_BayesVLM_models_clip-vit-b32/imgsz_224/tfm_cf4d0ebdf93a/id_train
[cache] manifest 不匹配，准备重建。
[cache] manifest_diff_keys=['num_samples', 'sample_keys_sha256']
[cache]   num_samples: current=404 | expected=808
[cache]   sample_keys_sha256: current=f4e2bf61fa33291719a4fd1f35fe0b4b41e895d41b5d805625f494793230bd9c | expected=cfa0437ce4f00a5b13aae97273d30e8bb6c6648b8c5ee81745fb3ca3fed37467
  0%|          | 0/4 [00:00<?, ?it/s] 25%|##5       | 1/4 [00:01<00:03,  1.31s/it] 75%|#######5  | 3/4 [00:01<00:00,  2.50it/s]100%|##########| 4/4 [00:01<00:00,  2.69it/s]
[cache] 已完成重建并写入 manifest。
[cache] dataset=ucf101 split=id_train_eval cache_dir=/root/autodl-tmp/BayesVLM/cache/image_features/ucf101/model_clip-base/weights__root_autodl-tmp_BayesVLM_models_clip-vit-b32/imgsz_224/tfm_cf4d0ebdf93a/id_train_eval
[cache] manifest 不匹配，准备重建。
[cache] manifest_diff_keys=['num_samples', 'sample_keys_sha256']
[cache]   num_samples: current=404 | expected=808
[cache]   sample_keys_sha256: current=f4e2bf61fa33291719a4fd1f35fe0b4b41e895d41b5d805625f494793230bd9c | expected=cfa0437ce4f00a5b13aae97273d30e8bb6c6648b8c5ee81745fb3ca3fed37467
  0%|          | 0/4 [00:00<?, ?it/s] 25%|##5       | 1/4 [00:01<00:03,  1.03s/it] 75%|#######5  | 3/4 [00:01<00:00,  3.04it/s]100%|##########| 4/4 [00:01<00:00,  3.30it/s]
[cache] 已完成重建并写入 manifest。
[cache] dataset=ucf101 split=id_val cache_dir=/root/autodl-tmp/BayesVLM/cache/image_features/ucf101/model_clip-base/weights__root_autodl-tmp_BayesVLM_models_clip-vit-b32/imgsz_224/tfm_cf4d0ebdf93a/id_val
[cache] 命中缓存，直接加载。
[cache] dataset=ucf101 split=id_test cache_dir=/root/autodl-tmp/BayesVLM/cache/image_features/ucf101/model_clip-base/weights__root_autodl-tmp_BayesVLM_models_clip-vit-b32/imgsz_224/tfm_cf4d0ebdf93a/id_test
[cache] 命中缓存，直接加载。
[train] starting training loop ...
[eval] adapter_cls=BayesPaperAdapter
[eval] raw_logits_shape=(10, 256, 101)
[eval] reduced_logits_shape=(256, 101)
[Epoch 001] lr=0.099997 train_loss=1.3588 loss_reg=0.0000 val_acc=0.6760 val_nlpd=1.1991 val_ece=0.0720 kl_weight=0.000000 loss_kl_raw=52635.8594
[eval] adapter_cls=BayesPaperAdapter
[eval] raw_logits_shape=(10, 256, 101)
[eval] reduced_logits_shape=(256, 101)
[Epoch 002] lr=0.099989 train_loss=1.1288 loss_reg=0.0000 val_acc=0.6891 val_nlpd=1.0906 val_ece=0.0594 kl_weight=0.000000 loss_kl_raw=62970.4766
[eval] adapter_cls=BayesPaperAdapter
[eval] raw_logits_shape=(10, 256, 101)
[eval] reduced_logits_shape=(256, 101)
[Epoch 003] lr=0.099975 train_loss=0.9540 loss_reg=0.0000 val_acc=0.7018 val_nlpd=1.0531 val_ece=0.0532 kl_weight=0.000000 loss_kl_raw=87118.8672
[eval] adapter_cls=BayesPaperAdapter
[eval] raw_logits_shape=(10, 256, 101)
[eval] reduced_logits_shape=(256, 101)
[Epoch 004] lr=0.099956 train_loss=0.8449 loss_reg=0.0000 val_acc=0.7171 val_nlpd=0.9853 val_ece=0.0420 kl_weight=0.000000 loss_kl_raw=117199.5391
[eval] adapter_cls=BayesPaperAdapter
[eval] raw_logits_shape=(10, 256, 101)
[eval] reduced_logits_shape=(256, 101)
[Epoch 005] lr=0.099931 train_loss=0.7304 loss_reg=0.0000 val_acc=0.7318 val_nlpd=0.9015 val_ece=0.0332 kl_weight=0.000000 loss_kl_raw=149050.6094
[eval] adapter_cls=BayesPaperAdapter
[eval] raw_logits_shape=(10, 256, 101)
[eval] reduced_logits_shape=(256, 101)
[Epoch 006] lr=0.099901 train_loss=0.6182 loss_reg=0.0001 val_acc=0.7634 val_nlpd=0.8324 val_ece=0.0140 kl_weight=0.000000 loss_kl_raw=183390.9375
[eval] adapter_cls=BayesPaperAdapter
[eval] raw_logits_shape=(10, 256, 101)
[eval] reduced_logits_shape=(256, 101)
[Epoch 007] lr=0.099866 train_loss=0.5351 loss_reg=0.0001 val_acc=0.7740 val_nlpd=0.7916 val_ece=0.0150 kl_weight=0.000000 loss_kl_raw=220480.6875
[eval] adapter_cls=BayesPaperAdapter
[eval] raw_logits_shape=(10, 256, 101)
[eval] reduced_logits_shape=(256, 101)
[Epoch 008] lr=0.099825 train_loss=0.4617 loss_reg=0.0001 val_acc=0.7792 val_nlpd=0.7594 val_ece=0.0205 kl_weight=0.000000 loss_kl_raw=258548.3438
[eval] adapter_cls=BayesPaperAdapter
[eval] raw_logits_shape=(10, 256, 101)
[eval] reduced_logits_shape=(256, 101)
[Epoch 009] lr=0.099778 train_loss=0.4004 loss_reg=0.0001 val_acc=0.7903 val_nlpd=0.7418 val_ece=0.0169 kl_weight=0.000000 loss_kl_raw=300208.0000
[eval] adapter_cls=BayesPaperAdapter
[eval] raw_logits_shape=(10, 256, 101)
[eval] reduced_logits_shape=(256, 101)
[Epoch 010] lr=0.099726 train_loss=0.3589 loss_reg=0.0002 val_acc=0.7898 val_nlpd=0.7366 val_ece=0.0198 kl_weight=0.000000 loss_kl_raw=342139.8438
[eval] adapter_cls=BayesPaperAdapter
[eval] raw_logits_shape=(10, 256, 101)
[eval] reduced_logits_shape=(256, 101)
[Epoch 011] lr=0.099669 train_loss=0.3289 loss_reg=0.0002 val_acc=0.7835 val_nlpd=0.7279 val_ece=0.0324 kl_weight=0.000000 loss_kl_raw=385189.8750
[eval] adapter_cls=BayesPaperAdapter
[eval] raw_logits_shape=(10, 256, 101)
[eval] reduced_logits_shape=(256, 101)
[Epoch 012] lr=0.099606 train_loss=0.3019 loss_reg=0.0003 val_acc=0.7914 val_nlpd=0.7035 val_ece=0.0189 kl_weight=0.000000 loss_kl_raw=426623.8438
[eval] adapter_cls=BayesPaperAdapter
[eval] raw_logits_shape=(10, 256, 101)
[eval] reduced_logits_shape=(256, 101)
[Epoch 013] lr=0.099537 train_loss=0.2550 loss_reg=0.0003 val_acc=0.8087 val_nlpd=0.6822 val_ece=0.0125 kl_weight=0.000000 loss_kl_raw=464329.7500
[eval] adapter_cls=BayesPaperAdapter
[eval] raw_logits_shape=(10, 256, 101)
[eval] reduced_logits_shape=(256, 101)
[Epoch 014] lr=0.099464 train_loss=0.2365 loss_reg=0.0004 val_acc=0.8066 val_nlpd=0.6780 val_ece=0.0181 kl_weight=0.000000 loss_kl_raw=500864.9375
[eval] adapter_cls=BayesPaperAdapter
[eval] raw_logits_shape=(10, 256, 101)
[eval] reduced_logits_shape=(256, 101)
[Epoch 015] lr=0.099384 train_loss=0.2214 loss_reg=0.0005 val_acc=0.8030 val_nlpd=0.6668 val_ece=0.0187 kl_weight=0.000000 loss_kl_raw=536111.5000
[eval] adapter_cls=BayesPaperAdapter
[eval] raw_logits_shape=(10, 256, 101)
[eval] reduced_logits_shape=(256, 101)
[Epoch 016] lr=0.099300 train_loss=0.1991 loss_reg=0.0005 val_acc=0.8077 val_nlpd=0.6484 val_ece=0.0116 kl_weight=0.000000 loss_kl_raw=568741.3750
[eval] adapter_cls=BayesPaperAdapter
[eval] raw_logits_shape=(10, 256, 101)
[eval] reduced_logits_shape=(256, 101)
[Epoch 017] lr=0.099210 train_loss=0.1788 loss_reg=0.0006 val_acc=0.8140 val_nlpd=0.6377 val_ece=0.0126 kl_weight=0.000000 loss_kl_raw=599542.1250
[eval] adapter_cls=BayesPaperAdapter
[eval] raw_logits_shape=(10, 256, 101)
[eval] reduced_logits_shape=(256, 101)
[Epoch 018] lr=0.099114 train_loss=0.1626 loss_reg=0.0007 val_acc=0.8161 val_nlpd=0.6329 val_ece=0.0095 kl_weight=0.000000 loss_kl_raw=629033.0000
[eval] adapter_cls=BayesPaperAdapter
[eval] raw_logits_shape=(10, 256, 101)
[eval] reduced_logits_shape=(256, 101)
[Epoch 019] lr=0.099014 train_loss=0.1490 loss_reg=0.0007 val_acc=0.8130 val_nlpd=0.6274 val_ece=0.0232 kl_weight=0.000000 loss_kl_raw=656965.3125
[eval] adapter_cls=BayesPaperAdapter
[eval] raw_logits_shape=(10, 256, 101)
[eval] reduced_logits_shape=(256, 101)
[Epoch 020] lr=0.098907 train_loss=0.1403 loss_reg=0.0008 val_acc=0.8166 val_nlpd=0.6211 val_ece=0.0217 kl_weight=0.000000 loss_kl_raw=684020.3750
[eval] adapter_cls=BayesPaperAdapter
[eval] raw_logits_shape=(10, 256, 101)
[eval] reduced_logits_shape=(256, 101)
[Epoch 021] lr=0.098796 train_loss=0.1289 loss_reg=0.0009 val_acc=0.8198 val_nlpd=0.6111 val_ece=0.0175 kl_weight=0.000000 loss_kl_raw=709623.5000
[eval] adapter_cls=BayesPaperAdapter
[eval] raw_logits_shape=(10, 256, 101)
[eval] reduced_logits_shape=(256, 101)
[Epoch 022] lr=0.098679 train_loss=0.1182 loss_reg=0.0010 val_acc=0.8240 val_nlpd=0.6074 val_ece=0.0150 kl_weight=0.000000 loss_kl_raw=733897.5000
[eval] adapter_cls=BayesPaperAdapter
[eval] raw_logits_shape=(10, 256, 101)
[eval] reduced_logits_shape=(256, 101)
[Epoch 023] lr=0.098557 train_loss=0.1138 loss_reg=0.0011 val_acc=0.8240 val_nlpd=0.6038 val_ece=0.0182 kl_weight=0.000000 loss_kl_raw=757841.0625
[eval] adapter_cls=BayesPaperAdapter
[eval] raw_logits_shape=(10, 256, 101)
[eval] reduced_logits_shape=(256, 101)
[Epoch 024] lr=0.098429 train_loss=0.1069 loss_reg=0.0011 val_acc=0.8230 val_nlpd=0.6011 val_ece=0.0163 kl_weight=0.000000 loss_kl_raw=781618.1250
[eval] adapter_cls=BayesPaperAdapter
[eval] raw_logits_shape=(10, 256, 101)
[eval] reduced_logits_shape=(256, 101)
[Epoch 025] lr=0.098296 train_loss=0.1004 loss_reg=0.0012 val_acc=0.8282 val_nlpd=0.5982 val_ece=0.0122 kl_weight=0.000000 loss_kl_raw=804211.1250
[eval] adapter_cls=BayesPaperAdapter
[eval] raw_logits_shape=(10, 256, 101)
[eval] reduced_logits_shape=(256, 101)
[Epoch 026] lr=0.098158 train_loss=0.0946 loss_reg=0.0013 val_acc=0.8325 val_nlpd=0.5995 val_ece=0.0180 kl_weight=0.000000 loss_kl_raw=825411.7500
[eval] adapter_cls=BayesPaperAdapter
[eval] raw_logits_shape=(10, 256, 101)
[eval] reduced_logits_shape=(256, 101)
[Epoch 027] lr=0.098015 train_loss=0.0905 loss_reg=0.0014 val_acc=0.8293 val_nlpd=0.5988 val_ece=0.0183 kl_weight=0.000000 loss_kl_raw=845777.1250
[eval] adapter_cls=BayesPaperAdapter
[eval] raw_logits_shape=(10, 256, 101)
[eval] reduced_logits_shape=(256, 101)
[Epoch 028] lr=0.097866 train_loss=0.0877 loss_reg=0.0015 val_acc=0.8235 val_nlpd=0.5945 val_ece=0.0225 kl_weight=0.000000 loss_kl_raw=865739.3750
[eval] adapter_cls=BayesPaperAdapter
[eval] raw_logits_shape=(10, 256, 101)
[eval] reduced_logits_shape=(256, 101)
[Epoch 029] lr=0.097712 train_loss=0.0840 loss_reg=0.0016 val_acc=0.8219 val_nlpd=0.5861 val_ece=0.0197 kl_weight=0.000000 loss_kl_raw=884808.0000
[eval] adapter_cls=BayesPaperAdapter
[eval] raw_logits_shape=(10, 256, 101)
[eval] reduced_logits_shape=(256, 101)
[Epoch 030] lr=0.097553 train_loss=0.0792 loss_reg=0.0017 val_acc=0.8246 val_nlpd=0.5852 val_ece=0.0317 kl_weight=0.000000 loss_kl_raw=902664.5000
[eval] adapter_cls=BayesPaperAdapter
[eval] raw_logits_shape=(10, 256, 101)
[eval] reduced_logits_shape=(256, 101)
[Epoch 031] lr=0.097388 train_loss=0.0753 loss_reg=0.0018 val_acc=0.8267 val_nlpd=0.5811 val_ece=0.0326 kl_weight=0.000000 loss_kl_raw=919847.2500
[eval] adapter_cls=BayesPaperAdapter
[eval] raw_logits_shape=(10, 256, 101)
[eval] reduced_logits_shape=(256, 101)
[Epoch 032] lr=0.097219 train_loss=0.0717 loss_reg=0.0019 val_acc=0.8303 val_nlpd=0.5788 val_ece=0.0185 kl_weight=0.000000 loss_kl_raw=936733.5625
[eval] adapter_cls=BayesPaperAdapter
[eval] raw_logits_shape=(10, 256, 101)
[eval] reduced_logits_shape=(256, 101)
[Epoch 033] lr=0.097044 train_loss=0.0689 loss_reg=0.0019 val_acc=0.8298 val_nlpd=0.5768 val_ece=0.0216 kl_weight=0.000000 loss_kl_raw=952852.1875
[eval] adapter_cls=BayesPaperAdapter
[eval] raw_logits_shape=(10, 256, 101)
[eval] reduced_logits_shape=(256, 101)
[Epoch 034] lr=0.096864 train_loss=0.0668 loss_reg=0.0020 val_acc=0.8309 val_nlpd=0.5743 val_ece=0.0208 kl_weight=0.000000 loss_kl_raw=968259.3125
[eval] adapter_cls=BayesPaperAdapter
[eval] raw_logits_shape=(10, 256, 101)
[eval] reduced_logits_shape=(256, 101)
[Epoch 035] lr=0.096679 train_loss=0.0644 loss_reg=0.0021 val_acc=0.8325 val_nlpd=0.5763 val_ece=0.0178 kl_weight=0.000000 loss_kl_raw=984788.3125
[eval] adapter_cls=BayesPaperAdapter
[eval] raw_logits_shape=(10, 256, 101)
[eval] reduced_logits_shape=(256, 101)
[Epoch 036] lr=0.096489 train_loss=0.0624 loss_reg=0.0022 val_acc=0.8330 val_nlpd=0.5767 val_ece=0.0174 kl_weight=0.000000 loss_kl_raw=1000563.9375
[eval] adapter_cls=BayesPaperAdapter
[eval] raw_logits_shape=(10, 256, 101)
[eval] reduced_logits_shape=(256, 101)
[Epoch 037] lr=0.096294 train_loss=0.0608 loss_reg=0.0023 val_acc=0.8303 val_nlpd=0.5743 val_ece=0.0220 kl_weight=0.000000 loss_kl_raw=1015679.1875
[eval] adapter_cls=BayesPaperAdapter
[eval] raw_logits_shape=(10, 256, 101)
[eval] reduced_logits_shape=(256, 101)
[Epoch 038] lr=0.096093 train_loss=0.0587 loss_reg=0.0024 val_acc=0.8346 val_nlpd=0.5740 val_ece=0.0218 kl_weight=0.000000 loss_kl_raw=1030065.6250
[eval] adapter_cls=BayesPaperAdapter
[eval] raw_logits_shape=(10, 256, 101)
[eval] reduced_logits_shape=(256, 101)
[Epoch 039] lr=0.095888 train_loss=0.0573 loss_reg=0.0025 val_acc=0.8340 val_nlpd=0.5703 val_ece=0.0238 kl_weight=0.000000 loss_kl_raw=1044094.7500
[eval] adapter_cls=BayesPaperAdapter
[eval] raw_logits_shape=(10, 256, 101)
[eval] reduced_logits_shape=(256, 101)
[Epoch 040] lr=0.095677 train_loss=0.0558 loss_reg=0.0026 val_acc=0.8335 val_nlpd=0.5692 val_ece=0.0195 kl_weight=0.000000 loss_kl_raw=1057572.5000
[eval] adapter_cls=BayesPaperAdapter
[eval] raw_logits_shape=(10, 256, 101)
[eval] reduced_logits_shape=(256, 101)
[Epoch 041] lr=0.095462 train_loss=0.0542 loss_reg=0.0027 val_acc=0.8335 val_nlpd=0.5676 val_ece=0.0162 kl_weight=0.000000 loss_kl_raw=1070434.1250
[eval] adapter_cls=BayesPaperAdapter
[eval] raw_logits_shape=(10, 256, 101)
[eval] reduced_logits_shape=(256, 101)
[Epoch 042] lr=0.095241 train_loss=0.0531 loss_reg=0.0028 val_acc=0.8335 val_nlpd=0.5670 val_ece=0.0122 kl_weight=0.000000 loss_kl_raw=1082352.0000
[eval] adapter_cls=BayesPaperAdapter
[eval] raw_logits_shape=(10, 256, 101)
[eval] reduced_logits_shape=(256, 101)
[Epoch 043] lr=0.095016 train_loss=0.0521 loss_reg=0.0029 val_acc=0.8330 val_nlpd=0.5689 val_ece=0.0192 kl_weight=0.000000 loss_kl_raw=1094253.7500
[eval] adapter_cls=BayesPaperAdapter
[eval] raw_logits_shape=(10, 256, 101)
[eval] reduced_logits_shape=(256, 101)
[Epoch 044] lr=0.094786 train_loss=0.0509 loss_reg=0.0030 val_acc=0.8340 val_nlpd=0.5669 val_ece=0.0161 kl_weight=0.000000 loss_kl_raw=1105702.0000
[eval] adapter_cls=BayesPaperAdapter
[eval] raw_logits_shape=(10, 256, 101)
[eval] reduced_logits_shape=(256, 101)
[Epoch 045] lr=0.094550 train_loss=0.0495 loss_reg=0.0032 val_acc=0.8377 val_nlpd=0.5621 val_ece=0.0154 kl_weight=0.000000 loss_kl_raw=1116664.0000
[eval] adapter_cls=BayesPaperAdapter
[eval] raw_logits_shape=(10, 256, 101)
[eval] reduced_logits_shape=(256, 101)
[Epoch 046] lr=0.094310 train_loss=0.0491 loss_reg=0.0033 val_acc=0.8346 val_nlpd=0.5632 val_ece=0.0249 kl_weight=0.000000 loss_kl_raw=1127561.3750
[eval] adapter_cls=BayesPaperAdapter
[eval] raw_logits_shape=(10, 256, 101)
[eval] reduced_logits_shape=(256, 101)
[Epoch 047] lr=0.094065 train_loss=0.0481 loss_reg=0.0034 val_acc=0.8361 val_nlpd=0.5618 val_ece=0.0250 kl_weight=0.000000 loss_kl_raw=1138227.8750
[eval] adapter_cls=BayesPaperAdapter
[eval] raw_logits_shape=(10, 256, 101)
[eval] reduced_logits_shape=(256, 101)
[Epoch 048] lr=0.093815 train_loss=0.0476 loss_reg=0.0035 val_acc=0.8367 val_nlpd=0.5597 val_ece=0.0203 kl_weight=0.000000 loss_kl_raw=1148463.5000
[eval] adapter_cls=BayesPaperAdapter
[eval] raw_logits_shape=(10, 256, 101)
[eval] reduced_logits_shape=(256, 101)
[Epoch 049] lr=0.093561 train_loss=0.0464 loss_reg=0.0036 val_acc=0.8356 val_nlpd=0.5585 val_ece=0.0182 kl_weight=0.000000 loss_kl_raw=1158473.3750
[eval] adapter_cls=BayesPaperAdapter
[eval] raw_logits_shape=(10, 256, 101)
[eval] reduced_logits_shape=(256, 101)
[Epoch 050] lr=0.093301 train_loss=0.0459 loss_reg=0.0037 val_acc=0.8372 val_nlpd=0.5580 val_ece=0.0174 kl_weight=0.000000 loss_kl_raw=1168389.6250
[eval] adapter_cls=BayesPaperAdapter
[eval] raw_logits_shape=(10, 256, 101)
[eval] reduced_logits_shape=(256, 101)
[Epoch 051] lr=0.093037 train_loss=0.0451 loss_reg=0.0038 val_acc=0.8367 val_nlpd=0.5567 val_ece=0.0154 kl_weight=0.000000 loss_kl_raw=1178184.3750
[eval] adapter_cls=BayesPaperAdapter
[eval] raw_logits_shape=(10, 256, 101)
[eval] reduced_logits_shape=(256, 101)
[Epoch 052] lr=0.092768 train_loss=0.0444 loss_reg=0.0039 val_acc=0.8367 val_nlpd=0.5567 val_ece=0.0154 kl_weight=0.000000 loss_kl_raw=1187700.1250
[eval] adapter_cls=BayesPaperAdapter
[eval] raw_logits_shape=(10, 256, 101)
[eval] reduced_logits_shape=(256, 101)
[Epoch 053] lr=0.092495 train_loss=0.0440 loss_reg=0.0040 val_acc=0.8377 val_nlpd=0.5584 val_ece=0.0144 kl_weight=0.000000 loss_kl_raw=1196933.3750
[eval] adapter_cls=BayesPaperAdapter
[eval] raw_logits_shape=(10, 256, 101)
[eval] reduced_logits_shape=(256, 101)
[Epoch 054] lr=0.092216 train_loss=0.0434 loss_reg=0.0041 val_acc=0.8383 val_nlpd=0.5587 val_ece=0.0122 kl_weight=0.000000 loss_kl_raw=1205841.6250
[eval] adapter_cls=BayesPaperAdapter
[eval] raw_logits_shape=(10, 256, 101)
[eval] reduced_logits_shape=(256, 101)
[Epoch 055] lr=0.091934 train_loss=0.0428 loss_reg=0.0042 val_acc=0.8388 val_nlpd=0.5558 val_ece=0.0199 kl_weight=0.000000 loss_kl_raw=1215001.7500
[eval] adapter_cls=BayesPaperAdapter
[eval] raw_logits_shape=(10, 256, 101)
[eval] reduced_logits_shape=(256, 101)
[Epoch 056] lr=0.091646 train_loss=0.0422 loss_reg=0.0043 val_acc=0.8367 val_nlpd=0.5570 val_ece=0.0194 kl_weight=0.000000 loss_kl_raw=1224010.0000
[eval] adapter_cls=BayesPaperAdapter
[eval] raw_logits_shape=(10, 256, 101)
[eval] reduced_logits_shape=(256, 101)
[Epoch 057] lr=0.091354 train_loss=0.0420 loss_reg=0.0044 val_acc=0.8393 val_nlpd=0.5554 val_ece=0.0138 kl_weight=0.000000 loss_kl_raw=1232974.3750
[eval] adapter_cls=BayesPaperAdapter
[eval] raw_logits_shape=(10, 256, 101)
[eval] reduced_logits_shape=(256, 101)
[Epoch 058] lr=0.091057 train_loss=0.0416 loss_reg=0.0045 val_acc=0.8398 val_nlpd=0.5556 val_ece=0.0137 kl_weight=0.000000 loss_kl_raw=1241472.7500
[eval] adapter_cls=BayesPaperAdapter
[eval] raw_logits_shape=(10, 256, 101)
[eval] reduced_logits_shape=(256, 101)
[Epoch 059] lr=0.090756 train_loss=0.0411 loss_reg=0.0047 val_acc=0.8383 val_nlpd=0.5552 val_ece=0.0144 kl_weight=0.000000 loss_kl_raw=1250103.8750
[eval] adapter_cls=BayesPaperAdapter
[eval] raw_logits_shape=(10, 256, 101)
[eval] reduced_logits_shape=(256, 101)
[Epoch 060] lr=0.090451 train_loss=0.0404 loss_reg=0.0048 val_acc=0.8377 val_nlpd=0.5549 val_ece=0.0142 kl_weight=0.000000 loss_kl_raw=1258358.6250
[eval] adapter_cls=BayesPaperAdapter
[eval] raw_logits_shape=(10, 256, 101)
[eval] reduced_logits_shape=(256, 101)
[Epoch 061] lr=0.090141 train_loss=0.0398 loss_reg=0.0049 val_acc=0.8393 val_nlpd=0.5551 val_ece=0.0167 kl_weight=0.000000 loss_kl_raw=1266322.5000
[eval] adapter_cls=BayesPaperAdapter
[eval] raw_logits_shape=(10, 256, 101)
[eval] reduced_logits_shape=(256, 101)
[Epoch 062] lr=0.089826 train_loss=0.0394 loss_reg=0.0050 val_acc=0.8409 val_nlpd=0.5545 val_ece=0.0168 kl_weight=0.000000 loss_kl_raw=1274189.2500
[eval] adapter_cls=BayesPaperAdapter
[eval] raw_logits_shape=(10, 256, 101)
[eval] reduced_logits_shape=(256, 101)
[Epoch 063] lr=0.089508 train_loss=0.0394 loss_reg=0.0051 val_acc=0.8409 val_nlpd=0.5540 val_ece=0.0193 kl_weight=0.000000 loss_kl_raw=1281844.0000
[eval] adapter_cls=BayesPaperAdapter
[eval] raw_logits_shape=(10, 256, 101)
[eval] reduced_logits_shape=(256, 101)
[Epoch 064] lr=0.089185 train_loss=0.0389 loss_reg=0.0052 val_acc=0.8425 val_nlpd=0.5553 val_ece=0.0189 kl_weight=0.000000 loss_kl_raw=1289026.8750
[eval] adapter_cls=BayesPaperAdapter
[eval] raw_logits_shape=(10, 256, 101)
[eval] reduced_logits_shape=(256, 101)
[Epoch 065] lr=0.088857 train_loss=0.0386 loss_reg=0.0053 val_acc=0.8440 val_nlpd=0.5519 val_ece=0.0214 kl_weight=0.000000 loss_kl_raw=1296382.1250
[eval] adapter_cls=BayesPaperAdapter
[eval] raw_logits_shape=(10, 256, 101)
[eval] reduced_logits_shape=(256, 101)
[Epoch 066] lr=0.088526 train_loss=0.0379 loss_reg=0.0054 val_acc=0.8425 val_nlpd=0.5531 val_ece=0.0193 kl_weight=0.000000 loss_kl_raw=1303901.0000
[eval] adapter_cls=BayesPaperAdapter
[eval] raw_logits_shape=(10, 256, 101)
[eval] reduced_logits_shape=(256, 101)
[Epoch 067] lr=0.088190 train_loss=0.0380 loss_reg=0.0056 val_acc=0.8435 val_nlpd=0.5512 val_ece=0.0189 kl_weight=0.000000 loss_kl_raw=1311402.7500
[eval] adapter_cls=BayesPaperAdapter
[eval] raw_logits_shape=(10, 256, 101)
[eval] reduced_logits_shape=(256, 101)
[Epoch 068] lr=0.087850 train_loss=0.0378 loss_reg=0.0057 val_acc=0.8440 val_nlpd=0.5508 val_ece=0.0144 kl_weight=0.000000 loss_kl_raw=1318373.0000
[eval] adapter_cls=BayesPaperAdapter
[eval] raw_logits_shape=(10, 256, 101)
[eval] reduced_logits_shape=(256, 101)
[Epoch 069] lr=0.087506 train_loss=0.0374 loss_reg=0.0058 val_acc=0.8409 val_nlpd=0.5508 val_ece=0.0188 kl_weight=0.000000 loss_kl_raw=1325292.7500
[eval] adapter_cls=BayesPaperAdapter
[eval] raw_logits_shape=(10, 256, 101)
[eval] reduced_logits_shape=(256, 101)
[Epoch 070] lr=0.087157 train_loss=0.0370 loss_reg=0.0059 val_acc=0.8425 val_nlpd=0.5516 val_ece=0.0116 kl_weight=0.000000 loss_kl_raw=1332098.6250
[eval] adapter_cls=BayesPaperAdapter
[eval] raw_logits_shape=(10, 256, 101)
[eval] reduced_logits_shape=(256, 101)
[Epoch 071] lr=0.086805 train_loss=0.0370 loss_reg=0.0060 val_acc=0.8425 val_nlpd=0.5515 val_ece=0.0133 kl_weight=0.000000 loss_kl_raw=1338610.1250
[eval] adapter_cls=BayesPaperAdapter
[eval] raw_logits_shape=(10, 256, 101)
[eval] reduced_logits_shape=(256, 101)
[Epoch 072] lr=0.086448 train_loss=0.0367 loss_reg=0.0061 val_acc=0.8425 val_nlpd=0.5506 val_ece=0.0145 kl_weight=0.000000 loss_kl_raw=1345005.0000
[eval] adapter_cls=BayesPaperAdapter
[eval] raw_logits_shape=(10, 256, 101)
[eval] reduced_logits_shape=(256, 101)
[Epoch 073] lr=0.086088 train_loss=0.0362 loss_reg=0.0063 val_acc=0.8430 val_nlpd=0.5502 val_ece=0.0179 kl_weight=0.000000 loss_kl_raw=1351617.8750
[eval] adapter_cls=BayesPaperAdapter
[eval] raw_logits_shape=(10, 256, 101)
[eval] reduced_logits_shape=(256, 101)
[Epoch 074] lr=0.085724 train_loss=0.0361 loss_reg=0.0064 val_acc=0.8430 val_nlpd=0.5504 val_ece=0.0174 kl_weight=0.000000 loss_kl_raw=1358108.8750
[eval] adapter_cls=BayesPaperAdapter
[eval] raw_logits_shape=(10, 256, 101)
[eval] reduced_logits_shape=(256, 101)
[Epoch 075] lr=0.085355 train_loss=0.0359 loss_reg=0.0065 val_acc=0.8446 val_nlpd=0.5489 val_ece=0.0189 kl_weight=0.000000 loss_kl_raw=1364229.2500
[eval] adapter_cls=BayesPaperAdapter
[eval] raw_logits_shape=(10, 256, 101)
[eval] reduced_logits_shape=(256, 101)
[Epoch 076] lr=0.084983 train_loss=0.0360 loss_reg=0.0066 val_acc=0.8419 val_nlpd=0.5511 val_ece=0.0226 kl_weight=0.000000 loss_kl_raw=1370577.8750
[eval] adapter_cls=BayesPaperAdapter
[eval] raw_logits_shape=(10, 256, 101)
[eval] reduced_logits_shape=(256, 101)
[Epoch 077] lr=0.084607 train_loss=0.0357 loss_reg=0.0067 val_acc=0.8440 val_nlpd=0.5498 val_ece=0.0168 kl_weight=0.000000 loss_kl_raw=1376739.3750
[eval] adapter_cls=BayesPaperAdapter
[eval] raw_logits_shape=(10, 256, 101)
[eval] reduced_logits_shape=(256, 101)
[Epoch 078] lr=0.084227 train_loss=0.0353 loss_reg=0.0068 val_acc=0.8435 val_nlpd=0.5501 val_ece=0.0219 kl_weight=0.000000 loss_kl_raw=1382566.3750
[eval] adapter_cls=BayesPaperAdapter
[eval] raw_logits_shape=(10, 256, 101)
[eval] reduced_logits_shape=(256, 101)
[Epoch 079] lr=0.083844 train_loss=0.0353 loss_reg=0.0070 val_acc=0.8467 val_nlpd=0.5493 val_ece=0.0146 kl_weight=0.000000 loss_kl_raw=1388124.1250
[eval] adapter_cls=BayesPaperAdapter
[eval] raw_logits_shape=(10, 256, 101)
[eval] reduced_logits_shape=(256, 101)
[Epoch 080] lr=0.083457 train_loss=0.0352 loss_reg=0.0071 val_acc=0.8456 val_nlpd=0.5481 val_ece=0.0151 kl_weight=0.000000 loss_kl_raw=1393711.0000
[eval] adapter_cls=BayesPaperAdapter
[eval] raw_logits_shape=(10, 256, 101)
[eval] reduced_logits_shape=(256, 101)
[Epoch 081] lr=0.083066 train_loss=0.0348 loss_reg=0.0072 val_acc=0.8467 val_nlpd=0.5481 val_ece=0.0169 kl_weight=0.000000 loss_kl_raw=1399070.2500
[eval] adapter_cls=BayesPaperAdapter
[eval] raw_logits_shape=(10, 256, 101)
[eval] reduced_logits_shape=(256, 101)
[Epoch 082] lr=0.082671 train_loss=0.0347 loss_reg=0.0073 val_acc=0.8451 val_nlpd=0.5481 val_ece=0.0191 kl_weight=0.000000 loss_kl_raw=1404247.3750
[eval] adapter_cls=BayesPaperAdapter
[eval] raw_logits_shape=(10, 256, 101)
[eval] reduced_logits_shape=(256, 101)
[Epoch 083] lr=0.082273 train_loss=0.0347 loss_reg=0.0074 val_acc=0.8462 val_nlpd=0.5465 val_ece=0.0191 kl_weight=0.000000 loss_kl_raw=1409530.1250
[eval] adapter_cls=BayesPaperAdapter
[eval] raw_logits_shape=(10, 256, 101)
[eval] reduced_logits_shape=(256, 101)
[Epoch 084] lr=0.081871 train_loss=0.0346 loss_reg=0.0076 val_acc=0.8456 val_nlpd=0.5448 val_ece=0.0196 kl_weight=0.000000 loss_kl_raw=1414661.6250
[eval] adapter_cls=BayesPaperAdapter
[eval] raw_logits_shape=(10, 256, 101)
[eval] reduced_logits_shape=(256, 101)
[Epoch 085] lr=0.081466 train_loss=0.0345 loss_reg=0.0077 val_acc=0.8456 val_nlpd=0.5459 val_ece=0.0236 kl_weight=0.000000 loss_kl_raw=1419703.7500
[eval] adapter_cls=BayesPaperAdapter
[eval] raw_logits_shape=(10, 256, 101)
[eval] reduced_logits_shape=(256, 101)
[Epoch 086] lr=0.081057 train_loss=0.0343 loss_reg=0.0078 val_acc=0.8446 val_nlpd=0.5476 val_ece=0.0219 kl_weight=0.000000 loss_kl_raw=1424760.0000
[eval] adapter_cls=BayesPaperAdapter
[eval] raw_logits_shape=(10, 256, 101)
[eval] reduced_logits_shape=(256, 101)
[Epoch 087] lr=0.080645 train_loss=0.0343 loss_reg=0.0079 val_acc=0.8467 val_nlpd=0.5463 val_ece=0.0214 kl_weight=0.000000 loss_kl_raw=1429738.8750
[eval] adapter_cls=BayesPaperAdapter
[eval] raw_logits_shape=(10, 256, 101)
[eval] reduced_logits_shape=(256, 101)
[Epoch 088] lr=0.080230 train_loss=0.0344 loss_reg=0.0080 val_acc=0.8456 val_nlpd=0.5464 val_ece=0.0162 kl_weight=0.000000 loss_kl_raw=1434619.6250
[eval] adapter_cls=BayesPaperAdapter
[eval] raw_logits_shape=(10, 256, 101)
[eval] reduced_logits_shape=(256, 101)
[Epoch 089] lr=0.079811 train_loss=0.0339 loss_reg=0.0082 val_acc=0.8467 val_nlpd=0.5456 val_ece=0.0161 kl_weight=0.000000 loss_kl_raw=1439442.5000
[eval] adapter_cls=BayesPaperAdapter
[eval] raw_logits_shape=(10, 256, 101)
[eval] reduced_logits_shape=(256, 101)
[Epoch 090] lr=0.079389 train_loss=0.0338 loss_reg=0.0083 val_acc=0.8498 val_nlpd=0.5445 val_ece=0.0211 kl_weight=0.000000 loss_kl_raw=1444174.5000
[eval] adapter_cls=BayesPaperAdapter
[eval] raw_logits_shape=(10, 256, 101)
[eval] reduced_logits_shape=(256, 101)
[Epoch 091] lr=0.078964 train_loss=0.0337 loss_reg=0.0084 val_acc=0.8483 val_nlpd=0.5428 val_ece=0.0179 kl_weight=0.000000 loss_kl_raw=1448798.2500
[eval] adapter_cls=BayesPaperAdapter
[eval] raw_logits_shape=(10, 256, 101)
[eval] reduced_logits_shape=(256, 101)
[Epoch 092] lr=0.078536 train_loss=0.0338 loss_reg=0.0085 val_acc=0.8488 val_nlpd=0.5442 val_ece=0.0183 kl_weight=0.000000 loss_kl_raw=1453338.2500
[eval] adapter_cls=BayesPaperAdapter
[eval] raw_logits_shape=(10, 256, 101)
[eval] reduced_logits_shape=(256, 101)
[Epoch 093] lr=0.078104 train_loss=0.0337 loss_reg=0.0086 val_acc=0.8488 val_nlpd=0.5443 val_ece=0.0218 kl_weight=0.000000 loss_kl_raw=1457756.0000
[eval] adapter_cls=BayesPaperAdapter
[eval] raw_logits_shape=(10, 256, 101)
[eval] reduced_logits_shape=(256, 101)
[Epoch 094] lr=0.077670 train_loss=0.0337 loss_reg=0.0088 val_acc=0.8477 val_nlpd=0.5444 val_ece=0.0233 kl_weight=0.000000 loss_kl_raw=1462150.7500
[eval] adapter_cls=BayesPaperAdapter
[eval] raw_logits_shape=(10, 256, 101)
[eval] reduced_logits_shape=(256, 101)
[Epoch 095] lr=0.077232 train_loss=0.0335 loss_reg=0.0089 val_acc=0.8483 val_nlpd=0.5439 val_ece=0.0169 kl_weight=0.000000 loss_kl_raw=1466385.0000
[eval] adapter_cls=BayesPaperAdapter
[eval] raw_logits_shape=(10, 256, 101)
[eval] reduced_logits_shape=(256, 101)
[Epoch 096] lr=0.076791 train_loss=0.0334 loss_reg=0.0090 val_acc=0.8467 val_nlpd=0.5437 val_ece=0.0181 kl_weight=0.000000 loss_kl_raw=1470600.5000
[eval] adapter_cls=BayesPaperAdapter
[eval] raw_logits_shape=(10, 256, 101)
[eval] reduced_logits_shape=(256, 101)
[Epoch 097] lr=0.076348 train_loss=0.0335 loss_reg=0.0091 val_acc=0.8483 val_nlpd=0.5427 val_ece=0.0149 kl_weight=0.000000 loss_kl_raw=1474972.7500
[eval] adapter_cls=BayesPaperAdapter
[eval] raw_logits_shape=(10, 256, 101)
[eval] reduced_logits_shape=(256, 101)
[Epoch 098] lr=0.075901 train_loss=0.0334 loss_reg=0.0092 val_acc=0.8462 val_nlpd=0.5457 val_ece=0.0198 kl_weight=0.000000 loss_kl_raw=1479515.6250
[eval] adapter_cls=BayesPaperAdapter
[eval] raw_logits_shape=(10, 256, 101)
[eval] reduced_logits_shape=(256, 101)
[Epoch 099] lr=0.075452 train_loss=0.0335 loss_reg=0.0094 val_acc=0.8456 val_nlpd=0.5441 val_ece=0.0194 kl_weight=0.000000 loss_kl_raw=1483805.5000
[eval] adapter_cls=BayesPaperAdapter
[eval] raw_logits_shape=(10, 256, 101)
[eval] reduced_logits_shape=(256, 101)
[Epoch 100] lr=0.075000 train_loss=0.0334 loss_reg=0.0095 val_acc=0.8477 val_nlpd=0.5423 val_ece=0.0224 kl_weight=0.000000 loss_kl_raw=1487926.0000
[eval] adapter_cls=BayesPaperAdapter
[eval] raw_logits_shape=(10, 256, 101)
[eval] reduced_logits_shape=(256, 101)
[Epoch 101] lr=0.074545 train_loss=0.0334 loss_reg=0.0096 val_acc=0.8493 val_nlpd=0.5425 val_ece=0.0213 kl_weight=0.000000 loss_kl_raw=1491915.1250
[eval] adapter_cls=BayesPaperAdapter
[eval] raw_logits_shape=(10, 256, 101)
[eval] reduced_logits_shape=(256, 101)
[Epoch 102] lr=0.074088 train_loss=0.0333 loss_reg=0.0097 val_acc=0.8483 val_nlpd=0.5415 val_ece=0.0180 kl_weight=0.000000 loss_kl_raw=1496030.1250
[eval] adapter_cls=BayesPaperAdapter
[eval] raw_logits_shape=(10, 256, 101)
[eval] reduced_logits_shape=(256, 101)
[Epoch 103] lr=0.073628 train_loss=0.0331 loss_reg=0.0099 val_acc=0.8493 val_nlpd=0.5414 val_ece=0.0179 kl_weight=0.000000 loss_kl_raw=1500235.3750
[eval] adapter_cls=BayesPaperAdapter
[eval] raw_logits_shape=(10, 256, 101)
[eval] reduced_logits_shape=(256, 101)
[Epoch 104] lr=0.073165 train_loss=0.0331 loss_reg=0.0100 val_acc=0.8483 val_nlpd=0.5424 val_ece=0.0198 kl_weight=0.000000 loss_kl_raw=1504231.1250
[eval] adapter_cls=BayesPaperAdapter
[eval] raw_logits_shape=(10, 256, 101)
[eval] reduced_logits_shape=(256, 101)
[Epoch 105] lr=0.072700 train_loss=0.0332 loss_reg=0.0101 val_acc=0.8472 val_nlpd=0.5424 val_ece=0.0197 kl_weight=0.000000 loss_kl_raw=1508005.5000
[eval] adapter_cls=BayesPaperAdapter
[eval] raw_logits_shape=(10, 256, 101)
[eval] reduced_logits_shape=(256, 101)
[Epoch 106] lr=0.072232 train_loss=0.0332 loss_reg=0.0102 val_acc=0.8467 val_nlpd=0.5425 val_ece=0.0194 kl_weight=0.000000 loss_kl_raw=1511694.8750
[eval] adapter_cls=BayesPaperAdapter
[eval] raw_logits_shape=(10, 256, 101)
[eval] reduced_logits_shape=(256, 101)
[Epoch 107] lr=0.071762 train_loss=0.0331 loss_reg=0.0103 val_acc=0.8456 val_nlpd=0.5423 val_ece=0.0206 kl_weight=0.000000 loss_kl_raw=1515476.5000
[eval] adapter_cls=BayesPaperAdapter
[eval] raw_logits_shape=(10, 256, 101)
[eval] reduced_logits_shape=(256, 101)
[Epoch 108] lr=0.071289 train_loss=0.0330 loss_reg=0.0105 val_acc=0.8467 val_nlpd=0.5438 val_ece=0.0202 kl_weight=0.000000 loss_kl_raw=1519119.7500
[eval] adapter_cls=BayesPaperAdapter
[eval] raw_logits_shape=(10, 256, 101)
[eval] reduced_logits_shape=(256, 101)
[Epoch 109] lr=0.070814 train_loss=0.0331 loss_reg=0.0106 val_acc=0.8483 val_nlpd=0.5422 val_ece=0.0234 kl_weight=0.000000 loss_kl_raw=1522728.7500
[eval] adapter_cls=BayesPaperAdapter
[eval] raw_logits_shape=(10, 256, 101)
[eval] reduced_logits_shape=(256, 101)
[Epoch 110] lr=0.070337 train_loss=0.0331 loss_reg=0.0107 val_acc=0.8483 val_nlpd=0.5416 val_ece=0.0236 kl_weight=0.000000 loss_kl_raw=1526289.0000
[eval] adapter_cls=BayesPaperAdapter
[eval] raw_logits_shape=(10, 256, 101)
[eval] reduced_logits_shape=(256, 101)
[Epoch 111] lr=0.069857 train_loss=0.0330 loss_reg=0.0108 val_acc=0.8483 val_nlpd=0.5426 val_ece=0.0211 kl_weight=0.000000 loss_kl_raw=1529719.1250
[eval] adapter_cls=BayesPaperAdapter
[eval] raw_logits_shape=(10, 256, 101)
[eval] reduced_logits_shape=(256, 101)
[Epoch 112] lr=0.069376 train_loss=0.0332 loss_reg=0.0110 val_acc=0.8488 val_nlpd=0.5412 val_ece=0.0254 kl_weight=0.000000 loss_kl_raw=1532954.3750
[eval] adapter_cls=BayesPaperAdapter
[eval] raw_logits_shape=(10, 256, 101)
[eval] reduced_logits_shape=(256, 101)
[Epoch 113] lr=0.068892 train_loss=0.0331 loss_reg=0.0111 val_acc=0.8477 val_nlpd=0.5418 val_ece=0.0178 kl_weight=0.000000 loss_kl_raw=1536190.3750
[eval] adapter_cls=BayesPaperAdapter
[eval] raw_logits_shape=(10, 256, 101)
[eval] reduced_logits_shape=(256, 101)
[Epoch 114] lr=0.068406 train_loss=0.0331 loss_reg=0.0112 val_acc=0.8477 val_nlpd=0.5414 val_ece=0.0201 kl_weight=0.000000 loss_kl_raw=1539543.7500
[eval] adapter_cls=BayesPaperAdapter
[eval] raw_logits_shape=(10, 256, 101)
[eval] reduced_logits_shape=(256, 101)
[Epoch 115] lr=0.067918 train_loss=0.0331 loss_reg=0.0113 val_acc=0.8477 val_nlpd=0.5419 val_ece=0.0217 kl_weight=0.000000 loss_kl_raw=1542877.5000
[eval] adapter_cls=BayesPaperAdapter
[eval] raw_logits_shape=(10, 256, 101)
[eval] reduced_logits_shape=(256, 101)
[Epoch 116] lr=0.067429 train_loss=0.0330 loss_reg=0.0114 val_acc=0.8504 val_nlpd=0.5402 val_ece=0.0196 kl_weight=0.000000 loss_kl_raw=1546053.6250
[eval] adapter_cls=BayesPaperAdapter
[eval] raw_logits_shape=(10, 256, 101)
[eval] reduced_logits_shape=(256, 101)
[Epoch 117] lr=0.066937 train_loss=0.0331 loss_reg=0.0116 val_acc=0.8477 val_nlpd=0.5386 val_ece=0.0154 kl_weight=0.000000 loss_kl_raw=1549027.7500
[eval] adapter_cls=BayesPaperAdapter
[eval] raw_logits_shape=(10, 256, 101)
[eval] reduced_logits_shape=(256, 101)
[Epoch 118] lr=0.066443 train_loss=0.0332 loss_reg=0.0117 val_acc=0.8467 val_nlpd=0.5413 val_ece=0.0165 kl_weight=0.000000 loss_kl_raw=1552172.1250
[eval] adapter_cls=BayesPaperAdapter
[eval] raw_logits_shape=(10, 256, 101)
[eval] reduced_logits_shape=(256, 101)
[Epoch 119] lr=0.065948 train_loss=0.0331 loss_reg=0.0118 val_acc=0.8493 val_nlpd=0.5415 val_ece=0.0212 kl_weight=0.000000 loss_kl_raw=1555096.3750
[eval] adapter_cls=BayesPaperAdapter
[eval] raw_logits_shape=(10, 256, 101)
[eval] reduced_logits_shape=(256, 101)
[Epoch 120] lr=0.065451 train_loss=0.0332 loss_reg=0.0119 val_acc=0.8477 val_nlpd=0.5407 val_ece=0.0200 kl_weight=0.000000 loss_kl_raw=1557948.8750
[eval] adapter_cls=BayesPaperAdapter
[eval] raw_logits_shape=(10, 256, 101)
[eval] reduced_logits_shape=(256, 101)
[Epoch 121] lr=0.064952 train_loss=0.0333 loss_reg=0.0121 val_acc=0.8483 val_nlpd=0.5391 val_ece=0.0230 kl_weight=0.000000 loss_kl_raw=1560716.6250
[eval] adapter_cls=BayesPaperAdapter
[eval] raw_logits_shape=(10, 256, 101)
[eval] reduced_logits_shape=(256, 101)
[Epoch 122] lr=0.064452 train_loss=0.0332 loss_reg=0.0122 val_acc=0.8493 val_nlpd=0.5404 val_ece=0.0216 kl_weight=0.000000 loss_kl_raw=1563448.2500
[eval] adapter_cls=BayesPaperAdapter
[eval] raw_logits_shape=(10, 256, 101)
[eval] reduced_logits_shape=(256, 101)
[Epoch 123] lr=0.063950 train_loss=0.0332 loss_reg=0.0123 val_acc=0.8493 val_nlpd=0.5392 val_ece=0.0216 kl_weight=0.000000 loss_kl_raw=1566226.7500
[eval] adapter_cls=BayesPaperAdapter
[eval] raw_logits_shape=(10, 256, 101)
[eval] reduced_logits_shape=(256, 101)
[Epoch 124] lr=0.063446 train_loss=0.0333 loss_reg=0.0124 val_acc=0.8509 val_nlpd=0.5404 val_ece=0.0257 kl_weight=0.000000 loss_kl_raw=1568904.8750
[eval] adapter_cls=BayesPaperAdapter
[eval] raw_logits_shape=(10, 256, 101)
[eval] reduced_logits_shape=(256, 101)
[Epoch 125] lr=0.062941 train_loss=0.0333 loss_reg=0.0126 val_acc=0.8493 val_nlpd=0.5401 val_ece=0.0269 kl_weight=0.000000 loss_kl_raw=1571646.3750
[eval] adapter_cls=BayesPaperAdapter
[eval] raw_logits_shape=(10, 256, 101)
[eval] reduced_logits_shape=(256, 101)
[Epoch 126] lr=0.062434 train_loss=0.0332 loss_reg=0.0127 val_acc=0.8493 val_nlpd=0.5428 val_ece=0.0246 kl_weight=0.000000 loss_kl_raw=1574322.2500
[eval] adapter_cls=BayesPaperAdapter
[eval] raw_logits_shape=(10, 256, 101)
[eval] reduced_logits_shape=(256, 101)
[Epoch 127] lr=0.061927 train_loss=0.0334 loss_reg=0.0128 val_acc=0.8483 val_nlpd=0.5417 val_ece=0.0228 kl_weight=0.000000 loss_kl_raw=1576867.2500
[eval] adapter_cls=BayesPaperAdapter
[eval] raw_logits_shape=(10, 256, 101)
[eval] reduced_logits_shape=(256, 101)
[Epoch 128] lr=0.061418 train_loss=0.0335 loss_reg=0.0129 val_acc=0.8498 val_nlpd=0.5406 val_ece=0.0241 kl_weight=0.000000 loss_kl_raw=1579346.6250
[eval] adapter_cls=BayesPaperAdapter
[eval] raw_logits_shape=(10, 256, 101)
[eval] reduced_logits_shape=(256, 101)
[Epoch 129] lr=0.060907 train_loss=0.0335 loss_reg=0.0130 val_acc=0.8483 val_nlpd=0.5410 val_ece=0.0210 kl_weight=0.000000 loss_kl_raw=1581751.0000
[eval] adapter_cls=BayesPaperAdapter
[eval] raw_logits_shape=(10, 256, 101)
[eval] reduced_logits_shape=(256, 101)
[Epoch 130] lr=0.060396 train_loss=0.0336 loss_reg=0.0132 val_acc=0.8488 val_nlpd=0.5413 val_ece=0.0282 kl_weight=0.000000 loss_kl_raw=1584294.6250
[eval] adapter_cls=BayesPaperAdapter
[eval] raw_logits_shape=(10, 256, 101)
[eval] reduced_logits_shape=(256, 101)
[Epoch 131] lr=0.059883 train_loss=0.0335 loss_reg=0.0133 val_acc=0.8498 val_nlpd=0.5391 val_ece=0.0241 kl_weight=0.000000 loss_kl_raw=1586761.7500
[eval] adapter_cls=BayesPaperAdapter
[eval] raw_logits_shape=(10, 256, 101)
[eval] reduced_logits_shape=(256, 101)
[Epoch 132] lr=0.059369 train_loss=0.0337 loss_reg=0.0134 val_acc=0.8472 val_nlpd=0.5403 val_ece=0.0218 kl_weight=0.000000 loss_kl_raw=1589112.6250
[eval] adapter_cls=BayesPaperAdapter
[eval] raw_logits_shape=(10, 256, 101)
[eval] reduced_logits_shape=(256, 101)
[Epoch 133] lr=0.058854 train_loss=0.0336 loss_reg=0.0135 val_acc=0.8477 val_nlpd=0.5406 val_ece=0.0197 kl_weight=0.000000 loss_kl_raw=1591445.3750
[eval] adapter_cls=BayesPaperAdapter
[eval] raw_logits_shape=(10, 256, 101)
[eval] reduced_logits_shape=(256, 101)
[Epoch 134] lr=0.058338 train_loss=0.0336 loss_reg=0.0137 val_acc=0.8483 val_nlpd=0.5400 val_ece=0.0224 kl_weight=0.000000 loss_kl_raw=1593800.6250
[eval] adapter_cls=BayesPaperAdapter
[eval] raw_logits_shape=(10, 256, 101)
[eval] reduced_logits_shape=(256, 101)
[Epoch 135] lr=0.057822 train_loss=0.0339 loss_reg=0.0138 val_acc=0.8477 val_nlpd=0.5392 val_ece=0.0216 kl_weight=0.000000 loss_kl_raw=1596176.2500
[eval] adapter_cls=BayesPaperAdapter
[eval] raw_logits_shape=(10, 256, 101)
[eval] reduced_logits_shape=(256, 101)
[Epoch 136] lr=0.057304 train_loss=0.0338 loss_reg=0.0139 val_acc=0.8467 val_nlpd=0.5420 val_ece=0.0256 kl_weight=0.000000 loss_kl_raw=1598404.0000
[eval] adapter_cls=BayesPaperAdapter
[eval] raw_logits_shape=(10, 256, 101)
[eval] reduced_logits_shape=(256, 101)
[Epoch 137] lr=0.056786 train_loss=0.0338 loss_reg=0.0140 val_acc=0.8477 val_nlpd=0.5426 val_ece=0.0241 kl_weight=0.000000 loss_kl_raw=1600602.5000
[eval] adapter_cls=BayesPaperAdapter
[eval] raw_logits_shape=(10, 256, 101)
[eval] reduced_logits_shape=(256, 101)
[Epoch 138] lr=0.056267 train_loss=0.0339 loss_reg=0.0141 val_acc=0.8488 val_nlpd=0.5398 val_ece=0.0192 kl_weight=0.000000 loss_kl_raw=1602802.5000
[eval] adapter_cls=BayesPaperAdapter
[eval] raw_logits_shape=(10, 256, 101)
[eval] reduced_logits_shape=(256, 101)
[Epoch 139] lr=0.055747 train_loss=0.0339 loss_reg=0.0143 val_acc=0.8483 val_nlpd=0.5393 val_ece=0.0237 kl_weight=0.000000 loss_kl_raw=1604928.7500
[eval] adapter_cls=BayesPaperAdapter
[eval] raw_logits_shape=(10, 256, 101)
[eval] reduced_logits_shape=(256, 101)
[Epoch 140] lr=0.055226 train_loss=0.0340 loss_reg=0.0144 val_acc=0.8493 val_nlpd=0.5397 val_ece=0.0173 kl_weight=0.000000 loss_kl_raw=1607022.0000
[eval] adapter_cls=BayesPaperAdapter
[eval] raw_logits_shape=(10, 256, 101)
[eval] reduced_logits_shape=(256, 101)
[Epoch 141] lr=0.054705 train_loss=0.0340 loss_reg=0.0145 val_acc=0.8488 val_nlpd=0.5400 val_ece=0.0214 kl_weight=0.000000 loss_kl_raw=1609064.5000
[eval] adapter_cls=BayesPaperAdapter
[eval] raw_logits_shape=(10, 256, 101)
[eval] reduced_logits_shape=(256, 101)
[Epoch 142] lr=0.054184 train_loss=0.0343 loss_reg=0.0146 val_acc=0.8493 val_nlpd=0.5404 val_ece=0.0192 kl_weight=0.000000 loss_kl_raw=1611205.5000
[eval] adapter_cls=BayesPaperAdapter
[eval] raw_logits_shape=(10, 256, 101)
[eval] reduced_logits_shape=(256, 101)
[Epoch 143] lr=0.053662 train_loss=0.0342 loss_reg=0.0148 val_acc=0.8509 val_nlpd=0.5398 val_ece=0.0246 kl_weight=0.000000 loss_kl_raw=1613185.7500
[eval] adapter_cls=BayesPaperAdapter
[eval] raw_logits_shape=(10, 256, 101)
[eval] reduced_logits_shape=(256, 101)
[Epoch 144] lr=0.053140 train_loss=0.0343 loss_reg=0.0149 val_acc=0.8498 val_nlpd=0.5389 val_ece=0.0197 kl_weight=0.000000 loss_kl_raw=1615105.3750
[eval] adapter_cls=BayesPaperAdapter
[eval] raw_logits_shape=(10, 256, 101)
[eval] reduced_logits_shape=(256, 101)
[Epoch 145] lr=0.052617 train_loss=0.0344 loss_reg=0.0150 val_acc=0.8504 val_nlpd=0.5387 val_ece=0.0212 kl_weight=0.000000 loss_kl_raw=1616976.1250
[eval] adapter_cls=BayesPaperAdapter
[eval] raw_logits_shape=(10, 256, 101)
[eval] reduced_logits_shape=(256, 101)
[Epoch 146] lr=0.052094 train_loss=0.0346 loss_reg=0.0151 val_acc=0.8498 val_nlpd=0.5379 val_ece=0.0247 kl_weight=0.000000 loss_kl_raw=1618812.8750
[eval] adapter_cls=BayesPaperAdapter
[eval] raw_logits_shape=(10, 256, 101)
[eval] reduced_logits_shape=(256, 101)
[Epoch 147] lr=0.051571 train_loss=0.0344 loss_reg=0.0152 val_acc=0.8509 val_nlpd=0.5407 val_ece=0.0217 kl_weight=0.000000 loss_kl_raw=1620541.2500
[eval] adapter_cls=BayesPaperAdapter
[eval] raw_logits_shape=(10, 256, 101)
[eval] reduced_logits_shape=(256, 101)
[Epoch 148] lr=0.051047 train_loss=0.0345 loss_reg=0.0154 val_acc=0.8514 val_nlpd=0.5385 val_ece=0.0279 kl_weight=0.000000 loss_kl_raw=1622385.6250
[eval] adapter_cls=BayesPaperAdapter
[eval] raw_logits_shape=(10, 256, 101)
[eval] reduced_logits_shape=(256, 101)
[Epoch 149] lr=0.050524 train_loss=0.0347 loss_reg=0.0155 val_acc=0.8509 val_nlpd=0.5379 val_ece=0.0208 kl_weight=0.000000 loss_kl_raw=1624197.1250
[eval] adapter_cls=BayesPaperAdapter
[eval] raw_logits_shape=(10, 256, 101)
[eval] reduced_logits_shape=(256, 101)
[Epoch 150] lr=0.050000 train_loss=0.0347 loss_reg=0.0156 val_acc=0.8519 val_nlpd=0.5399 val_ece=0.0252 kl_weight=0.000000 loss_kl_raw=1625898.0000
[eval] adapter_cls=BayesPaperAdapter
[eval] raw_logits_shape=(10, 256, 101)
[eval] reduced_logits_shape=(256, 101)
[Epoch 151] lr=0.049476 train_loss=0.0347 loss_reg=0.0157 val_acc=0.8509 val_nlpd=0.5389 val_ece=0.0235 kl_weight=0.000000 loss_kl_raw=1627632.2500
[eval] adapter_cls=BayesPaperAdapter
[eval] raw_logits_shape=(10, 256, 101)
[eval] reduced_logits_shape=(256, 101)
[Epoch 152] lr=0.048953 train_loss=0.0348 loss_reg=0.0159 val_acc=0.8504 val_nlpd=0.5387 val_ece=0.0281 kl_weight=0.000000 loss_kl_raw=1629366.0000
[eval] adapter_cls=BayesPaperAdapter
[eval] raw_logits_shape=(10, 256, 101)
[eval] reduced_logits_shape=(256, 101)
[Epoch 153] lr=0.048429 train_loss=0.0348 loss_reg=0.0160 val_acc=0.8519 val_nlpd=0.5386 val_ece=0.0190 kl_weight=0.000000 loss_kl_raw=1631044.6250
[eval] adapter_cls=BayesPaperAdapter
[eval] raw_logits_shape=(10, 256, 101)
[eval] reduced_logits_shape=(256, 101)
[Epoch 154] lr=0.047906 train_loss=0.0350 loss_reg=0.0161 val_acc=0.8509 val_nlpd=0.5383 val_ece=0.0169 kl_weight=0.000000 loss_kl_raw=1632658.5000
[eval] adapter_cls=BayesPaperAdapter
[eval] raw_logits_shape=(10, 256, 101)
[eval] reduced_logits_shape=(256, 101)
[Epoch 155] lr=0.047383 train_loss=0.0351 loss_reg=0.0162 val_acc=0.8488 val_nlpd=0.5396 val_ece=0.0242 kl_weight=0.000000 loss_kl_raw=1634237.2500
[eval] adapter_cls=BayesPaperAdapter
[eval] raw_logits_shape=(10, 256, 101)
[eval] reduced_logits_shape=(256, 101)
[Epoch 156] lr=0.046860 train_loss=0.0351 loss_reg=0.0163 val_acc=0.8477 val_nlpd=0.5398 val_ece=0.0223 kl_weight=0.000000 loss_kl_raw=1635729.3750
[eval] adapter_cls=BayesPaperAdapter
[eval] raw_logits_shape=(10, 256, 101)
[eval] reduced_logits_shape=(256, 101)
[Epoch 157] lr=0.046338 train_loss=0.0351 loss_reg=0.0165 val_acc=0.8477 val_nlpd=0.5381 val_ece=0.0271 kl_weight=0.000000 loss_kl_raw=1637309.5000
[eval] adapter_cls=BayesPaperAdapter
[eval] raw_logits_shape=(10, 256, 101)
[eval] reduced_logits_shape=(256, 101)
[Epoch 158] lr=0.045816 train_loss=0.0352 loss_reg=0.0166 val_acc=0.8493 val_nlpd=0.5386 val_ece=0.0216 kl_weight=0.000000 loss_kl_raw=1638706.2500
[eval] adapter_cls=BayesPaperAdapter
[eval] raw_logits_shape=(10, 256, 101)
[eval] reduced_logits_shape=(256, 101)
[Epoch 159] lr=0.045295 train_loss=0.0352 loss_reg=0.0167 val_acc=0.8504 val_nlpd=0.5401 val_ece=0.0225 kl_weight=0.000000 loss_kl_raw=1640094.7500
[eval] adapter_cls=BayesPaperAdapter
[eval] raw_logits_shape=(10, 256, 101)
[eval] reduced_logits_shape=(256, 101)
[Epoch 160] lr=0.044774 train_loss=0.0353 loss_reg=0.0168 val_acc=0.8504 val_nlpd=0.5379 val_ece=0.0233 kl_weight=0.000000 loss_kl_raw=1641422.5000
[eval] adapter_cls=BayesPaperAdapter
[eval] raw_logits_shape=(10, 256, 101)
[eval] reduced_logits_shape=(256, 101)
[Epoch 161] lr=0.044253 train_loss=0.0355 loss_reg=0.0169 val_acc=0.8493 val_nlpd=0.5372 val_ece=0.0179 kl_weight=0.000000 loss_kl_raw=1642712.8750
[eval] adapter_cls=BayesPaperAdapter
[eval] raw_logits_shape=(10, 256, 101)
[eval] reduced_logits_shape=(256, 101)
[Epoch 162] lr=0.043733 train_loss=0.0356 loss_reg=0.0171 val_acc=0.8504 val_nlpd=0.5381 val_ece=0.0197 kl_weight=0.000000 loss_kl_raw=1643968.1250
[eval] adapter_cls=BayesPaperAdapter
[eval] raw_logits_shape=(10, 256, 101)
[eval] reduced_logits_shape=(256, 101)
[Epoch 163] lr=0.043214 train_loss=0.0356 loss_reg=0.0172 val_acc=0.8509 val_nlpd=0.5382 val_ece=0.0230 kl_weight=0.000000 loss_kl_raw=1645299.2500
[eval] adapter_cls=BayesPaperAdapter
[eval] raw_logits_shape=(10, 256, 101)
[eval] reduced_logits_shape=(256, 101)
[Epoch 164] lr=0.042696 train_loss=0.0357 loss_reg=0.0173 val_acc=0.8514 val_nlpd=0.5385 val_ece=0.0234 kl_weight=0.000000 loss_kl_raw=1646530.5000
[eval] adapter_cls=BayesPaperAdapter
[eval] raw_logits_shape=(10, 256, 101)
[eval] reduced_logits_shape=(256, 101)
[Epoch 165] lr=0.042178 train_loss=0.0358 loss_reg=0.0174 val_acc=0.8519 val_nlpd=0.5385 val_ece=0.0264 kl_weight=0.000000 loss_kl_raw=1647817.8750
[eval] adapter_cls=BayesPaperAdapter
[eval] raw_logits_shape=(10, 256, 101)
[eval] reduced_logits_shape=(256, 101)
[Epoch 166] lr=0.041662 train_loss=0.0359 loss_reg=0.0175 val_acc=0.8509 val_nlpd=0.5391 val_ece=0.0206 kl_weight=0.000000 loss_kl_raw=1649049.1250
[eval] adapter_cls=BayesPaperAdapter
[eval] raw_logits_shape=(10, 256, 101)
[eval] reduced_logits_shape=(256, 101)
[Epoch 167] lr=0.041146 train_loss=0.0359 loss_reg=0.0177 val_acc=0.8483 val_nlpd=0.5388 val_ece=0.0251 kl_weight=0.000000 loss_kl_raw=1650270.0000
[eval] adapter_cls=BayesPaperAdapter
[eval] raw_logits_shape=(10, 256, 101)
[eval] reduced_logits_shape=(256, 101)
[Epoch 168] lr=0.040631 train_loss=0.0361 loss_reg=0.0178 val_acc=0.8477 val_nlpd=0.5384 val_ece=0.0266 kl_weight=0.000000 loss_kl_raw=1651401.3750
[eval] adapter_cls=BayesPaperAdapter
[eval] raw_logits_shape=(10, 256, 101)
[eval] reduced_logits_shape=(256, 101)
[Epoch 169] lr=0.040117 train_loss=0.0360 loss_reg=0.0179 val_acc=0.8493 val_nlpd=0.5380 val_ece=0.0238 kl_weight=0.000000 loss_kl_raw=1652520.5000
[eval] adapter_cls=BayesPaperAdapter
[eval] raw_logits_shape=(10, 256, 101)
[eval] reduced_logits_shape=(256, 101)
[Epoch 170] lr=0.039604 train_loss=0.0361 loss_reg=0.0180 val_acc=0.8493 val_nlpd=0.5378 val_ece=0.0279 kl_weight=0.000000 loss_kl_raw=1653637.2500
[eval] adapter_cls=BayesPaperAdapter
[eval] raw_logits_shape=(10, 256, 101)
[eval] reduced_logits_shape=(256, 101)
[Epoch 171] lr=0.039093 train_loss=0.0364 loss_reg=0.0181 val_acc=0.8493 val_nlpd=0.5385 val_ece=0.0207 kl_weight=0.000000 loss_kl_raw=1654699.8750
[eval] adapter_cls=BayesPaperAdapter
[eval] raw_logits_shape=(10, 256, 101)
[eval] reduced_logits_shape=(256, 101)
[Epoch 172] lr=0.038582 train_loss=0.0364 loss_reg=0.0182 val_acc=0.8483 val_nlpd=0.5374 val_ece=0.0199 kl_weight=0.000000 loss_kl_raw=1655715.3750
[eval] adapter_cls=BayesPaperAdapter
[eval] raw_logits_shape=(10, 256, 101)
[eval] reduced_logits_shape=(256, 101)
[Epoch 173] lr=0.038073 train_loss=0.0364 loss_reg=0.0184 val_acc=0.8488 val_nlpd=0.5375 val_ece=0.0210 kl_weight=0.000000 loss_kl_raw=1656727.8750
[eval] adapter_cls=BayesPaperAdapter
[eval] raw_logits_shape=(10, 256, 101)
[eval] reduced_logits_shape=(256, 101)
[Epoch 174] lr=0.037566 train_loss=0.0365 loss_reg=0.0185 val_acc=0.8498 val_nlpd=0.5385 val_ece=0.0214 kl_weight=0.000000 loss_kl_raw=1657764.6250
[eval] adapter_cls=BayesPaperAdapter
[eval] raw_logits_shape=(10, 256, 101)
[eval] reduced_logits_shape=(256, 101)
[Epoch 175] lr=0.037059 train_loss=0.0366 loss_reg=0.0186 val_acc=0.8483 val_nlpd=0.5380 val_ece=0.0220 kl_weight=0.000000 loss_kl_raw=1658820.5000
[eval] adapter_cls=BayesPaperAdapter
[eval] raw_logits_shape=(10, 256, 101)
[eval] reduced_logits_shape=(256, 101)
[Epoch 176] lr=0.036554 train_loss=0.0367 loss_reg=0.0187 val_acc=0.8483 val_nlpd=0.5393 val_ece=0.0209 kl_weight=0.000000 loss_kl_raw=1659850.7500
[eval] adapter_cls=BayesPaperAdapter
[eval] raw_logits_shape=(10, 256, 101)
[eval] reduced_logits_shape=(256, 101)
[Epoch 177] lr=0.036050 train_loss=0.0368 loss_reg=0.0188 val_acc=0.8498 val_nlpd=0.5386 val_ece=0.0240 kl_weight=0.000000 loss_kl_raw=1660775.3750
[eval] adapter_cls=BayesPaperAdapter
[eval] raw_logits_shape=(10, 256, 101)
[eval] reduced_logits_shape=(256, 101)
[Epoch 178] lr=0.035548 train_loss=0.0368 loss_reg=0.0190 val_acc=0.8514 val_nlpd=0.5373 val_ece=0.0235 kl_weight=0.000000 loss_kl_raw=1661684.6250
[eval] adapter_cls=BayesPaperAdapter
[eval] raw_logits_shape=(10, 256, 101)
[eval] reduced_logits_shape=(256, 101)
[Epoch 179] lr=0.035048 train_loss=0.0369 loss_reg=0.0191 val_acc=0.8477 val_nlpd=0.5393 val_ece=0.0239 kl_weight=0.000000 loss_kl_raw=1662739.7500
[eval] adapter_cls=BayesPaperAdapter
[eval] raw_logits_shape=(10, 256, 101)
[eval] reduced_logits_shape=(256, 101)
[Epoch 180] lr=0.034549 train_loss=0.0371 loss_reg=0.0192 val_acc=0.8483 val_nlpd=0.5366 val_ece=0.0244 kl_weight=0.000000 loss_kl_raw=1663739.8750
[eval] adapter_cls=BayesPaperAdapter
[eval] raw_logits_shape=(10, 256, 101)
[eval] reduced_logits_shape=(256, 101)
[Epoch 181] lr=0.034052 train_loss=0.0372 loss_reg=0.0193 val_acc=0.8498 val_nlpd=0.5387 val_ece=0.0242 kl_weight=0.000000 loss_kl_raw=1664639.2500
[eval] adapter_cls=BayesPaperAdapter
[eval] raw_logits_shape=(10, 256, 101)
[eval] reduced_logits_shape=(256, 101)
[Epoch 182] lr=0.033557 train_loss=0.0372 loss_reg=0.0194 val_acc=0.8498 val_nlpd=0.5383 val_ece=0.0223 kl_weight=0.000000 loss_kl_raw=1665401.7500
[eval] adapter_cls=BayesPaperAdapter
[eval] raw_logits_shape=(10, 256, 101)
[eval] reduced_logits_shape=(256, 101)
[Epoch 183] lr=0.033063 train_loss=0.0374 loss_reg=0.0195 val_acc=0.8514 val_nlpd=0.5381 val_ece=0.0215 kl_weight=0.000000 loss_kl_raw=1666238.6250
[eval] adapter_cls=BayesPaperAdapter
[eval] raw_logits_shape=(10, 256, 101)
[eval] reduced_logits_shape=(256, 101)
[Epoch 184] lr=0.032571 train_loss=0.0374 loss_reg=0.0197 val_acc=0.8498 val_nlpd=0.5379 val_ece=0.0226 kl_weight=0.000000 loss_kl_raw=1667093.1250
[eval] adapter_cls=BayesPaperAdapter
[eval] raw_logits_shape=(10, 256, 101)
[eval] reduced_logits_shape=(256, 101)
[Epoch 185] lr=0.032082 train_loss=0.0375 loss_reg=0.0198 val_acc=0.8493 val_nlpd=0.5388 val_ece=0.0222 kl_weight=0.000000 loss_kl_raw=1667864.1250
[eval] adapter_cls=BayesPaperAdapter
[eval] raw_logits_shape=(10, 256, 101)
[eval] reduced_logits_shape=(256, 101)
[Epoch 186] lr=0.031594 train_loss=0.0377 loss_reg=0.0199 val_acc=0.8493 val_nlpd=0.5369 val_ece=0.0229 kl_weight=0.000000 loss_kl_raw=1668573.6250
[eval] adapter_cls=BayesPaperAdapter
[eval] raw_logits_shape=(10, 256, 101)
[eval] reduced_logits_shape=(256, 101)
[Epoch 187] lr=0.031108 train_loss=0.0379 loss_reg=0.0200 val_acc=0.8498 val_nlpd=0.5379 val_ece=0.0208 kl_weight=0.000000 loss_kl_raw=1669268.5000
[eval] adapter_cls=BayesPaperAdapter
[eval] raw_logits_shape=(10, 256, 101)
[eval] reduced_logits_shape=(256, 101)
[Epoch 188] lr=0.030624 train_loss=0.0379 loss_reg=0.0201 val_acc=0.8519 val_nlpd=0.5383 val_ece=0.0212 kl_weight=0.000000 loss_kl_raw=1669951.1250
[eval] adapter_cls=BayesPaperAdapter
[eval] raw_logits_shape=(10, 256, 101)
[eval] reduced_logits_shape=(256, 101)
[Epoch 189] lr=0.030143 train_loss=0.0378 loss_reg=0.0202 val_acc=0.8514 val_nlpd=0.5367 val_ece=0.0212 kl_weight=0.000000 loss_kl_raw=1670676.6250
[eval] adapter_cls=BayesPaperAdapter
[eval] raw_logits_shape=(10, 256, 101)
[eval] reduced_logits_shape=(256, 101)
[Epoch 190] lr=0.029663 train_loss=0.0379 loss_reg=0.0204 val_acc=0.8504 val_nlpd=0.5365 val_ece=0.0243 kl_weight=0.000000 loss_kl_raw=1671358.6250
[eval] adapter_cls=BayesPaperAdapter
[eval] raw_logits_shape=(10, 256, 101)
[eval] reduced_logits_shape=(256, 101)
[Epoch 191] lr=0.029186 train_loss=0.0382 loss_reg=0.0205 val_acc=0.8504 val_nlpd=0.5368 val_ece=0.0254 kl_weight=0.000000 loss_kl_raw=1672029.7500
[eval] adapter_cls=BayesPaperAdapter
[eval] raw_logits_shape=(10, 256, 101)
[eval] reduced_logits_shape=(256, 101)
[Epoch 192] lr=0.028711 train_loss=0.0382 loss_reg=0.0206 val_acc=0.8488 val_nlpd=0.5367 val_ece=0.0189 kl_weight=0.000000 loss_kl_raw=1672665.0000
[eval] adapter_cls=BayesPaperAdapter
[eval] raw_logits_shape=(10, 256, 101)
[eval] reduced_logits_shape=(256, 101)
[Epoch 193] lr=0.028238 train_loss=0.0383 loss_reg=0.0207 val_acc=0.8519 val_nlpd=0.5365 val_ece=0.0234 kl_weight=0.000000 loss_kl_raw=1673351.6250
[eval] adapter_cls=BayesPaperAdapter
[eval] raw_logits_shape=(10, 256, 101)
[eval] reduced_logits_shape=(256, 101)
[Epoch 194] lr=0.027768 train_loss=0.0384 loss_reg=0.0208 val_acc=0.8525 val_nlpd=0.5366 val_ece=0.0247 kl_weight=0.000000 loss_kl_raw=1674017.7500
[eval] adapter_cls=BayesPaperAdapter
[eval] raw_logits_shape=(10, 256, 101)
[eval] reduced_logits_shape=(256, 101)
[Epoch 195] lr=0.027300 train_loss=0.0386 loss_reg=0.0209 val_acc=0.8514 val_nlpd=0.5369 val_ece=0.0227 kl_weight=0.000000 loss_kl_raw=1674668.7500
[eval] adapter_cls=BayesPaperAdapter
[eval] raw_logits_shape=(10, 256, 101)
[eval] reduced_logits_shape=(256, 101)
[Epoch 196] lr=0.026835 train_loss=0.0387 loss_reg=0.0211 val_acc=0.8530 val_nlpd=0.5377 val_ece=0.0231 kl_weight=0.000000 loss_kl_raw=1675349.5000
[eval] adapter_cls=BayesPaperAdapter
[eval] raw_logits_shape=(10, 256, 101)
[eval] reduced_logits_shape=(256, 101)
[Epoch 197] lr=0.026372 train_loss=0.0386 loss_reg=0.0212 val_acc=0.8519 val_nlpd=0.5362 val_ece=0.0201 kl_weight=0.000000 loss_kl_raw=1675967.1250
[eval] adapter_cls=BayesPaperAdapter
[eval] raw_logits_shape=(10, 256, 101)
[eval] reduced_logits_shape=(256, 101)
[Epoch 198] lr=0.025912 train_loss=0.0388 loss_reg=0.0213 val_acc=0.8519 val_nlpd=0.5369 val_ece=0.0212 kl_weight=0.000000 loss_kl_raw=1676496.7500
[eval] adapter_cls=BayesPaperAdapter
[eval] raw_logits_shape=(10, 256, 101)
[eval] reduced_logits_shape=(256, 101)
[Epoch 199] lr=0.025455 train_loss=0.0389 loss_reg=0.0214 val_acc=0.8509 val_nlpd=0.5354 val_ece=0.0206 kl_weight=0.000000 loss_kl_raw=1677037.1250
[eval] adapter_cls=BayesPaperAdapter
[eval] raw_logits_shape=(10, 256, 101)
[eval] reduced_logits_shape=(256, 101)
[Epoch 200] lr=0.025000 train_loss=0.0389 loss_reg=0.0215 val_acc=0.8493 val_nlpd=0.5389 val_ece=0.0226 kl_weight=0.000000 loss_kl_raw=1677628.2500
[eval] adapter_cls=BayesPaperAdapter
[eval] raw_logits_shape=(10, 256, 101)
[eval] reduced_logits_shape=(256, 101)
[Epoch 201] lr=0.024548 train_loss=0.0391 loss_reg=0.0216 val_acc=0.8509 val_nlpd=0.5383 val_ece=0.0233 kl_weight=0.000000 loss_kl_raw=1678136.6250
[eval] adapter_cls=BayesPaperAdapter
[eval] raw_logits_shape=(10, 256, 101)
[eval] reduced_logits_shape=(256, 101)
[Epoch 202] lr=0.024099 train_loss=0.0391 loss_reg=0.0217 val_acc=0.8504 val_nlpd=0.5378 val_ece=0.0216 kl_weight=0.000000 loss_kl_raw=1678713.0000
[eval] adapter_cls=BayesPaperAdapter
[eval] raw_logits_shape=(10, 256, 101)
[eval] reduced_logits_shape=(256, 101)
[Epoch 203] lr=0.023652 train_loss=0.0394 loss_reg=0.0219 val_acc=0.8509 val_nlpd=0.5376 val_ece=0.0222 kl_weight=0.000000 loss_kl_raw=1679241.6250
[eval] adapter_cls=BayesPaperAdapter
[eval] raw_logits_shape=(10, 256, 101)
[eval] reduced_logits_shape=(256, 101)
[Epoch 204] lr=0.023209 train_loss=0.0394 loss_reg=0.0220 val_acc=0.8514 val_nlpd=0.5369 val_ece=0.0250 kl_weight=0.000000 loss_kl_raw=1679726.3750
[eval] adapter_cls=BayesPaperAdapter
[eval] raw_logits_shape=(10, 256, 101)
[eval] reduced_logits_shape=(256, 101)
[Epoch 205] lr=0.022768 train_loss=0.0395 loss_reg=0.0221 val_acc=0.8525 val_nlpd=0.5378 val_ece=0.0245 kl_weight=0.000000 loss_kl_raw=1680218.6250
[eval] adapter_cls=BayesPaperAdapter
[eval] raw_logits_shape=(10, 256, 101)
[eval] reduced_logits_shape=(256, 101)
[Epoch 206] lr=0.022330 train_loss=0.0395 loss_reg=0.0222 val_acc=0.8509 val_nlpd=0.5373 val_ece=0.0214 kl_weight=0.000000 loss_kl_raw=1680686.2500
[eval] adapter_cls=BayesPaperAdapter
[eval] raw_logits_shape=(10, 256, 101)
[eval] reduced_logits_shape=(256, 101)
[Epoch 207] lr=0.021896 train_loss=0.0397 loss_reg=0.0223 val_acc=0.8488 val_nlpd=0.5385 val_ece=0.0217 kl_weight=0.000000 loss_kl_raw=1681116.5000
[eval] adapter_cls=BayesPaperAdapter
[eval] raw_logits_shape=(10, 256, 101)
[eval] reduced_logits_shape=(256, 101)
[Epoch 208] lr=0.021464 train_loss=0.0398 loss_reg=0.0224 val_acc=0.8488 val_nlpd=0.5377 val_ece=0.0259 kl_weight=0.000000 loss_kl_raw=1681532.0000
[eval] adapter_cls=BayesPaperAdapter
[eval] raw_logits_shape=(10, 256, 101)
[eval] reduced_logits_shape=(256, 101)
[Epoch 209] lr=0.021036 train_loss=0.0399 loss_reg=0.0225 val_acc=0.8493 val_nlpd=0.5384 val_ece=0.0234 kl_weight=0.000000 loss_kl_raw=1681919.2500
[eval] adapter_cls=BayesPaperAdapter
[eval] raw_logits_shape=(10, 256, 101)
[eval] reduced_logits_shape=(256, 101)
[Epoch 210] lr=0.020611 train_loss=0.0400 loss_reg=0.0227 val_acc=0.8509 val_nlpd=0.5382 val_ece=0.0254 kl_weight=0.000000 loss_kl_raw=1682246.6250
[eval] adapter_cls=BayesPaperAdapter
[eval] raw_logits_shape=(10, 256, 101)
[eval] reduced_logits_shape=(256, 101)
[Epoch 211] lr=0.020189 train_loss=0.0400 loss_reg=0.0228 val_acc=0.8509 val_nlpd=0.5360 val_ece=0.0220 kl_weight=0.000000 loss_kl_raw=1682580.8750
[eval] adapter_cls=BayesPaperAdapter
[eval] raw_logits_shape=(10, 256, 101)
[eval] reduced_logits_shape=(256, 101)
[Epoch 212] lr=0.019770 train_loss=0.0403 loss_reg=0.0229 val_acc=0.8514 val_nlpd=0.5363 val_ece=0.0238 kl_weight=0.000000 loss_kl_raw=1682904.8750
[eval] adapter_cls=BayesPaperAdapter
[eval] raw_logits_shape=(10, 256, 101)
[eval] reduced_logits_shape=(256, 101)
[Epoch 213] lr=0.019355 train_loss=0.0402 loss_reg=0.0230 val_acc=0.8509 val_nlpd=0.5383 val_ece=0.0231 kl_weight=0.000000 loss_kl_raw=1683202.7500
[eval] adapter_cls=BayesPaperAdapter
[eval] raw_logits_shape=(10, 256, 101)
[eval] reduced_logits_shape=(256, 101)
[Epoch 214] lr=0.018943 train_loss=0.0404 loss_reg=0.0231 val_acc=0.8519 val_nlpd=0.5373 val_ece=0.0278 kl_weight=0.000000 loss_kl_raw=1683492.3750
[eval] adapter_cls=BayesPaperAdapter
[eval] raw_logits_shape=(10, 256, 101)
[eval] reduced_logits_shape=(256, 101)
[Epoch 215] lr=0.018534 train_loss=0.0404 loss_reg=0.0232 val_acc=0.8519 val_nlpd=0.5367 val_ece=0.0301 kl_weight=0.000000 loss_kl_raw=1683776.1250
[eval] adapter_cls=BayesPaperAdapter
[eval] raw_logits_shape=(10, 256, 101)
[eval] reduced_logits_shape=(256, 101)
[Epoch 216] lr=0.018129 train_loss=0.0407 loss_reg=0.0233 val_acc=0.8467 val_nlpd=0.5378 val_ece=0.0248 kl_weight=0.000000 loss_kl_raw=1684029.5000
[eval] adapter_cls=BayesPaperAdapter
[eval] raw_logits_shape=(10, 256, 101)
[eval] reduced_logits_shape=(256, 101)
[Epoch 217] lr=0.017727 train_loss=0.0406 loss_reg=0.0234 val_acc=0.8509 val_nlpd=0.5375 val_ece=0.0250 kl_weight=0.000000 loss_kl_raw=1684291.2500
[eval] adapter_cls=BayesPaperAdapter
[eval] raw_logits_shape=(10, 256, 101)
[eval] reduced_logits_shape=(256, 101)
[Epoch 218] lr=0.017329 train_loss=0.0407 loss_reg=0.0236 val_acc=0.8504 val_nlpd=0.5375 val_ece=0.0247 kl_weight=0.000000 loss_kl_raw=1684536.5000
[eval] adapter_cls=BayesPaperAdapter
[eval] raw_logits_shape=(10, 256, 101)
[eval] reduced_logits_shape=(256, 101)
[Epoch 219] lr=0.016934 train_loss=0.0408 loss_reg=0.0237 val_acc=0.8493 val_nlpd=0.5352 val_ece=0.0249 kl_weight=0.000000 loss_kl_raw=1684768.7500
[eval] adapter_cls=BayesPaperAdapter
[eval] raw_logits_shape=(10, 256, 101)
[eval] reduced_logits_shape=(256, 101)
[Epoch 220] lr=0.016543 train_loss=0.0410 loss_reg=0.0238 val_acc=0.8509 val_nlpd=0.5374 val_ece=0.0290 kl_weight=0.000000 loss_kl_raw=1685015.7500
[eval] adapter_cls=BayesPaperAdapter
[eval] raw_logits_shape=(10, 256, 101)
[eval] reduced_logits_shape=(256, 101)
[Epoch 221] lr=0.016156 train_loss=0.0411 loss_reg=0.0239 val_acc=0.8509 val_nlpd=0.5382 val_ece=0.0287 kl_weight=0.000000 loss_kl_raw=1685278.0000
[eval] adapter_cls=BayesPaperAdapter
[eval] raw_logits_shape=(10, 256, 101)
[eval] reduced_logits_shape=(256, 101)
[Epoch 222] lr=0.015773 train_loss=0.0412 loss_reg=0.0240 val_acc=0.8519 val_nlpd=0.5369 val_ece=0.0244 kl_weight=0.000000 loss_kl_raw=1685551.0000
[eval] adapter_cls=BayesPaperAdapter
[eval] raw_logits_shape=(10, 256, 101)
[eval] reduced_logits_shape=(256, 101)
[Epoch 223] lr=0.015393 train_loss=0.0412 loss_reg=0.0241 val_acc=0.8519 val_nlpd=0.5363 val_ece=0.0260 kl_weight=0.000000 loss_kl_raw=1685814.2500
[eval] adapter_cls=BayesPaperAdapter
[eval] raw_logits_shape=(10, 256, 101)
[eval] reduced_logits_shape=(256, 101)
[Epoch 224] lr=0.015017 train_loss=0.0414 loss_reg=0.0242 val_acc=0.8504 val_nlpd=0.5381 val_ece=0.0268 kl_weight=0.000000 loss_kl_raw=1686048.8750
[eval] adapter_cls=BayesPaperAdapter
[eval] raw_logits_shape=(10, 256, 101)
[eval] reduced_logits_shape=(256, 101)
[Epoch 225] lr=0.014645 train_loss=0.0415 loss_reg=0.0243 val_acc=0.8504 val_nlpd=0.5381 val_ece=0.0251 kl_weight=0.000000 loss_kl_raw=1686278.5000
[eval] adapter_cls=BayesPaperAdapter
[eval] raw_logits_shape=(10, 256, 101)
[eval] reduced_logits_shape=(256, 101)
[Epoch 226] lr=0.014276 train_loss=0.0416 loss_reg=0.0245 val_acc=0.8509 val_nlpd=0.5372 val_ece=0.0273 kl_weight=0.000000 loss_kl_raw=1686487.0000
[eval] adapter_cls=BayesPaperAdapter
[eval] raw_logits_shape=(10, 256, 101)
[eval] reduced_logits_shape=(256, 101)
[Epoch 227] lr=0.013912 train_loss=0.0416 loss_reg=0.0246 val_acc=0.8498 val_nlpd=0.5366 val_ece=0.0203 kl_weight=0.000000 loss_kl_raw=1686680.5000
[eval] adapter_cls=BayesPaperAdapter
[eval] raw_logits_shape=(10, 256, 101)
[eval] reduced_logits_shape=(256, 101)
[Epoch 228] lr=0.013552 train_loss=0.0418 loss_reg=0.0247 val_acc=0.8514 val_nlpd=0.5372 val_ece=0.0241 kl_weight=0.000000 loss_kl_raw=1686904.3750
[eval] adapter_cls=BayesPaperAdapter
[eval] raw_logits_shape=(10, 256, 101)
[eval] reduced_logits_shape=(256, 101)
[Epoch 229] lr=0.013195 train_loss=0.0419 loss_reg=0.0248 val_acc=0.8488 val_nlpd=0.5373 val_ece=0.0239 kl_weight=0.000000 loss_kl_raw=1687101.5000
[eval] adapter_cls=BayesPaperAdapter
[eval] raw_logits_shape=(10, 256, 101)
[eval] reduced_logits_shape=(256, 101)
[Epoch 230] lr=0.012843 train_loss=0.0420 loss_reg=0.0249 val_acc=0.8509 val_nlpd=0.5381 val_ece=0.0239 kl_weight=0.000000 loss_kl_raw=1687309.1250
[eval] adapter_cls=BayesPaperAdapter
[eval] raw_logits_shape=(10, 256, 101)
[eval] reduced_logits_shape=(256, 101)
[Epoch 231] lr=0.012494 train_loss=0.0420 loss_reg=0.0250 val_acc=0.8493 val_nlpd=0.5383 val_ece=0.0222 kl_weight=0.000000 loss_kl_raw=1687520.7500
[eval] adapter_cls=BayesPaperAdapter
[eval] raw_logits_shape=(10, 256, 101)
[eval] reduced_logits_shape=(256, 101)
[Epoch 232] lr=0.012150 train_loss=0.0422 loss_reg=0.0251 val_acc=0.8498 val_nlpd=0.5370 val_ece=0.0272 kl_weight=0.000000 loss_kl_raw=1687730.2500
[eval] adapter_cls=BayesPaperAdapter
[eval] raw_logits_shape=(10, 256, 101)
[eval] reduced_logits_shape=(256, 101)
[Epoch 233] lr=0.011810 train_loss=0.0424 loss_reg=0.0252 val_acc=0.8514 val_nlpd=0.5354 val_ece=0.0227 kl_weight=0.000000 loss_kl_raw=1687910.2500
[eval] adapter_cls=BayesPaperAdapter
[eval] raw_logits_shape=(10, 256, 101)
[eval] reduced_logits_shape=(256, 101)
[Epoch 234] lr=0.011474 train_loss=0.0423 loss_reg=0.0254 val_acc=0.8504 val_nlpd=0.5380 val_ece=0.0235 kl_weight=0.000000 loss_kl_raw=1688092.2500
[eval] adapter_cls=BayesPaperAdapter
[eval] raw_logits_shape=(10, 256, 101)
[eval] reduced_logits_shape=(256, 101)
[Epoch 235] lr=0.011143 train_loss=0.0425 loss_reg=0.0255 val_acc=0.8498 val_nlpd=0.5369 val_ece=0.0256 kl_weight=0.000000 loss_kl_raw=1688245.8750
[eval] adapter_cls=BayesPaperAdapter
[eval] raw_logits_shape=(10, 256, 101)
[eval] reduced_logits_shape=(256, 101)
[Epoch 236] lr=0.010815 train_loss=0.0428 loss_reg=0.0256 val_acc=0.8504 val_nlpd=0.5372 val_ece=0.0235 kl_weight=0.000000 loss_kl_raw=1688414.0000
[eval] adapter_cls=BayesPaperAdapter
[eval] raw_logits_shape=(10, 256, 101)
[eval] reduced_logits_shape=(256, 101)
[Epoch 237] lr=0.010492 train_loss=0.0427 loss_reg=0.0257 val_acc=0.8498 val_nlpd=0.5372 val_ece=0.0266 kl_weight=0.000000 loss_kl_raw=1688566.2500
[eval] adapter_cls=BayesPaperAdapter
[eval] raw_logits_shape=(10, 256, 101)
[eval] reduced_logits_shape=(256, 101)
[Epoch 238] lr=0.010174 train_loss=0.0429 loss_reg=0.0258 val_acc=0.8498 val_nlpd=0.5387 val_ece=0.0208 kl_weight=0.000000 loss_kl_raw=1688699.7500
[eval] adapter_cls=BayesPaperAdapter
[eval] raw_logits_shape=(10, 256, 101)
[eval] reduced_logits_shape=(256, 101)
[Epoch 239] lr=0.009859 train_loss=0.0430 loss_reg=0.0259 val_acc=0.8498 val_nlpd=0.5360 val_ece=0.0215 kl_weight=0.000000 loss_kl_raw=1688828.3750
[eval] adapter_cls=BayesPaperAdapter
[eval] raw_logits_shape=(10, 256, 101)
[eval] reduced_logits_shape=(256, 101)
[Epoch 240] lr=0.009549 train_loss=0.0430 loss_reg=0.0260 val_acc=0.8493 val_nlpd=0.5386 val_ece=0.0251 kl_weight=0.000000 loss_kl_raw=1688956.1250
[eval] adapter_cls=BayesPaperAdapter
[eval] raw_logits_shape=(10, 256, 101)
[eval] reduced_logits_shape=(256, 101)
[Epoch 241] lr=0.009244 train_loss=0.0432 loss_reg=0.0261 val_acc=0.8488 val_nlpd=0.5355 val_ece=0.0213 kl_weight=0.000000 loss_kl_raw=1689079.8750
[eval] adapter_cls=BayesPaperAdapter
[eval] raw_logits_shape=(10, 256, 101)
[eval] reduced_logits_shape=(256, 101)
[Epoch 242] lr=0.008943 train_loss=0.0432 loss_reg=0.0262 val_acc=0.8498 val_nlpd=0.5378 val_ece=0.0245 kl_weight=0.000000 loss_kl_raw=1689207.6250
[eval] adapter_cls=BayesPaperAdapter
[eval] raw_logits_shape=(10, 256, 101)
[eval] reduced_logits_shape=(256, 101)
[Epoch 243] lr=0.008646 train_loss=0.0434 loss_reg=0.0264 val_acc=0.8498 val_nlpd=0.5371 val_ece=0.0272 kl_weight=0.000000 loss_kl_raw=1689317.8750
[eval] adapter_cls=BayesPaperAdapter
[eval] raw_logits_shape=(10, 256, 101)
[eval] reduced_logits_shape=(256, 101)
[Epoch 244] lr=0.008354 train_loss=0.0435 loss_reg=0.0265 val_acc=0.8514 val_nlpd=0.5362 val_ece=0.0217 kl_weight=0.000000 loss_kl_raw=1689427.8750
[eval] adapter_cls=BayesPaperAdapter
[eval] raw_logits_shape=(10, 256, 101)
[eval] reduced_logits_shape=(256, 101)
[Epoch 245] lr=0.008066 train_loss=0.0436 loss_reg=0.0266 val_acc=0.8488 val_nlpd=0.5383 val_ece=0.0249 kl_weight=0.000000 loss_kl_raw=1689553.7500
[eval] adapter_cls=BayesPaperAdapter
[eval] raw_logits_shape=(10, 256, 101)
[eval] reduced_logits_shape=(256, 101)
[Epoch 246] lr=0.007784 train_loss=0.0436 loss_reg=0.0267 val_acc=0.8509 val_nlpd=0.5374 val_ece=0.0242 kl_weight=0.000000 loss_kl_raw=1689660.8750
[eval] adapter_cls=BayesPaperAdapter
[eval] raw_logits_shape=(10, 256, 101)
[eval] reduced_logits_shape=(256, 101)
[Epoch 247] lr=0.007505 train_loss=0.0438 loss_reg=0.0268 val_acc=0.8493 val_nlpd=0.5371 val_ece=0.0241 kl_weight=0.000000 loss_kl_raw=1689758.7500
[eval] adapter_cls=BayesPaperAdapter
[eval] raw_logits_shape=(10, 256, 101)
[eval] reduced_logits_shape=(256, 101)
[Epoch 248] lr=0.007232 train_loss=0.0440 loss_reg=0.0269 val_acc=0.8509 val_nlpd=0.5371 val_ece=0.0234 kl_weight=0.000000 loss_kl_raw=1689841.8750
[eval] adapter_cls=BayesPaperAdapter
[eval] raw_logits_shape=(10, 256, 101)
[eval] reduced_logits_shape=(256, 101)
[Epoch 249] lr=0.006963 train_loss=0.0440 loss_reg=0.0270 val_acc=0.8504 val_nlpd=0.5373 val_ece=0.0235 kl_weight=0.000000 loss_kl_raw=1689915.2500
[eval] adapter_cls=BayesPaperAdapter
[eval] raw_logits_shape=(10, 256, 101)
[eval] reduced_logits_shape=(256, 101)
[Epoch 250] lr=0.006699 train_loss=0.0441 loss_reg=0.0271 val_acc=0.8525 val_nlpd=0.5349 val_ece=0.0252 kl_weight=0.000000 loss_kl_raw=1689983.0000
[eval] adapter_cls=BayesPaperAdapter
[eval] raw_logits_shape=(10, 256, 101)
[eval] reduced_logits_shape=(256, 101)
[Epoch 251] lr=0.006439 train_loss=0.0444 loss_reg=0.0272 val_acc=0.8504 val_nlpd=0.5369 val_ece=0.0216 kl_weight=0.000000 loss_kl_raw=1690044.3750
[eval] adapter_cls=BayesPaperAdapter
[eval] raw_logits_shape=(10, 256, 101)
[eval] reduced_logits_shape=(256, 101)
[Epoch 252] lr=0.006185 train_loss=0.0444 loss_reg=0.0273 val_acc=0.8525 val_nlpd=0.5366 val_ece=0.0256 kl_weight=0.000000 loss_kl_raw=1690125.1250
[eval] adapter_cls=BayesPaperAdapter
[eval] raw_logits_shape=(10, 256, 101)
[eval] reduced_logits_shape=(256, 101)
[Epoch 253] lr=0.005935 train_loss=0.0445 loss_reg=0.0275 val_acc=0.8504 val_nlpd=0.5369 val_ece=0.0226 kl_weight=0.000000 loss_kl_raw=1690193.8750
[eval] adapter_cls=BayesPaperAdapter
[eval] raw_logits_shape=(10, 256, 101)
[eval] reduced_logits_shape=(256, 101)
[Epoch 254] lr=0.005690 train_loss=0.0446 loss_reg=0.0276 val_acc=0.8488 val_nlpd=0.5372 val_ece=0.0233 kl_weight=0.000000 loss_kl_raw=1690251.2500
[eval] adapter_cls=BayesPaperAdapter
[eval] raw_logits_shape=(10, 256, 101)
[eval] reduced_logits_shape=(256, 101)
[Epoch 255] lr=0.005450 train_loss=0.0447 loss_reg=0.0277 val_acc=0.8509 val_nlpd=0.5377 val_ece=0.0213 kl_weight=0.000000 loss_kl_raw=1690314.8750
[eval] adapter_cls=BayesPaperAdapter
[eval] raw_logits_shape=(10, 256, 101)
[eval] reduced_logits_shape=(256, 101)
[Epoch 256] lr=0.005214 train_loss=0.0448 loss_reg=0.0278 val_acc=0.8519 val_nlpd=0.5366 val_ece=0.0260 kl_weight=0.000000 loss_kl_raw=1690384.1250
[eval] adapter_cls=BayesPaperAdapter
[eval] raw_logits_shape=(10, 256, 101)
[eval] reduced_logits_shape=(256, 101)
[Epoch 257] lr=0.004984 train_loss=0.0449 loss_reg=0.0279 val_acc=0.8504 val_nlpd=0.5358 val_ece=0.0194 kl_weight=0.000000 loss_kl_raw=1690438.5000
[eval] adapter_cls=BayesPaperAdapter
[eval] raw_logits_shape=(10, 256, 101)
[eval] reduced_logits_shape=(256, 101)
[Epoch 258] lr=0.004759 train_loss=0.0450 loss_reg=0.0280 val_acc=0.8498 val_nlpd=0.5360 val_ece=0.0218 kl_weight=0.000000 loss_kl_raw=1690485.5000
[eval] adapter_cls=BayesPaperAdapter
[eval] raw_logits_shape=(10, 256, 101)
[eval] reduced_logits_shape=(256, 101)
[Epoch 259] lr=0.004538 train_loss=0.0452 loss_reg=0.0281 val_acc=0.8498 val_nlpd=0.5359 val_ece=0.0193 kl_weight=0.000000 loss_kl_raw=1690531.8750
[eval] adapter_cls=BayesPaperAdapter
[eval] raw_logits_shape=(10, 256, 101)
[eval] reduced_logits_shape=(256, 101)
[Epoch 260] lr=0.004323 train_loss=0.0452 loss_reg=0.0282 val_acc=0.8509 val_nlpd=0.5380 val_ece=0.0258 kl_weight=0.000000 loss_kl_raw=1690569.7500
[eval] adapter_cls=BayesPaperAdapter
[eval] raw_logits_shape=(10, 256, 101)
[eval] reduced_logits_shape=(256, 101)
[Epoch 261] lr=0.004112 train_loss=0.0453 loss_reg=0.0283 val_acc=0.8498 val_nlpd=0.5369 val_ece=0.0236 kl_weight=0.000000 loss_kl_raw=1690617.6250
[eval] adapter_cls=BayesPaperAdapter
[eval] raw_logits_shape=(10, 256, 101)
[eval] reduced_logits_shape=(256, 101)
[Epoch 262] lr=0.003907 train_loss=0.0455 loss_reg=0.0284 val_acc=0.8488 val_nlpd=0.5370 val_ece=0.0234 kl_weight=0.000000 loss_kl_raw=1690656.0000
[eval] adapter_cls=BayesPaperAdapter
[eval] raw_logits_shape=(10, 256, 101)
[eval] reduced_logits_shape=(256, 101)
[Epoch 263] lr=0.003706 train_loss=0.0456 loss_reg=0.0286 val_acc=0.8504 val_nlpd=0.5358 val_ece=0.0206 kl_weight=0.000000 loss_kl_raw=1690683.8750
[eval] adapter_cls=BayesPaperAdapter
[eval] raw_logits_shape=(10, 256, 101)
[eval] reduced_logits_shape=(256, 101)
[Epoch 264] lr=0.003511 train_loss=0.0456 loss_reg=0.0287 val_acc=0.8504 val_nlpd=0.5376 val_ece=0.0246 kl_weight=0.000000 loss_kl_raw=1690711.6250
[eval] adapter_cls=BayesPaperAdapter
[eval] raw_logits_shape=(10, 256, 101)
[eval] reduced_logits_shape=(256, 101)
[Epoch 265] lr=0.003321 train_loss=0.0458 loss_reg=0.0288 val_acc=0.8488 val_nlpd=0.5365 val_ece=0.0241 kl_weight=0.000000 loss_kl_raw=1690745.1250
[eval] adapter_cls=BayesPaperAdapter
[eval] raw_logits_shape=(10, 256, 101)
[eval] reduced_logits_shape=(256, 101)
[Epoch 266] lr=0.003136 train_loss=0.0459 loss_reg=0.0289 val_acc=0.8498 val_nlpd=0.5374 val_ece=0.0237 kl_weight=0.000000 loss_kl_raw=1690776.2500
[eval] adapter_cls=BayesPaperAdapter
[eval] raw_logits_shape=(10, 256, 101)
[eval] reduced_logits_shape=(256, 101)
[Epoch 267] lr=0.002956 train_loss=0.0460 loss_reg=0.0290 val_acc=0.8504 val_nlpd=0.5369 val_ece=0.0216 kl_weight=0.000000 loss_kl_raw=1690806.8750
[eval] adapter_cls=BayesPaperAdapter
[eval] raw_logits_shape=(10, 256, 101)
[eval] reduced_logits_shape=(256, 101)
[Epoch 268] lr=0.002781 train_loss=0.0461 loss_reg=0.0291 val_acc=0.8488 val_nlpd=0.5370 val_ece=0.0216 kl_weight=0.000000 loss_kl_raw=1690831.8750
[eval] adapter_cls=BayesPaperAdapter
[eval] raw_logits_shape=(10, 256, 101)
[eval] reduced_logits_shape=(256, 101)
[Epoch 269] lr=0.002612 train_loss=0.0462 loss_reg=0.0292 val_acc=0.8498 val_nlpd=0.5366 val_ece=0.0254 kl_weight=0.000000 loss_kl_raw=1690852.6250
[eval] adapter_cls=BayesPaperAdapter
[eval] raw_logits_shape=(10, 256, 101)
[eval] reduced_logits_shape=(256, 101)
[Epoch 270] lr=0.002447 train_loss=0.0464 loss_reg=0.0293 val_acc=0.8509 val_nlpd=0.5367 val_ece=0.0215 kl_weight=0.000000 loss_kl_raw=1690875.7500
[eval] adapter_cls=BayesPaperAdapter
[eval] raw_logits_shape=(10, 256, 101)
[eval] reduced_logits_shape=(256, 101)
[Epoch 271] lr=0.002288 train_loss=0.0464 loss_reg=0.0294 val_acc=0.8498 val_nlpd=0.5370 val_ece=0.0225 kl_weight=0.000000 loss_kl_raw=1690898.0000
[eval] adapter_cls=BayesPaperAdapter
[eval] raw_logits_shape=(10, 256, 101)
[eval] reduced_logits_shape=(256, 101)
[Epoch 272] lr=0.002134 train_loss=0.0466 loss_reg=0.0295 val_acc=0.8509 val_nlpd=0.5361 val_ece=0.0218 kl_weight=0.000000 loss_kl_raw=1690918.0000
[eval] adapter_cls=BayesPaperAdapter
[eval] raw_logits_shape=(10, 256, 101)
[eval] reduced_logits_shape=(256, 101)
[Epoch 273] lr=0.001985 train_loss=0.0465 loss_reg=0.0296 val_acc=0.8498 val_nlpd=0.5371 val_ece=0.0250 kl_weight=0.000000 loss_kl_raw=1690933.5000
[eval] adapter_cls=BayesPaperAdapter
[eval] raw_logits_shape=(10, 256, 101)
[eval] reduced_logits_shape=(256, 101)
[Epoch 274] lr=0.001842 train_loss=0.0467 loss_reg=0.0298 val_acc=0.8509 val_nlpd=0.5372 val_ece=0.0232 kl_weight=0.000000 loss_kl_raw=1690946.2500
[eval] adapter_cls=BayesPaperAdapter
[eval] raw_logits_shape=(10, 256, 101)
[eval] reduced_logits_shape=(256, 101)
[Epoch 275] lr=0.001704 train_loss=0.0469 loss_reg=0.0299 val_acc=0.8504 val_nlpd=0.5372 val_ece=0.0223 kl_weight=0.000000 loss_kl_raw=1690959.1250
[eval] adapter_cls=BayesPaperAdapter
[eval] raw_logits_shape=(10, 256, 101)
[eval] reduced_logits_shape=(256, 101)
[Epoch 276] lr=0.001571 train_loss=0.0470 loss_reg=0.0300 val_acc=0.8504 val_nlpd=0.5362 val_ece=0.0289 kl_weight=0.000000 loss_kl_raw=1690971.1250
[eval] adapter_cls=BayesPaperAdapter
[eval] raw_logits_shape=(10, 256, 101)
[eval] reduced_logits_shape=(256, 101)
[Epoch 277] lr=0.001443 train_loss=0.0470 loss_reg=0.0301 val_acc=0.8488 val_nlpd=0.5371 val_ece=0.0245 kl_weight=0.000000 loss_kl_raw=1690978.2500
[eval] adapter_cls=BayesPaperAdapter
[eval] raw_logits_shape=(10, 256, 101)
[eval] reduced_logits_shape=(256, 101)
[Epoch 278] lr=0.001321 train_loss=0.0470 loss_reg=0.0302 val_acc=0.8498 val_nlpd=0.5366 val_ece=0.0219 kl_weight=0.000000 loss_kl_raw=1690985.2500
[eval] adapter_cls=BayesPaperAdapter
[eval] raw_logits_shape=(10, 256, 101)
[eval] reduced_logits_shape=(256, 101)
[Epoch 279] lr=0.001204 train_loss=0.0473 loss_reg=0.0303 val_acc=0.8493 val_nlpd=0.5376 val_ece=0.0229 kl_weight=0.000000 loss_kl_raw=1690992.6250
[eval] adapter_cls=BayesPaperAdapter
[eval] raw_logits_shape=(10, 256, 101)
[eval] reduced_logits_shape=(256, 101)
[Epoch 280] lr=0.001093 train_loss=0.0473 loss_reg=0.0304 val_acc=0.8498 val_nlpd=0.5364 val_ece=0.0233 kl_weight=0.000000 loss_kl_raw=1691001.0000
[eval] adapter_cls=BayesPaperAdapter
[eval] raw_logits_shape=(10, 256, 101)
[eval] reduced_logits_shape=(256, 101)
[Epoch 281] lr=0.000986 train_loss=0.0475 loss_reg=0.0305 val_acc=0.8509 val_nlpd=0.5354 val_ece=0.0246 kl_weight=0.000000 loss_kl_raw=1691006.5000
[eval] adapter_cls=BayesPaperAdapter
[eval] raw_logits_shape=(10, 256, 101)
[eval] reduced_logits_shape=(256, 101)
[Epoch 282] lr=0.000886 train_loss=0.0476 loss_reg=0.0306 val_acc=0.8488 val_nlpd=0.5384 val_ece=0.0236 kl_weight=0.000000 loss_kl_raw=1691011.7500
[eval] adapter_cls=BayesPaperAdapter
[eval] raw_logits_shape=(10, 256, 101)
[eval] reduced_logits_shape=(256, 101)
[Epoch 283] lr=0.000790 train_loss=0.0478 loss_reg=0.0307 val_acc=0.8514 val_nlpd=0.5361 val_ece=0.0200 kl_weight=0.000000 loss_kl_raw=1691016.2500
[eval] adapter_cls=BayesPaperAdapter
[eval] raw_logits_shape=(10, 256, 101)
[eval] reduced_logits_shape=(256, 101)
[Epoch 284] lr=0.000700 train_loss=0.0479 loss_reg=0.0308 val_acc=0.8477 val_nlpd=0.5386 val_ece=0.0227 kl_weight=0.000000 loss_kl_raw=1691020.1250
[eval] adapter_cls=BayesPaperAdapter
[eval] raw_logits_shape=(10, 256, 101)
[eval] reduced_logits_shape=(256, 101)
[Epoch 285] lr=0.000616 train_loss=0.0479 loss_reg=0.0310 val_acc=0.8488 val_nlpd=0.5379 val_ece=0.0210 kl_weight=0.000000 loss_kl_raw=1691023.7500
[eval] adapter_cls=BayesPaperAdapter
[eval] raw_logits_shape=(10, 256, 101)
[eval] reduced_logits_shape=(256, 101)
[Epoch 286] lr=0.000536 train_loss=0.0481 loss_reg=0.0311 val_acc=0.8504 val_nlpd=0.5359 val_ece=0.0244 kl_weight=0.000000 loss_kl_raw=1691027.2500
[eval] adapter_cls=BayesPaperAdapter
[eval] raw_logits_shape=(10, 256, 101)
[eval] reduced_logits_shape=(256, 101)
[Epoch 287] lr=0.000463 train_loss=0.0480 loss_reg=0.0312 val_acc=0.8509 val_nlpd=0.5370 val_ece=0.0226 kl_weight=0.000000 loss_kl_raw=1691030.7500
[eval] adapter_cls=BayesPaperAdapter
[eval] raw_logits_shape=(10, 256, 101)
[eval] reduced_logits_shape=(256, 101)
[Epoch 288] lr=0.000394 train_loss=0.0482 loss_reg=0.0313 val_acc=0.8498 val_nlpd=0.5364 val_ece=0.0224 kl_weight=0.000000 loss_kl_raw=1691033.0000
[eval] adapter_cls=BayesPaperAdapter
[eval] raw_logits_shape=(10, 256, 101)
[eval] reduced_logits_shape=(256, 101)
[Epoch 289] lr=0.000331 train_loss=0.0484 loss_reg=0.0314 val_acc=0.8504 val_nlpd=0.5374 val_ece=0.0200 kl_weight=0.000000 loss_kl_raw=1691035.5000
[eval] adapter_cls=BayesPaperAdapter
[eval] raw_logits_shape=(10, 256, 101)
[eval] reduced_logits_shape=(256, 101)
[Epoch 290] lr=0.000274 train_loss=0.0485 loss_reg=0.0315 val_acc=0.8514 val_nlpd=0.5368 val_ece=0.0234 kl_weight=0.000000 loss_kl_raw=1691037.1250
[eval] adapter_cls=BayesPaperAdapter
[eval] raw_logits_shape=(10, 256, 101)
[eval] reduced_logits_shape=(256, 101)
[Epoch 291] lr=0.000222 train_loss=0.0485 loss_reg=0.0316 val_acc=0.8509 val_nlpd=0.5354 val_ece=0.0220 kl_weight=0.000000 loss_kl_raw=1691037.7500
[eval] adapter_cls=BayesPaperAdapter
[eval] raw_logits_shape=(10, 256, 101)
[eval] reduced_logits_shape=(256, 101)
[Epoch 292] lr=0.000175 train_loss=0.0486 loss_reg=0.0317 val_acc=0.8477 val_nlpd=0.5377 val_ece=0.0215 kl_weight=0.000000 loss_kl_raw=1691038.8750
[eval] adapter_cls=BayesPaperAdapter
[eval] raw_logits_shape=(10, 256, 101)
[eval] reduced_logits_shape=(256, 101)
[Epoch 293] lr=0.000134 train_loss=0.0488 loss_reg=0.0318 val_acc=0.8498 val_nlpd=0.5369 val_ece=0.0209 kl_weight=0.000000 loss_kl_raw=1691039.6250
[eval] adapter_cls=BayesPaperAdapter
[eval] raw_logits_shape=(10, 256, 101)
[eval] reduced_logits_shape=(256, 101)
[Epoch 294] lr=0.000099 train_loss=0.0489 loss_reg=0.0319 val_acc=0.8498 val_nlpd=0.5353 val_ece=0.0219 kl_weight=0.000000 loss_kl_raw=1691040.3750
[eval] adapter_cls=BayesPaperAdapter
[eval] raw_logits_shape=(10, 256, 101)
[eval] reduced_logits_shape=(256, 101)
[Epoch 295] lr=0.000069 train_loss=0.0490 loss_reg=0.0320 val_acc=0.8498 val_nlpd=0.5368 val_ece=0.0259 kl_weight=0.000000 loss_kl_raw=1691040.8750
[eval] adapter_cls=BayesPaperAdapter
[eval] raw_logits_shape=(10, 256, 101)
[eval] reduced_logits_shape=(256, 101)
[Epoch 296] lr=0.000044 train_loss=0.0492 loss_reg=0.0322 val_acc=0.8509 val_nlpd=0.5368 val_ece=0.0270 kl_weight=0.000000 loss_kl_raw=1691041.2500
[eval] adapter_cls=BayesPaperAdapter
[eval] raw_logits_shape=(10, 256, 101)
[eval] reduced_logits_shape=(256, 101)
[Epoch 297] lr=0.000025 train_loss=0.0492 loss_reg=0.0323 val_acc=0.8498 val_nlpd=0.5361 val_ece=0.0217 kl_weight=0.000000 loss_kl_raw=1691041.3750
[eval] adapter_cls=BayesPaperAdapter
[eval] raw_logits_shape=(10, 256, 101)
[eval] reduced_logits_shape=(256, 101)
[Epoch 298] lr=0.000011 train_loss=0.0494 loss_reg=0.0324 val_acc=0.8514 val_nlpd=0.5373 val_ece=0.0253 kl_weight=0.000000 loss_kl_raw=1691041.5000
[eval] adapter_cls=BayesPaperAdapter
[eval] raw_logits_shape=(10, 256, 101)
[eval] reduced_logits_shape=(256, 101)
[Epoch 299] lr=0.000003 train_loss=0.0495 loss_reg=0.0325 val_acc=0.8488 val_nlpd=0.5383 val_ece=0.0227 kl_weight=0.000000 loss_kl_raw=1691041.5000
[eval] adapter_cls=BayesPaperAdapter
[eval] raw_logits_shape=(10, 256, 101)
[eval] reduced_logits_shape=(256, 101)
[Epoch 300] lr=0.000000 train_loss=0.0495 loss_reg=0.0326 val_acc=0.8525 val_nlpd=0.5360 val_ece=0.0241 kl_weight=0.000000 loss_kl_raw=1691041.5000
[done] training complete:
{
  "family": "vlm_adapter",
  "variant": "BAYESADAPTER",
  "protocol": "id",
  "dataset": "ucf101",
  "seed": 1,
  "model_selection": "last",
  "selection_metric": "acc",
  "selection_mode": "max",
  "best_epoch": 196,
  "best_val_metrics_saved": {
    "loss": 0.538941363263306,
    "acc": 0.8530031442642212,
    "nlpd": 0.5377326607704163,
    "ece": 0.023127268999814987,
    "aece": 0.022740551493316104,
    "raw_cov_99": 0.39093783497810364,
    "sel_acc_99": 0.9946091771125793,
    "reliable_99": 1.0,
    "cov_99": 0.39093783497810364,
    "class_cov_99": 0.8811881188118812,
    "raw_cov_95": 0.5600632429122925,
    "sel_acc_95": 0.9811853170394897,
    "reliable_95": 1.0,
    "cov_95": 0.5600632429122925,
    "class_cov_95": 0.9801980198019802,
    "raw_cov_90": 0.6417281627655029,
    "sel_acc_90": 0.9737274050712585,
    "reliable_90": 1.0,
    "cov_90": 0.6417281627655029,
    "class_cov_90": 1.0,
    "raw_cov_85": 0.6917808055877686,
    "sel_acc_85": 0.9603960514068604,
    "reliable_85": 1.0,
    "cov_85": 0.6917808055877686,
    "class_cov_85": 1.0,
    "raw_cov_80": 0.7413066625595093,
    "sel_acc_80": 0.9495380520820618,
    "reliable_80": 1.0,
    "cov_80": 0.7413066625595093,
    "class_cov_80": 1.0
  },
  "last_epoch": 300,
  "last_val_metrics_saved": {
    "loss": 0.5371854735501072,
    "acc": 0.8524762988090515,
    "nlpd": 0.5359563231468201,
    "ece": 0.02408844791352749,
    "aece": 0.02320508638473406,
    "raw_cov_99": 0.39251843094825745,
    "sel_acc_99": 0.9946308732032776,
    "reliable_99": 1.0,
    "cov_99": 0.39251843094825745,
    "class_cov_99": 0.8910891089108911,
    "raw_cov_95": 0.5648050308227539,
    "sel_acc_95": 0.9813432693481445,
    "reliable_95": 1.0,
    "cov_95": 0.5648050308227539,
    "class_cov_95": 0.9801980198019802,
    "raw_cov_90": 0.6464699506759644,
    "sel_acc_90": 0.9731051325798035,
    "reliable_90": 1.0,
    "cov_90": 0.6464699506759644,
    "class_cov_90": 1.0,
    "raw_cov_85": 0.694942057132721,
    "sel_acc_85": 0.9598180651664734,
    "reliable_85": 1.0,
    "cov_85": 0.694942057132721,
    "class_cov_85": 1.0,
    "raw_cov_80": 0.7449947595596313,
    "sel_acc_80": 0.9469589591026306,
    "reliable_80": 1.0,
    "cov_80": 0.7449947595596313,
    "class_cov_80": 1.0
  },
  "run_dir": "/root/autodl-tmp/BayesVLM/output/vlm_adapter/id/ucf101/BAYESADAPTER/BAYESADAPTER/logit_scale_frozen/prior_text_only__seed_1__last/shot_8/seed_1",
  "elapsed_seconds": 32.67,
  "artifacts": {
    "log_file": "train/train.log",
    "config_file": "config/config.json",
    "class_names_file": "config/class_names.json",
    "metrics_csv_file": "train/metrics_history.csv",
    "best_ckpt_file": "checkpoints/best_adapter.pt",
    "last_ckpt_file": "checkpoints/last_adapter.pt"
  }
}
