[run] family=vlm_adapter
[run] variant=BAYESADAPTER
[run] protocol=id
[run] dataset=ucf101
[run] model=clip-base
[run] shots_per_class=2
[run] seed=2
[run] device=cuda
[run] run_dir=/root/autodl-tmp/BayesVLM/output/vlm_adapter/id/ucf101/BAYESADAPTER/BAYESADAPTER/logit_scale_frozen/prior_text_only__seed_2__last/shot_2/seed_2
[run] optimizer=sgd
[run] lr_scheduler=cosine
[run] model_selection=last
[note] pseudo_data_count=None retained only for explicit config parity.
[note] bayesadapter_covariance_mode=paper_scalar
[note] bayesadapter_text_only_run_dir=./output/text_only_bayes_coop_bayes/id/ucf101/logit_scale_frozen/shot_2/seed_2
[note] bayesadapter_text_only_ckpt=last
===== train =====
num_classes: 101
  0 | Apply_Eye_Makeup          | 2
  1 | Apply_Lipstick            | 2
  2 | Archery                   | 2
  3 | Baby_Crawling             | 2
  4 | Balance_Beam              | 2
  5 | Band_Marching             | 2
  6 | Baseball_Pitch            | 2
  7 | Basketball                | 2
  8 | Basketball_Dunk           | 2
  9 | Bench_Press               | 2
 10 | Biking                    | 2
 11 | Billiards                 | 2
 12 | Blow_Dry_Hair             | 2
 13 | Blowing_Candles           | 2
 14 | Body_Weight_Squats        | 2
 15 | Bowling                   | 2
 16 | Boxing_Punching_Bag       | 2
 17 | Boxing_Speed_Bag          | 2
 18 | Breast_Stroke             | 2
 19 | Brushing_Teeth            | 2
 20 | Clean_And_Jerk            | 2
 21 | Cliff_Diving              | 2
 22 | Cricket_Bowling           | 2
 23 | Cricket_Shot              | 2
 24 | Cutting_In_Kitchen        | 2
 25 | Diving                    | 2
 26 | Drumming                  | 2
 27 | Fencing                   | 2
 28 | Field_Hockey_Penalty      | 2
 29 | Floor_Gymnastics          | 2
 30 | Frisbee_Catch             | 2
 31 | Front_Crawl               | 2
 32 | Golf_Swing                | 2
 33 | Haircut                   | 2
 34 | Hammering                 | 2
 35 | Hammer_Throw              | 2
 36 | Handstand_Pushups         | 2
 37 | Handstand_Walking         | 2
 38 | Head_Massage              | 2
 39 | High_Jump                 | 2
 40 | Horse_Race                | 2
 41 | Horse_Riding              | 2
 42 | Hula_Hoop                 | 2
 43 | Ice_Dancing               | 2
 44 | Javelin_Throw             | 2
 45 | Juggling_Balls            | 2
 46 | Jumping_Jack              | 2
 47 | Jump_Rope                 | 2
 48 | Kayaking                  | 2
 49 | Knitting                  | 2
 50 | Long_Jump                 | 2
 51 | Lunges                    | 2
 52 | Military_Parade           | 2
 53 | Mixing                    | 2
 54 | Mopping_Floor             | 2
 55 | Nunchucks                 | 2
 56 | Parallel_Bars             | 2
 57 | Pizza_Tossing             | 2
 58 | Playing_Cello             | 2
 59 | Playing_Daf               | 2
 60 | Playing_Dhol              | 2
 61 | Playing_Flute             | 2
 62 | Playing_Guitar            | 2
 63 | Playing_Piano             | 2
 64 | Playing_Sitar             | 2
 65 | Playing_Tabla             | 2
 66 | Playing_Violin            | 2
 67 | Pole_Vault                | 2
 68 | Pommel_Horse              | 2
 69 | Pull_Ups                  | 2
 70 | Punch                     | 2
 71 | Push_Ups                  | 2
 72 | Rafting                   | 2
 73 | Rock_Climbing_Indoor      | 2
 74 | Rope_Climbing             | 2
 75 | Rowing                    | 2
 76 | Salsa_Spin                | 2
 77 | Shaving_Beard             | 2
 78 | Shotput                   | 2
 79 | Skate_Boarding            | 2
 80 | Skiing                    | 2
 81 | Skijet                    | 2
 82 | Sky_Diving                | 2
 83 | Soccer_Juggling           | 2
 84 | Soccer_Penalty            | 2
 85 | Still_Rings               | 2
 86 | Sumo_Wrestling            | 2
 87 | Surfing                   | 2
 88 | Swing                     | 2
 89 | Table_Tennis_Shot         | 2
 90 | Tai_Chi                   | 2
 91 | Tennis_Swing              | 2
 92 | Throw_Discus              | 2
 93 | Trampoline_Jumping        | 2
 94 | Typing                    | 2
 95 | Uneven_Bars               | 2
 96 | Volleyball_Spiking        | 2
 97 | Walking_With_Dog          | 2
 98 | Wall_Pushups              | 2
 99 | Writing_On_Board          | 2
100 | Yo_Yo                     | 2
===== test =====
num_classes: 101
  0 | Apply_Eye_Makeup          | 44
  1 | Apply_Lipstick            | 32
  2 | Archery                   | 41
  3 | Baby_Crawling             | 35
  4 | Balance_Beam              | 31
  5 | Band_Marching             | 43
  6 | Baseball_Pitch            | 43
  7 | Basketball                | 35
  8 | Basketball_Dunk           | 37
  9 | Bench_Press               | 48
 10 | Biking                    | 38
 11 | Billiards                 | 40
 12 | Blow_Dry_Hair             | 38
 13 | Blowing_Candles           | 33
 14 | Body_Weight_Squats        | 30
 15 | Bowling                   | 43
 16 | Boxing_Punching_Bag       | 49
 17 | Boxing_Speed_Bag          | 37
 18 | Breast_Stroke             | 28
 19 | Brushing_Teeth            | 36
 20 | Clean_And_Jerk            | 33
 21 | Cliff_Diving              | 39
 22 | Cricket_Bowling           | 36
 23 | Cricket_Shot              | 49
 24 | Cutting_In_Kitchen        | 33
 25 | Diving                    | 45
 26 | Drumming                  | 45
 27 | Fencing                   | 34
 28 | Field_Hockey_Penalty      | 40
 29 | Floor_Gymnastics          | 36
 30 | Frisbee_Catch             | 37
 31 | Front_Crawl               | 37
 32 | Golf_Swing                | 39
 33 | Haircut                   | 33
 34 | Hammering                 | 33
 35 | Hammer_Throw              | 45
 36 | Handstand_Pushups         | 28
 37 | Handstand_Walking         | 34
 38 | Head_Massage              | 41
 39 | High_Jump                 | 37
 40 | Horse_Race                | 35
 41 | Horse_Riding              | 49
 42 | Hula_Hoop                 | 34
 43 | Ice_Dancing               | 46
 44 | Javelin_Throw             | 31
 45 | Juggling_Balls            | 40
 46 | Jumping_Jack              | 37
 47 | Jump_Rope                 | 38
 48 | Kayaking                  | 36
 49 | Knitting                  | 34
 50 | Long_Jump                 | 39
 51 | Lunges                    | 37
 52 | Military_Parade           | 33
 53 | Mixing                    | 45
 54 | Mopping_Floor             | 34
 55 | Nunchucks                 | 35
 56 | Parallel_Bars             | 37
 57 | Pizza_Tossing             | 33
 58 | Playing_Cello             | 44
 59 | Playing_Daf               | 41
 60 | Playing_Dhol              | 49
 61 | Playing_Flute             | 48
 62 | Playing_Guitar            | 43
 63 | Playing_Piano             | 28
 64 | Playing_Sitar             | 44
 65 | Playing_Tabla             | 31
 66 | Playing_Violin            | 28
 67 | Pole_Vault                | 40
 68 | Pommel_Horse              | 35
 69 | Pull_Ups                  | 28
 70 | Punch                     | 39
 71 | Push_Ups                  | 30
 72 | Rafting                   | 28
 73 | Rock_Climbing_Indoor      | 41
 74 | Rope_Climbing             | 34
 75 | Rowing                    | 36
 76 | Salsa_Spin                | 43
 77 | Shaving_Beard             | 43
 78 | Shotput                   | 46
 79 | Skate_Boarding            | 32
 80 | Skiing                    | 40
 81 | Skijet                    | 28
 82 | Sky_Diving                | 31
 83 | Soccer_Juggling           | 39
 84 | Soccer_Penalty            | 41
 85 | Still_Rings               | 32
 86 | Sumo_Wrestling            | 34
 87 | Surfing                   | 33
 88 | Swing                     | 42
 89 | Table_Tennis_Shot         | 39
 90 | Tai_Chi                   | 28
 91 | Tennis_Swing              | 49
 92 | Throw_Discus              | 38
 93 | Trampoline_Jumping        | 32
 94 | Typing                    | 43
 95 | Uneven_Bars               | 28
 96 | Volleyball_Spiking        | 35
 97 | Walking_With_Dog          | 36
 98 | Wall_Pushups              | 35
 99 | Writing_On_Board          | 45
100 | Yo_Yo                     | 36
[load_model] 使用本地模型目录：/root/autodl-tmp/BayesVLM/models/clip-vit-b32
[cache] dataset=ucf101 split=id_train cache_dir=/root/autodl-tmp/BayesVLM/cache/image_features/ucf101/model_clip-base/weights__root_autodl-tmp_BayesVLM_models_clip-vit-b32/imgsz_224/tfm_cf4d0ebdf93a/id_train
[cache] manifest 不匹配，准备重建。
[cache] manifest_diff_keys=['sample_keys_sha256']
[cache]   sample_keys_sha256: current=fded26c94609396d082ca0a46a3157d8e8074792b5f1a4ab3b9b6251e4a22a5d | expected=8c2cc093ecac2202423d095f660d0a563bc2a9339901f5e0baf4d0850324f3df
  0%|          | 0/1 [00:00<?, ?it/s]100%|##########| 1/1 [00:00<00:00,  1.17it/s]100%|##########| 1/1 [00:00<00:00,  1.17it/s]
[cache] 已完成重建并写入 manifest。
[cache] dataset=ucf101 split=id_train_eval cache_dir=/root/autodl-tmp/BayesVLM/cache/image_features/ucf101/model_clip-base/weights__root_autodl-tmp_BayesVLM_models_clip-vit-b32/imgsz_224/tfm_cf4d0ebdf93a/id_train_eval
[cache] manifest 不匹配，准备重建。
[cache] manifest_diff_keys=['sample_keys_sha256']
[cache]   sample_keys_sha256: current=fded26c94609396d082ca0a46a3157d8e8074792b5f1a4ab3b9b6251e4a22a5d | expected=8c2cc093ecac2202423d095f660d0a563bc2a9339901f5e0baf4d0850324f3df
  0%|          | 0/1 [00:00<?, ?it/s]100%|##########| 1/1 [00:00<00:00,  1.21it/s]100%|##########| 1/1 [00:00<00:00,  1.21it/s]
[cache] 已完成重建并写入 manifest。
[cache] dataset=ucf101 split=id_val cache_dir=/root/autodl-tmp/BayesVLM/cache/image_features/ucf101/model_clip-base/weights__root_autodl-tmp_BayesVLM_models_clip-vit-b32/imgsz_224/tfm_cf4d0ebdf93a/id_val
[cache] 命中缓存，直接加载。
[cache] dataset=ucf101 split=id_test cache_dir=/root/autodl-tmp/BayesVLM/cache/image_features/ucf101/model_clip-base/weights__root_autodl-tmp_BayesVLM_models_clip-vit-b32/imgsz_224/tfm_cf4d0ebdf93a/id_test
[cache] 命中缓存，直接加载。
[train] starting training loop ...
[eval] adapter_cls=BayesPaperAdapter
[eval] raw_logits_shape=(10, 256, 101)
[eval] reduced_logits_shape=(256, 101)
[Epoch 001] lr=0.099997 train_loss=1.2786 loss_reg=0.0000 val_acc=0.6496 val_nlpd=1.3182 val_ece=0.1005 kl_weight=0.000000 loss_kl_raw=51712.0000
[eval] adapter_cls=BayesPaperAdapter
[eval] raw_logits_shape=(10, 256, 101)
[eval] reduced_logits_shape=(256, 101)
[Epoch 002] lr=0.099989 train_loss=1.2389 loss_reg=0.0000 val_acc=0.6560 val_nlpd=1.2814 val_ece=0.0937 kl_weight=0.000000 loss_kl_raw=51757.2578
[eval] adapter_cls=BayesPaperAdapter
[eval] raw_logits_shape=(10, 256, 101)
[eval] reduced_logits_shape=(256, 101)
[Epoch 003] lr=0.099975 train_loss=1.1531 loss_reg=0.0000 val_acc=0.6660 val_nlpd=1.2315 val_ece=0.0837 kl_weight=0.000000 loss_kl_raw=52082.2266
[eval] adapter_cls=BayesPaperAdapter
[eval] raw_logits_shape=(10, 256, 101)
[eval] reduced_logits_shape=(256, 101)
[Epoch 004] lr=0.099956 train_loss=1.0600 loss_reg=0.0000 val_acc=0.6791 val_nlpd=1.1873 val_ece=0.0706 kl_weight=0.000000 loss_kl_raw=53038.6289
[eval] adapter_cls=BayesPaperAdapter
[eval] raw_logits_shape=(10, 256, 101)
[eval] reduced_logits_shape=(256, 101)
[Epoch 005] lr=0.099931 train_loss=0.9596 loss_reg=0.0000 val_acc=0.6907 val_nlpd=1.1529 val_ece=0.0592 kl_weight=0.000000 loss_kl_raw=54971.6211
[eval] adapter_cls=BayesPaperAdapter
[eval] raw_logits_shape=(10, 256, 101)
[eval] reduced_logits_shape=(256, 101)
[Epoch 006] lr=0.099901 train_loss=0.8626 loss_reg=0.0000 val_acc=0.7007 val_nlpd=1.1281 val_ece=0.0493 kl_weight=0.000000 loss_kl_raw=58128.0977
[eval] adapter_cls=BayesPaperAdapter
[eval] raw_logits_shape=(10, 256, 101)
[eval] reduced_logits_shape=(256, 101)
[Epoch 007] lr=0.099866 train_loss=0.7826 loss_reg=0.0000 val_acc=0.6970 val_nlpd=1.1112 val_ece=0.0531 kl_weight=0.000000 loss_kl_raw=62606.5195
[eval] adapter_cls=BayesPaperAdapter
[eval] raw_logits_shape=(10, 256, 101)
[eval] reduced_logits_shape=(256, 101)
[Epoch 008] lr=0.099825 train_loss=0.7056 loss_reg=0.0000 val_acc=0.6955 val_nlpd=1.1013 val_ece=0.0568 kl_weight=0.000000 loss_kl_raw=68391.2578
[eval] adapter_cls=BayesPaperAdapter
[eval] raw_logits_shape=(10, 256, 101)
[eval] reduced_logits_shape=(256, 101)
[Epoch 009] lr=0.099778 train_loss=0.6459 loss_reg=0.0000 val_acc=0.6949 val_nlpd=1.0927 val_ece=0.0584 kl_weight=0.000000 loss_kl_raw=75353.8984
[eval] adapter_cls=BayesPaperAdapter
[eval] raw_logits_shape=(10, 256, 101)
[eval] reduced_logits_shape=(256, 101)
[Epoch 010] lr=0.099726 train_loss=0.5863 loss_reg=0.0000 val_acc=0.6944 val_nlpd=1.0879 val_ece=0.0581 kl_weight=0.000000 loss_kl_raw=83304.3438
[eval] adapter_cls=BayesPaperAdapter
[eval] raw_logits_shape=(10, 256, 101)
[eval] reduced_logits_shape=(256, 101)
[Epoch 011] lr=0.099669 train_loss=0.5373 loss_reg=0.0001 val_acc=0.7013 val_nlpd=1.0850 val_ece=0.0533 kl_weight=0.000000 loss_kl_raw=92068.5469
[eval] adapter_cls=BayesPaperAdapter
[eval] raw_logits_shape=(10, 256, 101)
[eval] reduced_logits_shape=(256, 101)
[Epoch 012] lr=0.099606 train_loss=0.4894 loss_reg=0.0001 val_acc=0.7023 val_nlpd=1.0758 val_ece=0.0520 kl_weight=0.000000 loss_kl_raw=101469.1953
[eval] adapter_cls=BayesPaperAdapter
[eval] raw_logits_shape=(10, 256, 101)
[eval] reduced_logits_shape=(256, 101)
[Epoch 013] lr=0.099537 train_loss=0.4427 loss_reg=0.0001 val_acc=0.7055 val_nlpd=1.0686 val_ece=0.0494 kl_weight=0.000000 loss_kl_raw=111354.1797
[eval] adapter_cls=BayesPaperAdapter
[eval] raw_logits_shape=(10, 256, 101)
[eval] reduced_logits_shape=(256, 101)
[Epoch 014] lr=0.099464 train_loss=0.4014 loss_reg=0.0001 val_acc=0.7102 val_nlpd=1.0625 val_ece=0.0453 kl_weight=0.000000 loss_kl_raw=121586.7500
[eval] adapter_cls=BayesPaperAdapter
[eval] raw_logits_shape=(10, 256, 101)
[eval] reduced_logits_shape=(256, 101)
[Epoch 015] lr=0.099384 train_loss=0.3649 loss_reg=0.0001 val_acc=0.7081 val_nlpd=1.0525 val_ece=0.0483 kl_weight=0.000000 loss_kl_raw=132052.8750
[eval] adapter_cls=BayesPaperAdapter
[eval] raw_logits_shape=(10, 256, 101)
[eval] reduced_logits_shape=(256, 101)
[Epoch 016] lr=0.099300 train_loss=0.3234 loss_reg=0.0001 val_acc=0.7107 val_nlpd=1.0408 val_ece=0.0464 kl_weight=0.000000 loss_kl_raw=142672.6562
[eval] adapter_cls=BayesPaperAdapter
[eval] raw_logits_shape=(10, 256, 101)
[eval] reduced_logits_shape=(256, 101)
[Epoch 017] lr=0.099210 train_loss=0.2928 loss_reg=0.0002 val_acc=0.7181 val_nlpd=1.0294 val_ece=0.0409 kl_weight=0.000000 loss_kl_raw=153394.5469
[eval] adapter_cls=BayesPaperAdapter
[eval] raw_logits_shape=(10, 256, 101)
[eval] reduced_logits_shape=(256, 101)
[Epoch 018] lr=0.099114 train_loss=0.2614 loss_reg=0.0002 val_acc=0.7181 val_nlpd=1.0170 val_ece=0.0426 kl_weight=0.000000 loss_kl_raw=164166.1719
[eval] adapter_cls=BayesPaperAdapter
[eval] raw_logits_shape=(10, 256, 101)
[eval] reduced_logits_shape=(256, 101)
[Epoch 019] lr=0.099014 train_loss=0.2346 loss_reg=0.0002 val_acc=0.7239 val_nlpd=1.0047 val_ece=0.0394 kl_weight=0.000000 loss_kl_raw=174933.9688
[eval] adapter_cls=BayesPaperAdapter
[eval] raw_logits_shape=(10, 256, 101)
[eval] reduced_logits_shape=(256, 101)
[Epoch 020] lr=0.098907 train_loss=0.2092 loss_reg=0.0002 val_acc=0.7271 val_nlpd=0.9986 val_ece=0.0391 kl_weight=0.000000 loss_kl_raw=185655.3594
[eval] adapter_cls=BayesPaperAdapter
[eval] raw_logits_shape=(10, 256, 101)
[eval] reduced_logits_shape=(256, 101)
[Epoch 021] lr=0.098796 train_loss=0.1904 loss_reg=0.0003 val_acc=0.7276 val_nlpd=0.9848 val_ece=0.0410 kl_weight=0.000000 loss_kl_raw=196325.8125
[eval] adapter_cls=BayesPaperAdapter
[eval] raw_logits_shape=(10, 256, 101)
[eval] reduced_logits_shape=(256, 101)
[Epoch 022] lr=0.098679 train_loss=0.1727 loss_reg=0.0003 val_acc=0.7281 val_nlpd=0.9795 val_ece=0.0436 kl_weight=0.000000 loss_kl_raw=206893.1094
[eval] adapter_cls=BayesPaperAdapter
[eval] raw_logits_shape=(10, 256, 101)
[eval] reduced_logits_shape=(256, 101)
[Epoch 023] lr=0.098557 train_loss=0.1589 loss_reg=0.0003 val_acc=0.7297 val_nlpd=0.9771 val_ece=0.0442 kl_weight=0.000000 loss_kl_raw=217335.1094
[eval] adapter_cls=BayesPaperAdapter
[eval] raw_logits_shape=(10, 256, 101)
[eval] reduced_logits_shape=(256, 101)
[Epoch 024] lr=0.098429 train_loss=0.1450 loss_reg=0.0003 val_acc=0.7302 val_nlpd=0.9720 val_ece=0.0463 kl_weight=0.000000 loss_kl_raw=227625.5938
[eval] adapter_cls=BayesPaperAdapter
[eval] raw_logits_shape=(10, 256, 101)
[eval] reduced_logits_shape=(256, 101)
[Epoch 025] lr=0.098296 train_loss=0.1318 loss_reg=0.0004 val_acc=0.7339 val_nlpd=0.9636 val_ece=0.0458 kl_weight=0.000000 loss_kl_raw=237742.0156
[eval] adapter_cls=BayesPaperAdapter
[eval] raw_logits_shape=(10, 256, 101)
[eval] reduced_logits_shape=(256, 101)
[Epoch 026] lr=0.098158 train_loss=0.1218 loss_reg=0.0004 val_acc=0.7334 val_nlpd=0.9624 val_ece=0.0483 kl_weight=0.000000 loss_kl_raw=247656.2188
[eval] adapter_cls=BayesPaperAdapter
[eval] raw_logits_shape=(10, 256, 101)
[eval] reduced_logits_shape=(256, 101)
[Epoch 027] lr=0.098015 train_loss=0.1116 loss_reg=0.0004 val_acc=0.7355 val_nlpd=0.9627 val_ece=0.0487 kl_weight=0.000000 loss_kl_raw=257352.0156
[eval] adapter_cls=BayesPaperAdapter
[eval] raw_logits_shape=(10, 256, 101)
[eval] reduced_logits_shape=(256, 101)
[Epoch 028] lr=0.097866 train_loss=0.1032 loss_reg=0.0005 val_acc=0.7360 val_nlpd=0.9577 val_ece=0.0499 kl_weight=0.000000 loss_kl_raw=266807.9688
[eval] adapter_cls=BayesPaperAdapter
[eval] raw_logits_shape=(10, 256, 101)
[eval] reduced_logits_shape=(256, 101)
[Epoch 029] lr=0.097712 train_loss=0.0957 loss_reg=0.0005 val_acc=0.7381 val_nlpd=0.9547 val_ece=0.0500 kl_weight=0.000000 loss_kl_raw=275998.1250
[eval] adapter_cls=BayesPaperAdapter
[eval] raw_logits_shape=(10, 256, 101)
[eval] reduced_logits_shape=(256, 101)
[Epoch 030] lr=0.097553 train_loss=0.0894 loss_reg=0.0005 val_acc=0.7397 val_nlpd=0.9542 val_ece=0.0496 kl_weight=0.000000 loss_kl_raw=284897.2188
[eval] adapter_cls=BayesPaperAdapter
[eval] raw_logits_shape=(10, 256, 101)
[eval] reduced_logits_shape=(256, 101)
[Epoch 031] lr=0.097388 train_loss=0.0844 loss_reg=0.0006 val_acc=0.7424 val_nlpd=0.9507 val_ece=0.0487 kl_weight=0.000000 loss_kl_raw=293493.9062
[eval] adapter_cls=BayesPaperAdapter
[eval] raw_logits_shape=(10, 256, 101)
[eval] reduced_logits_shape=(256, 101)
[Epoch 032] lr=0.097219 train_loss=0.0791 loss_reg=0.0006 val_acc=0.7466 val_nlpd=0.9470 val_ece=0.0457 kl_weight=0.000000 loss_kl_raw=301782.0625
[eval] adapter_cls=BayesPaperAdapter
[eval] raw_logits_shape=(10, 256, 101)
[eval] reduced_logits_shape=(256, 101)
[Epoch 033] lr=0.097044 train_loss=0.0745 loss_reg=0.0006 val_acc=0.7455 val_nlpd=0.9462 val_ece=0.0487 kl_weight=0.000000 loss_kl_raw=309744.1875
[eval] adapter_cls=BayesPaperAdapter
[eval] raw_logits_shape=(10, 256, 101)
[eval] reduced_logits_shape=(256, 101)
[Epoch 034] lr=0.096864 train_loss=0.0707 loss_reg=0.0007 val_acc=0.7445 val_nlpd=0.9435 val_ece=0.0498 kl_weight=0.000000 loss_kl_raw=317381.4062
[eval] adapter_cls=BayesPaperAdapter
[eval] raw_logits_shape=(10, 256, 101)
[eval] reduced_logits_shape=(256, 101)
[Epoch 035] lr=0.096679 train_loss=0.0675 loss_reg=0.0007 val_acc=0.7476 val_nlpd=0.9407 val_ece=0.0494 kl_weight=0.000000 loss_kl_raw=324692.5625
[eval] adapter_cls=BayesPaperAdapter
[eval] raw_logits_shape=(10, 256, 101)
[eval] reduced_logits_shape=(256, 101)
[Epoch 036] lr=0.096489 train_loss=0.0643 loss_reg=0.0007 val_acc=0.7466 val_nlpd=0.9392 val_ece=0.0500 kl_weight=0.000000 loss_kl_raw=331681.3438
[eval] adapter_cls=BayesPaperAdapter
[eval] raw_logits_shape=(10, 256, 101)
[eval] reduced_logits_shape=(256, 101)
[Epoch 037] lr=0.096294 train_loss=0.0610 loss_reg=0.0008 val_acc=0.7476 val_nlpd=0.9372 val_ece=0.0498 kl_weight=0.000000 loss_kl_raw=338356.8125
[eval] adapter_cls=BayesPaperAdapter
[eval] raw_logits_shape=(10, 256, 101)
[eval] reduced_logits_shape=(256, 101)
[Epoch 038] lr=0.096093 train_loss=0.0586 loss_reg=0.0008 val_acc=0.7471 val_nlpd=0.9356 val_ece=0.0506 kl_weight=0.000000 loss_kl_raw=344727.0938
[eval] adapter_cls=BayesPaperAdapter
[eval] raw_logits_shape=(10, 256, 101)
[eval] reduced_logits_shape=(256, 101)
[Epoch 039] lr=0.095888 train_loss=0.0564 loss_reg=0.0009 val_acc=0.7492 val_nlpd=0.9325 val_ece=0.0494 kl_weight=0.000000 loss_kl_raw=350801.1250
[eval] adapter_cls=BayesPaperAdapter
[eval] raw_logits_shape=(10, 256, 101)
[eval] reduced_logits_shape=(256, 101)
[Epoch 040] lr=0.095677 train_loss=0.0543 loss_reg=0.0009 val_acc=0.7492 val_nlpd=0.9315 val_ece=0.0496 kl_weight=0.000000 loss_kl_raw=356592.8125
[eval] adapter_cls=BayesPaperAdapter
[eval] raw_logits_shape=(10, 256, 101)
[eval] reduced_logits_shape=(256, 101)
[Epoch 041] lr=0.095462 train_loss=0.0524 loss_reg=0.0009 val_acc=0.7487 val_nlpd=0.9311 val_ece=0.0529 kl_weight=0.000000 loss_kl_raw=362112.2188
[eval] adapter_cls=BayesPaperAdapter
[eval] raw_logits_shape=(10, 256, 101)
[eval] reduced_logits_shape=(256, 101)
[Epoch 042] lr=0.095241 train_loss=0.0506 loss_reg=0.0010 val_acc=0.7524 val_nlpd=0.9295 val_ece=0.0498 kl_weight=0.000000 loss_kl_raw=367367.2812
[eval] adapter_cls=BayesPaperAdapter
[eval] raw_logits_shape=(10, 256, 101)
[eval] reduced_logits_shape=(256, 101)
[Epoch 043] lr=0.095016 train_loss=0.0490 loss_reg=0.0010 val_acc=0.7524 val_nlpd=0.9270 val_ece=0.0496 kl_weight=0.000000 loss_kl_raw=372373.2500
[eval] adapter_cls=BayesPaperAdapter
[eval] raw_logits_shape=(10, 256, 101)
[eval] reduced_logits_shape=(256, 101)
[Epoch 044] lr=0.094786 train_loss=0.0478 loss_reg=0.0010 val_acc=0.7534 val_nlpd=0.9238 val_ece=0.0499 kl_weight=0.000000 loss_kl_raw=377145.4062
[eval] adapter_cls=BayesPaperAdapter
[eval] raw_logits_shape=(10, 256, 101)
[eval] reduced_logits_shape=(256, 101)
[Epoch 045] lr=0.094550 train_loss=0.0463 loss_reg=0.0011 val_acc=0.7508 val_nlpd=0.9265 val_ece=0.0518 kl_weight=0.000000 loss_kl_raw=381699.0938
[eval] adapter_cls=BayesPaperAdapter
[eval] raw_logits_shape=(10, 256, 101)
[eval] reduced_logits_shape=(256, 101)
[Epoch 046] lr=0.094310 train_loss=0.0453 loss_reg=0.0011 val_acc=0.7545 val_nlpd=0.9190 val_ece=0.0496 kl_weight=0.000000 loss_kl_raw=386040.7812
[eval] adapter_cls=BayesPaperAdapter
[eval] raw_logits_shape=(10, 256, 101)
[eval] reduced_logits_shape=(256, 101)
[Epoch 047] lr=0.094065 train_loss=0.0438 loss_reg=0.0012 val_acc=0.7545 val_nlpd=0.9231 val_ece=0.0493 kl_weight=0.000000 loss_kl_raw=390187.1875
[eval] adapter_cls=BayesPaperAdapter
[eval] raw_logits_shape=(10, 256, 101)
[eval] reduced_logits_shape=(256, 101)
[Epoch 048] lr=0.093815 train_loss=0.0428 loss_reg=0.0012 val_acc=0.7566 val_nlpd=0.9180 val_ece=0.0476 kl_weight=0.000000 loss_kl_raw=394147.6875
[eval] adapter_cls=BayesPaperAdapter
[eval] raw_logits_shape=(10, 256, 101)
[eval] reduced_logits_shape=(256, 101)
[Epoch 049] lr=0.093561 train_loss=0.0417 loss_reg=0.0012 val_acc=0.7561 val_nlpd=0.9199 val_ece=0.0493 kl_weight=0.000000 loss_kl_raw=397934.8750
[eval] adapter_cls=BayesPaperAdapter
[eval] raw_logits_shape=(10, 256, 101)
[eval] reduced_logits_shape=(256, 101)
[Epoch 050] lr=0.093301 train_loss=0.0406 loss_reg=0.0013 val_acc=0.7582 val_nlpd=0.9181 val_ece=0.0464 kl_weight=0.000000 loss_kl_raw=401557.1875
[eval] adapter_cls=BayesPaperAdapter
[eval] raw_logits_shape=(10, 256, 101)
[eval] reduced_logits_shape=(256, 101)
[Epoch 051] lr=0.093037 train_loss=0.0400 loss_reg=0.0013 val_acc=0.7555 val_nlpd=0.9188 val_ece=0.0495 kl_weight=0.000000 loss_kl_raw=405024.2188
[eval] adapter_cls=BayesPaperAdapter
[eval] raw_logits_shape=(10, 256, 101)
[eval] reduced_logits_shape=(256, 101)
[Epoch 052] lr=0.092768 train_loss=0.0392 loss_reg=0.0013 val_acc=0.7597 val_nlpd=0.9148 val_ece=0.0479 kl_weight=0.000000 loss_kl_raw=408348.4688
[eval] adapter_cls=BayesPaperAdapter
[eval] raw_logits_shape=(10, 256, 101)
[eval] reduced_logits_shape=(256, 101)
[Epoch 053] lr=0.092495 train_loss=0.0386 loss_reg=0.0014 val_acc=0.7592 val_nlpd=0.9142 val_ece=0.0466 kl_weight=0.000000 loss_kl_raw=411539.1875
[eval] adapter_cls=BayesPaperAdapter
[eval] raw_logits_shape=(10, 256, 101)
[eval] reduced_logits_shape=(256, 101)
[Epoch 054] lr=0.092216 train_loss=0.0376 loss_reg=0.0014 val_acc=0.7576 val_nlpd=0.9159 val_ece=0.0487 kl_weight=0.000000 loss_kl_raw=414606.6875
[eval] adapter_cls=BayesPaperAdapter
[eval] raw_logits_shape=(10, 256, 101)
[eval] reduced_logits_shape=(256, 101)
[Epoch 055] lr=0.091934 train_loss=0.0369 loss_reg=0.0015 val_acc=0.7576 val_nlpd=0.9130 val_ece=0.0482 kl_weight=0.000000 loss_kl_raw=417556.3750
[eval] adapter_cls=BayesPaperAdapter
[eval] raw_logits_shape=(10, 256, 101)
[eval] reduced_logits_shape=(256, 101)
[Epoch 056] lr=0.091646 train_loss=0.0367 loss_reg=0.0015 val_acc=0.7582 val_nlpd=0.9140 val_ece=0.0481 kl_weight=0.000000 loss_kl_raw=420395.5938
[eval] adapter_cls=BayesPaperAdapter
[eval] raw_logits_shape=(10, 256, 101)
[eval] reduced_logits_shape=(256, 101)
[Epoch 057] lr=0.091354 train_loss=0.0360 loss_reg=0.0015 val_acc=0.7603 val_nlpd=0.9124 val_ece=0.0461 kl_weight=0.000000 loss_kl_raw=423131.2500
[eval] adapter_cls=BayesPaperAdapter
[eval] raw_logits_shape=(10, 256, 101)
[eval] reduced_logits_shape=(256, 101)
[Epoch 058] lr=0.091057 train_loss=0.0353 loss_reg=0.0016 val_acc=0.7592 val_nlpd=0.9121 val_ece=0.0475 kl_weight=0.000000 loss_kl_raw=425770.7188
[eval] adapter_cls=BayesPaperAdapter
[eval] raw_logits_shape=(10, 256, 101)
[eval] reduced_logits_shape=(256, 101)
[Epoch 059] lr=0.090756 train_loss=0.0348 loss_reg=0.0016 val_acc=0.7587 val_nlpd=0.9110 val_ece=0.0480 kl_weight=0.000000 loss_kl_raw=428320.4062
[eval] adapter_cls=BayesPaperAdapter
[eval] raw_logits_shape=(10, 256, 101)
[eval] reduced_logits_shape=(256, 101)
[Epoch 060] lr=0.090451 train_loss=0.0342 loss_reg=0.0016 val_acc=0.7576 val_nlpd=0.9122 val_ece=0.0493 kl_weight=0.000000 loss_kl_raw=430784.9688
[eval] adapter_cls=BayesPaperAdapter
[eval] raw_logits_shape=(10, 256, 101)
[eval] reduced_logits_shape=(256, 101)
[Epoch 061] lr=0.090141 train_loss=0.0337 loss_reg=0.0017 val_acc=0.7592 val_nlpd=0.9110 val_ece=0.0481 kl_weight=0.000000 loss_kl_raw=433172.3438
[eval] adapter_cls=BayesPaperAdapter
[eval] raw_logits_shape=(10, 256, 101)
[eval] reduced_logits_shape=(256, 101)
[Epoch 062] lr=0.089826 train_loss=0.0334 loss_reg=0.0017 val_acc=0.7566 val_nlpd=0.9099 val_ece=0.0508 kl_weight=0.000000 loss_kl_raw=435485.7188
[eval] adapter_cls=BayesPaperAdapter
[eval] raw_logits_shape=(10, 256, 101)
[eval] reduced_logits_shape=(256, 101)
[Epoch 063] lr=0.089508 train_loss=0.0330 loss_reg=0.0017 val_acc=0.7561 val_nlpd=0.9081 val_ece=0.0513 kl_weight=0.000000 loss_kl_raw=437729.7500
[eval] adapter_cls=BayesPaperAdapter
[eval] raw_logits_shape=(10, 256, 101)
[eval] reduced_logits_shape=(256, 101)
[Epoch 064] lr=0.089185 train_loss=0.0327 loss_reg=0.0018 val_acc=0.7571 val_nlpd=0.9083 val_ece=0.0507 kl_weight=0.000000 loss_kl_raw=439908.8750
[eval] adapter_cls=BayesPaperAdapter
[eval] raw_logits_shape=(10, 256, 101)
[eval] reduced_logits_shape=(256, 101)
[Epoch 065] lr=0.088857 train_loss=0.0322 loss_reg=0.0018 val_acc=0.7571 val_nlpd=0.9081 val_ece=0.0506 kl_weight=0.000000 loss_kl_raw=442028.1875
[eval] adapter_cls=BayesPaperAdapter
[eval] raw_logits_shape=(10, 256, 101)
[eval] reduced_logits_shape=(256, 101)
[Epoch 066] lr=0.088526 train_loss=0.0318 loss_reg=0.0019 val_acc=0.7566 val_nlpd=0.9075 val_ece=0.0512 kl_weight=0.000000 loss_kl_raw=444092.2188
[eval] adapter_cls=BayesPaperAdapter
[eval] raw_logits_shape=(10, 256, 101)
[eval] reduced_logits_shape=(256, 101)
[Epoch 067] lr=0.088190 train_loss=0.0314 loss_reg=0.0019 val_acc=0.7576 val_nlpd=0.9057 val_ece=0.0505 kl_weight=0.000000 loss_kl_raw=446102.8125
[eval] adapter_cls=BayesPaperAdapter
[eval] raw_logits_shape=(10, 256, 101)
[eval] reduced_logits_shape=(256, 101)
[Epoch 068] lr=0.087850 train_loss=0.0309 loss_reg=0.0019 val_acc=0.7582 val_nlpd=0.9074 val_ece=0.0502 kl_weight=0.000000 loss_kl_raw=448060.1250
[eval] adapter_cls=BayesPaperAdapter
[eval] raw_logits_shape=(10, 256, 101)
[eval] reduced_logits_shape=(256, 101)
[Epoch 069] lr=0.087506 train_loss=0.0310 loss_reg=0.0020 val_acc=0.7603 val_nlpd=0.9082 val_ece=0.0484 kl_weight=0.000000 loss_kl_raw=449967.2500
[eval] adapter_cls=BayesPaperAdapter
[eval] raw_logits_shape=(10, 256, 101)
[eval] reduced_logits_shape=(256, 101)
[Epoch 070] lr=0.087157 train_loss=0.0305 loss_reg=0.0020 val_acc=0.7597 val_nlpd=0.9041 val_ece=0.0491 kl_weight=0.000000 loss_kl_raw=451828.2812
[eval] adapter_cls=BayesPaperAdapter
[eval] raw_logits_shape=(10, 256, 101)
[eval] reduced_logits_shape=(256, 101)
[Epoch 071] lr=0.086805 train_loss=0.0303 loss_reg=0.0020 val_acc=0.7597 val_nlpd=0.9063 val_ece=0.0490 kl_weight=0.000000 loss_kl_raw=453646.6250
[eval] adapter_cls=BayesPaperAdapter
[eval] raw_logits_shape=(10, 256, 101)
[eval] reduced_logits_shape=(256, 101)
[Epoch 072] lr=0.086448 train_loss=0.0302 loss_reg=0.0021 val_acc=0.7592 val_nlpd=0.9046 val_ece=0.0497 kl_weight=0.000000 loss_kl_raw=455426.2500
[eval] adapter_cls=BayesPaperAdapter
[eval] raw_logits_shape=(10, 256, 101)
[eval] reduced_logits_shape=(256, 101)
[Epoch 073] lr=0.086088 train_loss=0.0300 loss_reg=0.0021 val_acc=0.7603 val_nlpd=0.9026 val_ece=0.0492 kl_weight=0.000000 loss_kl_raw=457168.9062
[eval] adapter_cls=BayesPaperAdapter
[eval] raw_logits_shape=(10, 256, 101)
[eval] reduced_logits_shape=(256, 101)
[Epoch 074] lr=0.085724 train_loss=0.0295 loss_reg=0.0022 val_acc=0.7597 val_nlpd=0.9022 val_ece=0.0497 kl_weight=0.000000 loss_kl_raw=458875.3438
[eval] adapter_cls=BayesPaperAdapter
[eval] raw_logits_shape=(10, 256, 101)
[eval] reduced_logits_shape=(256, 101)
[Epoch 075] lr=0.085355 train_loss=0.0292 loss_reg=0.0022 val_acc=0.7613 val_nlpd=0.9043 val_ece=0.0482 kl_weight=0.000000 loss_kl_raw=460545.2812
[eval] adapter_cls=BayesPaperAdapter
[eval] raw_logits_shape=(10, 256, 101)
[eval] reduced_logits_shape=(256, 101)
[Epoch 076] lr=0.084983 train_loss=0.0290 loss_reg=0.0022 val_acc=0.7608 val_nlpd=0.9029 val_ece=0.0490 kl_weight=0.000000 loss_kl_raw=462179.1562
[eval] adapter_cls=BayesPaperAdapter
[eval] raw_logits_shape=(10, 256, 101)
[eval] reduced_logits_shape=(256, 101)
[Epoch 077] lr=0.084607 train_loss=0.0289 loss_reg=0.0023 val_acc=0.7592 val_nlpd=0.9021 val_ece=0.0507 kl_weight=0.000000 loss_kl_raw=463782.1562
[eval] adapter_cls=BayesPaperAdapter
[eval] raw_logits_shape=(10, 256, 101)
[eval] reduced_logits_shape=(256, 101)
[Epoch 078] lr=0.084227 train_loss=0.0287 loss_reg=0.0023 val_acc=0.7608 val_nlpd=0.9020 val_ece=0.0510 kl_weight=0.000000 loss_kl_raw=465352.9688
[eval] adapter_cls=BayesPaperAdapter
[eval] raw_logits_shape=(10, 256, 101)
[eval] reduced_logits_shape=(256, 101)
[Epoch 079] lr=0.083844 train_loss=0.0283 loss_reg=0.0023 val_acc=0.7608 val_nlpd=0.9034 val_ece=0.0495 kl_weight=0.000000 loss_kl_raw=466893.0625
[eval] adapter_cls=BayesPaperAdapter
[eval] raw_logits_shape=(10, 256, 101)
[eval] reduced_logits_shape=(256, 101)
[Epoch 080] lr=0.083457 train_loss=0.0281 loss_reg=0.0024 val_acc=0.7613 val_nlpd=0.9033 val_ece=0.0489 kl_weight=0.000000 loss_kl_raw=468404.1250
[eval] adapter_cls=BayesPaperAdapter
[eval] raw_logits_shape=(10, 256, 101)
[eval] reduced_logits_shape=(256, 101)
[Epoch 081] lr=0.083066 train_loss=0.0280 loss_reg=0.0024 val_acc=0.7619 val_nlpd=0.9026 val_ece=0.0486 kl_weight=0.000000 loss_kl_raw=469888.6250
[eval] adapter_cls=BayesPaperAdapter
[eval] raw_logits_shape=(10, 256, 101)
[eval] reduced_logits_shape=(256, 101)
[Epoch 082] lr=0.082671 train_loss=0.0279 loss_reg=0.0025 val_acc=0.7592 val_nlpd=0.9020 val_ece=0.0515 kl_weight=0.000000 loss_kl_raw=471347.6250
[eval] adapter_cls=BayesPaperAdapter
[eval] raw_logits_shape=(10, 256, 101)
[eval] reduced_logits_shape=(256, 101)
[Epoch 083] lr=0.082273 train_loss=0.0278 loss_reg=0.0025 val_acc=0.7603 val_nlpd=0.9014 val_ece=0.0507 kl_weight=0.000000 loss_kl_raw=472782.4688
[eval] adapter_cls=BayesPaperAdapter
[eval] raw_logits_shape=(10, 256, 101)
[eval] reduced_logits_shape=(256, 101)
[Epoch 084] lr=0.081871 train_loss=0.0275 loss_reg=0.0025 val_acc=0.7587 val_nlpd=0.9004 val_ece=0.0524 kl_weight=0.000000 loss_kl_raw=474195.0000
[eval] adapter_cls=BayesPaperAdapter
[eval] raw_logits_shape=(10, 256, 101)
[eval] reduced_logits_shape=(256, 101)
[Epoch 085] lr=0.081466 train_loss=0.0273 loss_reg=0.0026 val_acc=0.7608 val_nlpd=0.9003 val_ece=0.0502 kl_weight=0.000000 loss_kl_raw=475584.4375
[eval] adapter_cls=BayesPaperAdapter
[eval] raw_logits_shape=(10, 256, 101)
[eval] reduced_logits_shape=(256, 101)
[Epoch 086] lr=0.081057 train_loss=0.0270 loss_reg=0.0026 val_acc=0.7597 val_nlpd=0.9009 val_ece=0.0512 kl_weight=0.000000 loss_kl_raw=476951.7812
[eval] adapter_cls=BayesPaperAdapter
[eval] raw_logits_shape=(10, 256, 101)
[eval] reduced_logits_shape=(256, 101)
[Epoch 087] lr=0.080645 train_loss=0.0270 loss_reg=0.0027 val_acc=0.7608 val_nlpd=0.9019 val_ece=0.0506 kl_weight=0.000000 loss_kl_raw=478294.7500
[eval] adapter_cls=BayesPaperAdapter
[eval] raw_logits_shape=(10, 256, 101)
[eval] reduced_logits_shape=(256, 101)
[Epoch 088] lr=0.080230 train_loss=0.0270 loss_reg=0.0027 val_acc=0.7624 val_nlpd=0.9018 val_ece=0.0504 kl_weight=0.000000 loss_kl_raw=479616.4062
[eval] adapter_cls=BayesPaperAdapter
[eval] raw_logits_shape=(10, 256, 101)
[eval] reduced_logits_shape=(256, 101)
[Epoch 089] lr=0.079811 train_loss=0.0266 loss_reg=0.0027 val_acc=0.7624 val_nlpd=0.8998 val_ece=0.0492 kl_weight=0.000000 loss_kl_raw=480918.1875
[eval] adapter_cls=BayesPaperAdapter
[eval] raw_logits_shape=(10, 256, 101)
[eval] reduced_logits_shape=(256, 101)
[Epoch 090] lr=0.079389 train_loss=0.0266 loss_reg=0.0028 val_acc=0.7597 val_nlpd=0.9010 val_ece=0.0519 kl_weight=0.000000 loss_kl_raw=482199.0625
[eval] adapter_cls=BayesPaperAdapter
[eval] raw_logits_shape=(10, 256, 101)
[eval] reduced_logits_shape=(256, 101)
[Epoch 091] lr=0.078964 train_loss=0.0263 loss_reg=0.0028 val_acc=0.7619 val_nlpd=0.8988 val_ece=0.0501 kl_weight=0.000000 loss_kl_raw=483461.1250
[eval] adapter_cls=BayesPaperAdapter
[eval] raw_logits_shape=(10, 256, 101)
[eval] reduced_logits_shape=(256, 101)
[Epoch 092] lr=0.078536 train_loss=0.0263 loss_reg=0.0028 val_acc=0.7619 val_nlpd=0.9002 val_ece=0.0499 kl_weight=0.000000 loss_kl_raw=484704.0000
[eval] adapter_cls=BayesPaperAdapter
[eval] raw_logits_shape=(10, 256, 101)
[eval] reduced_logits_shape=(256, 101)
[Epoch 093] lr=0.078104 train_loss=0.0262 loss_reg=0.0029 val_acc=0.7603 val_nlpd=0.9002 val_ece=0.0518 kl_weight=0.000000 loss_kl_raw=485926.9688
[eval] adapter_cls=BayesPaperAdapter
[eval] raw_logits_shape=(10, 256, 101)
[eval] reduced_logits_shape=(256, 101)
[Epoch 094] lr=0.077670 train_loss=0.0262 loss_reg=0.0029 val_acc=0.7629 val_nlpd=0.8982 val_ece=0.0490 kl_weight=0.000000 loss_kl_raw=487131.9062
[eval] adapter_cls=BayesPaperAdapter
[eval] raw_logits_shape=(10, 256, 101)
[eval] reduced_logits_shape=(256, 101)
[Epoch 095] lr=0.077232 train_loss=0.0260 loss_reg=0.0030 val_acc=0.7619 val_nlpd=0.8980 val_ece=0.0505 kl_weight=0.000000 loss_kl_raw=488320.0938
[eval] adapter_cls=BayesPaperAdapter
[eval] raw_logits_shape=(10, 256, 101)
[eval] reduced_logits_shape=(256, 101)
[Epoch 096] lr=0.076791 train_loss=0.0259 loss_reg=0.0030 val_acc=0.7597 val_nlpd=0.8979 val_ece=0.0529 kl_weight=0.000000 loss_kl_raw=489492.0000
[eval] adapter_cls=BayesPaperAdapter
[eval] raw_logits_shape=(10, 256, 101)
[eval] reduced_logits_shape=(256, 101)
[Epoch 097] lr=0.076348 train_loss=0.0258 loss_reg=0.0030 val_acc=0.7619 val_nlpd=0.8983 val_ece=0.0508 kl_weight=0.000000 loss_kl_raw=490647.7500
[eval] adapter_cls=BayesPaperAdapter
[eval] raw_logits_shape=(10, 256, 101)
[eval] reduced_logits_shape=(256, 101)
[Epoch 098] lr=0.075901 train_loss=0.0256 loss_reg=0.0031 val_acc=0.7624 val_nlpd=0.8988 val_ece=0.0500 kl_weight=0.000000 loss_kl_raw=491788.2500
[eval] adapter_cls=BayesPaperAdapter
[eval] raw_logits_shape=(10, 256, 101)
[eval] reduced_logits_shape=(256, 101)
[Epoch 099] lr=0.075452 train_loss=0.0255 loss_reg=0.0031 val_acc=0.7613 val_nlpd=0.8969 val_ece=0.0513 kl_weight=0.000000 loss_kl_raw=492912.0312
[eval] adapter_cls=BayesPaperAdapter
[eval] raw_logits_shape=(10, 256, 101)
[eval] reduced_logits_shape=(256, 101)
[Epoch 100] lr=0.075000 train_loss=0.0253 loss_reg=0.0032 val_acc=0.7613 val_nlpd=0.8965 val_ece=0.0517 kl_weight=0.000000 loss_kl_raw=494020.1250
[eval] adapter_cls=BayesPaperAdapter
[eval] raw_logits_shape=(10, 256, 101)
[eval] reduced_logits_shape=(256, 101)
[Epoch 101] lr=0.074545 train_loss=0.0253 loss_reg=0.0032 val_acc=0.7624 val_nlpd=0.8991 val_ece=0.0501 kl_weight=0.000000 loss_kl_raw=495112.9062
[eval] adapter_cls=BayesPaperAdapter
[eval] raw_logits_shape=(10, 256, 101)
[eval] reduced_logits_shape=(256, 101)
[Epoch 102] lr=0.074088 train_loss=0.0252 loss_reg=0.0032 val_acc=0.7603 val_nlpd=0.8976 val_ece=0.0525 kl_weight=0.000000 loss_kl_raw=496191.6250
[eval] adapter_cls=BayesPaperAdapter
[eval] raw_logits_shape=(10, 256, 101)
[eval] reduced_logits_shape=(256, 101)
[Epoch 103] lr=0.073628 train_loss=0.0251 loss_reg=0.0033 val_acc=0.7634 val_nlpd=0.8952 val_ece=0.0499 kl_weight=0.000000 loss_kl_raw=497256.0625
[eval] adapter_cls=BayesPaperAdapter
[eval] raw_logits_shape=(10, 256, 101)
[eval] reduced_logits_shape=(256, 101)
[Epoch 104] lr=0.073165 train_loss=0.0251 loss_reg=0.0033 val_acc=0.7634 val_nlpd=0.8957 val_ece=0.0497 kl_weight=0.000000 loss_kl_raw=498306.1562
[eval] adapter_cls=BayesPaperAdapter
[eval] raw_logits_shape=(10, 256, 101)
[eval] reduced_logits_shape=(256, 101)
[Epoch 105] lr=0.072700 train_loss=0.0250 loss_reg=0.0033 val_acc=0.7624 val_nlpd=0.8984 val_ece=0.0507 kl_weight=0.000000 loss_kl_raw=499342.9375
[eval] adapter_cls=BayesPaperAdapter
[eval] raw_logits_shape=(10, 256, 101)
[eval] reduced_logits_shape=(256, 101)
[Epoch 106] lr=0.072232 train_loss=0.0247 loss_reg=0.0034 val_acc=0.7624 val_nlpd=0.8971 val_ece=0.0507 kl_weight=0.000000 loss_kl_raw=500366.4375
[eval] adapter_cls=BayesPaperAdapter
[eval] raw_logits_shape=(10, 256, 101)
[eval] reduced_logits_shape=(256, 101)
[Epoch 107] lr=0.071762 train_loss=0.0248 loss_reg=0.0034 val_acc=0.7624 val_nlpd=0.8959 val_ece=0.0510 kl_weight=0.000000 loss_kl_raw=501375.2812
[eval] adapter_cls=BayesPaperAdapter
[eval] raw_logits_shape=(10, 256, 101)
[eval] reduced_logits_shape=(256, 101)
[Epoch 108] lr=0.071289 train_loss=0.0247 loss_reg=0.0035 val_acc=0.7608 val_nlpd=0.8964 val_ece=0.0526 kl_weight=0.000000 loss_kl_raw=502371.4375
[eval] adapter_cls=BayesPaperAdapter
[eval] raw_logits_shape=(10, 256, 101)
[eval] reduced_logits_shape=(256, 101)
[Epoch 109] lr=0.070814 train_loss=0.0246 loss_reg=0.0035 val_acc=0.7661 val_nlpd=0.8959 val_ece=0.0475 kl_weight=0.000000 loss_kl_raw=503354.3125
[eval] adapter_cls=BayesPaperAdapter
[eval] raw_logits_shape=(10, 256, 101)
[eval] reduced_logits_shape=(256, 101)
[Epoch 110] lr=0.070337 train_loss=0.0245 loss_reg=0.0035 val_acc=0.7629 val_nlpd=0.8963 val_ece=0.0506 kl_weight=0.000000 loss_kl_raw=504324.7500
[eval] adapter_cls=BayesPaperAdapter
[eval] raw_logits_shape=(10, 256, 101)
[eval] reduced_logits_shape=(256, 101)
[Epoch 111] lr=0.069857 train_loss=0.0245 loss_reg=0.0036 val_acc=0.7634 val_nlpd=0.8954 val_ece=0.0501 kl_weight=0.000000 loss_kl_raw=505283.1875
[eval] adapter_cls=BayesPaperAdapter
[eval] raw_logits_shape=(10, 256, 101)
[eval] reduced_logits_shape=(256, 101)
[Epoch 112] lr=0.069376 train_loss=0.0243 loss_reg=0.0036 val_acc=0.7629 val_nlpd=0.8963 val_ece=0.0511 kl_weight=0.000000 loss_kl_raw=506230.3438
[eval] adapter_cls=BayesPaperAdapter
[eval] raw_logits_shape=(10, 256, 101)
[eval] reduced_logits_shape=(256, 101)
[Epoch 113] lr=0.068892 train_loss=0.0246 loss_reg=0.0037 val_acc=0.7629 val_nlpd=0.8945 val_ece=0.0507 kl_weight=0.000000 loss_kl_raw=507164.1562
[eval] adapter_cls=BayesPaperAdapter
[eval] raw_logits_shape=(10, 256, 101)
[eval] reduced_logits_shape=(256, 101)
[Epoch 114] lr=0.068406 train_loss=0.0243 loss_reg=0.0037 val_acc=0.7619 val_nlpd=0.8970 val_ece=0.0522 kl_weight=0.000000 loss_kl_raw=508087.0312
[eval] adapter_cls=BayesPaperAdapter
[eval] raw_logits_shape=(10, 256, 101)
[eval] reduced_logits_shape=(256, 101)
[Epoch 115] lr=0.067918 train_loss=0.0243 loss_reg=0.0037 val_acc=0.7634 val_nlpd=0.8939 val_ece=0.0507 kl_weight=0.000000 loss_kl_raw=508998.9688
[eval] adapter_cls=BayesPaperAdapter
[eval] raw_logits_shape=(10, 256, 101)
[eval] reduced_logits_shape=(256, 101)
[Epoch 116] lr=0.067429 train_loss=0.0242 loss_reg=0.0038 val_acc=0.7619 val_nlpd=0.8964 val_ece=0.0521 kl_weight=0.000000 loss_kl_raw=509898.3438
[eval] adapter_cls=BayesPaperAdapter
[eval] raw_logits_shape=(10, 256, 101)
[eval] reduced_logits_shape=(256, 101)
[Epoch 117] lr=0.066937 train_loss=0.0241 loss_reg=0.0038 val_acc=0.7624 val_nlpd=0.8977 val_ece=0.0516 kl_weight=0.000000 loss_kl_raw=510785.5312
[eval] adapter_cls=BayesPaperAdapter
[eval] raw_logits_shape=(10, 256, 101)
[eval] reduced_logits_shape=(256, 101)
[Epoch 118] lr=0.066443 train_loss=0.0240 loss_reg=0.0039 val_acc=0.7634 val_nlpd=0.8963 val_ece=0.0506 kl_weight=0.000000 loss_kl_raw=511661.2188
[eval] adapter_cls=BayesPaperAdapter
[eval] raw_logits_shape=(10, 256, 101)
[eval] reduced_logits_shape=(256, 101)
[Epoch 119] lr=0.065948 train_loss=0.0238 loss_reg=0.0039 val_acc=0.7645 val_nlpd=0.8954 val_ece=0.0495 kl_weight=0.000000 loss_kl_raw=512524.5938
[eval] adapter_cls=BayesPaperAdapter
[eval] raw_logits_shape=(10, 256, 101)
[eval] reduced_logits_shape=(256, 101)
[Epoch 120] lr=0.065451 train_loss=0.0240 loss_reg=0.0039 val_acc=0.7624 val_nlpd=0.8963 val_ece=0.0518 kl_weight=0.000000 loss_kl_raw=513376.4062
[eval] adapter_cls=BayesPaperAdapter
[eval] raw_logits_shape=(10, 256, 101)
[eval] reduced_logits_shape=(256, 101)
[Epoch 121] lr=0.064952 train_loss=0.0240 loss_reg=0.0040 val_acc=0.7640 val_nlpd=0.8944 val_ece=0.0504 kl_weight=0.000000 loss_kl_raw=514217.3438
[eval] adapter_cls=BayesPaperAdapter
[eval] raw_logits_shape=(10, 256, 101)
[eval] reduced_logits_shape=(256, 101)
[Epoch 122] lr=0.064452 train_loss=0.0239 loss_reg=0.0040 val_acc=0.7629 val_nlpd=0.8946 val_ece=0.0518 kl_weight=0.000000 loss_kl_raw=515047.3750
[eval] adapter_cls=BayesPaperAdapter
[eval] raw_logits_shape=(10, 256, 101)
[eval] reduced_logits_shape=(256, 101)
[Epoch 123] lr=0.063950 train_loss=0.0238 loss_reg=0.0041 val_acc=0.7640 val_nlpd=0.8953 val_ece=0.0509 kl_weight=0.000000 loss_kl_raw=515866.0938
[eval] adapter_cls=BayesPaperAdapter
[eval] raw_logits_shape=(10, 256, 101)
[eval] reduced_logits_shape=(256, 101)
[Epoch 124] lr=0.063446 train_loss=0.0237 loss_reg=0.0041 val_acc=0.7650 val_nlpd=0.8967 val_ece=0.0498 kl_weight=0.000000 loss_kl_raw=516674.1875
[eval] adapter_cls=BayesPaperAdapter
[eval] raw_logits_shape=(10, 256, 101)
[eval] reduced_logits_shape=(256, 101)
[Epoch 125] lr=0.062941 train_loss=0.0238 loss_reg=0.0041 val_acc=0.7640 val_nlpd=0.8952 val_ece=0.0507 kl_weight=0.000000 loss_kl_raw=517471.5625
[eval] adapter_cls=BayesPaperAdapter
[eval] raw_logits_shape=(10, 256, 101)
[eval] reduced_logits_shape=(256, 101)
[Epoch 126] lr=0.062434 train_loss=0.0238 loss_reg=0.0042 val_acc=0.7619 val_nlpd=0.8952 val_ece=0.0529 kl_weight=0.000000 loss_kl_raw=518258.7500
[eval] adapter_cls=BayesPaperAdapter
[eval] raw_logits_shape=(10, 256, 101)
[eval] reduced_logits_shape=(256, 101)
[Epoch 127] lr=0.061927 train_loss=0.0236 loss_reg=0.0042 val_acc=0.7634 val_nlpd=0.8946 val_ece=0.0516 kl_weight=0.000000 loss_kl_raw=519035.6250
[eval] adapter_cls=BayesPaperAdapter
[eval] raw_logits_shape=(10, 256, 101)
[eval] reduced_logits_shape=(256, 101)
[Epoch 128] lr=0.061418 train_loss=0.0236 loss_reg=0.0043 val_acc=0.7640 val_nlpd=0.8947 val_ece=0.0513 kl_weight=0.000000 loss_kl_raw=519801.7812
[eval] adapter_cls=BayesPaperAdapter
[eval] raw_logits_shape=(10, 256, 101)
[eval] reduced_logits_shape=(256, 101)
[Epoch 129] lr=0.060907 train_loss=0.0235 loss_reg=0.0043 val_acc=0.7640 val_nlpd=0.8956 val_ece=0.0511 kl_weight=0.000000 loss_kl_raw=520558.1875
[eval] adapter_cls=BayesPaperAdapter
[eval] raw_logits_shape=(10, 256, 101)
[eval] reduced_logits_shape=(256, 101)
[Epoch 130] lr=0.060396 train_loss=0.0236 loss_reg=0.0043 val_acc=0.7645 val_nlpd=0.8943 val_ece=0.0506 kl_weight=0.000000 loss_kl_raw=521303.6875
[eval] adapter_cls=BayesPaperAdapter
[eval] raw_logits_shape=(10, 256, 101)
[eval] reduced_logits_shape=(256, 101)
[Epoch 131] lr=0.059883 train_loss=0.0236 loss_reg=0.0044 val_acc=0.7640 val_nlpd=0.8967 val_ece=0.0515 kl_weight=0.000000 loss_kl_raw=522040.5000
[eval] adapter_cls=BayesPaperAdapter
[eval] raw_logits_shape=(10, 256, 101)
[eval] reduced_logits_shape=(256, 101)
[Epoch 132] lr=0.059369 train_loss=0.0237 loss_reg=0.0044 val_acc=0.7650 val_nlpd=0.8942 val_ece=0.0502 kl_weight=0.000000 loss_kl_raw=522768.4375
[eval] adapter_cls=BayesPaperAdapter
[eval] raw_logits_shape=(10, 256, 101)
[eval] reduced_logits_shape=(256, 101)
[Epoch 133] lr=0.058854 train_loss=0.0236 loss_reg=0.0045 val_acc=0.7634 val_nlpd=0.8961 val_ece=0.0517 kl_weight=0.000000 loss_kl_raw=523487.8125
[eval] adapter_cls=BayesPaperAdapter
[eval] raw_logits_shape=(10, 256, 101)
[eval] reduced_logits_shape=(256, 101)
[Epoch 134] lr=0.058338 train_loss=0.0234 loss_reg=0.0045 val_acc=0.7645 val_nlpd=0.8937 val_ece=0.0509 kl_weight=0.000000 loss_kl_raw=524197.6875
[eval] adapter_cls=BayesPaperAdapter
[eval] raw_logits_shape=(10, 256, 101)
[eval] reduced_logits_shape=(256, 101)
[Epoch 135] lr=0.057822 train_loss=0.0234 loss_reg=0.0045 val_acc=0.7634 val_nlpd=0.8947 val_ece=0.0518 kl_weight=0.000000 loss_kl_raw=524898.6250
[eval] adapter_cls=BayesPaperAdapter
[eval] raw_logits_shape=(10, 256, 101)
[eval] reduced_logits_shape=(256, 101)
[Epoch 136] lr=0.057304 train_loss=0.0235 loss_reg=0.0046 val_acc=0.7655 val_nlpd=0.8938 val_ece=0.0503 kl_weight=0.000000 loss_kl_raw=525590.1250
[eval] adapter_cls=BayesPaperAdapter
[eval] raw_logits_shape=(10, 256, 101)
[eval] reduced_logits_shape=(256, 101)
[Epoch 137] lr=0.056786 train_loss=0.0234 loss_reg=0.0046 val_acc=0.7640 val_nlpd=0.8929 val_ece=0.0522 kl_weight=0.000000 loss_kl_raw=526273.4375
[eval] adapter_cls=BayesPaperAdapter
[eval] raw_logits_shape=(10, 256, 101)
[eval] reduced_logits_shape=(256, 101)
[Epoch 138] lr=0.056267 train_loss=0.0233 loss_reg=0.0047 val_acc=0.7629 val_nlpd=0.8926 val_ece=0.0526 kl_weight=0.000000 loss_kl_raw=526946.9375
[eval] adapter_cls=BayesPaperAdapter
[eval] raw_logits_shape=(10, 256, 101)
[eval] reduced_logits_shape=(256, 101)
[Epoch 139] lr=0.055747 train_loss=0.0233 loss_reg=0.0047 val_acc=0.7650 val_nlpd=0.8937 val_ece=0.0510 kl_weight=0.000000 loss_kl_raw=527611.9375
[eval] adapter_cls=BayesPaperAdapter
[eval] raw_logits_shape=(10, 256, 101)
[eval] reduced_logits_shape=(256, 101)
[Epoch 140] lr=0.055226 train_loss=0.0232 loss_reg=0.0047 val_acc=0.7655 val_nlpd=0.8923 val_ece=0.0504 kl_weight=0.000000 loss_kl_raw=528267.3750
[eval] adapter_cls=BayesPaperAdapter
[eval] raw_logits_shape=(10, 256, 101)
[eval] reduced_logits_shape=(256, 101)
[Epoch 141] lr=0.054705 train_loss=0.0232 loss_reg=0.0048 val_acc=0.7645 val_nlpd=0.8951 val_ece=0.0514 kl_weight=0.000000 loss_kl_raw=528912.8125
[eval] adapter_cls=BayesPaperAdapter
[eval] raw_logits_shape=(10, 256, 101)
[eval] reduced_logits_shape=(256, 101)
[Epoch 142] lr=0.054184 train_loss=0.0233 loss_reg=0.0048 val_acc=0.7640 val_nlpd=0.8938 val_ece=0.0519 kl_weight=0.000000 loss_kl_raw=529549.0000
[eval] adapter_cls=BayesPaperAdapter
[eval] raw_logits_shape=(10, 256, 101)
[eval] reduced_logits_shape=(256, 101)
[Epoch 143] lr=0.053662 train_loss=0.0232 loss_reg=0.0049 val_acc=0.7655 val_nlpd=0.8932 val_ece=0.0500 kl_weight=0.000000 loss_kl_raw=530177.4375
[eval] adapter_cls=BayesPaperAdapter
[eval] raw_logits_shape=(10, 256, 101)
[eval] reduced_logits_shape=(256, 101)
[Epoch 144] lr=0.053140 train_loss=0.0233 loss_reg=0.0049 val_acc=0.7666 val_nlpd=0.8924 val_ece=0.0499 kl_weight=0.000000 loss_kl_raw=530797.3125
[eval] adapter_cls=BayesPaperAdapter
[eval] raw_logits_shape=(10, 256, 101)
[eval] reduced_logits_shape=(256, 101)
[Epoch 145] lr=0.052617 train_loss=0.0230 loss_reg=0.0049 val_acc=0.7661 val_nlpd=0.8939 val_ece=0.0494 kl_weight=0.000000 loss_kl_raw=531407.9375
[eval] adapter_cls=BayesPaperAdapter
[eval] raw_logits_shape=(10, 256, 101)
[eval] reduced_logits_shape=(256, 101)
[Epoch 146] lr=0.052094 train_loss=0.0231 loss_reg=0.0050 val_acc=0.7650 val_nlpd=0.8938 val_ece=0.0508 kl_weight=0.000000 loss_kl_raw=532009.8750
[eval] adapter_cls=BayesPaperAdapter
[eval] raw_logits_shape=(10, 256, 101)
[eval] reduced_logits_shape=(256, 101)
[Epoch 147] lr=0.051571 train_loss=0.0231 loss_reg=0.0050 val_acc=0.7677 val_nlpd=0.8936 val_ece=0.0482 kl_weight=0.000000 loss_kl_raw=532603.5625
[eval] adapter_cls=BayesPaperAdapter
[eval] raw_logits_shape=(10, 256, 101)
[eval] reduced_logits_shape=(256, 101)
[Epoch 148] lr=0.051047 train_loss=0.0230 loss_reg=0.0051 val_acc=0.7655 val_nlpd=0.8956 val_ece=0.0505 kl_weight=0.000000 loss_kl_raw=533189.2500
[eval] adapter_cls=BayesPaperAdapter
[eval] raw_logits_shape=(10, 256, 101)
[eval] reduced_logits_shape=(256, 101)
[Epoch 149] lr=0.050524 train_loss=0.0231 loss_reg=0.0051 val_acc=0.7655 val_nlpd=0.8923 val_ece=0.0508 kl_weight=0.000000 loss_kl_raw=533764.9375
[eval] adapter_cls=BayesPaperAdapter
[eval] raw_logits_shape=(10, 256, 101)
[eval] reduced_logits_shape=(256, 101)
[Epoch 150] lr=0.050000 train_loss=0.0231 loss_reg=0.0051 val_acc=0.7655 val_nlpd=0.8936 val_ece=0.0510 kl_weight=0.000000 loss_kl_raw=534331.9375
[eval] adapter_cls=BayesPaperAdapter
[eval] raw_logits_shape=(10, 256, 101)
[eval] reduced_logits_shape=(256, 101)
[Epoch 151] lr=0.049476 train_loss=0.0232 loss_reg=0.0052 val_acc=0.7650 val_nlpd=0.8914 val_ece=0.0513 kl_weight=0.000000 loss_kl_raw=534891.3125
[eval] adapter_cls=BayesPaperAdapter
[eval] raw_logits_shape=(10, 256, 101)
[eval] reduced_logits_shape=(256, 101)
[Epoch 152] lr=0.048953 train_loss=0.0231 loss_reg=0.0052 val_acc=0.7634 val_nlpd=0.8938 val_ece=0.0529 kl_weight=0.000000 loss_kl_raw=535442.6250
[eval] adapter_cls=BayesPaperAdapter
[eval] raw_logits_shape=(10, 256, 101)
[eval] reduced_logits_shape=(256, 101)
[Epoch 153] lr=0.048429 train_loss=0.0231 loss_reg=0.0053 val_acc=0.7650 val_nlpd=0.8941 val_ece=0.0513 kl_weight=0.000000 loss_kl_raw=535986.1875
[eval] adapter_cls=BayesPaperAdapter
[eval] raw_logits_shape=(10, 256, 101)
[eval] reduced_logits_shape=(256, 101)
[Epoch 154] lr=0.047906 train_loss=0.0230 loss_reg=0.0053 val_acc=0.7645 val_nlpd=0.8919 val_ece=0.0523 kl_weight=0.000000 loss_kl_raw=536522.8750
[eval] adapter_cls=BayesPaperAdapter
[eval] raw_logits_shape=(10, 256, 101)
[eval] reduced_logits_shape=(256, 101)
[Epoch 155] lr=0.047383 train_loss=0.0230 loss_reg=0.0053 val_acc=0.7640 val_nlpd=0.8912 val_ece=0.0527 kl_weight=0.000000 loss_kl_raw=537050.6250
[eval] adapter_cls=BayesPaperAdapter
[eval] raw_logits_shape=(10, 256, 101)
[eval] reduced_logits_shape=(256, 101)
[Epoch 156] lr=0.046860 train_loss=0.0230 loss_reg=0.0054 val_acc=0.7655 val_nlpd=0.8929 val_ece=0.0511 kl_weight=0.000000 loss_kl_raw=537570.6875
[eval] adapter_cls=BayesPaperAdapter
[eval] raw_logits_shape=(10, 256, 101)
[eval] reduced_logits_shape=(256, 101)
[Epoch 157] lr=0.046338 train_loss=0.0229 loss_reg=0.0054 val_acc=0.7640 val_nlpd=0.8921 val_ece=0.0527 kl_weight=0.000000 loss_kl_raw=538082.8750
[eval] adapter_cls=BayesPaperAdapter
[eval] raw_logits_shape=(10, 256, 101)
[eval] reduced_logits_shape=(256, 101)
[Epoch 158] lr=0.045816 train_loss=0.0228 loss_reg=0.0055 val_acc=0.7650 val_nlpd=0.8928 val_ece=0.0515 kl_weight=0.000000 loss_kl_raw=538586.6875
[eval] adapter_cls=BayesPaperAdapter
[eval] raw_logits_shape=(10, 256, 101)
[eval] reduced_logits_shape=(256, 101)
[Epoch 159] lr=0.045295 train_loss=0.0229 loss_reg=0.0055 val_acc=0.7634 val_nlpd=0.8925 val_ece=0.0531 kl_weight=0.000000 loss_kl_raw=539081.8125
[eval] adapter_cls=BayesPaperAdapter
[eval] raw_logits_shape=(10, 256, 101)
[eval] reduced_logits_shape=(256, 101)
[Epoch 160] lr=0.044774 train_loss=0.0230 loss_reg=0.0055 val_acc=0.7640 val_nlpd=0.8918 val_ece=0.0529 kl_weight=0.000000 loss_kl_raw=539569.9375
[eval] adapter_cls=BayesPaperAdapter
[eval] raw_logits_shape=(10, 256, 101)
[eval] reduced_logits_shape=(256, 101)
[Epoch 161] lr=0.044253 train_loss=0.0229 loss_reg=0.0056 val_acc=0.7640 val_nlpd=0.8921 val_ece=0.0525 kl_weight=0.000000 loss_kl_raw=540050.6875
[eval] adapter_cls=BayesPaperAdapter
[eval] raw_logits_shape=(10, 256, 101)
[eval] reduced_logits_shape=(256, 101)
[Epoch 162] lr=0.043733 train_loss=0.0230 loss_reg=0.0056 val_acc=0.7640 val_nlpd=0.8918 val_ece=0.0529 kl_weight=0.000000 loss_kl_raw=540523.2500
[eval] adapter_cls=BayesPaperAdapter
[eval] raw_logits_shape=(10, 256, 101)
[eval] reduced_logits_shape=(256, 101)
[Epoch 163] lr=0.043214 train_loss=0.0229 loss_reg=0.0056 val_acc=0.7655 val_nlpd=0.8905 val_ece=0.0514 kl_weight=0.000000 loss_kl_raw=540988.6250
[eval] adapter_cls=BayesPaperAdapter
[eval] raw_logits_shape=(10, 256, 101)
[eval] reduced_logits_shape=(256, 101)
[Epoch 164] lr=0.042696 train_loss=0.0230 loss_reg=0.0057 val_acc=0.7650 val_nlpd=0.8944 val_ece=0.0519 kl_weight=0.000000 loss_kl_raw=541446.6250
[eval] adapter_cls=BayesPaperAdapter
[eval] raw_logits_shape=(10, 256, 101)
[eval] reduced_logits_shape=(256, 101)
[Epoch 165] lr=0.042178 train_loss=0.0230 loss_reg=0.0057 val_acc=0.7661 val_nlpd=0.8911 val_ece=0.0507 kl_weight=0.000000 loss_kl_raw=541897.4375
[eval] adapter_cls=BayesPaperAdapter
[eval] raw_logits_shape=(10, 256, 101)
[eval] reduced_logits_shape=(256, 101)
[Epoch 166] lr=0.041662 train_loss=0.0230 loss_reg=0.0058 val_acc=0.7655 val_nlpd=0.8918 val_ece=0.0515 kl_weight=0.000000 loss_kl_raw=542341.1875
[eval] adapter_cls=BayesPaperAdapter
[eval] raw_logits_shape=(10, 256, 101)
[eval] reduced_logits_shape=(256, 101)
[Epoch 167] lr=0.041146 train_loss=0.0229 loss_reg=0.0058 val_acc=0.7655 val_nlpd=0.8928 val_ece=0.0515 kl_weight=0.000000 loss_kl_raw=542776.8750
[eval] adapter_cls=BayesPaperAdapter
[eval] raw_logits_shape=(10, 256, 101)
[eval] reduced_logits_shape=(256, 101)
[Epoch 168] lr=0.040631 train_loss=0.0230 loss_reg=0.0058 val_acc=0.7650 val_nlpd=0.8928 val_ece=0.0519 kl_weight=0.000000 loss_kl_raw=543205.7500
[eval] adapter_cls=BayesPaperAdapter
[eval] raw_logits_shape=(10, 256, 101)
[eval] reduced_logits_shape=(256, 101)
[Epoch 169] lr=0.040117 train_loss=0.0230 loss_reg=0.0059 val_acc=0.7655 val_nlpd=0.8917 val_ece=0.0518 kl_weight=0.000000 loss_kl_raw=543628.1250
[eval] adapter_cls=BayesPaperAdapter
[eval] raw_logits_shape=(10, 256, 101)
[eval] reduced_logits_shape=(256, 101)
[Epoch 170] lr=0.039604 train_loss=0.0230 loss_reg=0.0059 val_acc=0.7655 val_nlpd=0.8938 val_ece=0.0512 kl_weight=0.000000 loss_kl_raw=544043.8750
[eval] adapter_cls=BayesPaperAdapter
[eval] raw_logits_shape=(10, 256, 101)
[eval] reduced_logits_shape=(256, 101)
[Epoch 171] lr=0.039093 train_loss=0.0230 loss_reg=0.0060 val_acc=0.7640 val_nlpd=0.8919 val_ece=0.0532 kl_weight=0.000000 loss_kl_raw=544453.3750
[eval] adapter_cls=BayesPaperAdapter
[eval] raw_logits_shape=(10, 256, 101)
[eval] reduced_logits_shape=(256, 101)
[Epoch 172] lr=0.038582 train_loss=0.0229 loss_reg=0.0060 val_acc=0.7645 val_nlpd=0.8920 val_ece=0.0525 kl_weight=0.000000 loss_kl_raw=544856.1875
[eval] adapter_cls=BayesPaperAdapter
[eval] raw_logits_shape=(10, 256, 101)
[eval] reduced_logits_shape=(256, 101)
[Epoch 173] lr=0.038073 train_loss=0.0229 loss_reg=0.0060 val_acc=0.7655 val_nlpd=0.8929 val_ece=0.0515 kl_weight=0.000000 loss_kl_raw=545252.2500
[eval] adapter_cls=BayesPaperAdapter
[eval] raw_logits_shape=(10, 256, 101)
[eval] reduced_logits_shape=(256, 101)
[Epoch 174] lr=0.037566 train_loss=0.0229 loss_reg=0.0061 val_acc=0.7671 val_nlpd=0.8914 val_ece=0.0501 kl_weight=0.000000 loss_kl_raw=545641.5000
[eval] adapter_cls=BayesPaperAdapter
[eval] raw_logits_shape=(10, 256, 101)
[eval] reduced_logits_shape=(256, 101)
[Epoch 175] lr=0.037059 train_loss=0.0229 loss_reg=0.0061 val_acc=0.7650 val_nlpd=0.8920 val_ece=0.0525 kl_weight=0.000000 loss_kl_raw=546024.0625
[eval] adapter_cls=BayesPaperAdapter
[eval] raw_logits_shape=(10, 256, 101)
[eval] reduced_logits_shape=(256, 101)
[Epoch 176] lr=0.036554 train_loss=0.0229 loss_reg=0.0062 val_acc=0.7655 val_nlpd=0.8919 val_ece=0.0516 kl_weight=0.000000 loss_kl_raw=546400.0000
[eval] adapter_cls=BayesPaperAdapter
[eval] raw_logits_shape=(10, 256, 101)
[eval] reduced_logits_shape=(256, 101)
[Epoch 177] lr=0.036050 train_loss=0.0231 loss_reg=0.0062 val_acc=0.7655 val_nlpd=0.8910 val_ece=0.0520 kl_weight=0.000000 loss_kl_raw=546769.2500
[eval] adapter_cls=BayesPaperAdapter
[eval] raw_logits_shape=(10, 256, 101)
[eval] reduced_logits_shape=(256, 101)
[Epoch 178] lr=0.035548 train_loss=0.0230 loss_reg=0.0062 val_acc=0.7661 val_nlpd=0.8926 val_ece=0.0513 kl_weight=0.000000 loss_kl_raw=547132.8750
[eval] adapter_cls=BayesPaperAdapter
[eval] raw_logits_shape=(10, 256, 101)
[eval] reduced_logits_shape=(256, 101)
[Epoch 179] lr=0.035048 train_loss=0.0230 loss_reg=0.0063 val_acc=0.7650 val_nlpd=0.8917 val_ece=0.0526 kl_weight=0.000000 loss_kl_raw=547490.7500
[eval] adapter_cls=BayesPaperAdapter
[eval] raw_logits_shape=(10, 256, 101)
[eval] reduced_logits_shape=(256, 101)
[Epoch 180] lr=0.034549 train_loss=0.0231 loss_reg=0.0063 val_acc=0.7677 val_nlpd=0.8907 val_ece=0.0498 kl_weight=0.000000 loss_kl_raw=547842.1875
[eval] adapter_cls=BayesPaperAdapter
[eval] raw_logits_shape=(10, 256, 101)
[eval] reduced_logits_shape=(256, 101)
[Epoch 181] lr=0.034052 train_loss=0.0232 loss_reg=0.0064 val_acc=0.7661 val_nlpd=0.8919 val_ece=0.0515 kl_weight=0.000000 loss_kl_raw=548187.3125
[eval] adapter_cls=BayesPaperAdapter
[eval] raw_logits_shape=(10, 256, 101)
[eval] reduced_logits_shape=(256, 101)
[Epoch 182] lr=0.033557 train_loss=0.0230 loss_reg=0.0064 val_acc=0.7655 val_nlpd=0.8916 val_ece=0.0521 kl_weight=0.000000 loss_kl_raw=548526.7500
[eval] adapter_cls=BayesPaperAdapter
[eval] raw_logits_shape=(10, 256, 101)
[eval] reduced_logits_shape=(256, 101)
[Epoch 183] lr=0.033063 train_loss=0.0232 loss_reg=0.0064 val_acc=0.7682 val_nlpd=0.8924 val_ece=0.0491 kl_weight=0.000000 loss_kl_raw=548860.1250
[eval] adapter_cls=BayesPaperAdapter
[eval] raw_logits_shape=(10, 256, 101)
[eval] reduced_logits_shape=(256, 101)
[Epoch 184] lr=0.032571 train_loss=0.0230 loss_reg=0.0065 val_acc=0.7677 val_nlpd=0.8911 val_ece=0.0499 kl_weight=0.000000 loss_kl_raw=549187.9375
[eval] adapter_cls=BayesPaperAdapter
[eval] raw_logits_shape=(10, 256, 101)
[eval] reduced_logits_shape=(256, 101)
[Epoch 185] lr=0.032082 train_loss=0.0230 loss_reg=0.0065 val_acc=0.7650 val_nlpd=0.8930 val_ece=0.0524 kl_weight=0.000000 loss_kl_raw=549509.6250
[eval] adapter_cls=BayesPaperAdapter
[eval] raw_logits_shape=(10, 256, 101)
[eval] reduced_logits_shape=(256, 101)
[Epoch 186] lr=0.031594 train_loss=0.0231 loss_reg=0.0066 val_acc=0.7645 val_nlpd=0.8913 val_ece=0.0532 kl_weight=0.000000 loss_kl_raw=549825.7500
[eval] adapter_cls=BayesPaperAdapter
[eval] raw_logits_shape=(10, 256, 101)
[eval] reduced_logits_shape=(256, 101)
[Epoch 187] lr=0.031108 train_loss=0.0231 loss_reg=0.0066 val_acc=0.7640 val_nlpd=0.8936 val_ece=0.0538 kl_weight=0.000000 loss_kl_raw=550135.3125
[eval] adapter_cls=BayesPaperAdapter
[eval] raw_logits_shape=(10, 256, 101)
[eval] reduced_logits_shape=(256, 101)
[Epoch 188] lr=0.030624 train_loss=0.0231 loss_reg=0.0066 val_acc=0.7666 val_nlpd=0.8900 val_ece=0.0509 kl_weight=0.000000 loss_kl_raw=550439.6875
[eval] adapter_cls=BayesPaperAdapter
[eval] raw_logits_shape=(10, 256, 101)
[eval] reduced_logits_shape=(256, 101)
[Epoch 189] lr=0.030143 train_loss=0.0230 loss_reg=0.0067 val_acc=0.7655 val_nlpd=0.8900 val_ece=0.0519 kl_weight=0.000000 loss_kl_raw=550738.0625
[eval] adapter_cls=BayesPaperAdapter
[eval] raw_logits_shape=(10, 256, 101)
[eval] reduced_logits_shape=(256, 101)
[Epoch 190] lr=0.029663 train_loss=0.0231 loss_reg=0.0067 val_acc=0.7682 val_nlpd=0.8908 val_ece=0.0497 kl_weight=0.000000 loss_kl_raw=551030.5625
[eval] adapter_cls=BayesPaperAdapter
[eval] raw_logits_shape=(10, 256, 101)
[eval] reduced_logits_shape=(256, 101)
[Epoch 191] lr=0.029186 train_loss=0.0231 loss_reg=0.0068 val_acc=0.7655 val_nlpd=0.8924 val_ece=0.0522 kl_weight=0.000000 loss_kl_raw=551317.5000
[eval] adapter_cls=BayesPaperAdapter
[eval] raw_logits_shape=(10, 256, 101)
[eval] reduced_logits_shape=(256, 101)
[Epoch 192] lr=0.028711 train_loss=0.0230 loss_reg=0.0068 val_acc=0.7666 val_nlpd=0.8898 val_ece=0.0514 kl_weight=0.000000 loss_kl_raw=551598.8750
[eval] adapter_cls=BayesPaperAdapter
[eval] raw_logits_shape=(10, 256, 101)
[eval] reduced_logits_shape=(256, 101)
[Epoch 193] lr=0.028238 train_loss=0.0232 loss_reg=0.0068 val_acc=0.7645 val_nlpd=0.8903 val_ece=0.0532 kl_weight=0.000000 loss_kl_raw=551874.6875
[eval] adapter_cls=BayesPaperAdapter
[eval] raw_logits_shape=(10, 256, 101)
[eval] reduced_logits_shape=(256, 101)
[Epoch 194] lr=0.027768 train_loss=0.0232 loss_reg=0.0069 val_acc=0.7666 val_nlpd=0.8913 val_ece=0.0509 kl_weight=0.000000 loss_kl_raw=552144.8125
[eval] adapter_cls=BayesPaperAdapter
[eval] raw_logits_shape=(10, 256, 101)
[eval] reduced_logits_shape=(256, 101)
[Epoch 195] lr=0.027300 train_loss=0.0233 loss_reg=0.0069 val_acc=0.7666 val_nlpd=0.8912 val_ece=0.0511 kl_weight=0.000000 loss_kl_raw=552410.0000
[eval] adapter_cls=BayesPaperAdapter
[eval] raw_logits_shape=(10, 256, 101)
[eval] reduced_logits_shape=(256, 101)
[Epoch 196] lr=0.026835 train_loss=0.0233 loss_reg=0.0069 val_acc=0.7671 val_nlpd=0.8908 val_ece=0.0504 kl_weight=0.000000 loss_kl_raw=552670.3125
[eval] adapter_cls=BayesPaperAdapter
[eval] raw_logits_shape=(10, 256, 101)
[eval] reduced_logits_shape=(256, 101)
[Epoch 197] lr=0.026372 train_loss=0.0232 loss_reg=0.0070 val_acc=0.7640 val_nlpd=0.8904 val_ece=0.0544 kl_weight=0.000000 loss_kl_raw=552925.6875
[eval] adapter_cls=BayesPaperAdapter
[eval] raw_logits_shape=(10, 256, 101)
[eval] reduced_logits_shape=(256, 101)
[Epoch 198] lr=0.025912 train_loss=0.0232 loss_reg=0.0070 val_acc=0.7640 val_nlpd=0.8912 val_ece=0.0540 kl_weight=0.000000 loss_kl_raw=553175.8125
[eval] adapter_cls=BayesPaperAdapter
[eval] raw_logits_shape=(10, 256, 101)
[eval] reduced_logits_shape=(256, 101)
[Epoch 199] lr=0.025455 train_loss=0.0233 loss_reg=0.0071 val_acc=0.7671 val_nlpd=0.8909 val_ece=0.0508 kl_weight=0.000000 loss_kl_raw=553420.8750
[eval] adapter_cls=BayesPaperAdapter
[eval] raw_logits_shape=(10, 256, 101)
[eval] reduced_logits_shape=(256, 101)
[Epoch 200] lr=0.025000 train_loss=0.0233 loss_reg=0.0071 val_acc=0.7650 val_nlpd=0.8911 val_ece=0.0531 kl_weight=0.000000 loss_kl_raw=553660.6250
[eval] adapter_cls=BayesPaperAdapter
[eval] raw_logits_shape=(10, 256, 101)
[eval] reduced_logits_shape=(256, 101)
[Epoch 201] lr=0.024548 train_loss=0.0233 loss_reg=0.0071 val_acc=0.7666 val_nlpd=0.8915 val_ece=0.0513 kl_weight=0.000000 loss_kl_raw=553895.1875
[eval] adapter_cls=BayesPaperAdapter
[eval] raw_logits_shape=(10, 256, 101)
[eval] reduced_logits_shape=(256, 101)
[Epoch 202] lr=0.024099 train_loss=0.0233 loss_reg=0.0072 val_acc=0.7650 val_nlpd=0.8935 val_ece=0.0527 kl_weight=0.000000 loss_kl_raw=554125.0625
[eval] adapter_cls=BayesPaperAdapter
[eval] raw_logits_shape=(10, 256, 101)
[eval] reduced_logits_shape=(256, 101)
[Epoch 203] lr=0.023652 train_loss=0.0233 loss_reg=0.0072 val_acc=0.7666 val_nlpd=0.8922 val_ece=0.0514 kl_weight=0.000000 loss_kl_raw=554350.0625
[eval] adapter_cls=BayesPaperAdapter
[eval] raw_logits_shape=(10, 256, 101)
[eval] reduced_logits_shape=(256, 101)
[Epoch 204] lr=0.023209 train_loss=0.0234 loss_reg=0.0073 val_acc=0.7645 val_nlpd=0.8905 val_ece=0.0534 kl_weight=0.000000 loss_kl_raw=554570.5625
[eval] adapter_cls=BayesPaperAdapter
[eval] raw_logits_shape=(10, 256, 101)
[eval] reduced_logits_shape=(256, 101)
[Epoch 205] lr=0.022768 train_loss=0.0233 loss_reg=0.0073 val_acc=0.7661 val_nlpd=0.8922 val_ece=0.0520 kl_weight=0.000000 loss_kl_raw=554786.3125
[eval] adapter_cls=BayesPaperAdapter
[eval] raw_logits_shape=(10, 256, 101)
[eval] reduced_logits_shape=(256, 101)
[Epoch 206] lr=0.022330 train_loss=0.0234 loss_reg=0.0073 val_acc=0.7629 val_nlpd=0.8910 val_ece=0.0552 kl_weight=0.000000 loss_kl_raw=554997.3750
[eval] adapter_cls=BayesPaperAdapter
[eval] raw_logits_shape=(10, 256, 101)
[eval] reduced_logits_shape=(256, 101)
[Epoch 207] lr=0.021896 train_loss=0.0234 loss_reg=0.0074 val_acc=0.7671 val_nlpd=0.8913 val_ece=0.0503 kl_weight=0.000000 loss_kl_raw=555203.8750
[eval] adapter_cls=BayesPaperAdapter
[eval] raw_logits_shape=(10, 256, 101)
[eval] reduced_logits_shape=(256, 101)
[Epoch 208] lr=0.021464 train_loss=0.0235 loss_reg=0.0074 val_acc=0.7661 val_nlpd=0.8906 val_ece=0.0517 kl_weight=0.000000 loss_kl_raw=555405.8750
[eval] adapter_cls=BayesPaperAdapter
[eval] raw_logits_shape=(10, 256, 101)
[eval] reduced_logits_shape=(256, 101)
[Epoch 209] lr=0.021036 train_loss=0.0236 loss_reg=0.0074 val_acc=0.7661 val_nlpd=0.8895 val_ece=0.0523 kl_weight=0.000000 loss_kl_raw=555603.4375
[eval] adapter_cls=BayesPaperAdapter
[eval] raw_logits_shape=(10, 256, 101)
[eval] reduced_logits_shape=(256, 101)
[Epoch 210] lr=0.020611 train_loss=0.0235 loss_reg=0.0075 val_acc=0.7666 val_nlpd=0.8904 val_ece=0.0518 kl_weight=0.000000 loss_kl_raw=555796.4375
[eval] adapter_cls=BayesPaperAdapter
[eval] raw_logits_shape=(10, 256, 101)
[eval] reduced_logits_shape=(256, 101)
[Epoch 211] lr=0.020189 train_loss=0.0236 loss_reg=0.0075 val_acc=0.7687 val_nlpd=0.8895 val_ece=0.0494 kl_weight=0.000000 loss_kl_raw=555984.9375
[eval] adapter_cls=BayesPaperAdapter
[eval] raw_logits_shape=(10, 256, 101)
[eval] reduced_logits_shape=(256, 101)
[Epoch 212] lr=0.019770 train_loss=0.0236 loss_reg=0.0076 val_acc=0.7650 val_nlpd=0.8898 val_ece=0.0524 kl_weight=0.000000 loss_kl_raw=556169.5000
[eval] adapter_cls=BayesPaperAdapter
[eval] raw_logits_shape=(10, 256, 101)
[eval] reduced_logits_shape=(256, 101)
[Epoch 213] lr=0.019355 train_loss=0.0236 loss_reg=0.0076 val_acc=0.7655 val_nlpd=0.8914 val_ece=0.0525 kl_weight=0.000000 loss_kl_raw=556349.8750
[eval] adapter_cls=BayesPaperAdapter
[eval] raw_logits_shape=(10, 256, 101)
[eval] reduced_logits_shape=(256, 101)
[Epoch 214] lr=0.018943 train_loss=0.0236 loss_reg=0.0076 val_acc=0.7682 val_nlpd=0.8898 val_ece=0.0500 kl_weight=0.000000 loss_kl_raw=556526.2500
[eval] adapter_cls=BayesPaperAdapter
[eval] raw_logits_shape=(10, 256, 101)
[eval] reduced_logits_shape=(256, 101)
[Epoch 215] lr=0.018534 train_loss=0.0236 loss_reg=0.0077 val_acc=0.7677 val_nlpd=0.8891 val_ece=0.0502 kl_weight=0.000000 loss_kl_raw=556698.3750
[eval] adapter_cls=BayesPaperAdapter
[eval] raw_logits_shape=(10, 256, 101)
[eval] reduced_logits_shape=(256, 101)
[Epoch 216] lr=0.018129 train_loss=0.0237 loss_reg=0.0077 val_acc=0.7666 val_nlpd=0.8901 val_ece=0.0519 kl_weight=0.000000 loss_kl_raw=556866.2500
[eval] adapter_cls=BayesPaperAdapter
[eval] raw_logits_shape=(10, 256, 101)
[eval] reduced_logits_shape=(256, 101)
[Epoch 217] lr=0.017727 train_loss=0.0236 loss_reg=0.0078 val_acc=0.7650 val_nlpd=0.8893 val_ece=0.0530 kl_weight=0.000000 loss_kl_raw=557030.2500
[eval] adapter_cls=BayesPaperAdapter
[eval] raw_logits_shape=(10, 256, 101)
[eval] reduced_logits_shape=(256, 101)
[Epoch 218] lr=0.017329 train_loss=0.0238 loss_reg=0.0078 val_acc=0.7671 val_nlpd=0.8912 val_ece=0.0508 kl_weight=0.000000 loss_kl_raw=557189.8125
[eval] adapter_cls=BayesPaperAdapter
[eval] raw_logits_shape=(10, 256, 101)
[eval] reduced_logits_shape=(256, 101)
[Epoch 219] lr=0.016934 train_loss=0.0237 loss_reg=0.0078 val_acc=0.7661 val_nlpd=0.8899 val_ece=0.0521 kl_weight=0.000000 loss_kl_raw=557345.6875
[eval] adapter_cls=BayesPaperAdapter
[eval] raw_logits_shape=(10, 256, 101)
[eval] reduced_logits_shape=(256, 101)
[Epoch 220] lr=0.016543 train_loss=0.0238 loss_reg=0.0079 val_acc=0.7655 val_nlpd=0.8901 val_ece=0.0526 kl_weight=0.000000 loss_kl_raw=557497.8750
[eval] adapter_cls=BayesPaperAdapter
[eval] raw_logits_shape=(10, 256, 101)
[eval] reduced_logits_shape=(256, 101)
[Epoch 221] lr=0.016156 train_loss=0.0238 loss_reg=0.0079 val_acc=0.7655 val_nlpd=0.8896 val_ece=0.0527 kl_weight=0.000000 loss_kl_raw=557646.3125
[eval] adapter_cls=BayesPaperAdapter
[eval] raw_logits_shape=(10, 256, 101)
[eval] reduced_logits_shape=(256, 101)
[Epoch 222] lr=0.015773 train_loss=0.0238 loss_reg=0.0079 val_acc=0.7645 val_nlpd=0.8902 val_ece=0.0537 kl_weight=0.000000 loss_kl_raw=557791.1875
[eval] adapter_cls=BayesPaperAdapter
[eval] raw_logits_shape=(10, 256, 101)
[eval] reduced_logits_shape=(256, 101)
[Epoch 223] lr=0.015393 train_loss=0.0239 loss_reg=0.0080 val_acc=0.7640 val_nlpd=0.8913 val_ece=0.0543 kl_weight=0.000000 loss_kl_raw=557932.1875
[eval] adapter_cls=BayesPaperAdapter
[eval] raw_logits_shape=(10, 256, 101)
[eval] reduced_logits_shape=(256, 101)
[Epoch 224] lr=0.015017 train_loss=0.0239 loss_reg=0.0080 val_acc=0.7671 val_nlpd=0.8931 val_ece=0.0505 kl_weight=0.000000 loss_kl_raw=558069.5625
[eval] adapter_cls=BayesPaperAdapter
[eval] raw_logits_shape=(10, 256, 101)
[eval] reduced_logits_shape=(256, 101)
[Epoch 225] lr=0.014645 train_loss=0.0239 loss_reg=0.0081 val_acc=0.7671 val_nlpd=0.8923 val_ece=0.0509 kl_weight=0.000000 loss_kl_raw=558203.1250
[eval] adapter_cls=BayesPaperAdapter
[eval] raw_logits_shape=(10, 256, 101)
[eval] reduced_logits_shape=(256, 101)
[Epoch 226] lr=0.014276 train_loss=0.0239 loss_reg=0.0081 val_acc=0.7677 val_nlpd=0.8931 val_ece=0.0502 kl_weight=0.000000 loss_kl_raw=558333.0000
[eval] adapter_cls=BayesPaperAdapter
[eval] raw_logits_shape=(10, 256, 101)
[eval] reduced_logits_shape=(256, 101)
[Epoch 227] lr=0.013912 train_loss=0.0239 loss_reg=0.0081 val_acc=0.7677 val_nlpd=0.8911 val_ece=0.0506 kl_weight=0.000000 loss_kl_raw=558459.5625
[eval] adapter_cls=BayesPaperAdapter
[eval] raw_logits_shape=(10, 256, 101)
[eval] reduced_logits_shape=(256, 101)
[Epoch 228] lr=0.013552 train_loss=0.0240 loss_reg=0.0082 val_acc=0.7661 val_nlpd=0.8905 val_ece=0.0519 kl_weight=0.000000 loss_kl_raw=558582.7500
[eval] adapter_cls=BayesPaperAdapter
[eval] raw_logits_shape=(10, 256, 101)
[eval] reduced_logits_shape=(256, 101)
[Epoch 229] lr=0.013195 train_loss=0.0240 loss_reg=0.0082 val_acc=0.7682 val_nlpd=0.8908 val_ece=0.0502 kl_weight=0.000000 loss_kl_raw=558702.6250
[eval] adapter_cls=BayesPaperAdapter
[eval] raw_logits_shape=(10, 256, 101)
[eval] reduced_logits_shape=(256, 101)
[Epoch 230] lr=0.012843 train_loss=0.0241 loss_reg=0.0082 val_acc=0.7671 val_nlpd=0.8898 val_ece=0.0512 kl_weight=0.000000 loss_kl_raw=558818.9375
[eval] adapter_cls=BayesPaperAdapter
[eval] raw_logits_shape=(10, 256, 101)
[eval] reduced_logits_shape=(256, 101)
[Epoch 231] lr=0.012494 train_loss=0.0241 loss_reg=0.0083 val_acc=0.7661 val_nlpd=0.8910 val_ece=0.0522 kl_weight=0.000000 loss_kl_raw=558932.0625
[eval] adapter_cls=BayesPaperAdapter
[eval] raw_logits_shape=(10, 256, 101)
[eval] reduced_logits_shape=(256, 101)
[Epoch 232] lr=0.012150 train_loss=0.0240 loss_reg=0.0083 val_acc=0.7640 val_nlpd=0.8904 val_ece=0.0543 kl_weight=0.000000 loss_kl_raw=559041.9375
[eval] adapter_cls=BayesPaperAdapter
[eval] raw_logits_shape=(10, 256, 101)
[eval] reduced_logits_shape=(256, 101)
[Epoch 233] lr=0.011810 train_loss=0.0241 loss_reg=0.0084 val_acc=0.7682 val_nlpd=0.8892 val_ece=0.0500 kl_weight=0.000000 loss_kl_raw=559148.4375
[eval] adapter_cls=BayesPaperAdapter
[eval] raw_logits_shape=(10, 256, 101)
[eval] reduced_logits_shape=(256, 101)
[Epoch 234] lr=0.011474 train_loss=0.0242 loss_reg=0.0084 val_acc=0.7661 val_nlpd=0.8910 val_ece=0.0522 kl_weight=0.000000 loss_kl_raw=559251.6875
[eval] adapter_cls=BayesPaperAdapter
[eval] raw_logits_shape=(10, 256, 101)
[eval] reduced_logits_shape=(256, 101)
[Epoch 235] lr=0.011143 train_loss=0.0241 loss_reg=0.0084 val_acc=0.7666 val_nlpd=0.8913 val_ece=0.0516 kl_weight=0.000000 loss_kl_raw=559351.7500
[eval] adapter_cls=BayesPaperAdapter
[eval] raw_logits_shape=(10, 256, 101)
[eval] reduced_logits_shape=(256, 101)
[Epoch 236] lr=0.010815 train_loss=0.0242 loss_reg=0.0085 val_acc=0.7650 val_nlpd=0.8913 val_ece=0.0536 kl_weight=0.000000 loss_kl_raw=559448.5000
[eval] adapter_cls=BayesPaperAdapter
[eval] raw_logits_shape=(10, 256, 101)
[eval] reduced_logits_shape=(256, 101)
[Epoch 237] lr=0.010492 train_loss=0.0243 loss_reg=0.0085 val_acc=0.7687 val_nlpd=0.8900 val_ece=0.0491 kl_weight=0.000000 loss_kl_raw=559542.4375
[eval] adapter_cls=BayesPaperAdapter
[eval] raw_logits_shape=(10, 256, 101)
[eval] reduced_logits_shape=(256, 101)
[Epoch 238] lr=0.010174 train_loss=0.0241 loss_reg=0.0085 val_acc=0.7666 val_nlpd=0.8888 val_ece=0.0519 kl_weight=0.000000 loss_kl_raw=559633.4375
[eval] adapter_cls=BayesPaperAdapter
[eval] raw_logits_shape=(10, 256, 101)
[eval] reduced_logits_shape=(256, 101)
[Epoch 239] lr=0.009859 train_loss=0.0243 loss_reg=0.0086 val_acc=0.7661 val_nlpd=0.8921 val_ece=0.0522 kl_weight=0.000000 loss_kl_raw=559721.3125
[eval] adapter_cls=BayesPaperAdapter
[eval] raw_logits_shape=(10, 256, 101)
[eval] reduced_logits_shape=(256, 101)
[Epoch 240] lr=0.009549 train_loss=0.0243 loss_reg=0.0086 val_acc=0.7655 val_nlpd=0.8914 val_ece=0.0526 kl_weight=0.000000 loss_kl_raw=559806.3125
[eval] adapter_cls=BayesPaperAdapter
[eval] raw_logits_shape=(10, 256, 101)
[eval] reduced_logits_shape=(256, 101)
[Epoch 241] lr=0.009244 train_loss=0.0244 loss_reg=0.0087 val_acc=0.7666 val_nlpd=0.8907 val_ece=0.0514 kl_weight=0.000000 loss_kl_raw=559888.7500
[eval] adapter_cls=BayesPaperAdapter
[eval] raw_logits_shape=(10, 256, 101)
[eval] reduced_logits_shape=(256, 101)
[Epoch 242] lr=0.008943 train_loss=0.0243 loss_reg=0.0087 val_acc=0.7671 val_nlpd=0.8915 val_ece=0.0507 kl_weight=0.000000 loss_kl_raw=559968.3750
[eval] adapter_cls=BayesPaperAdapter
[eval] raw_logits_shape=(10, 256, 101)
[eval] reduced_logits_shape=(256, 101)
[Epoch 243] lr=0.008646 train_loss=0.0244 loss_reg=0.0087 val_acc=0.7661 val_nlpd=0.8885 val_ece=0.0526 kl_weight=0.000000 loss_kl_raw=560045.3125
[eval] adapter_cls=BayesPaperAdapter
[eval] raw_logits_shape=(10, 256, 101)
[eval] reduced_logits_shape=(256, 101)
[Epoch 244] lr=0.008354 train_loss=0.0244 loss_reg=0.0088 val_acc=0.7666 val_nlpd=0.8914 val_ece=0.0513 kl_weight=0.000000 loss_kl_raw=560119.6250
[eval] adapter_cls=BayesPaperAdapter
[eval] raw_logits_shape=(10, 256, 101)
[eval] reduced_logits_shape=(256, 101)
[Epoch 245] lr=0.008066 train_loss=0.0246 loss_reg=0.0088 val_acc=0.7671 val_nlpd=0.8930 val_ece=0.0511 kl_weight=0.000000 loss_kl_raw=560191.3750
[eval] adapter_cls=BayesPaperAdapter
[eval] raw_logits_shape=(10, 256, 101)
[eval] reduced_logits_shape=(256, 101)
[Epoch 246] lr=0.007784 train_loss=0.0246 loss_reg=0.0088 val_acc=0.7666 val_nlpd=0.8911 val_ece=0.0519 kl_weight=0.000000 loss_kl_raw=560260.5000
[eval] adapter_cls=BayesPaperAdapter
[eval] raw_logits_shape=(10, 256, 101)
[eval] reduced_logits_shape=(256, 101)
[Epoch 247] lr=0.007505 train_loss=0.0245 loss_reg=0.0089 val_acc=0.7671 val_nlpd=0.8911 val_ece=0.0508 kl_weight=0.000000 loss_kl_raw=560327.1250
[eval] adapter_cls=BayesPaperAdapter
[eval] raw_logits_shape=(10, 256, 101)
[eval] reduced_logits_shape=(256, 101)
[Epoch 248] lr=0.007232 train_loss=0.0245 loss_reg=0.0089 val_acc=0.7666 val_nlpd=0.8898 val_ece=0.0519 kl_weight=0.000000 loss_kl_raw=560391.4375
[eval] adapter_cls=BayesPaperAdapter
[eval] raw_logits_shape=(10, 256, 101)
[eval] reduced_logits_shape=(256, 101)
[Epoch 249] lr=0.006963 train_loss=0.0246 loss_reg=0.0090 val_acc=0.7666 val_nlpd=0.8891 val_ece=0.0516 kl_weight=0.000000 loss_kl_raw=560453.1875
[eval] adapter_cls=BayesPaperAdapter
[eval] raw_logits_shape=(10, 256, 101)
[eval] reduced_logits_shape=(256, 101)
[Epoch 250] lr=0.006699 train_loss=0.0247 loss_reg=0.0090 val_acc=0.7650 val_nlpd=0.8910 val_ece=0.0534 kl_weight=0.000000 loss_kl_raw=560512.6875
[eval] adapter_cls=BayesPaperAdapter
[eval] raw_logits_shape=(10, 256, 101)
[eval] reduced_logits_shape=(256, 101)
[Epoch 251] lr=0.006439 train_loss=0.0247 loss_reg=0.0090 val_acc=0.7640 val_nlpd=0.8920 val_ece=0.0540 kl_weight=0.000000 loss_kl_raw=560569.8125
[eval] adapter_cls=BayesPaperAdapter
[eval] raw_logits_shape=(10, 256, 101)
[eval] reduced_logits_shape=(256, 101)
[Epoch 252] lr=0.006185 train_loss=0.0247 loss_reg=0.0091 val_acc=0.7671 val_nlpd=0.8896 val_ece=0.0512 kl_weight=0.000000 loss_kl_raw=560624.6875
[eval] adapter_cls=BayesPaperAdapter
[eval] raw_logits_shape=(10, 256, 101)
[eval] reduced_logits_shape=(256, 101)
[Epoch 253] lr=0.005935 train_loss=0.0248 loss_reg=0.0091 val_acc=0.7661 val_nlpd=0.8918 val_ece=0.0524 kl_weight=0.000000 loss_kl_raw=560677.2500
[eval] adapter_cls=BayesPaperAdapter
[eval] raw_logits_shape=(10, 256, 101)
[eval] reduced_logits_shape=(256, 101)
[Epoch 254] lr=0.005690 train_loss=0.0248 loss_reg=0.0091 val_acc=0.7692 val_nlpd=0.8907 val_ece=0.0491 kl_weight=0.000000 loss_kl_raw=560727.6250
[eval] adapter_cls=BayesPaperAdapter
[eval] raw_logits_shape=(10, 256, 101)
[eval] reduced_logits_shape=(256, 101)
[Epoch 255] lr=0.005450 train_loss=0.0248 loss_reg=0.0092 val_acc=0.7666 val_nlpd=0.8925 val_ece=0.0514 kl_weight=0.000000 loss_kl_raw=560775.8125
[eval] adapter_cls=BayesPaperAdapter
[eval] raw_logits_shape=(10, 256, 101)
[eval] reduced_logits_shape=(256, 101)
[Epoch 256] lr=0.005214 train_loss=0.0249 loss_reg=0.0092 val_acc=0.7666 val_nlpd=0.8890 val_ece=0.0520 kl_weight=0.000000 loss_kl_raw=560822.0000
[eval] adapter_cls=BayesPaperAdapter
[eval] raw_logits_shape=(10, 256, 101)
[eval] reduced_logits_shape=(256, 101)
[Epoch 257] lr=0.004984 train_loss=0.0247 loss_reg=0.0093 val_acc=0.7661 val_nlpd=0.8913 val_ece=0.0521 kl_weight=0.000000 loss_kl_raw=560866.1250
[eval] adapter_cls=BayesPaperAdapter
[eval] raw_logits_shape=(10, 256, 101)
[eval] reduced_logits_shape=(256, 101)
[Epoch 258] lr=0.004759 train_loss=0.0249 loss_reg=0.0093 val_acc=0.7655 val_nlpd=0.8894 val_ece=0.0528 kl_weight=0.000000 loss_kl_raw=560908.1875
[eval] adapter_cls=BayesPaperAdapter
[eval] raw_logits_shape=(10, 256, 101)
[eval] reduced_logits_shape=(256, 101)
[Epoch 259] lr=0.004538 train_loss=0.0249 loss_reg=0.0093 val_acc=0.7655 val_nlpd=0.8902 val_ece=0.0524 kl_weight=0.000000 loss_kl_raw=560948.3125
[eval] adapter_cls=BayesPaperAdapter
[eval] raw_logits_shape=(10, 256, 101)
[eval] reduced_logits_shape=(256, 101)
[Epoch 260] lr=0.004323 train_loss=0.0249 loss_reg=0.0094 val_acc=0.7677 val_nlpd=0.8903 val_ece=0.0502 kl_weight=0.000000 loss_kl_raw=560986.6250
[eval] adapter_cls=BayesPaperAdapter
[eval] raw_logits_shape=(10, 256, 101)
[eval] reduced_logits_shape=(256, 101)
[Epoch 261] lr=0.004112 train_loss=0.0250 loss_reg=0.0094 val_acc=0.7650 val_nlpd=0.8930 val_ece=0.0533 kl_weight=0.000000 loss_kl_raw=561022.9375
[eval] adapter_cls=BayesPaperAdapter
[eval] raw_logits_shape=(10, 256, 101)
[eval] reduced_logits_shape=(256, 101)
[Epoch 262] lr=0.003907 train_loss=0.0251 loss_reg=0.0094 val_acc=0.7666 val_nlpd=0.8900 val_ece=0.0520 kl_weight=0.000000 loss_kl_raw=561057.5625
[eval] adapter_cls=BayesPaperAdapter
[eval] raw_logits_shape=(10, 256, 101)
[eval] reduced_logits_shape=(256, 101)
[Epoch 263] lr=0.003706 train_loss=0.0251 loss_reg=0.0095 val_acc=0.7671 val_nlpd=0.8927 val_ece=0.0508 kl_weight=0.000000 loss_kl_raw=561090.3750
[eval] adapter_cls=BayesPaperAdapter
[eval] raw_logits_shape=(10, 256, 101)
[eval] reduced_logits_shape=(256, 101)
[Epoch 264] lr=0.003511 train_loss=0.0250 loss_reg=0.0095 val_acc=0.7671 val_nlpd=0.8914 val_ece=0.0513 kl_weight=0.000000 loss_kl_raw=561121.5625
[eval] adapter_cls=BayesPaperAdapter
[eval] raw_logits_shape=(10, 256, 101)
[eval] reduced_logits_shape=(256, 101)
[Epoch 265] lr=0.003321 train_loss=0.0251 loss_reg=0.0095 val_acc=0.7655 val_nlpd=0.8893 val_ece=0.0531 kl_weight=0.000000 loss_kl_raw=561150.9375
[eval] adapter_cls=BayesPaperAdapter
[eval] raw_logits_shape=(10, 256, 101)
[eval] reduced_logits_shape=(256, 101)
[Epoch 266] lr=0.003136 train_loss=0.0252 loss_reg=0.0096 val_acc=0.7677 val_nlpd=0.8906 val_ece=0.0506 kl_weight=0.000000 loss_kl_raw=561178.7500
[eval] adapter_cls=BayesPaperAdapter
[eval] raw_logits_shape=(10, 256, 101)
[eval] reduced_logits_shape=(256, 101)
[Epoch 267] lr=0.002956 train_loss=0.0252 loss_reg=0.0096 val_acc=0.7661 val_nlpd=0.8893 val_ece=0.0524 kl_weight=0.000000 loss_kl_raw=561205.0000
[eval] adapter_cls=BayesPaperAdapter
[eval] raw_logits_shape=(10, 256, 101)
[eval] reduced_logits_shape=(256, 101)
[Epoch 268] lr=0.002781 train_loss=0.0253 loss_reg=0.0097 val_acc=0.7682 val_nlpd=0.8902 val_ece=0.0506 kl_weight=0.000000 loss_kl_raw=561229.6875
[eval] adapter_cls=BayesPaperAdapter
[eval] raw_logits_shape=(10, 256, 101)
[eval] reduced_logits_shape=(256, 101)
[Epoch 269] lr=0.002612 train_loss=0.0253 loss_reg=0.0097 val_acc=0.7677 val_nlpd=0.8902 val_ece=0.0510 kl_weight=0.000000 loss_kl_raw=561253.0000
[eval] adapter_cls=BayesPaperAdapter
[eval] raw_logits_shape=(10, 256, 101)
[eval] reduced_logits_shape=(256, 101)
[Epoch 270] lr=0.002447 train_loss=0.0253 loss_reg=0.0097 val_acc=0.7671 val_nlpd=0.8905 val_ece=0.0513 kl_weight=0.000000 loss_kl_raw=561274.8750
[eval] adapter_cls=BayesPaperAdapter
[eval] raw_logits_shape=(10, 256, 101)
[eval] reduced_logits_shape=(256, 101)
[Epoch 271] lr=0.002288 train_loss=0.0253 loss_reg=0.0098 val_acc=0.7661 val_nlpd=0.8927 val_ece=0.0520 kl_weight=0.000000 loss_kl_raw=561295.3750
[eval] adapter_cls=BayesPaperAdapter
[eval] raw_logits_shape=(10, 256, 101)
[eval] reduced_logits_shape=(256, 101)
[Epoch 272] lr=0.002134 train_loss=0.0253 loss_reg=0.0098 val_acc=0.7655 val_nlpd=0.8927 val_ece=0.0526 kl_weight=0.000000 loss_kl_raw=561314.5625
[eval] adapter_cls=BayesPaperAdapter
[eval] raw_logits_shape=(10, 256, 101)
[eval] reduced_logits_shape=(256, 101)
[Epoch 273] lr=0.001985 train_loss=0.0253 loss_reg=0.0098 val_acc=0.7666 val_nlpd=0.8884 val_ece=0.0519 kl_weight=0.000000 loss_kl_raw=561332.4375
[eval] adapter_cls=BayesPaperAdapter
[eval] raw_logits_shape=(10, 256, 101)
[eval] reduced_logits_shape=(256, 101)
[Epoch 274] lr=0.001842 train_loss=0.0254 loss_reg=0.0099 val_acc=0.7677 val_nlpd=0.8891 val_ece=0.0506 kl_weight=0.000000 loss_kl_raw=561349.0625
[eval] adapter_cls=BayesPaperAdapter
[eval] raw_logits_shape=(10, 256, 101)
[eval] reduced_logits_shape=(256, 101)
[Epoch 275] lr=0.001704 train_loss=0.0254 loss_reg=0.0099 val_acc=0.7671 val_nlpd=0.8909 val_ece=0.0512 kl_weight=0.000000 loss_kl_raw=561364.5000
[eval] adapter_cls=BayesPaperAdapter
[eval] raw_logits_shape=(10, 256, 101)
[eval] reduced_logits_shape=(256, 101)
[Epoch 276] lr=0.001571 train_loss=0.0257 loss_reg=0.0100 val_acc=0.7650 val_nlpd=0.8930 val_ece=0.0535 kl_weight=0.000000 loss_kl_raw=561378.7500
[eval] adapter_cls=BayesPaperAdapter
[eval] raw_logits_shape=(10, 256, 101)
[eval] reduced_logits_shape=(256, 101)
[Epoch 277] lr=0.001443 train_loss=0.0255 loss_reg=0.0100 val_acc=0.7666 val_nlpd=0.8909 val_ece=0.0515 kl_weight=0.000000 loss_kl_raw=561392.0625
[eval] adapter_cls=BayesPaperAdapter
[eval] raw_logits_shape=(10, 256, 101)
[eval] reduced_logits_shape=(256, 101)
[Epoch 278] lr=0.001321 train_loss=0.0256 loss_reg=0.0100 val_acc=0.7661 val_nlpd=0.8910 val_ece=0.0527 kl_weight=0.000000 loss_kl_raw=561404.2500
[eval] adapter_cls=BayesPaperAdapter
[eval] raw_logits_shape=(10, 256, 101)
[eval] reduced_logits_shape=(256, 101)
[Epoch 279] lr=0.001204 train_loss=0.0256 loss_reg=0.0101 val_acc=0.7682 val_nlpd=0.8883 val_ece=0.0502 kl_weight=0.000000 loss_kl_raw=561415.3750
[eval] adapter_cls=BayesPaperAdapter
[eval] raw_logits_shape=(10, 256, 101)
[eval] reduced_logits_shape=(256, 101)
[Epoch 280] lr=0.001093 train_loss=0.0256 loss_reg=0.0101 val_acc=0.7640 val_nlpd=0.8891 val_ece=0.0546 kl_weight=0.000000 loss_kl_raw=561425.6250
[eval] adapter_cls=BayesPaperAdapter
[eval] raw_logits_shape=(10, 256, 101)
[eval] reduced_logits_shape=(256, 101)
[Epoch 281] lr=0.000986 train_loss=0.0257 loss_reg=0.0101 val_acc=0.7671 val_nlpd=0.8880 val_ece=0.0517 kl_weight=0.000000 loss_kl_raw=561434.8750
[eval] adapter_cls=BayesPaperAdapter
[eval] raw_logits_shape=(10, 256, 101)
[eval] reduced_logits_shape=(256, 101)
[Epoch 282] lr=0.000886 train_loss=0.0258 loss_reg=0.0102 val_acc=0.7671 val_nlpd=0.8912 val_ece=0.0514 kl_weight=0.000000 loss_kl_raw=561443.3750
[eval] adapter_cls=BayesPaperAdapter
[eval] raw_logits_shape=(10, 256, 101)
[eval] reduced_logits_shape=(256, 101)
[Epoch 283] lr=0.000790 train_loss=0.0258 loss_reg=0.0102 val_acc=0.7650 val_nlpd=0.8891 val_ece=0.0536 kl_weight=0.000000 loss_kl_raw=561450.9375
[eval] adapter_cls=BayesPaperAdapter
[eval] raw_logits_shape=(10, 256, 101)
[eval] reduced_logits_shape=(256, 101)
[Epoch 284] lr=0.000700 train_loss=0.0258 loss_reg=0.0102 val_acc=0.7671 val_nlpd=0.8897 val_ece=0.0515 kl_weight=0.000000 loss_kl_raw=561457.6875
[eval] adapter_cls=BayesPaperAdapter
[eval] raw_logits_shape=(10, 256, 101)
[eval] reduced_logits_shape=(256, 101)
[Epoch 285] lr=0.000616 train_loss=0.0259 loss_reg=0.0103 val_acc=0.7671 val_nlpd=0.8885 val_ece=0.0514 kl_weight=0.000000 loss_kl_raw=561463.7500
[eval] adapter_cls=BayesPaperAdapter
[eval] raw_logits_shape=(10, 256, 101)
[eval] reduced_logits_shape=(256, 101)
[Epoch 286] lr=0.000536 train_loss=0.0259 loss_reg=0.0103 val_acc=0.7655 val_nlpd=0.8900 val_ece=0.0529 kl_weight=0.000000 loss_kl_raw=561469.1250
[eval] adapter_cls=BayesPaperAdapter
[eval] raw_logits_shape=(10, 256, 101)
[eval] reduced_logits_shape=(256, 101)
[Epoch 287] lr=0.000463 train_loss=0.0260 loss_reg=0.0104 val_acc=0.7655 val_nlpd=0.8894 val_ece=0.0531 kl_weight=0.000000 loss_kl_raw=561473.8750
[eval] adapter_cls=BayesPaperAdapter
[eval] raw_logits_shape=(10, 256, 101)
[eval] reduced_logits_shape=(256, 101)
[Epoch 288] lr=0.000394 train_loss=0.0260 loss_reg=0.0104 val_acc=0.7661 val_nlpd=0.8923 val_ece=0.0522 kl_weight=0.000000 loss_kl_raw=561477.9375
[eval] adapter_cls=BayesPaperAdapter
[eval] raw_logits_shape=(10, 256, 101)
[eval] reduced_logits_shape=(256, 101)
[Epoch 289] lr=0.000331 train_loss=0.0260 loss_reg=0.0104 val_acc=0.7661 val_nlpd=0.8898 val_ece=0.0521 kl_weight=0.000000 loss_kl_raw=561481.4375
[eval] adapter_cls=BayesPaperAdapter
[eval] raw_logits_shape=(10, 256, 101)
[eval] reduced_logits_shape=(256, 101)
[Epoch 290] lr=0.000274 train_loss=0.0260 loss_reg=0.0105 val_acc=0.7682 val_nlpd=0.8896 val_ece=0.0503 kl_weight=0.000000 loss_kl_raw=561484.4375
[eval] adapter_cls=BayesPaperAdapter
[eval] raw_logits_shape=(10, 256, 101)
[eval] reduced_logits_shape=(256, 101)
[Epoch 291] lr=0.000222 train_loss=0.0260 loss_reg=0.0105 val_acc=0.7687 val_nlpd=0.8894 val_ece=0.0499 kl_weight=0.000000 loss_kl_raw=561486.9375
[eval] adapter_cls=BayesPaperAdapter
[eval] raw_logits_shape=(10, 256, 101)
[eval] reduced_logits_shape=(256, 101)
[Epoch 292] lr=0.000175 train_loss=0.0260 loss_reg=0.0105 val_acc=0.7687 val_nlpd=0.8888 val_ece=0.0499 kl_weight=0.000000 loss_kl_raw=561489.0000
[eval] adapter_cls=BayesPaperAdapter
[eval] raw_logits_shape=(10, 256, 101)
[eval] reduced_logits_shape=(256, 101)
[Epoch 293] lr=0.000134 train_loss=0.0261 loss_reg=0.0106 val_acc=0.7666 val_nlpd=0.8938 val_ece=0.0518 kl_weight=0.000000 loss_kl_raw=561490.6875
[eval] adapter_cls=BayesPaperAdapter
[eval] raw_logits_shape=(10, 256, 101)
[eval] reduced_logits_shape=(256, 101)
[Epoch 294] lr=0.000099 train_loss=0.0262 loss_reg=0.0106 val_acc=0.7677 val_nlpd=0.8901 val_ece=0.0512 kl_weight=0.000000 loss_kl_raw=561492.0000
[eval] adapter_cls=BayesPaperAdapter
[eval] raw_logits_shape=(10, 256, 101)
[eval] reduced_logits_shape=(256, 101)
[Epoch 295] lr=0.000069 train_loss=0.0261 loss_reg=0.0106 val_acc=0.7671 val_nlpd=0.8900 val_ece=0.0515 kl_weight=0.000000 loss_kl_raw=561493.0000
[eval] adapter_cls=BayesPaperAdapter
[eval] raw_logits_shape=(10, 256, 101)
[eval] reduced_logits_shape=(256, 101)
[Epoch 296] lr=0.000044 train_loss=0.0262 loss_reg=0.0107 val_acc=0.7666 val_nlpd=0.8911 val_ece=0.0517 kl_weight=0.000000 loss_kl_raw=561493.7500
[eval] adapter_cls=BayesPaperAdapter
[eval] raw_logits_shape=(10, 256, 101)
[eval] reduced_logits_shape=(256, 101)
[Epoch 297] lr=0.000025 train_loss=0.0264 loss_reg=0.0107 val_acc=0.7677 val_nlpd=0.8905 val_ece=0.0506 kl_weight=0.000000 loss_kl_raw=561494.2500
[eval] adapter_cls=BayesPaperAdapter
[eval] raw_logits_shape=(10, 256, 101)
[eval] reduced_logits_shape=(256, 101)
[Epoch 298] lr=0.000011 train_loss=0.0264 loss_reg=0.0107 val_acc=0.7677 val_nlpd=0.8926 val_ece=0.0508 kl_weight=0.000000 loss_kl_raw=561494.5000
[eval] adapter_cls=BayesPaperAdapter
[eval] raw_logits_shape=(10, 256, 101)
[eval] reduced_logits_shape=(256, 101)
[Epoch 299] lr=0.000003 train_loss=0.0264 loss_reg=0.0108 val_acc=0.7666 val_nlpd=0.8911 val_ece=0.0521 kl_weight=0.000000 loss_kl_raw=561494.6875
[eval] adapter_cls=BayesPaperAdapter
[eval] raw_logits_shape=(10, 256, 101)
[eval] reduced_logits_shape=(256, 101)
[Epoch 300] lr=0.000000 train_loss=0.0265 loss_reg=0.0108 val_acc=0.7671 val_nlpd=0.8891 val_ece=0.0514 kl_weight=0.000000 loss_kl_raw=561494.7500
[done] training complete:
{
  "family": "vlm_adapter",
  "variant": "BAYESADAPTER",
  "protocol": "id",
  "dataset": "ucf101",
  "seed": 2,
  "model_selection": "last",
  "selection_metric": "acc",
  "selection_mode": "max",
  "best_epoch": 254,
  "best_val_metrics_saved": {
    "loss": 0.8922263351205277,
    "acc": 0.7692307829856873,
    "nlpd": 0.8907160758972168,
    "ece": 0.04907146096229553,
    "aece": 0.049151528120292116,
    "raw_cov_99": 0.28398314118385315,
    "sel_acc_99": 0.9888682961463928,
    "reliable_99": 0.0,
    "cov_99": 0.0,
    "class_cov_99": 0.0,
    "raw_cov_95": 0.47629082202911377,
    "sel_acc_95": 0.9723451137542725,
    "reliable_95": 1.0,
    "cov_95": 0.47629082202911377,
    "class_cov_95": 0.9207920792079208,
    "raw_cov_90": 0.5484720468521118,
    "sel_acc_90": 0.9596541523933411,
    "reliable_90": 1.0,
    "cov_90": 0.5484720468521118,
    "class_cov_90": 0.9702970297029703,
    "raw_cov_85": 0.6059009432792664,
    "sel_acc_85": 0.9417391419410706,
    "reliable_85": 1.0,
    "cov_85": 0.6059009432792664,
    "class_cov_85": 0.9900990099009901,
    "raw_cov_80": 0.6591148376464844,
    "sel_acc_80": 0.9256594777107239,
    "reliable_80": 1.0,
    "cov_80": 0.6591148376464844,
    "class_cov_80": 0.9900990099009901
  },
  "last_epoch": 300,
  "last_val_metrics_saved": {
    "loss": 0.8907236491415348,
    "acc": 0.767123281955719,
    "nlpd": 0.8891421556472778,
    "ece": 0.051436301320791245,
    "aece": 0.05139937211766259,
    "raw_cov_99": 0.28398314118385315,
    "sel_acc_99": 0.9888682961463928,
    "reliable_99": 0.0,
    "cov_99": 0.0,
    "class_cov_99": 0.0,
    "raw_cov_95": 0.47471022605895996,
    "sel_acc_95": 0.973362922668457,
    "reliable_95": 1.0,
    "cov_95": 0.47471022605895996,
    "class_cov_95": 0.9207920792079208,
    "raw_cov_90": 0.5484720468521118,
    "sel_acc_90": 0.9596541523933411,
    "reliable_90": 1.0,
    "cov_90": 0.5484720468521118,
    "class_cov_90": 0.9702970297029703,
    "raw_cov_85": 0.6048471927642822,
    "sel_acc_85": 0.9451219439506531,
    "reliable_85": 1.0,
    "cov_85": 0.6048471927642822,
    "class_cov_85": 0.9900990099009901,
    "raw_cov_80": 0.6601685881614685,
    "sel_acc_80": 0.9249800443649292,
    "reliable_80": 1.0,
    "cov_80": 0.6601685881614685,
    "class_cov_80": 1.0
  },
  "run_dir": "/root/autodl-tmp/BayesVLM/output/vlm_adapter/id/ucf101/BAYESADAPTER/BAYESADAPTER/logit_scale_frozen/prior_text_only__seed_2__last/shot_2/seed_2",
  "elapsed_seconds": 23.01,
  "artifacts": {
    "log_file": "train/train.log",
    "config_file": "config/config.json",
    "class_names_file": "config/class_names.json",
    "metrics_csv_file": "train/metrics_history.csv",
    "best_ckpt_file": "checkpoints/best_adapter.pt",
    "last_ckpt_file": "checkpoints/last_adapter.pt"
  }
}
