[run] family=vlm_adapter
[run] variant=BAYESADAPTER
[run] protocol=id
[run] dataset=ucf101
[run] model=clip-base
[run] shots_per_class=8
[run] seed=3
[run] device=cuda
[run] run_dir=/root/autodl-tmp/BayesVLM/output/vlm_adapter/id/ucf101/BAYESADAPTER/BAYESADAPTER/logit_scale_frozen/prior_text_only__seed_3__last/shot_8/seed_3
[run] optimizer=sgd
[run] lr_scheduler=cosine
[run] model_selection=last
[note] pseudo_data_count=None retained only for explicit config parity.
[note] bayesadapter_covariance_mode=paper_scalar
[note] bayesadapter_text_only_run_dir=./output/text_only_bayes_coop_bayes/id/ucf101/logit_scale_frozen/shot_8/seed_3
[note] bayesadapter_text_only_ckpt=last
===== train =====
num_classes: 101
  0 | Apply_Eye_Makeup          | 8
  1 | Apply_Lipstick            | 8
  2 | Archery                   | 8
  3 | Baby_Crawling             | 8
  4 | Balance_Beam              | 8
  5 | Band_Marching             | 8
  6 | Baseball_Pitch            | 8
  7 | Basketball                | 8
  8 | Basketball_Dunk           | 8
  9 | Bench_Press               | 8
 10 | Biking                    | 8
 11 | Billiards                 | 8
 12 | Blow_Dry_Hair             | 8
 13 | Blowing_Candles           | 8
 14 | Body_Weight_Squats        | 8
 15 | Bowling                   | 8
 16 | Boxing_Punching_Bag       | 8
 17 | Boxing_Speed_Bag          | 8
 18 | Breast_Stroke             | 8
 19 | Brushing_Teeth            | 8
 20 | Clean_And_Jerk            | 8
 21 | Cliff_Diving              | 8
 22 | Cricket_Bowling           | 8
 23 | Cricket_Shot              | 8
 24 | Cutting_In_Kitchen        | 8
 25 | Diving                    | 8
 26 | Drumming                  | 8
 27 | Fencing                   | 8
 28 | Field_Hockey_Penalty      | 8
 29 | Floor_Gymnastics          | 8
 30 | Frisbee_Catch             | 8
 31 | Front_Crawl               | 8
 32 | Golf_Swing                | 8
 33 | Haircut                   | 8
 34 | Hammering                 | 8
 35 | Hammer_Throw              | 8
 36 | Handstand_Pushups         | 8
 37 | Handstand_Walking         | 8
 38 | Head_Massage              | 8
 39 | High_Jump                 | 8
 40 | Horse_Race                | 8
 41 | Horse_Riding              | 8
 42 | Hula_Hoop                 | 8
 43 | Ice_Dancing               | 8
 44 | Javelin_Throw             | 8
 45 | Juggling_Balls            | 8
 46 | Jumping_Jack              | 8
 47 | Jump_Rope                 | 8
 48 | Kayaking                  | 8
 49 | Knitting                  | 8
 50 | Long_Jump                 | 8
 51 | Lunges                    | 8
 52 | Military_Parade           | 8
 53 | Mixing                    | 8
 54 | Mopping_Floor             | 8
 55 | Nunchucks                 | 8
 56 | Parallel_Bars             | 8
 57 | Pizza_Tossing             | 8
 58 | Playing_Cello             | 8
 59 | Playing_Daf               | 8
 60 | Playing_Dhol              | 8
 61 | Playing_Flute             | 8
 62 | Playing_Guitar            | 8
 63 | Playing_Piano             | 8
 64 | Playing_Sitar             | 8
 65 | Playing_Tabla             | 8
 66 | Playing_Violin            | 8
 67 | Pole_Vault                | 8
 68 | Pommel_Horse              | 8
 69 | Pull_Ups                  | 8
 70 | Punch                     | 8
 71 | Push_Ups                  | 8
 72 | Rafting                   | 8
 73 | Rock_Climbing_Indoor      | 8
 74 | Rope_Climbing             | 8
 75 | Rowing                    | 8
 76 | Salsa_Spin                | 8
 77 | Shaving_Beard             | 8
 78 | Shotput                   | 8
 79 | Skate_Boarding            | 8
 80 | Skiing                    | 8
 81 | Skijet                    | 8
 82 | Sky_Diving                | 8
 83 | Soccer_Juggling           | 8
 84 | Soccer_Penalty            | 8
 85 | Still_Rings               | 8
 86 | Sumo_Wrestling            | 8
 87 | Surfing                   | 8
 88 | Swing                     | 8
 89 | Table_Tennis_Shot         | 8
 90 | Tai_Chi                   | 8
 91 | Tennis_Swing              | 8
 92 | Throw_Discus              | 8
 93 | Trampoline_Jumping        | 8
 94 | Typing                    | 8
 95 | Uneven_Bars               | 8
 96 | Volleyball_Spiking        | 8
 97 | Walking_With_Dog          | 8
 98 | Wall_Pushups              | 8
 99 | Writing_On_Board          | 8
100 | Yo_Yo                     | 8
===== test =====
num_classes: 101
  0 | Apply_Eye_Makeup          | 44
  1 | Apply_Lipstick            | 32
  2 | Archery                   | 41
  3 | Baby_Crawling             | 35
  4 | Balance_Beam              | 31
  5 | Band_Marching             | 43
  6 | Baseball_Pitch            | 43
  7 | Basketball                | 35
  8 | Basketball_Dunk           | 37
  9 | Bench_Press               | 48
 10 | Biking                    | 38
 11 | Billiards                 | 40
 12 | Blow_Dry_Hair             | 38
 13 | Blowing_Candles           | 33
 14 | Body_Weight_Squats        | 30
 15 | Bowling                   | 43
 16 | Boxing_Punching_Bag       | 49
 17 | Boxing_Speed_Bag          | 37
 18 | Breast_Stroke             | 28
 19 | Brushing_Teeth            | 36
 20 | Clean_And_Jerk            | 33
 21 | Cliff_Diving              | 39
 22 | Cricket_Bowling           | 36
 23 | Cricket_Shot              | 49
 24 | Cutting_In_Kitchen        | 33
 25 | Diving                    | 45
 26 | Drumming                  | 45
 27 | Fencing                   | 34
 28 | Field_Hockey_Penalty      | 40
 29 | Floor_Gymnastics          | 36
 30 | Frisbee_Catch             | 37
 31 | Front_Crawl               | 37
 32 | Golf_Swing                | 39
 33 | Haircut                   | 33
 34 | Hammering                 | 33
 35 | Hammer_Throw              | 45
 36 | Handstand_Pushups         | 28
 37 | Handstand_Walking         | 34
 38 | Head_Massage              | 41
 39 | High_Jump                 | 37
 40 | Horse_Race                | 35
 41 | Horse_Riding              | 49
 42 | Hula_Hoop                 | 34
 43 | Ice_Dancing               | 46
 44 | Javelin_Throw             | 31
 45 | Juggling_Balls            | 40
 46 | Jumping_Jack              | 37
 47 | Jump_Rope                 | 38
 48 | Kayaking                  | 36
 49 | Knitting                  | 34
 50 | Long_Jump                 | 39
 51 | Lunges                    | 37
 52 | Military_Parade           | 33
 53 | Mixing                    | 45
 54 | Mopping_Floor             | 34
 55 | Nunchucks                 | 35
 56 | Parallel_Bars             | 37
 57 | Pizza_Tossing             | 33
 58 | Playing_Cello             | 44
 59 | Playing_Daf               | 41
 60 | Playing_Dhol              | 49
 61 | Playing_Flute             | 48
 62 | Playing_Guitar            | 43
 63 | Playing_Piano             | 28
 64 | Playing_Sitar             | 44
 65 | Playing_Tabla             | 31
 66 | Playing_Violin            | 28
 67 | Pole_Vault                | 40
 68 | Pommel_Horse              | 35
 69 | Pull_Ups                  | 28
 70 | Punch                     | 39
 71 | Push_Ups                  | 30
 72 | Rafting                   | 28
 73 | Rock_Climbing_Indoor      | 41
 74 | Rope_Climbing             | 34
 75 | Rowing                    | 36
 76 | Salsa_Spin                | 43
 77 | Shaving_Beard             | 43
 78 | Shotput                   | 46
 79 | Skate_Boarding            | 32
 80 | Skiing                    | 40
 81 | Skijet                    | 28
 82 | Sky_Diving                | 31
 83 | Soccer_Juggling           | 39
 84 | Soccer_Penalty            | 41
 85 | Still_Rings               | 32
 86 | Sumo_Wrestling            | 34
 87 | Surfing                   | 33
 88 | Swing                     | 42
 89 | Table_Tennis_Shot         | 39
 90 | Tai_Chi                   | 28
 91 | Tennis_Swing              | 49
 92 | Throw_Discus              | 38
 93 | Trampoline_Jumping        | 32
 94 | Typing                    | 43
 95 | Uneven_Bars               | 28
 96 | Volleyball_Spiking        | 35
 97 | Walking_With_Dog          | 36
 98 | Wall_Pushups              | 35
 99 | Writing_On_Board          | 45
100 | Yo_Yo                     | 36
[load_model] 使用本地模型目录：/root/autodl-tmp/BayesVLM/models/clip-vit-b32
[cache] dataset=ucf101 split=id_train cache_dir=/root/autodl-tmp/BayesVLM/cache/image_features/ucf101/model_clip-base/weights__root_autodl-tmp_BayesVLM_models_clip-vit-b32/imgsz_224/tfm_cf4d0ebdf93a/id_train
[cache] manifest 不匹配，准备重建。
[cache] manifest_diff_keys=['sample_keys_sha256']
[cache]   sample_keys_sha256: current=277836b0f8a39b9df6ca862f904f43d4709709f3c55c0307dec2ae18fcd0c145 | expected=d0cc341eb8fbe22037e67cbf94da659b0f23b9429b5d0d99b24f3eeab350c70d
  0%|          | 0/4 [00:00<?, ?it/s] 25%|##5       | 1/4 [00:01<00:03,  1.17s/it] 75%|#######5  | 3/4 [00:01<00:00,  2.74it/s]100%|##########| 4/4 [00:01<00:00,  2.96it/s]
[cache] 已完成重建并写入 manifest。
[cache] dataset=ucf101 split=id_train_eval cache_dir=/root/autodl-tmp/BayesVLM/cache/image_features/ucf101/model_clip-base/weights__root_autodl-tmp_BayesVLM_models_clip-vit-b32/imgsz_224/tfm_cf4d0ebdf93a/id_train_eval
[cache] manifest 不匹配，准备重建。
[cache] manifest_diff_keys=['sample_keys_sha256']
[cache]   sample_keys_sha256: current=277836b0f8a39b9df6ca862f904f43d4709709f3c55c0307dec2ae18fcd0c145 | expected=d0cc341eb8fbe22037e67cbf94da659b0f23b9429b5d0d99b24f3eeab350c70d
  0%|          | 0/4 [00:00<?, ?it/s] 25%|##5       | 1/4 [00:01<00:03,  1.19s/it] 75%|#######5  | 3/4 [00:01<00:00,  2.70it/s]100%|##########| 4/4 [00:01<00:00,  2.91it/s]
[cache] 已完成重建并写入 manifest。
[cache] dataset=ucf101 split=id_val cache_dir=/root/autodl-tmp/BayesVLM/cache/image_features/ucf101/model_clip-base/weights__root_autodl-tmp_BayesVLM_models_clip-vit-b32/imgsz_224/tfm_cf4d0ebdf93a/id_val
[cache] 命中缓存，直接加载。
[cache] dataset=ucf101 split=id_test cache_dir=/root/autodl-tmp/BayesVLM/cache/image_features/ucf101/model_clip-base/weights__root_autodl-tmp_BayesVLM_models_clip-vit-b32/imgsz_224/tfm_cf4d0ebdf93a/id_test
[cache] 命中缓存，直接加载。
[train] starting training loop ...
[eval] adapter_cls=BayesPaperAdapter
[eval] raw_logits_shape=(10, 256, 101)
[eval] reduced_logits_shape=(256, 101)
[Epoch 001] lr=0.099997 train_loss=1.3481 loss_reg=0.0000 val_acc=0.6691 val_nlpd=1.1931 val_ece=0.0811 kl_weight=0.000000 loss_kl_raw=52545.7500
[eval] adapter_cls=BayesPaperAdapter
[eval] raw_logits_shape=(10, 256, 101)
[eval] reduced_logits_shape=(256, 101)
[Epoch 002] lr=0.099989 train_loss=1.1276 loss_reg=0.0000 val_acc=0.6907 val_nlpd=1.0883 val_ece=0.0623 kl_weight=0.000000 loss_kl_raw=63487.8828
[eval] adapter_cls=BayesPaperAdapter
[eval] raw_logits_shape=(10, 256, 101)
[eval] reduced_logits_shape=(256, 101)
[Epoch 003] lr=0.099975 train_loss=0.9743 loss_reg=0.0000 val_acc=0.7097 val_nlpd=1.0257 val_ece=0.0473 kl_weight=0.000000 loss_kl_raw=87310.2422
[eval] adapter_cls=BayesPaperAdapter
[eval] raw_logits_shape=(10, 256, 101)
[eval] reduced_logits_shape=(256, 101)
[Epoch 004] lr=0.099956 train_loss=0.8416 loss_reg=0.0000 val_acc=0.7197 val_nlpd=0.9527 val_ece=0.0431 kl_weight=0.000000 loss_kl_raw=116093.3672
[eval] adapter_cls=BayesPaperAdapter
[eval] raw_logits_shape=(10, 256, 101)
[eval] reduced_logits_shape=(256, 101)
[Epoch 005] lr=0.099931 train_loss=0.7217 loss_reg=0.0000 val_acc=0.7376 val_nlpd=0.8905 val_ece=0.0324 kl_weight=0.000000 loss_kl_raw=148076.0781
[eval] adapter_cls=BayesPaperAdapter
[eval] raw_logits_shape=(10, 256, 101)
[eval] reduced_logits_shape=(256, 101)
[Epoch 006] lr=0.099901 train_loss=0.6280 loss_reg=0.0001 val_acc=0.7487 val_nlpd=0.8468 val_ece=0.0302 kl_weight=0.000000 loss_kl_raw=182999.6562
[eval] adapter_cls=BayesPaperAdapter
[eval] raw_logits_shape=(10, 256, 101)
[eval] reduced_logits_shape=(256, 101)
[Epoch 007] lr=0.099866 train_loss=0.5310 loss_reg=0.0001 val_acc=0.7550 val_nlpd=0.8079 val_ece=0.0309 kl_weight=0.000000 loss_kl_raw=221679.5781
[eval] adapter_cls=BayesPaperAdapter
[eval] raw_logits_shape=(10, 256, 101)
[eval] reduced_logits_shape=(256, 101)
[Epoch 008] lr=0.099825 train_loss=0.4503 loss_reg=0.0001 val_acc=0.7724 val_nlpd=0.7692 val_ece=0.0173 kl_weight=0.000000 loss_kl_raw=261750.2812
[eval] adapter_cls=BayesPaperAdapter
[eval] raw_logits_shape=(10, 256, 101)
[eval] reduced_logits_shape=(256, 101)
[Epoch 009] lr=0.099778 train_loss=0.3878 loss_reg=0.0001 val_acc=0.7734 val_nlpd=0.7403 val_ece=0.0211 kl_weight=0.000000 loss_kl_raw=302527.0000
[eval] adapter_cls=BayesPaperAdapter
[eval] raw_logits_shape=(10, 256, 101)
[eval] reduced_logits_shape=(256, 101)
[Epoch 010] lr=0.099726 train_loss=0.3377 loss_reg=0.0002 val_acc=0.7856 val_nlpd=0.7194 val_ece=0.0222 kl_weight=0.000000 loss_kl_raw=343923.6562
[eval] adapter_cls=BayesPaperAdapter
[eval] raw_logits_shape=(10, 256, 101)
[eval] reduced_logits_shape=(256, 101)
[Epoch 011] lr=0.099669 train_loss=0.2964 loss_reg=0.0002 val_acc=0.7935 val_nlpd=0.7004 val_ece=0.0123 kl_weight=0.000000 loss_kl_raw=383413.2812
[eval] adapter_cls=BayesPaperAdapter
[eval] raw_logits_shape=(10, 256, 101)
[eval] reduced_logits_shape=(256, 101)
[Epoch 012] lr=0.099606 train_loss=0.2582 loss_reg=0.0003 val_acc=0.7893 val_nlpd=0.6989 val_ece=0.0249 kl_weight=0.000000 loss_kl_raw=423470.0000
[eval] adapter_cls=BayesPaperAdapter
[eval] raw_logits_shape=(10, 256, 101)
[eval] reduced_logits_shape=(256, 101)
[Epoch 013] lr=0.099537 train_loss=0.2440 loss_reg=0.0003 val_acc=0.7961 val_nlpd=0.6898 val_ece=0.0244 kl_weight=0.000000 loss_kl_raw=461814.9375
[eval] adapter_cls=BayesPaperAdapter
[eval] raw_logits_shape=(10, 256, 101)
[eval] reduced_logits_shape=(256, 101)
[Epoch 014] lr=0.099464 train_loss=0.2165 loss_reg=0.0004 val_acc=0.7982 val_nlpd=0.6729 val_ece=0.0222 kl_weight=0.000000 loss_kl_raw=498801.0000
[eval] adapter_cls=BayesPaperAdapter
[eval] raw_logits_shape=(10, 256, 101)
[eval] reduced_logits_shape=(256, 101)
[Epoch 015] lr=0.099384 train_loss=0.1932 loss_reg=0.0005 val_acc=0.7987 val_nlpd=0.6671 val_ece=0.0254 kl_weight=0.000000 loss_kl_raw=533174.3750
[eval] adapter_cls=BayesPaperAdapter
[eval] raw_logits_shape=(10, 256, 101)
[eval] reduced_logits_shape=(256, 101)
[Epoch 016] lr=0.099300 train_loss=0.1814 loss_reg=0.0005 val_acc=0.8003 val_nlpd=0.6618 val_ece=0.0279 kl_weight=0.000000 loss_kl_raw=567140.8750
[eval] adapter_cls=BayesPaperAdapter
[eval] raw_logits_shape=(10, 256, 101)
[eval] reduced_logits_shape=(256, 101)
[Epoch 017] lr=0.099210 train_loss=0.1668 loss_reg=0.0006 val_acc=0.8056 val_nlpd=0.6618 val_ece=0.0124 kl_weight=0.000000 loss_kl_raw=598300.5000
[eval] adapter_cls=BayesPaperAdapter
[eval] raw_logits_shape=(10, 256, 101)
[eval] reduced_logits_shape=(256, 101)
[Epoch 018] lr=0.099114 train_loss=0.1496 loss_reg=0.0007 val_acc=0.8087 val_nlpd=0.6575 val_ece=0.0148 kl_weight=0.000000 loss_kl_raw=625894.4375
[eval] adapter_cls=BayesPaperAdapter
[eval] raw_logits_shape=(10, 256, 101)
[eval] reduced_logits_shape=(256, 101)
[Epoch 019] lr=0.099014 train_loss=0.1416 loss_reg=0.0007 val_acc=0.8093 val_nlpd=0.6515 val_ece=0.0143 kl_weight=0.000000 loss_kl_raw=652231.5000
[eval] adapter_cls=BayesPaperAdapter
[eval] raw_logits_shape=(10, 256, 101)
[eval] reduced_logits_shape=(256, 101)
[Epoch 020] lr=0.098907 train_loss=0.1317 loss_reg=0.0008 val_acc=0.8082 val_nlpd=0.6539 val_ece=0.0167 kl_weight=0.000000 loss_kl_raw=678075.5625
[eval] adapter_cls=BayesPaperAdapter
[eval] raw_logits_shape=(10, 256, 101)
[eval] reduced_logits_shape=(256, 101)
[Epoch 021] lr=0.098796 train_loss=0.1246 loss_reg=0.0009 val_acc=0.8109 val_nlpd=0.6480 val_ece=0.0193 kl_weight=0.000000 loss_kl_raw=704489.3750
[eval] adapter_cls=BayesPaperAdapter
[eval] raw_logits_shape=(10, 256, 101)
[eval] reduced_logits_shape=(256, 101)
[Epoch 022] lr=0.098679 train_loss=0.1153 loss_reg=0.0010 val_acc=0.8119 val_nlpd=0.6456 val_ece=0.0209 kl_weight=0.000000 loss_kl_raw=729020.8750
[eval] adapter_cls=BayesPaperAdapter
[eval] raw_logits_shape=(10, 256, 101)
[eval] reduced_logits_shape=(256, 101)
[Epoch 023] lr=0.098557 train_loss=0.1109 loss_reg=0.0011 val_acc=0.8098 val_nlpd=0.6397 val_ece=0.0183 kl_weight=0.000000 loss_kl_raw=752652.4375
[eval] adapter_cls=BayesPaperAdapter
[eval] raw_logits_shape=(10, 256, 101)
[eval] reduced_logits_shape=(256, 101)
[Epoch 024] lr=0.098429 train_loss=0.1018 loss_reg=0.0011 val_acc=0.8124 val_nlpd=0.6333 val_ece=0.0149 kl_weight=0.000000 loss_kl_raw=774963.3750
[eval] adapter_cls=BayesPaperAdapter
[eval] raw_logits_shape=(10, 256, 101)
[eval] reduced_logits_shape=(256, 101)
[Epoch 025] lr=0.098296 train_loss=0.0977 loss_reg=0.0012 val_acc=0.8103 val_nlpd=0.6320 val_ece=0.0164 kl_weight=0.000000 loss_kl_raw=796071.6250
[eval] adapter_cls=BayesPaperAdapter
[eval] raw_logits_shape=(10, 256, 101)
[eval] reduced_logits_shape=(256, 101)
[Epoch 026] lr=0.098158 train_loss=0.0916 loss_reg=0.0013 val_acc=0.8114 val_nlpd=0.6274 val_ece=0.0210 kl_weight=0.000000 loss_kl_raw=816903.5000
[eval] adapter_cls=BayesPaperAdapter
[eval] raw_logits_shape=(10, 256, 101)
[eval] reduced_logits_shape=(256, 101)
[Epoch 027] lr=0.098015 train_loss=0.0862 loss_reg=0.0014 val_acc=0.8156 val_nlpd=0.6286 val_ece=0.0223 kl_weight=0.000000 loss_kl_raw=837345.0625
[eval] adapter_cls=BayesPaperAdapter
[eval] raw_logits_shape=(10, 256, 101)
[eval] reduced_logits_shape=(256, 101)
[Epoch 028] lr=0.097866 train_loss=0.0836 loss_reg=0.0015 val_acc=0.8119 val_nlpd=0.6300 val_ece=0.0232 kl_weight=0.000000 loss_kl_raw=857578.0000
[eval] adapter_cls=BayesPaperAdapter
[eval] raw_logits_shape=(10, 256, 101)
[eval] reduced_logits_shape=(256, 101)
[Epoch 029] lr=0.097712 train_loss=0.0795 loss_reg=0.0016 val_acc=0.8156 val_nlpd=0.6215 val_ece=0.0228 kl_weight=0.000000 loss_kl_raw=877207.3125
[eval] adapter_cls=BayesPaperAdapter
[eval] raw_logits_shape=(10, 256, 101)
[eval] reduced_logits_shape=(256, 101)
[Epoch 030] lr=0.097553 train_loss=0.0743 loss_reg=0.0017 val_acc=0.8166 val_nlpd=0.6181 val_ece=0.0216 kl_weight=0.000000 loss_kl_raw=895615.1250
[eval] adapter_cls=BayesPaperAdapter
[eval] raw_logits_shape=(10, 256, 101)
[eval] reduced_logits_shape=(256, 101)
[Epoch 031] lr=0.097388 train_loss=0.0707 loss_reg=0.0018 val_acc=0.8172 val_nlpd=0.6159 val_ece=0.0212 kl_weight=0.000000 loss_kl_raw=914146.0000
[eval] adapter_cls=BayesPaperAdapter
[eval] raw_logits_shape=(10, 256, 101)
[eval] reduced_logits_shape=(256, 101)
[Epoch 032] lr=0.097219 train_loss=0.0678 loss_reg=0.0018 val_acc=0.8230 val_nlpd=0.6169 val_ece=0.0203 kl_weight=0.000000 loss_kl_raw=931224.9375
[eval] adapter_cls=BayesPaperAdapter
[eval] raw_logits_shape=(10, 256, 101)
[eval] reduced_logits_shape=(256, 101)
[Epoch 033] lr=0.097044 train_loss=0.0667 loss_reg=0.0019 val_acc=0.8219 val_nlpd=0.6139 val_ece=0.0238 kl_weight=0.000000 loss_kl_raw=947834.7500
[eval] adapter_cls=BayesPaperAdapter
[eval] raw_logits_shape=(10, 256, 101)
[eval] reduced_logits_shape=(256, 101)
[Epoch 034] lr=0.096864 train_loss=0.0636 loss_reg=0.0020 val_acc=0.8224 val_nlpd=0.6129 val_ece=0.0186 kl_weight=0.000000 loss_kl_raw=963505.7500
[eval] adapter_cls=BayesPaperAdapter
[eval] raw_logits_shape=(10, 256, 101)
[eval] reduced_logits_shape=(256, 101)
[Epoch 035] lr=0.096679 train_loss=0.0615 loss_reg=0.0021 val_acc=0.8240 val_nlpd=0.6102 val_ece=0.0201 kl_weight=0.000000 loss_kl_raw=978651.8125
[eval] adapter_cls=BayesPaperAdapter
[eval] raw_logits_shape=(10, 256, 101)
[eval] reduced_logits_shape=(256, 101)
[Epoch 036] lr=0.096489 train_loss=0.0595 loss_reg=0.0022 val_acc=0.8219 val_nlpd=0.6120 val_ece=0.0217 kl_weight=0.000000 loss_kl_raw=993317.1875
[eval] adapter_cls=BayesPaperAdapter
[eval] raw_logits_shape=(10, 256, 101)
[eval] reduced_logits_shape=(256, 101)
[Epoch 037] lr=0.096294 train_loss=0.0583 loss_reg=0.0023 val_acc=0.8177 val_nlpd=0.6103 val_ece=0.0257 kl_weight=0.000000 loss_kl_raw=1007624.8750
[eval] adapter_cls=BayesPaperAdapter
[eval] raw_logits_shape=(10, 256, 101)
[eval] reduced_logits_shape=(256, 101)
[Epoch 038] lr=0.096093 train_loss=0.0570 loss_reg=0.0024 val_acc=0.8166 val_nlpd=0.6073 val_ece=0.0294 kl_weight=0.000000 loss_kl_raw=1021328.3125
[eval] adapter_cls=BayesPaperAdapter
[eval] raw_logits_shape=(10, 256, 101)
[eval] reduced_logits_shape=(256, 101)
[Epoch 039] lr=0.095888 train_loss=0.0552 loss_reg=0.0025 val_acc=0.8140 val_nlpd=0.6076 val_ece=0.0253 kl_weight=0.000000 loss_kl_raw=1034150.8125
[eval] adapter_cls=BayesPaperAdapter
[eval] raw_logits_shape=(10, 256, 101)
[eval] reduced_logits_shape=(256, 101)
[Epoch 040] lr=0.095677 train_loss=0.0539 loss_reg=0.0026 val_acc=0.8161 val_nlpd=0.6066 val_ece=0.0257 kl_weight=0.000000 loss_kl_raw=1046826.7500
[eval] adapter_cls=BayesPaperAdapter
[eval] raw_logits_shape=(10, 256, 101)
[eval] reduced_logits_shape=(256, 101)
[Epoch 041] lr=0.095462 train_loss=0.0519 loss_reg=0.0027 val_acc=0.8203 val_nlpd=0.6059 val_ece=0.0264 kl_weight=0.000000 loss_kl_raw=1059433.2500
[eval] adapter_cls=BayesPaperAdapter
[eval] raw_logits_shape=(10, 256, 101)
[eval] reduced_logits_shape=(256, 101)
[Epoch 042] lr=0.095241 train_loss=0.0510 loss_reg=0.0028 val_acc=0.8172 val_nlpd=0.6081 val_ece=0.0271 kl_weight=0.000000 loss_kl_raw=1071021.0000
[eval] adapter_cls=BayesPaperAdapter
[eval] raw_logits_shape=(10, 256, 101)
[eval] reduced_logits_shape=(256, 101)
[Epoch 043] lr=0.095016 train_loss=0.0506 loss_reg=0.0029 val_acc=0.8198 val_nlpd=0.6080 val_ece=0.0237 kl_weight=0.000000 loss_kl_raw=1082607.5000
[eval] adapter_cls=BayesPaperAdapter
[eval] raw_logits_shape=(10, 256, 101)
[eval] reduced_logits_shape=(256, 101)
[Epoch 044] lr=0.094786 train_loss=0.0491 loss_reg=0.0030 val_acc=0.8214 val_nlpd=0.6025 val_ece=0.0219 kl_weight=0.000000 loss_kl_raw=1094237.5000
[eval] adapter_cls=BayesPaperAdapter
[eval] raw_logits_shape=(10, 256, 101)
[eval] reduced_logits_shape=(256, 101)
[Epoch 045] lr=0.094550 train_loss=0.0481 loss_reg=0.0031 val_acc=0.8193 val_nlpd=0.6044 val_ece=0.0231 kl_weight=0.000000 loss_kl_raw=1105435.7500
[eval] adapter_cls=BayesPaperAdapter
[eval] raw_logits_shape=(10, 256, 101)
[eval] reduced_logits_shape=(256, 101)
[Epoch 046] lr=0.094310 train_loss=0.0476 loss_reg=0.0032 val_acc=0.8193 val_nlpd=0.6055 val_ece=0.0230 kl_weight=0.000000 loss_kl_raw=1115942.3750
[eval] adapter_cls=BayesPaperAdapter
[eval] raw_logits_shape=(10, 256, 101)
[eval] reduced_logits_shape=(256, 101)
[Epoch 047] lr=0.094065 train_loss=0.0471 loss_reg=0.0033 val_acc=0.8193 val_nlpd=0.6026 val_ece=0.0261 kl_weight=0.000000 loss_kl_raw=1126006.1250
[eval] adapter_cls=BayesPaperAdapter
[eval] raw_logits_shape=(10, 256, 101)
[eval] reduced_logits_shape=(256, 101)
[Epoch 048] lr=0.093815 train_loss=0.0459 loss_reg=0.0034 val_acc=0.8172 val_nlpd=0.5995 val_ece=0.0265 kl_weight=0.000000 loss_kl_raw=1135835.8750
[eval] adapter_cls=BayesPaperAdapter
[eval] raw_logits_shape=(10, 256, 101)
[eval] reduced_logits_shape=(256, 101)
[Epoch 049] lr=0.093561 train_loss=0.0451 loss_reg=0.0035 val_acc=0.8151 val_nlpd=0.5987 val_ece=0.0314 kl_weight=0.000000 loss_kl_raw=1145621.0000
[eval] adapter_cls=BayesPaperAdapter
[eval] raw_logits_shape=(10, 256, 101)
[eval] reduced_logits_shape=(256, 101)
[Epoch 050] lr=0.093301 train_loss=0.0442 loss_reg=0.0036 val_acc=0.8193 val_nlpd=0.5985 val_ece=0.0240 kl_weight=0.000000 loss_kl_raw=1155591.2500
[eval] adapter_cls=BayesPaperAdapter
[eval] raw_logits_shape=(10, 256, 101)
[eval] reduced_logits_shape=(256, 101)
[Epoch 051] lr=0.093037 train_loss=0.0439 loss_reg=0.0037 val_acc=0.8177 val_nlpd=0.5992 val_ece=0.0321 kl_weight=0.000000 loss_kl_raw=1165107.6250
[eval] adapter_cls=BayesPaperAdapter
[eval] raw_logits_shape=(10, 256, 101)
[eval] reduced_logits_shape=(256, 101)
[Epoch 052] lr=0.092768 train_loss=0.0430 loss_reg=0.0038 val_acc=0.8219 val_nlpd=0.5977 val_ece=0.0230 kl_weight=0.000000 loss_kl_raw=1174310.7500
[eval] adapter_cls=BayesPaperAdapter
[eval] raw_logits_shape=(10, 256, 101)
[eval] reduced_logits_shape=(256, 101)
[Epoch 053] lr=0.092495 train_loss=0.0427 loss_reg=0.0040 val_acc=0.8224 val_nlpd=0.5948 val_ece=0.0235 kl_weight=0.000000 loss_kl_raw=1183017.7500
[eval] adapter_cls=BayesPaperAdapter
[eval] raw_logits_shape=(10, 256, 101)
[eval] reduced_logits_shape=(256, 101)
[Epoch 054] lr=0.092216 train_loss=0.0417 loss_reg=0.0041 val_acc=0.8209 val_nlpd=0.5938 val_ece=0.0249 kl_weight=0.000000 loss_kl_raw=1191608.6250
[eval] adapter_cls=BayesPaperAdapter
[eval] raw_logits_shape=(10, 256, 101)
[eval] reduced_logits_shape=(256, 101)
[Epoch 055] lr=0.091934 train_loss=0.0414 loss_reg=0.0042 val_acc=0.8193 val_nlpd=0.5948 val_ece=0.0278 kl_weight=0.000000 loss_kl_raw=1200293.1250
[eval] adapter_cls=BayesPaperAdapter
[eval] raw_logits_shape=(10, 256, 101)
[eval] reduced_logits_shape=(256, 101)
[Epoch 056] lr=0.091646 train_loss=0.0410 loss_reg=0.0043 val_acc=0.8188 val_nlpd=0.5953 val_ece=0.0294 kl_weight=0.000000 loss_kl_raw=1208703.7500
[eval] adapter_cls=BayesPaperAdapter
[eval] raw_logits_shape=(10, 256, 101)
[eval] reduced_logits_shape=(256, 101)
[Epoch 057] lr=0.091354 train_loss=0.0406 loss_reg=0.0044 val_acc=0.8198 val_nlpd=0.5943 val_ece=0.0273 kl_weight=0.000000 loss_kl_raw=1216741.7500
[eval] adapter_cls=BayesPaperAdapter
[eval] raw_logits_shape=(10, 256, 101)
[eval] reduced_logits_shape=(256, 101)
[Epoch 058] lr=0.091057 train_loss=0.0399 loss_reg=0.0045 val_acc=0.8214 val_nlpd=0.5926 val_ece=0.0278 kl_weight=0.000000 loss_kl_raw=1224931.0000
[eval] adapter_cls=BayesPaperAdapter
[eval] raw_logits_shape=(10, 256, 101)
[eval] reduced_logits_shape=(256, 101)
[Epoch 059] lr=0.090756 train_loss=0.0394 loss_reg=0.0046 val_acc=0.8230 val_nlpd=0.5924 val_ece=0.0296 kl_weight=0.000000 loss_kl_raw=1233172.5000
[eval] adapter_cls=BayesPaperAdapter
[eval] raw_logits_shape=(10, 256, 101)
[eval] reduced_logits_shape=(256, 101)
[Epoch 060] lr=0.090451 train_loss=0.0391 loss_reg=0.0047 val_acc=0.8224 val_nlpd=0.5958 val_ece=0.0274 kl_weight=0.000000 loss_kl_raw=1241371.3750
[eval] adapter_cls=BayesPaperAdapter
[eval] raw_logits_shape=(10, 256, 101)
[eval] reduced_logits_shape=(256, 101)
[Epoch 061] lr=0.090141 train_loss=0.0390 loss_reg=0.0048 val_acc=0.8214 val_nlpd=0.5951 val_ece=0.0273 kl_weight=0.000000 loss_kl_raw=1249735.8750
[eval] adapter_cls=BayesPaperAdapter
[eval] raw_logits_shape=(10, 256, 101)
[eval] reduced_logits_shape=(256, 101)
[Epoch 062] lr=0.089826 train_loss=0.0386 loss_reg=0.0049 val_acc=0.8203 val_nlpd=0.5967 val_ece=0.0290 kl_weight=0.000000 loss_kl_raw=1257699.8750
[eval] adapter_cls=BayesPaperAdapter
[eval] raw_logits_shape=(10, 256, 101)
[eval] reduced_logits_shape=(256, 101)
[Epoch 063] lr=0.089508 train_loss=0.0383 loss_reg=0.0050 val_acc=0.8209 val_nlpd=0.5947 val_ece=0.0289 kl_weight=0.000000 loss_kl_raw=1265402.5000
[eval] adapter_cls=BayesPaperAdapter
[eval] raw_logits_shape=(10, 256, 101)
[eval] reduced_logits_shape=(256, 101)
[Epoch 064] lr=0.089185 train_loss=0.0378 loss_reg=0.0052 val_acc=0.8230 val_nlpd=0.5941 val_ece=0.0262 kl_weight=0.000000 loss_kl_raw=1273050.5000
[eval] adapter_cls=BayesPaperAdapter
[eval] raw_logits_shape=(10, 256, 101)
[eval] reduced_logits_shape=(256, 101)
[Epoch 065] lr=0.088857 train_loss=0.0377 loss_reg=0.0053 val_acc=0.8235 val_nlpd=0.5917 val_ece=0.0250 kl_weight=0.000000 loss_kl_raw=1280536.5000
[eval] adapter_cls=BayesPaperAdapter
[eval] raw_logits_shape=(10, 256, 101)
[eval] reduced_logits_shape=(256, 101)
[Epoch 066] lr=0.088526 train_loss=0.0373 loss_reg=0.0054 val_acc=0.8235 val_nlpd=0.5919 val_ece=0.0279 kl_weight=0.000000 loss_kl_raw=1287729.7500
[eval] adapter_cls=BayesPaperAdapter
[eval] raw_logits_shape=(10, 256, 101)
[eval] reduced_logits_shape=(256, 101)
[Epoch 067] lr=0.088190 train_loss=0.0369 loss_reg=0.0055 val_acc=0.8224 val_nlpd=0.5906 val_ece=0.0264 kl_weight=0.000000 loss_kl_raw=1294672.5000
[eval] adapter_cls=BayesPaperAdapter
[eval] raw_logits_shape=(10, 256, 101)
[eval] reduced_logits_shape=(256, 101)
[Epoch 068] lr=0.087850 train_loss=0.0363 loss_reg=0.0056 val_acc=0.8251 val_nlpd=0.5900 val_ece=0.0239 kl_weight=0.000000 loss_kl_raw=1301965.5000
[eval] adapter_cls=BayesPaperAdapter
[eval] raw_logits_shape=(10, 256, 101)
[eval] reduced_logits_shape=(256, 101)
[Epoch 069] lr=0.087506 train_loss=0.0362 loss_reg=0.0057 val_acc=0.8272 val_nlpd=0.5880 val_ece=0.0223 kl_weight=0.000000 loss_kl_raw=1308938.0000
[eval] adapter_cls=BayesPaperAdapter
[eval] raw_logits_shape=(10, 256, 101)
[eval] reduced_logits_shape=(256, 101)
[Epoch 070] lr=0.087157 train_loss=0.0359 loss_reg=0.0058 val_acc=0.8251 val_nlpd=0.5881 val_ece=0.0249 kl_weight=0.000000 loss_kl_raw=1315817.2500
[eval] adapter_cls=BayesPaperAdapter
[eval] raw_logits_shape=(10, 256, 101)
[eval] reduced_logits_shape=(256, 101)
[Epoch 071] lr=0.086805 train_loss=0.0357 loss_reg=0.0060 val_acc=0.8246 val_nlpd=0.5886 val_ece=0.0263 kl_weight=0.000000 loss_kl_raw=1322451.8750
[eval] adapter_cls=BayesPaperAdapter
[eval] raw_logits_shape=(10, 256, 101)
[eval] reduced_logits_shape=(256, 101)
[Epoch 072] lr=0.086448 train_loss=0.0357 loss_reg=0.0061 val_acc=0.8240 val_nlpd=0.5897 val_ece=0.0272 kl_weight=0.000000 loss_kl_raw=1328918.2500
[eval] adapter_cls=BayesPaperAdapter
[eval] raw_logits_shape=(10, 256, 101)
[eval] reduced_logits_shape=(256, 101)
[Epoch 073] lr=0.086088 train_loss=0.0353 loss_reg=0.0062 val_acc=0.8251 val_nlpd=0.5900 val_ece=0.0279 kl_weight=0.000000 loss_kl_raw=1334968.8750
[eval] adapter_cls=BayesPaperAdapter
[eval] raw_logits_shape=(10, 256, 101)
[eval] reduced_logits_shape=(256, 101)
[Epoch 074] lr=0.085724 train_loss=0.0349 loss_reg=0.0063 val_acc=0.8235 val_nlpd=0.5904 val_ece=0.0281 kl_weight=0.000000 loss_kl_raw=1341098.7500
[eval] adapter_cls=BayesPaperAdapter
[eval] raw_logits_shape=(10, 256, 101)
[eval] reduced_logits_shape=(256, 101)
[Epoch 075] lr=0.085355 train_loss=0.0349 loss_reg=0.0064 val_acc=0.8235 val_nlpd=0.5893 val_ece=0.0279 kl_weight=0.000000 loss_kl_raw=1347220.7500
[eval] adapter_cls=BayesPaperAdapter
[eval] raw_logits_shape=(10, 256, 101)
[eval] reduced_logits_shape=(256, 101)
[Epoch 076] lr=0.084983 train_loss=0.0348 loss_reg=0.0065 val_acc=0.8256 val_nlpd=0.5880 val_ece=0.0278 kl_weight=0.000000 loss_kl_raw=1353150.0000
[eval] adapter_cls=BayesPaperAdapter
[eval] raw_logits_shape=(10, 256, 101)
[eval] reduced_logits_shape=(256, 101)
[Epoch 077] lr=0.084607 train_loss=0.0346 loss_reg=0.0066 val_acc=0.8240 val_nlpd=0.5877 val_ece=0.0296 kl_weight=0.000000 loss_kl_raw=1359023.0000
[eval] adapter_cls=BayesPaperAdapter
[eval] raw_logits_shape=(10, 256, 101)
[eval] reduced_logits_shape=(256, 101)
[Epoch 078] lr=0.084227 train_loss=0.0344 loss_reg=0.0068 val_acc=0.8235 val_nlpd=0.5883 val_ece=0.0284 kl_weight=0.000000 loss_kl_raw=1364932.5000
[eval] adapter_cls=BayesPaperAdapter
[eval] raw_logits_shape=(10, 256, 101)
[eval] reduced_logits_shape=(256, 101)
[Epoch 079] lr=0.083844 train_loss=0.0343 loss_reg=0.0069 val_acc=0.8261 val_nlpd=0.5865 val_ece=0.0282 kl_weight=0.000000 loss_kl_raw=1370794.0000
[eval] adapter_cls=BayesPaperAdapter
[eval] raw_logits_shape=(10, 256, 101)
[eval] reduced_logits_shape=(256, 101)
[Epoch 080] lr=0.083457 train_loss=0.0342 loss_reg=0.0070 val_acc=0.8256 val_nlpd=0.5887 val_ece=0.0284 kl_weight=0.000000 loss_kl_raw=1376409.8750
[eval] adapter_cls=BayesPaperAdapter
[eval] raw_logits_shape=(10, 256, 101)
[eval] reduced_logits_shape=(256, 101)
[Epoch 081] lr=0.083066 train_loss=0.0339 loss_reg=0.0071 val_acc=0.8230 val_nlpd=0.5894 val_ece=0.0293 kl_weight=0.000000 loss_kl_raw=1381768.2500
[eval] adapter_cls=BayesPaperAdapter
[eval] raw_logits_shape=(10, 256, 101)
[eval] reduced_logits_shape=(256, 101)
[Epoch 082] lr=0.082671 train_loss=0.0339 loss_reg=0.0072 val_acc=0.8267 val_nlpd=0.5883 val_ece=0.0263 kl_weight=0.000000 loss_kl_raw=1386961.3750
[eval] adapter_cls=BayesPaperAdapter
[eval] raw_logits_shape=(10, 256, 101)
[eval] reduced_logits_shape=(256, 101)
[Epoch 083] lr=0.082273 train_loss=0.0337 loss_reg=0.0073 val_acc=0.8267 val_nlpd=0.5886 val_ece=0.0261 kl_weight=0.000000 loss_kl_raw=1392244.5000
[eval] adapter_cls=BayesPaperAdapter
[eval] raw_logits_shape=(10, 256, 101)
[eval] reduced_logits_shape=(256, 101)
[Epoch 084] lr=0.081871 train_loss=0.0332 loss_reg=0.0075 val_acc=0.8261 val_nlpd=0.5887 val_ece=0.0269 kl_weight=0.000000 loss_kl_raw=1397386.5000
[eval] adapter_cls=BayesPaperAdapter
[eval] raw_logits_shape=(10, 256, 101)
[eval] reduced_logits_shape=(256, 101)
[Epoch 085] lr=0.081466 train_loss=0.0333 loss_reg=0.0076 val_acc=0.8277 val_nlpd=0.5870 val_ece=0.0255 kl_weight=0.000000 loss_kl_raw=1402489.1250
[eval] adapter_cls=BayesPaperAdapter
[eval] raw_logits_shape=(10, 256, 101)
[eval] reduced_logits_shape=(256, 101)
[Epoch 086] lr=0.081057 train_loss=0.0333 loss_reg=0.0077 val_acc=0.8277 val_nlpd=0.5852 val_ece=0.0258 kl_weight=0.000000 loss_kl_raw=1407449.8750
[eval] adapter_cls=BayesPaperAdapter
[eval] raw_logits_shape=(10, 256, 101)
[eval] reduced_logits_shape=(256, 101)
[Epoch 087] lr=0.080645 train_loss=0.0332 loss_reg=0.0078 val_acc=0.8272 val_nlpd=0.5847 val_ece=0.0267 kl_weight=0.000000 loss_kl_raw=1412199.0000
[eval] adapter_cls=BayesPaperAdapter
[eval] raw_logits_shape=(10, 256, 101)
[eval] reduced_logits_shape=(256, 101)
[Epoch 088] lr=0.080230 train_loss=0.0329 loss_reg=0.0079 val_acc=0.8282 val_nlpd=0.5852 val_ece=0.0285 kl_weight=0.000000 loss_kl_raw=1416982.8750
[eval] adapter_cls=BayesPaperAdapter
[eval] raw_logits_shape=(10, 256, 101)
[eval] reduced_logits_shape=(256, 101)
[Epoch 089] lr=0.079811 train_loss=0.0329 loss_reg=0.0081 val_acc=0.8267 val_nlpd=0.5846 val_ece=0.0270 kl_weight=0.000000 loss_kl_raw=1421791.0000
[eval] adapter_cls=BayesPaperAdapter
[eval] raw_logits_shape=(10, 256, 101)
[eval] reduced_logits_shape=(256, 101)
[Epoch 090] lr=0.079389 train_loss=0.0330 loss_reg=0.0082 val_acc=0.8298 val_nlpd=0.5840 val_ece=0.0269 kl_weight=0.000000 loss_kl_raw=1426532.6250
[eval] adapter_cls=BayesPaperAdapter
[eval] raw_logits_shape=(10, 256, 101)
[eval] reduced_logits_shape=(256, 101)
[Epoch 091] lr=0.078964 train_loss=0.0328 loss_reg=0.0083 val_acc=0.8288 val_nlpd=0.5821 val_ece=0.0272 kl_weight=0.000000 loss_kl_raw=1431074.5000
[eval] adapter_cls=BayesPaperAdapter
[eval] raw_logits_shape=(10, 256, 101)
[eval] reduced_logits_shape=(256, 101)
[Epoch 092] lr=0.078536 train_loss=0.0327 loss_reg=0.0084 val_acc=0.8282 val_nlpd=0.5833 val_ece=0.0280 kl_weight=0.000000 loss_kl_raw=1435545.8750
[eval] adapter_cls=BayesPaperAdapter
[eval] raw_logits_shape=(10, 256, 101)
[eval] reduced_logits_shape=(256, 101)
[Epoch 093] lr=0.078104 train_loss=0.0325 loss_reg=0.0085 val_acc=0.8272 val_nlpd=0.5838 val_ece=0.0294 kl_weight=0.000000 loss_kl_raw=1439945.0000
[eval] adapter_cls=BayesPaperAdapter
[eval] raw_logits_shape=(10, 256, 101)
[eval] reduced_logits_shape=(256, 101)
[Epoch 094] lr=0.077670 train_loss=0.0325 loss_reg=0.0086 val_acc=0.8272 val_nlpd=0.5844 val_ece=0.0272 kl_weight=0.000000 loss_kl_raw=1444364.6250
[eval] adapter_cls=BayesPaperAdapter
[eval] raw_logits_shape=(10, 256, 101)
[eval] reduced_logits_shape=(256, 101)
[Epoch 095] lr=0.077232 train_loss=0.0324 loss_reg=0.0088 val_acc=0.8251 val_nlpd=0.5854 val_ece=0.0287 kl_weight=0.000000 loss_kl_raw=1448635.1250
[eval] adapter_cls=BayesPaperAdapter
[eval] raw_logits_shape=(10, 256, 101)
[eval] reduced_logits_shape=(256, 101)
[Epoch 096] lr=0.076791 train_loss=0.0325 loss_reg=0.0089 val_acc=0.8256 val_nlpd=0.5844 val_ece=0.0286 kl_weight=0.000000 loss_kl_raw=1452675.5000
[eval] adapter_cls=BayesPaperAdapter
[eval] raw_logits_shape=(10, 256, 101)
[eval] reduced_logits_shape=(256, 101)
[Epoch 097] lr=0.076348 train_loss=0.0325 loss_reg=0.0090 val_acc=0.8272 val_nlpd=0.5843 val_ece=0.0278 kl_weight=0.000000 loss_kl_raw=1456838.1250
[eval] adapter_cls=BayesPaperAdapter
[eval] raw_logits_shape=(10, 256, 101)
[eval] reduced_logits_shape=(256, 101)
[Epoch 098] lr=0.075901 train_loss=0.0324 loss_reg=0.0091 val_acc=0.8240 val_nlpd=0.5850 val_ece=0.0330 kl_weight=0.000000 loss_kl_raw=1460971.3750
[eval] adapter_cls=BayesPaperAdapter
[eval] raw_logits_shape=(10, 256, 101)
[eval] reduced_logits_shape=(256, 101)
[Epoch 099] lr=0.075452 train_loss=0.0324 loss_reg=0.0092 val_acc=0.8267 val_nlpd=0.5840 val_ece=0.0283 kl_weight=0.000000 loss_kl_raw=1464897.3750
[eval] adapter_cls=BayesPaperAdapter
[eval] raw_logits_shape=(10, 256, 101)
[eval] reduced_logits_shape=(256, 101)
[Epoch 100] lr=0.075000 train_loss=0.0324 loss_reg=0.0094 val_acc=0.8261 val_nlpd=0.5851 val_ece=0.0293 kl_weight=0.000000 loss_kl_raw=1468788.3750
[eval] adapter_cls=BayesPaperAdapter
[eval] raw_logits_shape=(10, 256, 101)
[eval] reduced_logits_shape=(256, 101)
[Epoch 101] lr=0.074545 train_loss=0.0322 loss_reg=0.0095 val_acc=0.8261 val_nlpd=0.5842 val_ece=0.0294 kl_weight=0.000000 loss_kl_raw=1472605.2500
[eval] adapter_cls=BayesPaperAdapter
[eval] raw_logits_shape=(10, 256, 101)
[eval] reduced_logits_shape=(256, 101)
[Epoch 102] lr=0.074088 train_loss=0.0322 loss_reg=0.0096 val_acc=0.8267 val_nlpd=0.5836 val_ece=0.0288 kl_weight=0.000000 loss_kl_raw=1476360.6250
[eval] adapter_cls=BayesPaperAdapter
[eval] raw_logits_shape=(10, 256, 101)
[eval] reduced_logits_shape=(256, 101)
[Epoch 103] lr=0.073628 train_loss=0.0322 loss_reg=0.0097 val_acc=0.8267 val_nlpd=0.5807 val_ece=0.0291 kl_weight=0.000000 loss_kl_raw=1480001.8750
[eval] adapter_cls=BayesPaperAdapter
[eval] raw_logits_shape=(10, 256, 101)
[eval] reduced_logits_shape=(256, 101)
[Epoch 104] lr=0.073165 train_loss=0.0323 loss_reg=0.0098 val_acc=0.8272 val_nlpd=0.5823 val_ece=0.0298 kl_weight=0.000000 loss_kl_raw=1483749.7500
[eval] adapter_cls=BayesPaperAdapter
[eval] raw_logits_shape=(10, 256, 101)
[eval] reduced_logits_shape=(256, 101)
[Epoch 105] lr=0.072700 train_loss=0.0322 loss_reg=0.0100 val_acc=0.8288 val_nlpd=0.5812 val_ece=0.0267 kl_weight=0.000000 loss_kl_raw=1487468.6250
[eval] adapter_cls=BayesPaperAdapter
[eval] raw_logits_shape=(10, 256, 101)
[eval] reduced_logits_shape=(256, 101)
[Epoch 106] lr=0.072232 train_loss=0.0322 loss_reg=0.0101 val_acc=0.8272 val_nlpd=0.5823 val_ece=0.0282 kl_weight=0.000000 loss_kl_raw=1491003.7500
[eval] adapter_cls=BayesPaperAdapter
[eval] raw_logits_shape=(10, 256, 101)
[eval] reduced_logits_shape=(256, 101)
[Epoch 107] lr=0.071762 train_loss=0.0322 loss_reg=0.0102 val_acc=0.8261 val_nlpd=0.5815 val_ece=0.0297 kl_weight=0.000000 loss_kl_raw=1494355.8750
[eval] adapter_cls=BayesPaperAdapter
[eval] raw_logits_shape=(10, 256, 101)
[eval] reduced_logits_shape=(256, 101)
[Epoch 108] lr=0.071289 train_loss=0.0322 loss_reg=0.0103 val_acc=0.8277 val_nlpd=0.5831 val_ece=0.0286 kl_weight=0.000000 loss_kl_raw=1497751.6250
[eval] adapter_cls=BayesPaperAdapter
[eval] raw_logits_shape=(10, 256, 101)
[eval] reduced_logits_shape=(256, 101)
[Epoch 109] lr=0.070814 train_loss=0.0323 loss_reg=0.0104 val_acc=0.8272 val_nlpd=0.5799 val_ece=0.0297 kl_weight=0.000000 loss_kl_raw=1501163.3750
[eval] adapter_cls=BayesPaperAdapter
[eval] raw_logits_shape=(10, 256, 101)
[eval] reduced_logits_shape=(256, 101)
[Epoch 110] lr=0.070337 train_loss=0.0322 loss_reg=0.0106 val_acc=0.8272 val_nlpd=0.5816 val_ece=0.0295 kl_weight=0.000000 loss_kl_raw=1504552.8750
[eval] adapter_cls=BayesPaperAdapter
[eval] raw_logits_shape=(10, 256, 101)
[eval] reduced_logits_shape=(256, 101)
[Epoch 111] lr=0.069857 train_loss=0.0322 loss_reg=0.0107 val_acc=0.8298 val_nlpd=0.5822 val_ece=0.0268 kl_weight=0.000000 loss_kl_raw=1507954.7500
[eval] adapter_cls=BayesPaperAdapter
[eval] raw_logits_shape=(10, 256, 101)
[eval] reduced_logits_shape=(256, 101)
[Epoch 112] lr=0.069376 train_loss=0.0323 loss_reg=0.0108 val_acc=0.8298 val_nlpd=0.5817 val_ece=0.0288 kl_weight=0.000000 loss_kl_raw=1511289.5000
[eval] adapter_cls=BayesPaperAdapter
[eval] raw_logits_shape=(10, 256, 101)
[eval] reduced_logits_shape=(256, 101)
[Epoch 113] lr=0.068892 train_loss=0.0323 loss_reg=0.0109 val_acc=0.8325 val_nlpd=0.5808 val_ece=0.0272 kl_weight=0.000000 loss_kl_raw=1514479.0000
[eval] adapter_cls=BayesPaperAdapter
[eval] raw_logits_shape=(10, 256, 101)
[eval] reduced_logits_shape=(256, 101)
[Epoch 114] lr=0.068406 train_loss=0.0322 loss_reg=0.0110 val_acc=0.8309 val_nlpd=0.5803 val_ece=0.0280 kl_weight=0.000000 loss_kl_raw=1517707.6250
[eval] adapter_cls=BayesPaperAdapter
[eval] raw_logits_shape=(10, 256, 101)
[eval] reduced_logits_shape=(256, 101)
[Epoch 115] lr=0.067918 train_loss=0.0323 loss_reg=0.0112 val_acc=0.8293 val_nlpd=0.5817 val_ece=0.0279 kl_weight=0.000000 loss_kl_raw=1520973.3750
[eval] adapter_cls=BayesPaperAdapter
[eval] raw_logits_shape=(10, 256, 101)
[eval] reduced_logits_shape=(256, 101)
[Epoch 116] lr=0.067429 train_loss=0.0324 loss_reg=0.0113 val_acc=0.8298 val_nlpd=0.5815 val_ece=0.0274 kl_weight=0.000000 loss_kl_raw=1524075.0000
[eval] adapter_cls=BayesPaperAdapter
[eval] raw_logits_shape=(10, 256, 101)
[eval] reduced_logits_shape=(256, 101)
[Epoch 117] lr=0.066937 train_loss=0.0323 loss_reg=0.0114 val_acc=0.8298 val_nlpd=0.5804 val_ece=0.0280 kl_weight=0.000000 loss_kl_raw=1526957.6250
[eval] adapter_cls=BayesPaperAdapter
[eval] raw_logits_shape=(10, 256, 101)
[eval] reduced_logits_shape=(256, 101)
[Epoch 118] lr=0.066443 train_loss=0.0323 loss_reg=0.0115 val_acc=0.8309 val_nlpd=0.5802 val_ece=0.0297 kl_weight=0.000000 loss_kl_raw=1529761.8750
[eval] adapter_cls=BayesPaperAdapter
[eval] raw_logits_shape=(10, 256, 101)
[eval] reduced_logits_shape=(256, 101)
[Epoch 119] lr=0.065948 train_loss=0.0323 loss_reg=0.0116 val_acc=0.8293 val_nlpd=0.5812 val_ece=0.0315 kl_weight=0.000000 loss_kl_raw=1532481.0000
[eval] adapter_cls=BayesPaperAdapter
[eval] raw_logits_shape=(10, 256, 101)
[eval] reduced_logits_shape=(256, 101)
[Epoch 120] lr=0.065451 train_loss=0.0324 loss_reg=0.0118 val_acc=0.8293 val_nlpd=0.5804 val_ece=0.0301 kl_weight=0.000000 loss_kl_raw=1535213.8750
[eval] adapter_cls=BayesPaperAdapter
[eval] raw_logits_shape=(10, 256, 101)
[eval] reduced_logits_shape=(256, 101)
[Epoch 121] lr=0.064952 train_loss=0.0324 loss_reg=0.0119 val_acc=0.8293 val_nlpd=0.5795 val_ece=0.0287 kl_weight=0.000000 loss_kl_raw=1538216.2500
[eval] adapter_cls=BayesPaperAdapter
[eval] raw_logits_shape=(10, 256, 101)
[eval] reduced_logits_shape=(256, 101)
[Epoch 122] lr=0.064452 train_loss=0.0325 loss_reg=0.0120 val_acc=0.8314 val_nlpd=0.5807 val_ece=0.0272 kl_weight=0.000000 loss_kl_raw=1541213.8750
[eval] adapter_cls=BayesPaperAdapter
[eval] raw_logits_shape=(10, 256, 101)
[eval] reduced_logits_shape=(256, 101)
[Epoch 123] lr=0.063950 train_loss=0.0325 loss_reg=0.0121 val_acc=0.8298 val_nlpd=0.5777 val_ece=0.0279 kl_weight=0.000000 loss_kl_raw=1543948.7500
[eval] adapter_cls=BayesPaperAdapter
[eval] raw_logits_shape=(10, 256, 101)
[eval] reduced_logits_shape=(256, 101)
[Epoch 124] lr=0.063446 train_loss=0.0325 loss_reg=0.0123 val_acc=0.8282 val_nlpd=0.5807 val_ece=0.0293 kl_weight=0.000000 loss_kl_raw=1546615.7500
[eval] adapter_cls=BayesPaperAdapter
[eval] raw_logits_shape=(10, 256, 101)
[eval] reduced_logits_shape=(256, 101)
[Epoch 125] lr=0.062941 train_loss=0.0325 loss_reg=0.0124 val_acc=0.8303 val_nlpd=0.5800 val_ece=0.0305 kl_weight=0.000000 loss_kl_raw=1549221.1250
[eval] adapter_cls=BayesPaperAdapter
[eval] raw_logits_shape=(10, 256, 101)
[eval] reduced_logits_shape=(256, 101)
[Epoch 126] lr=0.062434 train_loss=0.0325 loss_reg=0.0125 val_acc=0.8277 val_nlpd=0.5790 val_ece=0.0320 kl_weight=0.000000 loss_kl_raw=1551657.7500
[eval] adapter_cls=BayesPaperAdapter
[eval] raw_logits_shape=(10, 256, 101)
[eval] reduced_logits_shape=(256, 101)
[Epoch 127] lr=0.061927 train_loss=0.0325 loss_reg=0.0126 val_acc=0.8282 val_nlpd=0.5789 val_ece=0.0319 kl_weight=0.000000 loss_kl_raw=1554159.8750
[eval] adapter_cls=BayesPaperAdapter
[eval] raw_logits_shape=(10, 256, 101)
[eval] reduced_logits_shape=(256, 101)
[Epoch 128] lr=0.061418 train_loss=0.0326 loss_reg=0.0127 val_acc=0.8277 val_nlpd=0.5793 val_ece=0.0319 kl_weight=0.000000 loss_kl_raw=1556602.3750
[eval] adapter_cls=BayesPaperAdapter
[eval] raw_logits_shape=(10, 256, 101)
[eval] reduced_logits_shape=(256, 101)
[Epoch 129] lr=0.060907 train_loss=0.0326 loss_reg=0.0129 val_acc=0.8293 val_nlpd=0.5783 val_ece=0.0301 kl_weight=0.000000 loss_kl_raw=1559070.3750
[eval] adapter_cls=BayesPaperAdapter
[eval] raw_logits_shape=(10, 256, 101)
[eval] reduced_logits_shape=(256, 101)
[Epoch 130] lr=0.060396 train_loss=0.0326 loss_reg=0.0130 val_acc=0.8314 val_nlpd=0.5771 val_ece=0.0267 kl_weight=0.000000 loss_kl_raw=1561478.1250
[eval] adapter_cls=BayesPaperAdapter
[eval] raw_logits_shape=(10, 256, 101)
[eval] reduced_logits_shape=(256, 101)
[Epoch 131] lr=0.059883 train_loss=0.0328 loss_reg=0.0131 val_acc=0.8298 val_nlpd=0.5804 val_ece=0.0289 kl_weight=0.000000 loss_kl_raw=1563836.0000
[eval] adapter_cls=BayesPaperAdapter
[eval] raw_logits_shape=(10, 256, 101)
[eval] reduced_logits_shape=(256, 101)
[Epoch 132] lr=0.059369 train_loss=0.0326 loss_reg=0.0132 val_acc=0.8309 val_nlpd=0.5780 val_ece=0.0274 kl_weight=0.000000 loss_kl_raw=1566172.6250
[eval] adapter_cls=BayesPaperAdapter
[eval] raw_logits_shape=(10, 256, 101)
[eval] reduced_logits_shape=(256, 101)
[Epoch 133] lr=0.058854 train_loss=0.0329 loss_reg=0.0133 val_acc=0.8309 val_nlpd=0.5773 val_ece=0.0274 kl_weight=0.000000 loss_kl_raw=1568349.3750
[eval] adapter_cls=BayesPaperAdapter
[eval] raw_logits_shape=(10, 256, 101)
[eval] reduced_logits_shape=(256, 101)
[Epoch 134] lr=0.058338 train_loss=0.0329 loss_reg=0.0135 val_acc=0.8309 val_nlpd=0.5770 val_ece=0.0281 kl_weight=0.000000 loss_kl_raw=1570647.1250
[eval] adapter_cls=BayesPaperAdapter
[eval] raw_logits_shape=(10, 256, 101)
[eval] reduced_logits_shape=(256, 101)
[Epoch 135] lr=0.057822 train_loss=0.0328 loss_reg=0.0136 val_acc=0.8293 val_nlpd=0.5787 val_ece=0.0295 kl_weight=0.000000 loss_kl_raw=1572971.7500
[eval] adapter_cls=BayesPaperAdapter
[eval] raw_logits_shape=(10, 256, 101)
[eval] reduced_logits_shape=(256, 101)
[Epoch 136] lr=0.057304 train_loss=0.0329 loss_reg=0.0137 val_acc=0.8298 val_nlpd=0.5785 val_ece=0.0289 kl_weight=0.000000 loss_kl_raw=1575135.5000
[eval] adapter_cls=BayesPaperAdapter
[eval] raw_logits_shape=(10, 256, 101)
[eval] reduced_logits_shape=(256, 101)
[Epoch 137] lr=0.056786 train_loss=0.0329 loss_reg=0.0138 val_acc=0.8293 val_nlpd=0.5790 val_ece=0.0296 kl_weight=0.000000 loss_kl_raw=1577208.1250
[eval] adapter_cls=BayesPaperAdapter
[eval] raw_logits_shape=(10, 256, 101)
[eval] reduced_logits_shape=(256, 101)
[Epoch 138] lr=0.056267 train_loss=0.0329 loss_reg=0.0139 val_acc=0.8288 val_nlpd=0.5792 val_ece=0.0301 kl_weight=0.000000 loss_kl_raw=1579243.6250
[eval] adapter_cls=BayesPaperAdapter
[eval] raw_logits_shape=(10, 256, 101)
[eval] reduced_logits_shape=(256, 101)
[Epoch 139] lr=0.055747 train_loss=0.0331 loss_reg=0.0141 val_acc=0.8293 val_nlpd=0.5782 val_ece=0.0297 kl_weight=0.000000 loss_kl_raw=1581356.5000
[eval] adapter_cls=BayesPaperAdapter
[eval] raw_logits_shape=(10, 256, 101)
[eval] reduced_logits_shape=(256, 101)
[Epoch 140] lr=0.055226 train_loss=0.0330 loss_reg=0.0142 val_acc=0.8303 val_nlpd=0.5799 val_ece=0.0332 kl_weight=0.000000 loss_kl_raw=1583439.6250
[eval] adapter_cls=BayesPaperAdapter
[eval] raw_logits_shape=(10, 256, 101)
[eval] reduced_logits_shape=(256, 101)
[Epoch 141] lr=0.054705 train_loss=0.0333 loss_reg=0.0143 val_acc=0.8303 val_nlpd=0.5783 val_ece=0.0326 kl_weight=0.000000 loss_kl_raw=1585419.7500
[eval] adapter_cls=BayesPaperAdapter
[eval] raw_logits_shape=(10, 256, 101)
[eval] reduced_logits_shape=(256, 101)
[Epoch 142] lr=0.054184 train_loss=0.0334 loss_reg=0.0144 val_acc=0.8288 val_nlpd=0.5775 val_ece=0.0308 kl_weight=0.000000 loss_kl_raw=1587339.7500
[eval] adapter_cls=BayesPaperAdapter
[eval] raw_logits_shape=(10, 256, 101)
[eval] reduced_logits_shape=(256, 101)
[Epoch 143] lr=0.053662 train_loss=0.0333 loss_reg=0.0145 val_acc=0.8288 val_nlpd=0.5779 val_ece=0.0325 kl_weight=0.000000 loss_kl_raw=1589122.3750
[eval] adapter_cls=BayesPaperAdapter
[eval] raw_logits_shape=(10, 256, 101)
[eval] reduced_logits_shape=(256, 101)
[Epoch 144] lr=0.053140 train_loss=0.0334 loss_reg=0.0147 val_acc=0.8288 val_nlpd=0.5783 val_ece=0.0316 kl_weight=0.000000 loss_kl_raw=1590931.0000
[eval] adapter_cls=BayesPaperAdapter
[eval] raw_logits_shape=(10, 256, 101)
[eval] reduced_logits_shape=(256, 101)
[Epoch 145] lr=0.052617 train_loss=0.0335 loss_reg=0.0148 val_acc=0.8277 val_nlpd=0.5781 val_ece=0.0314 kl_weight=0.000000 loss_kl_raw=1592704.3750
[eval] adapter_cls=BayesPaperAdapter
[eval] raw_logits_shape=(10, 256, 101)
[eval] reduced_logits_shape=(256, 101)
[Epoch 146] lr=0.052094 train_loss=0.0335 loss_reg=0.0149 val_acc=0.8298 val_nlpd=0.5786 val_ece=0.0299 kl_weight=0.000000 loss_kl_raw=1594381.7500
[eval] adapter_cls=BayesPaperAdapter
[eval] raw_logits_shape=(10, 256, 101)
[eval] reduced_logits_shape=(256, 101)
[Epoch 147] lr=0.051571 train_loss=0.0336 loss_reg=0.0150 val_acc=0.8309 val_nlpd=0.5776 val_ece=0.0281 kl_weight=0.000000 loss_kl_raw=1596183.7500
[eval] adapter_cls=BayesPaperAdapter
[eval] raw_logits_shape=(10, 256, 101)
[eval] reduced_logits_shape=(256, 101)
[Epoch 148] lr=0.051047 train_loss=0.0337 loss_reg=0.0151 val_acc=0.8282 val_nlpd=0.5787 val_ece=0.0305 kl_weight=0.000000 loss_kl_raw=1597950.2500
[eval] adapter_cls=BayesPaperAdapter
[eval] raw_logits_shape=(10, 256, 101)
[eval] reduced_logits_shape=(256, 101)
[Epoch 149] lr=0.050524 train_loss=0.0337 loss_reg=0.0153 val_acc=0.8277 val_nlpd=0.5771 val_ece=0.0314 kl_weight=0.000000 loss_kl_raw=1599655.5000
[eval] adapter_cls=BayesPaperAdapter
[eval] raw_logits_shape=(10, 256, 101)
[eval] reduced_logits_shape=(256, 101)
[Epoch 150] lr=0.050000 train_loss=0.0338 loss_reg=0.0154 val_acc=0.8314 val_nlpd=0.5773 val_ece=0.0278 kl_weight=0.000000 loss_kl_raw=1601282.2500
[eval] adapter_cls=BayesPaperAdapter
[eval] raw_logits_shape=(10, 256, 101)
[eval] reduced_logits_shape=(256, 101)
[Epoch 151] lr=0.049476 train_loss=0.0338 loss_reg=0.0155 val_acc=0.8303 val_nlpd=0.5788 val_ece=0.0287 kl_weight=0.000000 loss_kl_raw=1602894.0000
[eval] adapter_cls=BayesPaperAdapter
[eval] raw_logits_shape=(10, 256, 101)
[eval] reduced_logits_shape=(256, 101)
[Epoch 152] lr=0.048953 train_loss=0.0340 loss_reg=0.0156 val_acc=0.8325 val_nlpd=0.5783 val_ece=0.0266 kl_weight=0.000000 loss_kl_raw=1604445.0000
[eval] adapter_cls=BayesPaperAdapter
[eval] raw_logits_shape=(10, 256, 101)
[eval] reduced_logits_shape=(256, 101)
[Epoch 153] lr=0.048429 train_loss=0.0339 loss_reg=0.0157 val_acc=0.8303 val_nlpd=0.5779 val_ece=0.0286 kl_weight=0.000000 loss_kl_raw=1605919.2500
[eval] adapter_cls=BayesPaperAdapter
[eval] raw_logits_shape=(10, 256, 101)
[eval] reduced_logits_shape=(256, 101)
[Epoch 154] lr=0.047906 train_loss=0.0342 loss_reg=0.0158 val_acc=0.8293 val_nlpd=0.5742 val_ece=0.0301 kl_weight=0.000000 loss_kl_raw=1607345.3750
[eval] adapter_cls=BayesPaperAdapter
[eval] raw_logits_shape=(10, 256, 101)
[eval] reduced_logits_shape=(256, 101)
[Epoch 155] lr=0.047383 train_loss=0.0342 loss_reg=0.0160 val_acc=0.8293 val_nlpd=0.5776 val_ece=0.0302 kl_weight=0.000000 loss_kl_raw=1608823.8750
[eval] adapter_cls=BayesPaperAdapter
[eval] raw_logits_shape=(10, 256, 101)
[eval] reduced_logits_shape=(256, 101)
[Epoch 156] lr=0.046860 train_loss=0.0342 loss_reg=0.0161 val_acc=0.8319 val_nlpd=0.5767 val_ece=0.0271 kl_weight=0.000000 loss_kl_raw=1610300.6250
[eval] adapter_cls=BayesPaperAdapter
[eval] raw_logits_shape=(10, 256, 101)
[eval] reduced_logits_shape=(256, 101)
[Epoch 157] lr=0.046338 train_loss=0.0344 loss_reg=0.0162 val_acc=0.8319 val_nlpd=0.5758 val_ece=0.0273 kl_weight=0.000000 loss_kl_raw=1611769.6250
[eval] adapter_cls=BayesPaperAdapter
[eval] raw_logits_shape=(10, 256, 101)
[eval] reduced_logits_shape=(256, 101)
[Epoch 158] lr=0.045816 train_loss=0.0344 loss_reg=0.0163 val_acc=0.8303 val_nlpd=0.5758 val_ece=0.0289 kl_weight=0.000000 loss_kl_raw=1613147.6250
[eval] adapter_cls=BayesPaperAdapter
[eval] raw_logits_shape=(10, 256, 101)
[eval] reduced_logits_shape=(256, 101)
[Epoch 159] lr=0.045295 train_loss=0.0344 loss_reg=0.0164 val_acc=0.8319 val_nlpd=0.5749 val_ece=0.0286 kl_weight=0.000000 loss_kl_raw=1614413.8750
[eval] adapter_cls=BayesPaperAdapter
[eval] raw_logits_shape=(10, 256, 101)
[eval] reduced_logits_shape=(256, 101)
[Epoch 160] lr=0.044774 train_loss=0.0346 loss_reg=0.0166 val_acc=0.8319 val_nlpd=0.5758 val_ece=0.0277 kl_weight=0.000000 loss_kl_raw=1615579.8750
[eval] adapter_cls=BayesPaperAdapter
[eval] raw_logits_shape=(10, 256, 101)
[eval] reduced_logits_shape=(256, 101)
[Epoch 161] lr=0.044253 train_loss=0.0346 loss_reg=0.0167 val_acc=0.8340 val_nlpd=0.5750 val_ece=0.0276 kl_weight=0.000000 loss_kl_raw=1616747.6250
[eval] adapter_cls=BayesPaperAdapter
[eval] raw_logits_shape=(10, 256, 101)
[eval] reduced_logits_shape=(256, 101)
[Epoch 162] lr=0.043733 train_loss=0.0346 loss_reg=0.0168 val_acc=0.8309 val_nlpd=0.5766 val_ece=0.0287 kl_weight=0.000000 loss_kl_raw=1617985.0000
[eval] adapter_cls=BayesPaperAdapter
[eval] raw_logits_shape=(10, 256, 101)
[eval] reduced_logits_shape=(256, 101)
[Epoch 163] lr=0.043214 train_loss=0.0347 loss_reg=0.0169 val_acc=0.8319 val_nlpd=0.5754 val_ece=0.0277 kl_weight=0.000000 loss_kl_raw=1619294.7500
[eval] adapter_cls=BayesPaperAdapter
[eval] raw_logits_shape=(10, 256, 101)
[eval] reduced_logits_shape=(256, 101)
[Epoch 164] lr=0.042696 train_loss=0.0348 loss_reg=0.0170 val_acc=0.8293 val_nlpd=0.5782 val_ece=0.0309 kl_weight=0.000000 loss_kl_raw=1620567.5000
[eval] adapter_cls=BayesPaperAdapter
[eval] raw_logits_shape=(10, 256, 101)
[eval] reduced_logits_shape=(256, 101)
[Epoch 165] lr=0.042178 train_loss=0.0349 loss_reg=0.0171 val_acc=0.8314 val_nlpd=0.5765 val_ece=0.0284 kl_weight=0.000000 loss_kl_raw=1621844.6250
[eval] adapter_cls=BayesPaperAdapter
[eval] raw_logits_shape=(10, 256, 101)
[eval] reduced_logits_shape=(256, 101)
[Epoch 166] lr=0.041662 train_loss=0.0350 loss_reg=0.0173 val_acc=0.8319 val_nlpd=0.5746 val_ece=0.0294 kl_weight=0.000000 loss_kl_raw=1623098.7500
[eval] adapter_cls=BayesPaperAdapter
[eval] raw_logits_shape=(10, 256, 101)
[eval] reduced_logits_shape=(256, 101)
[Epoch 167] lr=0.041146 train_loss=0.0350 loss_reg=0.0174 val_acc=0.8309 val_nlpd=0.5769 val_ece=0.0288 kl_weight=0.000000 loss_kl_raw=1624277.0000
[eval] adapter_cls=BayesPaperAdapter
[eval] raw_logits_shape=(10, 256, 101)
[eval] reduced_logits_shape=(256, 101)
[Epoch 168] lr=0.040631 train_loss=0.0352 loss_reg=0.0175 val_acc=0.8314 val_nlpd=0.5750 val_ece=0.0283 kl_weight=0.000000 loss_kl_raw=1625397.1250
[eval] adapter_cls=BayesPaperAdapter
[eval] raw_logits_shape=(10, 256, 101)
[eval] reduced_logits_shape=(256, 101)
[Epoch 169] lr=0.040117 train_loss=0.0353 loss_reg=0.0176 val_acc=0.8298 val_nlpd=0.5746 val_ece=0.0323 kl_weight=0.000000 loss_kl_raw=1626573.5000
[eval] adapter_cls=BayesPaperAdapter
[eval] raw_logits_shape=(10, 256, 101)
[eval] reduced_logits_shape=(256, 101)
[Epoch 170] lr=0.039604 train_loss=0.0354 loss_reg=0.0177 val_acc=0.8288 val_nlpd=0.5755 val_ece=0.0309 kl_weight=0.000000 loss_kl_raw=1627649.3750
[eval] adapter_cls=BayesPaperAdapter
[eval] raw_logits_shape=(10, 256, 101)
[eval] reduced_logits_shape=(256, 101)
[Epoch 171] lr=0.039093 train_loss=0.0354 loss_reg=0.0178 val_acc=0.8314 val_nlpd=0.5772 val_ece=0.0307 kl_weight=0.000000 loss_kl_raw=1628744.5000
[eval] adapter_cls=BayesPaperAdapter
[eval] raw_logits_shape=(10, 256, 101)
[eval] reduced_logits_shape=(256, 101)
[Epoch 172] lr=0.038582 train_loss=0.0355 loss_reg=0.0180 val_acc=0.8319 val_nlpd=0.5756 val_ece=0.0281 kl_weight=0.000000 loss_kl_raw=1629797.0000
[eval] adapter_cls=BayesPaperAdapter
[eval] raw_logits_shape=(10, 256, 101)
[eval] reduced_logits_shape=(256, 101)
[Epoch 173] lr=0.038073 train_loss=0.0357 loss_reg=0.0181 val_acc=0.8303 val_nlpd=0.5745 val_ece=0.0295 kl_weight=0.000000 loss_kl_raw=1630840.8750
[eval] adapter_cls=BayesPaperAdapter
[eval] raw_logits_shape=(10, 256, 101)
[eval] reduced_logits_shape=(256, 101)
[Epoch 174] lr=0.037566 train_loss=0.0357 loss_reg=0.0182 val_acc=0.8298 val_nlpd=0.5745 val_ece=0.0301 kl_weight=0.000000 loss_kl_raw=1631899.2500
[eval] adapter_cls=BayesPaperAdapter
[eval] raw_logits_shape=(10, 256, 101)
[eval] reduced_logits_shape=(256, 101)
[Epoch 175] lr=0.037059 train_loss=0.0359 loss_reg=0.0183 val_acc=0.8298 val_nlpd=0.5761 val_ece=0.0298 kl_weight=0.000000 loss_kl_raw=1632982.0000
[eval] adapter_cls=BayesPaperAdapter
[eval] raw_logits_shape=(10, 256, 101)
[eval] reduced_logits_shape=(256, 101)
[Epoch 176] lr=0.036554 train_loss=0.0357 loss_reg=0.0184 val_acc=0.8309 val_nlpd=0.5739 val_ece=0.0290 kl_weight=0.000000 loss_kl_raw=1634005.6250
[eval] adapter_cls=BayesPaperAdapter
[eval] raw_logits_shape=(10, 256, 101)
[eval] reduced_logits_shape=(256, 101)
[Epoch 177] lr=0.036050 train_loss=0.0359 loss_reg=0.0185 val_acc=0.8309 val_nlpd=0.5756 val_ece=0.0287 kl_weight=0.000000 loss_kl_raw=1634944.6250
[eval] adapter_cls=BayesPaperAdapter
[eval] raw_logits_shape=(10, 256, 101)
[eval] reduced_logits_shape=(256, 101)
[Epoch 178] lr=0.035548 train_loss=0.0360 loss_reg=0.0187 val_acc=0.8319 val_nlpd=0.5753 val_ece=0.0285 kl_weight=0.000000 loss_kl_raw=1635845.1250
[eval] adapter_cls=BayesPaperAdapter
[eval] raw_logits_shape=(10, 256, 101)
[eval] reduced_logits_shape=(256, 101)
[Epoch 179] lr=0.035048 train_loss=0.0361 loss_reg=0.0188 val_acc=0.8288 val_nlpd=0.5758 val_ece=0.0309 kl_weight=0.000000 loss_kl_raw=1636672.1250
[eval] adapter_cls=BayesPaperAdapter
[eval] raw_logits_shape=(10, 256, 101)
[eval] reduced_logits_shape=(256, 101)
[Epoch 180] lr=0.034549 train_loss=0.0362 loss_reg=0.0189 val_acc=0.8319 val_nlpd=0.5745 val_ece=0.0284 kl_weight=0.000000 loss_kl_raw=1637507.8750
[eval] adapter_cls=BayesPaperAdapter
[eval] raw_logits_shape=(10, 256, 101)
[eval] reduced_logits_shape=(256, 101)
[Epoch 181] lr=0.034052 train_loss=0.0364 loss_reg=0.0190 val_acc=0.8303 val_nlpd=0.5755 val_ece=0.0314 kl_weight=0.000000 loss_kl_raw=1638362.5000
[eval] adapter_cls=BayesPaperAdapter
[eval] raw_logits_shape=(10, 256, 101)
[eval] reduced_logits_shape=(256, 101)
[Epoch 182] lr=0.033557 train_loss=0.0365 loss_reg=0.0191 val_acc=0.8303 val_nlpd=0.5760 val_ece=0.0299 kl_weight=0.000000 loss_kl_raw=1639180.8750
[eval] adapter_cls=BayesPaperAdapter
[eval] raw_logits_shape=(10, 256, 101)
[eval] reduced_logits_shape=(256, 101)
[Epoch 183] lr=0.033063 train_loss=0.0365 loss_reg=0.0192 val_acc=0.8319 val_nlpd=0.5750 val_ece=0.0299 kl_weight=0.000000 loss_kl_raw=1639998.3750
[eval] adapter_cls=BayesPaperAdapter
[eval] raw_logits_shape=(10, 256, 101)
[eval] reduced_logits_shape=(256, 101)
[Epoch 184] lr=0.032571 train_loss=0.0366 loss_reg=0.0194 val_acc=0.8330 val_nlpd=0.5762 val_ece=0.0272 kl_weight=0.000000 loss_kl_raw=1640852.1250
[eval] adapter_cls=BayesPaperAdapter
[eval] raw_logits_shape=(10, 256, 101)
[eval] reduced_logits_shape=(256, 101)
[Epoch 185] lr=0.032082 train_loss=0.0367 loss_reg=0.0195 val_acc=0.8325 val_nlpd=0.5742 val_ece=0.0289 kl_weight=0.000000 loss_kl_raw=1641691.2500
[eval] adapter_cls=BayesPaperAdapter
[eval] raw_logits_shape=(10, 256, 101)
[eval] reduced_logits_shape=(256, 101)
[Epoch 186] lr=0.031594 train_loss=0.0367 loss_reg=0.0196 val_acc=0.8330 val_nlpd=0.5741 val_ece=0.0273 kl_weight=0.000000 loss_kl_raw=1642423.2500
[eval] adapter_cls=BayesPaperAdapter
[eval] raw_logits_shape=(10, 256, 101)
[eval] reduced_logits_shape=(256, 101)
[Epoch 187] lr=0.031108 train_loss=0.0368 loss_reg=0.0197 val_acc=0.8309 val_nlpd=0.5777 val_ece=0.0301 kl_weight=0.000000 loss_kl_raw=1643112.1250
[eval] adapter_cls=BayesPaperAdapter
[eval] raw_logits_shape=(10, 256, 101)
[eval] reduced_logits_shape=(256, 101)
[Epoch 188] lr=0.030624 train_loss=0.0369 loss_reg=0.0198 val_acc=0.8319 val_nlpd=0.5747 val_ece=0.0307 kl_weight=0.000000 loss_kl_raw=1643757.8750
[eval] adapter_cls=BayesPaperAdapter
[eval] raw_logits_shape=(10, 256, 101)
[eval] reduced_logits_shape=(256, 101)
[Epoch 189] lr=0.030143 train_loss=0.0369 loss_reg=0.0199 val_acc=0.8325 val_nlpd=0.5739 val_ece=0.0304 kl_weight=0.000000 loss_kl_raw=1644382.6250
[eval] adapter_cls=BayesPaperAdapter
[eval] raw_logits_shape=(10, 256, 101)
[eval] reduced_logits_shape=(256, 101)
[Epoch 190] lr=0.029663 train_loss=0.0373 loss_reg=0.0200 val_acc=0.8314 val_nlpd=0.5738 val_ece=0.0290 kl_weight=0.000000 loss_kl_raw=1645036.8750
[eval] adapter_cls=BayesPaperAdapter
[eval] raw_logits_shape=(10, 256, 101)
[eval] reduced_logits_shape=(256, 101)
[Epoch 191] lr=0.029186 train_loss=0.0372 loss_reg=0.0202 val_acc=0.8319 val_nlpd=0.5751 val_ece=0.0292 kl_weight=0.000000 loss_kl_raw=1645657.5000
[eval] adapter_cls=BayesPaperAdapter
[eval] raw_logits_shape=(10, 256, 101)
[eval] reduced_logits_shape=(256, 101)
[Epoch 192] lr=0.028711 train_loss=0.0373 loss_reg=0.0203 val_acc=0.8309 val_nlpd=0.5763 val_ece=0.0293 kl_weight=0.000000 loss_kl_raw=1646312.6250
[eval] adapter_cls=BayesPaperAdapter
[eval] raw_logits_shape=(10, 256, 101)
[eval] reduced_logits_shape=(256, 101)
[Epoch 193] lr=0.028238 train_loss=0.0374 loss_reg=0.0204 val_acc=0.8319 val_nlpd=0.5746 val_ece=0.0291 kl_weight=0.000000 loss_kl_raw=1646948.8750
[eval] adapter_cls=BayesPaperAdapter
[eval] raw_logits_shape=(10, 256, 101)
[eval] reduced_logits_shape=(256, 101)
[Epoch 194] lr=0.027768 train_loss=0.0375 loss_reg=0.0205 val_acc=0.8319 val_nlpd=0.5751 val_ece=0.0310 kl_weight=0.000000 loss_kl_raw=1647506.6250
[eval] adapter_cls=BayesPaperAdapter
[eval] raw_logits_shape=(10, 256, 101)
[eval] reduced_logits_shape=(256, 101)
[Epoch 195] lr=0.027300 train_loss=0.0376 loss_reg=0.0206 val_acc=0.8309 val_nlpd=0.5748 val_ece=0.0297 kl_weight=0.000000 loss_kl_raw=1648125.0000
[eval] adapter_cls=BayesPaperAdapter
[eval] raw_logits_shape=(10, 256, 101)
[eval] reduced_logits_shape=(256, 101)
[Epoch 196] lr=0.026835 train_loss=0.0377 loss_reg=0.0207 val_acc=0.8298 val_nlpd=0.5744 val_ece=0.0307 kl_weight=0.000000 loss_kl_raw=1648676.3750
[eval] adapter_cls=BayesPaperAdapter
[eval] raw_logits_shape=(10, 256, 101)
[eval] reduced_logits_shape=(256, 101)
[Epoch 197] lr=0.026372 train_loss=0.0378 loss_reg=0.0208 val_acc=0.8282 val_nlpd=0.5733 val_ece=0.0324 kl_weight=0.000000 loss_kl_raw=1649209.2500
[eval] adapter_cls=BayesPaperAdapter
[eval] raw_logits_shape=(10, 256, 101)
[eval] reduced_logits_shape=(256, 101)
[Epoch 198] lr=0.025912 train_loss=0.0378 loss_reg=0.0209 val_acc=0.8309 val_nlpd=0.5751 val_ece=0.0298 kl_weight=0.000000 loss_kl_raw=1649710.3750
[eval] adapter_cls=BayesPaperAdapter
[eval] raw_logits_shape=(10, 256, 101)
[eval] reduced_logits_shape=(256, 101)
[Epoch 199] lr=0.025455 train_loss=0.0379 loss_reg=0.0211 val_acc=0.8319 val_nlpd=0.5752 val_ece=0.0289 kl_weight=0.000000 loss_kl_raw=1650245.3750
[eval] adapter_cls=BayesPaperAdapter
[eval] raw_logits_shape=(10, 256, 101)
[eval] reduced_logits_shape=(256, 101)
[Epoch 200] lr=0.025000 train_loss=0.0381 loss_reg=0.0212 val_acc=0.8309 val_nlpd=0.5761 val_ece=0.0298 kl_weight=0.000000 loss_kl_raw=1650732.7500
[eval] adapter_cls=BayesPaperAdapter
[eval] raw_logits_shape=(10, 256, 101)
[eval] reduced_logits_shape=(256, 101)
[Epoch 201] lr=0.024548 train_loss=0.0381 loss_reg=0.0213 val_acc=0.8309 val_nlpd=0.5748 val_ece=0.0301 kl_weight=0.000000 loss_kl_raw=1651241.3750
[eval] adapter_cls=BayesPaperAdapter
[eval] raw_logits_shape=(10, 256, 101)
[eval] reduced_logits_shape=(256, 101)
[Epoch 202] lr=0.024099 train_loss=0.0383 loss_reg=0.0214 val_acc=0.8309 val_nlpd=0.5739 val_ece=0.0301 kl_weight=0.000000 loss_kl_raw=1651740.7500
[eval] adapter_cls=BayesPaperAdapter
[eval] raw_logits_shape=(10, 256, 101)
[eval] reduced_logits_shape=(256, 101)
[Epoch 203] lr=0.023652 train_loss=0.0384 loss_reg=0.0215 val_acc=0.8298 val_nlpd=0.5767 val_ece=0.0307 kl_weight=0.000000 loss_kl_raw=1652181.3750
[eval] adapter_cls=BayesPaperAdapter
[eval] raw_logits_shape=(10, 256, 101)
[eval] reduced_logits_shape=(256, 101)
[Epoch 204] lr=0.023209 train_loss=0.0385 loss_reg=0.0216 val_acc=0.8325 val_nlpd=0.5756 val_ece=0.0283 kl_weight=0.000000 loss_kl_raw=1652641.1250
[eval] adapter_cls=BayesPaperAdapter
[eval] raw_logits_shape=(10, 256, 101)
[eval] reduced_logits_shape=(256, 101)
[Epoch 205] lr=0.022768 train_loss=0.0384 loss_reg=0.0217 val_acc=0.8325 val_nlpd=0.5737 val_ece=0.0284 kl_weight=0.000000 loss_kl_raw=1653114.0000
[eval] adapter_cls=BayesPaperAdapter
[eval] raw_logits_shape=(10, 256, 101)
[eval] reduced_logits_shape=(256, 101)
[Epoch 206] lr=0.022330 train_loss=0.0387 loss_reg=0.0218 val_acc=0.8325 val_nlpd=0.5741 val_ece=0.0286 kl_weight=0.000000 loss_kl_raw=1653572.8750
[eval] adapter_cls=BayesPaperAdapter
[eval] raw_logits_shape=(10, 256, 101)
[eval] reduced_logits_shape=(256, 101)
[Epoch 207] lr=0.021896 train_loss=0.0387 loss_reg=0.0220 val_acc=0.8330 val_nlpd=0.5740 val_ece=0.0281 kl_weight=0.000000 loss_kl_raw=1654028.0000
[eval] adapter_cls=BayesPaperAdapter
[eval] raw_logits_shape=(10, 256, 101)
[eval] reduced_logits_shape=(256, 101)
[Epoch 208] lr=0.021464 train_loss=0.0388 loss_reg=0.0221 val_acc=0.8309 val_nlpd=0.5743 val_ece=0.0298 kl_weight=0.000000 loss_kl_raw=1654445.3750
[eval] adapter_cls=BayesPaperAdapter
[eval] raw_logits_shape=(10, 256, 101)
[eval] reduced_logits_shape=(256, 101)
[Epoch 209] lr=0.021036 train_loss=0.0390 loss_reg=0.0222 val_acc=0.8309 val_nlpd=0.5744 val_ece=0.0310 kl_weight=0.000000 loss_kl_raw=1654852.8750
[eval] adapter_cls=BayesPaperAdapter
[eval] raw_logits_shape=(10, 256, 101)
[eval] reduced_logits_shape=(256, 101)
[Epoch 210] lr=0.020611 train_loss=0.0391 loss_reg=0.0223 val_acc=0.8309 val_nlpd=0.5748 val_ece=0.0297 kl_weight=0.000000 loss_kl_raw=1655280.3750
[eval] adapter_cls=BayesPaperAdapter
[eval] raw_logits_shape=(10, 256, 101)
[eval] reduced_logits_shape=(256, 101)
[Epoch 211] lr=0.020189 train_loss=0.0391 loss_reg=0.0224 val_acc=0.8298 val_nlpd=0.5734 val_ece=0.0313 kl_weight=0.000000 loss_kl_raw=1655669.2500
[eval] adapter_cls=BayesPaperAdapter
[eval] raw_logits_shape=(10, 256, 101)
[eval] reduced_logits_shape=(256, 101)
[Epoch 212] lr=0.019770 train_loss=0.0392 loss_reg=0.0225 val_acc=0.8314 val_nlpd=0.5750 val_ece=0.0306 kl_weight=0.000000 loss_kl_raw=1656066.5000
[eval] adapter_cls=BayesPaperAdapter
[eval] raw_logits_shape=(10, 256, 101)
[eval] reduced_logits_shape=(256, 101)
[Epoch 213] lr=0.019355 train_loss=0.0394 loss_reg=0.0226 val_acc=0.8319 val_nlpd=0.5731 val_ece=0.0298 kl_weight=0.000000 loss_kl_raw=1656435.5000
[eval] adapter_cls=BayesPaperAdapter
[eval] raw_logits_shape=(10, 256, 101)
[eval] reduced_logits_shape=(256, 101)
[Epoch 214] lr=0.018943 train_loss=0.0395 loss_reg=0.0227 val_acc=0.8319 val_nlpd=0.5738 val_ece=0.0291 kl_weight=0.000000 loss_kl_raw=1656800.0000
[eval] adapter_cls=BayesPaperAdapter
[eval] raw_logits_shape=(10, 256, 101)
[eval] reduced_logits_shape=(256, 101)
[Epoch 215] lr=0.018534 train_loss=0.0396 loss_reg=0.0229 val_acc=0.8314 val_nlpd=0.5759 val_ece=0.0311 kl_weight=0.000000 loss_kl_raw=1657082.8750
[eval] adapter_cls=BayesPaperAdapter
[eval] raw_logits_shape=(10, 256, 101)
[eval] reduced_logits_shape=(256, 101)
[Epoch 216] lr=0.018129 train_loss=0.0397 loss_reg=0.0230 val_acc=0.8309 val_nlpd=0.5761 val_ece=0.0300 kl_weight=0.000000 loss_kl_raw=1657415.2500
[eval] adapter_cls=BayesPaperAdapter
[eval] raw_logits_shape=(10, 256, 101)
[eval] reduced_logits_shape=(256, 101)
[Epoch 217] lr=0.017727 train_loss=0.0397 loss_reg=0.0231 val_acc=0.8325 val_nlpd=0.5761 val_ece=0.0289 kl_weight=0.000000 loss_kl_raw=1657715.2500
[eval] adapter_cls=BayesPaperAdapter
[eval] raw_logits_shape=(10, 256, 101)
[eval] reduced_logits_shape=(256, 101)
[Epoch 218] lr=0.017329 train_loss=0.0399 loss_reg=0.0232 val_acc=0.8314 val_nlpd=0.5757 val_ece=0.0296 kl_weight=0.000000 loss_kl_raw=1658012.3750
[eval] adapter_cls=BayesPaperAdapter
[eval] raw_logits_shape=(10, 256, 101)
[eval] reduced_logits_shape=(256, 101)
[Epoch 219] lr=0.016934 train_loss=0.0399 loss_reg=0.0233 val_acc=0.8330 val_nlpd=0.5743 val_ece=0.0280 kl_weight=0.000000 loss_kl_raw=1658283.7500
[eval] adapter_cls=BayesPaperAdapter
[eval] raw_logits_shape=(10, 256, 101)
[eval] reduced_logits_shape=(256, 101)
[Epoch 220] lr=0.016543 train_loss=0.0400 loss_reg=0.0234 val_acc=0.8293 val_nlpd=0.5753 val_ece=0.0316 kl_weight=0.000000 loss_kl_raw=1658564.3750
[eval] adapter_cls=BayesPaperAdapter
[eval] raw_logits_shape=(10, 256, 101)
[eval] reduced_logits_shape=(256, 101)
[Epoch 221] lr=0.016156 train_loss=0.0402 loss_reg=0.0235 val_acc=0.8288 val_nlpd=0.5761 val_ece=0.0320 kl_weight=0.000000 loss_kl_raw=1658835.2500
[eval] adapter_cls=BayesPaperAdapter
[eval] raw_logits_shape=(10, 256, 101)
[eval] reduced_logits_shape=(256, 101)
[Epoch 222] lr=0.015773 train_loss=0.0401 loss_reg=0.0236 val_acc=0.8319 val_nlpd=0.5750 val_ece=0.0292 kl_weight=0.000000 loss_kl_raw=1659082.0000
[eval] adapter_cls=BayesPaperAdapter
[eval] raw_logits_shape=(10, 256, 101)
[eval] reduced_logits_shape=(256, 101)
[Epoch 223] lr=0.015393 train_loss=0.0405 loss_reg=0.0237 val_acc=0.8309 val_nlpd=0.5759 val_ece=0.0300 kl_weight=0.000000 loss_kl_raw=1659324.3750
[eval] adapter_cls=BayesPaperAdapter
[eval] raw_logits_shape=(10, 256, 101)
[eval] reduced_logits_shape=(256, 101)
[Epoch 224] lr=0.015017 train_loss=0.0405 loss_reg=0.0239 val_acc=0.8314 val_nlpd=0.5743 val_ece=0.0296 kl_weight=0.000000 loss_kl_raw=1659551.6250
[eval] adapter_cls=BayesPaperAdapter
[eval] raw_logits_shape=(10, 256, 101)
[eval] reduced_logits_shape=(256, 101)
[Epoch 225] lr=0.014645 train_loss=0.0406 loss_reg=0.0240 val_acc=0.8309 val_nlpd=0.5746 val_ece=0.0300 kl_weight=0.000000 loss_kl_raw=1659783.6250
[eval] adapter_cls=BayesPaperAdapter
[eval] raw_logits_shape=(10, 256, 101)
[eval] reduced_logits_shape=(256, 101)
[Epoch 226] lr=0.014276 train_loss=0.0407 loss_reg=0.0241 val_acc=0.8314 val_nlpd=0.5755 val_ece=0.0295 kl_weight=0.000000 loss_kl_raw=1660018.7500
[eval] adapter_cls=BayesPaperAdapter
[eval] raw_logits_shape=(10, 256, 101)
[eval] reduced_logits_shape=(256, 101)
[Epoch 227] lr=0.013912 train_loss=0.0409 loss_reg=0.0242 val_acc=0.8314 val_nlpd=0.5736 val_ece=0.0302 kl_weight=0.000000 loss_kl_raw=1660251.1250
[eval] adapter_cls=BayesPaperAdapter
[eval] raw_logits_shape=(10, 256, 101)
[eval] reduced_logits_shape=(256, 101)
[Epoch 228] lr=0.013552 train_loss=0.0409 loss_reg=0.0243 val_acc=0.8298 val_nlpd=0.5764 val_ece=0.0310 kl_weight=0.000000 loss_kl_raw=1660484.3750
[eval] adapter_cls=BayesPaperAdapter
[eval] raw_logits_shape=(10, 256, 101)
[eval] reduced_logits_shape=(256, 101)
[Epoch 229] lr=0.013195 train_loss=0.0409 loss_reg=0.0244 val_acc=0.8325 val_nlpd=0.5747 val_ece=0.0292 kl_weight=0.000000 loss_kl_raw=1660689.3750
[eval] adapter_cls=BayesPaperAdapter
[eval] raw_logits_shape=(10, 256, 101)
[eval] reduced_logits_shape=(256, 101)
[Epoch 230] lr=0.012843 train_loss=0.0410 loss_reg=0.0245 val_acc=0.8298 val_nlpd=0.5756 val_ece=0.0312 kl_weight=0.000000 loss_kl_raw=1660872.3750
[eval] adapter_cls=BayesPaperAdapter
[eval] raw_logits_shape=(10, 256, 101)
[eval] reduced_logits_shape=(256, 101)
[Epoch 231] lr=0.012494 train_loss=0.0412 loss_reg=0.0246 val_acc=0.8314 val_nlpd=0.5761 val_ece=0.0297 kl_weight=0.000000 loss_kl_raw=1661023.8750
[eval] adapter_cls=BayesPaperAdapter
[eval] raw_logits_shape=(10, 256, 101)
[eval] reduced_logits_shape=(256, 101)
[Epoch 232] lr=0.012150 train_loss=0.0413 loss_reg=0.0247 val_acc=0.8335 val_nlpd=0.5756 val_ece=0.0286 kl_weight=0.000000 loss_kl_raw=1661186.3750
[eval] adapter_cls=BayesPaperAdapter
[eval] raw_logits_shape=(10, 256, 101)
[eval] reduced_logits_shape=(256, 101)
[Epoch 233] lr=0.011810 train_loss=0.0414 loss_reg=0.0248 val_acc=0.8319 val_nlpd=0.5766 val_ece=0.0293 kl_weight=0.000000 loss_kl_raw=1661339.8750
[eval] adapter_cls=BayesPaperAdapter
[eval] raw_logits_shape=(10, 256, 101)
[eval] reduced_logits_shape=(256, 101)
[Epoch 234] lr=0.011474 train_loss=0.0414 loss_reg=0.0250 val_acc=0.8309 val_nlpd=0.5747 val_ece=0.0302 kl_weight=0.000000 loss_kl_raw=1661495.1250
[eval] adapter_cls=BayesPaperAdapter
[eval] raw_logits_shape=(10, 256, 101)
[eval] reduced_logits_shape=(256, 101)
[Epoch 235] lr=0.011143 train_loss=0.0416 loss_reg=0.0251 val_acc=0.8309 val_nlpd=0.5738 val_ece=0.0302 kl_weight=0.000000 loss_kl_raw=1661655.3750
[eval] adapter_cls=BayesPaperAdapter
[eval] raw_logits_shape=(10, 256, 101)
[eval] reduced_logits_shape=(256, 101)
[Epoch 236] lr=0.010815 train_loss=0.0417 loss_reg=0.0252 val_acc=0.8314 val_nlpd=0.5745 val_ece=0.0306 kl_weight=0.000000 loss_kl_raw=1661825.3750
[eval] adapter_cls=BayesPaperAdapter
[eval] raw_logits_shape=(10, 256, 101)
[eval] reduced_logits_shape=(256, 101)
[Epoch 237] lr=0.010492 train_loss=0.0419 loss_reg=0.0253 val_acc=0.8309 val_nlpd=0.5759 val_ece=0.0300 kl_weight=0.000000 loss_kl_raw=1662009.3750
[eval] adapter_cls=BayesPaperAdapter
[eval] raw_logits_shape=(10, 256, 101)
[eval] reduced_logits_shape=(256, 101)
[Epoch 238] lr=0.010174 train_loss=0.0420 loss_reg=0.0254 val_acc=0.8319 val_nlpd=0.5747 val_ece=0.0297 kl_weight=0.000000 loss_kl_raw=1662161.8750
[eval] adapter_cls=BayesPaperAdapter
[eval] raw_logits_shape=(10, 256, 101)
[eval] reduced_logits_shape=(256, 101)
[Epoch 239] lr=0.009859 train_loss=0.0420 loss_reg=0.0255 val_acc=0.8309 val_nlpd=0.5755 val_ece=0.0302 kl_weight=0.000000 loss_kl_raw=1662297.1250
[eval] adapter_cls=BayesPaperAdapter
[eval] raw_logits_shape=(10, 256, 101)
[eval] reduced_logits_shape=(256, 101)
[Epoch 240] lr=0.009549 train_loss=0.0422 loss_reg=0.0256 val_acc=0.8330 val_nlpd=0.5740 val_ece=0.0281 kl_weight=0.000000 loss_kl_raw=1662426.6250
[eval] adapter_cls=BayesPaperAdapter
[eval] raw_logits_shape=(10, 256, 101)
[eval] reduced_logits_shape=(256, 101)
[Epoch 241] lr=0.009244 train_loss=0.0421 loss_reg=0.0257 val_acc=0.8309 val_nlpd=0.5752 val_ece=0.0305 kl_weight=0.000000 loss_kl_raw=1662530.6250
[eval] adapter_cls=BayesPaperAdapter
[eval] raw_logits_shape=(10, 256, 101)
[eval] reduced_logits_shape=(256, 101)
[Epoch 242] lr=0.008943 train_loss=0.0423 loss_reg=0.0258 val_acc=0.8325 val_nlpd=0.5740 val_ece=0.0287 kl_weight=0.000000 loss_kl_raw=1662627.0000
[eval] adapter_cls=BayesPaperAdapter
[eval] raw_logits_shape=(10, 256, 101)
[eval] reduced_logits_shape=(256, 101)
[Epoch 243] lr=0.008646 train_loss=0.0424 loss_reg=0.0259 val_acc=0.8288 val_nlpd=0.5751 val_ece=0.0324 kl_weight=0.000000 loss_kl_raw=1662747.0000
[eval] adapter_cls=BayesPaperAdapter
[eval] raw_logits_shape=(10, 256, 101)
[eval] reduced_logits_shape=(256, 101)
[Epoch 244] lr=0.008354 train_loss=0.0426 loss_reg=0.0260 val_acc=0.8330 val_nlpd=0.5761 val_ece=0.0294 kl_weight=0.000000 loss_kl_raw=1662856.7500
[eval] adapter_cls=BayesPaperAdapter
[eval] raw_logits_shape=(10, 256, 101)
[eval] reduced_logits_shape=(256, 101)
[Epoch 245] lr=0.008066 train_loss=0.0427 loss_reg=0.0262 val_acc=0.8303 val_nlpd=0.5760 val_ece=0.0303 kl_weight=0.000000 loss_kl_raw=1662958.7500
[eval] adapter_cls=BayesPaperAdapter
[eval] raw_logits_shape=(10, 256, 101)
[eval] reduced_logits_shape=(256, 101)
[Epoch 246] lr=0.007784 train_loss=0.0427 loss_reg=0.0263 val_acc=0.8319 val_nlpd=0.5745 val_ece=0.0292 kl_weight=0.000000 loss_kl_raw=1663052.6250
[eval] adapter_cls=BayesPaperAdapter
[eval] raw_logits_shape=(10, 256, 101)
[eval] reduced_logits_shape=(256, 101)
[Epoch 247] lr=0.007505 train_loss=0.0428 loss_reg=0.0264 val_acc=0.8303 val_nlpd=0.5763 val_ece=0.0307 kl_weight=0.000000 loss_kl_raw=1663134.5000
[eval] adapter_cls=BayesPaperAdapter
[eval] raw_logits_shape=(10, 256, 101)
[eval] reduced_logits_shape=(256, 101)
[Epoch 248] lr=0.007232 train_loss=0.0430 loss_reg=0.0265 val_acc=0.8314 val_nlpd=0.5749 val_ece=0.0294 kl_weight=0.000000 loss_kl_raw=1663227.7500
[eval] adapter_cls=BayesPaperAdapter
[eval] raw_logits_shape=(10, 256, 101)
[eval] reduced_logits_shape=(256, 101)
[Epoch 249] lr=0.006963 train_loss=0.0431 loss_reg=0.0266 val_acc=0.8319 val_nlpd=0.5739 val_ece=0.0292 kl_weight=0.000000 loss_kl_raw=1663300.3750
[eval] adapter_cls=BayesPaperAdapter
[eval] raw_logits_shape=(10, 256, 101)
[eval] reduced_logits_shape=(256, 101)
[Epoch 250] lr=0.006699 train_loss=0.0432 loss_reg=0.0267 val_acc=0.8282 val_nlpd=0.5748 val_ece=0.0330 kl_weight=0.000000 loss_kl_raw=1663374.1250
[eval] adapter_cls=BayesPaperAdapter
[eval] raw_logits_shape=(10, 256, 101)
[eval] reduced_logits_shape=(256, 101)
[Epoch 251] lr=0.006439 train_loss=0.0433 loss_reg=0.0268 val_acc=0.8309 val_nlpd=0.5765 val_ece=0.0313 kl_weight=0.000000 loss_kl_raw=1663438.5000
[eval] adapter_cls=BayesPaperAdapter
[eval] raw_logits_shape=(10, 256, 101)
[eval] reduced_logits_shape=(256, 101)
[Epoch 252] lr=0.006185 train_loss=0.0434 loss_reg=0.0269 val_acc=0.8309 val_nlpd=0.5743 val_ece=0.0301 kl_weight=0.000000 loss_kl_raw=1663506.2500
[eval] adapter_cls=BayesPaperAdapter
[eval] raw_logits_shape=(10, 256, 101)
[eval] reduced_logits_shape=(256, 101)
[Epoch 253] lr=0.005935 train_loss=0.0435 loss_reg=0.0270 val_acc=0.8293 val_nlpd=0.5758 val_ece=0.0316 kl_weight=0.000000 loss_kl_raw=1663570.5000
[eval] adapter_cls=BayesPaperAdapter
[eval] raw_logits_shape=(10, 256, 101)
[eval] reduced_logits_shape=(256, 101)
[Epoch 254] lr=0.005690 train_loss=0.0437 loss_reg=0.0271 val_acc=0.8314 val_nlpd=0.5740 val_ece=0.0297 kl_weight=0.000000 loss_kl_raw=1663633.1250
[eval] adapter_cls=BayesPaperAdapter
[eval] raw_logits_shape=(10, 256, 101)
[eval] reduced_logits_shape=(256, 101)
[Epoch 255] lr=0.005450 train_loss=0.0437 loss_reg=0.0272 val_acc=0.8314 val_nlpd=0.5749 val_ece=0.0295 kl_weight=0.000000 loss_kl_raw=1663690.5000
[eval] adapter_cls=BayesPaperAdapter
[eval] raw_logits_shape=(10, 256, 101)
[eval] reduced_logits_shape=(256, 101)
[Epoch 256] lr=0.005214 train_loss=0.0439 loss_reg=0.0273 val_acc=0.8325 val_nlpd=0.5749 val_ece=0.0285 kl_weight=0.000000 loss_kl_raw=1663736.6250
[eval] adapter_cls=BayesPaperAdapter
[eval] raw_logits_shape=(10, 256, 101)
[eval] reduced_logits_shape=(256, 101)
[Epoch 257] lr=0.004984 train_loss=0.0438 loss_reg=0.0275 val_acc=0.8319 val_nlpd=0.5734 val_ece=0.0295 kl_weight=0.000000 loss_kl_raw=1663791.8750
[eval] adapter_cls=BayesPaperAdapter
[eval] raw_logits_shape=(10, 256, 101)
[eval] reduced_logits_shape=(256, 101)
[Epoch 258] lr=0.004759 train_loss=0.0440 loss_reg=0.0276 val_acc=0.8325 val_nlpd=0.5744 val_ece=0.0302 kl_weight=0.000000 loss_kl_raw=1663839.8750
[eval] adapter_cls=BayesPaperAdapter
[eval] raw_logits_shape=(10, 256, 101)
[eval] reduced_logits_shape=(256, 101)
[Epoch 259] lr=0.004538 train_loss=0.0441 loss_reg=0.0277 val_acc=0.8298 val_nlpd=0.5758 val_ece=0.0312 kl_weight=0.000000 loss_kl_raw=1663880.7500
[eval] adapter_cls=BayesPaperAdapter
[eval] raw_logits_shape=(10, 256, 101)
[eval] reduced_logits_shape=(256, 101)
[Epoch 260] lr=0.004323 train_loss=0.0442 loss_reg=0.0278 val_acc=0.8314 val_nlpd=0.5761 val_ece=0.0297 kl_weight=0.000000 loss_kl_raw=1663921.8750
[eval] adapter_cls=BayesPaperAdapter
[eval] raw_logits_shape=(10, 256, 101)
[eval] reduced_logits_shape=(256, 101)
[Epoch 261] lr=0.004112 train_loss=0.0444 loss_reg=0.0279 val_acc=0.8303 val_nlpd=0.5762 val_ece=0.0308 kl_weight=0.000000 loss_kl_raw=1663962.1250
[eval] adapter_cls=BayesPaperAdapter
[eval] raw_logits_shape=(10, 256, 101)
[eval] reduced_logits_shape=(256, 101)
[Epoch 262] lr=0.003907 train_loss=0.0445 loss_reg=0.0280 val_acc=0.8309 val_nlpd=0.5747 val_ece=0.0307 kl_weight=0.000000 loss_kl_raw=1663997.0000
[eval] adapter_cls=BayesPaperAdapter
[eval] raw_logits_shape=(10, 256, 101)
[eval] reduced_logits_shape=(256, 101)
[Epoch 263] lr=0.003706 train_loss=0.0447 loss_reg=0.0281 val_acc=0.8303 val_nlpd=0.5748 val_ece=0.0308 kl_weight=0.000000 loss_kl_raw=1664029.7500
[eval] adapter_cls=BayesPaperAdapter
[eval] raw_logits_shape=(10, 256, 101)
[eval] reduced_logits_shape=(256, 101)
[Epoch 264] lr=0.003511 train_loss=0.0446 loss_reg=0.0282 val_acc=0.8298 val_nlpd=0.5746 val_ece=0.0314 kl_weight=0.000000 loss_kl_raw=1664060.0000
[eval] adapter_cls=BayesPaperAdapter
[eval] raw_logits_shape=(10, 256, 101)
[eval] reduced_logits_shape=(256, 101)
[Epoch 265] lr=0.003321 train_loss=0.0449 loss_reg=0.0283 val_acc=0.8303 val_nlpd=0.5736 val_ece=0.0307 kl_weight=0.000000 loss_kl_raw=1664095.3750
[eval] adapter_cls=BayesPaperAdapter
[eval] raw_logits_shape=(10, 256, 101)
[eval] reduced_logits_shape=(256, 101)
[Epoch 266] lr=0.003136 train_loss=0.0449 loss_reg=0.0284 val_acc=0.8303 val_nlpd=0.5762 val_ece=0.0305 kl_weight=0.000000 loss_kl_raw=1664132.2500
[eval] adapter_cls=BayesPaperAdapter
[eval] raw_logits_shape=(10, 256, 101)
[eval] reduced_logits_shape=(256, 101)
[Epoch 267] lr=0.002956 train_loss=0.0450 loss_reg=0.0285 val_acc=0.8330 val_nlpd=0.5737 val_ece=0.0280 kl_weight=0.000000 loss_kl_raw=1664159.3750
[eval] adapter_cls=BayesPaperAdapter
[eval] raw_logits_shape=(10, 256, 101)
[eval] reduced_logits_shape=(256, 101)
[Epoch 268] lr=0.002781 train_loss=0.0450 loss_reg=0.0286 val_acc=0.8319 val_nlpd=0.5758 val_ece=0.0304 kl_weight=0.000000 loss_kl_raw=1664185.7500
[eval] adapter_cls=BayesPaperAdapter
[eval] raw_logits_shape=(10, 256, 101)
[eval] reduced_logits_shape=(256, 101)
[Epoch 269] lr=0.002612 train_loss=0.0453 loss_reg=0.0287 val_acc=0.8293 val_nlpd=0.5737 val_ece=0.0320 kl_weight=0.000000 loss_kl_raw=1664211.0000
[eval] adapter_cls=BayesPaperAdapter
[eval] raw_logits_shape=(10, 256, 101)
[eval] reduced_logits_shape=(256, 101)
[Epoch 270] lr=0.002447 train_loss=0.0455 loss_reg=0.0289 val_acc=0.8303 val_nlpd=0.5744 val_ece=0.0306 kl_weight=0.000000 loss_kl_raw=1664235.7500
[eval] adapter_cls=BayesPaperAdapter
[eval] raw_logits_shape=(10, 256, 101)
[eval] reduced_logits_shape=(256, 101)
[Epoch 271] lr=0.002288 train_loss=0.0455 loss_reg=0.0290 val_acc=0.8303 val_nlpd=0.5752 val_ece=0.0309 kl_weight=0.000000 loss_kl_raw=1664259.7500
[eval] adapter_cls=BayesPaperAdapter
[eval] raw_logits_shape=(10, 256, 101)
[eval] reduced_logits_shape=(256, 101)
[Epoch 272] lr=0.002134 train_loss=0.0455 loss_reg=0.0291 val_acc=0.8340 val_nlpd=0.5739 val_ece=0.0280 kl_weight=0.000000 loss_kl_raw=1664280.5000
[eval] adapter_cls=BayesPaperAdapter
[eval] raw_logits_shape=(10, 256, 101)
[eval] reduced_logits_shape=(256, 101)
[Epoch 273] lr=0.001985 train_loss=0.0456 loss_reg=0.0292 val_acc=0.8319 val_nlpd=0.5740 val_ece=0.0298 kl_weight=0.000000 loss_kl_raw=1664300.2500
[eval] adapter_cls=BayesPaperAdapter
[eval] raw_logits_shape=(10, 256, 101)
[eval] reduced_logits_shape=(256, 101)
[Epoch 274] lr=0.001842 train_loss=0.0458 loss_reg=0.0293 val_acc=0.8298 val_nlpd=0.5748 val_ece=0.0310 kl_weight=0.000000 loss_kl_raw=1664314.7500
[eval] adapter_cls=BayesPaperAdapter
[eval] raw_logits_shape=(10, 256, 101)
[eval] reduced_logits_shape=(256, 101)
[Epoch 275] lr=0.001704 train_loss=0.0458 loss_reg=0.0294 val_acc=0.8309 val_nlpd=0.5746 val_ece=0.0300 kl_weight=0.000000 loss_kl_raw=1664330.3750
[eval] adapter_cls=BayesPaperAdapter
[eval] raw_logits_shape=(10, 256, 101)
[eval] reduced_logits_shape=(256, 101)
[Epoch 276] lr=0.001571 train_loss=0.0458 loss_reg=0.0295 val_acc=0.8309 val_nlpd=0.5757 val_ece=0.0304 kl_weight=0.000000 loss_kl_raw=1664342.3750
[eval] adapter_cls=BayesPaperAdapter
[eval] raw_logits_shape=(10, 256, 101)
[eval] reduced_logits_shape=(256, 101)
[Epoch 277] lr=0.001443 train_loss=0.0461 loss_reg=0.0296 val_acc=0.8303 val_nlpd=0.5736 val_ece=0.0308 kl_weight=0.000000 loss_kl_raw=1664358.3750
[eval] adapter_cls=BayesPaperAdapter
[eval] raw_logits_shape=(10, 256, 101)
[eval] reduced_logits_shape=(256, 101)
[Epoch 278] lr=0.001321 train_loss=0.0462 loss_reg=0.0297 val_acc=0.8319 val_nlpd=0.5741 val_ece=0.0291 kl_weight=0.000000 loss_kl_raw=1664368.3750
[eval] adapter_cls=BayesPaperAdapter
[eval] raw_logits_shape=(10, 256, 101)
[eval] reduced_logits_shape=(256, 101)
[Epoch 279] lr=0.001204 train_loss=0.0462 loss_reg=0.0298 val_acc=0.8319 val_nlpd=0.5738 val_ece=0.0299 kl_weight=0.000000 loss_kl_raw=1664377.2500
[eval] adapter_cls=BayesPaperAdapter
[eval] raw_logits_shape=(10, 256, 101)
[eval] reduced_logits_shape=(256, 101)
[Epoch 280] lr=0.001093 train_loss=0.0464 loss_reg=0.0299 val_acc=0.8314 val_nlpd=0.5748 val_ece=0.0296 kl_weight=0.000000 loss_kl_raw=1664385.3750
[eval] adapter_cls=BayesPaperAdapter
[eval] raw_logits_shape=(10, 256, 101)
[eval] reduced_logits_shape=(256, 101)
[Epoch 281] lr=0.000986 train_loss=0.0463 loss_reg=0.0300 val_acc=0.8282 val_nlpd=0.5755 val_ece=0.0329 kl_weight=0.000000 loss_kl_raw=1664395.0000
[eval] adapter_cls=BayesPaperAdapter
[eval] raw_logits_shape=(10, 256, 101)
[eval] reduced_logits_shape=(256, 101)
[Epoch 282] lr=0.000886 train_loss=0.0467 loss_reg=0.0301 val_acc=0.8298 val_nlpd=0.5761 val_ece=0.0313 kl_weight=0.000000 loss_kl_raw=1664402.8750
[eval] adapter_cls=BayesPaperAdapter
[eval] raw_logits_shape=(10, 256, 101)
[eval] reduced_logits_shape=(256, 101)
[Epoch 283] lr=0.000790 train_loss=0.0467 loss_reg=0.0303 val_acc=0.8319 val_nlpd=0.5743 val_ece=0.0291 kl_weight=0.000000 loss_kl_raw=1664410.3750
[eval] adapter_cls=BayesPaperAdapter
[eval] raw_logits_shape=(10, 256, 101)
[eval] reduced_logits_shape=(256, 101)
[Epoch 284] lr=0.000700 train_loss=0.0468 loss_reg=0.0304 val_acc=0.8319 val_nlpd=0.5738 val_ece=0.0292 kl_weight=0.000000 loss_kl_raw=1664416.0000
[eval] adapter_cls=BayesPaperAdapter
[eval] raw_logits_shape=(10, 256, 101)
[eval] reduced_logits_shape=(256, 101)
[Epoch 285] lr=0.000616 train_loss=0.0470 loss_reg=0.0305 val_acc=0.8293 val_nlpd=0.5761 val_ece=0.0316 kl_weight=0.000000 loss_kl_raw=1664421.0000
[eval] adapter_cls=BayesPaperAdapter
[eval] raw_logits_shape=(10, 256, 101)
[eval] reduced_logits_shape=(256, 101)
[Epoch 286] lr=0.000536 train_loss=0.0470 loss_reg=0.0306 val_acc=0.8309 val_nlpd=0.5772 val_ece=0.0302 kl_weight=0.000000 loss_kl_raw=1664426.0000
[eval] adapter_cls=BayesPaperAdapter
[eval] raw_logits_shape=(10, 256, 101)
[eval] reduced_logits_shape=(256, 101)
[Epoch 287] lr=0.000463 train_loss=0.0471 loss_reg=0.0307 val_acc=0.8309 val_nlpd=0.5749 val_ece=0.0303 kl_weight=0.000000 loss_kl_raw=1664429.3750
[eval] adapter_cls=BayesPaperAdapter
[eval] raw_logits_shape=(10, 256, 101)
[eval] reduced_logits_shape=(256, 101)
[Epoch 288] lr=0.000394 train_loss=0.0472 loss_reg=0.0308 val_acc=0.8319 val_nlpd=0.5740 val_ece=0.0295 kl_weight=0.000000 loss_kl_raw=1664431.2500
[eval] adapter_cls=BayesPaperAdapter
[eval] raw_logits_shape=(10, 256, 101)
[eval] reduced_logits_shape=(256, 101)
[Epoch 289] lr=0.000331 train_loss=0.0474 loss_reg=0.0309 val_acc=0.8319 val_nlpd=0.5746 val_ece=0.0292 kl_weight=0.000000 loss_kl_raw=1664433.2500
[eval] adapter_cls=BayesPaperAdapter
[eval] raw_logits_shape=(10, 256, 101)
[eval] reduced_logits_shape=(256, 101)
[Epoch 290] lr=0.000274 train_loss=0.0475 loss_reg=0.0310 val_acc=0.8282 val_nlpd=0.5744 val_ece=0.0331 kl_weight=0.000000 loss_kl_raw=1664435.7500
[eval] adapter_cls=BayesPaperAdapter
[eval] raw_logits_shape=(10, 256, 101)
[eval] reduced_logits_shape=(256, 101)
[Epoch 291] lr=0.000222 train_loss=0.0475 loss_reg=0.0311 val_acc=0.8309 val_nlpd=0.5735 val_ece=0.0302 kl_weight=0.000000 loss_kl_raw=1664437.2500
[eval] adapter_cls=BayesPaperAdapter
[eval] raw_logits_shape=(10, 256, 101)
[eval] reduced_logits_shape=(256, 101)
[Epoch 292] lr=0.000175 train_loss=0.0476 loss_reg=0.0312 val_acc=0.8309 val_nlpd=0.5760 val_ece=0.0304 kl_weight=0.000000 loss_kl_raw=1664438.1250
[eval] adapter_cls=BayesPaperAdapter
[eval] raw_logits_shape=(10, 256, 101)
[eval] reduced_logits_shape=(256, 101)
[Epoch 293] lr=0.000134 train_loss=0.0478 loss_reg=0.0313 val_acc=0.8288 val_nlpd=0.5748 val_ece=0.0324 kl_weight=0.000000 loss_kl_raw=1664438.5000
[eval] adapter_cls=BayesPaperAdapter
[eval] raw_logits_shape=(10, 256, 101)
[eval] reduced_logits_shape=(256, 101)
[Epoch 294] lr=0.000099 train_loss=0.0479 loss_reg=0.0314 val_acc=0.8293 val_nlpd=0.5746 val_ece=0.0314 kl_weight=0.000000 loss_kl_raw=1664438.8750
[eval] adapter_cls=BayesPaperAdapter
[eval] raw_logits_shape=(10, 256, 101)
[eval] reduced_logits_shape=(256, 101)
[Epoch 295] lr=0.000069 train_loss=0.0480 loss_reg=0.0315 val_acc=0.8314 val_nlpd=0.5739 val_ece=0.0304 kl_weight=0.000000 loss_kl_raw=1664439.2500
[eval] adapter_cls=BayesPaperAdapter
[eval] raw_logits_shape=(10, 256, 101)
[eval] reduced_logits_shape=(256, 101)
[Epoch 296] lr=0.000044 train_loss=0.0481 loss_reg=0.0317 val_acc=0.8282 val_nlpd=0.5756 val_ece=0.0329 kl_weight=0.000000 loss_kl_raw=1664439.2500
[eval] adapter_cls=BayesPaperAdapter
[eval] raw_logits_shape=(10, 256, 101)
[eval] reduced_logits_shape=(256, 101)
[Epoch 297] lr=0.000025 train_loss=0.0482 loss_reg=0.0318 val_acc=0.8319 val_nlpd=0.5739 val_ece=0.0298 kl_weight=0.000000 loss_kl_raw=1664439.2500
[eval] adapter_cls=BayesPaperAdapter
[eval] raw_logits_shape=(10, 256, 101)
[eval] reduced_logits_shape=(256, 101)
[Epoch 298] lr=0.000011 train_loss=0.0483 loss_reg=0.0319 val_acc=0.8309 val_nlpd=0.5731 val_ece=0.0304 kl_weight=0.000000 loss_kl_raw=1664439.2500
[eval] adapter_cls=BayesPaperAdapter
[eval] raw_logits_shape=(10, 256, 101)
[eval] reduced_logits_shape=(256, 101)
[Epoch 299] lr=0.000003 train_loss=0.0485 loss_reg=0.0320 val_acc=0.8298 val_nlpd=0.5759 val_ece=0.0312 kl_weight=0.000000 loss_kl_raw=1664439.2500
[eval] adapter_cls=BayesPaperAdapter
[eval] raw_logits_shape=(10, 256, 101)
[eval] reduced_logits_shape=(256, 101)
[Epoch 300] lr=0.000000 train_loss=0.0486 loss_reg=0.0321 val_acc=0.8303 val_nlpd=0.5758 val_ece=0.0309 kl_weight=0.000000 loss_kl_raw=1664439.2500
[done] training complete:
{
  "family": "vlm_adapter",
  "variant": "BAYESADAPTER",
  "protocol": "id",
  "dataset": "ucf101",
  "seed": 3,
  "model_selection": "last",
  "selection_metric": "acc",
  "selection_mode": "max",
  "best_epoch": 161,
  "best_val_metrics_saved": {
    "loss": 0.5762639729064685,
    "acc": 0.8340358138084412,
    "nlpd": 0.5750161409378052,
    "ece": 0.027559764683246613,
    "aece": 0.027991398054128952,
    "raw_cov_99": 0.3867228627204895,
    "sel_acc_99": 1.0,
    "reliable_99": 1.0,
    "cov_99": 0.3867228627204895,
    "class_cov_99": 0.900990099009901,
    "raw_cov_95": 0.5653319358825684,
    "sel_acc_95": 0.9841565489768982,
    "reliable_95": 1.0,
    "cov_95": 0.5653319358825684,
    "class_cov_95": 0.9801980198019802,
    "raw_cov_90": 0.6464699506759644,
    "sel_acc_90": 0.97555011510849,
    "reliable_90": 1.0,
    "cov_90": 0.6464699506759644,
    "class_cov_90": 0.9900990099009901,
    "raw_cov_85": 0.6970494985580444,
    "sel_acc_85": 0.9622070789337158,
    "reliable_85": 1.0,
    "cov_85": 0.6970494985580444,
    "class_cov_85": 1.0,
    "raw_cov_80": 0.7402529120445251,
    "sel_acc_80": 0.9508897066116333,
    "reliable_80": 1.0,
    "cov_80": 0.7402529120445251,
    "class_cov_80": 1.0
  },
  "last_epoch": 300,
  "last_val_metrics_saved": {
    "loss": 0.5769182172288885,
    "acc": 0.8303477168083191,
    "nlpd": 0.5757536888122559,
    "ece": 0.030896838754415512,
    "aece": 0.033219949620038866,
    "raw_cov_99": 0.3919915556907654,
    "sel_acc_99": 1.0,
    "reliable_99": 1.0,
    "cov_99": 0.3919915556907654,
    "class_cov_99": 0.9108910891089109,
    "raw_cov_95": 0.572181224822998,
    "sel_acc_95": 0.9834254384040833,
    "reliable_95": 1.0,
    "cov_95": 0.572181224822998,
    "class_cov_95": 0.9801980198019802,
    "raw_cov_90": 0.6506849527359009,
    "sel_acc_90": 0.9716598987579346,
    "reliable_90": 1.0,
    "cov_90": 0.6506849527359009,
    "class_cov_90": 0.9900990099009901,
    "raw_cov_85": 0.7044256925582886,
    "sel_acc_85": 0.9626028537750244,
    "reliable_85": 1.0,
    "cov_85": 0.7044256925582886,
    "class_cov_85": 1.0,
    "raw_cov_80": 0.7434141039848328,
    "sel_acc_80": 0.9510985016822815,
    "reliable_80": 1.0,
    "cov_80": 0.7434141039848328,
    "class_cov_80": 1.0
  },
  "run_dir": "/root/autodl-tmp/BayesVLM/output/vlm_adapter/id/ucf101/BAYESADAPTER/BAYESADAPTER/logit_scale_frozen/prior_text_only__seed_3__last/shot_8/seed_3",
  "elapsed_seconds": 31.17,
  "artifacts": {
    "log_file": "train/train.log",
    "config_file": "config/config.json",
    "class_names_file": "config/class_names.json",
    "metrics_csv_file": "train/metrics_history.csv",
    "best_ckpt_file": "checkpoints/best_adapter.pt",
    "last_ckpt_file": "checkpoints/last_adapter.pt"
  }
}
