[run] family=vlm_adapter
[run] variant=BAYESADAPTER
[run] protocol=id
[run] dataset=ucf101
[run] model=clip-base
[run] shots_per_class=8
[run] seed=2
[run] device=cuda
[run] run_dir=/root/autodl-tmp/BayesVLM/output/vlm_adapter/id/ucf101/BAYESADAPTER/BAYESADAPTER/logit_scale_frozen/prior_text_only__seed_2__last/shot_8/seed_2
[run] optimizer=sgd
[run] lr_scheduler=cosine
[run] model_selection=last
[note] pseudo_data_count=None retained only for explicit config parity.
[note] bayesadapter_covariance_mode=paper_scalar
[note] bayesadapter_text_only_run_dir=./output/text_only_bayes_coop_bayes/id/ucf101/logit_scale_frozen/shot_8/seed_2
[note] bayesadapter_text_only_ckpt=last
===== train =====
num_classes: 101
  0 | Apply_Eye_Makeup          | 8
  1 | Apply_Lipstick            | 8
  2 | Archery                   | 8
  3 | Baby_Crawling             | 8
  4 | Balance_Beam              | 8
  5 | Band_Marching             | 8
  6 | Baseball_Pitch            | 8
  7 | Basketball                | 8
  8 | Basketball_Dunk           | 8
  9 | Bench_Press               | 8
 10 | Biking                    | 8
 11 | Billiards                 | 8
 12 | Blow_Dry_Hair             | 8
 13 | Blowing_Candles           | 8
 14 | Body_Weight_Squats        | 8
 15 | Bowling                   | 8
 16 | Boxing_Punching_Bag       | 8
 17 | Boxing_Speed_Bag          | 8
 18 | Breast_Stroke             | 8
 19 | Brushing_Teeth            | 8
 20 | Clean_And_Jerk            | 8
 21 | Cliff_Diving              | 8
 22 | Cricket_Bowling           | 8
 23 | Cricket_Shot              | 8
 24 | Cutting_In_Kitchen        | 8
 25 | Diving                    | 8
 26 | Drumming                  | 8
 27 | Fencing                   | 8
 28 | Field_Hockey_Penalty      | 8
 29 | Floor_Gymnastics          | 8
 30 | Frisbee_Catch             | 8
 31 | Front_Crawl               | 8
 32 | Golf_Swing                | 8
 33 | Haircut                   | 8
 34 | Hammering                 | 8
 35 | Hammer_Throw              | 8
 36 | Handstand_Pushups         | 8
 37 | Handstand_Walking         | 8
 38 | Head_Massage              | 8
 39 | High_Jump                 | 8
 40 | Horse_Race                | 8
 41 | Horse_Riding              | 8
 42 | Hula_Hoop                 | 8
 43 | Ice_Dancing               | 8
 44 | Javelin_Throw             | 8
 45 | Juggling_Balls            | 8
 46 | Jumping_Jack              | 8
 47 | Jump_Rope                 | 8
 48 | Kayaking                  | 8
 49 | Knitting                  | 8
 50 | Long_Jump                 | 8
 51 | Lunges                    | 8
 52 | Military_Parade           | 8
 53 | Mixing                    | 8
 54 | Mopping_Floor             | 8
 55 | Nunchucks                 | 8
 56 | Parallel_Bars             | 8
 57 | Pizza_Tossing             | 8
 58 | Playing_Cello             | 8
 59 | Playing_Daf               | 8
 60 | Playing_Dhol              | 8
 61 | Playing_Flute             | 8
 62 | Playing_Guitar            | 8
 63 | Playing_Piano             | 8
 64 | Playing_Sitar             | 8
 65 | Playing_Tabla             | 8
 66 | Playing_Violin            | 8
 67 | Pole_Vault                | 8
 68 | Pommel_Horse              | 8
 69 | Pull_Ups                  | 8
 70 | Punch                     | 8
 71 | Push_Ups                  | 8
 72 | Rafting                   | 8
 73 | Rock_Climbing_Indoor      | 8
 74 | Rope_Climbing             | 8
 75 | Rowing                    | 8
 76 | Salsa_Spin                | 8
 77 | Shaving_Beard             | 8
 78 | Shotput                   | 8
 79 | Skate_Boarding            | 8
 80 | Skiing                    | 8
 81 | Skijet                    | 8
 82 | Sky_Diving                | 8
 83 | Soccer_Juggling           | 8
 84 | Soccer_Penalty            | 8
 85 | Still_Rings               | 8
 86 | Sumo_Wrestling            | 8
 87 | Surfing                   | 8
 88 | Swing                     | 8
 89 | Table_Tennis_Shot         | 8
 90 | Tai_Chi                   | 8
 91 | Tennis_Swing              | 8
 92 | Throw_Discus              | 8
 93 | Trampoline_Jumping        | 8
 94 | Typing                    | 8
 95 | Uneven_Bars               | 8
 96 | Volleyball_Spiking        | 8
 97 | Walking_With_Dog          | 8
 98 | Wall_Pushups              | 8
 99 | Writing_On_Board          | 8
100 | Yo_Yo                     | 8
===== test =====
num_classes: 101
  0 | Apply_Eye_Makeup          | 44
  1 | Apply_Lipstick            | 32
  2 | Archery                   | 41
  3 | Baby_Crawling             | 35
  4 | Balance_Beam              | 31
  5 | Band_Marching             | 43
  6 | Baseball_Pitch            | 43
  7 | Basketball                | 35
  8 | Basketball_Dunk           | 37
  9 | Bench_Press               | 48
 10 | Biking                    | 38
 11 | Billiards                 | 40
 12 | Blow_Dry_Hair             | 38
 13 | Blowing_Candles           | 33
 14 | Body_Weight_Squats        | 30
 15 | Bowling                   | 43
 16 | Boxing_Punching_Bag       | 49
 17 | Boxing_Speed_Bag          | 37
 18 | Breast_Stroke             | 28
 19 | Brushing_Teeth            | 36
 20 | Clean_And_Jerk            | 33
 21 | Cliff_Diving              | 39
 22 | Cricket_Bowling           | 36
 23 | Cricket_Shot              | 49
 24 | Cutting_In_Kitchen        | 33
 25 | Diving                    | 45
 26 | Drumming                  | 45
 27 | Fencing                   | 34
 28 | Field_Hockey_Penalty      | 40
 29 | Floor_Gymnastics          | 36
 30 | Frisbee_Catch             | 37
 31 | Front_Crawl               | 37
 32 | Golf_Swing                | 39
 33 | Haircut                   | 33
 34 | Hammering                 | 33
 35 | Hammer_Throw              | 45
 36 | Handstand_Pushups         | 28
 37 | Handstand_Walking         | 34
 38 | Head_Massage              | 41
 39 | High_Jump                 | 37
 40 | Horse_Race                | 35
 41 | Horse_Riding              | 49
 42 | Hula_Hoop                 | 34
 43 | Ice_Dancing               | 46
 44 | Javelin_Throw             | 31
 45 | Juggling_Balls            | 40
 46 | Jumping_Jack              | 37
 47 | Jump_Rope                 | 38
 48 | Kayaking                  | 36
 49 | Knitting                  | 34
 50 | Long_Jump                 | 39
 51 | Lunges                    | 37
 52 | Military_Parade           | 33
 53 | Mixing                    | 45
 54 | Mopping_Floor             | 34
 55 | Nunchucks                 | 35
 56 | Parallel_Bars             | 37
 57 | Pizza_Tossing             | 33
 58 | Playing_Cello             | 44
 59 | Playing_Daf               | 41
 60 | Playing_Dhol              | 49
 61 | Playing_Flute             | 48
 62 | Playing_Guitar            | 43
 63 | Playing_Piano             | 28
 64 | Playing_Sitar             | 44
 65 | Playing_Tabla             | 31
 66 | Playing_Violin            | 28
 67 | Pole_Vault                | 40
 68 | Pommel_Horse              | 35
 69 | Pull_Ups                  | 28
 70 | Punch                     | 39
 71 | Push_Ups                  | 30
 72 | Rafting                   | 28
 73 | Rock_Climbing_Indoor      | 41
 74 | Rope_Climbing             | 34
 75 | Rowing                    | 36
 76 | Salsa_Spin                | 43
 77 | Shaving_Beard             | 43
 78 | Shotput                   | 46
 79 | Skate_Boarding            | 32
 80 | Skiing                    | 40
 81 | Skijet                    | 28
 82 | Sky_Diving                | 31
 83 | Soccer_Juggling           | 39
 84 | Soccer_Penalty            | 41
 85 | Still_Rings               | 32
 86 | Sumo_Wrestling            | 34
 87 | Surfing                   | 33
 88 | Swing                     | 42
 89 | Table_Tennis_Shot         | 39
 90 | Tai_Chi                   | 28
 91 | Tennis_Swing              | 49
 92 | Throw_Discus              | 38
 93 | Trampoline_Jumping        | 32
 94 | Typing                    | 43
 95 | Uneven_Bars               | 28
 96 | Volleyball_Spiking        | 35
 97 | Walking_With_Dog          | 36
 98 | Wall_Pushups              | 35
 99 | Writing_On_Board          | 45
100 | Yo_Yo                     | 36
[load_model] 使用本地模型目录：/root/autodl-tmp/BayesVLM/models/clip-vit-b32
[cache] dataset=ucf101 split=id_train cache_dir=/root/autodl-tmp/BayesVLM/cache/image_features/ucf101/model_clip-base/weights__root_autodl-tmp_BayesVLM_models_clip-vit-b32/imgsz_224/tfm_cf4d0ebdf93a/id_train
[cache] manifest 不匹配，准备重建。
[cache] manifest_diff_keys=['num_samples', 'sample_keys_sha256']
[cache]   num_samples: current=1616 | expected=808
[cache]   sample_keys_sha256: current=759d4bfa6452d249f81732afdd5eb512b35939231a080f13fcb45e64aea002d2 | expected=277836b0f8a39b9df6ca862f904f43d4709709f3c55c0307dec2ae18fcd0c145
  0%|          | 0/4 [00:00<?, ?it/s] 25%|##5       | 1/4 [00:01<00:03,  1.22s/it] 75%|#######5  | 3/4 [00:01<00:00,  2.59it/s]100%|##########| 4/4 [00:01<00:00,  2.79it/s]
[cache] 已完成重建并写入 manifest。
[cache] dataset=ucf101 split=id_train_eval cache_dir=/root/autodl-tmp/BayesVLM/cache/image_features/ucf101/model_clip-base/weights__root_autodl-tmp_BayesVLM_models_clip-vit-b32/imgsz_224/tfm_cf4d0ebdf93a/id_train_eval
[cache] 未命中缓存，缺少核心文件。
[cache] missing_core_files=['embeddings_img.pt', 'activations_img.pt', 'residuals_img.pt', 'class_ids_img.pt', 'image_ids.pt', 'sample_keys.json', 'manifest.json']
  0%|          | 0/4 [00:00<?, ?it/s] 25%|##5       | 1/4 [00:01<00:03,  1.04s/it] 75%|#######5  | 3/4 [00:01<00:00,  3.00it/s]100%|##########| 4/4 [00:01<00:00,  3.26it/s]
[cache] 已完成重建并写入 manifest。
[cache] dataset=ucf101 split=id_val cache_dir=/root/autodl-tmp/BayesVLM/cache/image_features/ucf101/model_clip-base/weights__root_autodl-tmp_BayesVLM_models_clip-vit-b32/imgsz_224/tfm_cf4d0ebdf93a/id_val
[cache] 命中缓存，直接加载。
[cache] dataset=ucf101 split=id_test cache_dir=/root/autodl-tmp/BayesVLM/cache/image_features/ucf101/model_clip-base/weights__root_autodl-tmp_BayesVLM_models_clip-vit-b32/imgsz_224/tfm_cf4d0ebdf93a/id_test
[cache] 命中缓存，直接加载。
[train] starting training loop ...
[eval] adapter_cls=BayesPaperAdapter
[eval] raw_logits_shape=(10, 256, 101)
[eval] reduced_logits_shape=(256, 101)
[Epoch 001] lr=0.099997 train_loss=1.2889 loss_reg=0.0000 val_acc=0.6754 val_nlpd=1.1894 val_ece=0.0752 kl_weight=0.000000 loss_kl_raw=52573.6758
[eval] adapter_cls=BayesPaperAdapter
[eval] raw_logits_shape=(10, 256, 101)
[eval] reduced_logits_shape=(256, 101)
[Epoch 002] lr=0.099989 train_loss=1.0760 loss_reg=0.0000 val_acc=0.6976 val_nlpd=1.0664 val_ece=0.0550 kl_weight=0.000000 loss_kl_raw=62709.6328
[eval] adapter_cls=BayesPaperAdapter
[eval] raw_logits_shape=(10, 256, 101)
[eval] reduced_logits_shape=(256, 101)
[Epoch 003] lr=0.099975 train_loss=0.9073 loss_reg=0.0000 val_acc=0.7208 val_nlpd=0.9974 val_ece=0.0378 kl_weight=0.000000 loss_kl_raw=85376.8359
[eval] adapter_cls=BayesPaperAdapter
[eval] raw_logits_shape=(10, 256, 101)
[eval] reduced_logits_shape=(256, 101)
[Epoch 004] lr=0.099956 train_loss=0.7921 loss_reg=0.0000 val_acc=0.7313 val_nlpd=0.9396 val_ece=0.0351 kl_weight=0.000000 loss_kl_raw=112631.7500
[eval] adapter_cls=BayesPaperAdapter
[eval] raw_logits_shape=(10, 256, 101)
[eval] reduced_logits_shape=(256, 101)
[Epoch 005] lr=0.099931 train_loss=0.6752 loss_reg=0.0000 val_acc=0.7403 val_nlpd=0.9000 val_ece=0.0370 kl_weight=0.000000 loss_kl_raw=142480.8281
[eval] adapter_cls=BayesPaperAdapter
[eval] raw_logits_shape=(10, 256, 101)
[eval] reduced_logits_shape=(256, 101)
[Epoch 006] lr=0.099901 train_loss=0.5902 loss_reg=0.0001 val_acc=0.7545 val_nlpd=0.8496 val_ece=0.0301 kl_weight=0.000000 loss_kl_raw=177220.3281
[eval] adapter_cls=BayesPaperAdapter
[eval] raw_logits_shape=(10, 256, 101)
[eval] reduced_logits_shape=(256, 101)
[Epoch 007] lr=0.099866 train_loss=0.5055 loss_reg=0.0001 val_acc=0.7708 val_nlpd=0.7948 val_ece=0.0161 kl_weight=0.000000 loss_kl_raw=211413.6719
[eval] adapter_cls=BayesPaperAdapter
[eval] raw_logits_shape=(10, 256, 101)
[eval] reduced_logits_shape=(256, 101)
[Epoch 008] lr=0.099825 train_loss=0.4303 loss_reg=0.0001 val_acc=0.7761 val_nlpd=0.7704 val_ece=0.0241 kl_weight=0.000000 loss_kl_raw=249181.2812
[eval] adapter_cls=BayesPaperAdapter
[eval] raw_logits_shape=(10, 256, 101)
[eval] reduced_logits_shape=(256, 101)
[Epoch 009] lr=0.099778 train_loss=0.3756 loss_reg=0.0001 val_acc=0.7824 val_nlpd=0.7547 val_ece=0.0206 kl_weight=0.000000 loss_kl_raw=288361.0938
[eval] adapter_cls=BayesPaperAdapter
[eval] raw_logits_shape=(10, 256, 101)
[eval] reduced_logits_shape=(256, 101)
[Epoch 010] lr=0.099726 train_loss=0.3277 loss_reg=0.0002 val_acc=0.7903 val_nlpd=0.7385 val_ece=0.0147 kl_weight=0.000000 loss_kl_raw=327592.2188
[eval] adapter_cls=BayesPaperAdapter
[eval] raw_logits_shape=(10, 256, 101)
[eval] reduced_logits_shape=(256, 101)
[Epoch 011] lr=0.099669 train_loss=0.2908 loss_reg=0.0002 val_acc=0.7950 val_nlpd=0.7198 val_ece=0.0173 kl_weight=0.000000 loss_kl_raw=366773.1875
[eval] adapter_cls=BayesPaperAdapter
[eval] raw_logits_shape=(10, 256, 101)
[eval] reduced_logits_shape=(256, 101)
[Epoch 012] lr=0.099606 train_loss=0.2619 loss_reg=0.0003 val_acc=0.7961 val_nlpd=0.7093 val_ece=0.0164 kl_weight=0.000000 loss_kl_raw=404383.3125
[eval] adapter_cls=BayesPaperAdapter
[eval] raw_logits_shape=(10, 256, 101)
[eval] reduced_logits_shape=(256, 101)
[Epoch 013] lr=0.099537 train_loss=0.2431 loss_reg=0.0003 val_acc=0.7998 val_nlpd=0.6900 val_ece=0.0238 kl_weight=0.000000 loss_kl_raw=439549.7188
[eval] adapter_cls=BayesPaperAdapter
[eval] raw_logits_shape=(10, 256, 101)
[eval] reduced_logits_shape=(256, 101)
[Epoch 014] lr=0.099464 train_loss=0.2121 loss_reg=0.0004 val_acc=0.8040 val_nlpd=0.6843 val_ece=0.0184 kl_weight=0.000000 loss_kl_raw=474268.3750
[eval] adapter_cls=BayesPaperAdapter
[eval] raw_logits_shape=(10, 256, 101)
[eval] reduced_logits_shape=(256, 101)
[Epoch 015] lr=0.099384 train_loss=0.1964 loss_reg=0.0004 val_acc=0.8056 val_nlpd=0.6874 val_ece=0.0194 kl_weight=0.000000 loss_kl_raw=506562.5625
[eval] adapter_cls=BayesPaperAdapter
[eval] raw_logits_shape=(10, 256, 101)
[eval] reduced_logits_shape=(256, 101)
[Epoch 016] lr=0.099300 train_loss=0.1855 loss_reg=0.0005 val_acc=0.8077 val_nlpd=0.6797 val_ece=0.0179 kl_weight=0.000000 loss_kl_raw=536447.2500
[eval] adapter_cls=BayesPaperAdapter
[eval] raw_logits_shape=(10, 256, 101)
[eval] reduced_logits_shape=(256, 101)
[Epoch 017] lr=0.099210 train_loss=0.1675 loss_reg=0.0006 val_acc=0.8087 val_nlpd=0.6746 val_ece=0.0215 kl_weight=0.000000 loss_kl_raw=564615.7500
[eval] adapter_cls=BayesPaperAdapter
[eval] raw_logits_shape=(10, 256, 101)
[eval] reduced_logits_shape=(256, 101)
[Epoch 018] lr=0.099114 train_loss=0.1570 loss_reg=0.0006 val_acc=0.8119 val_nlpd=0.6732 val_ece=0.0163 kl_weight=0.000000 loss_kl_raw=592056.8750
[eval] adapter_cls=BayesPaperAdapter
[eval] raw_logits_shape=(10, 256, 101)
[eval] reduced_logits_shape=(256, 101)
[Epoch 019] lr=0.099014 train_loss=0.1469 loss_reg=0.0007 val_acc=0.8151 val_nlpd=0.6668 val_ece=0.0148 kl_weight=0.000000 loss_kl_raw=619486.0625
[eval] adapter_cls=BayesPaperAdapter
[eval] raw_logits_shape=(10, 256, 101)
[eval] reduced_logits_shape=(256, 101)
[Epoch 020] lr=0.098907 train_loss=0.1364 loss_reg=0.0008 val_acc=0.8082 val_nlpd=0.6643 val_ece=0.0196 kl_weight=0.000000 loss_kl_raw=646239.0000
[eval] adapter_cls=BayesPaperAdapter
[eval] raw_logits_shape=(10, 256, 101)
[eval] reduced_logits_shape=(256, 101)
[Epoch 021] lr=0.098796 train_loss=0.1260 loss_reg=0.0009 val_acc=0.8056 val_nlpd=0.6621 val_ece=0.0174 kl_weight=0.000000 loss_kl_raw=671803.3125
[eval] adapter_cls=BayesPaperAdapter
[eval] raw_logits_shape=(10, 256, 101)
[eval] reduced_logits_shape=(256, 101)
[Epoch 022] lr=0.098679 train_loss=0.1198 loss_reg=0.0009 val_acc=0.8066 val_nlpd=0.6615 val_ece=0.0218 kl_weight=0.000000 loss_kl_raw=695832.0000
[eval] adapter_cls=BayesPaperAdapter
[eval] raw_logits_shape=(10, 256, 101)
[eval] reduced_logits_shape=(256, 101)
[Epoch 023] lr=0.098557 train_loss=0.1152 loss_reg=0.0010 val_acc=0.8161 val_nlpd=0.6501 val_ece=0.0140 kl_weight=0.000000 loss_kl_raw=719012.8125
[eval] adapter_cls=BayesPaperAdapter
[eval] raw_logits_shape=(10, 256, 101)
[eval] reduced_logits_shape=(256, 101)
[Epoch 024] lr=0.098429 train_loss=0.1056 loss_reg=0.0011 val_acc=0.8224 val_nlpd=0.6393 val_ece=0.0179 kl_weight=0.000000 loss_kl_raw=740540.2500
[eval] adapter_cls=BayesPaperAdapter
[eval] raw_logits_shape=(10, 256, 101)
[eval] reduced_logits_shape=(256, 101)
[Epoch 025] lr=0.098296 train_loss=0.1010 loss_reg=0.0012 val_acc=0.8251 val_nlpd=0.6401 val_ece=0.0268 kl_weight=0.000000 loss_kl_raw=761438.8125
[eval] adapter_cls=BayesPaperAdapter
[eval] raw_logits_shape=(10, 256, 101)
[eval] reduced_logits_shape=(256, 101)
[Epoch 026] lr=0.098158 train_loss=0.0982 loss_reg=0.0012 val_acc=0.8246 val_nlpd=0.6392 val_ece=0.0250 kl_weight=0.000000 loss_kl_raw=780895.7500
[eval] adapter_cls=BayesPaperAdapter
[eval] raw_logits_shape=(10, 256, 101)
[eval] reduced_logits_shape=(256, 101)
[Epoch 027] lr=0.098015 train_loss=0.0920 loss_reg=0.0013 val_acc=0.8235 val_nlpd=0.6310 val_ece=0.0266 kl_weight=0.000000 loss_kl_raw=800154.2500
[eval] adapter_cls=BayesPaperAdapter
[eval] raw_logits_shape=(10, 256, 101)
[eval] reduced_logits_shape=(256, 101)
[Epoch 028] lr=0.097866 train_loss=0.0883 loss_reg=0.0014 val_acc=0.8177 val_nlpd=0.6308 val_ece=0.0257 kl_weight=0.000000 loss_kl_raw=818138.6875
[eval] adapter_cls=BayesPaperAdapter
[eval] raw_logits_shape=(10, 256, 101)
[eval] reduced_logits_shape=(256, 101)
[Epoch 029] lr=0.097712 train_loss=0.0845 loss_reg=0.0015 val_acc=0.8214 val_nlpd=0.6301 val_ece=0.0232 kl_weight=0.000000 loss_kl_raw=835823.0625
[eval] adapter_cls=BayesPaperAdapter
[eval] raw_logits_shape=(10, 256, 101)
[eval] reduced_logits_shape=(256, 101)
[Epoch 030] lr=0.097553 train_loss=0.0808 loss_reg=0.0016 val_acc=0.8251 val_nlpd=0.6288 val_ece=0.0130 kl_weight=0.000000 loss_kl_raw=852454.9375
[eval] adapter_cls=BayesPaperAdapter
[eval] raw_logits_shape=(10, 256, 101)
[eval] reduced_logits_shape=(256, 101)
[Epoch 031] lr=0.097388 train_loss=0.0793 loss_reg=0.0017 val_acc=0.8182 val_nlpd=0.6275 val_ece=0.0192 kl_weight=0.000000 loss_kl_raw=868423.5000
[eval] adapter_cls=BayesPaperAdapter
[eval] raw_logits_shape=(10, 256, 101)
[eval] reduced_logits_shape=(256, 101)
[Epoch 032] lr=0.097219 train_loss=0.0762 loss_reg=0.0018 val_acc=0.8246 val_nlpd=0.6241 val_ece=0.0175 kl_weight=0.000000 loss_kl_raw=884763.5625
[eval] adapter_cls=BayesPaperAdapter
[eval] raw_logits_shape=(10, 256, 101)
[eval] reduced_logits_shape=(256, 101)
[Epoch 033] lr=0.097044 train_loss=0.0717 loss_reg=0.0018 val_acc=0.8251 val_nlpd=0.6209 val_ece=0.0192 kl_weight=0.000000 loss_kl_raw=900553.8125
[eval] adapter_cls=BayesPaperAdapter
[eval] raw_logits_shape=(10, 256, 101)
[eval] reduced_logits_shape=(256, 101)
[Epoch 034] lr=0.096864 train_loss=0.0711 loss_reg=0.0019 val_acc=0.8272 val_nlpd=0.6234 val_ece=0.0172 kl_weight=0.000000 loss_kl_raw=915757.6875
[eval] adapter_cls=BayesPaperAdapter
[eval] raw_logits_shape=(10, 256, 101)
[eval] reduced_logits_shape=(256, 101)
[Epoch 035] lr=0.096679 train_loss=0.0695 loss_reg=0.0020 val_acc=0.8277 val_nlpd=0.6225 val_ece=0.0146 kl_weight=0.000000 loss_kl_raw=930373.4375
[eval] adapter_cls=BayesPaperAdapter
[eval] raw_logits_shape=(10, 256, 101)
[eval] reduced_logits_shape=(256, 101)
[Epoch 036] lr=0.096489 train_loss=0.0673 loss_reg=0.0021 val_acc=0.8267 val_nlpd=0.6238 val_ece=0.0159 kl_weight=0.000000 loss_kl_raw=944676.5000
[eval] adapter_cls=BayesPaperAdapter
[eval] raw_logits_shape=(10, 256, 101)
[eval] reduced_logits_shape=(256, 101)
[Epoch 037] lr=0.096294 train_loss=0.0662 loss_reg=0.0022 val_acc=0.8272 val_nlpd=0.6232 val_ece=0.0175 kl_weight=0.000000 loss_kl_raw=958720.3125
[eval] adapter_cls=BayesPaperAdapter
[eval] raw_logits_shape=(10, 256, 101)
[eval] reduced_logits_shape=(256, 101)
[Epoch 038] lr=0.096093 train_loss=0.0628 loss_reg=0.0023 val_acc=0.8282 val_nlpd=0.6232 val_ece=0.0294 kl_weight=0.000000 loss_kl_raw=972659.9375
[eval] adapter_cls=BayesPaperAdapter
[eval] raw_logits_shape=(10, 256, 101)
[eval] reduced_logits_shape=(256, 101)
[Epoch 039] lr=0.095888 train_loss=0.0625 loss_reg=0.0024 val_acc=0.8298 val_nlpd=0.6225 val_ece=0.0262 kl_weight=0.000000 loss_kl_raw=986118.3750
[eval] adapter_cls=BayesPaperAdapter
[eval] raw_logits_shape=(10, 256, 101)
[eval] reduced_logits_shape=(256, 101)
[Epoch 040] lr=0.095677 train_loss=0.0616 loss_reg=0.0025 val_acc=0.8277 val_nlpd=0.6188 val_ece=0.0248 kl_weight=0.000000 loss_kl_raw=998840.8750
[eval] adapter_cls=BayesPaperAdapter
[eval] raw_logits_shape=(10, 256, 101)
[eval] reduced_logits_shape=(256, 101)
[Epoch 041] lr=0.095462 train_loss=0.0592 loss_reg=0.0026 val_acc=0.8293 val_nlpd=0.6122 val_ece=0.0232 kl_weight=0.000000 loss_kl_raw=1011373.9375
[eval] adapter_cls=BayesPaperAdapter
[eval] raw_logits_shape=(10, 256, 101)
[eval] reduced_logits_shape=(256, 101)
[Epoch 042] lr=0.095241 train_loss=0.0566 loss_reg=0.0027 val_acc=0.8288 val_nlpd=0.6110 val_ece=0.0219 kl_weight=0.000000 loss_kl_raw=1023112.4375
[eval] adapter_cls=BayesPaperAdapter
[eval] raw_logits_shape=(10, 256, 101)
[eval] reduced_logits_shape=(256, 101)
[Epoch 043] lr=0.095016 train_loss=0.0561 loss_reg=0.0028 val_acc=0.8293 val_nlpd=0.6106 val_ece=0.0158 kl_weight=0.000000 loss_kl_raw=1034866.6875
[eval] adapter_cls=BayesPaperAdapter
[eval] raw_logits_shape=(10, 256, 101)
[eval] reduced_logits_shape=(256, 101)
[Epoch 044] lr=0.094786 train_loss=0.0558 loss_reg=0.0029 val_acc=0.8256 val_nlpd=0.6120 val_ece=0.0173 kl_weight=0.000000 loss_kl_raw=1046571.2500
[eval] adapter_cls=BayesPaperAdapter
[eval] raw_logits_shape=(10, 256, 101)
[eval] reduced_logits_shape=(256, 101)
[Epoch 045] lr=0.094550 train_loss=0.0544 loss_reg=0.0030 val_acc=0.8277 val_nlpd=0.6095 val_ece=0.0228 kl_weight=0.000000 loss_kl_raw=1057947.1250
[eval] adapter_cls=BayesPaperAdapter
[eval] raw_logits_shape=(10, 256, 101)
[eval] reduced_logits_shape=(256, 101)
[Epoch 046] lr=0.094310 train_loss=0.0527 loss_reg=0.0031 val_acc=0.8303 val_nlpd=0.6066 val_ece=0.0229 kl_weight=0.000000 loss_kl_raw=1068996.0000
[eval] adapter_cls=BayesPaperAdapter
[eval] raw_logits_shape=(10, 256, 101)
[eval] reduced_logits_shape=(256, 101)
[Epoch 047] lr=0.094065 train_loss=0.0522 loss_reg=0.0032 val_acc=0.8335 val_nlpd=0.6057 val_ece=0.0188 kl_weight=0.000000 loss_kl_raw=1079131.7500
[eval] adapter_cls=BayesPaperAdapter
[eval] raw_logits_shape=(10, 256, 101)
[eval] reduced_logits_shape=(256, 101)
[Epoch 048] lr=0.093815 train_loss=0.0507 loss_reg=0.0033 val_acc=0.8340 val_nlpd=0.6067 val_ece=0.0176 kl_weight=0.000000 loss_kl_raw=1089639.8750
[eval] adapter_cls=BayesPaperAdapter
[eval] raw_logits_shape=(10, 256, 101)
[eval] reduced_logits_shape=(256, 101)
[Epoch 049] lr=0.093561 train_loss=0.0501 loss_reg=0.0034 val_acc=0.8356 val_nlpd=0.6057 val_ece=0.0155 kl_weight=0.000000 loss_kl_raw=1099793.1250
[eval] adapter_cls=BayesPaperAdapter
[eval] raw_logits_shape=(10, 256, 101)
[eval] reduced_logits_shape=(256, 101)
[Epoch 050] lr=0.093301 train_loss=0.0494 loss_reg=0.0035 val_acc=0.8351 val_nlpd=0.6052 val_ece=0.0156 kl_weight=0.000000 loss_kl_raw=1109569.7500
[eval] adapter_cls=BayesPaperAdapter
[eval] raw_logits_shape=(10, 256, 101)
[eval] reduced_logits_shape=(256, 101)
[Epoch 051] lr=0.093037 train_loss=0.0484 loss_reg=0.0036 val_acc=0.8340 val_nlpd=0.6040 val_ece=0.0201 kl_weight=0.000000 loss_kl_raw=1119335.5000
[eval] adapter_cls=BayesPaperAdapter
[eval] raw_logits_shape=(10, 256, 101)
[eval] reduced_logits_shape=(256, 101)
[Epoch 052] lr=0.092768 train_loss=0.0476 loss_reg=0.0037 val_acc=0.8372 val_nlpd=0.6017 val_ece=0.0159 kl_weight=0.000000 loss_kl_raw=1128643.5000
[eval] adapter_cls=BayesPaperAdapter
[eval] raw_logits_shape=(10, 256, 101)
[eval] reduced_logits_shape=(256, 101)
[Epoch 053] lr=0.092495 train_loss=0.0468 loss_reg=0.0038 val_acc=0.8372 val_nlpd=0.6016 val_ece=0.0178 kl_weight=0.000000 loss_kl_raw=1137750.5000
[eval] adapter_cls=BayesPaperAdapter
[eval] raw_logits_shape=(10, 256, 101)
[eval] reduced_logits_shape=(256, 101)
[Epoch 054] lr=0.092216 train_loss=0.0462 loss_reg=0.0039 val_acc=0.8340 val_nlpd=0.6009 val_ece=0.0141 kl_weight=0.000000 loss_kl_raw=1147431.0000
[eval] adapter_cls=BayesPaperAdapter
[eval] raw_logits_shape=(10, 256, 101)
[eval] reduced_logits_shape=(256, 101)
[Epoch 055] lr=0.091934 train_loss=0.0454 loss_reg=0.0040 val_acc=0.8346 val_nlpd=0.6014 val_ece=0.0197 kl_weight=0.000000 loss_kl_raw=1156696.7500
[eval] adapter_cls=BayesPaperAdapter
[eval] raw_logits_shape=(10, 256, 101)
[eval] reduced_logits_shape=(256, 101)
[Epoch 056] lr=0.091646 train_loss=0.0453 loss_reg=0.0041 val_acc=0.8340 val_nlpd=0.6015 val_ece=0.0181 kl_weight=0.000000 loss_kl_raw=1165677.2500
[eval] adapter_cls=BayesPaperAdapter
[eval] raw_logits_shape=(10, 256, 101)
[eval] reduced_logits_shape=(256, 101)
[Epoch 057] lr=0.091354 train_loss=0.0447 loss_reg=0.0042 val_acc=0.8361 val_nlpd=0.5989 val_ece=0.0120 kl_weight=0.000000 loss_kl_raw=1174116.0000
[eval] adapter_cls=BayesPaperAdapter
[eval] raw_logits_shape=(10, 256, 101)
[eval] reduced_logits_shape=(256, 101)
[Epoch 058] lr=0.091057 train_loss=0.0444 loss_reg=0.0043 val_acc=0.8377 val_nlpd=0.5964 val_ece=0.0141 kl_weight=0.000000 loss_kl_raw=1182534.5000
[eval] adapter_cls=BayesPaperAdapter
[eval] raw_logits_shape=(10, 256, 101)
[eval] reduced_logits_shape=(256, 101)
[Epoch 059] lr=0.090756 train_loss=0.0434 loss_reg=0.0044 val_acc=0.8361 val_nlpd=0.5972 val_ece=0.0191 kl_weight=0.000000 loss_kl_raw=1190489.7500
[eval] adapter_cls=BayesPaperAdapter
[eval] raw_logits_shape=(10, 256, 101)
[eval] reduced_logits_shape=(256, 101)
[Epoch 060] lr=0.090451 train_loss=0.0431 loss_reg=0.0045 val_acc=0.8383 val_nlpd=0.5981 val_ece=0.0171 kl_weight=0.000000 loss_kl_raw=1198326.8750
[eval] adapter_cls=BayesPaperAdapter
[eval] raw_logits_shape=(10, 256, 101)
[eval] reduced_logits_shape=(256, 101)
[Epoch 061] lr=0.090141 train_loss=0.0429 loss_reg=0.0047 val_acc=0.8356 val_nlpd=0.5975 val_ece=0.0175 kl_weight=0.000000 loss_kl_raw=1206323.7500
[eval] adapter_cls=BayesPaperAdapter
[eval] raw_logits_shape=(10, 256, 101)
[eval] reduced_logits_shape=(256, 101)
[Epoch 062] lr=0.089826 train_loss=0.0424 loss_reg=0.0048 val_acc=0.8372 val_nlpd=0.5969 val_ece=0.0184 kl_weight=0.000000 loss_kl_raw=1214065.7500
[eval] adapter_cls=BayesPaperAdapter
[eval] raw_logits_shape=(10, 256, 101)
[eval] reduced_logits_shape=(256, 101)
[Epoch 063] lr=0.089508 train_loss=0.0420 loss_reg=0.0049 val_acc=0.8361 val_nlpd=0.5962 val_ece=0.0146 kl_weight=0.000000 loss_kl_raw=1221463.8750
[eval] adapter_cls=BayesPaperAdapter
[eval] raw_logits_shape=(10, 256, 101)
[eval] reduced_logits_shape=(256, 101)
[Epoch 064] lr=0.089185 train_loss=0.0416 loss_reg=0.0050 val_acc=0.8356 val_nlpd=0.5974 val_ece=0.0132 kl_weight=0.000000 loss_kl_raw=1228715.2500
[eval] adapter_cls=BayesPaperAdapter
[eval] raw_logits_shape=(10, 256, 101)
[eval] reduced_logits_shape=(256, 101)
[Epoch 065] lr=0.088857 train_loss=0.0409 loss_reg=0.0051 val_acc=0.8356 val_nlpd=0.5961 val_ece=0.0144 kl_weight=0.000000 loss_kl_raw=1235797.8750
[eval] adapter_cls=BayesPaperAdapter
[eval] raw_logits_shape=(10, 256, 101)
[eval] reduced_logits_shape=(256, 101)
[Epoch 066] lr=0.088526 train_loss=0.0407 loss_reg=0.0052 val_acc=0.8361 val_nlpd=0.5956 val_ece=0.0165 kl_weight=0.000000 loss_kl_raw=1242874.0000
[eval] adapter_cls=BayesPaperAdapter
[eval] raw_logits_shape=(10, 256, 101)
[eval] reduced_logits_shape=(256, 101)
[Epoch 067] lr=0.088190 train_loss=0.0406 loss_reg=0.0053 val_acc=0.8377 val_nlpd=0.5934 val_ece=0.0133 kl_weight=0.000000 loss_kl_raw=1250003.6250
[eval] adapter_cls=BayesPaperAdapter
[eval] raw_logits_shape=(10, 256, 101)
[eval] reduced_logits_shape=(256, 101)
[Epoch 068] lr=0.087850 train_loss=0.0402 loss_reg=0.0054 val_acc=0.8377 val_nlpd=0.5932 val_ece=0.0172 kl_weight=0.000000 loss_kl_raw=1256946.2500
[eval] adapter_cls=BayesPaperAdapter
[eval] raw_logits_shape=(10, 256, 101)
[eval] reduced_logits_shape=(256, 101)
[Epoch 069] lr=0.087506 train_loss=0.0399 loss_reg=0.0055 val_acc=0.8398 val_nlpd=0.5923 val_ece=0.0138 kl_weight=0.000000 loss_kl_raw=1263998.2500
[eval] adapter_cls=BayesPaperAdapter
[eval] raw_logits_shape=(10, 256, 101)
[eval] reduced_logits_shape=(256, 101)
[Epoch 070] lr=0.087157 train_loss=0.0396 loss_reg=0.0056 val_acc=0.8398 val_nlpd=0.5912 val_ece=0.0140 kl_weight=0.000000 loss_kl_raw=1270817.8750
[eval] adapter_cls=BayesPaperAdapter
[eval] raw_logits_shape=(10, 256, 101)
[eval] reduced_logits_shape=(256, 101)
[Epoch 071] lr=0.086805 train_loss=0.0394 loss_reg=0.0058 val_acc=0.8388 val_nlpd=0.5934 val_ece=0.0152 kl_weight=0.000000 loss_kl_raw=1277756.3750
[eval] adapter_cls=BayesPaperAdapter
[eval] raw_logits_shape=(10, 256, 101)
[eval] reduced_logits_shape=(256, 101)
[Epoch 072] lr=0.086448 train_loss=0.0391 loss_reg=0.0059 val_acc=0.8388 val_nlpd=0.5929 val_ece=0.0154 kl_weight=0.000000 loss_kl_raw=1284563.8750
[eval] adapter_cls=BayesPaperAdapter
[eval] raw_logits_shape=(10, 256, 101)
[eval] reduced_logits_shape=(256, 101)
[Epoch 073] lr=0.086088 train_loss=0.0388 loss_reg=0.0060 val_acc=0.8383 val_nlpd=0.5933 val_ece=0.0206 kl_weight=0.000000 loss_kl_raw=1291322.1250
[eval] adapter_cls=BayesPaperAdapter
[eval] raw_logits_shape=(10, 256, 101)
[eval] reduced_logits_shape=(256, 101)
[Epoch 074] lr=0.085724 train_loss=0.0387 loss_reg=0.0061 val_acc=0.8383 val_nlpd=0.5933 val_ece=0.0155 kl_weight=0.000000 loss_kl_raw=1298091.3750
[eval] adapter_cls=BayesPaperAdapter
[eval] raw_logits_shape=(10, 256, 101)
[eval] reduced_logits_shape=(256, 101)
[Epoch 075] lr=0.085355 train_loss=0.0388 loss_reg=0.0062 val_acc=0.8388 val_nlpd=0.5925 val_ece=0.0185 kl_weight=0.000000 loss_kl_raw=1304841.1250
[eval] adapter_cls=BayesPaperAdapter
[eval] raw_logits_shape=(10, 256, 101)
[eval] reduced_logits_shape=(256, 101)
[Epoch 076] lr=0.084983 train_loss=0.0383 loss_reg=0.0063 val_acc=0.8419 val_nlpd=0.5932 val_ece=0.0217 kl_weight=0.000000 loss_kl_raw=1311454.3750
[eval] adapter_cls=BayesPaperAdapter
[eval] raw_logits_shape=(10, 256, 101)
[eval] reduced_logits_shape=(256, 101)
[Epoch 077] lr=0.084607 train_loss=0.0383 loss_reg=0.0064 val_acc=0.8404 val_nlpd=0.5943 val_ece=0.0212 kl_weight=0.000000 loss_kl_raw=1317760.5000
[eval] adapter_cls=BayesPaperAdapter
[eval] raw_logits_shape=(10, 256, 101)
[eval] reduced_logits_shape=(256, 101)
[Epoch 078] lr=0.084227 train_loss=0.0380 loss_reg=0.0066 val_acc=0.8409 val_nlpd=0.5914 val_ece=0.0207 kl_weight=0.000000 loss_kl_raw=1323890.5000
[eval] adapter_cls=BayesPaperAdapter
[eval] raw_logits_shape=(10, 256, 101)
[eval] reduced_logits_shape=(256, 101)
[Epoch 079] lr=0.083844 train_loss=0.0378 loss_reg=0.0067 val_acc=0.8419 val_nlpd=0.5907 val_ece=0.0200 kl_weight=0.000000 loss_kl_raw=1329868.8750
[eval] adapter_cls=BayesPaperAdapter
[eval] raw_logits_shape=(10, 256, 101)
[eval] reduced_logits_shape=(256, 101)
[Epoch 080] lr=0.083457 train_loss=0.0374 loss_reg=0.0068 val_acc=0.8409 val_nlpd=0.5883 val_ece=0.0133 kl_weight=0.000000 loss_kl_raw=1335771.0000
[eval] adapter_cls=BayesPaperAdapter
[eval] raw_logits_shape=(10, 256, 101)
[eval] reduced_logits_shape=(256, 101)
[Epoch 081] lr=0.083066 train_loss=0.0372 loss_reg=0.0069 val_acc=0.8419 val_nlpd=0.5867 val_ece=0.0129 kl_weight=0.000000 loss_kl_raw=1341451.7500
[eval] adapter_cls=BayesPaperAdapter
[eval] raw_logits_shape=(10, 256, 101)
[eval] reduced_logits_shape=(256, 101)
[Epoch 082] lr=0.082671 train_loss=0.0369 loss_reg=0.0070 val_acc=0.8430 val_nlpd=0.5851 val_ece=0.0112 kl_weight=0.000000 loss_kl_raw=1347071.2500
[eval] adapter_cls=BayesPaperAdapter
[eval] raw_logits_shape=(10, 256, 101)
[eval] reduced_logits_shape=(256, 101)
[Epoch 083] lr=0.082273 train_loss=0.0369 loss_reg=0.0071 val_acc=0.8419 val_nlpd=0.5869 val_ece=0.0132 kl_weight=0.000000 loss_kl_raw=1352791.2500
[eval] adapter_cls=BayesPaperAdapter
[eval] raw_logits_shape=(10, 256, 101)
[eval] reduced_logits_shape=(256, 101)
[Epoch 084] lr=0.081871 train_loss=0.0367 loss_reg=0.0073 val_acc=0.8425 val_nlpd=0.5869 val_ece=0.0167 kl_weight=0.000000 loss_kl_raw=1358314.3750
[eval] adapter_cls=BayesPaperAdapter
[eval] raw_logits_shape=(10, 256, 101)
[eval] reduced_logits_shape=(256, 101)
[Epoch 085] lr=0.081466 train_loss=0.0368 loss_reg=0.0074 val_acc=0.8430 val_nlpd=0.5880 val_ece=0.0202 kl_weight=0.000000 loss_kl_raw=1363822.1250
[eval] adapter_cls=BayesPaperAdapter
[eval] raw_logits_shape=(10, 256, 101)
[eval] reduced_logits_shape=(256, 101)
[Epoch 086] lr=0.081057 train_loss=0.0364 loss_reg=0.0075 val_acc=0.8419 val_nlpd=0.5875 val_ece=0.0177 kl_weight=0.000000 loss_kl_raw=1369253.3750
[eval] adapter_cls=BayesPaperAdapter
[eval] raw_logits_shape=(10, 256, 101)
[eval] reduced_logits_shape=(256, 101)
[Epoch 087] lr=0.080645 train_loss=0.0364 loss_reg=0.0076 val_acc=0.8419 val_nlpd=0.5874 val_ece=0.0120 kl_weight=0.000000 loss_kl_raw=1374514.3750
[eval] adapter_cls=BayesPaperAdapter
[eval] raw_logits_shape=(10, 256, 101)
[eval] reduced_logits_shape=(256, 101)
[Epoch 088] lr=0.080230 train_loss=0.0362 loss_reg=0.0077 val_acc=0.8409 val_nlpd=0.5851 val_ece=0.0172 kl_weight=0.000000 loss_kl_raw=1379731.5000
[eval] adapter_cls=BayesPaperAdapter
[eval] raw_logits_shape=(10, 256, 101)
[eval] reduced_logits_shape=(256, 101)
[Epoch 089] lr=0.079811 train_loss=0.0359 loss_reg=0.0078 val_acc=0.8419 val_nlpd=0.5858 val_ece=0.0131 kl_weight=0.000000 loss_kl_raw=1384936.8750
[eval] adapter_cls=BayesPaperAdapter
[eval] raw_logits_shape=(10, 256, 101)
[eval] reduced_logits_shape=(256, 101)
[Epoch 090] lr=0.079389 train_loss=0.0359 loss_reg=0.0080 val_acc=0.8414 val_nlpd=0.5870 val_ece=0.0152 kl_weight=0.000000 loss_kl_raw=1389872.8750
[eval] adapter_cls=BayesPaperAdapter
[eval] raw_logits_shape=(10, 256, 101)
[eval] reduced_logits_shape=(256, 101)
[Epoch 091] lr=0.078964 train_loss=0.0360 loss_reg=0.0081 val_acc=0.8404 val_nlpd=0.5849 val_ece=0.0149 kl_weight=0.000000 loss_kl_raw=1394699.1250
[eval] adapter_cls=BayesPaperAdapter
[eval] raw_logits_shape=(10, 256, 101)
[eval] reduced_logits_shape=(256, 101)
[Epoch 092] lr=0.078536 train_loss=0.0358 loss_reg=0.0082 val_acc=0.8388 val_nlpd=0.5888 val_ece=0.0171 kl_weight=0.000000 loss_kl_raw=1399621.6250
[eval] adapter_cls=BayesPaperAdapter
[eval] raw_logits_shape=(10, 256, 101)
[eval] reduced_logits_shape=(256, 101)
[Epoch 093] lr=0.078104 train_loss=0.0359 loss_reg=0.0083 val_acc=0.8414 val_nlpd=0.5892 val_ece=0.0181 kl_weight=0.000000 loss_kl_raw=1404550.6250
[eval] adapter_cls=BayesPaperAdapter
[eval] raw_logits_shape=(10, 256, 101)
[eval] reduced_logits_shape=(256, 101)
[Epoch 094] lr=0.077670 train_loss=0.0358 loss_reg=0.0084 val_acc=0.8414 val_nlpd=0.5872 val_ece=0.0160 kl_weight=0.000000 loss_kl_raw=1409484.3750
[eval] adapter_cls=BayesPaperAdapter
[eval] raw_logits_shape=(10, 256, 101)
[eval] reduced_logits_shape=(256, 101)
[Epoch 095] lr=0.077232 train_loss=0.0356 loss_reg=0.0086 val_acc=0.8414 val_nlpd=0.5891 val_ece=0.0165 kl_weight=0.000000 loss_kl_raw=1414153.3750
[eval] adapter_cls=BayesPaperAdapter
[eval] raw_logits_shape=(10, 256, 101)
[eval] reduced_logits_shape=(256, 101)
[Epoch 096] lr=0.076791 train_loss=0.0353 loss_reg=0.0087 val_acc=0.8419 val_nlpd=0.5865 val_ece=0.0187 kl_weight=0.000000 loss_kl_raw=1418732.2500
[eval] adapter_cls=BayesPaperAdapter
[eval] raw_logits_shape=(10, 256, 101)
[eval] reduced_logits_shape=(256, 101)
[Epoch 097] lr=0.076348 train_loss=0.0352 loss_reg=0.0088 val_acc=0.8404 val_nlpd=0.5872 val_ece=0.0154 kl_weight=0.000000 loss_kl_raw=1423136.5000
[eval] adapter_cls=BayesPaperAdapter
[eval] raw_logits_shape=(10, 256, 101)
[eval] reduced_logits_shape=(256, 101)
[Epoch 098] lr=0.075901 train_loss=0.0353 loss_reg=0.0089 val_acc=0.8419 val_nlpd=0.5862 val_ece=0.0138 kl_weight=0.000000 loss_kl_raw=1427415.5000
[eval] adapter_cls=BayesPaperAdapter
[eval] raw_logits_shape=(10, 256, 101)
[eval] reduced_logits_shape=(256, 101)
[Epoch 099] lr=0.075452 train_loss=0.0352 loss_reg=0.0090 val_acc=0.8425 val_nlpd=0.5860 val_ece=0.0172 kl_weight=0.000000 loss_kl_raw=1431655.5000
[eval] adapter_cls=BayesPaperAdapter
[eval] raw_logits_shape=(10, 256, 101)
[eval] reduced_logits_shape=(256, 101)
[Epoch 100] lr=0.075000 train_loss=0.0352 loss_reg=0.0092 val_acc=0.8419 val_nlpd=0.5851 val_ece=0.0170 kl_weight=0.000000 loss_kl_raw=1435814.0000
[eval] adapter_cls=BayesPaperAdapter
[eval] raw_logits_shape=(10, 256, 101)
[eval] reduced_logits_shape=(256, 101)
[Epoch 101] lr=0.074545 train_loss=0.0351 loss_reg=0.0093 val_acc=0.8409 val_nlpd=0.5859 val_ece=0.0156 kl_weight=0.000000 loss_kl_raw=1439888.0000
[eval] adapter_cls=BayesPaperAdapter
[eval] raw_logits_shape=(10, 256, 101)
[eval] reduced_logits_shape=(256, 101)
[Epoch 102] lr=0.074088 train_loss=0.0352 loss_reg=0.0094 val_acc=0.8435 val_nlpd=0.5851 val_ece=0.0178 kl_weight=0.000000 loss_kl_raw=1443739.0000
[eval] adapter_cls=BayesPaperAdapter
[eval] raw_logits_shape=(10, 256, 101)
[eval] reduced_logits_shape=(256, 101)
[Epoch 103] lr=0.073628 train_loss=0.0350 loss_reg=0.0095 val_acc=0.8414 val_nlpd=0.5852 val_ece=0.0166 kl_weight=0.000000 loss_kl_raw=1447638.6250
[eval] adapter_cls=BayesPaperAdapter
[eval] raw_logits_shape=(10, 256, 101)
[eval] reduced_logits_shape=(256, 101)
[Epoch 104] lr=0.073165 train_loss=0.0350 loss_reg=0.0096 val_acc=0.8435 val_nlpd=0.5857 val_ece=0.0146 kl_weight=0.000000 loss_kl_raw=1451715.0000
[eval] adapter_cls=BayesPaperAdapter
[eval] raw_logits_shape=(10, 256, 101)
[eval] reduced_logits_shape=(256, 101)
[Epoch 105] lr=0.072700 train_loss=0.0349 loss_reg=0.0097 val_acc=0.8430 val_nlpd=0.5853 val_ece=0.0174 kl_weight=0.000000 loss_kl_raw=1455688.7500
[eval] adapter_cls=BayesPaperAdapter
[eval] raw_logits_shape=(10, 256, 101)
[eval] reduced_logits_shape=(256, 101)
[Epoch 106] lr=0.072232 train_loss=0.0350 loss_reg=0.0099 val_acc=0.8409 val_nlpd=0.5847 val_ece=0.0151 kl_weight=0.000000 loss_kl_raw=1459645.0000
[eval] adapter_cls=BayesPaperAdapter
[eval] raw_logits_shape=(10, 256, 101)
[eval] reduced_logits_shape=(256, 101)
[Epoch 107] lr=0.071762 train_loss=0.0349 loss_reg=0.0100 val_acc=0.8440 val_nlpd=0.5862 val_ece=0.0169 kl_weight=0.000000 loss_kl_raw=1463441.6250
[eval] adapter_cls=BayesPaperAdapter
[eval] raw_logits_shape=(10, 256, 101)
[eval] reduced_logits_shape=(256, 101)
[Epoch 108] lr=0.071289 train_loss=0.0349 loss_reg=0.0101 val_acc=0.8425 val_nlpd=0.5845 val_ece=0.0199 kl_weight=0.000000 loss_kl_raw=1467004.5000
[eval] adapter_cls=BayesPaperAdapter
[eval] raw_logits_shape=(10, 256, 101)
[eval] reduced_logits_shape=(256, 101)
[Epoch 109] lr=0.070814 train_loss=0.0347 loss_reg=0.0102 val_acc=0.8425 val_nlpd=0.5864 val_ece=0.0210 kl_weight=0.000000 loss_kl_raw=1470605.1250
[eval] adapter_cls=BayesPaperAdapter
[eval] raw_logits_shape=(10, 256, 101)
[eval] reduced_logits_shape=(256, 101)
[Epoch 110] lr=0.070337 train_loss=0.0348 loss_reg=0.0103 val_acc=0.8435 val_nlpd=0.5870 val_ece=0.0181 kl_weight=0.000000 loss_kl_raw=1474116.0000
[eval] adapter_cls=BayesPaperAdapter
[eval] raw_logits_shape=(10, 256, 101)
[eval] reduced_logits_shape=(256, 101)
[Epoch 111] lr=0.069857 train_loss=0.0347 loss_reg=0.0105 val_acc=0.8425 val_nlpd=0.5871 val_ece=0.0186 kl_weight=0.000000 loss_kl_raw=1477539.6250
[eval] adapter_cls=BayesPaperAdapter
[eval] raw_logits_shape=(10, 256, 101)
[eval] reduced_logits_shape=(256, 101)
[Epoch 112] lr=0.069376 train_loss=0.0346 loss_reg=0.0106 val_acc=0.8430 val_nlpd=0.5858 val_ece=0.0184 kl_weight=0.000000 loss_kl_raw=1481004.8750
[eval] adapter_cls=BayesPaperAdapter
[eval] raw_logits_shape=(10, 256, 101)
[eval] reduced_logits_shape=(256, 101)
[Epoch 113] lr=0.068892 train_loss=0.0347 loss_reg=0.0107 val_acc=0.8435 val_nlpd=0.5845 val_ece=0.0180 kl_weight=0.000000 loss_kl_raw=1484561.0000
[eval] adapter_cls=BayesPaperAdapter
[eval] raw_logits_shape=(10, 256, 101)
[eval] reduced_logits_shape=(256, 101)
[Epoch 114] lr=0.068406 train_loss=0.0346 loss_reg=0.0108 val_acc=0.8419 val_nlpd=0.5853 val_ece=0.0197 kl_weight=0.000000 loss_kl_raw=1488008.2500
[eval] adapter_cls=BayesPaperAdapter
[eval] raw_logits_shape=(10, 256, 101)
[eval] reduced_logits_shape=(256, 101)
[Epoch 115] lr=0.067918 train_loss=0.0346 loss_reg=0.0109 val_acc=0.8446 val_nlpd=0.5841 val_ece=0.0202 kl_weight=0.000000 loss_kl_raw=1491175.1250
[eval] adapter_cls=BayesPaperAdapter
[eval] raw_logits_shape=(10, 256, 101)
[eval] reduced_logits_shape=(256, 101)
[Epoch 116] lr=0.067429 train_loss=0.0346 loss_reg=0.0111 val_acc=0.8440 val_nlpd=0.5842 val_ece=0.0203 kl_weight=0.000000 loss_kl_raw=1494327.3750
[eval] adapter_cls=BayesPaperAdapter
[eval] raw_logits_shape=(10, 256, 101)
[eval] reduced_logits_shape=(256, 101)
[Epoch 117] lr=0.066937 train_loss=0.0348 loss_reg=0.0112 val_acc=0.8425 val_nlpd=0.5849 val_ece=0.0160 kl_weight=0.000000 loss_kl_raw=1497533.7500
[eval] adapter_cls=BayesPaperAdapter
[eval] raw_logits_shape=(10, 256, 101)
[eval] reduced_logits_shape=(256, 101)
[Epoch 118] lr=0.066443 train_loss=0.0348 loss_reg=0.0113 val_acc=0.8456 val_nlpd=0.5829 val_ece=0.0179 kl_weight=0.000000 loss_kl_raw=1500770.7500
[eval] adapter_cls=BayesPaperAdapter
[eval] raw_logits_shape=(10, 256, 101)
[eval] reduced_logits_shape=(256, 101)
[Epoch 119] lr=0.065948 train_loss=0.0348 loss_reg=0.0114 val_acc=0.8440 val_nlpd=0.5829 val_ece=0.0204 kl_weight=0.000000 loss_kl_raw=1503821.5000
[eval] adapter_cls=BayesPaperAdapter
[eval] raw_logits_shape=(10, 256, 101)
[eval] reduced_logits_shape=(256, 101)
[Epoch 120] lr=0.065451 train_loss=0.0347 loss_reg=0.0115 val_acc=0.8440 val_nlpd=0.5834 val_ece=0.0200 kl_weight=0.000000 loss_kl_raw=1506883.7500
[eval] adapter_cls=BayesPaperAdapter
[eval] raw_logits_shape=(10, 256, 101)
[eval] reduced_logits_shape=(256, 101)
[Epoch 121] lr=0.064952 train_loss=0.0348 loss_reg=0.0117 val_acc=0.8462 val_nlpd=0.5827 val_ece=0.0202 kl_weight=0.000000 loss_kl_raw=1509839.3750
[eval] adapter_cls=BayesPaperAdapter
[eval] raw_logits_shape=(10, 256, 101)
[eval] reduced_logits_shape=(256, 101)
[Epoch 122] lr=0.064452 train_loss=0.0349 loss_reg=0.0118 val_acc=0.8472 val_nlpd=0.5846 val_ece=0.0214 kl_weight=0.000000 loss_kl_raw=1512794.7500
[eval] adapter_cls=BayesPaperAdapter
[eval] raw_logits_shape=(10, 256, 101)
[eval] reduced_logits_shape=(256, 101)
[Epoch 123] lr=0.063950 train_loss=0.0347 loss_reg=0.0119 val_acc=0.8446 val_nlpd=0.5852 val_ece=0.0209 kl_weight=0.000000 loss_kl_raw=1515784.2500
[eval] adapter_cls=BayesPaperAdapter
[eval] raw_logits_shape=(10, 256, 101)
[eval] reduced_logits_shape=(256, 101)
[Epoch 124] lr=0.063446 train_loss=0.0347 loss_reg=0.0120 val_acc=0.8425 val_nlpd=0.5841 val_ece=0.0218 kl_weight=0.000000 loss_kl_raw=1518604.5000
[eval] adapter_cls=BayesPaperAdapter
[eval] raw_logits_shape=(10, 256, 101)
[eval] reduced_logits_shape=(256, 101)
[Epoch 125] lr=0.062941 train_loss=0.0349 loss_reg=0.0122 val_acc=0.8451 val_nlpd=0.5846 val_ece=0.0219 kl_weight=0.000000 loss_kl_raw=1521520.0000
[eval] adapter_cls=BayesPaperAdapter
[eval] raw_logits_shape=(10, 256, 101)
[eval] reduced_logits_shape=(256, 101)
[Epoch 126] lr=0.062434 train_loss=0.0348 loss_reg=0.0123 val_acc=0.8435 val_nlpd=0.5852 val_ece=0.0212 kl_weight=0.000000 loss_kl_raw=1524255.6250
[eval] adapter_cls=BayesPaperAdapter
[eval] raw_logits_shape=(10, 256, 101)
[eval] reduced_logits_shape=(256, 101)
[Epoch 127] lr=0.061927 train_loss=0.0349 loss_reg=0.0124 val_acc=0.8440 val_nlpd=0.5845 val_ece=0.0258 kl_weight=0.000000 loss_kl_raw=1527085.7500
[eval] adapter_cls=BayesPaperAdapter
[eval] raw_logits_shape=(10, 256, 101)
[eval] reduced_logits_shape=(256, 101)
[Epoch 128] lr=0.061418 train_loss=0.0349 loss_reg=0.0125 val_acc=0.8425 val_nlpd=0.5838 val_ece=0.0215 kl_weight=0.000000 loss_kl_raw=1529865.6250
[eval] adapter_cls=BayesPaperAdapter
[eval] raw_logits_shape=(10, 256, 101)
[eval] reduced_logits_shape=(256, 101)
[Epoch 129] lr=0.060907 train_loss=0.0350 loss_reg=0.0126 val_acc=0.8435 val_nlpd=0.5846 val_ece=0.0243 kl_weight=0.000000 loss_kl_raw=1532528.2500
[eval] adapter_cls=BayesPaperAdapter
[eval] raw_logits_shape=(10, 256, 101)
[eval] reduced_logits_shape=(256, 101)
[Epoch 130] lr=0.060396 train_loss=0.0350 loss_reg=0.0128 val_acc=0.8430 val_nlpd=0.5852 val_ece=0.0179 kl_weight=0.000000 loss_kl_raw=1535146.1250
[eval] adapter_cls=BayesPaperAdapter
[eval] raw_logits_shape=(10, 256, 101)
[eval] reduced_logits_shape=(256, 101)
[Epoch 131] lr=0.059883 train_loss=0.0351 loss_reg=0.0129 val_acc=0.8425 val_nlpd=0.5835 val_ece=0.0202 kl_weight=0.000000 loss_kl_raw=1537765.1250
[eval] adapter_cls=BayesPaperAdapter
[eval] raw_logits_shape=(10, 256, 101)
[eval] reduced_logits_shape=(256, 101)
[Epoch 132] lr=0.059369 train_loss=0.0349 loss_reg=0.0130 val_acc=0.8430 val_nlpd=0.5830 val_ece=0.0219 kl_weight=0.000000 loss_kl_raw=1540548.0000
[eval] adapter_cls=BayesPaperAdapter
[eval] raw_logits_shape=(10, 256, 101)
[eval] reduced_logits_shape=(256, 101)
[Epoch 133] lr=0.058854 train_loss=0.0350 loss_reg=0.0131 val_acc=0.8440 val_nlpd=0.5832 val_ece=0.0205 kl_weight=0.000000 loss_kl_raw=1543126.0000
[eval] adapter_cls=BayesPaperAdapter
[eval] raw_logits_shape=(10, 256, 101)
[eval] reduced_logits_shape=(256, 101)
[Epoch 134] lr=0.058338 train_loss=0.0350 loss_reg=0.0132 val_acc=0.8430 val_nlpd=0.5828 val_ece=0.0211 kl_weight=0.000000 loss_kl_raw=1545798.3750
[eval] adapter_cls=BayesPaperAdapter
[eval] raw_logits_shape=(10, 256, 101)
[eval] reduced_logits_shape=(256, 101)
[Epoch 135] lr=0.057822 train_loss=0.0350 loss_reg=0.0134 val_acc=0.8440 val_nlpd=0.5824 val_ece=0.0184 kl_weight=0.000000 loss_kl_raw=1548315.5000
[eval] adapter_cls=BayesPaperAdapter
[eval] raw_logits_shape=(10, 256, 101)
[eval] reduced_logits_shape=(256, 101)
[Epoch 136] lr=0.057304 train_loss=0.0352 loss_reg=0.0135 val_acc=0.8456 val_nlpd=0.5825 val_ece=0.0211 kl_weight=0.000000 loss_kl_raw=1550620.5000
[eval] adapter_cls=BayesPaperAdapter
[eval] raw_logits_shape=(10, 256, 101)
[eval] reduced_logits_shape=(256, 101)
[Epoch 137] lr=0.056786 train_loss=0.0352 loss_reg=0.0136 val_acc=0.8451 val_nlpd=0.5811 val_ece=0.0207 kl_weight=0.000000 loss_kl_raw=1552878.3750
[eval] adapter_cls=BayesPaperAdapter
[eval] raw_logits_shape=(10, 256, 101)
[eval] reduced_logits_shape=(256, 101)
[Epoch 138] lr=0.056267 train_loss=0.0353 loss_reg=0.0137 val_acc=0.8462 val_nlpd=0.5815 val_ece=0.0189 kl_weight=0.000000 loss_kl_raw=1554985.1250
[eval] adapter_cls=BayesPaperAdapter
[eval] raw_logits_shape=(10, 256, 101)
[eval] reduced_logits_shape=(256, 101)
[Epoch 139] lr=0.055747 train_loss=0.0352 loss_reg=0.0138 val_acc=0.8446 val_nlpd=0.5810 val_ece=0.0212 kl_weight=0.000000 loss_kl_raw=1557047.2500
[eval] adapter_cls=BayesPaperAdapter
[eval] raw_logits_shape=(10, 256, 101)
[eval] reduced_logits_shape=(256, 101)
[Epoch 140] lr=0.055226 train_loss=0.0353 loss_reg=0.0140 val_acc=0.8451 val_nlpd=0.5823 val_ece=0.0214 kl_weight=0.000000 loss_kl_raw=1559226.7500
[eval] adapter_cls=BayesPaperAdapter
[eval] raw_logits_shape=(10, 256, 101)
[eval] reduced_logits_shape=(256, 101)
[Epoch 141] lr=0.054705 train_loss=0.0356 loss_reg=0.0141 val_acc=0.8446 val_nlpd=0.5808 val_ece=0.0194 kl_weight=0.000000 loss_kl_raw=1561296.5000
[eval] adapter_cls=BayesPaperAdapter
[eval] raw_logits_shape=(10, 256, 101)
[eval] reduced_logits_shape=(256, 101)
[Epoch 142] lr=0.054184 train_loss=0.0355 loss_reg=0.0142 val_acc=0.8440 val_nlpd=0.5824 val_ece=0.0213 kl_weight=0.000000 loss_kl_raw=1563392.7500
[eval] adapter_cls=BayesPaperAdapter
[eval] raw_logits_shape=(10, 256, 101)
[eval] reduced_logits_shape=(256, 101)
[Epoch 143] lr=0.053662 train_loss=0.0355 loss_reg=0.0143 val_acc=0.8446 val_nlpd=0.5812 val_ece=0.0220 kl_weight=0.000000 loss_kl_raw=1565508.8750
[eval] adapter_cls=BayesPaperAdapter
[eval] raw_logits_shape=(10, 256, 101)
[eval] reduced_logits_shape=(256, 101)
[Epoch 144] lr=0.053140 train_loss=0.0354 loss_reg=0.0144 val_acc=0.8435 val_nlpd=0.5822 val_ece=0.0186 kl_weight=0.000000 loss_kl_raw=1567521.8750
[eval] adapter_cls=BayesPaperAdapter
[eval] raw_logits_shape=(10, 256, 101)
[eval] reduced_logits_shape=(256, 101)
[Epoch 145] lr=0.052617 train_loss=0.0355 loss_reg=0.0146 val_acc=0.8425 val_nlpd=0.5844 val_ece=0.0200 kl_weight=0.000000 loss_kl_raw=1569532.1250
[eval] adapter_cls=BayesPaperAdapter
[eval] raw_logits_shape=(10, 256, 101)
[eval] reduced_logits_shape=(256, 101)
[Epoch 146] lr=0.052094 train_loss=0.0356 loss_reg=0.0147 val_acc=0.8451 val_nlpd=0.5815 val_ece=0.0188 kl_weight=0.000000 loss_kl_raw=1571394.0000
[eval] adapter_cls=BayesPaperAdapter
[eval] raw_logits_shape=(10, 256, 101)
[eval] reduced_logits_shape=(256, 101)
[Epoch 147] lr=0.051571 train_loss=0.0358 loss_reg=0.0148 val_acc=0.8446 val_nlpd=0.5820 val_ece=0.0227 kl_weight=0.000000 loss_kl_raw=1573203.7500
[eval] adapter_cls=BayesPaperAdapter
[eval] raw_logits_shape=(10, 256, 101)
[eval] reduced_logits_shape=(256, 101)
[Epoch 148] lr=0.051047 train_loss=0.0358 loss_reg=0.0149 val_acc=0.8430 val_nlpd=0.5821 val_ece=0.0192 kl_weight=0.000000 loss_kl_raw=1575032.6250
[eval] adapter_cls=BayesPaperAdapter
[eval] raw_logits_shape=(10, 256, 101)
[eval] reduced_logits_shape=(256, 101)
[Epoch 149] lr=0.050524 train_loss=0.0359 loss_reg=0.0150 val_acc=0.8419 val_nlpd=0.5828 val_ece=0.0191 kl_weight=0.000000 loss_kl_raw=1576856.6250
[eval] adapter_cls=BayesPaperAdapter
[eval] raw_logits_shape=(10, 256, 101)
[eval] reduced_logits_shape=(256, 101)
[Epoch 150] lr=0.050000 train_loss=0.0357 loss_reg=0.0152 val_acc=0.8409 val_nlpd=0.5828 val_ece=0.0208 kl_weight=0.000000 loss_kl_raw=1578651.5000
[eval] adapter_cls=BayesPaperAdapter
[eval] raw_logits_shape=(10, 256, 101)
[eval] reduced_logits_shape=(256, 101)
[Epoch 151] lr=0.049476 train_loss=0.0358 loss_reg=0.0153 val_acc=0.8440 val_nlpd=0.5810 val_ece=0.0229 kl_weight=0.000000 loss_kl_raw=1580432.7500
[eval] adapter_cls=BayesPaperAdapter
[eval] raw_logits_shape=(10, 256, 101)
[eval] reduced_logits_shape=(256, 101)
[Epoch 152] lr=0.048953 train_loss=0.0360 loss_reg=0.0154 val_acc=0.8435 val_nlpd=0.5825 val_ece=0.0184 kl_weight=0.000000 loss_kl_raw=1582124.8750
[eval] adapter_cls=BayesPaperAdapter
[eval] raw_logits_shape=(10, 256, 101)
[eval] reduced_logits_shape=(256, 101)
[Epoch 153] lr=0.048429 train_loss=0.0361 loss_reg=0.0155 val_acc=0.8425 val_nlpd=0.5815 val_ece=0.0200 kl_weight=0.000000 loss_kl_raw=1583925.3750
[eval] adapter_cls=BayesPaperAdapter
[eval] raw_logits_shape=(10, 256, 101)
[eval] reduced_logits_shape=(256, 101)
[Epoch 154] lr=0.047906 train_loss=0.0362 loss_reg=0.0156 val_acc=0.8451 val_nlpd=0.5819 val_ece=0.0200 kl_weight=0.000000 loss_kl_raw=1585701.3750
[eval] adapter_cls=BayesPaperAdapter
[eval] raw_logits_shape=(10, 256, 101)
[eval] reduced_logits_shape=(256, 101)
[Epoch 155] lr=0.047383 train_loss=0.0360 loss_reg=0.0158 val_acc=0.8477 val_nlpd=0.5794 val_ece=0.0223 kl_weight=0.000000 loss_kl_raw=1587492.7500
[eval] adapter_cls=BayesPaperAdapter
[eval] raw_logits_shape=(10, 256, 101)
[eval] reduced_logits_shape=(256, 101)
[Epoch 156] lr=0.046860 train_loss=0.0361 loss_reg=0.0159 val_acc=0.8467 val_nlpd=0.5807 val_ece=0.0216 kl_weight=0.000000 loss_kl_raw=1589136.1250
[eval] adapter_cls=BayesPaperAdapter
[eval] raw_logits_shape=(10, 256, 101)
[eval] reduced_logits_shape=(256, 101)
[Epoch 157] lr=0.046338 train_loss=0.0364 loss_reg=0.0160 val_acc=0.8440 val_nlpd=0.5822 val_ece=0.0213 kl_weight=0.000000 loss_kl_raw=1590715.5000
[eval] adapter_cls=BayesPaperAdapter
[eval] raw_logits_shape=(10, 256, 101)
[eval] reduced_logits_shape=(256, 101)
[Epoch 158] lr=0.045816 train_loss=0.0363 loss_reg=0.0161 val_acc=0.8462 val_nlpd=0.5807 val_ece=0.0228 kl_weight=0.000000 loss_kl_raw=1592313.1250
[eval] adapter_cls=BayesPaperAdapter
[eval] raw_logits_shape=(10, 256, 101)
[eval] reduced_logits_shape=(256, 101)
[Epoch 159] lr=0.045295 train_loss=0.0365 loss_reg=0.0162 val_acc=0.8451 val_nlpd=0.5802 val_ece=0.0227 kl_weight=0.000000 loss_kl_raw=1593760.2500
[eval] adapter_cls=BayesPaperAdapter
[eval] raw_logits_shape=(10, 256, 101)
[eval] reduced_logits_shape=(256, 101)
[Epoch 160] lr=0.044774 train_loss=0.0365 loss_reg=0.0163 val_acc=0.8467 val_nlpd=0.5798 val_ece=0.0230 kl_weight=0.000000 loss_kl_raw=1595185.6250
[eval] adapter_cls=BayesPaperAdapter
[eval] raw_logits_shape=(10, 256, 101)
[eval] reduced_logits_shape=(256, 101)
[Epoch 161] lr=0.044253 train_loss=0.0367 loss_reg=0.0165 val_acc=0.8462 val_nlpd=0.5819 val_ece=0.0192 kl_weight=0.000000 loss_kl_raw=1596523.3750
[eval] adapter_cls=BayesPaperAdapter
[eval] raw_logits_shape=(10, 256, 101)
[eval] reduced_logits_shape=(256, 101)
[Epoch 162] lr=0.043733 train_loss=0.0367 loss_reg=0.0166 val_acc=0.8440 val_nlpd=0.5804 val_ece=0.0195 kl_weight=0.000000 loss_kl_raw=1597864.1250
[eval] adapter_cls=BayesPaperAdapter
[eval] raw_logits_shape=(10, 256, 101)
[eval] reduced_logits_shape=(256, 101)
[Epoch 163] lr=0.043214 train_loss=0.0368 loss_reg=0.0167 val_acc=0.8440 val_nlpd=0.5817 val_ece=0.0190 kl_weight=0.000000 loss_kl_raw=1599224.5000
[eval] adapter_cls=BayesPaperAdapter
[eval] raw_logits_shape=(10, 256, 101)
[eval] reduced_logits_shape=(256, 101)
[Epoch 164] lr=0.042696 train_loss=0.0369 loss_reg=0.0168 val_acc=0.8462 val_nlpd=0.5801 val_ece=0.0218 kl_weight=0.000000 loss_kl_raw=1600675.2500
[eval] adapter_cls=BayesPaperAdapter
[eval] raw_logits_shape=(10, 256, 101)
[eval] reduced_logits_shape=(256, 101)
[Epoch 165] lr=0.042178 train_loss=0.0370 loss_reg=0.0169 val_acc=0.8446 val_nlpd=0.5799 val_ece=0.0210 kl_weight=0.000000 loss_kl_raw=1602088.7500
[eval] adapter_cls=BayesPaperAdapter
[eval] raw_logits_shape=(10, 256, 101)
[eval] reduced_logits_shape=(256, 101)
[Epoch 166] lr=0.041662 train_loss=0.0370 loss_reg=0.0170 val_acc=0.8440 val_nlpd=0.5815 val_ece=0.0191 kl_weight=0.000000 loss_kl_raw=1603526.0000
[eval] adapter_cls=BayesPaperAdapter
[eval] raw_logits_shape=(10, 256, 101)
[eval] reduced_logits_shape=(256, 101)
[Epoch 167] lr=0.041146 train_loss=0.0371 loss_reg=0.0172 val_acc=0.8456 val_nlpd=0.5814 val_ece=0.0203 kl_weight=0.000000 loss_kl_raw=1604924.2500
[eval] adapter_cls=BayesPaperAdapter
[eval] raw_logits_shape=(10, 256, 101)
[eval] reduced_logits_shape=(256, 101)
[Epoch 168] lr=0.040631 train_loss=0.0372 loss_reg=0.0173 val_acc=0.8456 val_nlpd=0.5831 val_ece=0.0192 kl_weight=0.000000 loss_kl_raw=1606232.3750
[eval] adapter_cls=BayesPaperAdapter
[eval] raw_logits_shape=(10, 256, 101)
[eval] reduced_logits_shape=(256, 101)
[Epoch 169] lr=0.040117 train_loss=0.0373 loss_reg=0.0174 val_acc=0.8456 val_nlpd=0.5830 val_ece=0.0191 kl_weight=0.000000 loss_kl_raw=1607511.6250
[eval] adapter_cls=BayesPaperAdapter
[eval] raw_logits_shape=(10, 256, 101)
[eval] reduced_logits_shape=(256, 101)
[Epoch 170] lr=0.039604 train_loss=0.0373 loss_reg=0.0175 val_acc=0.8467 val_nlpd=0.5820 val_ece=0.0205 kl_weight=0.000000 loss_kl_raw=1608766.6250
[eval] adapter_cls=BayesPaperAdapter
[eval] raw_logits_shape=(10, 256, 101)
[eval] reduced_logits_shape=(256, 101)
[Epoch 171] lr=0.039093 train_loss=0.0374 loss_reg=0.0176 val_acc=0.8440 val_nlpd=0.5817 val_ece=0.0194 kl_weight=0.000000 loss_kl_raw=1609999.3750
[eval] adapter_cls=BayesPaperAdapter
[eval] raw_logits_shape=(10, 256, 101)
[eval] reduced_logits_shape=(256, 101)
[Epoch 172] lr=0.038582 train_loss=0.0375 loss_reg=0.0178 val_acc=0.8462 val_nlpd=0.5812 val_ece=0.0209 kl_weight=0.000000 loss_kl_raw=1611183.6250
[eval] adapter_cls=BayesPaperAdapter
[eval] raw_logits_shape=(10, 256, 101)
[eval] reduced_logits_shape=(256, 101)
[Epoch 173] lr=0.038073 train_loss=0.0376 loss_reg=0.0179 val_acc=0.8440 val_nlpd=0.5812 val_ece=0.0200 kl_weight=0.000000 loss_kl_raw=1612363.2500
[eval] adapter_cls=BayesPaperAdapter
[eval] raw_logits_shape=(10, 256, 101)
[eval] reduced_logits_shape=(256, 101)
[Epoch 174] lr=0.037566 train_loss=0.0377 loss_reg=0.0180 val_acc=0.8446 val_nlpd=0.5807 val_ece=0.0195 kl_weight=0.000000 loss_kl_raw=1613474.1250
[eval] adapter_cls=BayesPaperAdapter
[eval] raw_logits_shape=(10, 256, 101)
[eval] reduced_logits_shape=(256, 101)
[Epoch 175] lr=0.037059 train_loss=0.0377 loss_reg=0.0181 val_acc=0.8462 val_nlpd=0.5815 val_ece=0.0206 kl_weight=0.000000 loss_kl_raw=1614556.2500
[eval] adapter_cls=BayesPaperAdapter
[eval] raw_logits_shape=(10, 256, 101)
[eval] reduced_logits_shape=(256, 101)
[Epoch 176] lr=0.036554 train_loss=0.0378 loss_reg=0.0182 val_acc=0.8456 val_nlpd=0.5805 val_ece=0.0206 kl_weight=0.000000 loss_kl_raw=1615606.3750
[eval] adapter_cls=BayesPaperAdapter
[eval] raw_logits_shape=(10, 256, 101)
[eval] reduced_logits_shape=(256, 101)
[Epoch 177] lr=0.036050 train_loss=0.0378 loss_reg=0.0183 val_acc=0.8456 val_nlpd=0.5813 val_ece=0.0229 kl_weight=0.000000 loss_kl_raw=1616749.1250
[eval] adapter_cls=BayesPaperAdapter
[eval] raw_logits_shape=(10, 256, 101)
[eval] reduced_logits_shape=(256, 101)
[Epoch 178] lr=0.035548 train_loss=0.0379 loss_reg=0.0185 val_acc=0.8488 val_nlpd=0.5795 val_ece=0.0249 kl_weight=0.000000 loss_kl_raw=1617801.5000
[eval] adapter_cls=BayesPaperAdapter
[eval] raw_logits_shape=(10, 256, 101)
[eval] reduced_logits_shape=(256, 101)
[Epoch 179] lr=0.035048 train_loss=0.0380 loss_reg=0.0186 val_acc=0.8462 val_nlpd=0.5800 val_ece=0.0226 kl_weight=0.000000 loss_kl_raw=1618782.6250
[eval] adapter_cls=BayesPaperAdapter
[eval] raw_logits_shape=(10, 256, 101)
[eval] reduced_logits_shape=(256, 101)
[Epoch 180] lr=0.034549 train_loss=0.0380 loss_reg=0.0187 val_acc=0.8435 val_nlpd=0.5812 val_ece=0.0223 kl_weight=0.000000 loss_kl_raw=1619701.3750
[eval] adapter_cls=BayesPaperAdapter
[eval] raw_logits_shape=(10, 256, 101)
[eval] reduced_logits_shape=(256, 101)
[Epoch 181] lr=0.034052 train_loss=0.0383 loss_reg=0.0188 val_acc=0.8467 val_nlpd=0.5822 val_ece=0.0255 kl_weight=0.000000 loss_kl_raw=1620671.8750
[eval] adapter_cls=BayesPaperAdapter
[eval] raw_logits_shape=(10, 256, 101)
[eval] reduced_logits_shape=(256, 101)
[Epoch 182] lr=0.033557 train_loss=0.0383 loss_reg=0.0189 val_acc=0.8462 val_nlpd=0.5823 val_ece=0.0253 kl_weight=0.000000 loss_kl_raw=1621596.8750
[eval] adapter_cls=BayesPaperAdapter
[eval] raw_logits_shape=(10, 256, 101)
[eval] reduced_logits_shape=(256, 101)
[Epoch 183] lr=0.033063 train_loss=0.0383 loss_reg=0.0190 val_acc=0.8472 val_nlpd=0.5801 val_ece=0.0242 kl_weight=0.000000 loss_kl_raw=1622501.6250
[eval] adapter_cls=BayesPaperAdapter
[eval] raw_logits_shape=(10, 256, 101)
[eval] reduced_logits_shape=(256, 101)
[Epoch 184] lr=0.032571 train_loss=0.0385 loss_reg=0.0191 val_acc=0.8456 val_nlpd=0.5795 val_ece=0.0224 kl_weight=0.000000 loss_kl_raw=1623353.5000
[eval] adapter_cls=BayesPaperAdapter
[eval] raw_logits_shape=(10, 256, 101)
[eval] reduced_logits_shape=(256, 101)
[Epoch 185] lr=0.032082 train_loss=0.0384 loss_reg=0.0193 val_acc=0.8456 val_nlpd=0.5797 val_ece=0.0238 kl_weight=0.000000 loss_kl_raw=1624170.8750
[eval] adapter_cls=BayesPaperAdapter
[eval] raw_logits_shape=(10, 256, 101)
[eval] reduced_logits_shape=(256, 101)
[Epoch 186] lr=0.031594 train_loss=0.0386 loss_reg=0.0194 val_acc=0.8472 val_nlpd=0.5799 val_ece=0.0246 kl_weight=0.000000 loss_kl_raw=1625007.7500
[eval] adapter_cls=BayesPaperAdapter
[eval] raw_logits_shape=(10, 256, 101)
[eval] reduced_logits_shape=(256, 101)
[Epoch 187] lr=0.031108 train_loss=0.0387 loss_reg=0.0195 val_acc=0.8467 val_nlpd=0.5788 val_ece=0.0222 kl_weight=0.000000 loss_kl_raw=1625861.8750
[eval] adapter_cls=BayesPaperAdapter
[eval] raw_logits_shape=(10, 256, 101)
[eval] reduced_logits_shape=(256, 101)
[Epoch 188] lr=0.030624 train_loss=0.0387 loss_reg=0.0196 val_acc=0.8472 val_nlpd=0.5804 val_ece=0.0241 kl_weight=0.000000 loss_kl_raw=1626713.7500
[eval] adapter_cls=BayesPaperAdapter
[eval] raw_logits_shape=(10, 256, 101)
[eval] reduced_logits_shape=(256, 101)
[Epoch 189] lr=0.030143 train_loss=0.0389 loss_reg=0.0197 val_acc=0.8483 val_nlpd=0.5801 val_ece=0.0237 kl_weight=0.000000 loss_kl_raw=1627523.7500
[eval] adapter_cls=BayesPaperAdapter
[eval] raw_logits_shape=(10, 256, 101)
[eval] reduced_logits_shape=(256, 101)
[Epoch 190] lr=0.029663 train_loss=0.0390 loss_reg=0.0198 val_acc=0.8467 val_nlpd=0.5809 val_ece=0.0248 kl_weight=0.000000 loss_kl_raw=1628308.3750
[eval] adapter_cls=BayesPaperAdapter
[eval] raw_logits_shape=(10, 256, 101)
[eval] reduced_logits_shape=(256, 101)
[Epoch 191] lr=0.029186 train_loss=0.0390 loss_reg=0.0199 val_acc=0.8483 val_nlpd=0.5804 val_ece=0.0217 kl_weight=0.000000 loss_kl_raw=1629124.1250
[eval] adapter_cls=BayesPaperAdapter
[eval] raw_logits_shape=(10, 256, 101)
[eval] reduced_logits_shape=(256, 101)
[Epoch 192] lr=0.028711 train_loss=0.0391 loss_reg=0.0201 val_acc=0.8467 val_nlpd=0.5790 val_ece=0.0254 kl_weight=0.000000 loss_kl_raw=1629878.0000
[eval] adapter_cls=BayesPaperAdapter
[eval] raw_logits_shape=(10, 256, 101)
[eval] reduced_logits_shape=(256, 101)
[Epoch 193] lr=0.028238 train_loss=0.0393 loss_reg=0.0202 val_acc=0.8483 val_nlpd=0.5795 val_ece=0.0236 kl_weight=0.000000 loss_kl_raw=1630596.6250
[eval] adapter_cls=BayesPaperAdapter
[eval] raw_logits_shape=(10, 256, 101)
[eval] reduced_logits_shape=(256, 101)
[Epoch 194] lr=0.027768 train_loss=0.0395 loss_reg=0.0203 val_acc=0.8467 val_nlpd=0.5812 val_ece=0.0247 kl_weight=0.000000 loss_kl_raw=1631350.6250
[eval] adapter_cls=BayesPaperAdapter
[eval] raw_logits_shape=(10, 256, 101)
[eval] reduced_logits_shape=(256, 101)
[Epoch 195] lr=0.027300 train_loss=0.0395 loss_reg=0.0204 val_acc=0.8472 val_nlpd=0.5804 val_ece=0.0242 kl_weight=0.000000 loss_kl_raw=1632082.6250
[eval] adapter_cls=BayesPaperAdapter
[eval] raw_logits_shape=(10, 256, 101)
[eval] reduced_logits_shape=(256, 101)
[Epoch 196] lr=0.026835 train_loss=0.0395 loss_reg=0.0205 val_acc=0.8477 val_nlpd=0.5797 val_ece=0.0239 kl_weight=0.000000 loss_kl_raw=1632708.7500
[eval] adapter_cls=BayesPaperAdapter
[eval] raw_logits_shape=(10, 256, 101)
[eval] reduced_logits_shape=(256, 101)
[Epoch 197] lr=0.026372 train_loss=0.0395 loss_reg=0.0206 val_acc=0.8446 val_nlpd=0.5804 val_ece=0.0263 kl_weight=0.000000 loss_kl_raw=1633296.8750
[eval] adapter_cls=BayesPaperAdapter
[eval] raw_logits_shape=(10, 256, 101)
[eval] reduced_logits_shape=(256, 101)
[Epoch 198] lr=0.025912 train_loss=0.0398 loss_reg=0.0207 val_acc=0.8446 val_nlpd=0.5803 val_ece=0.0238 kl_weight=0.000000 loss_kl_raw=1633927.6250
[eval] adapter_cls=BayesPaperAdapter
[eval] raw_logits_shape=(10, 256, 101)
[eval] reduced_logits_shape=(256, 101)
[Epoch 199] lr=0.025455 train_loss=0.0398 loss_reg=0.0209 val_acc=0.8451 val_nlpd=0.5810 val_ece=0.0208 kl_weight=0.000000 loss_kl_raw=1634589.5000
[eval] adapter_cls=BayesPaperAdapter
[eval] raw_logits_shape=(10, 256, 101)
[eval] reduced_logits_shape=(256, 101)
[Epoch 200] lr=0.025000 train_loss=0.0399 loss_reg=0.0210 val_acc=0.8467 val_nlpd=0.5795 val_ece=0.0221 kl_weight=0.000000 loss_kl_raw=1635246.1250
[eval] adapter_cls=BayesPaperAdapter
[eval] raw_logits_shape=(10, 256, 101)
[eval] reduced_logits_shape=(256, 101)
[Epoch 201] lr=0.024548 train_loss=0.0401 loss_reg=0.0211 val_acc=0.8467 val_nlpd=0.5800 val_ece=0.0219 kl_weight=0.000000 loss_kl_raw=1635846.7500
[eval] adapter_cls=BayesPaperAdapter
[eval] raw_logits_shape=(10, 256, 101)
[eval] reduced_logits_shape=(256, 101)
[Epoch 202] lr=0.024099 train_loss=0.0402 loss_reg=0.0212 val_acc=0.8456 val_nlpd=0.5804 val_ece=0.0222 kl_weight=0.000000 loss_kl_raw=1636459.7500
[eval] adapter_cls=BayesPaperAdapter
[eval] raw_logits_shape=(10, 256, 101)
[eval] reduced_logits_shape=(256, 101)
[Epoch 203] lr=0.023652 train_loss=0.0401 loss_reg=0.0213 val_acc=0.8456 val_nlpd=0.5801 val_ece=0.0206 kl_weight=0.000000 loss_kl_raw=1637013.6250
[eval] adapter_cls=BayesPaperAdapter
[eval] raw_logits_shape=(10, 256, 101)
[eval] reduced_logits_shape=(256, 101)
[Epoch 204] lr=0.023209 train_loss=0.0402 loss_reg=0.0214 val_acc=0.8446 val_nlpd=0.5816 val_ece=0.0229 kl_weight=0.000000 loss_kl_raw=1637520.1250
[eval] adapter_cls=BayesPaperAdapter
[eval] raw_logits_shape=(10, 256, 101)
[eval] reduced_logits_shape=(256, 101)
[Epoch 205] lr=0.022768 train_loss=0.0403 loss_reg=0.0215 val_acc=0.8451 val_nlpd=0.5794 val_ece=0.0244 kl_weight=0.000000 loss_kl_raw=1637980.1250
[eval] adapter_cls=BayesPaperAdapter
[eval] raw_logits_shape=(10, 256, 101)
[eval] reduced_logits_shape=(256, 101)
[Epoch 206] lr=0.022330 train_loss=0.0404 loss_reg=0.0216 val_acc=0.8467 val_nlpd=0.5797 val_ece=0.0217 kl_weight=0.000000 loss_kl_raw=1638503.3750
[eval] adapter_cls=BayesPaperAdapter
[eval] raw_logits_shape=(10, 256, 101)
[eval] reduced_logits_shape=(256, 101)
[Epoch 207] lr=0.021896 train_loss=0.0406 loss_reg=0.0218 val_acc=0.8456 val_nlpd=0.5807 val_ece=0.0237 kl_weight=0.000000 loss_kl_raw=1638985.1250
[eval] adapter_cls=BayesPaperAdapter
[eval] raw_logits_shape=(10, 256, 101)
[eval] reduced_logits_shape=(256, 101)
[Epoch 208] lr=0.021464 train_loss=0.0407 loss_reg=0.0219 val_acc=0.8483 val_nlpd=0.5792 val_ece=0.0247 kl_weight=0.000000 loss_kl_raw=1639421.7500
[eval] adapter_cls=BayesPaperAdapter
[eval] raw_logits_shape=(10, 256, 101)
[eval] reduced_logits_shape=(256, 101)
[Epoch 209] lr=0.021036 train_loss=0.0408 loss_reg=0.0220 val_acc=0.8451 val_nlpd=0.5791 val_ece=0.0259 kl_weight=0.000000 loss_kl_raw=1639836.0000
[eval] adapter_cls=BayesPaperAdapter
[eval] raw_logits_shape=(10, 256, 101)
[eval] reduced_logits_shape=(256, 101)
[Epoch 210] lr=0.020611 train_loss=0.0410 loss_reg=0.0221 val_acc=0.8467 val_nlpd=0.5784 val_ece=0.0217 kl_weight=0.000000 loss_kl_raw=1640261.1250
[eval] adapter_cls=BayesPaperAdapter
[eval] raw_logits_shape=(10, 256, 101)
[eval] reduced_logits_shape=(256, 101)
[Epoch 211] lr=0.020189 train_loss=0.0410 loss_reg=0.0222 val_acc=0.8462 val_nlpd=0.5813 val_ece=0.0241 kl_weight=0.000000 loss_kl_raw=1640698.7500
[eval] adapter_cls=BayesPaperAdapter
[eval] raw_logits_shape=(10, 256, 101)
[eval] reduced_logits_shape=(256, 101)
[Epoch 212] lr=0.019770 train_loss=0.0410 loss_reg=0.0223 val_acc=0.8472 val_nlpd=0.5789 val_ece=0.0249 kl_weight=0.000000 loss_kl_raw=1641123.7500
[eval] adapter_cls=BayesPaperAdapter
[eval] raw_logits_shape=(10, 256, 101)
[eval] reduced_logits_shape=(256, 101)
[Epoch 213] lr=0.019355 train_loss=0.0412 loss_reg=0.0224 val_acc=0.8462 val_nlpd=0.5789 val_ece=0.0235 kl_weight=0.000000 loss_kl_raw=1641540.5000
[eval] adapter_cls=BayesPaperAdapter
[eval] raw_logits_shape=(10, 256, 101)
[eval] reduced_logits_shape=(256, 101)
[Epoch 214] lr=0.018943 train_loss=0.0412 loss_reg=0.0225 val_acc=0.8456 val_nlpd=0.5800 val_ece=0.0227 kl_weight=0.000000 loss_kl_raw=1641921.1250
[eval] adapter_cls=BayesPaperAdapter
[eval] raw_logits_shape=(10, 256, 101)
[eval] reduced_logits_shape=(256, 101)
[Epoch 215] lr=0.018534 train_loss=0.0413 loss_reg=0.0227 val_acc=0.8472 val_nlpd=0.5790 val_ece=0.0246 kl_weight=0.000000 loss_kl_raw=1642310.3750
[eval] adapter_cls=BayesPaperAdapter
[eval] raw_logits_shape=(10, 256, 101)
[eval] reduced_logits_shape=(256, 101)
[Epoch 216] lr=0.018129 train_loss=0.0414 loss_reg=0.0228 val_acc=0.8456 val_nlpd=0.5802 val_ece=0.0274 kl_weight=0.000000 loss_kl_raw=1642680.8750
[eval] adapter_cls=BayesPaperAdapter
[eval] raw_logits_shape=(10, 256, 101)
[eval] reduced_logits_shape=(256, 101)
[Epoch 217] lr=0.017727 train_loss=0.0415 loss_reg=0.0229 val_acc=0.8451 val_nlpd=0.5805 val_ece=0.0267 kl_weight=0.000000 loss_kl_raw=1643017.1250
[eval] adapter_cls=BayesPaperAdapter
[eval] raw_logits_shape=(10, 256, 101)
[eval] reduced_logits_shape=(256, 101)
[Epoch 218] lr=0.017329 train_loss=0.0417 loss_reg=0.0230 val_acc=0.8456 val_nlpd=0.5794 val_ece=0.0268 kl_weight=0.000000 loss_kl_raw=1643323.3750
[eval] adapter_cls=BayesPaperAdapter
[eval] raw_logits_shape=(10, 256, 101)
[eval] reduced_logits_shape=(256, 101)
[Epoch 219] lr=0.016934 train_loss=0.0417 loss_reg=0.0231 val_acc=0.8467 val_nlpd=0.5788 val_ece=0.0204 kl_weight=0.000000 loss_kl_raw=1643630.2500
[eval] adapter_cls=BayesPaperAdapter
[eval] raw_logits_shape=(10, 256, 101)
[eval] reduced_logits_shape=(256, 101)
[Epoch 220] lr=0.016543 train_loss=0.0418 loss_reg=0.0232 val_acc=0.8456 val_nlpd=0.5804 val_ece=0.0225 kl_weight=0.000000 loss_kl_raw=1643945.7500
[eval] adapter_cls=BayesPaperAdapter
[eval] raw_logits_shape=(10, 256, 101)
[eval] reduced_logits_shape=(256, 101)
[Epoch 221] lr=0.016156 train_loss=0.0419 loss_reg=0.0233 val_acc=0.8462 val_nlpd=0.5790 val_ece=0.0242 kl_weight=0.000000 loss_kl_raw=1644226.2500
[eval] adapter_cls=BayesPaperAdapter
[eval] raw_logits_shape=(10, 256, 101)
[eval] reduced_logits_shape=(256, 101)
[Epoch 222] lr=0.015773 train_loss=0.0421 loss_reg=0.0234 val_acc=0.8451 val_nlpd=0.5805 val_ece=0.0270 kl_weight=0.000000 loss_kl_raw=1644522.1250
[eval] adapter_cls=BayesPaperAdapter
[eval] raw_logits_shape=(10, 256, 101)
[eval] reduced_logits_shape=(256, 101)
[Epoch 223] lr=0.015393 train_loss=0.0422 loss_reg=0.0235 val_acc=0.8462 val_nlpd=0.5801 val_ece=0.0212 kl_weight=0.000000 loss_kl_raw=1644809.6250
[eval] adapter_cls=BayesPaperAdapter
[eval] raw_logits_shape=(10, 256, 101)
[eval] reduced_logits_shape=(256, 101)
[Epoch 224] lr=0.015017 train_loss=0.0422 loss_reg=0.0236 val_acc=0.8472 val_nlpd=0.5792 val_ece=0.0257 kl_weight=0.000000 loss_kl_raw=1645075.3750
[eval] adapter_cls=BayesPaperAdapter
[eval] raw_logits_shape=(10, 256, 101)
[eval] reduced_logits_shape=(256, 101)
[Epoch 225] lr=0.014645 train_loss=0.0422 loss_reg=0.0238 val_acc=0.8440 val_nlpd=0.5782 val_ece=0.0210 kl_weight=0.000000 loss_kl_raw=1645353.0000
[eval] adapter_cls=BayesPaperAdapter
[eval] raw_logits_shape=(10, 256, 101)
[eval] reduced_logits_shape=(256, 101)
[Epoch 226] lr=0.014276 train_loss=0.0425 loss_reg=0.0239 val_acc=0.8446 val_nlpd=0.5810 val_ece=0.0244 kl_weight=0.000000 loss_kl_raw=1645617.7500
[eval] adapter_cls=BayesPaperAdapter
[eval] raw_logits_shape=(10, 256, 101)
[eval] reduced_logits_shape=(256, 101)
[Epoch 227] lr=0.013912 train_loss=0.0425 loss_reg=0.0240 val_acc=0.8446 val_nlpd=0.5791 val_ece=0.0246 kl_weight=0.000000 loss_kl_raw=1645854.0000
[eval] adapter_cls=BayesPaperAdapter
[eval] raw_logits_shape=(10, 256, 101)
[eval] reduced_logits_shape=(256, 101)
[Epoch 228] lr=0.013552 train_loss=0.0426 loss_reg=0.0241 val_acc=0.8440 val_nlpd=0.5810 val_ece=0.0199 kl_weight=0.000000 loss_kl_raw=1646102.7500
[eval] adapter_cls=BayesPaperAdapter
[eval] raw_logits_shape=(10, 256, 101)
[eval] reduced_logits_shape=(256, 101)
[Epoch 229] lr=0.013195 train_loss=0.0427 loss_reg=0.0242 val_acc=0.8446 val_nlpd=0.5802 val_ece=0.0227 kl_weight=0.000000 loss_kl_raw=1646341.3750
[eval] adapter_cls=BayesPaperAdapter
[eval] raw_logits_shape=(10, 256, 101)
[eval] reduced_logits_shape=(256, 101)
[Epoch 230] lr=0.012843 train_loss=0.0428 loss_reg=0.0243 val_acc=0.8467 val_nlpd=0.5793 val_ece=0.0230 kl_weight=0.000000 loss_kl_raw=1646548.0000
[eval] adapter_cls=BayesPaperAdapter
[eval] raw_logits_shape=(10, 256, 101)
[eval] reduced_logits_shape=(256, 101)
[Epoch 231] lr=0.012494 train_loss=0.0430 loss_reg=0.0244 val_acc=0.8451 val_nlpd=0.5802 val_ece=0.0262 kl_weight=0.000000 loss_kl_raw=1646740.7500
[eval] adapter_cls=BayesPaperAdapter
[eval] raw_logits_shape=(10, 256, 101)
[eval] reduced_logits_shape=(256, 101)
[Epoch 232] lr=0.012150 train_loss=0.0430 loss_reg=0.0245 val_acc=0.8467 val_nlpd=0.5807 val_ece=0.0249 kl_weight=0.000000 loss_kl_raw=1646930.0000
[eval] adapter_cls=BayesPaperAdapter
[eval] raw_logits_shape=(10, 256, 101)
[eval] reduced_logits_shape=(256, 101)
[Epoch 233] lr=0.011810 train_loss=0.0432 loss_reg=0.0246 val_acc=0.8451 val_nlpd=0.5797 val_ece=0.0228 kl_weight=0.000000 loss_kl_raw=1647127.0000
[eval] adapter_cls=BayesPaperAdapter
[eval] raw_logits_shape=(10, 256, 101)
[eval] reduced_logits_shape=(256, 101)
[Epoch 234] lr=0.011474 train_loss=0.0433 loss_reg=0.0247 val_acc=0.8451 val_nlpd=0.5807 val_ece=0.0225 kl_weight=0.000000 loss_kl_raw=1647346.1250
[eval] adapter_cls=BayesPaperAdapter
[eval] raw_logits_shape=(10, 256, 101)
[eval] reduced_logits_shape=(256, 101)
[Epoch 235] lr=0.011143 train_loss=0.0433 loss_reg=0.0248 val_acc=0.8477 val_nlpd=0.5805 val_ece=0.0249 kl_weight=0.000000 loss_kl_raw=1647527.0000
[eval] adapter_cls=BayesPaperAdapter
[eval] raw_logits_shape=(10, 256, 101)
[eval] reduced_logits_shape=(256, 101)
[Epoch 236] lr=0.010815 train_loss=0.0436 loss_reg=0.0250 val_acc=0.8472 val_nlpd=0.5788 val_ece=0.0248 kl_weight=0.000000 loss_kl_raw=1647680.5000
[eval] adapter_cls=BayesPaperAdapter
[eval] raw_logits_shape=(10, 256, 101)
[eval] reduced_logits_shape=(256, 101)
[Epoch 237] lr=0.010492 train_loss=0.0436 loss_reg=0.0251 val_acc=0.8462 val_nlpd=0.5801 val_ece=0.0237 kl_weight=0.000000 loss_kl_raw=1647851.7500
[eval] adapter_cls=BayesPaperAdapter
[eval] raw_logits_shape=(10, 256, 101)
[eval] reduced_logits_shape=(256, 101)
[Epoch 238] lr=0.010174 train_loss=0.0437 loss_reg=0.0252 val_acc=0.8451 val_nlpd=0.5789 val_ece=0.0207 kl_weight=0.000000 loss_kl_raw=1648022.3750
[eval] adapter_cls=BayesPaperAdapter
[eval] raw_logits_shape=(10, 256, 101)
[eval] reduced_logits_shape=(256, 101)
[Epoch 239] lr=0.009859 train_loss=0.0438 loss_reg=0.0253 val_acc=0.8456 val_nlpd=0.5805 val_ece=0.0215 kl_weight=0.000000 loss_kl_raw=1648162.3750
[eval] adapter_cls=BayesPaperAdapter
[eval] raw_logits_shape=(10, 256, 101)
[eval] reduced_logits_shape=(256, 101)
[Epoch 240] lr=0.009549 train_loss=0.0439 loss_reg=0.0254 val_acc=0.8472 val_nlpd=0.5790 val_ece=0.0230 kl_weight=0.000000 loss_kl_raw=1648290.1250
[eval] adapter_cls=BayesPaperAdapter
[eval] raw_logits_shape=(10, 256, 101)
[eval] reduced_logits_shape=(256, 101)
[Epoch 241] lr=0.009244 train_loss=0.0439 loss_reg=0.0255 val_acc=0.8472 val_nlpd=0.5799 val_ece=0.0249 kl_weight=0.000000 loss_kl_raw=1648420.7500
[eval] adapter_cls=BayesPaperAdapter
[eval] raw_logits_shape=(10, 256, 101)
[eval] reduced_logits_shape=(256, 101)
[Epoch 242] lr=0.008943 train_loss=0.0442 loss_reg=0.0256 val_acc=0.8472 val_nlpd=0.5789 val_ece=0.0190 kl_weight=0.000000 loss_kl_raw=1648540.5000
[eval] adapter_cls=BayesPaperAdapter
[eval] raw_logits_shape=(10, 256, 101)
[eval] reduced_logits_shape=(256, 101)
[Epoch 243] lr=0.008646 train_loss=0.0441 loss_reg=0.0257 val_acc=0.8451 val_nlpd=0.5795 val_ece=0.0226 kl_weight=0.000000 loss_kl_raw=1648646.3750
[eval] adapter_cls=BayesPaperAdapter
[eval] raw_logits_shape=(10, 256, 101)
[eval] reduced_logits_shape=(256, 101)
[Epoch 244] lr=0.008354 train_loss=0.0441 loss_reg=0.0258 val_acc=0.8462 val_nlpd=0.5791 val_ece=0.0202 kl_weight=0.000000 loss_kl_raw=1648749.0000
[eval] adapter_cls=BayesPaperAdapter
[eval] raw_logits_shape=(10, 256, 101)
[eval] reduced_logits_shape=(256, 101)
[Epoch 245] lr=0.008066 train_loss=0.0445 loss_reg=0.0259 val_acc=0.8451 val_nlpd=0.5794 val_ece=0.0227 kl_weight=0.000000 loss_kl_raw=1648845.5000
[eval] adapter_cls=BayesPaperAdapter
[eval] raw_logits_shape=(10, 256, 101)
[eval] reduced_logits_shape=(256, 101)
[Epoch 246] lr=0.007784 train_loss=0.0445 loss_reg=0.0260 val_acc=0.8467 val_nlpd=0.5780 val_ece=0.0217 kl_weight=0.000000 loss_kl_raw=1648937.0000
[eval] adapter_cls=BayesPaperAdapter
[eval] raw_logits_shape=(10, 256, 101)
[eval] reduced_logits_shape=(256, 101)
[Epoch 247] lr=0.007505 train_loss=0.0446 loss_reg=0.0261 val_acc=0.8451 val_nlpd=0.5799 val_ece=0.0191 kl_weight=0.000000 loss_kl_raw=1649019.0000
[eval] adapter_cls=BayesPaperAdapter
[eval] raw_logits_shape=(10, 256, 101)
[eval] reduced_logits_shape=(256, 101)
[Epoch 248] lr=0.007232 train_loss=0.0445 loss_reg=0.0263 val_acc=0.8467 val_nlpd=0.5803 val_ece=0.0223 kl_weight=0.000000 loss_kl_raw=1649095.1250
[eval] adapter_cls=BayesPaperAdapter
[eval] raw_logits_shape=(10, 256, 101)
[eval] reduced_logits_shape=(256, 101)
[Epoch 249] lr=0.006963 train_loss=0.0448 loss_reg=0.0264 val_acc=0.8456 val_nlpd=0.5781 val_ece=0.0218 kl_weight=0.000000 loss_kl_raw=1649186.5000
[eval] adapter_cls=BayesPaperAdapter
[eval] raw_logits_shape=(10, 256, 101)
[eval] reduced_logits_shape=(256, 101)
[Epoch 250] lr=0.006699 train_loss=0.0449 loss_reg=0.0265 val_acc=0.8440 val_nlpd=0.5798 val_ece=0.0190 kl_weight=0.000000 loss_kl_raw=1649265.8750
[eval] adapter_cls=BayesPaperAdapter
[eval] raw_logits_shape=(10, 256, 101)
[eval] reduced_logits_shape=(256, 101)
[Epoch 251] lr=0.006439 train_loss=0.0450 loss_reg=0.0266 val_acc=0.8462 val_nlpd=0.5803 val_ece=0.0232 kl_weight=0.000000 loss_kl_raw=1649353.3750
[eval] adapter_cls=BayesPaperAdapter
[eval] raw_logits_shape=(10, 256, 101)
[eval] reduced_logits_shape=(256, 101)
[Epoch 252] lr=0.006185 train_loss=0.0450 loss_reg=0.0267 val_acc=0.8472 val_nlpd=0.5790 val_ece=0.0221 kl_weight=0.000000 loss_kl_raw=1649445.2500
[eval] adapter_cls=BayesPaperAdapter
[eval] raw_logits_shape=(10, 256, 101)
[eval] reduced_logits_shape=(256, 101)
[Epoch 253] lr=0.005935 train_loss=0.0453 loss_reg=0.0268 val_acc=0.8472 val_nlpd=0.5792 val_ece=0.0217 kl_weight=0.000000 loss_kl_raw=1649530.5000
[eval] adapter_cls=BayesPaperAdapter
[eval] raw_logits_shape=(10, 256, 101)
[eval] reduced_logits_shape=(256, 101)
[Epoch 254] lr=0.005690 train_loss=0.0453 loss_reg=0.0269 val_acc=0.8462 val_nlpd=0.5792 val_ece=0.0197 kl_weight=0.000000 loss_kl_raw=1649621.1250
[eval] adapter_cls=BayesPaperAdapter
[eval] raw_logits_shape=(10, 256, 101)
[eval] reduced_logits_shape=(256, 101)
[Epoch 255] lr=0.005450 train_loss=0.0454 loss_reg=0.0270 val_acc=0.8467 val_nlpd=0.5799 val_ece=0.0223 kl_weight=0.000000 loss_kl_raw=1649689.3750
[eval] adapter_cls=BayesPaperAdapter
[eval] raw_logits_shape=(10, 256, 101)
[eval] reduced_logits_shape=(256, 101)
[Epoch 256] lr=0.005214 train_loss=0.0455 loss_reg=0.0271 val_acc=0.8467 val_nlpd=0.5781 val_ece=0.0206 kl_weight=0.000000 loss_kl_raw=1649757.3750
[eval] adapter_cls=BayesPaperAdapter
[eval] raw_logits_shape=(10, 256, 101)
[eval] reduced_logits_shape=(256, 101)
[Epoch 257] lr=0.004984 train_loss=0.0456 loss_reg=0.0272 val_acc=0.8483 val_nlpd=0.5805 val_ece=0.0220 kl_weight=0.000000 loss_kl_raw=1649824.6250
[eval] adapter_cls=BayesPaperAdapter
[eval] raw_logits_shape=(10, 256, 101)
[eval] reduced_logits_shape=(256, 101)
[Epoch 258] lr=0.004759 train_loss=0.0457 loss_reg=0.0273 val_acc=0.8467 val_nlpd=0.5797 val_ece=0.0235 kl_weight=0.000000 loss_kl_raw=1649876.3750
[eval] adapter_cls=BayesPaperAdapter
[eval] raw_logits_shape=(10, 256, 101)
[eval] reduced_logits_shape=(256, 101)
[Epoch 259] lr=0.004538 train_loss=0.0460 loss_reg=0.0274 val_acc=0.8462 val_nlpd=0.5795 val_ece=0.0220 kl_weight=0.000000 loss_kl_raw=1649920.5000
[eval] adapter_cls=BayesPaperAdapter
[eval] raw_logits_shape=(10, 256, 101)
[eval] reduced_logits_shape=(256, 101)
[Epoch 260] lr=0.004323 train_loss=0.0462 loss_reg=0.0275 val_acc=0.8456 val_nlpd=0.5803 val_ece=0.0212 kl_weight=0.000000 loss_kl_raw=1649959.8750
[eval] adapter_cls=BayesPaperAdapter
[eval] raw_logits_shape=(10, 256, 101)
[eval] reduced_logits_shape=(256, 101)
[Epoch 261] lr=0.004112 train_loss=0.0460 loss_reg=0.0277 val_acc=0.8467 val_nlpd=0.5809 val_ece=0.0215 kl_weight=0.000000 loss_kl_raw=1650009.7500
[eval] adapter_cls=BayesPaperAdapter
[eval] raw_logits_shape=(10, 256, 101)
[eval] reduced_logits_shape=(256, 101)
[Epoch 262] lr=0.003907 train_loss=0.0461 loss_reg=0.0278 val_acc=0.8467 val_nlpd=0.5786 val_ece=0.0209 kl_weight=0.000000 loss_kl_raw=1650053.3750
[eval] adapter_cls=BayesPaperAdapter
[eval] raw_logits_shape=(10, 256, 101)
[eval] reduced_logits_shape=(256, 101)
[Epoch 263] lr=0.003706 train_loss=0.0464 loss_reg=0.0279 val_acc=0.8483 val_nlpd=0.5780 val_ece=0.0261 kl_weight=0.000000 loss_kl_raw=1650093.5000
[eval] adapter_cls=BayesPaperAdapter
[eval] raw_logits_shape=(10, 256, 101)
[eval] reduced_logits_shape=(256, 101)
[Epoch 264] lr=0.003511 train_loss=0.0464 loss_reg=0.0280 val_acc=0.8472 val_nlpd=0.5801 val_ece=0.0220 kl_weight=0.000000 loss_kl_raw=1650131.2500
[eval] adapter_cls=BayesPaperAdapter
[eval] raw_logits_shape=(10, 256, 101)
[eval] reduced_logits_shape=(256, 101)
[Epoch 265] lr=0.003321 train_loss=0.0465 loss_reg=0.0281 val_acc=0.8446 val_nlpd=0.5790 val_ece=0.0231 kl_weight=0.000000 loss_kl_raw=1650172.6250
[eval] adapter_cls=BayesPaperAdapter
[eval] raw_logits_shape=(10, 256, 101)
[eval] reduced_logits_shape=(256, 101)
[Epoch 266] lr=0.003136 train_loss=0.0466 loss_reg=0.0282 val_acc=0.8477 val_nlpd=0.5786 val_ece=0.0248 kl_weight=0.000000 loss_kl_raw=1650206.2500
[eval] adapter_cls=BayesPaperAdapter
[eval] raw_logits_shape=(10, 256, 101)
[eval] reduced_logits_shape=(256, 101)
[Epoch 267] lr=0.002956 train_loss=0.0467 loss_reg=0.0283 val_acc=0.8462 val_nlpd=0.5793 val_ece=0.0237 kl_weight=0.000000 loss_kl_raw=1650239.3750
[eval] adapter_cls=BayesPaperAdapter
[eval] raw_logits_shape=(10, 256, 101)
[eval] reduced_logits_shape=(256, 101)
[Epoch 268] lr=0.002781 train_loss=0.0468 loss_reg=0.0284 val_acc=0.8467 val_nlpd=0.5783 val_ece=0.0220 kl_weight=0.000000 loss_kl_raw=1650269.0000
[eval] adapter_cls=BayesPaperAdapter
[eval] raw_logits_shape=(10, 256, 101)
[eval] reduced_logits_shape=(256, 101)
[Epoch 269] lr=0.002612 train_loss=0.0470 loss_reg=0.0285 val_acc=0.8467 val_nlpd=0.5788 val_ece=0.0223 kl_weight=0.000000 loss_kl_raw=1650297.7500
[eval] adapter_cls=BayesPaperAdapter
[eval] raw_logits_shape=(10, 256, 101)
[eval] reduced_logits_shape=(256, 101)
[Epoch 270] lr=0.002447 train_loss=0.0470 loss_reg=0.0286 val_acc=0.8467 val_nlpd=0.5789 val_ece=0.0236 kl_weight=0.000000 loss_kl_raw=1650323.6250
[eval] adapter_cls=BayesPaperAdapter
[eval] raw_logits_shape=(10, 256, 101)
[eval] reduced_logits_shape=(256, 101)
[Epoch 271] lr=0.002288 train_loss=0.0471 loss_reg=0.0287 val_acc=0.8456 val_nlpd=0.5787 val_ece=0.0224 kl_weight=0.000000 loss_kl_raw=1650349.5000
[eval] adapter_cls=BayesPaperAdapter
[eval] raw_logits_shape=(10, 256, 101)
[eval] reduced_logits_shape=(256, 101)
[Epoch 272] lr=0.002134 train_loss=0.0472 loss_reg=0.0288 val_acc=0.8472 val_nlpd=0.5783 val_ece=0.0234 kl_weight=0.000000 loss_kl_raw=1650378.8750
[eval] adapter_cls=BayesPaperAdapter
[eval] raw_logits_shape=(10, 256, 101)
[eval] reduced_logits_shape=(256, 101)
[Epoch 273] lr=0.001985 train_loss=0.0474 loss_reg=0.0289 val_acc=0.8462 val_nlpd=0.5802 val_ece=0.0243 kl_weight=0.000000 loss_kl_raw=1650402.6250
[eval] adapter_cls=BayesPaperAdapter
[eval] raw_logits_shape=(10, 256, 101)
[eval] reduced_logits_shape=(256, 101)
[Epoch 274] lr=0.001842 train_loss=0.0475 loss_reg=0.0290 val_acc=0.8467 val_nlpd=0.5803 val_ece=0.0267 kl_weight=0.000000 loss_kl_raw=1650421.1250
[eval] adapter_cls=BayesPaperAdapter
[eval] raw_logits_shape=(10, 256, 101)
[eval] reduced_logits_shape=(256, 101)
[Epoch 275] lr=0.001704 train_loss=0.0476 loss_reg=0.0291 val_acc=0.8456 val_nlpd=0.5776 val_ece=0.0227 kl_weight=0.000000 loss_kl_raw=1650442.3750
[eval] adapter_cls=BayesPaperAdapter
[eval] raw_logits_shape=(10, 256, 101)
[eval] reduced_logits_shape=(256, 101)
[Epoch 276] lr=0.001571 train_loss=0.0476 loss_reg=0.0293 val_acc=0.8451 val_nlpd=0.5792 val_ece=0.0246 kl_weight=0.000000 loss_kl_raw=1650458.5000
[eval] adapter_cls=BayesPaperAdapter
[eval] raw_logits_shape=(10, 256, 101)
[eval] reduced_logits_shape=(256, 101)
[Epoch 277] lr=0.001443 train_loss=0.0477 loss_reg=0.0294 val_acc=0.8456 val_nlpd=0.5777 val_ece=0.0218 kl_weight=0.000000 loss_kl_raw=1650472.7500
[eval] adapter_cls=BayesPaperAdapter
[eval] raw_logits_shape=(10, 256, 101)
[eval] reduced_logits_shape=(256, 101)
[Epoch 278] lr=0.001321 train_loss=0.0479 loss_reg=0.0295 val_acc=0.8472 val_nlpd=0.5795 val_ece=0.0210 kl_weight=0.000000 loss_kl_raw=1650485.7500
[eval] adapter_cls=BayesPaperAdapter
[eval] raw_logits_shape=(10, 256, 101)
[eval] reduced_logits_shape=(256, 101)
[Epoch 279] lr=0.001204 train_loss=0.0478 loss_reg=0.0296 val_acc=0.8467 val_nlpd=0.5793 val_ece=0.0224 kl_weight=0.000000 loss_kl_raw=1650497.2500
[eval] adapter_cls=BayesPaperAdapter
[eval] raw_logits_shape=(10, 256, 101)
[eval] reduced_logits_shape=(256, 101)
[Epoch 280] lr=0.001093 train_loss=0.0480 loss_reg=0.0297 val_acc=0.8467 val_nlpd=0.5795 val_ece=0.0238 kl_weight=0.000000 loss_kl_raw=1650507.7500
[eval] adapter_cls=BayesPaperAdapter
[eval] raw_logits_shape=(10, 256, 101)
[eval] reduced_logits_shape=(256, 101)
[Epoch 281] lr=0.000986 train_loss=0.0482 loss_reg=0.0298 val_acc=0.8472 val_nlpd=0.5796 val_ece=0.0261 kl_weight=0.000000 loss_kl_raw=1650518.5000
[eval] adapter_cls=BayesPaperAdapter
[eval] raw_logits_shape=(10, 256, 101)
[eval] reduced_logits_shape=(256, 101)
[Epoch 282] lr=0.000886 train_loss=0.0483 loss_reg=0.0299 val_acc=0.8451 val_nlpd=0.5806 val_ece=0.0252 kl_weight=0.000000 loss_kl_raw=1650526.7500
[eval] adapter_cls=BayesPaperAdapter
[eval] raw_logits_shape=(10, 256, 101)
[eval] reduced_logits_shape=(256, 101)
[Epoch 283] lr=0.000790 train_loss=0.0484 loss_reg=0.0300 val_acc=0.8477 val_nlpd=0.5791 val_ece=0.0247 kl_weight=0.000000 loss_kl_raw=1650535.0000
[eval] adapter_cls=BayesPaperAdapter
[eval] raw_logits_shape=(10, 256, 101)
[eval] reduced_logits_shape=(256, 101)
[Epoch 284] lr=0.000700 train_loss=0.0485 loss_reg=0.0301 val_acc=0.8456 val_nlpd=0.5790 val_ece=0.0210 kl_weight=0.000000 loss_kl_raw=1650540.8750
[eval] adapter_cls=BayesPaperAdapter
[eval] raw_logits_shape=(10, 256, 101)
[eval] reduced_logits_shape=(256, 101)
[Epoch 285] lr=0.000616 train_loss=0.0487 loss_reg=0.0302 val_acc=0.8456 val_nlpd=0.5790 val_ece=0.0223 kl_weight=0.000000 loss_kl_raw=1650545.2500
[eval] adapter_cls=BayesPaperAdapter
[eval] raw_logits_shape=(10, 256, 101)
[eval] reduced_logits_shape=(256, 101)
[Epoch 286] lr=0.000536 train_loss=0.0487 loss_reg=0.0303 val_acc=0.8472 val_nlpd=0.5785 val_ece=0.0232 kl_weight=0.000000 loss_kl_raw=1650549.1250
[eval] adapter_cls=BayesPaperAdapter
[eval] raw_logits_shape=(10, 256, 101)
[eval] reduced_logits_shape=(256, 101)
[Epoch 287] lr=0.000463 train_loss=0.0488 loss_reg=0.0304 val_acc=0.8462 val_nlpd=0.5805 val_ece=0.0260 kl_weight=0.000000 loss_kl_raw=1650553.6250
[eval] adapter_cls=BayesPaperAdapter
[eval] raw_logits_shape=(10, 256, 101)
[eval] reduced_logits_shape=(256, 101)
[Epoch 288] lr=0.000394 train_loss=0.0489 loss_reg=0.0305 val_acc=0.8477 val_nlpd=0.5793 val_ece=0.0230 kl_weight=0.000000 loss_kl_raw=1650557.2500
[eval] adapter_cls=BayesPaperAdapter
[eval] raw_logits_shape=(10, 256, 101)
[eval] reduced_logits_shape=(256, 101)
[Epoch 289] lr=0.000331 train_loss=0.0491 loss_reg=0.0306 val_acc=0.8472 val_nlpd=0.5801 val_ece=0.0219 kl_weight=0.000000 loss_kl_raw=1650560.5000
[eval] adapter_cls=BayesPaperAdapter
[eval] raw_logits_shape=(10, 256, 101)
[eval] reduced_logits_shape=(256, 101)
[Epoch 290] lr=0.000274 train_loss=0.0492 loss_reg=0.0307 val_acc=0.8467 val_nlpd=0.5787 val_ece=0.0258 kl_weight=0.000000 loss_kl_raw=1650562.8750
[eval] adapter_cls=BayesPaperAdapter
[eval] raw_logits_shape=(10, 256, 101)
[eval] reduced_logits_shape=(256, 101)
[Epoch 291] lr=0.000222 train_loss=0.0492 loss_reg=0.0309 val_acc=0.8467 val_nlpd=0.5800 val_ece=0.0270 kl_weight=0.000000 loss_kl_raw=1650565.2500
[eval] adapter_cls=BayesPaperAdapter
[eval] raw_logits_shape=(10, 256, 101)
[eval] reduced_logits_shape=(256, 101)
[Epoch 292] lr=0.000175 train_loss=0.0494 loss_reg=0.0310 val_acc=0.8462 val_nlpd=0.5787 val_ece=0.0225 kl_weight=0.000000 loss_kl_raw=1650567.0000
[eval] adapter_cls=BayesPaperAdapter
[eval] raw_logits_shape=(10, 256, 101)
[eval] reduced_logits_shape=(256, 101)
[Epoch 293] lr=0.000134 train_loss=0.0495 loss_reg=0.0311 val_acc=0.8477 val_nlpd=0.5788 val_ece=0.0219 kl_weight=0.000000 loss_kl_raw=1650568.2500
[eval] adapter_cls=BayesPaperAdapter
[eval] raw_logits_shape=(10, 256, 101)
[eval] reduced_logits_shape=(256, 101)
[Epoch 294] lr=0.000099 train_loss=0.0494 loss_reg=0.0312 val_acc=0.8467 val_nlpd=0.5789 val_ece=0.0202 kl_weight=0.000000 loss_kl_raw=1650569.2500
[eval] adapter_cls=BayesPaperAdapter
[eval] raw_logits_shape=(10, 256, 101)
[eval] reduced_logits_shape=(256, 101)
[Epoch 295] lr=0.000069 train_loss=0.0496 loss_reg=0.0313 val_acc=0.8462 val_nlpd=0.5799 val_ece=0.0214 kl_weight=0.000000 loss_kl_raw=1650570.0000
[eval] adapter_cls=BayesPaperAdapter
[eval] raw_logits_shape=(10, 256, 101)
[eval] reduced_logits_shape=(256, 101)
[Epoch 296] lr=0.000044 train_loss=0.0499 loss_reg=0.0314 val_acc=0.8456 val_nlpd=0.5801 val_ece=0.0258 kl_weight=0.000000 loss_kl_raw=1650570.3750
[eval] adapter_cls=BayesPaperAdapter
[eval] raw_logits_shape=(10, 256, 101)
[eval] reduced_logits_shape=(256, 101)
[Epoch 297] lr=0.000025 train_loss=0.0499 loss_reg=0.0315 val_acc=0.8446 val_nlpd=0.5789 val_ece=0.0194 kl_weight=0.000000 loss_kl_raw=1650570.7500
[eval] adapter_cls=BayesPaperAdapter
[eval] raw_logits_shape=(10, 256, 101)
[eval] reduced_logits_shape=(256, 101)
[Epoch 298] lr=0.000011 train_loss=0.0499 loss_reg=0.0316 val_acc=0.8456 val_nlpd=0.5797 val_ece=0.0232 kl_weight=0.000000 loss_kl_raw=1650570.7500
[eval] adapter_cls=BayesPaperAdapter
[eval] raw_logits_shape=(10, 256, 101)
[eval] reduced_logits_shape=(256, 101)
[Epoch 299] lr=0.000003 train_loss=0.0500 loss_reg=0.0317 val_acc=0.8446 val_nlpd=0.5799 val_ece=0.0243 kl_weight=0.000000 loss_kl_raw=1650570.7500
[eval] adapter_cls=BayesPaperAdapter
[eval] raw_logits_shape=(10, 256, 101)
[eval] reduced_logits_shape=(256, 101)
[Epoch 300] lr=0.000000 train_loss=0.0502 loss_reg=0.0318 val_acc=0.8467 val_nlpd=0.5784 val_ece=0.0232 kl_weight=0.000000 loss_kl_raw=1650570.7500
[done] training complete:
{
  "family": "vlm_adapter",
  "variant": "BAYESADAPTER",
  "protocol": "id",
  "dataset": "ucf101",
  "seed": 2,
  "model_selection": "last",
  "selection_metric": "acc",
  "selection_mode": "max",
  "best_epoch": 178,
  "best_val_metrics_saved": {
    "loss": 0.5807099558405178,
    "acc": 0.8487882018089294,
    "nlpd": 0.579450786113739,
    "ece": 0.024944981560111046,
    "aece": 0.018930586202127037,
    "raw_cov_99": 0.3835616409778595,
    "sel_acc_99": 0.9890109896659851,
    "reliable_99": 0.0,
    "cov_99": 0.0,
    "class_cov_99": 0.0,
    "raw_cov_95": 0.5611169934272766,
    "sel_acc_95": 0.9812206625938416,
    "reliable_95": 1.0,
    "cov_95": 0.5611169934272766,
    "class_cov_95": 0.9603960396039604,
    "raw_cov_90": 0.6375131607055664,
    "sel_acc_90": 0.9719008207321167,
    "reliable_90": 1.0,
    "cov_90": 0.6375131607055664,
    "class_cov_90": 0.9900990099009901,
    "raw_cov_85": 0.6944151520729065,
    "sel_acc_85": 0.962063729763031,
    "reliable_85": 1.0,
    "cov_85": 0.6944151520729065,
    "class_cov_85": 0.9900990099009901,
    "raw_cov_80": 0.7360379099845886,
    "sel_acc_80": 0.9506084322929382,
    "reliable_80": 1.0,
    "cov_80": 0.7360379099845886,
    "class_cov_80": 1.0
  },
  "last_epoch": 300,
  "last_val_metrics_saved": {
    "loss": 0.5795976134572567,
    "acc": 0.8466807007789612,
    "nlpd": 0.5783836245536804,
    "ece": 0.02324073389172554,
    "aece": 0.018073394910301875,
    "raw_cov_99": 0.3888303339481354,
    "sel_acc_99": 0.989159882068634,
    "reliable_99": 0.0,
    "cov_99": 0.0,
    "class_cov_99": 0.0,
    "raw_cov_95": 0.562170684337616,
    "sel_acc_95": 0.9803186655044556,
    "reliable_95": 1.0,
    "cov_95": 0.562170684337616,
    "class_cov_95": 0.9603960396039604,
    "raw_cov_90": 0.6396206617355347,
    "sel_acc_90": 0.9719933867454529,
    "reliable_90": 1.0,
    "cov_90": 0.6396206617355347,
    "class_cov_90": 0.9900990099009901,
    "raw_cov_85": 0.6970494985580444,
    "sel_acc_85": 0.9606953859329224,
    "reliable_85": 1.0,
    "cov_85": 0.6970494985580444,
    "class_cov_85": 0.9900990099009901,
    "raw_cov_80": 0.7365648150444031,
    "sel_acc_80": 0.95064377784729,
    "reliable_80": 1.0,
    "cov_80": 0.7365648150444031,
    "class_cov_80": 1.0
  },
  "run_dir": "/root/autodl-tmp/BayesVLM/output/vlm_adapter/id/ucf101/BAYESADAPTER/BAYESADAPTER/logit_scale_frozen/prior_text_only__seed_2__last/shot_8/seed_2",
  "elapsed_seconds": 32.94,
  "artifacts": {
    "log_file": "train/train.log",
    "config_file": "config/config.json",
    "class_names_file": "config/class_names.json",
    "metrics_csv_file": "train/metrics_history.csv",
    "best_ckpt_file": "checkpoints/best_adapter.pt",
    "last_ckpt_file": "checkpoints/last_adapter.pt"
  }
}
