[run] family=vlm_adapter
[run] variant=BAYESADAPTER
[run] protocol=id
[run] dataset=ucf101
[run] model=clip-base
[run] shots_per_class=2
[run] seed=3
[run] device=cuda
[run] run_dir=/root/autodl-tmp/BayesVLM/output/vlm_adapter/id/ucf101/BAYESADAPTER/BAYESADAPTER/logit_scale_frozen/prior_text_only__seed_3__last/shot_2/seed_3
[run] optimizer=sgd
[run] lr_scheduler=cosine
[run] model_selection=last
[note] pseudo_data_count=None retained only for explicit config parity.
[note] bayesadapter_covariance_mode=paper_scalar
[note] bayesadapter_text_only_run_dir=./output/text_only_bayes_coop_bayes/id/ucf101/logit_scale_frozen/shot_2/seed_3
[note] bayesadapter_text_only_ckpt=last
===== train =====
num_classes: 101
  0 | Apply_Eye_Makeup          | 2
  1 | Apply_Lipstick            | 2
  2 | Archery                   | 2
  3 | Baby_Crawling             | 2
  4 | Balance_Beam              | 2
  5 | Band_Marching             | 2
  6 | Baseball_Pitch            | 2
  7 | Basketball                | 2
  8 | Basketball_Dunk           | 2
  9 | Bench_Press               | 2
 10 | Biking                    | 2
 11 | Billiards                 | 2
 12 | Blow_Dry_Hair             | 2
 13 | Blowing_Candles           | 2
 14 | Body_Weight_Squats        | 2
 15 | Bowling                   | 2
 16 | Boxing_Punching_Bag       | 2
 17 | Boxing_Speed_Bag          | 2
 18 | Breast_Stroke             | 2
 19 | Brushing_Teeth            | 2
 20 | Clean_And_Jerk            | 2
 21 | Cliff_Diving              | 2
 22 | Cricket_Bowling           | 2
 23 | Cricket_Shot              | 2
 24 | Cutting_In_Kitchen        | 2
 25 | Diving                    | 2
 26 | Drumming                  | 2
 27 | Fencing                   | 2
 28 | Field_Hockey_Penalty      | 2
 29 | Floor_Gymnastics          | 2
 30 | Frisbee_Catch             | 2
 31 | Front_Crawl               | 2
 32 | Golf_Swing                | 2
 33 | Haircut                   | 2
 34 | Hammering                 | 2
 35 | Hammer_Throw              | 2
 36 | Handstand_Pushups         | 2
 37 | Handstand_Walking         | 2
 38 | Head_Massage              | 2
 39 | High_Jump                 | 2
 40 | Horse_Race                | 2
 41 | Horse_Riding              | 2
 42 | Hula_Hoop                 | 2
 43 | Ice_Dancing               | 2
 44 | Javelin_Throw             | 2
 45 | Juggling_Balls            | 2
 46 | Jumping_Jack              | 2
 47 | Jump_Rope                 | 2
 48 | Kayaking                  | 2
 49 | Knitting                  | 2
 50 | Long_Jump                 | 2
 51 | Lunges                    | 2
 52 | Military_Parade           | 2
 53 | Mixing                    | 2
 54 | Mopping_Floor             | 2
 55 | Nunchucks                 | 2
 56 | Parallel_Bars             | 2
 57 | Pizza_Tossing             | 2
 58 | Playing_Cello             | 2
 59 | Playing_Daf               | 2
 60 | Playing_Dhol              | 2
 61 | Playing_Flute             | 2
 62 | Playing_Guitar            | 2
 63 | Playing_Piano             | 2
 64 | Playing_Sitar             | 2
 65 | Playing_Tabla             | 2
 66 | Playing_Violin            | 2
 67 | Pole_Vault                | 2
 68 | Pommel_Horse              | 2
 69 | Pull_Ups                  | 2
 70 | Punch                     | 2
 71 | Push_Ups                  | 2
 72 | Rafting                   | 2
 73 | Rock_Climbing_Indoor      | 2
 74 | Rope_Climbing             | 2
 75 | Rowing                    | 2
 76 | Salsa_Spin                | 2
 77 | Shaving_Beard             | 2
 78 | Shotput                   | 2
 79 | Skate_Boarding            | 2
 80 | Skiing                    | 2
 81 | Skijet                    | 2
 82 | Sky_Diving                | 2
 83 | Soccer_Juggling           | 2
 84 | Soccer_Penalty            | 2
 85 | Still_Rings               | 2
 86 | Sumo_Wrestling            | 2
 87 | Surfing                   | 2
 88 | Swing                     | 2
 89 | Table_Tennis_Shot         | 2
 90 | Tai_Chi                   | 2
 91 | Tennis_Swing              | 2
 92 | Throw_Discus              | 2
 93 | Trampoline_Jumping        | 2
 94 | Typing                    | 2
 95 | Uneven_Bars               | 2
 96 | Volleyball_Spiking        | 2
 97 | Walking_With_Dog          | 2
 98 | Wall_Pushups              | 2
 99 | Writing_On_Board          | 2
100 | Yo_Yo                     | 2
===== test =====
num_classes: 101
  0 | Apply_Eye_Makeup          | 44
  1 | Apply_Lipstick            | 32
  2 | Archery                   | 41
  3 | Baby_Crawling             | 35
  4 | Balance_Beam              | 31
  5 | Band_Marching             | 43
  6 | Baseball_Pitch            | 43
  7 | Basketball                | 35
  8 | Basketball_Dunk           | 37
  9 | Bench_Press               | 48
 10 | Biking                    | 38
 11 | Billiards                 | 40
 12 | Blow_Dry_Hair             | 38
 13 | Blowing_Candles           | 33
 14 | Body_Weight_Squats        | 30
 15 | Bowling                   | 43
 16 | Boxing_Punching_Bag       | 49
 17 | Boxing_Speed_Bag          | 37
 18 | Breast_Stroke             | 28
 19 | Brushing_Teeth            | 36
 20 | Clean_And_Jerk            | 33
 21 | Cliff_Diving              | 39
 22 | Cricket_Bowling           | 36
 23 | Cricket_Shot              | 49
 24 | Cutting_In_Kitchen        | 33
 25 | Diving                    | 45
 26 | Drumming                  | 45
 27 | Fencing                   | 34
 28 | Field_Hockey_Penalty      | 40
 29 | Floor_Gymnastics          | 36
 30 | Frisbee_Catch             | 37
 31 | Front_Crawl               | 37
 32 | Golf_Swing                | 39
 33 | Haircut                   | 33
 34 | Hammering                 | 33
 35 | Hammer_Throw              | 45
 36 | Handstand_Pushups         | 28
 37 | Handstand_Walking         | 34
 38 | Head_Massage              | 41
 39 | High_Jump                 | 37
 40 | Horse_Race                | 35
 41 | Horse_Riding              | 49
 42 | Hula_Hoop                 | 34
 43 | Ice_Dancing               | 46
 44 | Javelin_Throw             | 31
 45 | Juggling_Balls            | 40
 46 | Jumping_Jack              | 37
 47 | Jump_Rope                 | 38
 48 | Kayaking                  | 36
 49 | Knitting                  | 34
 50 | Long_Jump                 | 39
 51 | Lunges                    | 37
 52 | Military_Parade           | 33
 53 | Mixing                    | 45
 54 | Mopping_Floor             | 34
 55 | Nunchucks                 | 35
 56 | Parallel_Bars             | 37
 57 | Pizza_Tossing             | 33
 58 | Playing_Cello             | 44
 59 | Playing_Daf               | 41
 60 | Playing_Dhol              | 49
 61 | Playing_Flute             | 48
 62 | Playing_Guitar            | 43
 63 | Playing_Piano             | 28
 64 | Playing_Sitar             | 44
 65 | Playing_Tabla             | 31
 66 | Playing_Violin            | 28
 67 | Pole_Vault                | 40
 68 | Pommel_Horse              | 35
 69 | Pull_Ups                  | 28
 70 | Punch                     | 39
 71 | Push_Ups                  | 30
 72 | Rafting                   | 28
 73 | Rock_Climbing_Indoor      | 41
 74 | Rope_Climbing             | 34
 75 | Rowing                    | 36
 76 | Salsa_Spin                | 43
 77 | Shaving_Beard             | 43
 78 | Shotput                   | 46
 79 | Skate_Boarding            | 32
 80 | Skiing                    | 40
 81 | Skijet                    | 28
 82 | Sky_Diving                | 31
 83 | Soccer_Juggling           | 39
 84 | Soccer_Penalty            | 41
 85 | Still_Rings               | 32
 86 | Sumo_Wrestling            | 34
 87 | Surfing                   | 33
 88 | Swing                     | 42
 89 | Table_Tennis_Shot         | 39
 90 | Tai_Chi                   | 28
 91 | Tennis_Swing              | 49
 92 | Throw_Discus              | 38
 93 | Trampoline_Jumping        | 32
 94 | Typing                    | 43
 95 | Uneven_Bars               | 28
 96 | Volleyball_Spiking        | 35
 97 | Walking_With_Dog          | 36
 98 | Wall_Pushups              | 35
 99 | Writing_On_Board          | 45
100 | Yo_Yo                     | 36
[load_model] 使用本地模型目录：/root/autodl-tmp/BayesVLM/models/clip-vit-b32
[cache] dataset=ucf101 split=id_train cache_dir=/root/autodl-tmp/BayesVLM/cache/image_features/ucf101/model_clip-base/weights__root_autodl-tmp_BayesVLM_models_clip-vit-b32/imgsz_224/tfm_cf4d0ebdf93a/id_train
[cache] manifest 不匹配，准备重建。
[cache] manifest_diff_keys=['sample_keys_sha256']
[cache]   sample_keys_sha256: current=8c2cc093ecac2202423d095f660d0a563bc2a9339901f5e0baf4d0850324f3df | expected=d727b1ae1dd19f71646da6654e96fc6c262031b682d6c99a03ebd74392d713d7
  0%|          | 0/1 [00:00<?, ?it/s]100%|##########| 1/1 [00:00<00:00,  1.16it/s]100%|##########| 1/1 [00:00<00:00,  1.16it/s]
[cache] 已完成重建并写入 manifest。
[cache] dataset=ucf101 split=id_train_eval cache_dir=/root/autodl-tmp/BayesVLM/cache/image_features/ucf101/model_clip-base/weights__root_autodl-tmp_BayesVLM_models_clip-vit-b32/imgsz_224/tfm_cf4d0ebdf93a/id_train_eval
[cache] manifest 不匹配，准备重建。
[cache] manifest_diff_keys=['sample_keys_sha256']
[cache]   sample_keys_sha256: current=8c2cc093ecac2202423d095f660d0a563bc2a9339901f5e0baf4d0850324f3df | expected=d727b1ae1dd19f71646da6654e96fc6c262031b682d6c99a03ebd74392d713d7
  0%|          | 0/1 [00:00<?, ?it/s]100%|##########| 1/1 [00:00<00:00,  1.08it/s]100%|##########| 1/1 [00:00<00:00,  1.08it/s]
[cache] 已完成重建并写入 manifest。
[cache] dataset=ucf101 split=id_val cache_dir=/root/autodl-tmp/BayesVLM/cache/image_features/ucf101/model_clip-base/weights__root_autodl-tmp_BayesVLM_models_clip-vit-b32/imgsz_224/tfm_cf4d0ebdf93a/id_val
[cache] 命中缓存，直接加载。
[cache] dataset=ucf101 split=id_test cache_dir=/root/autodl-tmp/BayesVLM/cache/image_features/ucf101/model_clip-base/weights__root_autodl-tmp_BayesVLM_models_clip-vit-b32/imgsz_224/tfm_cf4d0ebdf93a/id_test
[cache] 命中缓存，直接加载。
[train] starting training loop ...
[eval] adapter_cls=BayesPaperAdapter
[eval] raw_logits_shape=(10, 256, 101)
[eval] reduced_logits_shape=(256, 101)
[Epoch 001] lr=0.099997 train_loss=1.3602 loss_reg=0.0000 val_acc=0.6496 val_nlpd=1.3219 val_ece=0.1003 kl_weight=0.000000 loss_kl_raw=51712.0000
[eval] adapter_cls=BayesPaperAdapter
[eval] raw_logits_shape=(10, 256, 101)
[eval] reduced_logits_shape=(256, 101)
[Epoch 002] lr=0.099989 train_loss=1.3213 loss_reg=0.0000 val_acc=0.6565 val_nlpd=1.2924 val_ece=0.0938 kl_weight=0.000000 loss_kl_raw=51745.0859
[eval] adapter_cls=BayesPaperAdapter
[eval] raw_logits_shape=(10, 256, 101)
[eval] reduced_logits_shape=(256, 101)
[Epoch 003] lr=0.099975 train_loss=1.2673 loss_reg=0.0000 val_acc=0.6649 val_nlpd=1.2558 val_ece=0.0839 kl_weight=0.000000 loss_kl_raw=51984.0234
[eval] adapter_cls=BayesPaperAdapter
[eval] raw_logits_shape=(10, 256, 101)
[eval] reduced_logits_shape=(256, 101)
[Epoch 004] lr=0.099956 train_loss=1.1916 loss_reg=0.0000 val_acc=0.6712 val_nlpd=1.2135 val_ece=0.0785 kl_weight=0.000000 loss_kl_raw=52699.5469
[eval] adapter_cls=BayesPaperAdapter
[eval] raw_logits_shape=(10, 256, 101)
[eval] reduced_logits_shape=(256, 101)
[Epoch 005] lr=0.099931 train_loss=1.1029 loss_reg=0.0000 val_acc=0.6765 val_nlpd=1.1767 val_ece=0.0729 kl_weight=0.000000 loss_kl_raw=54191.2539
[eval] adapter_cls=BayesPaperAdapter
[eval] raw_logits_shape=(10, 256, 101)
[eval] reduced_logits_shape=(256, 101)
[Epoch 006] lr=0.099901 train_loss=1.0180 loss_reg=0.0000 val_acc=0.6812 val_nlpd=1.1423 val_ece=0.0694 kl_weight=0.000000 loss_kl_raw=56709.0195
[eval] adapter_cls=BayesPaperAdapter
[eval] raw_logits_shape=(10, 256, 101)
[eval] reduced_logits_shape=(256, 101)
[Epoch 007] lr=0.099866 train_loss=0.9329 loss_reg=0.0000 val_acc=0.6849 val_nlpd=1.1191 val_ece=0.0662 kl_weight=0.000000 loss_kl_raw=60423.1328
[eval] adapter_cls=BayesPaperAdapter
[eval] raw_logits_shape=(10, 256, 101)
[eval] reduced_logits_shape=(256, 101)
[Epoch 008] lr=0.099825 train_loss=0.8556 loss_reg=0.0000 val_acc=0.6897 val_nlpd=1.1002 val_ece=0.0625 kl_weight=0.000000 loss_kl_raw=65394.8945
[eval] adapter_cls=BayesPaperAdapter
[eval] raw_logits_shape=(10, 256, 101)
[eval] reduced_logits_shape=(256, 101)
[Epoch 009] lr=0.099778 train_loss=0.7911 loss_reg=0.0000 val_acc=0.6944 val_nlpd=1.0864 val_ece=0.0584 kl_weight=0.000000 loss_kl_raw=71609.2188
[eval] adapter_cls=BayesPaperAdapter
[eval] raw_logits_shape=(10, 256, 101)
[eval] reduced_logits_shape=(256, 101)
[Epoch 010] lr=0.099726 train_loss=0.7289 loss_reg=0.0000 val_acc=0.6955 val_nlpd=1.0727 val_ece=0.0589 kl_weight=0.000000 loss_kl_raw=78956.9844
[eval] adapter_cls=BayesPaperAdapter
[eval] raw_logits_shape=(10, 256, 101)
[eval] reduced_logits_shape=(256, 101)
[Epoch 011] lr=0.099669 train_loss=0.6750 loss_reg=0.0001 val_acc=0.6992 val_nlpd=1.0608 val_ece=0.0559 kl_weight=0.000000 loss_kl_raw=87309.0938
[eval] adapter_cls=BayesPaperAdapter
[eval] raw_logits_shape=(10, 256, 101)
[eval] reduced_logits_shape=(256, 101)
[Epoch 012] lr=0.099606 train_loss=0.6191 loss_reg=0.0001 val_acc=0.7007 val_nlpd=1.0508 val_ece=0.0553 kl_weight=0.000000 loss_kl_raw=96494.7812
[eval] adapter_cls=BayesPaperAdapter
[eval] raw_logits_shape=(10, 256, 101)
[eval] reduced_logits_shape=(256, 101)
[Epoch 013] lr=0.099537 train_loss=0.5708 loss_reg=0.0001 val_acc=0.7050 val_nlpd=1.0376 val_ece=0.0508 kl_weight=0.000000 loss_kl_raw=106394.1797
[eval] adapter_cls=BayesPaperAdapter
[eval] raw_logits_shape=(10, 256, 101)
[eval] reduced_logits_shape=(256, 101)
[Epoch 014] lr=0.099464 train_loss=0.5177 loss_reg=0.0001 val_acc=0.7060 val_nlpd=1.0243 val_ece=0.0503 kl_weight=0.000000 loss_kl_raw=116904.8438
[eval] adapter_cls=BayesPaperAdapter
[eval] raw_logits_shape=(10, 256, 101)
[eval] reduced_logits_shape=(256, 101)
[Epoch 015] lr=0.099384 train_loss=0.4679 loss_reg=0.0001 val_acc=0.7107 val_nlpd=1.0107 val_ece=0.0462 kl_weight=0.000000 loss_kl_raw=127955.6250
[eval] adapter_cls=BayesPaperAdapter
[eval] raw_logits_shape=(10, 256, 101)
[eval] reduced_logits_shape=(256, 101)
[Epoch 016] lr=0.099300 train_loss=0.4242 loss_reg=0.0001 val_acc=0.7160 val_nlpd=0.9984 val_ece=0.0420 kl_weight=0.000000 loss_kl_raw=139516.1719
[eval] adapter_cls=BayesPaperAdapter
[eval] raw_logits_shape=(10, 256, 101)
[eval] reduced_logits_shape=(256, 101)
[Epoch 017] lr=0.099210 train_loss=0.3790 loss_reg=0.0002 val_acc=0.7171 val_nlpd=0.9936 val_ece=0.0415 kl_weight=0.000000 loss_kl_raw=151533.6875
[eval] adapter_cls=BayesPaperAdapter
[eval] raw_logits_shape=(10, 256, 101)
[eval] reduced_logits_shape=(256, 101)
[Epoch 018] lr=0.099114 train_loss=0.3406 loss_reg=0.0002 val_acc=0.7171 val_nlpd=0.9789 val_ece=0.0435 kl_weight=0.000000 loss_kl_raw=163955.8281
[eval] adapter_cls=BayesPaperAdapter
[eval] raw_logits_shape=(10, 256, 101)
[eval] reduced_logits_shape=(256, 101)
[Epoch 019] lr=0.099014 train_loss=0.3038 loss_reg=0.0002 val_acc=0.7234 val_nlpd=0.9721 val_ece=0.0401 kl_weight=0.000000 loss_kl_raw=176732.7500
[eval] adapter_cls=BayesPaperAdapter
[eval] raw_logits_shape=(10, 256, 101)
[eval] reduced_logits_shape=(256, 101)
[Epoch 020] lr=0.098907 train_loss=0.2688 loss_reg=0.0002 val_acc=0.7260 val_nlpd=0.9634 val_ece=0.0382 kl_weight=0.000000 loss_kl_raw=189787.0469
[eval] adapter_cls=BayesPaperAdapter
[eval] raw_logits_shape=(10, 256, 101)
[eval] reduced_logits_shape=(256, 101)
[Epoch 021] lr=0.098796 train_loss=0.2413 loss_reg=0.0003 val_acc=0.7260 val_nlpd=0.9596 val_ece=0.0417 kl_weight=0.000000 loss_kl_raw=203053.0938
[eval] adapter_cls=BayesPaperAdapter
[eval] raw_logits_shape=(10, 256, 101)
[eval] reduced_logits_shape=(256, 101)
[Epoch 022] lr=0.098679 train_loss=0.2139 loss_reg=0.0003 val_acc=0.7287 val_nlpd=0.9531 val_ece=0.0401 kl_weight=0.000000 loss_kl_raw=216456.7500
[eval] adapter_cls=BayesPaperAdapter
[eval] raw_logits_shape=(10, 256, 101)
[eval] reduced_logits_shape=(256, 101)
[Epoch 023] lr=0.098557 train_loss=0.1919 loss_reg=0.0003 val_acc=0.7318 val_nlpd=0.9493 val_ece=0.0386 kl_weight=0.000000 loss_kl_raw=229911.9219
[eval] adapter_cls=BayesPaperAdapter
[eval] raw_logits_shape=(10, 256, 101)
[eval] reduced_logits_shape=(256, 101)
[Epoch 024] lr=0.098429 train_loss=0.1740 loss_reg=0.0004 val_acc=0.7329 val_nlpd=0.9453 val_ece=0.0394 kl_weight=0.000000 loss_kl_raw=243333.8594
[eval] adapter_cls=BayesPaperAdapter
[eval] raw_logits_shape=(10, 256, 101)
[eval] reduced_logits_shape=(256, 101)
[Epoch 025] lr=0.098296 train_loss=0.1545 loss_reg=0.0004 val_acc=0.7355 val_nlpd=0.9418 val_ece=0.0378 kl_weight=0.000000 loss_kl_raw=256653.4688
[eval] adapter_cls=BayesPaperAdapter
[eval] raw_logits_shape=(10, 256, 101)
[eval] reduced_logits_shape=(256, 101)
[Epoch 026] lr=0.098158 train_loss=0.1412 loss_reg=0.0004 val_acc=0.7360 val_nlpd=0.9382 val_ece=0.0386 kl_weight=0.000000 loss_kl_raw=269799.9062
[eval] adapter_cls=BayesPaperAdapter
[eval] raw_logits_shape=(10, 256, 101)
[eval] reduced_logits_shape=(256, 101)
[Epoch 027] lr=0.098015 train_loss=0.1282 loss_reg=0.0005 val_acc=0.7329 val_nlpd=0.9357 val_ece=0.0432 kl_weight=0.000000 loss_kl_raw=282714.4688
[eval] adapter_cls=BayesPaperAdapter
[eval] raw_logits_shape=(10, 256, 101)
[eval] reduced_logits_shape=(256, 101)
[Epoch 028] lr=0.097866 train_loss=0.1164 loss_reg=0.0005 val_acc=0.7387 val_nlpd=0.9321 val_ece=0.0389 kl_weight=0.000000 loss_kl_raw=295320.4375
[eval] adapter_cls=BayesPaperAdapter
[eval] raw_logits_shape=(10, 256, 101)
[eval] reduced_logits_shape=(256, 101)
[Epoch 029] lr=0.097712 train_loss=0.1074 loss_reg=0.0006 val_acc=0.7392 val_nlpd=0.9318 val_ece=0.0405 kl_weight=0.000000 loss_kl_raw=307582.0625
[eval] adapter_cls=BayesPaperAdapter
[eval] raw_logits_shape=(10, 256, 101)
[eval] reduced_logits_shape=(256, 101)
[Epoch 030] lr=0.097553 train_loss=0.0983 loss_reg=0.0006 val_acc=0.7418 val_nlpd=0.9286 val_ece=0.0388 kl_weight=0.000000 loss_kl_raw=319456.2188
[eval] adapter_cls=BayesPaperAdapter
[eval] raw_logits_shape=(10, 256, 101)
[eval] reduced_logits_shape=(256, 101)
[Epoch 031] lr=0.097388 train_loss=0.0906 loss_reg=0.0006 val_acc=0.7429 val_nlpd=0.9255 val_ece=0.0399 kl_weight=0.000000 loss_kl_raw=330906.6562
[eval] adapter_cls=BayesPaperAdapter
[eval] raw_logits_shape=(10, 256, 101)
[eval] reduced_logits_shape=(256, 101)
[Epoch 032] lr=0.097219 train_loss=0.0844 loss_reg=0.0007 val_acc=0.7434 val_nlpd=0.9223 val_ece=0.0403 kl_weight=0.000000 loss_kl_raw=341912.5625
[eval] adapter_cls=BayesPaperAdapter
[eval] raw_logits_shape=(10, 256, 101)
[eval] reduced_logits_shape=(256, 101)
[Epoch 033] lr=0.097044 train_loss=0.0786 loss_reg=0.0007 val_acc=0.7476 val_nlpd=0.9218 val_ece=0.0376 kl_weight=0.000000 loss_kl_raw=352462.5000
[eval] adapter_cls=BayesPaperAdapter
[eval] raw_logits_shape=(10, 256, 101)
[eval] reduced_logits_shape=(256, 101)
[Epoch 034] lr=0.096864 train_loss=0.0735 loss_reg=0.0008 val_acc=0.7471 val_nlpd=0.9169 val_ece=0.0390 kl_weight=0.000000 loss_kl_raw=362546.5312
[eval] adapter_cls=BayesPaperAdapter
[eval] raw_logits_shape=(10, 256, 101)
[eval] reduced_logits_shape=(256, 101)
[Epoch 035] lr=0.096679 train_loss=0.0690 loss_reg=0.0008 val_acc=0.7471 val_nlpd=0.9141 val_ece=0.0404 kl_weight=0.000000 loss_kl_raw=372160.0312
[eval] adapter_cls=BayesPaperAdapter
[eval] raw_logits_shape=(10, 256, 101)
[eval] reduced_logits_shape=(256, 101)
[Epoch 036] lr=0.096489 train_loss=0.0654 loss_reg=0.0009 val_acc=0.7466 val_nlpd=0.9111 val_ece=0.0418 kl_weight=0.000000 loss_kl_raw=381315.9688
[eval] adapter_cls=BayesPaperAdapter
[eval] raw_logits_shape=(10, 256, 101)
[eval] reduced_logits_shape=(256, 101)
[Epoch 037] lr=0.096294 train_loss=0.0614 loss_reg=0.0009 val_acc=0.7471 val_nlpd=0.9096 val_ece=0.0419 kl_weight=0.000000 loss_kl_raw=390021.2500
[eval] adapter_cls=BayesPaperAdapter
[eval] raw_logits_shape=(10, 256, 101)
[eval] reduced_logits_shape=(256, 101)
[Epoch 038] lr=0.096093 train_loss=0.0586 loss_reg=0.0009 val_acc=0.7466 val_nlpd=0.9079 val_ece=0.0433 kl_weight=0.000000 loss_kl_raw=398287.8750
[eval] adapter_cls=BayesPaperAdapter
[eval] raw_logits_shape=(10, 256, 101)
[eval] reduced_logits_shape=(256, 101)
[Epoch 039] lr=0.095888 train_loss=0.0553 loss_reg=0.0010 val_acc=0.7487 val_nlpd=0.9051 val_ece=0.0425 kl_weight=0.000000 loss_kl_raw=406126.9688
[eval] adapter_cls=BayesPaperAdapter
[eval] raw_logits_shape=(10, 256, 101)
[eval] reduced_logits_shape=(256, 101)
[Epoch 040] lr=0.095677 train_loss=0.0530 loss_reg=0.0010 val_acc=0.7482 val_nlpd=0.9022 val_ece=0.0442 kl_weight=0.000000 loss_kl_raw=413558.2812
[eval] adapter_cls=BayesPaperAdapter
[eval] raw_logits_shape=(10, 256, 101)
[eval] reduced_logits_shape=(256, 101)
[Epoch 041] lr=0.095462 train_loss=0.0504 loss_reg=0.0011 val_acc=0.7482 val_nlpd=0.8989 val_ece=0.0446 kl_weight=0.000000 loss_kl_raw=420599.8125
[eval] adapter_cls=BayesPaperAdapter
[eval] raw_logits_shape=(10, 256, 101)
[eval] reduced_logits_shape=(256, 101)
[Epoch 042] lr=0.095241 train_loss=0.0489 loss_reg=0.0011 val_acc=0.7503 val_nlpd=0.8974 val_ece=0.0430 kl_weight=0.000000 loss_kl_raw=427272.7188
[eval] adapter_cls=BayesPaperAdapter
[eval] raw_logits_shape=(10, 256, 101)
[eval] reduced_logits_shape=(256, 101)
[Epoch 043] lr=0.095016 train_loss=0.0468 loss_reg=0.0012 val_acc=0.7518 val_nlpd=0.8936 val_ece=0.0424 kl_weight=0.000000 loss_kl_raw=433595.9062
[eval] adapter_cls=BayesPaperAdapter
[eval] raw_logits_shape=(10, 256, 101)
[eval] reduced_logits_shape=(256, 101)
[Epoch 044] lr=0.094786 train_loss=0.0449 loss_reg=0.0012 val_acc=0.7508 val_nlpd=0.8932 val_ece=0.0447 kl_weight=0.000000 loss_kl_raw=439585.5938
[eval] adapter_cls=BayesPaperAdapter
[eval] raw_logits_shape=(10, 256, 101)
[eval] reduced_logits_shape=(256, 101)
[Epoch 045] lr=0.094550 train_loss=0.0434 loss_reg=0.0013 val_acc=0.7518 val_nlpd=0.8921 val_ece=0.0439 kl_weight=0.000000 loss_kl_raw=445256.2812
[eval] adapter_cls=BayesPaperAdapter
[eval] raw_logits_shape=(10, 256, 101)
[eval] reduced_logits_shape=(256, 101)
[Epoch 046] lr=0.094310 train_loss=0.0422 loss_reg=0.0013 val_acc=0.7492 val_nlpd=0.8917 val_ece=0.0473 kl_weight=0.000000 loss_kl_raw=450628.6250
[eval] adapter_cls=BayesPaperAdapter
[eval] raw_logits_shape=(10, 256, 101)
[eval] reduced_logits_shape=(256, 101)
[Epoch 047] lr=0.094065 train_loss=0.0410 loss_reg=0.0014 val_acc=0.7508 val_nlpd=0.8885 val_ece=0.0463 kl_weight=0.000000 loss_kl_raw=455719.4375
[eval] adapter_cls=BayesPaperAdapter
[eval] raw_logits_shape=(10, 256, 101)
[eval] reduced_logits_shape=(256, 101)
[Epoch 048] lr=0.093815 train_loss=0.0400 loss_reg=0.0014 val_acc=0.7503 val_nlpd=0.8895 val_ece=0.0478 kl_weight=0.000000 loss_kl_raw=460550.8438
[eval] adapter_cls=BayesPaperAdapter
[eval] raw_logits_shape=(10, 256, 101)
[eval] reduced_logits_shape=(256, 101)
[Epoch 049] lr=0.093561 train_loss=0.0389 loss_reg=0.0014 val_acc=0.7508 val_nlpd=0.8886 val_ece=0.0471 kl_weight=0.000000 loss_kl_raw=465134.5625
[eval] adapter_cls=BayesPaperAdapter
[eval] raw_logits_shape=(10, 256, 101)
[eval] reduced_logits_shape=(256, 101)
[Epoch 050] lr=0.093301 train_loss=0.0381 loss_reg=0.0015 val_acc=0.7508 val_nlpd=0.8884 val_ece=0.0478 kl_weight=0.000000 loss_kl_raw=469489.2188
[eval] adapter_cls=BayesPaperAdapter
[eval] raw_logits_shape=(10, 256, 101)
[eval] reduced_logits_shape=(256, 101)
[Epoch 051] lr=0.093037 train_loss=0.0372 loss_reg=0.0015 val_acc=0.7529 val_nlpd=0.8869 val_ece=0.0466 kl_weight=0.000000 loss_kl_raw=473629.2188
[eval] adapter_cls=BayesPaperAdapter
[eval] raw_logits_shape=(10, 256, 101)
[eval] reduced_logits_shape=(256, 101)
[Epoch 052] lr=0.092768 train_loss=0.0362 loss_reg=0.0016 val_acc=0.7534 val_nlpd=0.8854 val_ece=0.0485 kl_weight=0.000000 loss_kl_raw=477567.9688
[eval] adapter_cls=BayesPaperAdapter
[eval] raw_logits_shape=(10, 256, 101)
[eval] reduced_logits_shape=(256, 101)
[Epoch 053] lr=0.092495 train_loss=0.0357 loss_reg=0.0016 val_acc=0.7518 val_nlpd=0.8841 val_ece=0.0485 kl_weight=0.000000 loss_kl_raw=481319.6250
[eval] adapter_cls=BayesPaperAdapter
[eval] raw_logits_shape=(10, 256, 101)
[eval] reduced_logits_shape=(256, 101)
[Epoch 054] lr=0.092216 train_loss=0.0348 loss_reg=0.0017 val_acc=0.7497 val_nlpd=0.8830 val_ece=0.0504 kl_weight=0.000000 loss_kl_raw=484895.8438
[eval] adapter_cls=BayesPaperAdapter
[eval] raw_logits_shape=(10, 256, 101)
[eval] reduced_logits_shape=(256, 101)
[Epoch 055] lr=0.091934 train_loss=0.0342 loss_reg=0.0017 val_acc=0.7513 val_nlpd=0.8853 val_ece=0.0493 kl_weight=0.000000 loss_kl_raw=488310.4062
[eval] adapter_cls=BayesPaperAdapter
[eval] raw_logits_shape=(10, 256, 101)
[eval] reduced_logits_shape=(256, 101)
[Epoch 056] lr=0.091646 train_loss=0.0334 loss_reg=0.0017 val_acc=0.7513 val_nlpd=0.8805 val_ece=0.0499 kl_weight=0.000000 loss_kl_raw=491574.5625
[eval] adapter_cls=BayesPaperAdapter
[eval] raw_logits_shape=(10, 256, 101)
[eval] reduced_logits_shape=(256, 101)
[Epoch 057] lr=0.091354 train_loss=0.0329 loss_reg=0.0018 val_acc=0.7513 val_nlpd=0.8802 val_ece=0.0500 kl_weight=0.000000 loss_kl_raw=494698.5000
[eval] adapter_cls=BayesPaperAdapter
[eval] raw_logits_shape=(10, 256, 101)
[eval] reduced_logits_shape=(256, 101)
[Epoch 058] lr=0.091057 train_loss=0.0325 loss_reg=0.0018 val_acc=0.7529 val_nlpd=0.8810 val_ece=0.0489 kl_weight=0.000000 loss_kl_raw=497687.6562
[eval] adapter_cls=BayesPaperAdapter
[eval] raw_logits_shape=(10, 256, 101)
[eval] reduced_logits_shape=(256, 101)
[Epoch 059] lr=0.090756 train_loss=0.0320 loss_reg=0.0019 val_acc=0.7513 val_nlpd=0.8807 val_ece=0.0509 kl_weight=0.000000 loss_kl_raw=500554.5312
[eval] adapter_cls=BayesPaperAdapter
[eval] raw_logits_shape=(10, 256, 101)
[eval] reduced_logits_shape=(256, 101)
[Epoch 060] lr=0.090451 train_loss=0.0315 loss_reg=0.0019 val_acc=0.7524 val_nlpd=0.8805 val_ece=0.0500 kl_weight=0.000000 loss_kl_raw=503309.6875
[eval] adapter_cls=BayesPaperAdapter
[eval] raw_logits_shape=(10, 256, 101)
[eval] reduced_logits_shape=(256, 101)
[Epoch 061] lr=0.090141 train_loss=0.0309 loss_reg=0.0020 val_acc=0.7545 val_nlpd=0.8792 val_ece=0.0485 kl_weight=0.000000 loss_kl_raw=505959.1250
[eval] adapter_cls=BayesPaperAdapter
[eval] raw_logits_shape=(10, 256, 101)
[eval] reduced_logits_shape=(256, 101)
[Epoch 062] lr=0.089826 train_loss=0.0306 loss_reg=0.0020 val_acc=0.7524 val_nlpd=0.8777 val_ece=0.0508 kl_weight=0.000000 loss_kl_raw=508510.1250
[eval] adapter_cls=BayesPaperAdapter
[eval] raw_logits_shape=(10, 256, 101)
[eval] reduced_logits_shape=(256, 101)
[Epoch 063] lr=0.089508 train_loss=0.0300 loss_reg=0.0020 val_acc=0.7534 val_nlpd=0.8782 val_ece=0.0500 kl_weight=0.000000 loss_kl_raw=510967.4375
[eval] adapter_cls=BayesPaperAdapter
[eval] raw_logits_shape=(10, 256, 101)
[eval] reduced_logits_shape=(256, 101)
[Epoch 064] lr=0.089185 train_loss=0.0301 loss_reg=0.0021 val_acc=0.7518 val_nlpd=0.8758 val_ece=0.0518 kl_weight=0.000000 loss_kl_raw=513338.0625
[eval] adapter_cls=BayesPaperAdapter
[eval] raw_logits_shape=(10, 256, 101)
[eval] reduced_logits_shape=(256, 101)
[Epoch 065] lr=0.088857 train_loss=0.0296 loss_reg=0.0021 val_acc=0.7561 val_nlpd=0.8772 val_ece=0.0476 kl_weight=0.000000 loss_kl_raw=515631.0625
[eval] adapter_cls=BayesPaperAdapter
[eval] raw_logits_shape=(10, 256, 101)
[eval] reduced_logits_shape=(256, 101)
[Epoch 066] lr=0.088526 train_loss=0.0294 loss_reg=0.0022 val_acc=0.7534 val_nlpd=0.8760 val_ece=0.0506 kl_weight=0.000000 loss_kl_raw=517849.8125
[eval] adapter_cls=BayesPaperAdapter
[eval] raw_logits_shape=(10, 256, 101)
[eval] reduced_logits_shape=(256, 101)
[Epoch 067] lr=0.088190 train_loss=0.0289 loss_reg=0.0022 val_acc=0.7529 val_nlpd=0.8738 val_ece=0.0511 kl_weight=0.000000 loss_kl_raw=520000.9375
[eval] adapter_cls=BayesPaperAdapter
[eval] raw_logits_shape=(10, 256, 101)
[eval] reduced_logits_shape=(256, 101)
[Epoch 068] lr=0.087850 train_loss=0.0285 loss_reg=0.0023 val_acc=0.7524 val_nlpd=0.8760 val_ece=0.0521 kl_weight=0.000000 loss_kl_raw=522085.7188
[eval] adapter_cls=BayesPaperAdapter
[eval] raw_logits_shape=(10, 256, 101)
[eval] reduced_logits_shape=(256, 101)
[Epoch 069] lr=0.087506 train_loss=0.0282 loss_reg=0.0023 val_acc=0.7540 val_nlpd=0.8746 val_ece=0.0509 kl_weight=0.000000 loss_kl_raw=524108.4062
[eval] adapter_cls=BayesPaperAdapter
[eval] raw_logits_shape=(10, 256, 101)
[eval] reduced_logits_shape=(256, 101)
[Epoch 070] lr=0.087157 train_loss=0.0280 loss_reg=0.0023 val_acc=0.7513 val_nlpd=0.8747 val_ece=0.0534 kl_weight=0.000000 loss_kl_raw=526074.2500
[eval] adapter_cls=BayesPaperAdapter
[eval] raw_logits_shape=(10, 256, 101)
[eval] reduced_logits_shape=(256, 101)
[Epoch 071] lr=0.086805 train_loss=0.0279 loss_reg=0.0024 val_acc=0.7529 val_nlpd=0.8734 val_ece=0.0522 kl_weight=0.000000 loss_kl_raw=527986.3750
[eval] adapter_cls=BayesPaperAdapter
[eval] raw_logits_shape=(10, 256, 101)
[eval] reduced_logits_shape=(256, 101)
[Epoch 072] lr=0.086448 train_loss=0.0275 loss_reg=0.0024 val_acc=0.7545 val_nlpd=0.8716 val_ece=0.0505 kl_weight=0.000000 loss_kl_raw=529847.8750
[eval] adapter_cls=BayesPaperAdapter
[eval] raw_logits_shape=(10, 256, 101)
[eval] reduced_logits_shape=(256, 101)
[Epoch 073] lr=0.086088 train_loss=0.0274 loss_reg=0.0025 val_acc=0.7529 val_nlpd=0.8738 val_ece=0.0524 kl_weight=0.000000 loss_kl_raw=531663.0625
[eval] adapter_cls=BayesPaperAdapter
[eval] raw_logits_shape=(10, 256, 101)
[eval] reduced_logits_shape=(256, 101)
[Epoch 074] lr=0.085724 train_loss=0.0273 loss_reg=0.0025 val_acc=0.7545 val_nlpd=0.8744 val_ece=0.0511 kl_weight=0.000000 loss_kl_raw=533432.5000
[eval] adapter_cls=BayesPaperAdapter
[eval] raw_logits_shape=(10, 256, 101)
[eval] reduced_logits_shape=(256, 101)
[Epoch 075] lr=0.085355 train_loss=0.0270 loss_reg=0.0026 val_acc=0.7550 val_nlpd=0.8701 val_ece=0.0507 kl_weight=0.000000 loss_kl_raw=535161.5625
[eval] adapter_cls=BayesPaperAdapter
[eval] raw_logits_shape=(10, 256, 101)
[eval] reduced_logits_shape=(256, 101)
[Epoch 076] lr=0.084983 train_loss=0.0265 loss_reg=0.0026 val_acc=0.7545 val_nlpd=0.8717 val_ece=0.0515 kl_weight=0.000000 loss_kl_raw=536851.8125
[eval] adapter_cls=BayesPaperAdapter
[eval] raw_logits_shape=(10, 256, 101)
[eval] reduced_logits_shape=(256, 101)
[Epoch 077] lr=0.084607 train_loss=0.0266 loss_reg=0.0026 val_acc=0.7561 val_nlpd=0.8702 val_ece=0.0499 kl_weight=0.000000 loss_kl_raw=538503.6875
[eval] adapter_cls=BayesPaperAdapter
[eval] raw_logits_shape=(10, 256, 101)
[eval] reduced_logits_shape=(256, 101)
[Epoch 078] lr=0.084227 train_loss=0.0262 loss_reg=0.0027 val_acc=0.7555 val_nlpd=0.8725 val_ece=0.0504 kl_weight=0.000000 loss_kl_raw=540119.1250
[eval] adapter_cls=BayesPaperAdapter
[eval] raw_logits_shape=(10, 256, 101)
[eval] reduced_logits_shape=(256, 101)
[Epoch 079] lr=0.083844 train_loss=0.0262 loss_reg=0.0027 val_acc=0.7534 val_nlpd=0.8677 val_ece=0.0527 kl_weight=0.000000 loss_kl_raw=541699.0625
[eval] adapter_cls=BayesPaperAdapter
[eval] raw_logits_shape=(10, 256, 101)
[eval] reduced_logits_shape=(256, 101)
[Epoch 080] lr=0.083457 train_loss=0.0260 loss_reg=0.0028 val_acc=0.7545 val_nlpd=0.8715 val_ece=0.0517 kl_weight=0.000000 loss_kl_raw=543246.6875
[eval] adapter_cls=BayesPaperAdapter
[eval] raw_logits_shape=(10, 256, 101)
[eval] reduced_logits_shape=(256, 101)
[Epoch 081] lr=0.083066 train_loss=0.0259 loss_reg=0.0028 val_acc=0.7561 val_nlpd=0.8683 val_ece=0.0503 kl_weight=0.000000 loss_kl_raw=544763.8750
[eval] adapter_cls=BayesPaperAdapter
[eval] raw_logits_shape=(10, 256, 101)
[eval] reduced_logits_shape=(256, 101)
[Epoch 082] lr=0.082671 train_loss=0.0256 loss_reg=0.0029 val_acc=0.7566 val_nlpd=0.8689 val_ece=0.0504 kl_weight=0.000000 loss_kl_raw=546251.3750
[eval] adapter_cls=BayesPaperAdapter
[eval] raw_logits_shape=(10, 256, 101)
[eval] reduced_logits_shape=(256, 101)
[Epoch 083] lr=0.082273 train_loss=0.0256 loss_reg=0.0029 val_acc=0.7555 val_nlpd=0.8671 val_ece=0.0509 kl_weight=0.000000 loss_kl_raw=547710.0000
[eval] adapter_cls=BayesPaperAdapter
[eval] raw_logits_shape=(10, 256, 101)
[eval] reduced_logits_shape=(256, 101)
[Epoch 084] lr=0.081871 train_loss=0.0254 loss_reg=0.0029 val_acc=0.7555 val_nlpd=0.8674 val_ece=0.0513 kl_weight=0.000000 loss_kl_raw=549142.6875
[eval] adapter_cls=BayesPaperAdapter
[eval] raw_logits_shape=(10, 256, 101)
[eval] reduced_logits_shape=(256, 101)
[Epoch 085] lr=0.081466 train_loss=0.0253 loss_reg=0.0030 val_acc=0.7555 val_nlpd=0.8659 val_ece=0.0516 kl_weight=0.000000 loss_kl_raw=550549.9375
[eval] adapter_cls=BayesPaperAdapter
[eval] raw_logits_shape=(10, 256, 101)
[eval] reduced_logits_shape=(256, 101)
[Epoch 086] lr=0.081057 train_loss=0.0251 loss_reg=0.0030 val_acc=0.7566 val_nlpd=0.8655 val_ece=0.0507 kl_weight=0.000000 loss_kl_raw=551932.0625
[eval] adapter_cls=BayesPaperAdapter
[eval] raw_logits_shape=(10, 256, 101)
[eval] reduced_logits_shape=(256, 101)
[Epoch 087] lr=0.080645 train_loss=0.0250 loss_reg=0.0031 val_acc=0.7576 val_nlpd=0.8653 val_ece=0.0497 kl_weight=0.000000 loss_kl_raw=553288.7500
[eval] adapter_cls=BayesPaperAdapter
[eval] raw_logits_shape=(10, 256, 101)
[eval] reduced_logits_shape=(256, 101)
[Epoch 088] lr=0.080230 train_loss=0.0248 loss_reg=0.0031 val_acc=0.7550 val_nlpd=0.8681 val_ece=0.0522 kl_weight=0.000000 loss_kl_raw=554620.7500
[eval] adapter_cls=BayesPaperAdapter
[eval] raw_logits_shape=(10, 256, 101)
[eval] reduced_logits_shape=(256, 101)
[Epoch 089] lr=0.079811 train_loss=0.0248 loss_reg=0.0032 val_acc=0.7566 val_nlpd=0.8659 val_ece=0.0508 kl_weight=0.000000 loss_kl_raw=555929.5000
[eval] adapter_cls=BayesPaperAdapter
[eval] raw_logits_shape=(10, 256, 101)
[eval] reduced_logits_shape=(256, 101)
[Epoch 090] lr=0.079389 train_loss=0.0247 loss_reg=0.0032 val_acc=0.7576 val_nlpd=0.8674 val_ece=0.0500 kl_weight=0.000000 loss_kl_raw=557219.1250
[eval] adapter_cls=BayesPaperAdapter
[eval] raw_logits_shape=(10, 256, 101)
[eval] reduced_logits_shape=(256, 101)
[Epoch 091] lr=0.078964 train_loss=0.0246 loss_reg=0.0032 val_acc=0.7582 val_nlpd=0.8629 val_ece=0.0499 kl_weight=0.000000 loss_kl_raw=558488.0000
[eval] adapter_cls=BayesPaperAdapter
[eval] raw_logits_shape=(10, 256, 101)
[eval] reduced_logits_shape=(256, 101)
[Epoch 092] lr=0.078536 train_loss=0.0245 loss_reg=0.0033 val_acc=0.7555 val_nlpd=0.8666 val_ece=0.0525 kl_weight=0.000000 loss_kl_raw=559736.6875
[eval] adapter_cls=BayesPaperAdapter
[eval] raw_logits_shape=(10, 256, 101)
[eval] reduced_logits_shape=(256, 101)
[Epoch 093] lr=0.078104 train_loss=0.0243 loss_reg=0.0033 val_acc=0.7561 val_nlpd=0.8655 val_ece=0.0518 kl_weight=0.000000 loss_kl_raw=560966.9375
[eval] adapter_cls=BayesPaperAdapter
[eval] raw_logits_shape=(10, 256, 101)
[eval] reduced_logits_shape=(256, 101)
[Epoch 094] lr=0.077670 train_loss=0.0240 loss_reg=0.0034 val_acc=0.7576 val_nlpd=0.8653 val_ece=0.0505 kl_weight=0.000000 loss_kl_raw=562177.1250
[eval] adapter_cls=BayesPaperAdapter
[eval] raw_logits_shape=(10, 256, 101)
[eval] reduced_logits_shape=(256, 101)
[Epoch 095] lr=0.077232 train_loss=0.0242 loss_reg=0.0034 val_acc=0.7582 val_nlpd=0.8653 val_ece=0.0502 kl_weight=0.000000 loss_kl_raw=563367.8750
[eval] adapter_cls=BayesPaperAdapter
[eval] raw_logits_shape=(10, 256, 101)
[eval] reduced_logits_shape=(256, 101)
[Epoch 096] lr=0.076791 train_loss=0.0239 loss_reg=0.0035 val_acc=0.7571 val_nlpd=0.8648 val_ece=0.0510 kl_weight=0.000000 loss_kl_raw=564540.5625
[eval] adapter_cls=BayesPaperAdapter
[eval] raw_logits_shape=(10, 256, 101)
[eval] reduced_logits_shape=(256, 101)
[Epoch 097] lr=0.076348 train_loss=0.0239 loss_reg=0.0035 val_acc=0.7561 val_nlpd=0.8638 val_ece=0.0527 kl_weight=0.000000 loss_kl_raw=565694.5000
[eval] adapter_cls=BayesPaperAdapter
[eval] raw_logits_shape=(10, 256, 101)
[eval] reduced_logits_shape=(256, 101)
[Epoch 098] lr=0.075901 train_loss=0.0238 loss_reg=0.0035 val_acc=0.7571 val_nlpd=0.8645 val_ece=0.0516 kl_weight=0.000000 loss_kl_raw=566830.5625
[eval] adapter_cls=BayesPaperAdapter
[eval] raw_logits_shape=(10, 256, 101)
[eval] reduced_logits_shape=(256, 101)
[Epoch 099] lr=0.075452 train_loss=0.0237 loss_reg=0.0036 val_acc=0.7561 val_nlpd=0.8651 val_ece=0.0523 kl_weight=0.000000 loss_kl_raw=567950.8750
[eval] adapter_cls=BayesPaperAdapter
[eval] raw_logits_shape=(10, 256, 101)
[eval] reduced_logits_shape=(256, 101)
[Epoch 100] lr=0.075000 train_loss=0.0236 loss_reg=0.0036 val_acc=0.7582 val_nlpd=0.8652 val_ece=0.0504 kl_weight=0.000000 loss_kl_raw=569055.1250
[eval] adapter_cls=BayesPaperAdapter
[eval] raw_logits_shape=(10, 256, 101)
[eval] reduced_logits_shape=(256, 101)
[Epoch 101] lr=0.074545 train_loss=0.0236 loss_reg=0.0037 val_acc=0.7571 val_nlpd=0.8661 val_ece=0.0518 kl_weight=0.000000 loss_kl_raw=570144.1875
[eval] adapter_cls=BayesPaperAdapter
[eval] raw_logits_shape=(10, 256, 101)
[eval] reduced_logits_shape=(256, 101)
[Epoch 102] lr=0.074088 train_loss=0.0235 loss_reg=0.0037 val_acc=0.7571 val_nlpd=0.8668 val_ece=0.0514 kl_weight=0.000000 loss_kl_raw=571217.9375
[eval] adapter_cls=BayesPaperAdapter
[eval] raw_logits_shape=(10, 256, 101)
[eval] reduced_logits_shape=(256, 101)
[Epoch 103] lr=0.073628 train_loss=0.0234 loss_reg=0.0038 val_acc=0.7582 val_nlpd=0.8645 val_ece=0.0507 kl_weight=0.000000 loss_kl_raw=572276.6875
[eval] adapter_cls=BayesPaperAdapter
[eval] raw_logits_shape=(10, 256, 101)
[eval] reduced_logits_shape=(256, 101)
[Epoch 104] lr=0.073165 train_loss=0.0233 loss_reg=0.0038 val_acc=0.7576 val_nlpd=0.8646 val_ece=0.0513 kl_weight=0.000000 loss_kl_raw=573320.0625
[eval] adapter_cls=BayesPaperAdapter
[eval] raw_logits_shape=(10, 256, 101)
[eval] reduced_logits_shape=(256, 101)
[Epoch 105] lr=0.072700 train_loss=0.0234 loss_reg=0.0039 val_acc=0.7603 val_nlpd=0.8624 val_ece=0.0490 kl_weight=0.000000 loss_kl_raw=574348.5000
[eval] adapter_cls=BayesPaperAdapter
[eval] raw_logits_shape=(10, 256, 101)
[eval] reduced_logits_shape=(256, 101)
[Epoch 106] lr=0.072232 train_loss=0.0232 loss_reg=0.0039 val_acc=0.7582 val_nlpd=0.8637 val_ece=0.0509 kl_weight=0.000000 loss_kl_raw=575362.0000
[eval] adapter_cls=BayesPaperAdapter
[eval] raw_logits_shape=(10, 256, 101)
[eval] reduced_logits_shape=(256, 101)
[Epoch 107] lr=0.071762 train_loss=0.0233 loss_reg=0.0039 val_acc=0.7576 val_nlpd=0.8649 val_ece=0.0518 kl_weight=0.000000 loss_kl_raw=576361.8125
[eval] adapter_cls=BayesPaperAdapter
[eval] raw_logits_shape=(10, 256, 101)
[eval] reduced_logits_shape=(256, 101)
[Epoch 108] lr=0.071289 train_loss=0.0233 loss_reg=0.0040 val_acc=0.7592 val_nlpd=0.8648 val_ece=0.0501 kl_weight=0.000000 loss_kl_raw=577347.4375
[eval] adapter_cls=BayesPaperAdapter
[eval] raw_logits_shape=(10, 256, 101)
[eval] reduced_logits_shape=(256, 101)
[Epoch 109] lr=0.070814 train_loss=0.0230 loss_reg=0.0040 val_acc=0.7587 val_nlpd=0.8643 val_ece=0.0503 kl_weight=0.000000 loss_kl_raw=578319.9375
[eval] adapter_cls=BayesPaperAdapter
[eval] raw_logits_shape=(10, 256, 101)
[eval] reduced_logits_shape=(256, 101)
[Epoch 110] lr=0.070337 train_loss=0.0230 loss_reg=0.0041 val_acc=0.7597 val_nlpd=0.8638 val_ece=0.0497 kl_weight=0.000000 loss_kl_raw=579278.7500
[eval] adapter_cls=BayesPaperAdapter
[eval] raw_logits_shape=(10, 256, 101)
[eval] reduced_logits_shape=(256, 101)
[Epoch 111] lr=0.069857 train_loss=0.0230 loss_reg=0.0041 val_acc=0.7603 val_nlpd=0.8631 val_ece=0.0497 kl_weight=0.000000 loss_kl_raw=580225.1250
[eval] adapter_cls=BayesPaperAdapter
[eval] raw_logits_shape=(10, 256, 101)
[eval] reduced_logits_shape=(256, 101)
[Epoch 112] lr=0.069376 train_loss=0.0228 loss_reg=0.0042 val_acc=0.7597 val_nlpd=0.8635 val_ece=0.0500 kl_weight=0.000000 loss_kl_raw=581158.0625
[eval] adapter_cls=BayesPaperAdapter
[eval] raw_logits_shape=(10, 256, 101)
[eval] reduced_logits_shape=(256, 101)
[Epoch 113] lr=0.068892 train_loss=0.0228 loss_reg=0.0042 val_acc=0.7603 val_nlpd=0.8639 val_ece=0.0496 kl_weight=0.000000 loss_kl_raw=582077.9375
[eval] adapter_cls=BayesPaperAdapter
[eval] raw_logits_shape=(10, 256, 101)
[eval] reduced_logits_shape=(256, 101)
[Epoch 114] lr=0.068406 train_loss=0.0227 loss_reg=0.0042 val_acc=0.7587 val_nlpd=0.8611 val_ece=0.0514 kl_weight=0.000000 loss_kl_raw=582984.0000
[eval] adapter_cls=BayesPaperAdapter
[eval] raw_logits_shape=(10, 256, 101)
[eval] reduced_logits_shape=(256, 101)
[Epoch 115] lr=0.067918 train_loss=0.0229 loss_reg=0.0043 val_acc=0.7582 val_nlpd=0.8634 val_ece=0.0520 kl_weight=0.000000 loss_kl_raw=583877.5000
[eval] adapter_cls=BayesPaperAdapter
[eval] raw_logits_shape=(10, 256, 101)
[eval] reduced_logits_shape=(256, 101)
[Epoch 116] lr=0.067429 train_loss=0.0228 loss_reg=0.0043 val_acc=0.7592 val_nlpd=0.8619 val_ece=0.0508 kl_weight=0.000000 loss_kl_raw=584759.8750
[eval] adapter_cls=BayesPaperAdapter
[eval] raw_logits_shape=(10, 256, 101)
[eval] reduced_logits_shape=(256, 101)
[Epoch 117] lr=0.066937 train_loss=0.0227 loss_reg=0.0044 val_acc=0.7576 val_nlpd=0.8615 val_ece=0.0526 kl_weight=0.000000 loss_kl_raw=585631.1875
[eval] adapter_cls=BayesPaperAdapter
[eval] raw_logits_shape=(10, 256, 101)
[eval] reduced_logits_shape=(256, 101)
[Epoch 118] lr=0.066443 train_loss=0.0226 loss_reg=0.0044 val_acc=0.7597 val_nlpd=0.8612 val_ece=0.0506 kl_weight=0.000000 loss_kl_raw=586490.8125
[eval] adapter_cls=BayesPaperAdapter
[eval] raw_logits_shape=(10, 256, 101)
[eval] reduced_logits_shape=(256, 101)
[Epoch 119] lr=0.065948 train_loss=0.0226 loss_reg=0.0045 val_acc=0.7587 val_nlpd=0.8634 val_ece=0.0515 kl_weight=0.000000 loss_kl_raw=587338.9375
[eval] adapter_cls=BayesPaperAdapter
[eval] raw_logits_shape=(10, 256, 101)
[eval] reduced_logits_shape=(256, 101)
[Epoch 120] lr=0.065451 train_loss=0.0226 loss_reg=0.0045 val_acc=0.7587 val_nlpd=0.8628 val_ece=0.0515 kl_weight=0.000000 loss_kl_raw=588176.1875
[eval] adapter_cls=BayesPaperAdapter
[eval] raw_logits_shape=(10, 256, 101)
[eval] reduced_logits_shape=(256, 101)
[Epoch 121] lr=0.064952 train_loss=0.0225 loss_reg=0.0046 val_acc=0.7608 val_nlpd=0.8627 val_ece=0.0497 kl_weight=0.000000 loss_kl_raw=589002.3750
[eval] adapter_cls=BayesPaperAdapter
[eval] raw_logits_shape=(10, 256, 101)
[eval] reduced_logits_shape=(256, 101)
[Epoch 122] lr=0.064452 train_loss=0.0224 loss_reg=0.0046 val_acc=0.7597 val_nlpd=0.8644 val_ece=0.0506 kl_weight=0.000000 loss_kl_raw=589817.8125
[eval] adapter_cls=BayesPaperAdapter
[eval] raw_logits_shape=(10, 256, 101)
[eval] reduced_logits_shape=(256, 101)
[Epoch 123] lr=0.063950 train_loss=0.0225 loss_reg=0.0046 val_acc=0.7608 val_nlpd=0.8593 val_ece=0.0501 kl_weight=0.000000 loss_kl_raw=590621.6875
[eval] adapter_cls=BayesPaperAdapter
[eval] raw_logits_shape=(10, 256, 101)
[eval] reduced_logits_shape=(256, 101)
[Epoch 124] lr=0.063446 train_loss=0.0223 loss_reg=0.0047 val_acc=0.7587 val_nlpd=0.8612 val_ece=0.0519 kl_weight=0.000000 loss_kl_raw=591414.8750
[eval] adapter_cls=BayesPaperAdapter
[eval] raw_logits_shape=(10, 256, 101)
[eval] reduced_logits_shape=(256, 101)
[Epoch 125] lr=0.062941 train_loss=0.0224 loss_reg=0.0047 val_acc=0.7571 val_nlpd=0.8591 val_ece=0.0536 kl_weight=0.000000 loss_kl_raw=592195.6875
[eval] adapter_cls=BayesPaperAdapter
[eval] raw_logits_shape=(10, 256, 101)
[eval] reduced_logits_shape=(256, 101)
[Epoch 126] lr=0.062434 train_loss=0.0223 loss_reg=0.0048 val_acc=0.7582 val_nlpd=0.8608 val_ece=0.0525 kl_weight=0.000000 loss_kl_raw=592966.0000
[eval] adapter_cls=BayesPaperAdapter
[eval] raw_logits_shape=(10, 256, 101)
[eval] reduced_logits_shape=(256, 101)
[Epoch 127] lr=0.061927 train_loss=0.0222 loss_reg=0.0048 val_acc=0.7603 val_nlpd=0.8614 val_ece=0.0507 kl_weight=0.000000 loss_kl_raw=593725.3125
[eval] adapter_cls=BayesPaperAdapter
[eval] raw_logits_shape=(10, 256, 101)
[eval] reduced_logits_shape=(256, 101)
[Epoch 128] lr=0.061418 train_loss=0.0223 loss_reg=0.0049 val_acc=0.7608 val_nlpd=0.8603 val_ece=0.0501 kl_weight=0.000000 loss_kl_raw=594474.3125
[eval] adapter_cls=BayesPaperAdapter
[eval] raw_logits_shape=(10, 256, 101)
[eval] reduced_logits_shape=(256, 101)
[Epoch 129] lr=0.060907 train_loss=0.0222 loss_reg=0.0049 val_acc=0.7608 val_nlpd=0.8609 val_ece=0.0503 kl_weight=0.000000 loss_kl_raw=595213.2500
[eval] adapter_cls=BayesPaperAdapter
[eval] raw_logits_shape=(10, 256, 101)
[eval] reduced_logits_shape=(256, 101)
[Epoch 130] lr=0.060396 train_loss=0.0223 loss_reg=0.0050 val_acc=0.7597 val_nlpd=0.8612 val_ece=0.0516 kl_weight=0.000000 loss_kl_raw=595941.5625
[eval] adapter_cls=BayesPaperAdapter
[eval] raw_logits_shape=(10, 256, 101)
[eval] reduced_logits_shape=(256, 101)
[Epoch 131] lr=0.059883 train_loss=0.0221 loss_reg=0.0050 val_acc=0.7592 val_nlpd=0.8613 val_ece=0.0517 kl_weight=0.000000 loss_kl_raw=596659.6875
[eval] adapter_cls=BayesPaperAdapter
[eval] raw_logits_shape=(10, 256, 101)
[eval] reduced_logits_shape=(256, 101)
[Epoch 132] lr=0.059369 train_loss=0.0222 loss_reg=0.0050 val_acc=0.7592 val_nlpd=0.8603 val_ece=0.0522 kl_weight=0.000000 loss_kl_raw=597366.6875
[eval] adapter_cls=BayesPaperAdapter
[eval] raw_logits_shape=(10, 256, 101)
[eval] reduced_logits_shape=(256, 101)
[Epoch 133] lr=0.058854 train_loss=0.0222 loss_reg=0.0051 val_acc=0.7582 val_nlpd=0.8631 val_ece=0.0532 kl_weight=0.000000 loss_kl_raw=598064.0625
[eval] adapter_cls=BayesPaperAdapter
[eval] raw_logits_shape=(10, 256, 101)
[eval] reduced_logits_shape=(256, 101)
[Epoch 134] lr=0.058338 train_loss=0.0221 loss_reg=0.0051 val_acc=0.7603 val_nlpd=0.8603 val_ece=0.0509 kl_weight=0.000000 loss_kl_raw=598752.4375
[eval] adapter_cls=BayesPaperAdapter
[eval] raw_logits_shape=(10, 256, 101)
[eval] reduced_logits_shape=(256, 101)
[Epoch 135] lr=0.057822 train_loss=0.0220 loss_reg=0.0052 val_acc=0.7603 val_nlpd=0.8612 val_ece=0.0510 kl_weight=0.000000 loss_kl_raw=599431.0000
[eval] adapter_cls=BayesPaperAdapter
[eval] raw_logits_shape=(10, 256, 101)
[eval] reduced_logits_shape=(256, 101)
[Epoch 136] lr=0.057304 train_loss=0.0221 loss_reg=0.0052 val_acc=0.7603 val_nlpd=0.8593 val_ece=0.0510 kl_weight=0.000000 loss_kl_raw=600099.3125
[eval] adapter_cls=BayesPaperAdapter
[eval] raw_logits_shape=(10, 256, 101)
[eval] reduced_logits_shape=(256, 101)
[Epoch 137] lr=0.056786 train_loss=0.0221 loss_reg=0.0053 val_acc=0.7592 val_nlpd=0.8616 val_ece=0.0524 kl_weight=0.000000 loss_kl_raw=600758.1875
[eval] adapter_cls=BayesPaperAdapter
[eval] raw_logits_shape=(10, 256, 101)
[eval] reduced_logits_shape=(256, 101)
[Epoch 138] lr=0.056267 train_loss=0.0220 loss_reg=0.0053 val_acc=0.7592 val_nlpd=0.8618 val_ece=0.0522 kl_weight=0.000000 loss_kl_raw=601407.6875
[eval] adapter_cls=BayesPaperAdapter
[eval] raw_logits_shape=(10, 256, 101)
[eval] reduced_logits_shape=(256, 101)
[Epoch 139] lr=0.055747 train_loss=0.0221 loss_reg=0.0054 val_acc=0.7608 val_nlpd=0.8602 val_ece=0.0510 kl_weight=0.000000 loss_kl_raw=602047.1250
[eval] adapter_cls=BayesPaperAdapter
[eval] raw_logits_shape=(10, 256, 101)
[eval] reduced_logits_shape=(256, 101)
[Epoch 140] lr=0.055226 train_loss=0.0221 loss_reg=0.0054 val_acc=0.7576 val_nlpd=0.8599 val_ece=0.0541 kl_weight=0.000000 loss_kl_raw=602677.8750
[eval] adapter_cls=BayesPaperAdapter
[eval] raw_logits_shape=(10, 256, 101)
[eval] reduced_logits_shape=(256, 101)
[Epoch 141] lr=0.054705 train_loss=0.0219 loss_reg=0.0054 val_acc=0.7619 val_nlpd=0.8592 val_ece=0.0497 kl_weight=0.000000 loss_kl_raw=603299.8125
[eval] adapter_cls=BayesPaperAdapter
[eval] raw_logits_shape=(10, 256, 101)
[eval] reduced_logits_shape=(256, 101)
[Epoch 142] lr=0.054184 train_loss=0.0220 loss_reg=0.0055 val_acc=0.7571 val_nlpd=0.8607 val_ece=0.0547 kl_weight=0.000000 loss_kl_raw=603912.8750
[eval] adapter_cls=BayesPaperAdapter
[eval] raw_logits_shape=(10, 256, 101)
[eval] reduced_logits_shape=(256, 101)
[Epoch 143] lr=0.053662 train_loss=0.0221 loss_reg=0.0055 val_acc=0.7566 val_nlpd=0.8625 val_ece=0.0551 kl_weight=0.000000 loss_kl_raw=604517.1250
[eval] adapter_cls=BayesPaperAdapter
[eval] raw_logits_shape=(10, 256, 101)
[eval] reduced_logits_shape=(256, 101)
[Epoch 144] lr=0.053140 train_loss=0.0220 loss_reg=0.0056 val_acc=0.7603 val_nlpd=0.8612 val_ece=0.0519 kl_weight=0.000000 loss_kl_raw=605113.1250
[eval] adapter_cls=BayesPaperAdapter
[eval] raw_logits_shape=(10, 256, 101)
[eval] reduced_logits_shape=(256, 101)
[Epoch 145] lr=0.052617 train_loss=0.0221 loss_reg=0.0056 val_acc=0.7587 val_nlpd=0.8580 val_ece=0.0531 kl_weight=0.000000 loss_kl_raw=605701.1875
[eval] adapter_cls=BayesPaperAdapter
[eval] raw_logits_shape=(10, 256, 101)
[eval] reduced_logits_shape=(256, 101)
[Epoch 146] lr=0.052094 train_loss=0.0221 loss_reg=0.0057 val_acc=0.7608 val_nlpd=0.8589 val_ece=0.0511 kl_weight=0.000000 loss_kl_raw=606280.5625
[eval] adapter_cls=BayesPaperAdapter
[eval] raw_logits_shape=(10, 256, 101)
[eval] reduced_logits_shape=(256, 101)
[Epoch 147] lr=0.051571 train_loss=0.0220 loss_reg=0.0057 val_acc=0.7582 val_nlpd=0.8629 val_ece=0.0536 kl_weight=0.000000 loss_kl_raw=606851.6250
[eval] adapter_cls=BayesPaperAdapter
[eval] raw_logits_shape=(10, 256, 101)
[eval] reduced_logits_shape=(256, 101)
[Epoch 148] lr=0.051047 train_loss=0.0219 loss_reg=0.0058 val_acc=0.7603 val_nlpd=0.8603 val_ece=0.0517 kl_weight=0.000000 loss_kl_raw=607413.6250
[eval] adapter_cls=BayesPaperAdapter
[eval] raw_logits_shape=(10, 256, 101)
[eval] reduced_logits_shape=(256, 101)
[Epoch 149] lr=0.050524 train_loss=0.0221 loss_reg=0.0058 val_acc=0.7587 val_nlpd=0.8595 val_ece=0.0534 kl_weight=0.000000 loss_kl_raw=607966.8125
[eval] adapter_cls=BayesPaperAdapter
[eval] raw_logits_shape=(10, 256, 101)
[eval] reduced_logits_shape=(256, 101)
[Epoch 150] lr=0.050000 train_loss=0.0220 loss_reg=0.0058 val_acc=0.7576 val_nlpd=0.8572 val_ece=0.0547 kl_weight=0.000000 loss_kl_raw=608512.8125
[eval] adapter_cls=BayesPaperAdapter
[eval] raw_logits_shape=(10, 256, 101)
[eval] reduced_logits_shape=(256, 101)
[Epoch 151] lr=0.049476 train_loss=0.0220 loss_reg=0.0059 val_acc=0.7608 val_nlpd=0.8585 val_ece=0.0513 kl_weight=0.000000 loss_kl_raw=609050.5625
[eval] adapter_cls=BayesPaperAdapter
[eval] raw_logits_shape=(10, 256, 101)
[eval] reduced_logits_shape=(256, 101)
[Epoch 152] lr=0.048953 train_loss=0.0221 loss_reg=0.0059 val_acc=0.7608 val_nlpd=0.8580 val_ece=0.0517 kl_weight=0.000000 loss_kl_raw=609580.7500
[eval] adapter_cls=BayesPaperAdapter
[eval] raw_logits_shape=(10, 256, 101)
[eval] reduced_logits_shape=(256, 101)
[Epoch 153] lr=0.048429 train_loss=0.0220 loss_reg=0.0060 val_acc=0.7608 val_nlpd=0.8582 val_ece=0.0516 kl_weight=0.000000 loss_kl_raw=610103.4375
[eval] adapter_cls=BayesPaperAdapter
[eval] raw_logits_shape=(10, 256, 101)
[eval] reduced_logits_shape=(256, 101)
[Epoch 154] lr=0.047906 train_loss=0.0221 loss_reg=0.0060 val_acc=0.7613 val_nlpd=0.8582 val_ece=0.0508 kl_weight=0.000000 loss_kl_raw=610618.2500
[eval] adapter_cls=BayesPaperAdapter
[eval] raw_logits_shape=(10, 256, 101)
[eval] reduced_logits_shape=(256, 101)
[Epoch 155] lr=0.047383 train_loss=0.0221 loss_reg=0.0061 val_acc=0.7582 val_nlpd=0.8622 val_ece=0.0543 kl_weight=0.000000 loss_kl_raw=611125.4375
[eval] adapter_cls=BayesPaperAdapter
[eval] raw_logits_shape=(10, 256, 101)
[eval] reduced_logits_shape=(256, 101)
[Epoch 156] lr=0.046860 train_loss=0.0221 loss_reg=0.0061 val_acc=0.7603 val_nlpd=0.8591 val_ece=0.0524 kl_weight=0.000000 loss_kl_raw=611625.3125
[eval] adapter_cls=BayesPaperAdapter
[eval] raw_logits_shape=(10, 256, 101)
[eval] reduced_logits_shape=(256, 101)
[Epoch 157] lr=0.046338 train_loss=0.0220 loss_reg=0.0062 val_acc=0.7566 val_nlpd=0.8598 val_ece=0.0562 kl_weight=0.000000 loss_kl_raw=612117.8750
[eval] adapter_cls=BayesPaperAdapter
[eval] raw_logits_shape=(10, 256, 101)
[eval] reduced_logits_shape=(256, 101)
[Epoch 158] lr=0.045816 train_loss=0.0220 loss_reg=0.0062 val_acc=0.7608 val_nlpd=0.8574 val_ece=0.0517 kl_weight=0.000000 loss_kl_raw=612602.3750
[eval] adapter_cls=BayesPaperAdapter
[eval] raw_logits_shape=(10, 256, 101)
[eval] reduced_logits_shape=(256, 101)
[Epoch 159] lr=0.045295 train_loss=0.0219 loss_reg=0.0062 val_acc=0.7613 val_nlpd=0.8585 val_ece=0.0513 kl_weight=0.000000 loss_kl_raw=613079.4375
[eval] adapter_cls=BayesPaperAdapter
[eval] raw_logits_shape=(10, 256, 101)
[eval] reduced_logits_shape=(256, 101)
[Epoch 160] lr=0.044774 train_loss=0.0220 loss_reg=0.0063 val_acc=0.7597 val_nlpd=0.8589 val_ece=0.0528 kl_weight=0.000000 loss_kl_raw=613548.3750
[eval] adapter_cls=BayesPaperAdapter
[eval] raw_logits_shape=(10, 256, 101)
[eval] reduced_logits_shape=(256, 101)
[Epoch 161] lr=0.044253 train_loss=0.0220 loss_reg=0.0063 val_acc=0.7576 val_nlpd=0.8612 val_ece=0.0546 kl_weight=0.000000 loss_kl_raw=614010.0000
[eval] adapter_cls=BayesPaperAdapter
[eval] raw_logits_shape=(10, 256, 101)
[eval] reduced_logits_shape=(256, 101)
[Epoch 162] lr=0.043733 train_loss=0.0220 loss_reg=0.0064 val_acc=0.7608 val_nlpd=0.8585 val_ece=0.0518 kl_weight=0.000000 loss_kl_raw=614464.2500
[eval] adapter_cls=BayesPaperAdapter
[eval] raw_logits_shape=(10, 256, 101)
[eval] reduced_logits_shape=(256, 101)
[Epoch 163] lr=0.043214 train_loss=0.0220 loss_reg=0.0064 val_acc=0.7597 val_nlpd=0.8568 val_ece=0.0530 kl_weight=0.000000 loss_kl_raw=614911.3750
[eval] adapter_cls=BayesPaperAdapter
[eval] raw_logits_shape=(10, 256, 101)
[eval] reduced_logits_shape=(256, 101)
[Epoch 164] lr=0.042696 train_loss=0.0220 loss_reg=0.0065 val_acc=0.7634 val_nlpd=0.8572 val_ece=0.0495 kl_weight=0.000000 loss_kl_raw=615350.4375
[eval] adapter_cls=BayesPaperAdapter
[eval] raw_logits_shape=(10, 256, 101)
[eval] reduced_logits_shape=(256, 101)
[Epoch 165] lr=0.042178 train_loss=0.0220 loss_reg=0.0065 val_acc=0.7597 val_nlpd=0.8580 val_ece=0.0529 kl_weight=0.000000 loss_kl_raw=615782.3125
[eval] adapter_cls=BayesPaperAdapter
[eval] raw_logits_shape=(10, 256, 101)
[eval] reduced_logits_shape=(256, 101)
[Epoch 166] lr=0.041662 train_loss=0.0221 loss_reg=0.0066 val_acc=0.7576 val_nlpd=0.8587 val_ece=0.0550 kl_weight=0.000000 loss_kl_raw=616207.3125
[eval] adapter_cls=BayesPaperAdapter
[eval] raw_logits_shape=(10, 256, 101)
[eval] reduced_logits_shape=(256, 101)
[Epoch 167] lr=0.041146 train_loss=0.0222 loss_reg=0.0066 val_acc=0.7603 val_nlpd=0.8572 val_ece=0.0522 kl_weight=0.000000 loss_kl_raw=616625.8750
[eval] adapter_cls=BayesPaperAdapter
[eval] raw_logits_shape=(10, 256, 101)
[eval] reduced_logits_shape=(256, 101)
[Epoch 168] lr=0.040631 train_loss=0.0220 loss_reg=0.0066 val_acc=0.7592 val_nlpd=0.8589 val_ece=0.0536 kl_weight=0.000000 loss_kl_raw=617037.7500
[eval] adapter_cls=BayesPaperAdapter
[eval] raw_logits_shape=(10, 256, 101)
[eval] reduced_logits_shape=(256, 101)
[Epoch 169] lr=0.040117 train_loss=0.0220 loss_reg=0.0067 val_acc=0.7597 val_nlpd=0.8586 val_ece=0.0531 kl_weight=0.000000 loss_kl_raw=617442.3750
[eval] adapter_cls=BayesPaperAdapter
[eval] raw_logits_shape=(10, 256, 101)
[eval] reduced_logits_shape=(256, 101)
[Epoch 170] lr=0.039604 train_loss=0.0220 loss_reg=0.0067 val_acc=0.7582 val_nlpd=0.8593 val_ece=0.0546 kl_weight=0.000000 loss_kl_raw=617839.9375
[eval] adapter_cls=BayesPaperAdapter
[eval] raw_logits_shape=(10, 256, 101)
[eval] reduced_logits_shape=(256, 101)
[Epoch 171] lr=0.039093 train_loss=0.0221 loss_reg=0.0068 val_acc=0.7608 val_nlpd=0.8585 val_ece=0.0521 kl_weight=0.000000 loss_kl_raw=618230.7500
[eval] adapter_cls=BayesPaperAdapter
[eval] raw_logits_shape=(10, 256, 101)
[eval] reduced_logits_shape=(256, 101)
[Epoch 172] lr=0.038582 train_loss=0.0221 loss_reg=0.0068 val_acc=0.7619 val_nlpd=0.8580 val_ece=0.0510 kl_weight=0.000000 loss_kl_raw=618614.7500
[eval] adapter_cls=BayesPaperAdapter
[eval] raw_logits_shape=(10, 256, 101)
[eval] reduced_logits_shape=(256, 101)
[Epoch 173] lr=0.038073 train_loss=0.0221 loss_reg=0.0069 val_acc=0.7597 val_nlpd=0.8583 val_ece=0.0529 kl_weight=0.000000 loss_kl_raw=618992.0625
[eval] adapter_cls=BayesPaperAdapter
[eval] raw_logits_shape=(10, 256, 101)
[eval] reduced_logits_shape=(256, 101)
[Epoch 174] lr=0.037566 train_loss=0.0221 loss_reg=0.0069 val_acc=0.7582 val_nlpd=0.8601 val_ece=0.0547 kl_weight=0.000000 loss_kl_raw=619363.0000
[eval] adapter_cls=BayesPaperAdapter
[eval] raw_logits_shape=(10, 256, 101)
[eval] reduced_logits_shape=(256, 101)
[Epoch 175] lr=0.037059 train_loss=0.0222 loss_reg=0.0070 val_acc=0.7608 val_nlpd=0.8586 val_ece=0.0520 kl_weight=0.000000 loss_kl_raw=619728.0000
[eval] adapter_cls=BayesPaperAdapter
[eval] raw_logits_shape=(10, 256, 101)
[eval] reduced_logits_shape=(256, 101)
[Epoch 176] lr=0.036554 train_loss=0.0222 loss_reg=0.0070 val_acc=0.7608 val_nlpd=0.8579 val_ece=0.0523 kl_weight=0.000000 loss_kl_raw=620087.1250
[eval] adapter_cls=BayesPaperAdapter
[eval] raw_logits_shape=(10, 256, 101)
[eval] reduced_logits_shape=(256, 101)
[Epoch 177] lr=0.036050 train_loss=0.0222 loss_reg=0.0070 val_acc=0.7613 val_nlpd=0.8579 val_ece=0.0519 kl_weight=0.000000 loss_kl_raw=620440.8750
[eval] adapter_cls=BayesPaperAdapter
[eval] raw_logits_shape=(10, 256, 101)
[eval] reduced_logits_shape=(256, 101)
[Epoch 178] lr=0.035548 train_loss=0.0222 loss_reg=0.0071 val_acc=0.7592 val_nlpd=0.8590 val_ece=0.0538 kl_weight=0.000000 loss_kl_raw=620788.5625
[eval] adapter_cls=BayesPaperAdapter
[eval] raw_logits_shape=(10, 256, 101)
[eval] reduced_logits_shape=(256, 101)
[Epoch 179] lr=0.035048 train_loss=0.0222 loss_reg=0.0071 val_acc=0.7592 val_nlpd=0.8569 val_ece=0.0541 kl_weight=0.000000 loss_kl_raw=621129.7500
[eval] adapter_cls=BayesPaperAdapter
[eval] raw_logits_shape=(10, 256, 101)
[eval] reduced_logits_shape=(256, 101)
[Epoch 180] lr=0.034549 train_loss=0.0223 loss_reg=0.0072 val_acc=0.7608 val_nlpd=0.8574 val_ece=0.0525 kl_weight=0.000000 loss_kl_raw=621464.8750
[eval] adapter_cls=BayesPaperAdapter
[eval] raw_logits_shape=(10, 256, 101)
[eval] reduced_logits_shape=(256, 101)
[Epoch 181] lr=0.034052 train_loss=0.0223 loss_reg=0.0072 val_acc=0.7603 val_nlpd=0.8600 val_ece=0.0528 kl_weight=0.000000 loss_kl_raw=621794.0625
[eval] adapter_cls=BayesPaperAdapter
[eval] raw_logits_shape=(10, 256, 101)
[eval] reduced_logits_shape=(256, 101)
[Epoch 182] lr=0.033557 train_loss=0.0223 loss_reg=0.0073 val_acc=0.7613 val_nlpd=0.8565 val_ece=0.0518 kl_weight=0.000000 loss_kl_raw=622117.7500
[eval] adapter_cls=BayesPaperAdapter
[eval] raw_logits_shape=(10, 256, 101)
[eval] reduced_logits_shape=(256, 101)
[Epoch 183] lr=0.033063 train_loss=0.0223 loss_reg=0.0073 val_acc=0.7597 val_nlpd=0.8596 val_ece=0.0535 kl_weight=0.000000 loss_kl_raw=622435.5625
[eval] adapter_cls=BayesPaperAdapter
[eval] raw_logits_shape=(10, 256, 101)
[eval] reduced_logits_shape=(256, 101)
[Epoch 184] lr=0.032571 train_loss=0.0224 loss_reg=0.0073 val_acc=0.7576 val_nlpd=0.8588 val_ece=0.0559 kl_weight=0.000000 loss_kl_raw=622747.5625
[eval] adapter_cls=BayesPaperAdapter
[eval] raw_logits_shape=(10, 256, 101)
[eval] reduced_logits_shape=(256, 101)
[Epoch 185] lr=0.032082 train_loss=0.0223 loss_reg=0.0074 val_acc=0.7592 val_nlpd=0.8576 val_ece=0.0543 kl_weight=0.000000 loss_kl_raw=623053.9375
[eval] adapter_cls=BayesPaperAdapter
[eval] raw_logits_shape=(10, 256, 101)
[eval] reduced_logits_shape=(256, 101)
[Epoch 186] lr=0.031594 train_loss=0.0223 loss_reg=0.0074 val_acc=0.7582 val_nlpd=0.8568 val_ece=0.0552 kl_weight=0.000000 loss_kl_raw=623355.1250
[eval] adapter_cls=BayesPaperAdapter
[eval] raw_logits_shape=(10, 256, 101)
[eval] reduced_logits_shape=(256, 101)
[Epoch 187] lr=0.031108 train_loss=0.0224 loss_reg=0.0075 val_acc=0.7587 val_nlpd=0.8567 val_ece=0.0548 kl_weight=0.000000 loss_kl_raw=623650.4375
[eval] adapter_cls=BayesPaperAdapter
[eval] raw_logits_shape=(10, 256, 101)
[eval] reduced_logits_shape=(256, 101)
[Epoch 188] lr=0.030624 train_loss=0.0224 loss_reg=0.0075 val_acc=0.7587 val_nlpd=0.8578 val_ece=0.0545 kl_weight=0.000000 loss_kl_raw=623940.2500
[eval] adapter_cls=BayesPaperAdapter
[eval] raw_logits_shape=(10, 256, 101)
[eval] reduced_logits_shape=(256, 101)
[Epoch 189] lr=0.030143 train_loss=0.0225 loss_reg=0.0076 val_acc=0.7603 val_nlpd=0.8584 val_ece=0.0532 kl_weight=0.000000 loss_kl_raw=624224.1250
[eval] adapter_cls=BayesPaperAdapter
[eval] raw_logits_shape=(10, 256, 101)
[eval] reduced_logits_shape=(256, 101)
[Epoch 190] lr=0.029663 train_loss=0.0225 loss_reg=0.0076 val_acc=0.7582 val_nlpd=0.8565 val_ece=0.0556 kl_weight=0.000000 loss_kl_raw=624502.9375
[eval] adapter_cls=BayesPaperAdapter
[eval] raw_logits_shape=(10, 256, 101)
[eval] reduced_logits_shape=(256, 101)
[Epoch 191] lr=0.029186 train_loss=0.0224 loss_reg=0.0077 val_acc=0.7587 val_nlpd=0.8594 val_ece=0.0549 kl_weight=0.000000 loss_kl_raw=624776.5625
[eval] adapter_cls=BayesPaperAdapter
[eval] raw_logits_shape=(10, 256, 101)
[eval] reduced_logits_shape=(256, 101)
[Epoch 192] lr=0.028711 train_loss=0.0225 loss_reg=0.0077 val_acc=0.7597 val_nlpd=0.8583 val_ece=0.0539 kl_weight=0.000000 loss_kl_raw=625044.7500
[eval] adapter_cls=BayesPaperAdapter
[eval] raw_logits_shape=(10, 256, 101)
[eval] reduced_logits_shape=(256, 101)
[Epoch 193] lr=0.028238 train_loss=0.0225 loss_reg=0.0077 val_acc=0.7592 val_nlpd=0.8588 val_ece=0.0542 kl_weight=0.000000 loss_kl_raw=625307.8125
[eval] adapter_cls=BayesPaperAdapter
[eval] raw_logits_shape=(10, 256, 101)
[eval] reduced_logits_shape=(256, 101)
[Epoch 194] lr=0.027768 train_loss=0.0225 loss_reg=0.0078 val_acc=0.7603 val_nlpd=0.8589 val_ece=0.0534 kl_weight=0.000000 loss_kl_raw=625565.8125
[eval] adapter_cls=BayesPaperAdapter
[eval] raw_logits_shape=(10, 256, 101)
[eval] reduced_logits_shape=(256, 101)
[Epoch 195] lr=0.027300 train_loss=0.0226 loss_reg=0.0078 val_acc=0.7603 val_nlpd=0.8601 val_ece=0.0532 kl_weight=0.000000 loss_kl_raw=625818.3750
[eval] adapter_cls=BayesPaperAdapter
[eval] raw_logits_shape=(10, 256, 101)
[eval] reduced_logits_shape=(256, 101)
[Epoch 196] lr=0.026835 train_loss=0.0226 loss_reg=0.0079 val_acc=0.7597 val_nlpd=0.8574 val_ece=0.0539 kl_weight=0.000000 loss_kl_raw=626065.6250
[eval] adapter_cls=BayesPaperAdapter
[eval] raw_logits_shape=(10, 256, 101)
[eval] reduced_logits_shape=(256, 101)
[Epoch 197] lr=0.026372 train_loss=0.0226 loss_reg=0.0079 val_acc=0.7576 val_nlpd=0.8589 val_ece=0.0559 kl_weight=0.000000 loss_kl_raw=626308.0625
[eval] adapter_cls=BayesPaperAdapter
[eval] raw_logits_shape=(10, 256, 101)
[eval] reduced_logits_shape=(256, 101)
[Epoch 198] lr=0.025912 train_loss=0.0226 loss_reg=0.0080 val_acc=0.7587 val_nlpd=0.8585 val_ece=0.0548 kl_weight=0.000000 loss_kl_raw=626545.3750
[eval] adapter_cls=BayesPaperAdapter
[eval] raw_logits_shape=(10, 256, 101)
[eval] reduced_logits_shape=(256, 101)
[Epoch 199] lr=0.025455 train_loss=0.0227 loss_reg=0.0080 val_acc=0.7592 val_nlpd=0.8578 val_ece=0.0544 kl_weight=0.000000 loss_kl_raw=626777.7500
[eval] adapter_cls=BayesPaperAdapter
[eval] raw_logits_shape=(10, 256, 101)
[eval] reduced_logits_shape=(256, 101)
[Epoch 200] lr=0.025000 train_loss=0.0228 loss_reg=0.0080 val_acc=0.7592 val_nlpd=0.8561 val_ece=0.0543 kl_weight=0.000000 loss_kl_raw=627005.3750
[eval] adapter_cls=BayesPaperAdapter
[eval] raw_logits_shape=(10, 256, 101)
[eval] reduced_logits_shape=(256, 101)
[Epoch 201] lr=0.024548 train_loss=0.0226 loss_reg=0.0081 val_acc=0.7576 val_nlpd=0.8589 val_ece=0.0559 kl_weight=0.000000 loss_kl_raw=627228.5625
[eval] adapter_cls=BayesPaperAdapter
[eval] raw_logits_shape=(10, 256, 101)
[eval] reduced_logits_shape=(256, 101)
[Epoch 202] lr=0.024099 train_loss=0.0228 loss_reg=0.0081 val_acc=0.7608 val_nlpd=0.8576 val_ece=0.0528 kl_weight=0.000000 loss_kl_raw=627446.8125
[eval] adapter_cls=BayesPaperAdapter
[eval] raw_logits_shape=(10, 256, 101)
[eval] reduced_logits_shape=(256, 101)
[Epoch 203] lr=0.023652 train_loss=0.0228 loss_reg=0.0082 val_acc=0.7608 val_nlpd=0.8567 val_ece=0.0530 kl_weight=0.000000 loss_kl_raw=627660.7500
[eval] adapter_cls=BayesPaperAdapter
[eval] raw_logits_shape=(10, 256, 101)
[eval] reduced_logits_shape=(256, 101)
[Epoch 204] lr=0.023209 train_loss=0.0228 loss_reg=0.0082 val_acc=0.7587 val_nlpd=0.8580 val_ece=0.0552 kl_weight=0.000000 loss_kl_raw=627870.4375
[eval] adapter_cls=BayesPaperAdapter
[eval] raw_logits_shape=(10, 256, 101)
[eval] reduced_logits_shape=(256, 101)
[Epoch 205] lr=0.022768 train_loss=0.0228 loss_reg=0.0083 val_acc=0.7597 val_nlpd=0.8571 val_ece=0.0539 kl_weight=0.000000 loss_kl_raw=628075.5625
[eval] adapter_cls=BayesPaperAdapter
[eval] raw_logits_shape=(10, 256, 101)
[eval] reduced_logits_shape=(256, 101)
[Epoch 206] lr=0.022330 train_loss=0.0229 loss_reg=0.0083 val_acc=0.7619 val_nlpd=0.8552 val_ece=0.0519 kl_weight=0.000000 loss_kl_raw=628276.1250
[eval] adapter_cls=BayesPaperAdapter
[eval] raw_logits_shape=(10, 256, 101)
[eval] reduced_logits_shape=(256, 101)
[Epoch 207] lr=0.021896 train_loss=0.0229 loss_reg=0.0083 val_acc=0.7592 val_nlpd=0.8581 val_ece=0.0546 kl_weight=0.000000 loss_kl_raw=628472.1875
[eval] adapter_cls=BayesPaperAdapter
[eval] raw_logits_shape=(10, 256, 101)
[eval] reduced_logits_shape=(256, 101)
[Epoch 208] lr=0.021464 train_loss=0.0230 loss_reg=0.0084 val_acc=0.7592 val_nlpd=0.8566 val_ece=0.0545 kl_weight=0.000000 loss_kl_raw=628664.0000
[eval] adapter_cls=BayesPaperAdapter
[eval] raw_logits_shape=(10, 256, 101)
[eval] reduced_logits_shape=(256, 101)
[Epoch 209] lr=0.021036 train_loss=0.0230 loss_reg=0.0084 val_acc=0.7603 val_nlpd=0.8588 val_ece=0.0531 kl_weight=0.000000 loss_kl_raw=628851.6250
[eval] adapter_cls=BayesPaperAdapter
[eval] raw_logits_shape=(10, 256, 101)
[eval] reduced_logits_shape=(256, 101)
[Epoch 210] lr=0.020611 train_loss=0.0230 loss_reg=0.0085 val_acc=0.7619 val_nlpd=0.8560 val_ece=0.0518 kl_weight=0.000000 loss_kl_raw=629034.6250
[eval] adapter_cls=BayesPaperAdapter
[eval] raw_logits_shape=(10, 256, 101)
[eval] reduced_logits_shape=(256, 101)
[Epoch 211] lr=0.020189 train_loss=0.0230 loss_reg=0.0085 val_acc=0.7582 val_nlpd=0.8582 val_ece=0.0559 kl_weight=0.000000 loss_kl_raw=629213.9375
[eval] adapter_cls=BayesPaperAdapter
[eval] raw_logits_shape=(10, 256, 101)
[eval] reduced_logits_shape=(256, 101)
[Epoch 212] lr=0.019770 train_loss=0.0231 loss_reg=0.0086 val_acc=0.7597 val_nlpd=0.8547 val_ece=0.0542 kl_weight=0.000000 loss_kl_raw=629389.0000
[eval] adapter_cls=BayesPaperAdapter
[eval] raw_logits_shape=(10, 256, 101)
[eval] reduced_logits_shape=(256, 101)
[Epoch 213] lr=0.019355 train_loss=0.0231 loss_reg=0.0086 val_acc=0.7597 val_nlpd=0.8582 val_ece=0.0538 kl_weight=0.000000 loss_kl_raw=629560.1250
[eval] adapter_cls=BayesPaperAdapter
[eval] raw_logits_shape=(10, 256, 101)
[eval] reduced_logits_shape=(256, 101)
[Epoch 214] lr=0.018943 train_loss=0.0231 loss_reg=0.0086 val_acc=0.7603 val_nlpd=0.8565 val_ece=0.0540 kl_weight=0.000000 loss_kl_raw=629727.5625
[eval] adapter_cls=BayesPaperAdapter
[eval] raw_logits_shape=(10, 256, 101)
[eval] reduced_logits_shape=(256, 101)
[Epoch 215] lr=0.018534 train_loss=0.0232 loss_reg=0.0087 val_acc=0.7592 val_nlpd=0.8572 val_ece=0.0547 kl_weight=0.000000 loss_kl_raw=629890.6250
[eval] adapter_cls=BayesPaperAdapter
[eval] raw_logits_shape=(10, 256, 101)
[eval] reduced_logits_shape=(256, 101)
[Epoch 216] lr=0.018129 train_loss=0.0232 loss_reg=0.0087 val_acc=0.7608 val_nlpd=0.8573 val_ece=0.0530 kl_weight=0.000000 loss_kl_raw=630049.9375
[eval] adapter_cls=BayesPaperAdapter
[eval] raw_logits_shape=(10, 256, 101)
[eval] reduced_logits_shape=(256, 101)
[Epoch 217] lr=0.017727 train_loss=0.0232 loss_reg=0.0088 val_acc=0.7608 val_nlpd=0.8576 val_ece=0.0529 kl_weight=0.000000 loss_kl_raw=630205.3750
[eval] adapter_cls=BayesPaperAdapter
[eval] raw_logits_shape=(10, 256, 101)
[eval] reduced_logits_shape=(256, 101)
[Epoch 218] lr=0.017329 train_loss=0.0231 loss_reg=0.0088 val_acc=0.7603 val_nlpd=0.8546 val_ece=0.0538 kl_weight=0.000000 loss_kl_raw=630357.1875
[eval] adapter_cls=BayesPaperAdapter
[eval] raw_logits_shape=(10, 256, 101)
[eval] reduced_logits_shape=(256, 101)
[Epoch 219] lr=0.016934 train_loss=0.0233 loss_reg=0.0089 val_acc=0.7603 val_nlpd=0.8558 val_ece=0.0535 kl_weight=0.000000 loss_kl_raw=630504.5625
[eval] adapter_cls=BayesPaperAdapter
[eval] raw_logits_shape=(10, 256, 101)
[eval] reduced_logits_shape=(256, 101)
[Epoch 220] lr=0.016543 train_loss=0.0233 loss_reg=0.0089 val_acc=0.7603 val_nlpd=0.8581 val_ece=0.0537 kl_weight=0.000000 loss_kl_raw=630648.4375
[eval] adapter_cls=BayesPaperAdapter
[eval] raw_logits_shape=(10, 256, 101)
[eval] reduced_logits_shape=(256, 101)
[Epoch 221] lr=0.016156 train_loss=0.0233 loss_reg=0.0089 val_acc=0.7566 val_nlpd=0.8572 val_ece=0.0571 kl_weight=0.000000 loss_kl_raw=630788.7500
[eval] adapter_cls=BayesPaperAdapter
[eval] raw_logits_shape=(10, 256, 101)
[eval] reduced_logits_shape=(256, 101)
[Epoch 222] lr=0.015773 train_loss=0.0235 loss_reg=0.0090 val_acc=0.7592 val_nlpd=0.8579 val_ece=0.0547 kl_weight=0.000000 loss_kl_raw=630925.1250
[eval] adapter_cls=BayesPaperAdapter
[eval] raw_logits_shape=(10, 256, 101)
[eval] reduced_logits_shape=(256, 101)
[Epoch 223] lr=0.015393 train_loss=0.0234 loss_reg=0.0090 val_acc=0.7608 val_nlpd=0.8565 val_ece=0.0532 kl_weight=0.000000 loss_kl_raw=631058.0000
[eval] adapter_cls=BayesPaperAdapter
[eval] raw_logits_shape=(10, 256, 101)
[eval] reduced_logits_shape=(256, 101)
[Epoch 224] lr=0.015017 train_loss=0.0234 loss_reg=0.0091 val_acc=0.7597 val_nlpd=0.8566 val_ece=0.0542 kl_weight=0.000000 loss_kl_raw=631187.3125
[eval] adapter_cls=BayesPaperAdapter
[eval] raw_logits_shape=(10, 256, 101)
[eval] reduced_logits_shape=(256, 101)
[Epoch 225] lr=0.014645 train_loss=0.0234 loss_reg=0.0091 val_acc=0.7608 val_nlpd=0.8563 val_ece=0.0534 kl_weight=0.000000 loss_kl_raw=631313.0625
[eval] adapter_cls=BayesPaperAdapter
[eval] raw_logits_shape=(10, 256, 101)
[eval] reduced_logits_shape=(256, 101)
[Epoch 226] lr=0.014276 train_loss=0.0234 loss_reg=0.0092 val_acc=0.7597 val_nlpd=0.8576 val_ece=0.0545 kl_weight=0.000000 loss_kl_raw=631435.3125
[eval] adapter_cls=BayesPaperAdapter
[eval] raw_logits_shape=(10, 256, 101)
[eval] reduced_logits_shape=(256, 101)
[Epoch 227] lr=0.013912 train_loss=0.0236 loss_reg=0.0092 val_acc=0.7608 val_nlpd=0.8549 val_ece=0.0532 kl_weight=0.000000 loss_kl_raw=631554.0000
[eval] adapter_cls=BayesPaperAdapter
[eval] raw_logits_shape=(10, 256, 101)
[eval] reduced_logits_shape=(256, 101)
[Epoch 228] lr=0.013552 train_loss=0.0236 loss_reg=0.0092 val_acc=0.7603 val_nlpd=0.8595 val_ece=0.0538 kl_weight=0.000000 loss_kl_raw=631669.6875
[eval] adapter_cls=BayesPaperAdapter
[eval] raw_logits_shape=(10, 256, 101)
[eval] reduced_logits_shape=(256, 101)
[Epoch 229] lr=0.013195 train_loss=0.0234 loss_reg=0.0093 val_acc=0.7608 val_nlpd=0.8582 val_ece=0.0532 kl_weight=0.000000 loss_kl_raw=631782.2500
[eval] adapter_cls=BayesPaperAdapter
[eval] raw_logits_shape=(10, 256, 101)
[eval] reduced_logits_shape=(256, 101)
[Epoch 230] lr=0.012843 train_loss=0.0236 loss_reg=0.0093 val_acc=0.7592 val_nlpd=0.8562 val_ece=0.0551 kl_weight=0.000000 loss_kl_raw=631891.3125
[eval] adapter_cls=BayesPaperAdapter
[eval] raw_logits_shape=(10, 256, 101)
[eval] reduced_logits_shape=(256, 101)
[Epoch 231] lr=0.012494 train_loss=0.0237 loss_reg=0.0094 val_acc=0.7624 val_nlpd=0.8570 val_ece=0.0518 kl_weight=0.000000 loss_kl_raw=631997.1875
[eval] adapter_cls=BayesPaperAdapter
[eval] raw_logits_shape=(10, 256, 101)
[eval] reduced_logits_shape=(256, 101)
[Epoch 232] lr=0.012150 train_loss=0.0236 loss_reg=0.0094 val_acc=0.7619 val_nlpd=0.8554 val_ece=0.0525 kl_weight=0.000000 loss_kl_raw=632100.0625
[eval] adapter_cls=BayesPaperAdapter
[eval] raw_logits_shape=(10, 256, 101)
[eval] reduced_logits_shape=(256, 101)
[Epoch 233] lr=0.011810 train_loss=0.0238 loss_reg=0.0095 val_acc=0.7619 val_nlpd=0.8556 val_ece=0.0523 kl_weight=0.000000 loss_kl_raw=632199.9375
[eval] adapter_cls=BayesPaperAdapter
[eval] raw_logits_shape=(10, 256, 101)
[eval] reduced_logits_shape=(256, 101)
[Epoch 234] lr=0.011474 train_loss=0.0238 loss_reg=0.0095 val_acc=0.7619 val_nlpd=0.8576 val_ece=0.0519 kl_weight=0.000000 loss_kl_raw=632296.5000
[eval] adapter_cls=BayesPaperAdapter
[eval] raw_logits_shape=(10, 256, 101)
[eval] reduced_logits_shape=(256, 101)
[Epoch 235] lr=0.011143 train_loss=0.0238 loss_reg=0.0095 val_acc=0.7603 val_nlpd=0.8538 val_ece=0.0540 kl_weight=0.000000 loss_kl_raw=632390.2500
[eval] adapter_cls=BayesPaperAdapter
[eval] raw_logits_shape=(10, 256, 101)
[eval] reduced_logits_shape=(256, 101)
[Epoch 236] lr=0.010815 train_loss=0.0237 loss_reg=0.0096 val_acc=0.7582 val_nlpd=0.8572 val_ece=0.0559 kl_weight=0.000000 loss_kl_raw=632481.1875
[eval] adapter_cls=BayesPaperAdapter
[eval] raw_logits_shape=(10, 256, 101)
[eval] reduced_logits_shape=(256, 101)
[Epoch 237] lr=0.010492 train_loss=0.0238 loss_reg=0.0096 val_acc=0.7582 val_nlpd=0.8576 val_ece=0.0562 kl_weight=0.000000 loss_kl_raw=632569.1250
[eval] adapter_cls=BayesPaperAdapter
[eval] raw_logits_shape=(10, 256, 101)
[eval] reduced_logits_shape=(256, 101)
[Epoch 238] lr=0.010174 train_loss=0.0239 loss_reg=0.0097 val_acc=0.7592 val_nlpd=0.8561 val_ece=0.0548 kl_weight=0.000000 loss_kl_raw=632654.1250
[eval] adapter_cls=BayesPaperAdapter
[eval] raw_logits_shape=(10, 256, 101)
[eval] reduced_logits_shape=(256, 101)
[Epoch 239] lr=0.009859 train_loss=0.0238 loss_reg=0.0097 val_acc=0.7571 val_nlpd=0.8568 val_ece=0.0569 kl_weight=0.000000 loss_kl_raw=632736.3125
[eval] adapter_cls=BayesPaperAdapter
[eval] raw_logits_shape=(10, 256, 101)
[eval] reduced_logits_shape=(256, 101)
[Epoch 240] lr=0.009549 train_loss=0.0240 loss_reg=0.0097 val_acc=0.7613 val_nlpd=0.8547 val_ece=0.0530 kl_weight=0.000000 loss_kl_raw=632815.7500
[eval] adapter_cls=BayesPaperAdapter
[eval] raw_logits_shape=(10, 256, 101)
[eval] reduced_logits_shape=(256, 101)
[Epoch 241] lr=0.009244 train_loss=0.0240 loss_reg=0.0098 val_acc=0.7597 val_nlpd=0.8577 val_ece=0.0547 kl_weight=0.000000 loss_kl_raw=632892.5000
[eval] adapter_cls=BayesPaperAdapter
[eval] raw_logits_shape=(10, 256, 101)
[eval] reduced_logits_shape=(256, 101)
[Epoch 242] lr=0.008943 train_loss=0.0241 loss_reg=0.0098 val_acc=0.7613 val_nlpd=0.8565 val_ece=0.0530 kl_weight=0.000000 loss_kl_raw=632966.5000
[eval] adapter_cls=BayesPaperAdapter
[eval] raw_logits_shape=(10, 256, 101)
[eval] reduced_logits_shape=(256, 101)
[Epoch 243] lr=0.008646 train_loss=0.0240 loss_reg=0.0099 val_acc=0.7592 val_nlpd=0.8570 val_ece=0.0549 kl_weight=0.000000 loss_kl_raw=633038.0625
[eval] adapter_cls=BayesPaperAdapter
[eval] raw_logits_shape=(10, 256, 101)
[eval] reduced_logits_shape=(256, 101)
[Epoch 244] lr=0.008354 train_loss=0.0242 loss_reg=0.0099 val_acc=0.7608 val_nlpd=0.8553 val_ece=0.0535 kl_weight=0.000000 loss_kl_raw=633107.2500
[eval] adapter_cls=BayesPaperAdapter
[eval] raw_logits_shape=(10, 256, 101)
[eval] reduced_logits_shape=(256, 101)
[Epoch 245] lr=0.008066 train_loss=0.0243 loss_reg=0.0100 val_acc=0.7597 val_nlpd=0.8559 val_ece=0.0545 kl_weight=0.000000 loss_kl_raw=633173.8125
[eval] adapter_cls=BayesPaperAdapter
[eval] raw_logits_shape=(10, 256, 101)
[eval] reduced_logits_shape=(256, 101)
[Epoch 246] lr=0.007784 train_loss=0.0242 loss_reg=0.0100 val_acc=0.7597 val_nlpd=0.8550 val_ece=0.0543 kl_weight=0.000000 loss_kl_raw=633238.1875
[eval] adapter_cls=BayesPaperAdapter
[eval] raw_logits_shape=(10, 256, 101)
[eval] reduced_logits_shape=(256, 101)
[Epoch 247] lr=0.007505 train_loss=0.0242 loss_reg=0.0100 val_acc=0.7597 val_nlpd=0.8564 val_ece=0.0543 kl_weight=0.000000 loss_kl_raw=633300.0000
[eval] adapter_cls=BayesPaperAdapter
[eval] raw_logits_shape=(10, 256, 101)
[eval] reduced_logits_shape=(256, 101)
[Epoch 248] lr=0.007232 train_loss=0.0243 loss_reg=0.0101 val_acc=0.7629 val_nlpd=0.8553 val_ece=0.0511 kl_weight=0.000000 loss_kl_raw=633359.5625
[eval] adapter_cls=BayesPaperAdapter
[eval] raw_logits_shape=(10, 256, 101)
[eval] reduced_logits_shape=(256, 101)
[Epoch 249] lr=0.006963 train_loss=0.0243 loss_reg=0.0101 val_acc=0.7608 val_nlpd=0.8571 val_ece=0.0532 kl_weight=0.000000 loss_kl_raw=633416.6875
[eval] adapter_cls=BayesPaperAdapter
[eval] raw_logits_shape=(10, 256, 101)
[eval] reduced_logits_shape=(256, 101)
[Epoch 250] lr=0.006699 train_loss=0.0243 loss_reg=0.0102 val_acc=0.7613 val_nlpd=0.8553 val_ece=0.0531 kl_weight=0.000000 loss_kl_raw=633471.6250
[eval] adapter_cls=BayesPaperAdapter
[eval] raw_logits_shape=(10, 256, 101)
[eval] reduced_logits_shape=(256, 101)
[Epoch 251] lr=0.006439 train_loss=0.0244 loss_reg=0.0102 val_acc=0.7613 val_nlpd=0.8555 val_ece=0.0528 kl_weight=0.000000 loss_kl_raw=633524.3125
[eval] adapter_cls=BayesPaperAdapter
[eval] raw_logits_shape=(10, 256, 101)
[eval] reduced_logits_shape=(256, 101)
[Epoch 252] lr=0.006185 train_loss=0.0244 loss_reg=0.0103 val_acc=0.7619 val_nlpd=0.8552 val_ece=0.0524 kl_weight=0.000000 loss_kl_raw=633575.0625
[eval] adapter_cls=BayesPaperAdapter
[eval] raw_logits_shape=(10, 256, 101)
[eval] reduced_logits_shape=(256, 101)
[Epoch 253] lr=0.005935 train_loss=0.0245 loss_reg=0.0103 val_acc=0.7624 val_nlpd=0.8565 val_ece=0.0518 kl_weight=0.000000 loss_kl_raw=633623.6250
[eval] adapter_cls=BayesPaperAdapter
[eval] raw_logits_shape=(10, 256, 101)
[eval] reduced_logits_shape=(256, 101)
[Epoch 254] lr=0.005690 train_loss=0.0245 loss_reg=0.0103 val_acc=0.7603 val_nlpd=0.8554 val_ece=0.0543 kl_weight=0.000000 loss_kl_raw=633670.1875
[eval] adapter_cls=BayesPaperAdapter
[eval] raw_logits_shape=(10, 256, 101)
[eval] reduced_logits_shape=(256, 101)
[Epoch 255] lr=0.005450 train_loss=0.0246 loss_reg=0.0104 val_acc=0.7629 val_nlpd=0.8538 val_ece=0.0514 kl_weight=0.000000 loss_kl_raw=633714.8125
[eval] adapter_cls=BayesPaperAdapter
[eval] raw_logits_shape=(10, 256, 101)
[eval] reduced_logits_shape=(256, 101)
[Epoch 256] lr=0.005214 train_loss=0.0246 loss_reg=0.0104 val_acc=0.7603 val_nlpd=0.8573 val_ece=0.0537 kl_weight=0.000000 loss_kl_raw=633757.4375
[eval] adapter_cls=BayesPaperAdapter
[eval] raw_logits_shape=(10, 256, 101)
[eval] reduced_logits_shape=(256, 101)
[Epoch 257] lr=0.004984 train_loss=0.0245 loss_reg=0.0105 val_acc=0.7587 val_nlpd=0.8553 val_ece=0.0556 kl_weight=0.000000 loss_kl_raw=633798.3125
[eval] adapter_cls=BayesPaperAdapter
[eval] raw_logits_shape=(10, 256, 101)
[eval] reduced_logits_shape=(256, 101)
[Epoch 258] lr=0.004759 train_loss=0.0246 loss_reg=0.0105 val_acc=0.7613 val_nlpd=0.8545 val_ece=0.0530 kl_weight=0.000000 loss_kl_raw=633837.0625
[eval] adapter_cls=BayesPaperAdapter
[eval] raw_logits_shape=(10, 256, 101)
[eval] reduced_logits_shape=(256, 101)
[Epoch 259] lr=0.004538 train_loss=0.0247 loss_reg=0.0105 val_acc=0.7592 val_nlpd=0.8564 val_ece=0.0551 kl_weight=0.000000 loss_kl_raw=633874.0625
[eval] adapter_cls=BayesPaperAdapter
[eval] raw_logits_shape=(10, 256, 101)
[eval] reduced_logits_shape=(256, 101)
[Epoch 260] lr=0.004323 train_loss=0.0247 loss_reg=0.0106 val_acc=0.7597 val_nlpd=0.8560 val_ece=0.0548 kl_weight=0.000000 loss_kl_raw=633909.3750
[eval] adapter_cls=BayesPaperAdapter
[eval] raw_logits_shape=(10, 256, 101)
[eval] reduced_logits_shape=(256, 101)
[Epoch 261] lr=0.004112 train_loss=0.0246 loss_reg=0.0106 val_acc=0.7592 val_nlpd=0.8547 val_ece=0.0549 kl_weight=0.000000 loss_kl_raw=633943.0000
[eval] adapter_cls=BayesPaperAdapter
[eval] raw_logits_shape=(10, 256, 101)
[eval] reduced_logits_shape=(256, 101)
[Epoch 262] lr=0.003907 train_loss=0.0249 loss_reg=0.0107 val_acc=0.7603 val_nlpd=0.8558 val_ece=0.0539 kl_weight=0.000000 loss_kl_raw=633974.9375
[eval] adapter_cls=BayesPaperAdapter
[eval] raw_logits_shape=(10, 256, 101)
[eval] reduced_logits_shape=(256, 101)
[Epoch 263] lr=0.003706 train_loss=0.0248 loss_reg=0.0107 val_acc=0.7587 val_nlpd=0.8588 val_ece=0.0555 kl_weight=0.000000 loss_kl_raw=634005.1875
[eval] adapter_cls=BayesPaperAdapter
[eval] raw_logits_shape=(10, 256, 101)
[eval] reduced_logits_shape=(256, 101)
[Epoch 264] lr=0.003511 train_loss=0.0249 loss_reg=0.0107 val_acc=0.7613 val_nlpd=0.8560 val_ece=0.0528 kl_weight=0.000000 loss_kl_raw=634033.8750
[eval] adapter_cls=BayesPaperAdapter
[eval] raw_logits_shape=(10, 256, 101)
[eval] reduced_logits_shape=(256, 101)
[Epoch 265] lr=0.003321 train_loss=0.0249 loss_reg=0.0108 val_acc=0.7613 val_nlpd=0.8578 val_ece=0.0530 kl_weight=0.000000 loss_kl_raw=634061.1250
[eval] adapter_cls=BayesPaperAdapter
[eval] raw_logits_shape=(10, 256, 101)
[eval] reduced_logits_shape=(256, 101)
[Epoch 266] lr=0.003136 train_loss=0.0250 loss_reg=0.0108 val_acc=0.7592 val_nlpd=0.8548 val_ece=0.0553 kl_weight=0.000000 loss_kl_raw=634086.8125
[eval] adapter_cls=BayesPaperAdapter
[eval] raw_logits_shape=(10, 256, 101)
[eval] reduced_logits_shape=(256, 101)
[Epoch 267] lr=0.002956 train_loss=0.0251 loss_reg=0.0109 val_acc=0.7603 val_nlpd=0.8566 val_ece=0.0538 kl_weight=0.000000 loss_kl_raw=634111.0625
[eval] adapter_cls=BayesPaperAdapter
[eval] raw_logits_shape=(10, 256, 101)
[eval] reduced_logits_shape=(256, 101)
[Epoch 268] lr=0.002781 train_loss=0.0250 loss_reg=0.0109 val_acc=0.7613 val_nlpd=0.8560 val_ece=0.0530 kl_weight=0.000000 loss_kl_raw=634133.9375
[eval] adapter_cls=BayesPaperAdapter
[eval] raw_logits_shape=(10, 256, 101)
[eval] reduced_logits_shape=(256, 101)
[Epoch 269] lr=0.002612 train_loss=0.0251 loss_reg=0.0110 val_acc=0.7597 val_nlpd=0.8581 val_ece=0.0547 kl_weight=0.000000 loss_kl_raw=634155.4375
[eval] adapter_cls=BayesPaperAdapter
[eval] raw_logits_shape=(10, 256, 101)
[eval] reduced_logits_shape=(256, 101)
[Epoch 270] lr=0.002447 train_loss=0.0251 loss_reg=0.0110 val_acc=0.7603 val_nlpd=0.8562 val_ece=0.0540 kl_weight=0.000000 loss_kl_raw=634175.6250
[eval] adapter_cls=BayesPaperAdapter
[eval] raw_logits_shape=(10, 256, 101)
[eval] reduced_logits_shape=(256, 101)
[Epoch 271] lr=0.002288 train_loss=0.0252 loss_reg=0.0110 val_acc=0.7597 val_nlpd=0.8576 val_ece=0.0542 kl_weight=0.000000 loss_kl_raw=634194.5625
[eval] adapter_cls=BayesPaperAdapter
[eval] raw_logits_shape=(10, 256, 101)
[eval] reduced_logits_shape=(256, 101)
[Epoch 272] lr=0.002134 train_loss=0.0251 loss_reg=0.0111 val_acc=0.7608 val_nlpd=0.8555 val_ece=0.0532 kl_weight=0.000000 loss_kl_raw=634212.1875
[eval] adapter_cls=BayesPaperAdapter
[eval] raw_logits_shape=(10, 256, 101)
[eval] reduced_logits_shape=(256, 101)
[Epoch 273] lr=0.001985 train_loss=0.0252 loss_reg=0.0111 val_acc=0.7561 val_nlpd=0.8561 val_ece=0.0581 kl_weight=0.000000 loss_kl_raw=634228.6875
[eval] adapter_cls=BayesPaperAdapter
[eval] raw_logits_shape=(10, 256, 101)
[eval] reduced_logits_shape=(256, 101)
[Epoch 274] lr=0.001842 train_loss=0.0251 loss_reg=0.0112 val_acc=0.7592 val_nlpd=0.8562 val_ece=0.0550 kl_weight=0.000000 loss_kl_raw=634244.0000
[eval] adapter_cls=BayesPaperAdapter
[eval] raw_logits_shape=(10, 256, 101)
[eval] reduced_logits_shape=(256, 101)
[Epoch 275] lr=0.001704 train_loss=0.0253 loss_reg=0.0112 val_acc=0.7613 val_nlpd=0.8565 val_ece=0.0532 kl_weight=0.000000 loss_kl_raw=634258.1875
[eval] adapter_cls=BayesPaperAdapter
[eval] raw_logits_shape=(10, 256, 101)
[eval] reduced_logits_shape=(256, 101)
[Epoch 276] lr=0.001571 train_loss=0.0253 loss_reg=0.0112 val_acc=0.7587 val_nlpd=0.8555 val_ece=0.0556 kl_weight=0.000000 loss_kl_raw=634271.3750
[eval] adapter_cls=BayesPaperAdapter
[eval] raw_logits_shape=(10, 256, 101)
[eval] reduced_logits_shape=(256, 101)
[Epoch 277] lr=0.001443 train_loss=0.0253 loss_reg=0.0113 val_acc=0.7597 val_nlpd=0.8581 val_ece=0.0543 kl_weight=0.000000 loss_kl_raw=634283.5000
[eval] adapter_cls=BayesPaperAdapter
[eval] raw_logits_shape=(10, 256, 101)
[eval] reduced_logits_shape=(256, 101)
[Epoch 278] lr=0.001321 train_loss=0.0254 loss_reg=0.0113 val_acc=0.7592 val_nlpd=0.8577 val_ece=0.0546 kl_weight=0.000000 loss_kl_raw=634294.6250
[eval] adapter_cls=BayesPaperAdapter
[eval] raw_logits_shape=(10, 256, 101)
[eval] reduced_logits_shape=(256, 101)
[Epoch 279] lr=0.001204 train_loss=0.0255 loss_reg=0.0114 val_acc=0.7587 val_nlpd=0.8545 val_ece=0.0557 kl_weight=0.000000 loss_kl_raw=634304.8125
[eval] adapter_cls=BayesPaperAdapter
[eval] raw_logits_shape=(10, 256, 101)
[eval] reduced_logits_shape=(256, 101)
[Epoch 280] lr=0.001093 train_loss=0.0255 loss_reg=0.0114 val_acc=0.7608 val_nlpd=0.8562 val_ece=0.0532 kl_weight=0.000000 loss_kl_raw=634314.1875
[eval] adapter_cls=BayesPaperAdapter
[eval] raw_logits_shape=(10, 256, 101)
[eval] reduced_logits_shape=(256, 101)
[Epoch 281] lr=0.000986 train_loss=0.0256 loss_reg=0.0114 val_acc=0.7613 val_nlpd=0.8572 val_ece=0.0527 kl_weight=0.000000 loss_kl_raw=634322.6875
[eval] adapter_cls=BayesPaperAdapter
[eval] raw_logits_shape=(10, 256, 101)
[eval] reduced_logits_shape=(256, 101)
[Epoch 282] lr=0.000886 train_loss=0.0257 loss_reg=0.0115 val_acc=0.7603 val_nlpd=0.8564 val_ece=0.0542 kl_weight=0.000000 loss_kl_raw=634330.3750
[eval] adapter_cls=BayesPaperAdapter
[eval] raw_logits_shape=(10, 256, 101)
[eval] reduced_logits_shape=(256, 101)
[Epoch 283] lr=0.000790 train_loss=0.0256 loss_reg=0.0115 val_acc=0.7582 val_nlpd=0.8573 val_ece=0.0561 kl_weight=0.000000 loss_kl_raw=634337.2500
[eval] adapter_cls=BayesPaperAdapter
[eval] raw_logits_shape=(10, 256, 101)
[eval] reduced_logits_shape=(256, 101)
[Epoch 284] lr=0.000700 train_loss=0.0257 loss_reg=0.0116 val_acc=0.7613 val_nlpd=0.8546 val_ece=0.0530 kl_weight=0.000000 loss_kl_raw=634343.5000
[eval] adapter_cls=BayesPaperAdapter
[eval] raw_logits_shape=(10, 256, 101)
[eval] reduced_logits_shape=(256, 101)
[Epoch 285] lr=0.000616 train_loss=0.0258 loss_reg=0.0116 val_acc=0.7582 val_nlpd=0.8576 val_ece=0.0560 kl_weight=0.000000 loss_kl_raw=634349.0000
[eval] adapter_cls=BayesPaperAdapter
[eval] raw_logits_shape=(10, 256, 101)
[eval] reduced_logits_shape=(256, 101)
[Epoch 286] lr=0.000536 train_loss=0.0258 loss_reg=0.0117 val_acc=0.7597 val_nlpd=0.8550 val_ece=0.0546 kl_weight=0.000000 loss_kl_raw=634353.8750
[eval] adapter_cls=BayesPaperAdapter
[eval] raw_logits_shape=(10, 256, 101)
[eval] reduced_logits_shape=(256, 101)
[Epoch 287] lr=0.000463 train_loss=0.0259 loss_reg=0.0117 val_acc=0.7597 val_nlpd=0.8574 val_ece=0.0545 kl_weight=0.000000 loss_kl_raw=634358.1875
[eval] adapter_cls=BayesPaperAdapter
[eval] raw_logits_shape=(10, 256, 101)
[eval] reduced_logits_shape=(256, 101)
[Epoch 288] lr=0.000394 train_loss=0.0259 loss_reg=0.0117 val_acc=0.7592 val_nlpd=0.8580 val_ece=0.0550 kl_weight=0.000000 loss_kl_raw=634362.0000
[eval] adapter_cls=BayesPaperAdapter
[eval] raw_logits_shape=(10, 256, 101)
[eval] reduced_logits_shape=(256, 101)
[Epoch 289] lr=0.000331 train_loss=0.0259 loss_reg=0.0118 val_acc=0.7597 val_nlpd=0.8579 val_ece=0.0545 kl_weight=0.000000 loss_kl_raw=634365.1250
[eval] adapter_cls=BayesPaperAdapter
[eval] raw_logits_shape=(10, 256, 101)
[eval] reduced_logits_shape=(256, 101)
[Epoch 290] lr=0.000274 train_loss=0.0259 loss_reg=0.0118 val_acc=0.7592 val_nlpd=0.8562 val_ece=0.0549 kl_weight=0.000000 loss_kl_raw=634367.8750
[eval] adapter_cls=BayesPaperAdapter
[eval] raw_logits_shape=(10, 256, 101)
[eval] reduced_logits_shape=(256, 101)
[Epoch 291] lr=0.000222 train_loss=0.0260 loss_reg=0.0119 val_acc=0.7603 val_nlpd=0.8572 val_ece=0.0539 kl_weight=0.000000 loss_kl_raw=634370.1875
[eval] adapter_cls=BayesPaperAdapter
[eval] raw_logits_shape=(10, 256, 101)
[eval] reduced_logits_shape=(256, 101)
[Epoch 292] lr=0.000175 train_loss=0.0260 loss_reg=0.0119 val_acc=0.7592 val_nlpd=0.8558 val_ece=0.0551 kl_weight=0.000000 loss_kl_raw=634372.0625
[eval] adapter_cls=BayesPaperAdapter
[eval] raw_logits_shape=(10, 256, 101)
[eval] reduced_logits_shape=(256, 101)
[Epoch 293] lr=0.000134 train_loss=0.0260 loss_reg=0.0119 val_acc=0.7587 val_nlpd=0.8551 val_ece=0.0555 kl_weight=0.000000 loss_kl_raw=634373.6250
[eval] adapter_cls=BayesPaperAdapter
[eval] raw_logits_shape=(10, 256, 101)
[eval] reduced_logits_shape=(256, 101)
[Epoch 294] lr=0.000099 train_loss=0.0261 loss_reg=0.0120 val_acc=0.7608 val_nlpd=0.8569 val_ece=0.0532 kl_weight=0.000000 loss_kl_raw=634374.7500
[eval] adapter_cls=BayesPaperAdapter
[eval] raw_logits_shape=(10, 256, 101)
[eval] reduced_logits_shape=(256, 101)
[Epoch 295] lr=0.000069 train_loss=0.0262 loss_reg=0.0120 val_acc=0.7619 val_nlpd=0.8559 val_ece=0.0527 kl_weight=0.000000 loss_kl_raw=634375.7500
[eval] adapter_cls=BayesPaperAdapter
[eval] raw_logits_shape=(10, 256, 101)
[eval] reduced_logits_shape=(256, 101)
[Epoch 296] lr=0.000044 train_loss=0.0261 loss_reg=0.0121 val_acc=0.7624 val_nlpd=0.8566 val_ece=0.0519 kl_weight=0.000000 loss_kl_raw=634376.3750
[eval] adapter_cls=BayesPaperAdapter
[eval] raw_logits_shape=(10, 256, 101)
[eval] reduced_logits_shape=(256, 101)
[Epoch 297] lr=0.000025 train_loss=0.0262 loss_reg=0.0121 val_acc=0.7603 val_nlpd=0.8568 val_ece=0.0540 kl_weight=0.000000 loss_kl_raw=634376.8125
[eval] adapter_cls=BayesPaperAdapter
[eval] raw_logits_shape=(10, 256, 101)
[eval] reduced_logits_shape=(256, 101)
[Epoch 298] lr=0.000011 train_loss=0.0263 loss_reg=0.0121 val_acc=0.7582 val_nlpd=0.8581 val_ece=0.0561 kl_weight=0.000000 loss_kl_raw=634377.1250
[eval] adapter_cls=BayesPaperAdapter
[eval] raw_logits_shape=(10, 256, 101)
[eval] reduced_logits_shape=(256, 101)
[Epoch 299] lr=0.000003 train_loss=0.0263 loss_reg=0.0122 val_acc=0.7592 val_nlpd=0.8567 val_ece=0.0548 kl_weight=0.000000 loss_kl_raw=634377.2500
[eval] adapter_cls=BayesPaperAdapter
[eval] raw_logits_shape=(10, 256, 101)
[eval] reduced_logits_shape=(256, 101)
[Epoch 300] lr=0.000000 train_loss=0.0263 loss_reg=0.0122 val_acc=0.7640 val_nlpd=0.8557 val_ece=0.0505 kl_weight=0.000000 loss_kl_raw=634377.2500
[done] training complete:
{
  "family": "vlm_adapter",
  "variant": "BAYESADAPTER",
  "protocol": "id",
  "dataset": "ucf101",
  "seed": 3,
  "model_selection": "last",
  "selection_metric": "acc",
  "selection_mode": "max",
  "best_epoch": 300,
  "best_val_metrics_saved": {
    "loss": 0.8573706459069529,
    "acc": 0.7639620900154114,
    "nlpd": 0.8557062149047852,
    "ece": 0.05049437656998634,
    "aece": 0.05196109200553974,
    "raw_cov_99": 0.2908324599266052,
    "sel_acc_99": 0.9981883764266968,
    "reliable_99": 1.0,
    "cov_99": 0.2908324599266052,
    "class_cov_99": 0.7326732673267327,
    "raw_cov_95": 0.46838778257369995,
    "sel_acc_95": 0.9775028228759766,
    "reliable_95": 1.0,
    "cov_95": 0.46838778257369995,
    "class_cov_95": 0.900990099009901,
    "raw_cov_90": 0.549525797367096,
    "sel_acc_90": 0.9616490602493286,
    "reliable_90": 1.0,
    "cov_90": 0.549525797367096,
    "class_cov_90": 0.9603960396039604,
    "raw_cov_85": 0.6032665967941284,
    "sel_acc_85": 0.943231463432312,
    "reliable_85": 1.0,
    "cov_85": 0.6032665967941284,
    "class_cov_85": 0.9801980198019802,
    "raw_cov_80": 0.6443625092506409,
    "sel_acc_80": 0.929681122303009,
    "reliable_80": 1.0,
    "cov_80": 0.6443625092506409,
    "class_cov_80": 1.0
  },
  "last_epoch": 300,
  "last_val_metrics_saved": {
    "loss": 0.8573706459069529,
    "acc": 0.7639620900154114,
    "nlpd": 0.8557062149047852,
    "ece": 0.05049437656998634,
    "aece": 0.05196109200553974,
    "raw_cov_99": 0.2908324599266052,
    "sel_acc_99": 0.9981883764266968,
    "reliable_99": 1.0,
    "cov_99": 0.2908324599266052,
    "class_cov_99": 0.7326732673267327,
    "raw_cov_95": 0.46838778257369995,
    "sel_acc_95": 0.9775028228759766,
    "reliable_95": 1.0,
    "cov_95": 0.46838778257369995,
    "class_cov_95": 0.900990099009901,
    "raw_cov_90": 0.549525797367096,
    "sel_acc_90": 0.9616490602493286,
    "reliable_90": 1.0,
    "cov_90": 0.549525797367096,
    "class_cov_90": 0.9603960396039604,
    "raw_cov_85": 0.6032665967941284,
    "sel_acc_85": 0.943231463432312,
    "reliable_85": 1.0,
    "cov_85": 0.6032665967941284,
    "class_cov_85": 0.9801980198019802,
    "raw_cov_80": 0.6443625092506409,
    "sel_acc_80": 0.929681122303009,
    "reliable_80": 1.0,
    "cov_80": 0.6443625092506409,
    "class_cov_80": 1.0
  },
  "run_dir": "/root/autodl-tmp/BayesVLM/output/vlm_adapter/id/ucf101/BAYESADAPTER/BAYESADAPTER/logit_scale_frozen/prior_text_only__seed_3__last/shot_2/seed_3",
  "elapsed_seconds": 23.79,
  "artifacts": {
    "log_file": "train/train.log",
    "config_file": "config/config.json",
    "class_names_file": "config/class_names.json",
    "metrics_csv_file": "train/metrics_history.csv",
    "best_ckpt_file": "checkpoints/best_adapter.pt",
    "last_ckpt_file": "checkpoints/last_adapter.pt"
  }
}
