[run] family=vlm_adapter
[run] variant=BAYESADAPTER
[run] protocol=id
[run] dataset=ucf101
[run] model=clip-base
[run] shots_per_class=16
[run] seed=3
[run] device=cuda
[run] run_dir=/root/autodl-tmp/BayesVLM/output/vlm_adapter/id/ucf101/BAYESADAPTER/BAYESADAPTER/logit_scale_frozen/prior_text_only__seed_3__last/shot_16/seed_3
[run] optimizer=sgd
[run] lr_scheduler=cosine
[run] model_selection=last
[note] pseudo_data_count=None retained only for explicit config parity.
[note] bayesadapter_covariance_mode=paper_scalar
[note] bayesadapter_text_only_run_dir=./output/text_only_bayes_coop_bayes/id/ucf101/logit_scale_frozen/shot_16/seed_3
[note] bayesadapter_text_only_ckpt=last
===== train =====
num_classes: 101
  0 | Apply_Eye_Makeup          | 16
  1 | Apply_Lipstick            | 16
  2 | Archery                   | 16
  3 | Baby_Crawling             | 16
  4 | Balance_Beam              | 16
  5 | Band_Marching             | 16
  6 | Baseball_Pitch            | 16
  7 | Basketball                | 16
  8 | Basketball_Dunk           | 16
  9 | Bench_Press               | 16
 10 | Biking                    | 16
 11 | Billiards                 | 16
 12 | Blow_Dry_Hair             | 16
 13 | Blowing_Candles           | 16
 14 | Body_Weight_Squats        | 16
 15 | Bowling                   | 16
 16 | Boxing_Punching_Bag       | 16
 17 | Boxing_Speed_Bag          | 16
 18 | Breast_Stroke             | 16
 19 | Brushing_Teeth            | 16
 20 | Clean_And_Jerk            | 16
 21 | Cliff_Diving              | 16
 22 | Cricket_Bowling           | 16
 23 | Cricket_Shot              | 16
 24 | Cutting_In_Kitchen        | 16
 25 | Diving                    | 16
 26 | Drumming                  | 16
 27 | Fencing                   | 16
 28 | Field_Hockey_Penalty      | 16
 29 | Floor_Gymnastics          | 16
 30 | Frisbee_Catch             | 16
 31 | Front_Crawl               | 16
 32 | Golf_Swing                | 16
 33 | Haircut                   | 16
 34 | Hammering                 | 16
 35 | Hammer_Throw              | 16
 36 | Handstand_Pushups         | 16
 37 | Handstand_Walking         | 16
 38 | Head_Massage              | 16
 39 | High_Jump                 | 16
 40 | Horse_Race                | 16
 41 | Horse_Riding              | 16
 42 | Hula_Hoop                 | 16
 43 | Ice_Dancing               | 16
 44 | Javelin_Throw             | 16
 45 | Juggling_Balls            | 16
 46 | Jumping_Jack              | 16
 47 | Jump_Rope                 | 16
 48 | Kayaking                  | 16
 49 | Knitting                  | 16
 50 | Long_Jump                 | 16
 51 | Lunges                    | 16
 52 | Military_Parade           | 16
 53 | Mixing                    | 16
 54 | Mopping_Floor             | 16
 55 | Nunchucks                 | 16
 56 | Parallel_Bars             | 16
 57 | Pizza_Tossing             | 16
 58 | Playing_Cello             | 16
 59 | Playing_Daf               | 16
 60 | Playing_Dhol              | 16
 61 | Playing_Flute             | 16
 62 | Playing_Guitar            | 16
 63 | Playing_Piano             | 16
 64 | Playing_Sitar             | 16
 65 | Playing_Tabla             | 16
 66 | Playing_Violin            | 16
 67 | Pole_Vault                | 16
 68 | Pommel_Horse              | 16
 69 | Pull_Ups                  | 16
 70 | Punch                     | 16
 71 | Push_Ups                  | 16
 72 | Rafting                   | 16
 73 | Rock_Climbing_Indoor      | 16
 74 | Rope_Climbing             | 16
 75 | Rowing                    | 16
 76 | Salsa_Spin                | 16
 77 | Shaving_Beard             | 16
 78 | Shotput                   | 16
 79 | Skate_Boarding            | 16
 80 | Skiing                    | 16
 81 | Skijet                    | 16
 82 | Sky_Diving                | 16
 83 | Soccer_Juggling           | 16
 84 | Soccer_Penalty            | 16
 85 | Still_Rings               | 16
 86 | Sumo_Wrestling            | 16
 87 | Surfing                   | 16
 88 | Swing                     | 16
 89 | Table_Tennis_Shot         | 16
 90 | Tai_Chi                   | 16
 91 | Tennis_Swing              | 16
 92 | Throw_Discus              | 16
 93 | Trampoline_Jumping        | 16
 94 | Typing                    | 16
 95 | Uneven_Bars               | 16
 96 | Volleyball_Spiking        | 16
 97 | Walking_With_Dog          | 16
 98 | Wall_Pushups              | 16
 99 | Writing_On_Board          | 16
100 | Yo_Yo                     | 16
===== test =====
num_classes: 101
  0 | Apply_Eye_Makeup          | 44
  1 | Apply_Lipstick            | 32
  2 | Archery                   | 41
  3 | Baby_Crawling             | 35
  4 | Balance_Beam              | 31
  5 | Band_Marching             | 43
  6 | Baseball_Pitch            | 43
  7 | Basketball                | 35
  8 | Basketball_Dunk           | 37
  9 | Bench_Press               | 48
 10 | Biking                    | 38
 11 | Billiards                 | 40
 12 | Blow_Dry_Hair             | 38
 13 | Blowing_Candles           | 33
 14 | Body_Weight_Squats        | 30
 15 | Bowling                   | 43
 16 | Boxing_Punching_Bag       | 49
 17 | Boxing_Speed_Bag          | 37
 18 | Breast_Stroke             | 28
 19 | Brushing_Teeth            | 36
 20 | Clean_And_Jerk            | 33
 21 | Cliff_Diving              | 39
 22 | Cricket_Bowling           | 36
 23 | Cricket_Shot              | 49
 24 | Cutting_In_Kitchen        | 33
 25 | Diving                    | 45
 26 | Drumming                  | 45
 27 | Fencing                   | 34
 28 | Field_Hockey_Penalty      | 40
 29 | Floor_Gymnastics          | 36
 30 | Frisbee_Catch             | 37
 31 | Front_Crawl               | 37
 32 | Golf_Swing                | 39
 33 | Haircut                   | 33
 34 | Hammering                 | 33
 35 | Hammer_Throw              | 45
 36 | Handstand_Pushups         | 28
 37 | Handstand_Walking         | 34
 38 | Head_Massage              | 41
 39 | High_Jump                 | 37
 40 | Horse_Race                | 35
 41 | Horse_Riding              | 49
 42 | Hula_Hoop                 | 34
 43 | Ice_Dancing               | 46
 44 | Javelin_Throw             | 31
 45 | Juggling_Balls            | 40
 46 | Jumping_Jack              | 37
 47 | Jump_Rope                 | 38
 48 | Kayaking                  | 36
 49 | Knitting                  | 34
 50 | Long_Jump                 | 39
 51 | Lunges                    | 37
 52 | Military_Parade           | 33
 53 | Mixing                    | 45
 54 | Mopping_Floor             | 34
 55 | Nunchucks                 | 35
 56 | Parallel_Bars             | 37
 57 | Pizza_Tossing             | 33
 58 | Playing_Cello             | 44
 59 | Playing_Daf               | 41
 60 | Playing_Dhol              | 49
 61 | Playing_Flute             | 48
 62 | Playing_Guitar            | 43
 63 | Playing_Piano             | 28
 64 | Playing_Sitar             | 44
 65 | Playing_Tabla             | 31
 66 | Playing_Violin            | 28
 67 | Pole_Vault                | 40
 68 | Pommel_Horse              | 35
 69 | Pull_Ups                  | 28
 70 | Punch                     | 39
 71 | Push_Ups                  | 30
 72 | Rafting                   | 28
 73 | Rock_Climbing_Indoor      | 41
 74 | Rope_Climbing             | 34
 75 | Rowing                    | 36
 76 | Salsa_Spin                | 43
 77 | Shaving_Beard             | 43
 78 | Shotput                   | 46
 79 | Skate_Boarding            | 32
 80 | Skiing                    | 40
 81 | Skijet                    | 28
 82 | Sky_Diving                | 31
 83 | Soccer_Juggling           | 39
 84 | Soccer_Penalty            | 41
 85 | Still_Rings               | 32
 86 | Sumo_Wrestling            | 34
 87 | Surfing                   | 33
 88 | Swing                     | 42
 89 | Table_Tennis_Shot         | 39
 90 | Tai_Chi                   | 28
 91 | Tennis_Swing              | 49
 92 | Throw_Discus              | 38
 93 | Trampoline_Jumping        | 32
 94 | Typing                    | 43
 95 | Uneven_Bars               | 28
 96 | Volleyball_Spiking        | 35
 97 | Walking_With_Dog          | 36
 98 | Wall_Pushups              | 35
 99 | Writing_On_Board          | 45
100 | Yo_Yo                     | 36
[load_model] 使用本地模型目录：/root/autodl-tmp/BayesVLM/models/clip-vit-b32
[cache] dataset=ucf101 split=id_train cache_dir=/root/autodl-tmp/BayesVLM/cache/image_features/ucf101/model_clip-base/weights__root_autodl-tmp_BayesVLM_models_clip-vit-b32/imgsz_224/tfm_cf4d0ebdf93a/id_train
[cache] manifest 不匹配，准备重建。
[cache] manifest_diff_keys=['sample_keys_sha256']
[cache]   sample_keys_sha256: current=04fc3c94f803c62751dcb329d7db316682214ff1e6d55fe2a366d780230acd81 | expected=759d4bfa6452d249f81732afdd5eb512b35939231a080f13fcb45e64aea002d2
  0%|          | 0/7 [00:00<?, ?it/s] 14%|#4        | 1/7 [00:01<00:07,  1.32s/it] 43%|####2     | 3/7 [00:01<00:01,  2.48it/s] 71%|#######1  | 5/7 [00:01<00:00,  4.20it/s]100%|##########| 7/7 [00:01<00:00,  6.23it/s]100%|##########| 7/7 [00:01<00:00,  3.98it/s]
[cache] 已完成重建并写入 manifest。
[cache] dataset=ucf101 split=id_train_eval cache_dir=/root/autodl-tmp/BayesVLM/cache/image_features/ucf101/model_clip-base/weights__root_autodl-tmp_BayesVLM_models_clip-vit-b32/imgsz_224/tfm_cf4d0ebdf93a/id_train_eval
[cache] manifest 不匹配，准备重建。
[cache] manifest_diff_keys=['sample_keys_sha256']
[cache]   sample_keys_sha256: current=04fc3c94f803c62751dcb329d7db316682214ff1e6d55fe2a366d780230acd81 | expected=759d4bfa6452d249f81732afdd5eb512b35939231a080f13fcb45e64aea002d2
  0%|          | 0/7 [00:00<?, ?it/s] 14%|#4        | 1/7 [00:01<00:06,  1.09s/it] 43%|####2     | 3/7 [00:01<00:01,  2.50it/s] 71%|#######1  | 5/7 [00:01<00:00,  4.23it/s]100%|##########| 7/7 [00:01<00:00,  6.27it/s]100%|##########| 7/7 [00:01<00:00,  4.17it/s]
[cache] 已完成重建并写入 manifest。
[cache] dataset=ucf101 split=id_val cache_dir=/root/autodl-tmp/BayesVLM/cache/image_features/ucf101/model_clip-base/weights__root_autodl-tmp_BayesVLM_models_clip-vit-b32/imgsz_224/tfm_cf4d0ebdf93a/id_val
[cache] 命中缓存，直接加载。
[cache] dataset=ucf101 split=id_test cache_dir=/root/autodl-tmp/BayesVLM/cache/image_features/ucf101/model_clip-base/weights__root_autodl-tmp_BayesVLM_models_clip-vit-b32/imgsz_224/tfm_cf4d0ebdf93a/id_test
[cache] 命中缓存，直接加载。
[train] starting training loop ...
[eval] adapter_cls=BayesPaperAdapter
[eval] raw_logits_shape=(10, 256, 101)
[eval] reduced_logits_shape=(256, 101)
[Epoch 001] lr=0.099997 train_loss=1.3313 loss_reg=0.0000 val_acc=0.7002 val_nlpd=1.0679 val_ece=0.0503 kl_weight=0.000000 loss_kl_raw=58284.9609
[eval] adapter_cls=BayesPaperAdapter
[eval] raw_logits_shape=(10, 256, 101)
[eval] reduced_logits_shape=(256, 101)
[Epoch 002] lr=0.099989 train_loss=1.0223 loss_reg=0.0000 val_acc=0.7281 val_nlpd=0.9363 val_ece=0.0324 kl_weight=0.000000 loss_kl_raw=97033.6250
[eval] adapter_cls=BayesPaperAdapter
[eval] raw_logits_shape=(10, 256, 101)
[eval] reduced_logits_shape=(256, 101)
[Epoch 003] lr=0.099975 train_loss=0.8291 loss_reg=0.0000 val_acc=0.7729 val_nlpd=0.8272 val_ece=0.0185 kl_weight=0.000000 loss_kl_raw=143925.4219
[eval] adapter_cls=BayesPaperAdapter
[eval] raw_logits_shape=(10, 256, 101)
[eval] reduced_logits_shape=(256, 101)
[Epoch 004] lr=0.099956 train_loss=0.6819 loss_reg=0.0000 val_acc=0.7792 val_nlpd=0.7548 val_ece=0.0186 kl_weight=0.000000 loss_kl_raw=198809.9219
[eval] adapter_cls=BayesPaperAdapter
[eval] raw_logits_shape=(10, 256, 101)
[eval] reduced_logits_shape=(256, 101)
[Epoch 005] lr=0.099931 train_loss=0.5641 loss_reg=0.0001 val_acc=0.7935 val_nlpd=0.6942 val_ece=0.0217 kl_weight=0.000000 loss_kl_raw=257767.3281
[eval] adapter_cls=BayesPaperAdapter
[eval] raw_logits_shape=(10, 256, 101)
[eval] reduced_logits_shape=(256, 101)
[Epoch 006] lr=0.099901 train_loss=0.4818 loss_reg=0.0001 val_acc=0.8119 val_nlpd=0.6557 val_ece=0.0125 kl_weight=0.000000 loss_kl_raw=320405.0938
[eval] adapter_cls=BayesPaperAdapter
[eval] raw_logits_shape=(10, 256, 101)
[eval] reduced_logits_shape=(256, 101)
[Epoch 007] lr=0.099866 train_loss=0.4177 loss_reg=0.0001 val_acc=0.8156 val_nlpd=0.6298 val_ece=0.0133 kl_weight=0.000000 loss_kl_raw=386276.2500
[eval] adapter_cls=BayesPaperAdapter
[eval] raw_logits_shape=(10, 256, 101)
[eval] reduced_logits_shape=(256, 101)
[Epoch 008] lr=0.099825 train_loss=0.3686 loss_reg=0.0002 val_acc=0.8219 val_nlpd=0.6048 val_ece=0.0124 kl_weight=0.000000 loss_kl_raw=449401.8750
[eval] adapter_cls=BayesPaperAdapter
[eval] raw_logits_shape=(10, 256, 101)
[eval] reduced_logits_shape=(256, 101)
[Epoch 009] lr=0.099778 train_loss=0.3271 loss_reg=0.0002 val_acc=0.8256 val_nlpd=0.5866 val_ece=0.0140 kl_weight=0.000000 loss_kl_raw=510130.0938
[eval] adapter_cls=BayesPaperAdapter
[eval] raw_logits_shape=(10, 256, 101)
[eval] reduced_logits_shape=(256, 101)
[Epoch 010] lr=0.099726 train_loss=0.2945 loss_reg=0.0003 val_acc=0.8282 val_nlpd=0.5707 val_ece=0.0242 kl_weight=0.000000 loss_kl_raw=571083.3125
[eval] adapter_cls=BayesPaperAdapter
[eval] raw_logits_shape=(10, 256, 101)
[eval] reduced_logits_shape=(256, 101)
[Epoch 011] lr=0.099669 train_loss=0.2665 loss_reg=0.0004 val_acc=0.8298 val_nlpd=0.5586 val_ece=0.0179 kl_weight=0.000000 loss_kl_raw=630318.5000
[eval] adapter_cls=BayesPaperAdapter
[eval] raw_logits_shape=(10, 256, 101)
[eval] reduced_logits_shape=(256, 101)
[Epoch 012] lr=0.099606 train_loss=0.2417 loss_reg=0.0005 val_acc=0.8372 val_nlpd=0.5414 val_ece=0.0171 kl_weight=0.000000 loss_kl_raw=686310.1875
[eval] adapter_cls=BayesPaperAdapter
[eval] raw_logits_shape=(10, 256, 101)
[eval] reduced_logits_shape=(256, 101)
[Epoch 013] lr=0.099537 train_loss=0.2211 loss_reg=0.0006 val_acc=0.8425 val_nlpd=0.5360 val_ece=0.0212 kl_weight=0.000000 loss_kl_raw=738347.2500
[eval] adapter_cls=BayesPaperAdapter
[eval] raw_logits_shape=(10, 256, 101)
[eval] reduced_logits_shape=(256, 101)
[Epoch 014] lr=0.099464 train_loss=0.2042 loss_reg=0.0006 val_acc=0.8414 val_nlpd=0.5287 val_ece=0.0146 kl_weight=0.000000 loss_kl_raw=787507.5625
[eval] adapter_cls=BayesPaperAdapter
[eval] raw_logits_shape=(10, 256, 101)
[eval] reduced_logits_shape=(256, 101)
[Epoch 015] lr=0.099384 train_loss=0.1887 loss_reg=0.0007 val_acc=0.8414 val_nlpd=0.5193 val_ece=0.0142 kl_weight=0.000000 loss_kl_raw=837176.6875
[eval] adapter_cls=BayesPaperAdapter
[eval] raw_logits_shape=(10, 256, 101)
[eval] reduced_logits_shape=(256, 101)
[Epoch 016] lr=0.099300 train_loss=0.1762 loss_reg=0.0008 val_acc=0.8446 val_nlpd=0.5121 val_ece=0.0114 kl_weight=0.000000 loss_kl_raw=883615.8750
[eval] adapter_cls=BayesPaperAdapter
[eval] raw_logits_shape=(10, 256, 101)
[eval] reduced_logits_shape=(256, 101)
[Epoch 017] lr=0.099210 train_loss=0.1640 loss_reg=0.0009 val_acc=0.8483 val_nlpd=0.5048 val_ece=0.0124 kl_weight=0.000000 loss_kl_raw=928338.5000
[eval] adapter_cls=BayesPaperAdapter
[eval] raw_logits_shape=(10, 256, 101)
[eval] reduced_logits_shape=(256, 101)
[Epoch 018] lr=0.099114 train_loss=0.1541 loss_reg=0.0010 val_acc=0.8488 val_nlpd=0.4998 val_ece=0.0122 kl_weight=0.000000 loss_kl_raw=973233.0000
[eval] adapter_cls=BayesPaperAdapter
[eval] raw_logits_shape=(10, 256, 101)
[eval] reduced_logits_shape=(256, 101)
[Epoch 019] lr=0.099014 train_loss=0.1462 loss_reg=0.0012 val_acc=0.8488 val_nlpd=0.4956 val_ece=0.0177 kl_weight=0.000000 loss_kl_raw=1014800.3125
[eval] adapter_cls=BayesPaperAdapter
[eval] raw_logits_shape=(10, 256, 101)
[eval] reduced_logits_shape=(256, 101)
[Epoch 020] lr=0.098907 train_loss=0.1373 loss_reg=0.0013 val_acc=0.8483 val_nlpd=0.4929 val_ece=0.0152 kl_weight=0.000000 loss_kl_raw=1055234.2500
[eval] adapter_cls=BayesPaperAdapter
[eval] raw_logits_shape=(10, 256, 101)
[eval] reduced_logits_shape=(256, 101)
[Epoch 021] lr=0.098796 train_loss=0.1307 loss_reg=0.0014 val_acc=0.8535 val_nlpd=0.4867 val_ece=0.0129 kl_weight=0.000000 loss_kl_raw=1093655.2500
[eval] adapter_cls=BayesPaperAdapter
[eval] raw_logits_shape=(10, 256, 101)
[eval] reduced_logits_shape=(256, 101)
[Epoch 022] lr=0.098679 train_loss=0.1235 loss_reg=0.0015 val_acc=0.8546 val_nlpd=0.4843 val_ece=0.0113 kl_weight=0.000000 loss_kl_raw=1131200.6250
[eval] adapter_cls=BayesPaperAdapter
[eval] raw_logits_shape=(10, 256, 101)
[eval] reduced_logits_shape=(256, 101)
[Epoch 023] lr=0.098557 train_loss=0.1174 loss_reg=0.0016 val_acc=0.8572 val_nlpd=0.4846 val_ece=0.0114 kl_weight=0.000000 loss_kl_raw=1168651.1250
[eval] adapter_cls=BayesPaperAdapter
[eval] raw_logits_shape=(10, 256, 101)
[eval] reduced_logits_shape=(256, 101)
[Epoch 024] lr=0.098429 train_loss=0.1118 loss_reg=0.0018 val_acc=0.8572 val_nlpd=0.4770 val_ece=0.0092 kl_weight=0.000000 loss_kl_raw=1205114.6250
[eval] adapter_cls=BayesPaperAdapter
[eval] raw_logits_shape=(10, 256, 101)
[eval] reduced_logits_shape=(256, 101)
[Epoch 025] lr=0.098296 train_loss=0.1065 loss_reg=0.0019 val_acc=0.8577 val_nlpd=0.4748 val_ece=0.0097 kl_weight=0.000000 loss_kl_raw=1241535.6250
[eval] adapter_cls=BayesPaperAdapter
[eval] raw_logits_shape=(10, 256, 101)
[eval] reduced_logits_shape=(256, 101)
[Epoch 026] lr=0.098158 train_loss=0.1025 loss_reg=0.0020 val_acc=0.8593 val_nlpd=0.4735 val_ece=0.0081 kl_weight=0.000000 loss_kl_raw=1275846.8750
[eval] adapter_cls=BayesPaperAdapter
[eval] raw_logits_shape=(10, 256, 101)
[eval] reduced_logits_shape=(256, 101)
[Epoch 027] lr=0.098015 train_loss=0.0971 loss_reg=0.0022 val_acc=0.8577 val_nlpd=0.4706 val_ece=0.0135 kl_weight=0.000000 loss_kl_raw=1308258.8750
[eval] adapter_cls=BayesPaperAdapter
[eval] raw_logits_shape=(10, 256, 101)
[eval] reduced_logits_shape=(256, 101)
[Epoch 028] lr=0.097866 train_loss=0.0942 loss_reg=0.0023 val_acc=0.8625 val_nlpd=0.4680 val_ece=0.0134 kl_weight=0.000000 loss_kl_raw=1340171.8750
[eval] adapter_cls=BayesPaperAdapter
[eval] raw_logits_shape=(10, 256, 101)
[eval] reduced_logits_shape=(256, 101)
[Epoch 029] lr=0.097712 train_loss=0.0907 loss_reg=0.0024 val_acc=0.8593 val_nlpd=0.4642 val_ece=0.0104 kl_weight=0.000000 loss_kl_raw=1370695.0000
[eval] adapter_cls=BayesPaperAdapter
[eval] raw_logits_shape=(10, 256, 101)
[eval] reduced_logits_shape=(256, 101)
[Epoch 030] lr=0.097553 train_loss=0.0871 loss_reg=0.0026 val_acc=0.8625 val_nlpd=0.4610 val_ece=0.0088 kl_weight=0.000000 loss_kl_raw=1400976.2500
[eval] adapter_cls=BayesPaperAdapter
[eval] raw_logits_shape=(10, 256, 101)
[eval] reduced_logits_shape=(256, 101)
[Epoch 031] lr=0.097388 train_loss=0.0838 loss_reg=0.0027 val_acc=0.8630 val_nlpd=0.4575 val_ece=0.0113 kl_weight=0.000000 loss_kl_raw=1430111.0000
[eval] adapter_cls=BayesPaperAdapter
[eval] raw_logits_shape=(10, 256, 101)
[eval] reduced_logits_shape=(256, 101)
[Epoch 032] lr=0.097219 train_loss=0.0813 loss_reg=0.0029 val_acc=0.8604 val_nlpd=0.4565 val_ece=0.0080 kl_weight=0.000000 loss_kl_raw=1459681.6250
[eval] adapter_cls=BayesPaperAdapter
[eval] raw_logits_shape=(10, 256, 101)
[eval] reduced_logits_shape=(256, 101)
[Epoch 033] lr=0.097044 train_loss=0.0784 loss_reg=0.0030 val_acc=0.8646 val_nlpd=0.4561 val_ece=0.0122 kl_weight=0.000000 loss_kl_raw=1487032.2500
[eval] adapter_cls=BayesPaperAdapter
[eval] raw_logits_shape=(10, 256, 101)
[eval] reduced_logits_shape=(256, 101)
[Epoch 034] lr=0.096864 train_loss=0.0763 loss_reg=0.0032 val_acc=0.8662 val_nlpd=0.4555 val_ece=0.0129 kl_weight=0.000000 loss_kl_raw=1512836.5000
[eval] adapter_cls=BayesPaperAdapter
[eval] raw_logits_shape=(10, 256, 101)
[eval] reduced_logits_shape=(256, 101)
[Epoch 035] lr=0.096679 train_loss=0.0742 loss_reg=0.0033 val_acc=0.8656 val_nlpd=0.4541 val_ece=0.0096 kl_weight=0.000000 loss_kl_raw=1539156.0000
[eval] adapter_cls=BayesPaperAdapter
[eval] raw_logits_shape=(10, 256, 101)
[eval] reduced_logits_shape=(256, 101)
[Epoch 036] lr=0.096489 train_loss=0.0724 loss_reg=0.0035 val_acc=0.8651 val_nlpd=0.4527 val_ece=0.0092 kl_weight=0.000000 loss_kl_raw=1564891.6250
[eval] adapter_cls=BayesPaperAdapter
[eval] raw_logits_shape=(10, 256, 101)
[eval] reduced_logits_shape=(256, 101)
[Epoch 037] lr=0.096294 train_loss=0.0705 loss_reg=0.0037 val_acc=0.8641 val_nlpd=0.4518 val_ece=0.0095 kl_weight=0.000000 loss_kl_raw=1590298.0000
[eval] adapter_cls=BayesPaperAdapter
[eval] raw_logits_shape=(10, 256, 101)
[eval] reduced_logits_shape=(256, 101)
[Epoch 038] lr=0.096093 train_loss=0.0682 loss_reg=0.0038 val_acc=0.8635 val_nlpd=0.4491 val_ece=0.0122 kl_weight=0.000000 loss_kl_raw=1613919.3750
[eval] adapter_cls=BayesPaperAdapter
[eval] raw_logits_shape=(10, 256, 101)
[eval] reduced_logits_shape=(256, 101)
[Epoch 039] lr=0.095888 train_loss=0.0665 loss_reg=0.0040 val_acc=0.8651 val_nlpd=0.4464 val_ece=0.0131 kl_weight=0.000000 loss_kl_raw=1636951.3750
[eval] adapter_cls=BayesPaperAdapter
[eval] raw_logits_shape=(10, 256, 101)
[eval] reduced_logits_shape=(256, 101)
[Epoch 040] lr=0.095677 train_loss=0.0653 loss_reg=0.0041 val_acc=0.8683 val_nlpd=0.4437 val_ece=0.0091 kl_weight=0.000000 loss_kl_raw=1659812.2500
[eval] adapter_cls=BayesPaperAdapter
[eval] raw_logits_shape=(10, 256, 101)
[eval] reduced_logits_shape=(256, 101)
[Epoch 041] lr=0.095462 train_loss=0.0638 loss_reg=0.0043 val_acc=0.8678 val_nlpd=0.4425 val_ece=0.0125 kl_weight=0.000000 loss_kl_raw=1682442.8750
[eval] adapter_cls=BayesPaperAdapter
[eval] raw_logits_shape=(10, 256, 101)
[eval] reduced_logits_shape=(256, 101)
[Epoch 042] lr=0.095241 train_loss=0.0627 loss_reg=0.0045 val_acc=0.8651 val_nlpd=0.4433 val_ece=0.0109 kl_weight=0.000000 loss_kl_raw=1704955.6250
[eval] adapter_cls=BayesPaperAdapter
[eval] raw_logits_shape=(10, 256, 101)
[eval] reduced_logits_shape=(256, 101)
[Epoch 043] lr=0.095016 train_loss=0.0612 loss_reg=0.0046 val_acc=0.8662 val_nlpd=0.4409 val_ece=0.0121 kl_weight=0.000000 loss_kl_raw=1725946.7500
[eval] adapter_cls=BayesPaperAdapter
[eval] raw_logits_shape=(10, 256, 101)
[eval] reduced_logits_shape=(256, 101)
[Epoch 044] lr=0.094786 train_loss=0.0599 loss_reg=0.0048 val_acc=0.8709 val_nlpd=0.4400 val_ece=0.0128 kl_weight=0.000000 loss_kl_raw=1746865.0000
[eval] adapter_cls=BayesPaperAdapter
[eval] raw_logits_shape=(10, 256, 101)
[eval] reduced_logits_shape=(256, 101)
[Epoch 045] lr=0.094550 train_loss=0.0587 loss_reg=0.0050 val_acc=0.8683 val_nlpd=0.4386 val_ece=0.0118 kl_weight=0.000000 loss_kl_raw=1766727.0000
[eval] adapter_cls=BayesPaperAdapter
[eval] raw_logits_shape=(10, 256, 101)
[eval] reduced_logits_shape=(256, 101)
[Epoch 046] lr=0.094310 train_loss=0.0577 loss_reg=0.0052 val_acc=0.8667 val_nlpd=0.4381 val_ece=0.0080 kl_weight=0.000000 loss_kl_raw=1786126.8750
[eval] adapter_cls=BayesPaperAdapter
[eval] raw_logits_shape=(10, 256, 101)
[eval] reduced_logits_shape=(256, 101)
[Epoch 047] lr=0.094065 train_loss=0.0566 loss_reg=0.0053 val_acc=0.8667 val_nlpd=0.4388 val_ece=0.0089 kl_weight=0.000000 loss_kl_raw=1805848.5000
[eval] adapter_cls=BayesPaperAdapter
[eval] raw_logits_shape=(10, 256, 101)
[eval] reduced_logits_shape=(256, 101)
[Epoch 048] lr=0.093815 train_loss=0.0561 loss_reg=0.0055 val_acc=0.8683 val_nlpd=0.4397 val_ece=0.0093 kl_weight=0.000000 loss_kl_raw=1825342.7500
[eval] adapter_cls=BayesPaperAdapter
[eval] raw_logits_shape=(10, 256, 101)
[eval] reduced_logits_shape=(256, 101)
[Epoch 049] lr=0.093561 train_loss=0.0552 loss_reg=0.0057 val_acc=0.8699 val_nlpd=0.4362 val_ece=0.0126 kl_weight=0.000000 loss_kl_raw=1843619.8750
[eval] adapter_cls=BayesPaperAdapter
[eval] raw_logits_shape=(10, 256, 101)
[eval] reduced_logits_shape=(256, 101)
[Epoch 050] lr=0.093301 train_loss=0.0544 loss_reg=0.0059 val_acc=0.8678 val_nlpd=0.4363 val_ece=0.0100 kl_weight=0.000000 loss_kl_raw=1861806.8750
[eval] adapter_cls=BayesPaperAdapter
[eval] raw_logits_shape=(10, 256, 101)
[eval] reduced_logits_shape=(256, 101)
[Epoch 051] lr=0.093037 train_loss=0.0535 loss_reg=0.0060 val_acc=0.8678 val_nlpd=0.4334 val_ece=0.0149 kl_weight=0.000000 loss_kl_raw=1879198.3750
[eval] adapter_cls=BayesPaperAdapter
[eval] raw_logits_shape=(10, 256, 101)
[eval] reduced_logits_shape=(256, 101)
[Epoch 052] lr=0.092768 train_loss=0.0530 loss_reg=0.0062 val_acc=0.8672 val_nlpd=0.4333 val_ece=0.0144 kl_weight=0.000000 loss_kl_raw=1896914.3750
[eval] adapter_cls=BayesPaperAdapter
[eval] raw_logits_shape=(10, 256, 101)
[eval] reduced_logits_shape=(256, 101)
[Epoch 053] lr=0.092495 train_loss=0.0523 loss_reg=0.0064 val_acc=0.8678 val_nlpd=0.4332 val_ece=0.0131 kl_weight=0.000000 loss_kl_raw=1913544.8750
[eval] adapter_cls=BayesPaperAdapter
[eval] raw_logits_shape=(10, 256, 101)
[eval] reduced_logits_shape=(256, 101)
[Epoch 054] lr=0.092216 train_loss=0.0517 loss_reg=0.0066 val_acc=0.8672 val_nlpd=0.4324 val_ece=0.0132 kl_weight=0.000000 loss_kl_raw=1930360.3750
[eval] adapter_cls=BayesPaperAdapter
[eval] raw_logits_shape=(10, 256, 101)
[eval] reduced_logits_shape=(256, 101)
[Epoch 055] lr=0.091934 train_loss=0.0510 loss_reg=0.0067 val_acc=0.8678 val_nlpd=0.4305 val_ece=0.0189 kl_weight=0.000000 loss_kl_raw=1946092.8750
[eval] adapter_cls=BayesPaperAdapter
[eval] raw_logits_shape=(10, 256, 101)
[eval] reduced_logits_shape=(256, 101)
[Epoch 056] lr=0.091646 train_loss=0.0504 loss_reg=0.0069 val_acc=0.8683 val_nlpd=0.4288 val_ece=0.0145 kl_weight=0.000000 loss_kl_raw=1961951.0000
[eval] adapter_cls=BayesPaperAdapter
[eval] raw_logits_shape=(10, 256, 101)
[eval] reduced_logits_shape=(256, 101)
[Epoch 057] lr=0.091354 train_loss=0.0498 loss_reg=0.0071 val_acc=0.8688 val_nlpd=0.4290 val_ece=0.0132 kl_weight=0.000000 loss_kl_raw=1977367.8750
[eval] adapter_cls=BayesPaperAdapter
[eval] raw_logits_shape=(10, 256, 101)
[eval] reduced_logits_shape=(256, 101)
[Epoch 058] lr=0.091057 train_loss=0.0493 loss_reg=0.0073 val_acc=0.8678 val_nlpd=0.4311 val_ece=0.0155 kl_weight=0.000000 loss_kl_raw=1992777.6250
[eval] adapter_cls=BayesPaperAdapter
[eval] raw_logits_shape=(10, 256, 101)
[eval] reduced_logits_shape=(256, 101)
[Epoch 059] lr=0.090756 train_loss=0.0490 loss_reg=0.0075 val_acc=0.8683 val_nlpd=0.4287 val_ece=0.0124 kl_weight=0.000000 loss_kl_raw=2007855.3750
[eval] adapter_cls=BayesPaperAdapter
[eval] raw_logits_shape=(10, 256, 101)
[eval] reduced_logits_shape=(256, 101)
[Epoch 060] lr=0.090451 train_loss=0.0486 loss_reg=0.0077 val_acc=0.8699 val_nlpd=0.4288 val_ece=0.0166 kl_weight=0.000000 loss_kl_raw=2022698.5000
[eval] adapter_cls=BayesPaperAdapter
[eval] raw_logits_shape=(10, 256, 101)
[eval] reduced_logits_shape=(256, 101)
[Epoch 061] lr=0.090141 train_loss=0.0480 loss_reg=0.0079 val_acc=0.8699 val_nlpd=0.4284 val_ece=0.0156 kl_weight=0.000000 loss_kl_raw=2037168.3750
[eval] adapter_cls=BayesPaperAdapter
[eval] raw_logits_shape=(10, 256, 101)
[eval] reduced_logits_shape=(256, 101)
[Epoch 062] lr=0.089826 train_loss=0.0476 loss_reg=0.0080 val_acc=0.8683 val_nlpd=0.4270 val_ece=0.0170 kl_weight=0.000000 loss_kl_raw=2051273.6250
[eval] adapter_cls=BayesPaperAdapter
[eval] raw_logits_shape=(10, 256, 101)
[eval] reduced_logits_shape=(256, 101)
[Epoch 063] lr=0.089508 train_loss=0.0469 loss_reg=0.0082 val_acc=0.8672 val_nlpd=0.4251 val_ece=0.0141 kl_weight=0.000000 loss_kl_raw=2064982.8750
[eval] adapter_cls=BayesPaperAdapter
[eval] raw_logits_shape=(10, 256, 101)
[eval] reduced_logits_shape=(256, 101)
[Epoch 064] lr=0.089185 train_loss=0.0472 loss_reg=0.0084 val_acc=0.8688 val_nlpd=0.4252 val_ece=0.0168 kl_weight=0.000000 loss_kl_raw=2078521.8750
[eval] adapter_cls=BayesPaperAdapter
[eval] raw_logits_shape=(10, 256, 101)
[eval] reduced_logits_shape=(256, 101)
[Epoch 065] lr=0.088857 train_loss=0.0466 loss_reg=0.0086 val_acc=0.8683 val_nlpd=0.4265 val_ece=0.0157 kl_weight=0.000000 loss_kl_raw=2092167.8750
[eval] adapter_cls=BayesPaperAdapter
[eval] raw_logits_shape=(10, 256, 101)
[eval] reduced_logits_shape=(256, 101)
[Epoch 066] lr=0.088526 train_loss=0.0464 loss_reg=0.0088 val_acc=0.8693 val_nlpd=0.4252 val_ece=0.0153 kl_weight=0.000000 loss_kl_raw=2105371.7500
[eval] adapter_cls=BayesPaperAdapter
[eval] raw_logits_shape=(10, 256, 101)
[eval] reduced_logits_shape=(256, 101)
[Epoch 067] lr=0.088190 train_loss=0.0457 loss_reg=0.0090 val_acc=0.8693 val_nlpd=0.4218 val_ece=0.0178 kl_weight=0.000000 loss_kl_raw=2118189.5000
[eval] adapter_cls=BayesPaperAdapter
[eval] raw_logits_shape=(10, 256, 101)
[eval] reduced_logits_shape=(256, 101)
[Epoch 068] lr=0.087850 train_loss=0.0456 loss_reg=0.0092 val_acc=0.8709 val_nlpd=0.4230 val_ece=0.0171 kl_weight=0.000000 loss_kl_raw=2130394.0000
[eval] adapter_cls=BayesPaperAdapter
[eval] raw_logits_shape=(10, 256, 101)
[eval] reduced_logits_shape=(256, 101)
[Epoch 069] lr=0.087506 train_loss=0.0456 loss_reg=0.0094 val_acc=0.8699 val_nlpd=0.4241 val_ece=0.0160 kl_weight=0.000000 loss_kl_raw=2142511.5000
[eval] adapter_cls=BayesPaperAdapter
[eval] raw_logits_shape=(10, 256, 101)
[eval] reduced_logits_shape=(256, 101)
[Epoch 070] lr=0.087157 train_loss=0.0452 loss_reg=0.0096 val_acc=0.8709 val_nlpd=0.4238 val_ece=0.0139 kl_weight=0.000000 loss_kl_raw=2154345.5000
[eval] adapter_cls=BayesPaperAdapter
[eval] raw_logits_shape=(10, 256, 101)
[eval] reduced_logits_shape=(256, 101)
[Epoch 071] lr=0.086805 train_loss=0.0452 loss_reg=0.0097 val_acc=0.8714 val_nlpd=0.4227 val_ece=0.0153 kl_weight=0.000000 loss_kl_raw=2166355.2500
[eval] adapter_cls=BayesPaperAdapter
[eval] raw_logits_shape=(10, 256, 101)
[eval] reduced_logits_shape=(256, 101)
[Epoch 072] lr=0.086448 train_loss=0.0448 loss_reg=0.0099 val_acc=0.8709 val_nlpd=0.4234 val_ece=0.0116 kl_weight=0.000000 loss_kl_raw=2177752.2500
[eval] adapter_cls=BayesPaperAdapter
[eval] raw_logits_shape=(10, 256, 101)
[eval] reduced_logits_shape=(256, 101)
[Epoch 073] lr=0.086088 train_loss=0.0448 loss_reg=0.0101 val_acc=0.8709 val_nlpd=0.4231 val_ece=0.0130 kl_weight=0.000000 loss_kl_raw=2189425.7500
[eval] adapter_cls=BayesPaperAdapter
[eval] raw_logits_shape=(10, 256, 101)
[eval] reduced_logits_shape=(256, 101)
[Epoch 074] lr=0.085724 train_loss=0.0446 loss_reg=0.0103 val_acc=0.8699 val_nlpd=0.4230 val_ece=0.0152 kl_weight=0.000000 loss_kl_raw=2200892.0000
[eval] adapter_cls=BayesPaperAdapter
[eval] raw_logits_shape=(10, 256, 101)
[eval] reduced_logits_shape=(256, 101)
[Epoch 075] lr=0.085355 train_loss=0.0443 loss_reg=0.0105 val_acc=0.8714 val_nlpd=0.4214 val_ece=0.0168 kl_weight=0.000000 loss_kl_raw=2211698.5000
[eval] adapter_cls=BayesPaperAdapter
[eval] raw_logits_shape=(10, 256, 101)
[eval] reduced_logits_shape=(256, 101)
[Epoch 076] lr=0.084983 train_loss=0.0443 loss_reg=0.0107 val_acc=0.8714 val_nlpd=0.4218 val_ece=0.0151 kl_weight=0.000000 loss_kl_raw=2222366.7500
[eval] adapter_cls=BayesPaperAdapter
[eval] raw_logits_shape=(10, 256, 101)
[eval] reduced_logits_shape=(256, 101)
[Epoch 077] lr=0.084607 train_loss=0.0439 loss_reg=0.0109 val_acc=0.8699 val_nlpd=0.4223 val_ece=0.0177 kl_weight=0.000000 loss_kl_raw=2233069.7500
[eval] adapter_cls=BayesPaperAdapter
[eval] raw_logits_shape=(10, 256, 101)
[eval] reduced_logits_shape=(256, 101)
[Epoch 078] lr=0.084227 train_loss=0.0438 loss_reg=0.0111 val_acc=0.8709 val_nlpd=0.4200 val_ece=0.0146 kl_weight=0.000000 loss_kl_raw=2243105.5000
[eval] adapter_cls=BayesPaperAdapter
[eval] raw_logits_shape=(10, 256, 101)
[eval] reduced_logits_shape=(256, 101)
[Epoch 079] lr=0.083844 train_loss=0.0439 loss_reg=0.0113 val_acc=0.8720 val_nlpd=0.4185 val_ece=0.0144 kl_weight=0.000000 loss_kl_raw=2253583.7500
[eval] adapter_cls=BayesPaperAdapter
[eval] raw_logits_shape=(10, 256, 101)
[eval] reduced_logits_shape=(256, 101)
[Epoch 080] lr=0.083457 train_loss=0.0435 loss_reg=0.0115 val_acc=0.8725 val_nlpd=0.4187 val_ece=0.0178 kl_weight=0.000000 loss_kl_raw=2263790.5000
[eval] adapter_cls=BayesPaperAdapter
[eval] raw_logits_shape=(10, 256, 101)
[eval] reduced_logits_shape=(256, 101)
[Epoch 081] lr=0.083066 train_loss=0.0434 loss_reg=0.0117 val_acc=0.8720 val_nlpd=0.4191 val_ece=0.0145 kl_weight=0.000000 loss_kl_raw=2273384.7500
[eval] adapter_cls=BayesPaperAdapter
[eval] raw_logits_shape=(10, 256, 101)
[eval] reduced_logits_shape=(256, 101)
[Epoch 082] lr=0.082671 train_loss=0.0433 loss_reg=0.0119 val_acc=0.8704 val_nlpd=0.4190 val_ece=0.0174 kl_weight=0.000000 loss_kl_raw=2282823.0000
[eval] adapter_cls=BayesPaperAdapter
[eval] raw_logits_shape=(10, 256, 101)
[eval] reduced_logits_shape=(256, 101)
[Epoch 083] lr=0.082273 train_loss=0.0433 loss_reg=0.0121 val_acc=0.8725 val_nlpd=0.4180 val_ece=0.0148 kl_weight=0.000000 loss_kl_raw=2292273.0000
[eval] adapter_cls=BayesPaperAdapter
[eval] raw_logits_shape=(10, 256, 101)
[eval] reduced_logits_shape=(256, 101)
[Epoch 084] lr=0.081871 train_loss=0.0431 loss_reg=0.0123 val_acc=0.8725 val_nlpd=0.4159 val_ece=0.0168 kl_weight=0.000000 loss_kl_raw=2301515.0000
[eval] adapter_cls=BayesPaperAdapter
[eval] raw_logits_shape=(10, 256, 101)
[eval] reduced_logits_shape=(256, 101)
[Epoch 085] lr=0.081466 train_loss=0.0431 loss_reg=0.0125 val_acc=0.8720 val_nlpd=0.4165 val_ece=0.0168 kl_weight=0.000000 loss_kl_raw=2310364.5000
[eval] adapter_cls=BayesPaperAdapter
[eval] raw_logits_shape=(10, 256, 101)
[eval] reduced_logits_shape=(256, 101)
[Epoch 086] lr=0.081057 train_loss=0.0432 loss_reg=0.0127 val_acc=0.8709 val_nlpd=0.4171 val_ece=0.0159 kl_weight=0.000000 loss_kl_raw=2318948.0000
[eval] adapter_cls=BayesPaperAdapter
[eval] raw_logits_shape=(10, 256, 101)
[eval] reduced_logits_shape=(256, 101)
[Epoch 087] lr=0.080645 train_loss=0.0430 loss_reg=0.0129 val_acc=0.8720 val_nlpd=0.4164 val_ece=0.0149 kl_weight=0.000000 loss_kl_raw=2327787.2500
[eval] adapter_cls=BayesPaperAdapter
[eval] raw_logits_shape=(10, 256, 101)
[eval] reduced_logits_shape=(256, 101)
[Epoch 088] lr=0.080230 train_loss=0.0429 loss_reg=0.0131 val_acc=0.8709 val_nlpd=0.4163 val_ece=0.0160 kl_weight=0.000000 loss_kl_raw=2336515.5000
[eval] adapter_cls=BayesPaperAdapter
[eval] raw_logits_shape=(10, 256, 101)
[eval] reduced_logits_shape=(256, 101)
[Epoch 089] lr=0.079811 train_loss=0.0430 loss_reg=0.0133 val_acc=0.8709 val_nlpd=0.4170 val_ece=0.0195 kl_weight=0.000000 loss_kl_raw=2344889.0000
[eval] adapter_cls=BayesPaperAdapter
[eval] raw_logits_shape=(10, 256, 101)
[eval] reduced_logits_shape=(256, 101)
[Epoch 090] lr=0.079389 train_loss=0.0429 loss_reg=0.0135 val_acc=0.8709 val_nlpd=0.4154 val_ece=0.0200 kl_weight=0.000000 loss_kl_raw=2353077.5000
[eval] adapter_cls=BayesPaperAdapter
[eval] raw_logits_shape=(10, 256, 101)
[eval] reduced_logits_shape=(256, 101)
[Epoch 091] lr=0.078964 train_loss=0.0429 loss_reg=0.0137 val_acc=0.8704 val_nlpd=0.4155 val_ece=0.0172 kl_weight=0.000000 loss_kl_raw=2361043.2500
[eval] adapter_cls=BayesPaperAdapter
[eval] raw_logits_shape=(10, 256, 101)
[eval] reduced_logits_shape=(256, 101)
[Epoch 092] lr=0.078536 train_loss=0.0430 loss_reg=0.0139 val_acc=0.8720 val_nlpd=0.4170 val_ece=0.0158 kl_weight=0.000000 loss_kl_raw=2369204.0000
[eval] adapter_cls=BayesPaperAdapter
[eval] raw_logits_shape=(10, 256, 101)
[eval] reduced_logits_shape=(256, 101)
[Epoch 093] lr=0.078104 train_loss=0.0429 loss_reg=0.0141 val_acc=0.8709 val_nlpd=0.4179 val_ece=0.0178 kl_weight=0.000000 loss_kl_raw=2377392.7500
[eval] adapter_cls=BayesPaperAdapter
[eval] raw_logits_shape=(10, 256, 101)
[eval] reduced_logits_shape=(256, 101)
[Epoch 094] lr=0.077670 train_loss=0.0428 loss_reg=0.0143 val_acc=0.8720 val_nlpd=0.4156 val_ece=0.0160 kl_weight=0.000000 loss_kl_raw=2384995.7500
[eval] adapter_cls=BayesPaperAdapter
[eval] raw_logits_shape=(10, 256, 101)
[eval] reduced_logits_shape=(256, 101)
[Epoch 095] lr=0.077232 train_loss=0.0428 loss_reg=0.0145 val_acc=0.8720 val_nlpd=0.4150 val_ece=0.0167 kl_weight=0.000000 loss_kl_raw=2392458.5000
[eval] adapter_cls=BayesPaperAdapter
[eval] raw_logits_shape=(10, 256, 101)
[eval] reduced_logits_shape=(256, 101)
[Epoch 096] lr=0.076791 train_loss=0.0428 loss_reg=0.0147 val_acc=0.8725 val_nlpd=0.4161 val_ece=0.0154 kl_weight=0.000000 loss_kl_raw=2399601.7500
[eval] adapter_cls=BayesPaperAdapter
[eval] raw_logits_shape=(10, 256, 101)
[eval] reduced_logits_shape=(256, 101)
[Epoch 097] lr=0.076348 train_loss=0.0430 loss_reg=0.0149 val_acc=0.8725 val_nlpd=0.4145 val_ece=0.0205 kl_weight=0.000000 loss_kl_raw=2406483.0000
[eval] adapter_cls=BayesPaperAdapter
[eval] raw_logits_shape=(10, 256, 101)
[eval] reduced_logits_shape=(256, 101)
[Epoch 098] lr=0.075901 train_loss=0.0428 loss_reg=0.0151 val_acc=0.8704 val_nlpd=0.4139 val_ece=0.0192 kl_weight=0.000000 loss_kl_raw=2413349.0000
[eval] adapter_cls=BayesPaperAdapter
[eval] raw_logits_shape=(10, 256, 101)
[eval] reduced_logits_shape=(256, 101)
[Epoch 099] lr=0.075452 train_loss=0.0427 loss_reg=0.0153 val_acc=0.8730 val_nlpd=0.4134 val_ece=0.0153 kl_weight=0.000000 loss_kl_raw=2420151.0000
[eval] adapter_cls=BayesPaperAdapter
[eval] raw_logits_shape=(10, 256, 101)
[eval] reduced_logits_shape=(256, 101)
[Epoch 100] lr=0.075000 train_loss=0.0427 loss_reg=0.0155 val_acc=0.8704 val_nlpd=0.4144 val_ece=0.0196 kl_weight=0.000000 loss_kl_raw=2426766.7500
[eval] adapter_cls=BayesPaperAdapter
[eval] raw_logits_shape=(10, 256, 101)
[eval] reduced_logits_shape=(256, 101)
[Epoch 101] lr=0.074545 train_loss=0.0430 loss_reg=0.0157 val_acc=0.8736 val_nlpd=0.4138 val_ece=0.0159 kl_weight=0.000000 loss_kl_raw=2433271.2500
[eval] adapter_cls=BayesPaperAdapter
[eval] raw_logits_shape=(10, 256, 101)
[eval] reduced_logits_shape=(256, 101)
[Epoch 102] lr=0.074088 train_loss=0.0429 loss_reg=0.0159 val_acc=0.8720 val_nlpd=0.4145 val_ece=0.0175 kl_weight=0.000000 loss_kl_raw=2439495.5000
[eval] adapter_cls=BayesPaperAdapter
[eval] raw_logits_shape=(10, 256, 101)
[eval] reduced_logits_shape=(256, 101)
[Epoch 103] lr=0.073628 train_loss=0.0431 loss_reg=0.0161 val_acc=0.8730 val_nlpd=0.4128 val_ece=0.0160 kl_weight=0.000000 loss_kl_raw=2446034.7500
[eval] adapter_cls=BayesPaperAdapter
[eval] raw_logits_shape=(10, 256, 101)
[eval] reduced_logits_shape=(256, 101)
[Epoch 104] lr=0.073165 train_loss=0.0431 loss_reg=0.0163 val_acc=0.8714 val_nlpd=0.4125 val_ece=0.0180 kl_weight=0.000000 loss_kl_raw=2452366.7500
[eval] adapter_cls=BayesPaperAdapter
[eval] raw_logits_shape=(10, 256, 101)
[eval] reduced_logits_shape=(256, 101)
[Epoch 105] lr=0.072700 train_loss=0.0432 loss_reg=0.0165 val_acc=0.8720 val_nlpd=0.4129 val_ece=0.0164 kl_weight=0.000000 loss_kl_raw=2458694.7500
[eval] adapter_cls=BayesPaperAdapter
[eval] raw_logits_shape=(10, 256, 101)
[eval] reduced_logits_shape=(256, 101)
[Epoch 106] lr=0.072232 train_loss=0.0430 loss_reg=0.0167 val_acc=0.8725 val_nlpd=0.4133 val_ece=0.0188 kl_weight=0.000000 loss_kl_raw=2464899.0000
[eval] adapter_cls=BayesPaperAdapter
[eval] raw_logits_shape=(10, 256, 101)
[eval] reduced_logits_shape=(256, 101)
[Epoch 107] lr=0.071762 train_loss=0.0433 loss_reg=0.0169 val_acc=0.8709 val_nlpd=0.4138 val_ece=0.0183 kl_weight=0.000000 loss_kl_raw=2470924.2500
[eval] adapter_cls=BayesPaperAdapter
[eval] raw_logits_shape=(10, 256, 101)
[eval] reduced_logits_shape=(256, 101)
[Epoch 108] lr=0.071289 train_loss=0.0431 loss_reg=0.0171 val_acc=0.8725 val_nlpd=0.4129 val_ece=0.0168 kl_weight=0.000000 loss_kl_raw=2476718.2500
[eval] adapter_cls=BayesPaperAdapter
[eval] raw_logits_shape=(10, 256, 101)
[eval] reduced_logits_shape=(256, 101)
[Epoch 109] lr=0.070814 train_loss=0.0432 loss_reg=0.0173 val_acc=0.8720 val_nlpd=0.4130 val_ece=0.0166 kl_weight=0.000000 loss_kl_raw=2482505.5000
[eval] adapter_cls=BayesPaperAdapter
[eval] raw_logits_shape=(10, 256, 101)
[eval] reduced_logits_shape=(256, 101)
[Epoch 110] lr=0.070337 train_loss=0.0433 loss_reg=0.0175 val_acc=0.8714 val_nlpd=0.4128 val_ece=0.0170 kl_weight=0.000000 loss_kl_raw=2487952.5000
[eval] adapter_cls=BayesPaperAdapter
[eval] raw_logits_shape=(10, 256, 101)
[eval] reduced_logits_shape=(256, 101)
[Epoch 111] lr=0.069857 train_loss=0.0435 loss_reg=0.0177 val_acc=0.8725 val_nlpd=0.4117 val_ece=0.0170 kl_weight=0.000000 loss_kl_raw=2493376.2500
[eval] adapter_cls=BayesPaperAdapter
[eval] raw_logits_shape=(10, 256, 101)
[eval] reduced_logits_shape=(256, 101)
[Epoch 112] lr=0.069376 train_loss=0.0435 loss_reg=0.0179 val_acc=0.8736 val_nlpd=0.4124 val_ece=0.0171 kl_weight=0.000000 loss_kl_raw=2498607.0000
[eval] adapter_cls=BayesPaperAdapter
[eval] raw_logits_shape=(10, 256, 101)
[eval] reduced_logits_shape=(256, 101)
[Epoch 113] lr=0.068892 train_loss=0.0437 loss_reg=0.0181 val_acc=0.8720 val_nlpd=0.4120 val_ece=0.0174 kl_weight=0.000000 loss_kl_raw=2503943.2500
[eval] adapter_cls=BayesPaperAdapter
[eval] raw_logits_shape=(10, 256, 101)
[eval] reduced_logits_shape=(256, 101)
[Epoch 114] lr=0.068406 train_loss=0.0436 loss_reg=0.0183 val_acc=0.8736 val_nlpd=0.4113 val_ece=0.0173 kl_weight=0.000000 loss_kl_raw=2509339.0000
[eval] adapter_cls=BayesPaperAdapter
[eval] raw_logits_shape=(10, 256, 101)
[eval] reduced_logits_shape=(256, 101)
[Epoch 115] lr=0.067918 train_loss=0.0436 loss_reg=0.0185 val_acc=0.8741 val_nlpd=0.4110 val_ece=0.0144 kl_weight=0.000000 loss_kl_raw=2514203.2500
[eval] adapter_cls=BayesPaperAdapter
[eval] raw_logits_shape=(10, 256, 101)
[eval] reduced_logits_shape=(256, 101)
[Epoch 116] lr=0.067429 train_loss=0.0438 loss_reg=0.0187 val_acc=0.8730 val_nlpd=0.4113 val_ece=0.0170 kl_weight=0.000000 loss_kl_raw=2519276.2500
[eval] adapter_cls=BayesPaperAdapter
[eval] raw_logits_shape=(10, 256, 101)
[eval] reduced_logits_shape=(256, 101)
[Epoch 117] lr=0.066937 train_loss=0.0440 loss_reg=0.0189 val_acc=0.8746 val_nlpd=0.4122 val_ece=0.0139 kl_weight=0.000000 loss_kl_raw=2523993.5000
[eval] adapter_cls=BayesPaperAdapter
[eval] raw_logits_shape=(10, 256, 101)
[eval] reduced_logits_shape=(256, 101)
[Epoch 118] lr=0.066443 train_loss=0.0439 loss_reg=0.0191 val_acc=0.8736 val_nlpd=0.4118 val_ece=0.0154 kl_weight=0.000000 loss_kl_raw=2528861.2500
[eval] adapter_cls=BayesPaperAdapter
[eval] raw_logits_shape=(10, 256, 101)
[eval] reduced_logits_shape=(256, 101)
[Epoch 119] lr=0.065948 train_loss=0.0441 loss_reg=0.0193 val_acc=0.8736 val_nlpd=0.4113 val_ece=0.0155 kl_weight=0.000000 loss_kl_raw=2533598.2500
[eval] adapter_cls=BayesPaperAdapter
[eval] raw_logits_shape=(10, 256, 101)
[eval] reduced_logits_shape=(256, 101)
[Epoch 120] lr=0.065451 train_loss=0.0440 loss_reg=0.0195 val_acc=0.8730 val_nlpd=0.4106 val_ece=0.0180 kl_weight=0.000000 loss_kl_raw=2538128.5000
[eval] adapter_cls=BayesPaperAdapter
[eval] raw_logits_shape=(10, 256, 101)
[eval] reduced_logits_shape=(256, 101)
[Epoch 121] lr=0.064952 train_loss=0.0443 loss_reg=0.0197 val_acc=0.8725 val_nlpd=0.4092 val_ece=0.0178 kl_weight=0.000000 loss_kl_raw=2542561.2500
[eval] adapter_cls=BayesPaperAdapter
[eval] raw_logits_shape=(10, 256, 101)
[eval] reduced_logits_shape=(256, 101)
[Epoch 122] lr=0.064452 train_loss=0.0443 loss_reg=0.0198 val_acc=0.8720 val_nlpd=0.4103 val_ece=0.0177 kl_weight=0.000000 loss_kl_raw=2546907.5000
[eval] adapter_cls=BayesPaperAdapter
[eval] raw_logits_shape=(10, 256, 101)
[eval] reduced_logits_shape=(256, 101)
[Epoch 123] lr=0.063950 train_loss=0.0444 loss_reg=0.0200 val_acc=0.8736 val_nlpd=0.4106 val_ece=0.0179 kl_weight=0.000000 loss_kl_raw=2551211.5000
[eval] adapter_cls=BayesPaperAdapter
[eval] raw_logits_shape=(10, 256, 101)
[eval] reduced_logits_shape=(256, 101)
[Epoch 124] lr=0.063446 train_loss=0.0445 loss_reg=0.0202 val_acc=0.8736 val_nlpd=0.4107 val_ece=0.0153 kl_weight=0.000000 loss_kl_raw=2555602.2500
[eval] adapter_cls=BayesPaperAdapter
[eval] raw_logits_shape=(10, 256, 101)
[eval] reduced_logits_shape=(256, 101)
[Epoch 125] lr=0.062941 train_loss=0.0447 loss_reg=0.0204 val_acc=0.8725 val_nlpd=0.4090 val_ece=0.0162 kl_weight=0.000000 loss_kl_raw=2559870.2500
[eval] adapter_cls=BayesPaperAdapter
[eval] raw_logits_shape=(10, 256, 101)
[eval] reduced_logits_shape=(256, 101)
[Epoch 126] lr=0.062434 train_loss=0.0447 loss_reg=0.0206 val_acc=0.8730 val_nlpd=0.4095 val_ece=0.0172 kl_weight=0.000000 loss_kl_raw=2563876.0000
[eval] adapter_cls=BayesPaperAdapter
[eval] raw_logits_shape=(10, 256, 101)
[eval] reduced_logits_shape=(256, 101)
[Epoch 127] lr=0.061927 train_loss=0.0448 loss_reg=0.0208 val_acc=0.8746 val_nlpd=0.4102 val_ece=0.0159 kl_weight=0.000000 loss_kl_raw=2567906.2500
[eval] adapter_cls=BayesPaperAdapter
[eval] raw_logits_shape=(10, 256, 101)
[eval] reduced_logits_shape=(256, 101)
[Epoch 128] lr=0.061418 train_loss=0.0449 loss_reg=0.0210 val_acc=0.8714 val_nlpd=0.4093 val_ece=0.0182 kl_weight=0.000000 loss_kl_raw=2571750.2500
[eval] adapter_cls=BayesPaperAdapter
[eval] raw_logits_shape=(10, 256, 101)
[eval] reduced_logits_shape=(256, 101)
[Epoch 129] lr=0.060907 train_loss=0.0451 loss_reg=0.0212 val_acc=0.8736 val_nlpd=0.4099 val_ece=0.0173 kl_weight=0.000000 loss_kl_raw=2575346.5000
[eval] adapter_cls=BayesPaperAdapter
[eval] raw_logits_shape=(10, 256, 101)
[eval] reduced_logits_shape=(256, 101)
[Epoch 130] lr=0.060396 train_loss=0.0453 loss_reg=0.0214 val_acc=0.8720 val_nlpd=0.4094 val_ece=0.0181 kl_weight=0.000000 loss_kl_raw=2578841.7500
[eval] adapter_cls=BayesPaperAdapter
[eval] raw_logits_shape=(10, 256, 101)
[eval] reduced_logits_shape=(256, 101)
[Epoch 131] lr=0.059883 train_loss=0.0453 loss_reg=0.0216 val_acc=0.8720 val_nlpd=0.4086 val_ece=0.0201 kl_weight=0.000000 loss_kl_raw=2582469.7500
[eval] adapter_cls=BayesPaperAdapter
[eval] raw_logits_shape=(10, 256, 101)
[eval] reduced_logits_shape=(256, 101)
[Epoch 132] lr=0.059369 train_loss=0.0453 loss_reg=0.0218 val_acc=0.8725 val_nlpd=0.4095 val_ece=0.0194 kl_weight=0.000000 loss_kl_raw=2585870.0000
[eval] adapter_cls=BayesPaperAdapter
[eval] raw_logits_shape=(10, 256, 101)
[eval] reduced_logits_shape=(256, 101)
[Epoch 133] lr=0.058854 train_loss=0.0456 loss_reg=0.0220 val_acc=0.8720 val_nlpd=0.4085 val_ece=0.0194 kl_weight=0.000000 loss_kl_raw=2589387.5000
[eval] adapter_cls=BayesPaperAdapter
[eval] raw_logits_shape=(10, 256, 101)
[eval] reduced_logits_shape=(256, 101)
[Epoch 134] lr=0.058338 train_loss=0.0457 loss_reg=0.0222 val_acc=0.8746 val_nlpd=0.4074 val_ece=0.0187 kl_weight=0.000000 loss_kl_raw=2592938.7500
[eval] adapter_cls=BayesPaperAdapter
[eval] raw_logits_shape=(10, 256, 101)
[eval] reduced_logits_shape=(256, 101)
[Epoch 135] lr=0.057822 train_loss=0.0458 loss_reg=0.0224 val_acc=0.8725 val_nlpd=0.4090 val_ece=0.0193 kl_weight=0.000000 loss_kl_raw=2596024.7500
[eval] adapter_cls=BayesPaperAdapter
[eval] raw_logits_shape=(10, 256, 101)
[eval] reduced_logits_shape=(256, 101)
[Epoch 136] lr=0.057304 train_loss=0.0460 loss_reg=0.0226 val_acc=0.8720 val_nlpd=0.4091 val_ece=0.0173 kl_weight=0.000000 loss_kl_raw=2599370.5000
[eval] adapter_cls=BayesPaperAdapter
[eval] raw_logits_shape=(10, 256, 101)
[eval] reduced_logits_shape=(256, 101)
[Epoch 137] lr=0.056786 train_loss=0.0460 loss_reg=0.0228 val_acc=0.8730 val_nlpd=0.4095 val_ece=0.0202 kl_weight=0.000000 loss_kl_raw=2602372.5000
[eval] adapter_cls=BayesPaperAdapter
[eval] raw_logits_shape=(10, 256, 101)
[eval] reduced_logits_shape=(256, 101)
[Epoch 138] lr=0.056267 train_loss=0.0461 loss_reg=0.0230 val_acc=0.8730 val_nlpd=0.4075 val_ece=0.0202 kl_weight=0.000000 loss_kl_raw=2605624.5000
[eval] adapter_cls=BayesPaperAdapter
[eval] raw_logits_shape=(10, 256, 101)
[eval] reduced_logits_shape=(256, 101)
[Epoch 139] lr=0.055747 train_loss=0.0462 loss_reg=0.0232 val_acc=0.8730 val_nlpd=0.4085 val_ece=0.0180 kl_weight=0.000000 loss_kl_raw=2608656.5000
[eval] adapter_cls=BayesPaperAdapter
[eval] raw_logits_shape=(10, 256, 101)
[eval] reduced_logits_shape=(256, 101)
[Epoch 140] lr=0.055226 train_loss=0.0465 loss_reg=0.0234 val_acc=0.8720 val_nlpd=0.4088 val_ece=0.0200 kl_weight=0.000000 loss_kl_raw=2611599.5000
[eval] adapter_cls=BayesPaperAdapter
[eval] raw_logits_shape=(10, 256, 101)
[eval] reduced_logits_shape=(256, 101)
[Epoch 141] lr=0.054705 train_loss=0.0466 loss_reg=0.0236 val_acc=0.8730 val_nlpd=0.4067 val_ece=0.0183 kl_weight=0.000000 loss_kl_raw=2614377.0000
[eval] adapter_cls=BayesPaperAdapter
[eval] raw_logits_shape=(10, 256, 101)
[eval] reduced_logits_shape=(256, 101)
[Epoch 142] lr=0.054184 train_loss=0.0466 loss_reg=0.0238 val_acc=0.8714 val_nlpd=0.4086 val_ece=0.0183 kl_weight=0.000000 loss_kl_raw=2617124.7500
[eval] adapter_cls=BayesPaperAdapter
[eval] raw_logits_shape=(10, 256, 101)
[eval] reduced_logits_shape=(256, 101)
[Epoch 143] lr=0.053662 train_loss=0.0469 loss_reg=0.0240 val_acc=0.8746 val_nlpd=0.4078 val_ece=0.0176 kl_weight=0.000000 loss_kl_raw=2619850.5000
[eval] adapter_cls=BayesPaperAdapter
[eval] raw_logits_shape=(10, 256, 101)
[eval] reduced_logits_shape=(256, 101)
[Epoch 144] lr=0.053140 train_loss=0.0471 loss_reg=0.0242 val_acc=0.8741 val_nlpd=0.4078 val_ece=0.0195 kl_weight=0.000000 loss_kl_raw=2622571.7500
[eval] adapter_cls=BayesPaperAdapter
[eval] raw_logits_shape=(10, 256, 101)
[eval] reduced_logits_shape=(256, 101)
[Epoch 145] lr=0.052617 train_loss=0.0471 loss_reg=0.0244 val_acc=0.8720 val_nlpd=0.4094 val_ece=0.0177 kl_weight=0.000000 loss_kl_raw=2625238.5000
[eval] adapter_cls=BayesPaperAdapter
[eval] raw_logits_shape=(10, 256, 101)
[eval] reduced_logits_shape=(256, 101)
[Epoch 146] lr=0.052094 train_loss=0.0473 loss_reg=0.0245 val_acc=0.8730 val_nlpd=0.4080 val_ece=0.0186 kl_weight=0.000000 loss_kl_raw=2627703.0000
[eval] adapter_cls=BayesPaperAdapter
[eval] raw_logits_shape=(10, 256, 101)
[eval] reduced_logits_shape=(256, 101)
[Epoch 147] lr=0.051571 train_loss=0.0473 loss_reg=0.0247 val_acc=0.8736 val_nlpd=0.4072 val_ece=0.0171 kl_weight=0.000000 loss_kl_raw=2630065.0000
[eval] adapter_cls=BayesPaperAdapter
[eval] raw_logits_shape=(10, 256, 101)
[eval] reduced_logits_shape=(256, 101)
[Epoch 148] lr=0.051047 train_loss=0.0475 loss_reg=0.0249 val_acc=0.8746 val_nlpd=0.4067 val_ece=0.0169 kl_weight=0.000000 loss_kl_raw=2632386.0000
[eval] adapter_cls=BayesPaperAdapter
[eval] raw_logits_shape=(10, 256, 101)
[eval] reduced_logits_shape=(256, 101)
[Epoch 149] lr=0.050524 train_loss=0.0477 loss_reg=0.0251 val_acc=0.8746 val_nlpd=0.4069 val_ece=0.0166 kl_weight=0.000000 loss_kl_raw=2634634.5000
[eval] adapter_cls=BayesPaperAdapter
[eval] raw_logits_shape=(10, 256, 101)
[eval] reduced_logits_shape=(256, 101)
[Epoch 150] lr=0.050000 train_loss=0.0478 loss_reg=0.0253 val_acc=0.8736 val_nlpd=0.4068 val_ece=0.0175 kl_weight=0.000000 loss_kl_raw=2636976.5000
[eval] adapter_cls=BayesPaperAdapter
[eval] raw_logits_shape=(10, 256, 101)
[eval] reduced_logits_shape=(256, 101)
[Epoch 151] lr=0.049476 train_loss=0.0478 loss_reg=0.0255 val_acc=0.8736 val_nlpd=0.4068 val_ece=0.0181 kl_weight=0.000000 loss_kl_raw=2639224.5000
[eval] adapter_cls=BayesPaperAdapter
[eval] raw_logits_shape=(10, 256, 101)
[eval] reduced_logits_shape=(256, 101)
[Epoch 152] lr=0.048953 train_loss=0.0480 loss_reg=0.0257 val_acc=0.8725 val_nlpd=0.4066 val_ece=0.0185 kl_weight=0.000000 loss_kl_raw=2641469.5000
[eval] adapter_cls=BayesPaperAdapter
[eval] raw_logits_shape=(10, 256, 101)
[eval] reduced_logits_shape=(256, 101)
[Epoch 153] lr=0.048429 train_loss=0.0483 loss_reg=0.0259 val_acc=0.8736 val_nlpd=0.4064 val_ece=0.0170 kl_weight=0.000000 loss_kl_raw=2643559.2500
[eval] adapter_cls=BayesPaperAdapter
[eval] raw_logits_shape=(10, 256, 101)
[eval] reduced_logits_shape=(256, 101)
[Epoch 154] lr=0.047906 train_loss=0.0483 loss_reg=0.0261 val_acc=0.8730 val_nlpd=0.4084 val_ece=0.0176 kl_weight=0.000000 loss_kl_raw=2645730.0000
[eval] adapter_cls=BayesPaperAdapter
[eval] raw_logits_shape=(10, 256, 101)
[eval] reduced_logits_shape=(256, 101)
[Epoch 155] lr=0.047383 train_loss=0.0484 loss_reg=0.0263 val_acc=0.8741 val_nlpd=0.4064 val_ece=0.0172 kl_weight=0.000000 loss_kl_raw=2647746.5000
[eval] adapter_cls=BayesPaperAdapter
[eval] raw_logits_shape=(10, 256, 101)
[eval] reduced_logits_shape=(256, 101)
[Epoch 156] lr=0.046860 train_loss=0.0486 loss_reg=0.0265 val_acc=0.8736 val_nlpd=0.4073 val_ece=0.0172 kl_weight=0.000000 loss_kl_raw=2649653.7500
[eval] adapter_cls=BayesPaperAdapter
[eval] raw_logits_shape=(10, 256, 101)
[eval] reduced_logits_shape=(256, 101)
[Epoch 157] lr=0.046338 train_loss=0.0488 loss_reg=0.0267 val_acc=0.8741 val_nlpd=0.4076 val_ece=0.0171 kl_weight=0.000000 loss_kl_raw=2651471.2500
[eval] adapter_cls=BayesPaperAdapter
[eval] raw_logits_shape=(10, 256, 101)
[eval] reduced_logits_shape=(256, 101)
[Epoch 158] lr=0.045816 train_loss=0.0490 loss_reg=0.0268 val_acc=0.8751 val_nlpd=0.4071 val_ece=0.0168 kl_weight=0.000000 loss_kl_raw=2653342.7500
[eval] adapter_cls=BayesPaperAdapter
[eval] raw_logits_shape=(10, 256, 101)
[eval] reduced_logits_shape=(256, 101)
[Epoch 159] lr=0.045295 train_loss=0.0491 loss_reg=0.0270 val_acc=0.8746 val_nlpd=0.4089 val_ece=0.0178 kl_weight=0.000000 loss_kl_raw=2655072.0000
[eval] adapter_cls=BayesPaperAdapter
[eval] raw_logits_shape=(10, 256, 101)
[eval] reduced_logits_shape=(256, 101)
[Epoch 160] lr=0.044774 train_loss=0.0492 loss_reg=0.0272 val_acc=0.8736 val_nlpd=0.4081 val_ece=0.0178 kl_weight=0.000000 loss_kl_raw=2656986.7500
[eval] adapter_cls=BayesPaperAdapter
[eval] raw_logits_shape=(10, 256, 101)
[eval] reduced_logits_shape=(256, 101)
[Epoch 161] lr=0.044253 train_loss=0.0494 loss_reg=0.0274 val_acc=0.8720 val_nlpd=0.4080 val_ece=0.0202 kl_weight=0.000000 loss_kl_raw=2658896.7500
[eval] adapter_cls=BayesPaperAdapter
[eval] raw_logits_shape=(10, 256, 101)
[eval] reduced_logits_shape=(256, 101)
[Epoch 162] lr=0.043733 train_loss=0.0494 loss_reg=0.0276 val_acc=0.8741 val_nlpd=0.4070 val_ece=0.0199 kl_weight=0.000000 loss_kl_raw=2660594.7500
[eval] adapter_cls=BayesPaperAdapter
[eval] raw_logits_shape=(10, 256, 101)
[eval] reduced_logits_shape=(256, 101)
[Epoch 163] lr=0.043214 train_loss=0.0497 loss_reg=0.0278 val_acc=0.8741 val_nlpd=0.4065 val_ece=0.0208 kl_weight=0.000000 loss_kl_raw=2662099.5000
[eval] adapter_cls=BayesPaperAdapter
[eval] raw_logits_shape=(10, 256, 101)
[eval] reduced_logits_shape=(256, 101)
[Epoch 164] lr=0.042696 train_loss=0.0498 loss_reg=0.0280 val_acc=0.8725 val_nlpd=0.4059 val_ece=0.0200 kl_weight=0.000000 loss_kl_raw=2663664.5000
[eval] adapter_cls=BayesPaperAdapter
[eval] raw_logits_shape=(10, 256, 101)
[eval] reduced_logits_shape=(256, 101)
[Epoch 165] lr=0.042178 train_loss=0.0499 loss_reg=0.0282 val_acc=0.8746 val_nlpd=0.4066 val_ece=0.0181 kl_weight=0.000000 loss_kl_raw=2665073.5000
[eval] adapter_cls=BayesPaperAdapter
[eval] raw_logits_shape=(10, 256, 101)
[eval] reduced_logits_shape=(256, 101)
[Epoch 166] lr=0.041662 train_loss=0.0502 loss_reg=0.0284 val_acc=0.8736 val_nlpd=0.4075 val_ece=0.0211 kl_weight=0.000000 loss_kl_raw=2666471.5000
[eval] adapter_cls=BayesPaperAdapter
[eval] raw_logits_shape=(10, 256, 101)
[eval] reduced_logits_shape=(256, 101)
[Epoch 167] lr=0.041146 train_loss=0.0503 loss_reg=0.0285 val_acc=0.8725 val_nlpd=0.4073 val_ece=0.0186 kl_weight=0.000000 loss_kl_raw=2667882.0000
[eval] adapter_cls=BayesPaperAdapter
[eval] raw_logits_shape=(10, 256, 101)
[eval] reduced_logits_shape=(256, 101)
[Epoch 168] lr=0.040631 train_loss=0.0505 loss_reg=0.0287 val_acc=0.8725 val_nlpd=0.4074 val_ece=0.0204 kl_weight=0.000000 loss_kl_raw=2669334.2500
[eval] adapter_cls=BayesPaperAdapter
[eval] raw_logits_shape=(10, 256, 101)
[eval] reduced_logits_shape=(256, 101)
[Epoch 169] lr=0.040117 train_loss=0.0507 loss_reg=0.0289 val_acc=0.8736 val_nlpd=0.4078 val_ece=0.0172 kl_weight=0.000000 loss_kl_raw=2670825.5000
[eval] adapter_cls=BayesPaperAdapter
[eval] raw_logits_shape=(10, 256, 101)
[eval] reduced_logits_shape=(256, 101)
[Epoch 170] lr=0.039604 train_loss=0.0510 loss_reg=0.0291 val_acc=0.8736 val_nlpd=0.4077 val_ece=0.0183 kl_weight=0.000000 loss_kl_raw=2672166.5000
[eval] adapter_cls=BayesPaperAdapter
[eval] raw_logits_shape=(10, 256, 101)
[eval] reduced_logits_shape=(256, 101)
[Epoch 171] lr=0.039093 train_loss=0.0509 loss_reg=0.0293 val_acc=0.8720 val_nlpd=0.4077 val_ece=0.0198 kl_weight=0.000000 loss_kl_raw=2673460.7500
[eval] adapter_cls=BayesPaperAdapter
[eval] raw_logits_shape=(10, 256, 101)
[eval] reduced_logits_shape=(256, 101)
[Epoch 172] lr=0.038582 train_loss=0.0510 loss_reg=0.0295 val_acc=0.8709 val_nlpd=0.4072 val_ece=0.0217 kl_weight=0.000000 loss_kl_raw=2674688.2500
[eval] adapter_cls=BayesPaperAdapter
[eval] raw_logits_shape=(10, 256, 101)
[eval] reduced_logits_shape=(256, 101)
[Epoch 173] lr=0.038073 train_loss=0.0513 loss_reg=0.0297 val_acc=0.8720 val_nlpd=0.4068 val_ece=0.0195 kl_weight=0.000000 loss_kl_raw=2675886.7500
[eval] adapter_cls=BayesPaperAdapter
[eval] raw_logits_shape=(10, 256, 101)
[eval] reduced_logits_shape=(256, 101)
[Epoch 174] lr=0.037566 train_loss=0.0514 loss_reg=0.0298 val_acc=0.8736 val_nlpd=0.4064 val_ece=0.0184 kl_weight=0.000000 loss_kl_raw=2677021.0000
[eval] adapter_cls=BayesPaperAdapter
[eval] raw_logits_shape=(10, 256, 101)
[eval] reduced_logits_shape=(256, 101)
[Epoch 175] lr=0.037059 train_loss=0.0514 loss_reg=0.0300 val_acc=0.8730 val_nlpd=0.4062 val_ece=0.0203 kl_weight=0.000000 loss_kl_raw=2678115.2500
[eval] adapter_cls=BayesPaperAdapter
[eval] raw_logits_shape=(10, 256, 101)
[eval] reduced_logits_shape=(256, 101)
[Epoch 176] lr=0.036554 train_loss=0.0517 loss_reg=0.0302 val_acc=0.8741 val_nlpd=0.4064 val_ece=0.0180 kl_weight=0.000000 loss_kl_raw=2679131.5000
[eval] adapter_cls=BayesPaperAdapter
[eval] raw_logits_shape=(10, 256, 101)
[eval] reduced_logits_shape=(256, 101)
[Epoch 177] lr=0.036050 train_loss=0.0518 loss_reg=0.0304 val_acc=0.8736 val_nlpd=0.4064 val_ece=0.0191 kl_weight=0.000000 loss_kl_raw=2680206.0000
[eval] adapter_cls=BayesPaperAdapter
[eval] raw_logits_shape=(10, 256, 101)
[eval] reduced_logits_shape=(256, 101)
[Epoch 178] lr=0.035548 train_loss=0.0518 loss_reg=0.0306 val_acc=0.8736 val_nlpd=0.4068 val_ece=0.0207 kl_weight=0.000000 loss_kl_raw=2681229.7500
[eval] adapter_cls=BayesPaperAdapter
[eval] raw_logits_shape=(10, 256, 101)
[eval] reduced_logits_shape=(256, 101)
[Epoch 179] lr=0.035048 train_loss=0.0521 loss_reg=0.0308 val_acc=0.8736 val_nlpd=0.4069 val_ece=0.0205 kl_weight=0.000000 loss_kl_raw=2682126.7500
[eval] adapter_cls=BayesPaperAdapter
[eval] raw_logits_shape=(10, 256, 101)
[eval] reduced_logits_shape=(256, 101)
[Epoch 180] lr=0.034549 train_loss=0.0525 loss_reg=0.0310 val_acc=0.8725 val_nlpd=0.4063 val_ece=0.0201 kl_weight=0.000000 loss_kl_raw=2683085.5000
[eval] adapter_cls=BayesPaperAdapter
[eval] raw_logits_shape=(10, 256, 101)
[eval] reduced_logits_shape=(256, 101)
[Epoch 181] lr=0.034052 train_loss=0.0525 loss_reg=0.0311 val_acc=0.8736 val_nlpd=0.4068 val_ece=0.0174 kl_weight=0.000000 loss_kl_raw=2684113.7500
[eval] adapter_cls=BayesPaperAdapter
[eval] raw_logits_shape=(10, 256, 101)
[eval] reduced_logits_shape=(256, 101)
[Epoch 182] lr=0.033557 train_loss=0.0527 loss_reg=0.0313 val_acc=0.8736 val_nlpd=0.4077 val_ece=0.0196 kl_weight=0.000000 loss_kl_raw=2684946.7500
[eval] adapter_cls=BayesPaperAdapter
[eval] raw_logits_shape=(10, 256, 101)
[eval] reduced_logits_shape=(256, 101)
[Epoch 183] lr=0.033063 train_loss=0.0528 loss_reg=0.0315 val_acc=0.8736 val_nlpd=0.4064 val_ece=0.0188 kl_weight=0.000000 loss_kl_raw=2685748.7500
[eval] adapter_cls=BayesPaperAdapter
[eval] raw_logits_shape=(10, 256, 101)
[eval] reduced_logits_shape=(256, 101)
[Epoch 184] lr=0.032571 train_loss=0.0529 loss_reg=0.0317 val_acc=0.8741 val_nlpd=0.4067 val_ece=0.0195 kl_weight=0.000000 loss_kl_raw=2686477.0000
[eval] adapter_cls=BayesPaperAdapter
[eval] raw_logits_shape=(10, 256, 101)
[eval] reduced_logits_shape=(256, 101)
[Epoch 185] lr=0.032082 train_loss=0.0532 loss_reg=0.0319 val_acc=0.8725 val_nlpd=0.4054 val_ece=0.0189 kl_weight=0.000000 loss_kl_raw=2687246.7500
[eval] adapter_cls=BayesPaperAdapter
[eval] raw_logits_shape=(10, 256, 101)
[eval] reduced_logits_shape=(256, 101)
[Epoch 186] lr=0.031594 train_loss=0.0533 loss_reg=0.0320 val_acc=0.8741 val_nlpd=0.4066 val_ece=0.0193 kl_weight=0.000000 loss_kl_raw=2687931.0000
[eval] adapter_cls=BayesPaperAdapter
[eval] raw_logits_shape=(10, 256, 101)
[eval] reduced_logits_shape=(256, 101)
[Epoch 187] lr=0.031108 train_loss=0.0533 loss_reg=0.0322 val_acc=0.8714 val_nlpd=0.4052 val_ece=0.0198 kl_weight=0.000000 loss_kl_raw=2688578.7500
[eval] adapter_cls=BayesPaperAdapter
[eval] raw_logits_shape=(10, 256, 101)
[eval] reduced_logits_shape=(256, 101)
[Epoch 188] lr=0.030624 train_loss=0.0537 loss_reg=0.0324 val_acc=0.8725 val_nlpd=0.4055 val_ece=0.0187 kl_weight=0.000000 loss_kl_raw=2689223.0000
[eval] adapter_cls=BayesPaperAdapter
[eval] raw_logits_shape=(10, 256, 101)
[eval] reduced_logits_shape=(256, 101)
[Epoch 189] lr=0.030143 train_loss=0.0539 loss_reg=0.0326 val_acc=0.8714 val_nlpd=0.4060 val_ece=0.0203 kl_weight=0.000000 loss_kl_raw=2689813.2500
[eval] adapter_cls=BayesPaperAdapter
[eval] raw_logits_shape=(10, 256, 101)
[eval] reduced_logits_shape=(256, 101)
[Epoch 190] lr=0.029663 train_loss=0.0539 loss_reg=0.0328 val_acc=0.8725 val_nlpd=0.4061 val_ece=0.0191 kl_weight=0.000000 loss_kl_raw=2690368.7500
[eval] adapter_cls=BayesPaperAdapter
[eval] raw_logits_shape=(10, 256, 101)
[eval] reduced_logits_shape=(256, 101)
[Epoch 191] lr=0.029186 train_loss=0.0540 loss_reg=0.0330 val_acc=0.8720 val_nlpd=0.4065 val_ece=0.0218 kl_weight=0.000000 loss_kl_raw=2690944.7500
[eval] adapter_cls=BayesPaperAdapter
[eval] raw_logits_shape=(10, 256, 101)
[eval] reduced_logits_shape=(256, 101)
[Epoch 192] lr=0.028711 train_loss=0.0544 loss_reg=0.0331 val_acc=0.8746 val_nlpd=0.4051 val_ece=0.0200 kl_weight=0.000000 loss_kl_raw=2691611.7500
[eval] adapter_cls=BayesPaperAdapter
[eval] raw_logits_shape=(10, 256, 101)
[eval] reduced_logits_shape=(256, 101)
[Epoch 193] lr=0.028238 train_loss=0.0545 loss_reg=0.0333 val_acc=0.8736 val_nlpd=0.4055 val_ece=0.0188 kl_weight=0.000000 loss_kl_raw=2692198.7500
[eval] adapter_cls=BayesPaperAdapter
[eval] raw_logits_shape=(10, 256, 101)
[eval] reduced_logits_shape=(256, 101)
[Epoch 194] lr=0.027768 train_loss=0.0546 loss_reg=0.0335 val_acc=0.8725 val_nlpd=0.4051 val_ece=0.0204 kl_weight=0.000000 loss_kl_raw=2692684.5000
[eval] adapter_cls=BayesPaperAdapter
[eval] raw_logits_shape=(10, 256, 101)
[eval] reduced_logits_shape=(256, 101)
[Epoch 195] lr=0.027300 train_loss=0.0548 loss_reg=0.0337 val_acc=0.8741 val_nlpd=0.4047 val_ece=0.0185 kl_weight=0.000000 loss_kl_raw=2693227.7500
[eval] adapter_cls=BayesPaperAdapter
[eval] raw_logits_shape=(10, 256, 101)
[eval] reduced_logits_shape=(256, 101)
[Epoch 196] lr=0.026835 train_loss=0.0550 loss_reg=0.0339 val_acc=0.8725 val_nlpd=0.4064 val_ece=0.0200 kl_weight=0.000000 loss_kl_raw=2693712.5000
[eval] adapter_cls=BayesPaperAdapter
[eval] raw_logits_shape=(10, 256, 101)
[eval] reduced_logits_shape=(256, 101)
[Epoch 197] lr=0.026372 train_loss=0.0552 loss_reg=0.0340 val_acc=0.8736 val_nlpd=0.4054 val_ece=0.0206 kl_weight=0.000000 loss_kl_raw=2694118.0000
[eval] adapter_cls=BayesPaperAdapter
[eval] raw_logits_shape=(10, 256, 101)
[eval] reduced_logits_shape=(256, 101)
[Epoch 198] lr=0.025912 train_loss=0.0552 loss_reg=0.0342 val_acc=0.8746 val_nlpd=0.4053 val_ece=0.0198 kl_weight=0.000000 loss_kl_raw=2694541.7500
[eval] adapter_cls=BayesPaperAdapter
[eval] raw_logits_shape=(10, 256, 101)
[eval] reduced_logits_shape=(256, 101)
[Epoch 199] lr=0.025455 train_loss=0.0554 loss_reg=0.0344 val_acc=0.8730 val_nlpd=0.4050 val_ece=0.0184 kl_weight=0.000000 loss_kl_raw=2694964.0000
[eval] adapter_cls=BayesPaperAdapter
[eval] raw_logits_shape=(10, 256, 101)
[eval] reduced_logits_shape=(256, 101)
[Epoch 200] lr=0.025000 train_loss=0.0556 loss_reg=0.0346 val_acc=0.8746 val_nlpd=0.4052 val_ece=0.0196 kl_weight=0.000000 loss_kl_raw=2695352.7500
[eval] adapter_cls=BayesPaperAdapter
[eval] raw_logits_shape=(10, 256, 101)
[eval] reduced_logits_shape=(256, 101)
[Epoch 201] lr=0.024548 train_loss=0.0558 loss_reg=0.0348 val_acc=0.8736 val_nlpd=0.4054 val_ece=0.0204 kl_weight=0.000000 loss_kl_raw=2695711.7500
[eval] adapter_cls=BayesPaperAdapter
[eval] raw_logits_shape=(10, 256, 101)
[eval] reduced_logits_shape=(256, 101)
[Epoch 202] lr=0.024099 train_loss=0.0560 loss_reg=0.0349 val_acc=0.8730 val_nlpd=0.4057 val_ece=0.0192 kl_weight=0.000000 loss_kl_raw=2696139.2500
[eval] adapter_cls=BayesPaperAdapter
[eval] raw_logits_shape=(10, 256, 101)
[eval] reduced_logits_shape=(256, 101)
[Epoch 203] lr=0.023652 train_loss=0.0562 loss_reg=0.0351 val_acc=0.8746 val_nlpd=0.4051 val_ece=0.0168 kl_weight=0.000000 loss_kl_raw=2696536.0000
[eval] adapter_cls=BayesPaperAdapter
[eval] raw_logits_shape=(10, 256, 101)
[eval] reduced_logits_shape=(256, 101)
[Epoch 204] lr=0.023209 train_loss=0.0564 loss_reg=0.0353 val_acc=0.8746 val_nlpd=0.4055 val_ece=0.0183 kl_weight=0.000000 loss_kl_raw=2696856.0000
[eval] adapter_cls=BayesPaperAdapter
[eval] raw_logits_shape=(10, 256, 101)
[eval] reduced_logits_shape=(256, 101)
[Epoch 205] lr=0.022768 train_loss=0.0565 loss_reg=0.0355 val_acc=0.8746 val_nlpd=0.4052 val_ece=0.0192 kl_weight=0.000000 loss_kl_raw=2697150.2500
[eval] adapter_cls=BayesPaperAdapter
[eval] raw_logits_shape=(10, 256, 101)
[eval] reduced_logits_shape=(256, 101)
[Epoch 206] lr=0.022330 train_loss=0.0566 loss_reg=0.0356 val_acc=0.8751 val_nlpd=0.4049 val_ece=0.0174 kl_weight=0.000000 loss_kl_raw=2697411.0000
[eval] adapter_cls=BayesPaperAdapter
[eval] raw_logits_shape=(10, 256, 101)
[eval] reduced_logits_shape=(256, 101)
[Epoch 207] lr=0.021896 train_loss=0.0568 loss_reg=0.0358 val_acc=0.8746 val_nlpd=0.4052 val_ece=0.0172 kl_weight=0.000000 loss_kl_raw=2697645.0000
[eval] adapter_cls=BayesPaperAdapter
[eval] raw_logits_shape=(10, 256, 101)
[eval] reduced_logits_shape=(256, 101)
[Epoch 208] lr=0.021464 train_loss=0.0569 loss_reg=0.0360 val_acc=0.8741 val_nlpd=0.4062 val_ece=0.0172 kl_weight=0.000000 loss_kl_raw=2697883.2500
[eval] adapter_cls=BayesPaperAdapter
[eval] raw_logits_shape=(10, 256, 101)
[eval] reduced_logits_shape=(256, 101)
[Epoch 209] lr=0.021036 train_loss=0.0572 loss_reg=0.0362 val_acc=0.8741 val_nlpd=0.4054 val_ece=0.0171 kl_weight=0.000000 loss_kl_raw=2698121.5000
[eval] adapter_cls=BayesPaperAdapter
[eval] raw_logits_shape=(10, 256, 101)
[eval] reduced_logits_shape=(256, 101)
[Epoch 210] lr=0.020611 train_loss=0.0573 loss_reg=0.0364 val_acc=0.8725 val_nlpd=0.4062 val_ece=0.0188 kl_weight=0.000000 loss_kl_raw=2698315.0000
[eval] adapter_cls=BayesPaperAdapter
[eval] raw_logits_shape=(10, 256, 101)
[eval] reduced_logits_shape=(256, 101)
[Epoch 211] lr=0.020189 train_loss=0.0575 loss_reg=0.0365 val_acc=0.8741 val_nlpd=0.4045 val_ece=0.0179 kl_weight=0.000000 loss_kl_raw=2698434.5000
[eval] adapter_cls=BayesPaperAdapter
[eval] raw_logits_shape=(10, 256, 101)
[eval] reduced_logits_shape=(256, 101)
[Epoch 212] lr=0.019770 train_loss=0.0576 loss_reg=0.0367 val_acc=0.8757 val_nlpd=0.4042 val_ece=0.0186 kl_weight=0.000000 loss_kl_raw=2698674.2500
[eval] adapter_cls=BayesPaperAdapter
[eval] raw_logits_shape=(10, 256, 101)
[eval] reduced_logits_shape=(256, 101)
[Epoch 213] lr=0.019355 train_loss=0.0579 loss_reg=0.0369 val_acc=0.8736 val_nlpd=0.4047 val_ece=0.0187 kl_weight=0.000000 loss_kl_raw=2698875.7500
[eval] adapter_cls=BayesPaperAdapter
[eval] raw_logits_shape=(10, 256, 101)
[eval] reduced_logits_shape=(256, 101)
[Epoch 214] lr=0.018943 train_loss=0.0579 loss_reg=0.0371 val_acc=0.8725 val_nlpd=0.4056 val_ece=0.0200 kl_weight=0.000000 loss_kl_raw=2699050.2500
[eval] adapter_cls=BayesPaperAdapter
[eval] raw_logits_shape=(10, 256, 101)
[eval] reduced_logits_shape=(256, 101)
[Epoch 215] lr=0.018534 train_loss=0.0581 loss_reg=0.0372 val_acc=0.8736 val_nlpd=0.4047 val_ece=0.0177 kl_weight=0.000000 loss_kl_raw=2699179.5000
[eval] adapter_cls=BayesPaperAdapter
[eval] raw_logits_shape=(10, 256, 101)
[eval] reduced_logits_shape=(256, 101)
[Epoch 216] lr=0.018129 train_loss=0.0584 loss_reg=0.0374 val_acc=0.8741 val_nlpd=0.4048 val_ece=0.0186 kl_weight=0.000000 loss_kl_raw=2699309.7500
[eval] adapter_cls=BayesPaperAdapter
[eval] raw_logits_shape=(10, 256, 101)
[eval] reduced_logits_shape=(256, 101)
[Epoch 217] lr=0.017727 train_loss=0.0585 loss_reg=0.0376 val_acc=0.8725 val_nlpd=0.4053 val_ece=0.0187 kl_weight=0.000000 loss_kl_raw=2699497.7500
[eval] adapter_cls=BayesPaperAdapter
[eval] raw_logits_shape=(10, 256, 101)
[eval] reduced_logits_shape=(256, 101)
[Epoch 218] lr=0.017329 train_loss=0.0587 loss_reg=0.0378 val_acc=0.8746 val_nlpd=0.4040 val_ece=0.0190 kl_weight=0.000000 loss_kl_raw=2699677.2500
[eval] adapter_cls=BayesPaperAdapter
[eval] raw_logits_shape=(10, 256, 101)
[eval] reduced_logits_shape=(256, 101)
[Epoch 219] lr=0.016934 train_loss=0.0589 loss_reg=0.0379 val_acc=0.8741 val_nlpd=0.4054 val_ece=0.0201 kl_weight=0.000000 loss_kl_raw=2699815.7500
[eval] adapter_cls=BayesPaperAdapter
[eval] raw_logits_shape=(10, 256, 101)
[eval] reduced_logits_shape=(256, 101)
[Epoch 220] lr=0.016543 train_loss=0.0590 loss_reg=0.0381 val_acc=0.8751 val_nlpd=0.4052 val_ece=0.0186 kl_weight=0.000000 loss_kl_raw=2699891.7500
[eval] adapter_cls=BayesPaperAdapter
[eval] raw_logits_shape=(10, 256, 101)
[eval] reduced_logits_shape=(256, 101)
[Epoch 221] lr=0.016156 train_loss=0.0592 loss_reg=0.0383 val_acc=0.8741 val_nlpd=0.4043 val_ece=0.0182 kl_weight=0.000000 loss_kl_raw=2699990.5000
[eval] adapter_cls=BayesPaperAdapter
[eval] raw_logits_shape=(10, 256, 101)
[eval] reduced_logits_shape=(256, 101)
[Epoch 222] lr=0.015773 train_loss=0.0594 loss_reg=0.0385 val_acc=0.8736 val_nlpd=0.4055 val_ece=0.0207 kl_weight=0.000000 loss_kl_raw=2700068.0000
[eval] adapter_cls=BayesPaperAdapter
[eval] raw_logits_shape=(10, 256, 101)
[eval] reduced_logits_shape=(256, 101)
[Epoch 223] lr=0.015393 train_loss=0.0596 loss_reg=0.0386 val_acc=0.8746 val_nlpd=0.4051 val_ece=0.0180 kl_weight=0.000000 loss_kl_raw=2700123.2500
[eval] adapter_cls=BayesPaperAdapter
[eval] raw_logits_shape=(10, 256, 101)
[eval] reduced_logits_shape=(256, 101)
[Epoch 224] lr=0.015017 train_loss=0.0598 loss_reg=0.0388 val_acc=0.8746 val_nlpd=0.4047 val_ece=0.0184 kl_weight=0.000000 loss_kl_raw=2700182.7500
[eval] adapter_cls=BayesPaperAdapter
[eval] raw_logits_shape=(10, 256, 101)
[eval] reduced_logits_shape=(256, 101)
[Epoch 225] lr=0.014645 train_loss=0.0598 loss_reg=0.0390 val_acc=0.8746 val_nlpd=0.4039 val_ece=0.0189 kl_weight=0.000000 loss_kl_raw=2700208.0000
[eval] adapter_cls=BayesPaperAdapter
[eval] raw_logits_shape=(10, 256, 101)
[eval] reduced_logits_shape=(256, 101)
[Epoch 226] lr=0.014276 train_loss=0.0600 loss_reg=0.0392 val_acc=0.8751 val_nlpd=0.4043 val_ece=0.0201 kl_weight=0.000000 loss_kl_raw=2700317.2500
[eval] adapter_cls=BayesPaperAdapter
[eval] raw_logits_shape=(10, 256, 101)
[eval] reduced_logits_shape=(256, 101)
[Epoch 227] lr=0.013912 train_loss=0.0602 loss_reg=0.0393 val_acc=0.8736 val_nlpd=0.4053 val_ece=0.0205 kl_weight=0.000000 loss_kl_raw=2700397.5000
[eval] adapter_cls=BayesPaperAdapter
[eval] raw_logits_shape=(10, 256, 101)
[eval] reduced_logits_shape=(256, 101)
[Epoch 228] lr=0.013552 train_loss=0.0603 loss_reg=0.0395 val_acc=0.8746 val_nlpd=0.4053 val_ece=0.0199 kl_weight=0.000000 loss_kl_raw=2700432.0000
[eval] adapter_cls=BayesPaperAdapter
[eval] raw_logits_shape=(10, 256, 101)
[eval] reduced_logits_shape=(256, 101)
[Epoch 229] lr=0.013195 train_loss=0.0606 loss_reg=0.0397 val_acc=0.8730 val_nlpd=0.4047 val_ece=0.0190 kl_weight=0.000000 loss_kl_raw=2700462.7500
[eval] adapter_cls=BayesPaperAdapter
[eval] raw_logits_shape=(10, 256, 101)
[eval] reduced_logits_shape=(256, 101)
[Epoch 230] lr=0.012843 train_loss=0.0608 loss_reg=0.0399 val_acc=0.8736 val_nlpd=0.4042 val_ece=0.0198 kl_weight=0.000000 loss_kl_raw=2700499.5000
[eval] adapter_cls=BayesPaperAdapter
[eval] raw_logits_shape=(10, 256, 101)
[eval] reduced_logits_shape=(256, 101)
[Epoch 231] lr=0.012494 train_loss=0.0609 loss_reg=0.0400 val_acc=0.8730 val_nlpd=0.4043 val_ece=0.0190 kl_weight=0.000000 loss_kl_raw=2700495.5000
[eval] adapter_cls=BayesPaperAdapter
[eval] raw_logits_shape=(10, 256, 101)
[eval] reduced_logits_shape=(256, 101)
[Epoch 232] lr=0.012150 train_loss=0.0611 loss_reg=0.0402 val_acc=0.8751 val_nlpd=0.4042 val_ece=0.0178 kl_weight=0.000000 loss_kl_raw=2700515.2500
[eval] adapter_cls=BayesPaperAdapter
[eval] raw_logits_shape=(10, 256, 101)
[eval] reduced_logits_shape=(256, 101)
[Epoch 233] lr=0.011810 train_loss=0.0612 loss_reg=0.0404 val_acc=0.8730 val_nlpd=0.4046 val_ece=0.0211 kl_weight=0.000000 loss_kl_raw=2700542.5000
[eval] adapter_cls=BayesPaperAdapter
[eval] raw_logits_shape=(10, 256, 101)
[eval] reduced_logits_shape=(256, 101)
[Epoch 234] lr=0.011474 train_loss=0.0615 loss_reg=0.0406 val_acc=0.8751 val_nlpd=0.4036 val_ece=0.0172 kl_weight=0.000000 loss_kl_raw=2700542.7500
[eval] adapter_cls=BayesPaperAdapter
[eval] raw_logits_shape=(10, 256, 101)
[eval] reduced_logits_shape=(256, 101)
[Epoch 235] lr=0.011143 train_loss=0.0616 loss_reg=0.0407 val_acc=0.8741 val_nlpd=0.4050 val_ece=0.0190 kl_weight=0.000000 loss_kl_raw=2700553.7500
[eval] adapter_cls=BayesPaperAdapter
[eval] raw_logits_shape=(10, 256, 101)
[eval] reduced_logits_shape=(256, 101)
[Epoch 236] lr=0.010815 train_loss=0.0618 loss_reg=0.0409 val_acc=0.8746 val_nlpd=0.4038 val_ece=0.0197 kl_weight=0.000000 loss_kl_raw=2700537.0000
[eval] adapter_cls=BayesPaperAdapter
[eval] raw_logits_shape=(10, 256, 101)
[eval] reduced_logits_shape=(256, 101)
[Epoch 237] lr=0.010492 train_loss=0.0620 loss_reg=0.0411 val_acc=0.8736 val_nlpd=0.4060 val_ece=0.0195 kl_weight=0.000000 loss_kl_raw=2700525.2500
[eval] adapter_cls=BayesPaperAdapter
[eval] raw_logits_shape=(10, 256, 101)
[eval] reduced_logits_shape=(256, 101)
[Epoch 238] lr=0.010174 train_loss=0.0620 loss_reg=0.0413 val_acc=0.8736 val_nlpd=0.4049 val_ece=0.0191 kl_weight=0.000000 loss_kl_raw=2700490.7500
[eval] adapter_cls=BayesPaperAdapter
[eval] raw_logits_shape=(10, 256, 101)
[eval] reduced_logits_shape=(256, 101)
[Epoch 239] lr=0.009859 train_loss=0.0623 loss_reg=0.0414 val_acc=0.8730 val_nlpd=0.4047 val_ece=0.0198 kl_weight=0.000000 loss_kl_raw=2700498.5000
[eval] adapter_cls=BayesPaperAdapter
[eval] raw_logits_shape=(10, 256, 101)
[eval] reduced_logits_shape=(256, 101)
[Epoch 240] lr=0.009549 train_loss=0.0625 loss_reg=0.0416 val_acc=0.8720 val_nlpd=0.4053 val_ece=0.0193 kl_weight=0.000000 loss_kl_raw=2700489.2500
[eval] adapter_cls=BayesPaperAdapter
[eval] raw_logits_shape=(10, 256, 101)
[eval] reduced_logits_shape=(256, 101)
[Epoch 241] lr=0.009244 train_loss=0.0627 loss_reg=0.0418 val_acc=0.8736 val_nlpd=0.4035 val_ece=0.0209 kl_weight=0.000000 loss_kl_raw=2700449.2500
[eval] adapter_cls=BayesPaperAdapter
[eval] raw_logits_shape=(10, 256, 101)
[eval] reduced_logits_shape=(256, 101)
[Epoch 242] lr=0.008943 train_loss=0.0629 loss_reg=0.0420 val_acc=0.8741 val_nlpd=0.4061 val_ece=0.0190 kl_weight=0.000000 loss_kl_raw=2700400.2500
[eval] adapter_cls=BayesPaperAdapter
[eval] raw_logits_shape=(10, 256, 101)
[eval] reduced_logits_shape=(256, 101)
[Epoch 243] lr=0.008646 train_loss=0.0630 loss_reg=0.0421 val_acc=0.8741 val_nlpd=0.4051 val_ece=0.0199 kl_weight=0.000000 loss_kl_raw=2700345.2500
[eval] adapter_cls=BayesPaperAdapter
[eval] raw_logits_shape=(10, 256, 101)
[eval] reduced_logits_shape=(256, 101)
[Epoch 244] lr=0.008354 train_loss=0.0632 loss_reg=0.0423 val_acc=0.8741 val_nlpd=0.4039 val_ece=0.0185 kl_weight=0.000000 loss_kl_raw=2700321.0000
[eval] adapter_cls=BayesPaperAdapter
[eval] raw_logits_shape=(10, 256, 101)
[eval] reduced_logits_shape=(256, 101)
[Epoch 245] lr=0.008066 train_loss=0.0633 loss_reg=0.0425 val_acc=0.8736 val_nlpd=0.4061 val_ece=0.0204 kl_weight=0.000000 loss_kl_raw=2700279.7500
[eval] adapter_cls=BayesPaperAdapter
[eval] raw_logits_shape=(10, 256, 101)
[eval] reduced_logits_shape=(256, 101)
[Epoch 246] lr=0.007784 train_loss=0.0634 loss_reg=0.0426 val_acc=0.8746 val_nlpd=0.4051 val_ece=0.0184 kl_weight=0.000000 loss_kl_raw=2700224.7500
[eval] adapter_cls=BayesPaperAdapter
[eval] raw_logits_shape=(10, 256, 101)
[eval] reduced_logits_shape=(256, 101)
[Epoch 247] lr=0.007505 train_loss=0.0637 loss_reg=0.0428 val_acc=0.8746 val_nlpd=0.4044 val_ece=0.0204 kl_weight=0.000000 loss_kl_raw=2700168.2500
[eval] adapter_cls=BayesPaperAdapter
[eval] raw_logits_shape=(10, 256, 101)
[eval] reduced_logits_shape=(256, 101)
[Epoch 248] lr=0.007232 train_loss=0.0638 loss_reg=0.0430 val_acc=0.8751 val_nlpd=0.4040 val_ece=0.0194 kl_weight=0.000000 loss_kl_raw=2700124.5000
[eval] adapter_cls=BayesPaperAdapter
[eval] raw_logits_shape=(10, 256, 101)
[eval] reduced_logits_shape=(256, 101)
[Epoch 249] lr=0.006963 train_loss=0.0640 loss_reg=0.0432 val_acc=0.8725 val_nlpd=0.4058 val_ece=0.0206 kl_weight=0.000000 loss_kl_raw=2700071.7500
[eval] adapter_cls=BayesPaperAdapter
[eval] raw_logits_shape=(10, 256, 101)
[eval] reduced_logits_shape=(256, 101)
[Epoch 250] lr=0.006699 train_loss=0.0641 loss_reg=0.0433 val_acc=0.8736 val_nlpd=0.4050 val_ece=0.0223 kl_weight=0.000000 loss_kl_raw=2700007.5000
[eval] adapter_cls=BayesPaperAdapter
[eval] raw_logits_shape=(10, 256, 101)
[eval] reduced_logits_shape=(256, 101)
[Epoch 251] lr=0.006439 train_loss=0.0644 loss_reg=0.0435 val_acc=0.8736 val_nlpd=0.4051 val_ece=0.0187 kl_weight=0.000000 loss_kl_raw=2699978.5000
[eval] adapter_cls=BayesPaperAdapter
[eval] raw_logits_shape=(10, 256, 101)
[eval] reduced_logits_shape=(256, 101)
[Epoch 252] lr=0.006185 train_loss=0.0644 loss_reg=0.0437 val_acc=0.8741 val_nlpd=0.4035 val_ece=0.0180 kl_weight=0.000000 loss_kl_raw=2699936.7500
[eval] adapter_cls=BayesPaperAdapter
[eval] raw_logits_shape=(10, 256, 101)
[eval] reduced_logits_shape=(256, 101)
[Epoch 253] lr=0.005935 train_loss=0.0646 loss_reg=0.0439 val_acc=0.8746 val_nlpd=0.4056 val_ece=0.0188 kl_weight=0.000000 loss_kl_raw=2699872.0000
[eval] adapter_cls=BayesPaperAdapter
[eval] raw_logits_shape=(10, 256, 101)
[eval] reduced_logits_shape=(256, 101)
[Epoch 254] lr=0.005690 train_loss=0.0649 loss_reg=0.0440 val_acc=0.8741 val_nlpd=0.4049 val_ece=0.0171 kl_weight=0.000000 loss_kl_raw=2699820.0000
[eval] adapter_cls=BayesPaperAdapter
[eval] raw_logits_shape=(10, 256, 101)
[eval] reduced_logits_shape=(256, 101)
[Epoch 255] lr=0.005450 train_loss=0.0651 loss_reg=0.0442 val_acc=0.8741 val_nlpd=0.4057 val_ece=0.0179 kl_weight=0.000000 loss_kl_raw=2699759.7500
[eval] adapter_cls=BayesPaperAdapter
[eval] raw_logits_shape=(10, 256, 101)
[eval] reduced_logits_shape=(256, 101)
[Epoch 256] lr=0.005214 train_loss=0.0652 loss_reg=0.0444 val_acc=0.8741 val_nlpd=0.4040 val_ece=0.0187 kl_weight=0.000000 loss_kl_raw=2699688.0000
[eval] adapter_cls=BayesPaperAdapter
[eval] raw_logits_shape=(10, 256, 101)
[eval] reduced_logits_shape=(256, 101)
[Epoch 257] lr=0.004984 train_loss=0.0653 loss_reg=0.0445 val_acc=0.8741 val_nlpd=0.4054 val_ece=0.0205 kl_weight=0.000000 loss_kl_raw=2699624.7500
[eval] adapter_cls=BayesPaperAdapter
[eval] raw_logits_shape=(10, 256, 101)
[eval] reduced_logits_shape=(256, 101)
[Epoch 258] lr=0.004759 train_loss=0.0655 loss_reg=0.0447 val_acc=0.8736 val_nlpd=0.4044 val_ece=0.0180 kl_weight=0.000000 loss_kl_raw=2699552.0000
[eval] adapter_cls=BayesPaperAdapter
[eval] raw_logits_shape=(10, 256, 101)
[eval] reduced_logits_shape=(256, 101)
[Epoch 259] lr=0.004538 train_loss=0.0657 loss_reg=0.0449 val_acc=0.8736 val_nlpd=0.4046 val_ece=0.0179 kl_weight=0.000000 loss_kl_raw=2699499.0000
[eval] adapter_cls=BayesPaperAdapter
[eval] raw_logits_shape=(10, 256, 101)
[eval] reduced_logits_shape=(256, 101)
[Epoch 260] lr=0.004323 train_loss=0.0658 loss_reg=0.0451 val_acc=0.8741 val_nlpd=0.4046 val_ece=0.0184 kl_weight=0.000000 loss_kl_raw=2699434.7500
[eval] adapter_cls=BayesPaperAdapter
[eval] raw_logits_shape=(10, 256, 101)
[eval] reduced_logits_shape=(256, 101)
[Epoch 261] lr=0.004112 train_loss=0.0661 loss_reg=0.0452 val_acc=0.8757 val_nlpd=0.4047 val_ece=0.0187 kl_weight=0.000000 loss_kl_raw=2699372.2500
[eval] adapter_cls=BayesPaperAdapter
[eval] raw_logits_shape=(10, 256, 101)
[eval] reduced_logits_shape=(256, 101)
[Epoch 262] lr=0.003907 train_loss=0.0662 loss_reg=0.0454 val_acc=0.8746 val_nlpd=0.4041 val_ece=0.0202 kl_weight=0.000000 loss_kl_raw=2699325.5000
[eval] adapter_cls=BayesPaperAdapter
[eval] raw_logits_shape=(10, 256, 101)
[eval] reduced_logits_shape=(256, 101)
[Epoch 263] lr=0.003706 train_loss=0.0664 loss_reg=0.0456 val_acc=0.8736 val_nlpd=0.4043 val_ece=0.0194 kl_weight=0.000000 loss_kl_raw=2699273.7500
[eval] adapter_cls=BayesPaperAdapter
[eval] raw_logits_shape=(10, 256, 101)
[eval] reduced_logits_shape=(256, 101)
[Epoch 264] lr=0.003511 train_loss=0.0666 loss_reg=0.0458 val_acc=0.8736 val_nlpd=0.4059 val_ece=0.0189 kl_weight=0.000000 loss_kl_raw=2699225.7500
[eval] adapter_cls=BayesPaperAdapter
[eval] raw_logits_shape=(10, 256, 101)
[eval] reduced_logits_shape=(256, 101)
[Epoch 265] lr=0.003321 train_loss=0.0668 loss_reg=0.0459 val_acc=0.8757 val_nlpd=0.4051 val_ece=0.0200 kl_weight=0.000000 loss_kl_raw=2699179.5000
[eval] adapter_cls=BayesPaperAdapter
[eval] raw_logits_shape=(10, 256, 101)
[eval] reduced_logits_shape=(256, 101)
[Epoch 266] lr=0.003136 train_loss=0.0669 loss_reg=0.0461 val_acc=0.8730 val_nlpd=0.4049 val_ece=0.0194 kl_weight=0.000000 loss_kl_raw=2699128.5000
[eval] adapter_cls=BayesPaperAdapter
[eval] raw_logits_shape=(10, 256, 101)
[eval] reduced_logits_shape=(256, 101)
[Epoch 267] lr=0.002956 train_loss=0.0672 loss_reg=0.0463 val_acc=0.8736 val_nlpd=0.4040 val_ece=0.0191 kl_weight=0.000000 loss_kl_raw=2699077.0000
[eval] adapter_cls=BayesPaperAdapter
[eval] raw_logits_shape=(10, 256, 101)
[eval] reduced_logits_shape=(256, 101)
[Epoch 268] lr=0.002781 train_loss=0.0674 loss_reg=0.0465 val_acc=0.8730 val_nlpd=0.4052 val_ece=0.0221 kl_weight=0.000000 loss_kl_raw=2699022.2500
[eval] adapter_cls=BayesPaperAdapter
[eval] raw_logits_shape=(10, 256, 101)
[eval] reduced_logits_shape=(256, 101)
[Epoch 269] lr=0.002612 train_loss=0.0675 loss_reg=0.0466 val_acc=0.8741 val_nlpd=0.4048 val_ece=0.0189 kl_weight=0.000000 loss_kl_raw=2698974.7500
[eval] adapter_cls=BayesPaperAdapter
[eval] raw_logits_shape=(10, 256, 101)
[eval] reduced_logits_shape=(256, 101)
[Epoch 270] lr=0.002447 train_loss=0.0677 loss_reg=0.0468 val_acc=0.8741 val_nlpd=0.4066 val_ece=0.0185 kl_weight=0.000000 loss_kl_raw=2698925.7500
[eval] adapter_cls=BayesPaperAdapter
[eval] raw_logits_shape=(10, 256, 101)
[eval] reduced_logits_shape=(256, 101)
[Epoch 271] lr=0.002288 train_loss=0.0678 loss_reg=0.0470 val_acc=0.8736 val_nlpd=0.4051 val_ece=0.0178 kl_weight=0.000000 loss_kl_raw=2698875.2500
[eval] adapter_cls=BayesPaperAdapter
[eval] raw_logits_shape=(10, 256, 101)
[eval] reduced_logits_shape=(256, 101)
[Epoch 272] lr=0.002134 train_loss=0.0680 loss_reg=0.0471 val_acc=0.8736 val_nlpd=0.4046 val_ece=0.0183 kl_weight=0.000000 loss_kl_raw=2698833.5000
[eval] adapter_cls=BayesPaperAdapter
[eval] raw_logits_shape=(10, 256, 101)
[eval] reduced_logits_shape=(256, 101)
[Epoch 273] lr=0.001985 train_loss=0.0682 loss_reg=0.0473 val_acc=0.8736 val_nlpd=0.4050 val_ece=0.0197 kl_weight=0.000000 loss_kl_raw=2698792.0000
[eval] adapter_cls=BayesPaperAdapter
[eval] raw_logits_shape=(10, 256, 101)
[eval] reduced_logits_shape=(256, 101)
[Epoch 274] lr=0.001842 train_loss=0.0684 loss_reg=0.0475 val_acc=0.8736 val_nlpd=0.4058 val_ece=0.0197 kl_weight=0.000000 loss_kl_raw=2698748.5000
[eval] adapter_cls=BayesPaperAdapter
[eval] raw_logits_shape=(10, 256, 101)
[eval] reduced_logits_shape=(256, 101)
[Epoch 275] lr=0.001704 train_loss=0.0684 loss_reg=0.0477 val_acc=0.8725 val_nlpd=0.4050 val_ece=0.0195 kl_weight=0.000000 loss_kl_raw=2698711.0000
[eval] adapter_cls=BayesPaperAdapter
[eval] raw_logits_shape=(10, 256, 101)
[eval] reduced_logits_shape=(256, 101)
[Epoch 276] lr=0.001571 train_loss=0.0687 loss_reg=0.0478 val_acc=0.8720 val_nlpd=0.4056 val_ece=0.0204 kl_weight=0.000000 loss_kl_raw=2698681.0000
[eval] adapter_cls=BayesPaperAdapter
[eval] raw_logits_shape=(10, 256, 101)
[eval] reduced_logits_shape=(256, 101)
[Epoch 277] lr=0.001443 train_loss=0.0689 loss_reg=0.0480 val_acc=0.8741 val_nlpd=0.4046 val_ece=0.0209 kl_weight=0.000000 loss_kl_raw=2698649.7500
[eval] adapter_cls=BayesPaperAdapter
[eval] raw_logits_shape=(10, 256, 101)
[eval] reduced_logits_shape=(256, 101)
[Epoch 278] lr=0.001321 train_loss=0.0690 loss_reg=0.0482 val_acc=0.8736 val_nlpd=0.4041 val_ece=0.0179 kl_weight=0.000000 loss_kl_raw=2698619.5000
[eval] adapter_cls=BayesPaperAdapter
[eval] raw_logits_shape=(10, 256, 101)
[eval] reduced_logits_shape=(256, 101)
[Epoch 279] lr=0.001204 train_loss=0.0693 loss_reg=0.0484 val_acc=0.8730 val_nlpd=0.4055 val_ece=0.0181 kl_weight=0.000000 loss_kl_raw=2698586.2500
[eval] adapter_cls=BayesPaperAdapter
[eval] raw_logits_shape=(10, 256, 101)
[eval] reduced_logits_shape=(256, 101)
[Epoch 280] lr=0.001093 train_loss=0.0694 loss_reg=0.0485 val_acc=0.8725 val_nlpd=0.4052 val_ece=0.0200 kl_weight=0.000000 loss_kl_raw=2698559.5000
[eval] adapter_cls=BayesPaperAdapter
[eval] raw_logits_shape=(10, 256, 101)
[eval] reduced_logits_shape=(256, 101)
[Epoch 281] lr=0.000986 train_loss=0.0696 loss_reg=0.0487 val_acc=0.8730 val_nlpd=0.4034 val_ece=0.0218 kl_weight=0.000000 loss_kl_raw=2698533.7500
[eval] adapter_cls=BayesPaperAdapter
[eval] raw_logits_shape=(10, 256, 101)
[eval] reduced_logits_shape=(256, 101)
[Epoch 282] lr=0.000886 train_loss=0.0698 loss_reg=0.0489 val_acc=0.8725 val_nlpd=0.4055 val_ece=0.0214 kl_weight=0.000000 loss_kl_raw=2698511.5000
[eval] adapter_cls=BayesPaperAdapter
[eval] raw_logits_shape=(10, 256, 101)
[eval] reduced_logits_shape=(256, 101)
[Epoch 283] lr=0.000790 train_loss=0.0699 loss_reg=0.0491 val_acc=0.8736 val_nlpd=0.4041 val_ece=0.0195 kl_weight=0.000000 loss_kl_raw=2698492.5000
[eval] adapter_cls=BayesPaperAdapter
[eval] raw_logits_shape=(10, 256, 101)
[eval] reduced_logits_shape=(256, 101)
[Epoch 284] lr=0.000700 train_loss=0.0700 loss_reg=0.0492 val_acc=0.8751 val_nlpd=0.4048 val_ece=0.0182 kl_weight=0.000000 loss_kl_raw=2698471.5000
[eval] adapter_cls=BayesPaperAdapter
[eval] raw_logits_shape=(10, 256, 101)
[eval] reduced_logits_shape=(256, 101)
[Epoch 285] lr=0.000616 train_loss=0.0703 loss_reg=0.0494 val_acc=0.8741 val_nlpd=0.4047 val_ece=0.0204 kl_weight=0.000000 loss_kl_raw=2698453.5000
[eval] adapter_cls=BayesPaperAdapter
[eval] raw_logits_shape=(10, 256, 101)
[eval] reduced_logits_shape=(256, 101)
[Epoch 286] lr=0.000536 train_loss=0.0704 loss_reg=0.0496 val_acc=0.8730 val_nlpd=0.4051 val_ece=0.0220 kl_weight=0.000000 loss_kl_raw=2698439.0000
[eval] adapter_cls=BayesPaperAdapter
[eval] raw_logits_shape=(10, 256, 101)
[eval] reduced_logits_shape=(256, 101)
[Epoch 287] lr=0.000463 train_loss=0.0706 loss_reg=0.0497 val_acc=0.8741 val_nlpd=0.4050 val_ece=0.0180 kl_weight=0.000000 loss_kl_raw=2698425.0000
[eval] adapter_cls=BayesPaperAdapter
[eval] raw_logits_shape=(10, 256, 101)
[eval] reduced_logits_shape=(256, 101)
[Epoch 288] lr=0.000394 train_loss=0.0706 loss_reg=0.0499 val_acc=0.8741 val_nlpd=0.4054 val_ece=0.0186 kl_weight=0.000000 loss_kl_raw=2698413.0000
[eval] adapter_cls=BayesPaperAdapter
[eval] raw_logits_shape=(10, 256, 101)
[eval] reduced_logits_shape=(256, 101)
[Epoch 289] lr=0.000331 train_loss=0.0709 loss_reg=0.0501 val_acc=0.8741 val_nlpd=0.4051 val_ece=0.0194 kl_weight=0.000000 loss_kl_raw=2698401.5000
[eval] adapter_cls=BayesPaperAdapter
[eval] raw_logits_shape=(10, 256, 101)
[eval] reduced_logits_shape=(256, 101)
[Epoch 290] lr=0.000274 train_loss=0.0711 loss_reg=0.0503 val_acc=0.8736 val_nlpd=0.4050 val_ece=0.0175 kl_weight=0.000000 loss_kl_raw=2698392.5000
[eval] adapter_cls=BayesPaperAdapter
[eval] raw_logits_shape=(10, 256, 101)
[eval] reduced_logits_shape=(256, 101)
[Epoch 291] lr=0.000222 train_loss=0.0714 loss_reg=0.0504 val_acc=0.8741 val_nlpd=0.4045 val_ece=0.0188 kl_weight=0.000000 loss_kl_raw=2698385.0000
[eval] adapter_cls=BayesPaperAdapter
[eval] raw_logits_shape=(10, 256, 101)
[eval] reduced_logits_shape=(256, 101)
[Epoch 292] lr=0.000175 train_loss=0.0715 loss_reg=0.0506 val_acc=0.8725 val_nlpd=0.4054 val_ece=0.0196 kl_weight=0.000000 loss_kl_raw=2698378.5000
[eval] adapter_cls=BayesPaperAdapter
[eval] raw_logits_shape=(10, 256, 101)
[eval] reduced_logits_shape=(256, 101)
[Epoch 293] lr=0.000134 train_loss=0.0717 loss_reg=0.0508 val_acc=0.8725 val_nlpd=0.4050 val_ece=0.0185 kl_weight=0.000000 loss_kl_raw=2698373.2500
[eval] adapter_cls=BayesPaperAdapter
[eval] raw_logits_shape=(10, 256, 101)
[eval] reduced_logits_shape=(256, 101)
[Epoch 294] lr=0.000099 train_loss=0.0718 loss_reg=0.0510 val_acc=0.8736 val_nlpd=0.4049 val_ece=0.0181 kl_weight=0.000000 loss_kl_raw=2698369.0000
[eval] adapter_cls=BayesPaperAdapter
[eval] raw_logits_shape=(10, 256, 101)
[eval] reduced_logits_shape=(256, 101)
[Epoch 295] lr=0.000069 train_loss=0.0719 loss_reg=0.0511 val_acc=0.8746 val_nlpd=0.4040 val_ece=0.0185 kl_weight=0.000000 loss_kl_raw=2698366.0000
[eval] adapter_cls=BayesPaperAdapter
[eval] raw_logits_shape=(10, 256, 101)
[eval] reduced_logits_shape=(256, 101)
[Epoch 296] lr=0.000044 train_loss=0.0721 loss_reg=0.0513 val_acc=0.8746 val_nlpd=0.4036 val_ece=0.0165 kl_weight=0.000000 loss_kl_raw=2698364.0000
[eval] adapter_cls=BayesPaperAdapter
[eval] raw_logits_shape=(10, 256, 101)
[eval] reduced_logits_shape=(256, 101)
[Epoch 297] lr=0.000025 train_loss=0.0723 loss_reg=0.0515 val_acc=0.8741 val_nlpd=0.4050 val_ece=0.0197 kl_weight=0.000000 loss_kl_raw=2698363.0000
[eval] adapter_cls=BayesPaperAdapter
[eval] raw_logits_shape=(10, 256, 101)
[eval] reduced_logits_shape=(256, 101)
[Epoch 298] lr=0.000011 train_loss=0.0725 loss_reg=0.0517 val_acc=0.8736 val_nlpd=0.4054 val_ece=0.0187 kl_weight=0.000000 loss_kl_raw=2698362.5000
[eval] adapter_cls=BayesPaperAdapter
[eval] raw_logits_shape=(10, 256, 101)
[eval] reduced_logits_shape=(256, 101)
[Epoch 299] lr=0.000003 train_loss=0.0727 loss_reg=0.0518 val_acc=0.8736 val_nlpd=0.4043 val_ece=0.0210 kl_weight=0.000000 loss_kl_raw=2698362.5000
[eval] adapter_cls=BayesPaperAdapter
[eval] raw_logits_shape=(10, 256, 101)
[eval] reduced_logits_shape=(256, 101)
[Epoch 300] lr=0.000000 train_loss=0.0730 loss_reg=0.0520 val_acc=0.8736 val_nlpd=0.4038 val_ece=0.0177 kl_weight=0.000000 loss_kl_raw=2698362.5000
[done] training complete:
{
  "family": "vlm_adapter",
  "variant": "BAYESADAPTER",
  "protocol": "id",
  "dataset": "ucf101",
  "seed": 3,
  "model_selection": "last",
  "selection_metric": "acc",
  "selection_mode": "max",
  "best_epoch": 212,
  "best_val_metrics_saved": {
    "loss": 0.4051921613223937,
    "acc": 0.8756585717201233,
    "nlpd": 0.40424612164497375,
    "ece": 0.0185728520154953,
    "aece": 0.016150094089819583,
    "raw_cov_99": 0.44731295108795166,
    "sel_acc_99": 0.9988221526145935,
    "reliable_99": 1.0,
    "cov_99": 0.44731295108795166,
    "class_cov_99": 0.9306930693069307,
    "raw_cov_95": 0.6401475071907043,
    "sel_acc_95": 0.9876543283462524,
    "reliable_95": 1.0,
    "cov_95": 0.6401475071907043,
    "class_cov_95": 0.9900990099009901,
    "raw_cov_90": 0.7165437340736389,
    "sel_acc_90": 0.9764705896377563,
    "reliable_90": 1.0,
    "cov_90": 0.7165437340736389,
    "class_cov_90": 1.0,
    "raw_cov_85": 0.7660695314407349,
    "sel_acc_85": 0.9697386622428894,
    "reliable_85": 1.0,
    "cov_85": 0.7660695314407349,
    "class_cov_85": 1.0,
    "raw_cov_80": 0.8045310974121094,
    "sel_acc_80": 0.9620169997215271,
    "reliable_80": 1.0,
    "cov_80": 0.8045310974121094,
    "class_cov_80": 1.0
  },
  "last_epoch": 300,
  "last_val_metrics_saved": {
    "loss": 0.40479872462872585,
    "acc": 0.8735511302947998,
    "nlpd": 0.40383389592170715,
    "ece": 0.017735175788402557,
    "aece": 0.01824871908374782,
    "raw_cov_99": 0.45047417283058167,
    "sel_acc_99": 0.9988304376602173,
    "reliable_99": 1.0,
    "cov_99": 0.45047417283058167,
    "class_cov_99": 0.9306930693069307,
    "raw_cov_95": 0.6396206617355347,
    "sel_acc_95": 0.9876441359519958,
    "reliable_95": 1.0,
    "cov_95": 0.6396206617355347,
    "class_cov_95": 0.9900990099009901,
    "raw_cov_90": 0.717597484588623,
    "sel_acc_90": 0.9772393703460693,
    "reliable_90": 1.0,
    "cov_90": 0.717597484588623,
    "class_cov_90": 1.0,
    "raw_cov_85": 0.7639620900154114,
    "sel_acc_85": 0.9703448414802551,
    "reliable_85": 1.0,
    "cov_85": 0.7639620900154114,
    "class_cov_85": 1.0,
    "raw_cov_80": 0.8040041923522949,
    "sel_acc_80": 0.9619921445846558,
    "reliable_80": 1.0,
    "cov_80": 0.8040041923522949,
    "class_cov_80": 1.0
  },
  "run_dir": "/root/autodl-tmp/BayesVLM/output/vlm_adapter/id/ucf101/BAYESADAPTER/BAYESADAPTER/logit_scale_frozen/prior_text_only__seed_3__last/shot_16/seed_3",
  "elapsed_seconds": 39.07,
  "artifacts": {
    "log_file": "train/train.log",
    "config_file": "config/config.json",
    "class_names_file": "config/class_names.json",
    "metrics_csv_file": "train/metrics_history.csv",
    "best_ckpt_file": "checkpoints/best_adapter.pt",
    "last_ckpt_file": "checkpoints/last_adapter.pt"
  }
}
